[2025-05-19T15:47:57.601+0000] {processor.py:186} INFO - Started process (PID=55) to work on /home/airflow/.local/lib/python3.12/site-packages/airflow/example_dags/example_inlet_event_extra.py
[2025-05-19T15:47:57.602+0000] {processor.py:914} INFO - Processing file /home/airflow/.local/lib/python3.12/site-packages/airflow/example_dags/example_inlet_event_extra.py for tasks to queue
[2025-05-19T15:47:57.604+0000] {logging_mixin.py:190} INFO - [2025-05-19T15:47:57.603+0000] {dagbag.py:588} INFO - Filling up the DagBag from /home/airflow/.local/lib/python3.12/site-packages/airflow/example_dags/example_inlet_event_extra.py
[2025-05-19T15:47:57.917+0000] {processor.py:925} INFO - DAG(s) 'read_dataset_event', 'read_dataset_event_from_classic' retrieved from /home/airflow/.local/lib/python3.12/site-packages/airflow/example_dags/example_inlet_event_extra.py
[2025-05-19T15:47:57.961+0000] {logging_mixin.py:190} INFO - [2025-05-19T15:47:57.961+0000] {override.py:1912} INFO - Created Permission View: can delete on DAG:read_dataset_event
[2025-05-19T15:47:57.966+0000] {logging_mixin.py:190} INFO - [2025-05-19T15:47:57.966+0000] {override.py:1912} INFO - Created Permission View: can read on DAG:read_dataset_event
[2025-05-19T15:47:57.969+0000] {logging_mixin.py:190} INFO - [2025-05-19T15:47:57.969+0000] {override.py:1912} INFO - Created Permission View: can edit on DAG:read_dataset_event
[2025-05-19T15:47:57.972+0000] {logging_mixin.py:190} INFO - [2025-05-19T15:47:57.971+0000] {override.py:1912} INFO - Created Permission View: menu access on DAG Run:read_dataset_event
[2025-05-19T15:47:57.974+0000] {logging_mixin.py:190} INFO - [2025-05-19T15:47:57.974+0000] {override.py:1912} INFO - Created Permission View: can create on DAG Run:read_dataset_event
[2025-05-19T15:47:57.977+0000] {logging_mixin.py:190} INFO - [2025-05-19T15:47:57.977+0000] {override.py:1912} INFO - Created Permission View: can delete on DAG Run:read_dataset_event
[2025-05-19T15:47:57.979+0000] {logging_mixin.py:190} INFO - [2025-05-19T15:47:57.979+0000] {override.py:1912} INFO - Created Permission View: can read on DAG Run:read_dataset_event
[2025-05-19T15:47:57.986+0000] {logging_mixin.py:190} INFO - [2025-05-19T15:47:57.986+0000] {override.py:1912} INFO - Created Permission View: can delete on DAG:read_dataset_event_from_classic
[2025-05-19T15:47:57.989+0000] {logging_mixin.py:190} INFO - [2025-05-19T15:47:57.989+0000] {override.py:1912} INFO - Created Permission View: can read on DAG:read_dataset_event_from_classic
[2025-05-19T15:47:57.992+0000] {logging_mixin.py:190} INFO - [2025-05-19T15:47:57.991+0000] {override.py:1912} INFO - Created Permission View: can edit on DAG:read_dataset_event_from_classic
[2025-05-19T15:47:57.996+0000] {logging_mixin.py:190} INFO - [2025-05-19T15:47:57.996+0000] {override.py:1912} INFO - Created Permission View: menu access on DAG Run:read_dataset_event_from_classic
[2025-05-19T15:47:57.999+0000] {logging_mixin.py:190} INFO - [2025-05-19T15:47:57.999+0000] {override.py:1912} INFO - Created Permission View: can create on DAG Run:read_dataset_event_from_classic
[2025-05-19T15:47:58.002+0000] {logging_mixin.py:190} INFO - [2025-05-19T15:47:58.001+0000] {override.py:1912} INFO - Created Permission View: can delete on DAG Run:read_dataset_event_from_classic
[2025-05-19T15:47:58.005+0000] {logging_mixin.py:190} INFO - [2025-05-19T15:47:58.005+0000] {override.py:1912} INFO - Created Permission View: can read on DAG Run:read_dataset_event_from_classic
[2025-05-19T15:47:58.005+0000] {logging_mixin.py:190} INFO - [2025-05-19T15:47:58.005+0000] {dag.py:3239} INFO - Sync 2 DAGs
[2025-05-19T15:47:58.012+0000] {logging_mixin.py:190} INFO - [2025-05-19T15:47:58.012+0000] {dag.py:3262} INFO - Creating ORM DAG for read_dataset_event_from_classic
[2025-05-19T15:47:58.013+0000] {logging_mixin.py:190} INFO - [2025-05-19T15:47:58.013+0000] {dag.py:3262} INFO - Creating ORM DAG for read_dataset_event
[2025-05-19T15:47:58.018+0000] {logging_mixin.py:190} INFO - [2025-05-19T15:47:58.018+0000] {dag.py:4180} INFO - Setting next_dagrun for read_dataset_event to 2025-05-18 00:00:00+00:00, run_after=2025-05-19 00:00:00+00:00
[2025-05-19T15:47:58.020+0000] {logging_mixin.py:190} INFO - [2025-05-19T15:47:58.020+0000] {dag.py:4180} INFO - Setting next_dagrun for read_dataset_event_from_classic to 2025-05-18 00:00:00+00:00, run_after=2025-05-19 00:00:00+00:00
[2025-05-19T15:47:58.030+0000] {processor.py:208} INFO - Processing /home/airflow/.local/lib/python3.12/site-packages/airflow/example_dags/example_inlet_event_extra.py took 0.433 seconds
[2025-05-19T15:48:28.065+0000] {processor.py:186} INFO - Started process (PID=112) to work on /home/airflow/.local/lib/python3.12/site-packages/airflow/example_dags/example_inlet_event_extra.py
[2025-05-19T15:48:28.066+0000] {processor.py:914} INFO - Processing file /home/airflow/.local/lib/python3.12/site-packages/airflow/example_dags/example_inlet_event_extra.py for tasks to queue
[2025-05-19T15:48:28.068+0000] {logging_mixin.py:190} INFO - [2025-05-19T15:48:28.067+0000] {dagbag.py:588} INFO - Filling up the DagBag from /home/airflow/.local/lib/python3.12/site-packages/airflow/example_dags/example_inlet_event_extra.py
[2025-05-19T15:48:28.349+0000] {processor.py:925} INFO - DAG(s) 'read_dataset_event', 'read_dataset_event_from_classic' retrieved from /home/airflow/.local/lib/python3.12/site-packages/airflow/example_dags/example_inlet_event_extra.py
[2025-05-19T15:48:28.358+0000] {logging_mixin.py:190} INFO - [2025-05-19T15:48:28.358+0000] {dag.py:3239} INFO - Sync 2 DAGs
[2025-05-19T15:48:28.367+0000] {logging_mixin.py:190} INFO - [2025-05-19T15:48:28.367+0000] {dag.py:4180} INFO - Setting next_dagrun for read_dataset_event to 2025-05-18 00:00:00+00:00, run_after=2025-05-19 00:00:00+00:00
[2025-05-19T15:48:28.370+0000] {logging_mixin.py:190} INFO - [2025-05-19T15:48:28.370+0000] {dag.py:4180} INFO - Setting next_dagrun for read_dataset_event_from_classic to 2025-05-18 00:00:00+00:00, run_after=2025-05-19 00:00:00+00:00
[2025-05-19T15:48:28.377+0000] {processor.py:208} INFO - Processing /home/airflow/.local/lib/python3.12/site-packages/airflow/example_dags/example_inlet_event_extra.py took 0.315 seconds
[2025-05-19T15:48:58.903+0000] {processor.py:186} INFO - Started process (PID=171) to work on /home/airflow/.local/lib/python3.12/site-packages/airflow/example_dags/example_inlet_event_extra.py
[2025-05-19T15:48:58.907+0000] {processor.py:914} INFO - Processing file /home/airflow/.local/lib/python3.12/site-packages/airflow/example_dags/example_inlet_event_extra.py for tasks to queue
[2025-05-19T15:48:58.909+0000] {logging_mixin.py:190} INFO - [2025-05-19T15:48:58.909+0000] {dagbag.py:588} INFO - Filling up the DagBag from /home/airflow/.local/lib/python3.12/site-packages/airflow/example_dags/example_inlet_event_extra.py
[2025-05-19T15:48:59.203+0000] {processor.py:925} INFO - DAG(s) 'read_dataset_event', 'read_dataset_event_from_classic' retrieved from /home/airflow/.local/lib/python3.12/site-packages/airflow/example_dags/example_inlet_event_extra.py
[2025-05-19T15:48:59.222+0000] {logging_mixin.py:190} INFO - [2025-05-19T15:48:59.222+0000] {dag.py:3239} INFO - Sync 2 DAGs
[2025-05-19T15:48:59.238+0000] {logging_mixin.py:190} INFO - [2025-05-19T15:48:59.238+0000] {dag.py:4180} INFO - Setting next_dagrun for read_dataset_event to 2025-05-18 00:00:00+00:00, run_after=2025-05-19 00:00:00+00:00
[2025-05-19T15:48:59.240+0000] {logging_mixin.py:190} INFO - [2025-05-19T15:48:59.240+0000] {dag.py:4180} INFO - Setting next_dagrun for read_dataset_event_from_classic to 2025-05-18 00:00:00+00:00, run_after=2025-05-19 00:00:00+00:00
[2025-05-19T15:48:59.249+0000] {processor.py:208} INFO - Processing /home/airflow/.local/lib/python3.12/site-packages/airflow/example_dags/example_inlet_event_extra.py took 0.349 seconds
[2025-05-19T15:49:29.660+0000] {processor.py:186} INFO - Started process (PID=228) to work on /home/airflow/.local/lib/python3.12/site-packages/airflow/example_dags/example_inlet_event_extra.py
[2025-05-19T15:49:29.664+0000] {processor.py:914} INFO - Processing file /home/airflow/.local/lib/python3.12/site-packages/airflow/example_dags/example_inlet_event_extra.py for tasks to queue
[2025-05-19T15:49:29.666+0000] {logging_mixin.py:190} INFO - [2025-05-19T15:49:29.665+0000] {dagbag.py:588} INFO - Filling up the DagBag from /home/airflow/.local/lib/python3.12/site-packages/airflow/example_dags/example_inlet_event_extra.py
[2025-05-19T15:49:29.963+0000] {processor.py:925} INFO - DAG(s) 'read_dataset_event', 'read_dataset_event_from_classic' retrieved from /home/airflow/.local/lib/python3.12/site-packages/airflow/example_dags/example_inlet_event_extra.py
[2025-05-19T15:49:29.975+0000] {logging_mixin.py:190} INFO - [2025-05-19T15:49:29.975+0000] {dag.py:3239} INFO - Sync 2 DAGs
[2025-05-19T15:49:29.987+0000] {logging_mixin.py:190} INFO - [2025-05-19T15:49:29.987+0000] {dag.py:4180} INFO - Setting next_dagrun for read_dataset_event to 2025-05-18 00:00:00+00:00, run_after=2025-05-19 00:00:00+00:00
[2025-05-19T15:49:29.989+0000] {logging_mixin.py:190} INFO - [2025-05-19T15:49:29.989+0000] {dag.py:4180} INFO - Setting next_dagrun for read_dataset_event_from_classic to 2025-05-18 00:00:00+00:00, run_after=2025-05-19 00:00:00+00:00
[2025-05-19T15:49:29.997+0000] {processor.py:208} INFO - Processing /home/airflow/.local/lib/python3.12/site-packages/airflow/example_dags/example_inlet_event_extra.py took 0.340 seconds
[2025-05-19T15:50:00.618+0000] {processor.py:186} INFO - Started process (PID=285) to work on /home/airflow/.local/lib/python3.12/site-packages/airflow/example_dags/example_inlet_event_extra.py
[2025-05-19T15:50:00.618+0000] {processor.py:914} INFO - Processing file /home/airflow/.local/lib/python3.12/site-packages/airflow/example_dags/example_inlet_event_extra.py for tasks to queue
[2025-05-19T15:50:00.620+0000] {logging_mixin.py:190} INFO - [2025-05-19T15:50:00.620+0000] {dagbag.py:588} INFO - Filling up the DagBag from /home/airflow/.local/lib/python3.12/site-packages/airflow/example_dags/example_inlet_event_extra.py
[2025-05-19T15:50:00.913+0000] {processor.py:925} INFO - DAG(s) 'read_dataset_event', 'read_dataset_event_from_classic' retrieved from /home/airflow/.local/lib/python3.12/site-packages/airflow/example_dags/example_inlet_event_extra.py
[2025-05-19T15:50:00.923+0000] {logging_mixin.py:190} INFO - [2025-05-19T15:50:00.923+0000] {dag.py:3239} INFO - Sync 2 DAGs
[2025-05-19T15:50:00.934+0000] {logging_mixin.py:190} INFO - [2025-05-19T15:50:00.934+0000] {dag.py:4180} INFO - Setting next_dagrun for read_dataset_event to 2025-05-18 00:00:00+00:00, run_after=2025-05-19 00:00:00+00:00
[2025-05-19T15:50:00.936+0000] {logging_mixin.py:190} INFO - [2025-05-19T15:50:00.936+0000] {dag.py:4180} INFO - Setting next_dagrun for read_dataset_event_from_classic to 2025-05-18 00:00:00+00:00, run_after=2025-05-19 00:00:00+00:00
[2025-05-19T15:50:00.944+0000] {processor.py:208} INFO - Processing /home/airflow/.local/lib/python3.12/site-packages/airflow/example_dags/example_inlet_event_extra.py took 0.330 seconds
[2025-05-19T15:50:31.305+0000] {processor.py:186} INFO - Started process (PID=342) to work on /home/airflow/.local/lib/python3.12/site-packages/airflow/example_dags/example_inlet_event_extra.py
[2025-05-19T15:50:31.306+0000] {processor.py:914} INFO - Processing file /home/airflow/.local/lib/python3.12/site-packages/airflow/example_dags/example_inlet_event_extra.py for tasks to queue
[2025-05-19T15:50:31.308+0000] {logging_mixin.py:190} INFO - [2025-05-19T15:50:31.308+0000] {dagbag.py:588} INFO - Filling up the DagBag from /home/airflow/.local/lib/python3.12/site-packages/airflow/example_dags/example_inlet_event_extra.py
[2025-05-19T15:50:31.586+0000] {processor.py:925} INFO - DAG(s) 'read_dataset_event', 'read_dataset_event_from_classic' retrieved from /home/airflow/.local/lib/python3.12/site-packages/airflow/example_dags/example_inlet_event_extra.py
[2025-05-19T15:50:31.604+0000] {logging_mixin.py:190} INFO - [2025-05-19T15:50:31.604+0000] {dag.py:3239} INFO - Sync 2 DAGs
[2025-05-19T15:50:31.615+0000] {logging_mixin.py:190} INFO - [2025-05-19T15:50:31.615+0000] {dag.py:4180} INFO - Setting next_dagrun for read_dataset_event to 2025-05-18 00:00:00+00:00, run_after=2025-05-19 00:00:00+00:00
[2025-05-19T15:50:31.617+0000] {logging_mixin.py:190} INFO - [2025-05-19T15:50:31.617+0000] {dag.py:4180} INFO - Setting next_dagrun for read_dataset_event_from_classic to 2025-05-18 00:00:00+00:00, run_after=2025-05-19 00:00:00+00:00
[2025-05-19T15:50:31.625+0000] {processor.py:208} INFO - Processing /home/airflow/.local/lib/python3.12/site-packages/airflow/example_dags/example_inlet_event_extra.py took 0.323 seconds
[2025-05-19T15:51:01.972+0000] {processor.py:186} INFO - Started process (PID=399) to work on /home/airflow/.local/lib/python3.12/site-packages/airflow/example_dags/example_inlet_event_extra.py
[2025-05-19T15:51:01.973+0000] {processor.py:914} INFO - Processing file /home/airflow/.local/lib/python3.12/site-packages/airflow/example_dags/example_inlet_event_extra.py for tasks to queue
[2025-05-19T15:51:01.974+0000] {logging_mixin.py:190} INFO - [2025-05-19T15:51:01.973+0000] {dagbag.py:588} INFO - Filling up the DagBag from /home/airflow/.local/lib/python3.12/site-packages/airflow/example_dags/example_inlet_event_extra.py
[2025-05-19T15:51:02.245+0000] {processor.py:925} INFO - DAG(s) 'read_dataset_event_from_classic', 'read_dataset_event' retrieved from /home/airflow/.local/lib/python3.12/site-packages/airflow/example_dags/example_inlet_event_extra.py
[2025-05-19T15:51:02.254+0000] {logging_mixin.py:190} INFO - [2025-05-19T15:51:02.254+0000] {dag.py:3239} INFO - Sync 2 DAGs
[2025-05-19T15:51:02.264+0000] {logging_mixin.py:190} INFO - [2025-05-19T15:51:02.263+0000] {dag.py:4180} INFO - Setting next_dagrun for read_dataset_event to 2025-05-18 00:00:00+00:00, run_after=2025-05-19 00:00:00+00:00
[2025-05-19T15:51:02.266+0000] {logging_mixin.py:190} INFO - [2025-05-19T15:51:02.266+0000] {dag.py:4180} INFO - Setting next_dagrun for read_dataset_event_from_classic to 2025-05-18 00:00:00+00:00, run_after=2025-05-19 00:00:00+00:00
[2025-05-19T15:51:02.272+0000] {processor.py:208} INFO - Processing /home/airflow/.local/lib/python3.12/site-packages/airflow/example_dags/example_inlet_event_extra.py took 0.304 seconds
[2025-05-19T15:51:32.465+0000] {processor.py:186} INFO - Started process (PID=455) to work on /home/airflow/.local/lib/python3.12/site-packages/airflow/example_dags/example_inlet_event_extra.py
[2025-05-19T15:51:32.465+0000] {processor.py:914} INFO - Processing file /home/airflow/.local/lib/python3.12/site-packages/airflow/example_dags/example_inlet_event_extra.py for tasks to queue
[2025-05-19T15:51:32.467+0000] {logging_mixin.py:190} INFO - [2025-05-19T15:51:32.466+0000] {dagbag.py:588} INFO - Filling up the DagBag from /home/airflow/.local/lib/python3.12/site-packages/airflow/example_dags/example_inlet_event_extra.py
[2025-05-19T15:51:32.722+0000] {processor.py:925} INFO - DAG(s) 'read_dataset_event', 'read_dataset_event_from_classic' retrieved from /home/airflow/.local/lib/python3.12/site-packages/airflow/example_dags/example_inlet_event_extra.py
[2025-05-19T15:51:32.731+0000] {logging_mixin.py:190} INFO - [2025-05-19T15:51:32.731+0000] {dag.py:3239} INFO - Sync 2 DAGs
[2025-05-19T15:51:32.740+0000] {logging_mixin.py:190} INFO - [2025-05-19T15:51:32.740+0000] {dag.py:4180} INFO - Setting next_dagrun for read_dataset_event to 2025-05-18 00:00:00+00:00, run_after=2025-05-19 00:00:00+00:00
[2025-05-19T15:51:32.742+0000] {logging_mixin.py:190} INFO - [2025-05-19T15:51:32.741+0000] {dag.py:4180} INFO - Setting next_dagrun for read_dataset_event_from_classic to 2025-05-18 00:00:00+00:00, run_after=2025-05-19 00:00:00+00:00
[2025-05-19T15:51:32.748+0000] {processor.py:208} INFO - Processing /home/airflow/.local/lib/python3.12/site-packages/airflow/example_dags/example_inlet_event_extra.py took 0.286 seconds
[2025-05-19T15:52:03.212+0000] {processor.py:186} INFO - Started process (PID=512) to work on /home/airflow/.local/lib/python3.12/site-packages/airflow/example_dags/example_inlet_event_extra.py
[2025-05-19T15:52:03.212+0000] {processor.py:914} INFO - Processing file /home/airflow/.local/lib/python3.12/site-packages/airflow/example_dags/example_inlet_event_extra.py for tasks to queue
[2025-05-19T15:52:03.214+0000] {logging_mixin.py:190} INFO - [2025-05-19T15:52:03.214+0000] {dagbag.py:588} INFO - Filling up the DagBag from /home/airflow/.local/lib/python3.12/site-packages/airflow/example_dags/example_inlet_event_extra.py
[2025-05-19T15:52:03.522+0000] {processor.py:925} INFO - DAG(s) 'read_dataset_event_from_classic', 'read_dataset_event' retrieved from /home/airflow/.local/lib/python3.12/site-packages/airflow/example_dags/example_inlet_event_extra.py
[2025-05-19T15:52:03.539+0000] {logging_mixin.py:190} INFO - [2025-05-19T15:52:03.538+0000] {dag.py:3239} INFO - Sync 2 DAGs
[2025-05-19T15:52:03.554+0000] {logging_mixin.py:190} INFO - [2025-05-19T15:52:03.554+0000] {dag.py:4180} INFO - Setting next_dagrun for read_dataset_event to 2025-05-18 00:00:00+00:00, run_after=2025-05-19 00:00:00+00:00
[2025-05-19T15:52:03.558+0000] {logging_mixin.py:190} INFO - [2025-05-19T15:52:03.558+0000] {dag.py:4180} INFO - Setting next_dagrun for read_dataset_event_from_classic to 2025-05-18 00:00:00+00:00, run_after=2025-05-19 00:00:00+00:00
[2025-05-19T15:52:03.569+0000] {processor.py:208} INFO - Processing /home/airflow/.local/lib/python3.12/site-packages/airflow/example_dags/example_inlet_event_extra.py took 0.361 seconds
[2025-05-19T15:52:34.237+0000] {processor.py:186} INFO - Started process (PID=568) to work on /home/airflow/.local/lib/python3.12/site-packages/airflow/example_dags/example_inlet_event_extra.py
[2025-05-19T15:52:34.237+0000] {processor.py:914} INFO - Processing file /home/airflow/.local/lib/python3.12/site-packages/airflow/example_dags/example_inlet_event_extra.py for tasks to queue
[2025-05-19T15:52:34.238+0000] {logging_mixin.py:190} INFO - [2025-05-19T15:52:34.238+0000] {dagbag.py:588} INFO - Filling up the DagBag from /home/airflow/.local/lib/python3.12/site-packages/airflow/example_dags/example_inlet_event_extra.py
[2025-05-19T15:52:34.536+0000] {processor.py:925} INFO - DAG(s) 'read_dataset_event_from_classic', 'read_dataset_event' retrieved from /home/airflow/.local/lib/python3.12/site-packages/airflow/example_dags/example_inlet_event_extra.py
[2025-05-19T15:52:34.548+0000] {logging_mixin.py:190} INFO - [2025-05-19T15:52:34.548+0000] {dag.py:3239} INFO - Sync 2 DAGs
[2025-05-19T15:52:34.558+0000] {logging_mixin.py:190} INFO - [2025-05-19T15:52:34.558+0000] {dag.py:4180} INFO - Setting next_dagrun for read_dataset_event to 2025-05-18 00:00:00+00:00, run_after=2025-05-19 00:00:00+00:00
[2025-05-19T15:52:34.561+0000] {logging_mixin.py:190} INFO - [2025-05-19T15:52:34.560+0000] {dag.py:4180} INFO - Setting next_dagrun for read_dataset_event_from_classic to 2025-05-18 00:00:00+00:00, run_after=2025-05-19 00:00:00+00:00
[2025-05-19T15:52:34.568+0000] {processor.py:208} INFO - Processing /home/airflow/.local/lib/python3.12/site-packages/airflow/example_dags/example_inlet_event_extra.py took 0.335 seconds
[2025-05-19T15:53:04.786+0000] {processor.py:186} INFO - Started process (PID=625) to work on /home/airflow/.local/lib/python3.12/site-packages/airflow/example_dags/example_inlet_event_extra.py
[2025-05-19T15:53:04.787+0000] {processor.py:914} INFO - Processing file /home/airflow/.local/lib/python3.12/site-packages/airflow/example_dags/example_inlet_event_extra.py for tasks to queue
[2025-05-19T15:53:04.788+0000] {logging_mixin.py:190} INFO - [2025-05-19T15:53:04.788+0000] {dagbag.py:588} INFO - Filling up the DagBag from /home/airflow/.local/lib/python3.12/site-packages/airflow/example_dags/example_inlet_event_extra.py
[2025-05-19T15:53:05.092+0000] {processor.py:925} INFO - DAG(s) 'read_dataset_event', 'read_dataset_event_from_classic' retrieved from /home/airflow/.local/lib/python3.12/site-packages/airflow/example_dags/example_inlet_event_extra.py
[2025-05-19T15:53:05.110+0000] {logging_mixin.py:190} INFO - [2025-05-19T15:53:05.110+0000] {dag.py:3239} INFO - Sync 2 DAGs
[2025-05-19T15:53:05.124+0000] {logging_mixin.py:190} INFO - [2025-05-19T15:53:05.123+0000] {dag.py:4180} INFO - Setting next_dagrun for read_dataset_event to 2025-05-18 00:00:00+00:00, run_after=2025-05-19 00:00:00+00:00
[2025-05-19T15:53:05.126+0000] {logging_mixin.py:190} INFO - [2025-05-19T15:53:05.126+0000] {dag.py:4180} INFO - Setting next_dagrun for read_dataset_event_from_classic to 2025-05-18 00:00:00+00:00, run_after=2025-05-19 00:00:00+00:00
[2025-05-19T15:53:05.135+0000] {processor.py:208} INFO - Processing /home/airflow/.local/lib/python3.12/site-packages/airflow/example_dags/example_inlet_event_extra.py took 0.352 seconds
[2025-05-19T15:53:35.470+0000] {processor.py:186} INFO - Started process (PID=682) to work on /home/airflow/.local/lib/python3.12/site-packages/airflow/example_dags/example_inlet_event_extra.py
[2025-05-19T15:53:35.471+0000] {processor.py:914} INFO - Processing file /home/airflow/.local/lib/python3.12/site-packages/airflow/example_dags/example_inlet_event_extra.py for tasks to queue
[2025-05-19T15:53:35.473+0000] {logging_mixin.py:190} INFO - [2025-05-19T15:53:35.473+0000] {dagbag.py:588} INFO - Filling up the DagBag from /home/airflow/.local/lib/python3.12/site-packages/airflow/example_dags/example_inlet_event_extra.py
[2025-05-19T15:53:35.775+0000] {processor.py:925} INFO - DAG(s) 'read_dataset_event', 'read_dataset_event_from_classic' retrieved from /home/airflow/.local/lib/python3.12/site-packages/airflow/example_dags/example_inlet_event_extra.py
[2025-05-19T15:53:35.786+0000] {logging_mixin.py:190} INFO - [2025-05-19T15:53:35.786+0000] {dag.py:3239} INFO - Sync 2 DAGs
[2025-05-19T15:53:35.797+0000] {logging_mixin.py:190} INFO - [2025-05-19T15:53:35.797+0000] {dag.py:4180} INFO - Setting next_dagrun for read_dataset_event to 2025-05-18 00:00:00+00:00, run_after=2025-05-19 00:00:00+00:00
[2025-05-19T15:53:35.800+0000] {logging_mixin.py:190} INFO - [2025-05-19T15:53:35.800+0000] {dag.py:4180} INFO - Setting next_dagrun for read_dataset_event_from_classic to 2025-05-18 00:00:00+00:00, run_after=2025-05-19 00:00:00+00:00
[2025-05-19T15:53:35.808+0000] {processor.py:208} INFO - Processing /home/airflow/.local/lib/python3.12/site-packages/airflow/example_dags/example_inlet_event_extra.py took 0.341 seconds
[2025-05-19T15:54:06.617+0000] {processor.py:186} INFO - Started process (PID=739) to work on /home/airflow/.local/lib/python3.12/site-packages/airflow/example_dags/example_inlet_event_extra.py
[2025-05-19T15:54:06.619+0000] {processor.py:914} INFO - Processing file /home/airflow/.local/lib/python3.12/site-packages/airflow/example_dags/example_inlet_event_extra.py for tasks to queue
[2025-05-19T15:54:06.621+0000] {logging_mixin.py:190} INFO - [2025-05-19T15:54:06.621+0000] {dagbag.py:588} INFO - Filling up the DagBag from /home/airflow/.local/lib/python3.12/site-packages/airflow/example_dags/example_inlet_event_extra.py
[2025-05-19T15:54:07.043+0000] {processor.py:925} INFO - DAG(s) 'read_dataset_event', 'read_dataset_event_from_classic' retrieved from /home/airflow/.local/lib/python3.12/site-packages/airflow/example_dags/example_inlet_event_extra.py
[2025-05-19T15:54:07.055+0000] {logging_mixin.py:190} INFO - [2025-05-19T15:54:07.055+0000] {dag.py:3239} INFO - Sync 2 DAGs
[2025-05-19T15:54:07.064+0000] {logging_mixin.py:190} INFO - [2025-05-19T15:54:07.064+0000] {dag.py:4180} INFO - Setting next_dagrun for read_dataset_event to 2025-05-18 00:00:00+00:00, run_after=2025-05-19 00:00:00+00:00
[2025-05-19T15:54:07.069+0000] {logging_mixin.py:190} INFO - [2025-05-19T15:54:07.069+0000] {dag.py:4180} INFO - Setting next_dagrun for read_dataset_event_from_classic to 2025-05-18 00:00:00+00:00, run_after=2025-05-19 00:00:00+00:00
[2025-05-19T15:54:07.078+0000] {processor.py:208} INFO - Processing /home/airflow/.local/lib/python3.12/site-packages/airflow/example_dags/example_inlet_event_extra.py took 0.466 seconds
[2025-05-19T15:54:37.882+0000] {processor.py:186} INFO - Started process (PID=796) to work on /home/airflow/.local/lib/python3.12/site-packages/airflow/example_dags/example_inlet_event_extra.py
[2025-05-19T15:54:37.889+0000] {processor.py:914} INFO - Processing file /home/airflow/.local/lib/python3.12/site-packages/airflow/example_dags/example_inlet_event_extra.py for tasks to queue
[2025-05-19T15:54:37.892+0000] {logging_mixin.py:190} INFO - [2025-05-19T15:54:37.892+0000] {dagbag.py:588} INFO - Filling up the DagBag from /home/airflow/.local/lib/python3.12/site-packages/airflow/example_dags/example_inlet_event_extra.py
[2025-05-19T15:54:38.237+0000] {processor.py:925} INFO - DAG(s) 'read_dataset_event_from_classic', 'read_dataset_event' retrieved from /home/airflow/.local/lib/python3.12/site-packages/airflow/example_dags/example_inlet_event_extra.py
[2025-05-19T15:54:38.252+0000] {logging_mixin.py:190} INFO - [2025-05-19T15:54:38.252+0000] {dag.py:3239} INFO - Sync 2 DAGs
[2025-05-19T15:54:38.265+0000] {logging_mixin.py:190} INFO - [2025-05-19T15:54:38.264+0000] {dag.py:4180} INFO - Setting next_dagrun for read_dataset_event to 2025-05-18 00:00:00+00:00, run_after=2025-05-19 00:00:00+00:00
[2025-05-19T15:54:38.272+0000] {logging_mixin.py:190} INFO - [2025-05-19T15:54:38.271+0000] {dag.py:4180} INFO - Setting next_dagrun for read_dataset_event_from_classic to 2025-05-18 00:00:00+00:00, run_after=2025-05-19 00:00:00+00:00
[2025-05-19T15:54:38.283+0000] {processor.py:208} INFO - Processing /home/airflow/.local/lib/python3.12/site-packages/airflow/example_dags/example_inlet_event_extra.py took 0.408 seconds
[2025-05-19T15:55:09.265+0000] {processor.py:186} INFO - Started process (PID=853) to work on /home/airflow/.local/lib/python3.12/site-packages/airflow/example_dags/example_inlet_event_extra.py
[2025-05-19T15:55:09.269+0000] {processor.py:914} INFO - Processing file /home/airflow/.local/lib/python3.12/site-packages/airflow/example_dags/example_inlet_event_extra.py for tasks to queue
[2025-05-19T15:55:09.272+0000] {logging_mixin.py:190} INFO - [2025-05-19T15:55:09.272+0000] {dagbag.py:588} INFO - Filling up the DagBag from /home/airflow/.local/lib/python3.12/site-packages/airflow/example_dags/example_inlet_event_extra.py
[2025-05-19T15:55:09.658+0000] {processor.py:925} INFO - DAG(s) 'read_dataset_event', 'read_dataset_event_from_classic' retrieved from /home/airflow/.local/lib/python3.12/site-packages/airflow/example_dags/example_inlet_event_extra.py
[2025-05-19T15:55:09.671+0000] {logging_mixin.py:190} INFO - [2025-05-19T15:55:09.671+0000] {dag.py:3239} INFO - Sync 2 DAGs
[2025-05-19T15:55:09.683+0000] {logging_mixin.py:190} INFO - [2025-05-19T15:55:09.682+0000] {dag.py:4180} INFO - Setting next_dagrun for read_dataset_event to 2025-05-18 00:00:00+00:00, run_after=2025-05-19 00:00:00+00:00
[2025-05-19T15:55:09.686+0000] {logging_mixin.py:190} INFO - [2025-05-19T15:55:09.686+0000] {dag.py:4180} INFO - Setting next_dagrun for read_dataset_event_from_classic to 2025-05-18 00:00:00+00:00, run_after=2025-05-19 00:00:00+00:00
[2025-05-19T15:55:09.695+0000] {processor.py:208} INFO - Processing /home/airflow/.local/lib/python3.12/site-packages/airflow/example_dags/example_inlet_event_extra.py took 0.437 seconds
[2025-05-19T15:55:40.257+0000] {processor.py:186} INFO - Started process (PID=910) to work on /home/airflow/.local/lib/python3.12/site-packages/airflow/example_dags/example_inlet_event_extra.py
[2025-05-19T15:55:40.260+0000] {processor.py:914} INFO - Processing file /home/airflow/.local/lib/python3.12/site-packages/airflow/example_dags/example_inlet_event_extra.py for tasks to queue
[2025-05-19T15:55:40.262+0000] {logging_mixin.py:190} INFO - [2025-05-19T15:55:40.262+0000] {dagbag.py:588} INFO - Filling up the DagBag from /home/airflow/.local/lib/python3.12/site-packages/airflow/example_dags/example_inlet_event_extra.py
[2025-05-19T15:55:40.562+0000] {processor.py:925} INFO - DAG(s) 'read_dataset_event', 'read_dataset_event_from_classic' retrieved from /home/airflow/.local/lib/python3.12/site-packages/airflow/example_dags/example_inlet_event_extra.py
[2025-05-19T15:55:40.573+0000] {logging_mixin.py:190} INFO - [2025-05-19T15:55:40.573+0000] {dag.py:3239} INFO - Sync 2 DAGs
[2025-05-19T15:55:40.585+0000] {logging_mixin.py:190} INFO - [2025-05-19T15:55:40.585+0000] {dag.py:4180} INFO - Setting next_dagrun for read_dataset_event to 2025-05-18 00:00:00+00:00, run_after=2025-05-19 00:00:00+00:00
[2025-05-19T15:55:40.588+0000] {logging_mixin.py:190} INFO - [2025-05-19T15:55:40.588+0000] {dag.py:4180} INFO - Setting next_dagrun for read_dataset_event_from_classic to 2025-05-18 00:00:00+00:00, run_after=2025-05-19 00:00:00+00:00
[2025-05-19T15:55:40.598+0000] {processor.py:208} INFO - Processing /home/airflow/.local/lib/python3.12/site-packages/airflow/example_dags/example_inlet_event_extra.py took 0.347 seconds
[2025-05-19T15:56:11.187+0000] {processor.py:186} INFO - Started process (PID=967) to work on /home/airflow/.local/lib/python3.12/site-packages/airflow/example_dags/example_inlet_event_extra.py
[2025-05-19T15:56:11.189+0000] {processor.py:914} INFO - Processing file /home/airflow/.local/lib/python3.12/site-packages/airflow/example_dags/example_inlet_event_extra.py for tasks to queue
[2025-05-19T15:56:11.190+0000] {logging_mixin.py:190} INFO - [2025-05-19T15:56:11.190+0000] {dagbag.py:588} INFO - Filling up the DagBag from /home/airflow/.local/lib/python3.12/site-packages/airflow/example_dags/example_inlet_event_extra.py
[2025-05-19T15:56:11.636+0000] {processor.py:925} INFO - DAG(s) 'read_dataset_event_from_classic', 'read_dataset_event' retrieved from /home/airflow/.local/lib/python3.12/site-packages/airflow/example_dags/example_inlet_event_extra.py
[2025-05-19T15:56:11.650+0000] {logging_mixin.py:190} INFO - [2025-05-19T15:56:11.650+0000] {dag.py:3239} INFO - Sync 2 DAGs
[2025-05-19T15:56:11.664+0000] {logging_mixin.py:190} INFO - [2025-05-19T15:56:11.664+0000] {dag.py:4180} INFO - Setting next_dagrun for read_dataset_event to 2025-05-18 00:00:00+00:00, run_after=2025-05-19 00:00:00+00:00
[2025-05-19T15:56:11.667+0000] {logging_mixin.py:190} INFO - [2025-05-19T15:56:11.667+0000] {dag.py:4180} INFO - Setting next_dagrun for read_dataset_event_from_classic to 2025-05-18 00:00:00+00:00, run_after=2025-05-19 00:00:00+00:00
[2025-05-19T15:56:11.676+0000] {processor.py:208} INFO - Processing /home/airflow/.local/lib/python3.12/site-packages/airflow/example_dags/example_inlet_event_extra.py took 0.499 seconds
[2025-05-19T15:56:42.253+0000] {processor.py:186} INFO - Started process (PID=1024) to work on /home/airflow/.local/lib/python3.12/site-packages/airflow/example_dags/example_inlet_event_extra.py
[2025-05-19T15:56:42.254+0000] {processor.py:914} INFO - Processing file /home/airflow/.local/lib/python3.12/site-packages/airflow/example_dags/example_inlet_event_extra.py for tasks to queue
[2025-05-19T15:56:42.258+0000] {logging_mixin.py:190} INFO - [2025-05-19T15:56:42.258+0000] {dagbag.py:588} INFO - Filling up the DagBag from /home/airflow/.local/lib/python3.12/site-packages/airflow/example_dags/example_inlet_event_extra.py
[2025-05-19T15:56:42.558+0000] {processor.py:925} INFO - DAG(s) 'read_dataset_event_from_classic', 'read_dataset_event' retrieved from /home/airflow/.local/lib/python3.12/site-packages/airflow/example_dags/example_inlet_event_extra.py
[2025-05-19T15:56:42.570+0000] {logging_mixin.py:190} INFO - [2025-05-19T15:56:42.570+0000] {dag.py:3239} INFO - Sync 2 DAGs
[2025-05-19T15:56:42.580+0000] {logging_mixin.py:190} INFO - [2025-05-19T15:56:42.580+0000] {dag.py:4180} INFO - Setting next_dagrun for read_dataset_event to 2025-05-18 00:00:00+00:00, run_after=2025-05-19 00:00:00+00:00
[2025-05-19T15:56:42.583+0000] {logging_mixin.py:190} INFO - [2025-05-19T15:56:42.583+0000] {dag.py:4180} INFO - Setting next_dagrun for read_dataset_event_from_classic to 2025-05-18 00:00:00+00:00, run_after=2025-05-19 00:00:00+00:00
[2025-05-19T15:56:42.593+0000] {processor.py:208} INFO - Processing /home/airflow/.local/lib/python3.12/site-packages/airflow/example_dags/example_inlet_event_extra.py took 0.347 seconds
[2025-05-19T15:57:13.173+0000] {processor.py:186} INFO - Started process (PID=1081) to work on /home/airflow/.local/lib/python3.12/site-packages/airflow/example_dags/example_inlet_event_extra.py
[2025-05-19T15:57:13.174+0000] {processor.py:914} INFO - Processing file /home/airflow/.local/lib/python3.12/site-packages/airflow/example_dags/example_inlet_event_extra.py for tasks to queue
[2025-05-19T15:57:13.177+0000] {logging_mixin.py:190} INFO - [2025-05-19T15:57:13.177+0000] {dagbag.py:588} INFO - Filling up the DagBag from /home/airflow/.local/lib/python3.12/site-packages/airflow/example_dags/example_inlet_event_extra.py
[2025-05-19T15:57:13.552+0000] {processor.py:925} INFO - DAG(s) 'read_dataset_event_from_classic', 'read_dataset_event' retrieved from /home/airflow/.local/lib/python3.12/site-packages/airflow/example_dags/example_inlet_event_extra.py
[2025-05-19T15:57:13.564+0000] {logging_mixin.py:190} INFO - [2025-05-19T15:57:13.564+0000] {dag.py:3239} INFO - Sync 2 DAGs
[2025-05-19T15:57:13.574+0000] {logging_mixin.py:190} INFO - [2025-05-19T15:57:13.574+0000] {dag.py:4180} INFO - Setting next_dagrun for read_dataset_event to 2025-05-18 00:00:00+00:00, run_after=2025-05-19 00:00:00+00:00
[2025-05-19T15:57:13.579+0000] {logging_mixin.py:190} INFO - [2025-05-19T15:57:13.579+0000] {dag.py:4180} INFO - Setting next_dagrun for read_dataset_event_from_classic to 2025-05-18 00:00:00+00:00, run_after=2025-05-19 00:00:00+00:00
[2025-05-19T15:57:13.590+0000] {processor.py:208} INFO - Processing /home/airflow/.local/lib/python3.12/site-packages/airflow/example_dags/example_inlet_event_extra.py took 0.424 seconds
[2025-05-19T15:57:44.138+0000] {processor.py:186} INFO - Started process (PID=1138) to work on /home/airflow/.local/lib/python3.12/site-packages/airflow/example_dags/example_inlet_event_extra.py
[2025-05-19T15:57:44.140+0000] {processor.py:914} INFO - Processing file /home/airflow/.local/lib/python3.12/site-packages/airflow/example_dags/example_inlet_event_extra.py for tasks to queue
[2025-05-19T15:57:44.143+0000] {logging_mixin.py:190} INFO - [2025-05-19T15:57:44.143+0000] {dagbag.py:588} INFO - Filling up the DagBag from /home/airflow/.local/lib/python3.12/site-packages/airflow/example_dags/example_inlet_event_extra.py
[2025-05-19T15:57:44.460+0000] {processor.py:925} INFO - DAG(s) 'read_dataset_event_from_classic', 'read_dataset_event' retrieved from /home/airflow/.local/lib/python3.12/site-packages/airflow/example_dags/example_inlet_event_extra.py
[2025-05-19T15:57:44.474+0000] {logging_mixin.py:190} INFO - [2025-05-19T15:57:44.474+0000] {dag.py:3239} INFO - Sync 2 DAGs
[2025-05-19T15:57:44.485+0000] {logging_mixin.py:190} INFO - [2025-05-19T15:57:44.485+0000] {dag.py:4180} INFO - Setting next_dagrun for read_dataset_event to 2025-05-18 00:00:00+00:00, run_after=2025-05-19 00:00:00+00:00
[2025-05-19T15:57:44.491+0000] {logging_mixin.py:190} INFO - [2025-05-19T15:57:44.491+0000] {dag.py:4180} INFO - Setting next_dagrun for read_dataset_event_from_classic to 2025-05-18 00:00:00+00:00, run_after=2025-05-19 00:00:00+00:00
[2025-05-19T15:57:44.501+0000] {processor.py:208} INFO - Processing /home/airflow/.local/lib/python3.12/site-packages/airflow/example_dags/example_inlet_event_extra.py took 0.370 seconds
[2025-05-19T15:58:14.985+0000] {processor.py:186} INFO - Started process (PID=1195) to work on /home/airflow/.local/lib/python3.12/site-packages/airflow/example_dags/example_inlet_event_extra.py
[2025-05-19T15:58:14.986+0000] {processor.py:914} INFO - Processing file /home/airflow/.local/lib/python3.12/site-packages/airflow/example_dags/example_inlet_event_extra.py for tasks to queue
[2025-05-19T15:58:14.992+0000] {logging_mixin.py:190} INFO - [2025-05-19T15:58:14.991+0000] {dagbag.py:588} INFO - Filling up the DagBag from /home/airflow/.local/lib/python3.12/site-packages/airflow/example_dags/example_inlet_event_extra.py
[2025-05-19T15:58:15.434+0000] {processor.py:925} INFO - DAG(s) 'read_dataset_event_from_classic', 'read_dataset_event' retrieved from /home/airflow/.local/lib/python3.12/site-packages/airflow/example_dags/example_inlet_event_extra.py
[2025-05-19T15:58:15.447+0000] {logging_mixin.py:190} INFO - [2025-05-19T15:58:15.447+0000] {dag.py:3239} INFO - Sync 2 DAGs
[2025-05-19T15:58:15.459+0000] {logging_mixin.py:190} INFO - [2025-05-19T15:58:15.459+0000] {dag.py:4180} INFO - Setting next_dagrun for read_dataset_event to 2025-05-18 00:00:00+00:00, run_after=2025-05-19 00:00:00+00:00
[2025-05-19T15:58:15.461+0000] {logging_mixin.py:190} INFO - [2025-05-19T15:58:15.461+0000] {dag.py:4180} INFO - Setting next_dagrun for read_dataset_event_from_classic to 2025-05-18 00:00:00+00:00, run_after=2025-05-19 00:00:00+00:00
[2025-05-19T15:58:15.469+0000] {processor.py:208} INFO - Processing /home/airflow/.local/lib/python3.12/site-packages/airflow/example_dags/example_inlet_event_extra.py took 0.493 seconds
[2025-05-19T15:58:45.850+0000] {processor.py:186} INFO - Started process (PID=1252) to work on /home/airflow/.local/lib/python3.12/site-packages/airflow/example_dags/example_inlet_event_extra.py
[2025-05-19T15:58:45.851+0000] {processor.py:914} INFO - Processing file /home/airflow/.local/lib/python3.12/site-packages/airflow/example_dags/example_inlet_event_extra.py for tasks to queue
[2025-05-19T15:58:45.852+0000] {logging_mixin.py:190} INFO - [2025-05-19T15:58:45.852+0000] {dagbag.py:588} INFO - Filling up the DagBag from /home/airflow/.local/lib/python3.12/site-packages/airflow/example_dags/example_inlet_event_extra.py
[2025-05-19T15:58:46.154+0000] {processor.py:925} INFO - DAG(s) 'read_dataset_event', 'read_dataset_event_from_classic' retrieved from /home/airflow/.local/lib/python3.12/site-packages/airflow/example_dags/example_inlet_event_extra.py
[2025-05-19T15:58:46.168+0000] {logging_mixin.py:190} INFO - [2025-05-19T15:58:46.167+0000] {dag.py:3239} INFO - Sync 2 DAGs
[2025-05-19T15:58:46.178+0000] {logging_mixin.py:190} INFO - [2025-05-19T15:58:46.178+0000] {dag.py:4180} INFO - Setting next_dagrun for read_dataset_event to 2025-05-18 00:00:00+00:00, run_after=2025-05-19 00:00:00+00:00
[2025-05-19T15:58:46.180+0000] {logging_mixin.py:190} INFO - [2025-05-19T15:58:46.180+0000] {dag.py:4180} INFO - Setting next_dagrun for read_dataset_event_from_classic to 2025-05-18 00:00:00+00:00, run_after=2025-05-19 00:00:00+00:00
[2025-05-19T15:58:46.188+0000] {processor.py:208} INFO - Processing /home/airflow/.local/lib/python3.12/site-packages/airflow/example_dags/example_inlet_event_extra.py took 0.342 seconds
[2025-05-19T15:59:16.677+0000] {processor.py:186} INFO - Started process (PID=1309) to work on /home/airflow/.local/lib/python3.12/site-packages/airflow/example_dags/example_inlet_event_extra.py
[2025-05-19T15:59:16.680+0000] {processor.py:914} INFO - Processing file /home/airflow/.local/lib/python3.12/site-packages/airflow/example_dags/example_inlet_event_extra.py for tasks to queue
[2025-05-19T15:59:16.683+0000] {logging_mixin.py:190} INFO - [2025-05-19T15:59:16.682+0000] {dagbag.py:588} INFO - Filling up the DagBag from /home/airflow/.local/lib/python3.12/site-packages/airflow/example_dags/example_inlet_event_extra.py
[2025-05-19T15:59:17.150+0000] {processor.py:925} INFO - DAG(s) 'read_dataset_event', 'read_dataset_event_from_classic' retrieved from /home/airflow/.local/lib/python3.12/site-packages/airflow/example_dags/example_inlet_event_extra.py
[2025-05-19T15:59:17.166+0000] {logging_mixin.py:190} INFO - [2025-05-19T15:59:17.166+0000] {dag.py:3239} INFO - Sync 2 DAGs
[2025-05-19T15:59:17.178+0000] {logging_mixin.py:190} INFO - [2025-05-19T15:59:17.178+0000] {dag.py:4180} INFO - Setting next_dagrun for read_dataset_event to 2025-05-18 00:00:00+00:00, run_after=2025-05-19 00:00:00+00:00
[2025-05-19T15:59:17.180+0000] {logging_mixin.py:190} INFO - [2025-05-19T15:59:17.180+0000] {dag.py:4180} INFO - Setting next_dagrun for read_dataset_event_from_classic to 2025-05-18 00:00:00+00:00, run_after=2025-05-19 00:00:00+00:00
[2025-05-19T15:59:17.193+0000] {processor.py:208} INFO - Processing /home/airflow/.local/lib/python3.12/site-packages/airflow/example_dags/example_inlet_event_extra.py took 0.522 seconds
[2025-05-19T15:59:47.789+0000] {processor.py:186} INFO - Started process (PID=1366) to work on /home/airflow/.local/lib/python3.12/site-packages/airflow/example_dags/example_inlet_event_extra.py
[2025-05-19T15:59:47.790+0000] {processor.py:914} INFO - Processing file /home/airflow/.local/lib/python3.12/site-packages/airflow/example_dags/example_inlet_event_extra.py for tasks to queue
[2025-05-19T15:59:47.792+0000] {logging_mixin.py:190} INFO - [2025-05-19T15:59:47.791+0000] {dagbag.py:588} INFO - Filling up the DagBag from /home/airflow/.local/lib/python3.12/site-packages/airflow/example_dags/example_inlet_event_extra.py
[2025-05-19T15:59:48.168+0000] {processor.py:925} INFO - DAG(s) 'read_dataset_event', 'read_dataset_event_from_classic' retrieved from /home/airflow/.local/lib/python3.12/site-packages/airflow/example_dags/example_inlet_event_extra.py
[2025-05-19T15:59:48.180+0000] {logging_mixin.py:190} INFO - [2025-05-19T15:59:48.180+0000] {dag.py:3239} INFO - Sync 2 DAGs
[2025-05-19T15:59:48.191+0000] {logging_mixin.py:190} INFO - [2025-05-19T15:59:48.191+0000] {dag.py:4180} INFO - Setting next_dagrun for read_dataset_event to 2025-05-18 00:00:00+00:00, run_after=2025-05-19 00:00:00+00:00
[2025-05-19T15:59:48.194+0000] {logging_mixin.py:190} INFO - [2025-05-19T15:59:48.193+0000] {dag.py:4180} INFO - Setting next_dagrun for read_dataset_event_from_classic to 2025-05-18 00:00:00+00:00, run_after=2025-05-19 00:00:00+00:00
[2025-05-19T15:59:48.201+0000] {processor.py:208} INFO - Processing /home/airflow/.local/lib/python3.12/site-packages/airflow/example_dags/example_inlet_event_extra.py took 0.418 seconds
[2025-05-19T16:00:18.740+0000] {processor.py:186} INFO - Started process (PID=1423) to work on /home/airflow/.local/lib/python3.12/site-packages/airflow/example_dags/example_inlet_event_extra.py
[2025-05-19T16:00:18.742+0000] {processor.py:914} INFO - Processing file /home/airflow/.local/lib/python3.12/site-packages/airflow/example_dags/example_inlet_event_extra.py for tasks to queue
[2025-05-19T16:00:18.748+0000] {logging_mixin.py:190} INFO - [2025-05-19T16:00:18.747+0000] {dagbag.py:588} INFO - Filling up the DagBag from /home/airflow/.local/lib/python3.12/site-packages/airflow/example_dags/example_inlet_event_extra.py
[2025-05-19T16:00:19.043+0000] {processor.py:925} INFO - DAG(s) 'read_dataset_event', 'read_dataset_event_from_classic' retrieved from /home/airflow/.local/lib/python3.12/site-packages/airflow/example_dags/example_inlet_event_extra.py
[2025-05-19T16:00:19.053+0000] {logging_mixin.py:190} INFO - [2025-05-19T16:00:19.053+0000] {dag.py:3239} INFO - Sync 2 DAGs
[2025-05-19T16:00:19.065+0000] {logging_mixin.py:190} INFO - [2025-05-19T16:00:19.064+0000] {dag.py:4180} INFO - Setting next_dagrun for read_dataset_event to 2025-05-18 00:00:00+00:00, run_after=2025-05-19 00:00:00+00:00
[2025-05-19T16:00:19.069+0000] {logging_mixin.py:190} INFO - [2025-05-19T16:00:19.069+0000] {dag.py:4180} INFO - Setting next_dagrun for read_dataset_event_from_classic to 2025-05-18 00:00:00+00:00, run_after=2025-05-19 00:00:00+00:00
[2025-05-19T16:00:19.080+0000] {processor.py:208} INFO - Processing /home/airflow/.local/lib/python3.12/site-packages/airflow/example_dags/example_inlet_event_extra.py took 0.346 seconds
[2025-05-19T16:00:49.796+0000] {processor.py:186} INFO - Started process (PID=1480) to work on /home/airflow/.local/lib/python3.12/site-packages/airflow/example_dags/example_inlet_event_extra.py
[2025-05-19T16:00:49.797+0000] {processor.py:914} INFO - Processing file /home/airflow/.local/lib/python3.12/site-packages/airflow/example_dags/example_inlet_event_extra.py for tasks to queue
[2025-05-19T16:00:49.801+0000] {logging_mixin.py:190} INFO - [2025-05-19T16:00:49.801+0000] {dagbag.py:588} INFO - Filling up the DagBag from /home/airflow/.local/lib/python3.12/site-packages/airflow/example_dags/example_inlet_event_extra.py
[2025-05-19T16:00:50.201+0000] {processor.py:925} INFO - DAG(s) 'read_dataset_event', 'read_dataset_event_from_classic' retrieved from /home/airflow/.local/lib/python3.12/site-packages/airflow/example_dags/example_inlet_event_extra.py
[2025-05-19T16:00:50.215+0000] {logging_mixin.py:190} INFO - [2025-05-19T16:00:50.215+0000] {dag.py:3239} INFO - Sync 2 DAGs
[2025-05-19T16:00:50.227+0000] {logging_mixin.py:190} INFO - [2025-05-19T16:00:50.226+0000] {dag.py:4180} INFO - Setting next_dagrun for read_dataset_event to 2025-05-18 00:00:00+00:00, run_after=2025-05-19 00:00:00+00:00
[2025-05-19T16:00:50.230+0000] {logging_mixin.py:190} INFO - [2025-05-19T16:00:50.229+0000] {dag.py:4180} INFO - Setting next_dagrun for read_dataset_event_from_classic to 2025-05-18 00:00:00+00:00, run_after=2025-05-19 00:00:00+00:00
[2025-05-19T16:00:50.238+0000] {processor.py:208} INFO - Processing /home/airflow/.local/lib/python3.12/site-packages/airflow/example_dags/example_inlet_event_extra.py took 0.446 seconds
[2025-05-19T16:01:20.881+0000] {processor.py:186} INFO - Started process (PID=1537) to work on /home/airflow/.local/lib/python3.12/site-packages/airflow/example_dags/example_inlet_event_extra.py
[2025-05-19T16:01:20.884+0000] {processor.py:914} INFO - Processing file /home/airflow/.local/lib/python3.12/site-packages/airflow/example_dags/example_inlet_event_extra.py for tasks to queue
[2025-05-19T16:01:20.887+0000] {logging_mixin.py:190} INFO - [2025-05-19T16:01:20.886+0000] {dagbag.py:588} INFO - Filling up the DagBag from /home/airflow/.local/lib/python3.12/site-packages/airflow/example_dags/example_inlet_event_extra.py
[2025-05-19T16:01:21.181+0000] {processor.py:925} INFO - DAG(s) 'read_dataset_event', 'read_dataset_event_from_classic' retrieved from /home/airflow/.local/lib/python3.12/site-packages/airflow/example_dags/example_inlet_event_extra.py
[2025-05-19T16:01:21.192+0000] {logging_mixin.py:190} INFO - [2025-05-19T16:01:21.192+0000] {dag.py:3239} INFO - Sync 2 DAGs
[2025-05-19T16:01:21.201+0000] {logging_mixin.py:190} INFO - [2025-05-19T16:01:21.201+0000] {dag.py:4180} INFO - Setting next_dagrun for read_dataset_event to 2025-05-18 00:00:00+00:00, run_after=2025-05-19 00:00:00+00:00
[2025-05-19T16:01:21.203+0000] {logging_mixin.py:190} INFO - [2025-05-19T16:01:21.203+0000] {dag.py:4180} INFO - Setting next_dagrun for read_dataset_event_from_classic to 2025-05-18 00:00:00+00:00, run_after=2025-05-19 00:00:00+00:00
[2025-05-19T16:01:21.211+0000] {processor.py:208} INFO - Processing /home/airflow/.local/lib/python3.12/site-packages/airflow/example_dags/example_inlet_event_extra.py took 0.335 seconds
[2025-05-19T16:01:51.770+0000] {processor.py:186} INFO - Started process (PID=1594) to work on /home/airflow/.local/lib/python3.12/site-packages/airflow/example_dags/example_inlet_event_extra.py
[2025-05-19T16:01:51.771+0000] {processor.py:914} INFO - Processing file /home/airflow/.local/lib/python3.12/site-packages/airflow/example_dags/example_inlet_event_extra.py for tasks to queue
[2025-05-19T16:01:51.776+0000] {logging_mixin.py:190} INFO - [2025-05-19T16:01:51.776+0000] {dagbag.py:588} INFO - Filling up the DagBag from /home/airflow/.local/lib/python3.12/site-packages/airflow/example_dags/example_inlet_event_extra.py
[2025-05-19T16:01:52.081+0000] {processor.py:925} INFO - DAG(s) 'read_dataset_event_from_classic', 'read_dataset_event' retrieved from /home/airflow/.local/lib/python3.12/site-packages/airflow/example_dags/example_inlet_event_extra.py
[2025-05-19T16:01:52.091+0000] {logging_mixin.py:190} INFO - [2025-05-19T16:01:52.090+0000] {dag.py:3239} INFO - Sync 2 DAGs
[2025-05-19T16:01:52.101+0000] {logging_mixin.py:190} INFO - [2025-05-19T16:01:52.101+0000] {dag.py:4180} INFO - Setting next_dagrun for read_dataset_event to 2025-05-18 00:00:00+00:00, run_after=2025-05-19 00:00:00+00:00
[2025-05-19T16:01:52.103+0000] {logging_mixin.py:190} INFO - [2025-05-19T16:01:52.103+0000] {dag.py:4180} INFO - Setting next_dagrun for read_dataset_event_from_classic to 2025-05-18 00:00:00+00:00, run_after=2025-05-19 00:00:00+00:00
[2025-05-19T16:01:52.113+0000] {processor.py:208} INFO - Processing /home/airflow/.local/lib/python3.12/site-packages/airflow/example_dags/example_inlet_event_extra.py took 0.348 seconds
[2025-05-19T16:02:22.497+0000] {processor.py:186} INFO - Started process (PID=1651) to work on /home/airflow/.local/lib/python3.12/site-packages/airflow/example_dags/example_inlet_event_extra.py
[2025-05-19T16:02:22.498+0000] {processor.py:914} INFO - Processing file /home/airflow/.local/lib/python3.12/site-packages/airflow/example_dags/example_inlet_event_extra.py for tasks to queue
[2025-05-19T16:02:22.500+0000] {logging_mixin.py:190} INFO - [2025-05-19T16:02:22.499+0000] {dagbag.py:588} INFO - Filling up the DagBag from /home/airflow/.local/lib/python3.12/site-packages/airflow/example_dags/example_inlet_event_extra.py
[2025-05-19T16:02:22.803+0000] {processor.py:925} INFO - DAG(s) 'read_dataset_event', 'read_dataset_event_from_classic' retrieved from /home/airflow/.local/lib/python3.12/site-packages/airflow/example_dags/example_inlet_event_extra.py
[2025-05-19T16:02:22.816+0000] {logging_mixin.py:190} INFO - [2025-05-19T16:02:22.815+0000] {dag.py:3239} INFO - Sync 2 DAGs
[2025-05-19T16:02:22.827+0000] {logging_mixin.py:190} INFO - [2025-05-19T16:02:22.827+0000] {dag.py:4180} INFO - Setting next_dagrun for read_dataset_event to 2025-05-18 00:00:00+00:00, run_after=2025-05-19 00:00:00+00:00
[2025-05-19T16:02:22.830+0000] {logging_mixin.py:190} INFO - [2025-05-19T16:02:22.830+0000] {dag.py:4180} INFO - Setting next_dagrun for read_dataset_event_from_classic to 2025-05-18 00:00:00+00:00, run_after=2025-05-19 00:00:00+00:00
[2025-05-19T16:02:22.837+0000] {processor.py:208} INFO - Processing /home/airflow/.local/lib/python3.12/site-packages/airflow/example_dags/example_inlet_event_extra.py took 0.345 seconds
[2025-05-19T16:02:53.384+0000] {processor.py:186} INFO - Started process (PID=1708) to work on /home/airflow/.local/lib/python3.12/site-packages/airflow/example_dags/example_inlet_event_extra.py
[2025-05-19T16:02:53.384+0000] {processor.py:914} INFO - Processing file /home/airflow/.local/lib/python3.12/site-packages/airflow/example_dags/example_inlet_event_extra.py for tasks to queue
[2025-05-19T16:02:53.386+0000] {logging_mixin.py:190} INFO - [2025-05-19T16:02:53.386+0000] {dagbag.py:588} INFO - Filling up the DagBag from /home/airflow/.local/lib/python3.12/site-packages/airflow/example_dags/example_inlet_event_extra.py
[2025-05-19T16:02:53.822+0000] {processor.py:925} INFO - DAG(s) 'read_dataset_event_from_classic', 'read_dataset_event' retrieved from /home/airflow/.local/lib/python3.12/site-packages/airflow/example_dags/example_inlet_event_extra.py
[2025-05-19T16:02:53.835+0000] {logging_mixin.py:190} INFO - [2025-05-19T16:02:53.835+0000] {dag.py:3239} INFO - Sync 2 DAGs
[2025-05-19T16:02:53.846+0000] {logging_mixin.py:190} INFO - [2025-05-19T16:02:53.846+0000] {dag.py:4180} INFO - Setting next_dagrun for read_dataset_event to 2025-05-18 00:00:00+00:00, run_after=2025-05-19 00:00:00+00:00
[2025-05-19T16:02:53.848+0000] {logging_mixin.py:190} INFO - [2025-05-19T16:02:53.848+0000] {dag.py:4180} INFO - Setting next_dagrun for read_dataset_event_from_classic to 2025-05-18 00:00:00+00:00, run_after=2025-05-19 00:00:00+00:00
[2025-05-19T16:02:53.857+0000] {processor.py:208} INFO - Processing /home/airflow/.local/lib/python3.12/site-packages/airflow/example_dags/example_inlet_event_extra.py took 0.478 seconds
[2025-05-19T16:03:24.484+0000] {processor.py:186} INFO - Started process (PID=1765) to work on /home/airflow/.local/lib/python3.12/site-packages/airflow/example_dags/example_inlet_event_extra.py
[2025-05-19T16:03:24.485+0000] {processor.py:914} INFO - Processing file /home/airflow/.local/lib/python3.12/site-packages/airflow/example_dags/example_inlet_event_extra.py for tasks to queue
[2025-05-19T16:03:24.487+0000] {logging_mixin.py:190} INFO - [2025-05-19T16:03:24.487+0000] {dagbag.py:588} INFO - Filling up the DagBag from /home/airflow/.local/lib/python3.12/site-packages/airflow/example_dags/example_inlet_event_extra.py
[2025-05-19T16:03:24.812+0000] {processor.py:925} INFO - DAG(s) 'read_dataset_event_from_classic', 'read_dataset_event' retrieved from /home/airflow/.local/lib/python3.12/site-packages/airflow/example_dags/example_inlet_event_extra.py
[2025-05-19T16:03:24.823+0000] {logging_mixin.py:190} INFO - [2025-05-19T16:03:24.822+0000] {dag.py:3239} INFO - Sync 2 DAGs
[2025-05-19T16:03:24.833+0000] {logging_mixin.py:190} INFO - [2025-05-19T16:03:24.833+0000] {dag.py:4180} INFO - Setting next_dagrun for read_dataset_event to 2025-05-18 00:00:00+00:00, run_after=2025-05-19 00:00:00+00:00
[2025-05-19T16:03:24.836+0000] {logging_mixin.py:190} INFO - [2025-05-19T16:03:24.836+0000] {dag.py:4180} INFO - Setting next_dagrun for read_dataset_event_from_classic to 2025-05-18 00:00:00+00:00, run_after=2025-05-19 00:00:00+00:00
[2025-05-19T16:03:24.843+0000] {processor.py:208} INFO - Processing /home/airflow/.local/lib/python3.12/site-packages/airflow/example_dags/example_inlet_event_extra.py took 0.364 seconds
[2025-05-19T16:03:55.286+0000] {processor.py:186} INFO - Started process (PID=1822) to work on /home/airflow/.local/lib/python3.12/site-packages/airflow/example_dags/example_inlet_event_extra.py
[2025-05-19T16:03:55.287+0000] {processor.py:914} INFO - Processing file /home/airflow/.local/lib/python3.12/site-packages/airflow/example_dags/example_inlet_event_extra.py for tasks to queue
[2025-05-19T16:03:55.288+0000] {logging_mixin.py:190} INFO - [2025-05-19T16:03:55.288+0000] {dagbag.py:588} INFO - Filling up the DagBag from /home/airflow/.local/lib/python3.12/site-packages/airflow/example_dags/example_inlet_event_extra.py
[2025-05-19T16:03:55.711+0000] {processor.py:925} INFO - DAG(s) 'read_dataset_event_from_classic', 'read_dataset_event' retrieved from /home/airflow/.local/lib/python3.12/site-packages/airflow/example_dags/example_inlet_event_extra.py
[2025-05-19T16:03:55.725+0000] {logging_mixin.py:190} INFO - [2025-05-19T16:03:55.725+0000] {dag.py:3239} INFO - Sync 2 DAGs
[2025-05-19T16:03:55.737+0000] {logging_mixin.py:190} INFO - [2025-05-19T16:03:55.737+0000] {dag.py:4180} INFO - Setting next_dagrun for read_dataset_event to 2025-05-18 00:00:00+00:00, run_after=2025-05-19 00:00:00+00:00
[2025-05-19T16:03:55.739+0000] {logging_mixin.py:190} INFO - [2025-05-19T16:03:55.739+0000] {dag.py:4180} INFO - Setting next_dagrun for read_dataset_event_from_classic to 2025-05-18 00:00:00+00:00, run_after=2025-05-19 00:00:00+00:00
[2025-05-19T16:03:55.747+0000] {processor.py:208} INFO - Processing /home/airflow/.local/lib/python3.12/site-packages/airflow/example_dags/example_inlet_event_extra.py took 0.466 seconds
[2025-05-19T16:04:26.157+0000] {processor.py:186} INFO - Started process (PID=1879) to work on /home/airflow/.local/lib/python3.12/site-packages/airflow/example_dags/example_inlet_event_extra.py
[2025-05-19T16:04:26.158+0000] {processor.py:914} INFO - Processing file /home/airflow/.local/lib/python3.12/site-packages/airflow/example_dags/example_inlet_event_extra.py for tasks to queue
[2025-05-19T16:04:26.160+0000] {logging_mixin.py:190} INFO - [2025-05-19T16:04:26.160+0000] {dagbag.py:588} INFO - Filling up the DagBag from /home/airflow/.local/lib/python3.12/site-packages/airflow/example_dags/example_inlet_event_extra.py
[2025-05-19T16:04:26.451+0000] {processor.py:925} INFO - DAG(s) 'read_dataset_event', 'read_dataset_event_from_classic' retrieved from /home/airflow/.local/lib/python3.12/site-packages/airflow/example_dags/example_inlet_event_extra.py
[2025-05-19T16:04:26.460+0000] {logging_mixin.py:190} INFO - [2025-05-19T16:04:26.460+0000] {dag.py:3239} INFO - Sync 2 DAGs
[2025-05-19T16:04:26.470+0000] {logging_mixin.py:190} INFO - [2025-05-19T16:04:26.470+0000] {dag.py:4180} INFO - Setting next_dagrun for read_dataset_event to 2025-05-18 00:00:00+00:00, run_after=2025-05-19 00:00:00+00:00
[2025-05-19T16:04:26.475+0000] {logging_mixin.py:190} INFO - [2025-05-19T16:04:26.475+0000] {dag.py:4180} INFO - Setting next_dagrun for read_dataset_event_from_classic to 2025-05-18 00:00:00+00:00, run_after=2025-05-19 00:00:00+00:00
[2025-05-19T16:04:26.483+0000] {processor.py:208} INFO - Processing /home/airflow/.local/lib/python3.12/site-packages/airflow/example_dags/example_inlet_event_extra.py took 0.332 seconds
[2025-05-19T16:04:56.792+0000] {processor.py:186} INFO - Started process (PID=1936) to work on /home/airflow/.local/lib/python3.12/site-packages/airflow/example_dags/example_inlet_event_extra.py
[2025-05-19T16:04:56.793+0000] {processor.py:914} INFO - Processing file /home/airflow/.local/lib/python3.12/site-packages/airflow/example_dags/example_inlet_event_extra.py for tasks to queue
[2025-05-19T16:04:56.796+0000] {logging_mixin.py:190} INFO - [2025-05-19T16:04:56.796+0000] {dagbag.py:588} INFO - Filling up the DagBag from /home/airflow/.local/lib/python3.12/site-packages/airflow/example_dags/example_inlet_event_extra.py
[2025-05-19T16:04:57.084+0000] {processor.py:925} INFO - DAG(s) 'read_dataset_event', 'read_dataset_event_from_classic' retrieved from /home/airflow/.local/lib/python3.12/site-packages/airflow/example_dags/example_inlet_event_extra.py
[2025-05-19T16:04:57.095+0000] {logging_mixin.py:190} INFO - [2025-05-19T16:04:57.095+0000] {dag.py:3239} INFO - Sync 2 DAGs
[2025-05-19T16:04:57.105+0000] {logging_mixin.py:190} INFO - [2025-05-19T16:04:57.105+0000] {dag.py:4180} INFO - Setting next_dagrun for read_dataset_event to 2025-05-18 00:00:00+00:00, run_after=2025-05-19 00:00:00+00:00
[2025-05-19T16:04:57.107+0000] {logging_mixin.py:190} INFO - [2025-05-19T16:04:57.107+0000] {dag.py:4180} INFO - Setting next_dagrun for read_dataset_event_from_classic to 2025-05-18 00:00:00+00:00, run_after=2025-05-19 00:00:00+00:00
[2025-05-19T16:04:57.115+0000] {processor.py:208} INFO - Processing /home/airflow/.local/lib/python3.12/site-packages/airflow/example_dags/example_inlet_event_extra.py took 0.328 seconds
