[2025-05-19T15:47:55.168+0000] {processor.py:186} INFO - Started process (PID=35) to work on /home/airflow/.local/lib/python3.12/site-packages/airflow/example_dags/example_sensor_decorator.py
[2025-05-19T15:47:55.170+0000] {processor.py:914} INFO - Processing file /home/airflow/.local/lib/python3.12/site-packages/airflow/example_dags/example_sensor_decorator.py for tasks to queue
[2025-05-19T15:47:55.172+0000] {logging_mixin.py:190} INFO - [2025-05-19T15:47:55.172+0000] {dagbag.py:588} INFO - Filling up the DagBag from /home/airflow/.local/lib/python3.12/site-packages/airflow/example_dags/example_sensor_decorator.py
[2025-05-19T15:47:55.179+0000] {processor.py:925} INFO - DAG(s) 'example_sensor_decorator' retrieved from /home/airflow/.local/lib/python3.12/site-packages/airflow/example_dags/example_sensor_decorator.py
[2025-05-19T15:47:55.257+0000] {logging_mixin.py:190} INFO - [2025-05-19T15:47:55.257+0000] {override.py:1912} INFO - Created Permission View: can delete on DAG:example_sensor_decorator
[2025-05-19T15:47:55.261+0000] {logging_mixin.py:190} INFO - [2025-05-19T15:47:55.261+0000] {override.py:1912} INFO - Created Permission View: can read on DAG:example_sensor_decorator
[2025-05-19T15:47:55.264+0000] {logging_mixin.py:190} INFO - [2025-05-19T15:47:55.264+0000] {override.py:1912} INFO - Created Permission View: can edit on DAG:example_sensor_decorator
[2025-05-19T15:47:55.266+0000] {logging_mixin.py:190} INFO - [2025-05-19T15:47:55.266+0000] {override.py:1912} INFO - Created Permission View: menu access on DAG Run:example_sensor_decorator
[2025-05-19T15:47:55.268+0000] {logging_mixin.py:190} INFO - [2025-05-19T15:47:55.268+0000] {override.py:1912} INFO - Created Permission View: can create on DAG Run:example_sensor_decorator
[2025-05-19T15:47:55.272+0000] {logging_mixin.py:190} INFO - [2025-05-19T15:47:55.271+0000] {override.py:1912} INFO - Created Permission View: can delete on DAG Run:example_sensor_decorator
[2025-05-19T15:47:55.276+0000] {logging_mixin.py:190} INFO - [2025-05-19T15:47:55.276+0000] {override.py:1912} INFO - Created Permission View: can read on DAG Run:example_sensor_decorator
[2025-05-19T15:47:55.277+0000] {logging_mixin.py:190} INFO - [2025-05-19T15:47:55.277+0000] {dag.py:3239} INFO - Sync 1 DAGs
[2025-05-19T15:47:55.287+0000] {logging_mixin.py:190} INFO - [2025-05-19T15:47:55.287+0000] {dag.py:3262} INFO - Creating ORM DAG for example_sensor_decorator
[2025-05-19T15:47:55.287+0000] {logging_mixin.py:190} INFO - [2025-05-19T15:47:55.287+0000] {dag.py:4180} INFO - Setting next_dagrun for example_sensor_decorator to None, run_after=None
[2025-05-19T15:47:55.298+0000] {processor.py:208} INFO - Processing /home/airflow/.local/lib/python3.12/site-packages/airflow/example_dags/example_sensor_decorator.py took 0.139 seconds
[2025-05-19T15:48:26.149+0000] {processor.py:186} INFO - Started process (PID=92) to work on /home/airflow/.local/lib/python3.12/site-packages/airflow/example_dags/example_sensor_decorator.py
[2025-05-19T15:48:26.150+0000] {processor.py:914} INFO - Processing file /home/airflow/.local/lib/python3.12/site-packages/airflow/example_dags/example_sensor_decorator.py for tasks to queue
[2025-05-19T15:48:26.153+0000] {logging_mixin.py:190} INFO - [2025-05-19T15:48:26.152+0000] {dagbag.py:588} INFO - Filling up the DagBag from /home/airflow/.local/lib/python3.12/site-packages/airflow/example_dags/example_sensor_decorator.py
[2025-05-19T15:48:26.159+0000] {processor.py:925} INFO - DAG(s) 'example_sensor_decorator' retrieved from /home/airflow/.local/lib/python3.12/site-packages/airflow/example_dags/example_sensor_decorator.py
[2025-05-19T15:48:26.170+0000] {logging_mixin.py:190} INFO - [2025-05-19T15:48:26.170+0000] {dag.py:3239} INFO - Sync 1 DAGs
[2025-05-19T15:48:26.177+0000] {logging_mixin.py:190} INFO - [2025-05-19T15:48:26.177+0000] {dag.py:4180} INFO - Setting next_dagrun for example_sensor_decorator to None, run_after=None
[2025-05-19T15:48:26.187+0000] {processor.py:208} INFO - Processing /home/airflow/.local/lib/python3.12/site-packages/airflow/example_dags/example_sensor_decorator.py took 0.041 seconds
[2025-05-19T15:48:57.088+0000] {processor.py:186} INFO - Started process (PID=149) to work on /home/airflow/.local/lib/python3.12/site-packages/airflow/example_dags/example_sensor_decorator.py
[2025-05-19T15:48:57.089+0000] {processor.py:914} INFO - Processing file /home/airflow/.local/lib/python3.12/site-packages/airflow/example_dags/example_sensor_decorator.py for tasks to queue
[2025-05-19T15:48:57.090+0000] {logging_mixin.py:190} INFO - [2025-05-19T15:48:57.090+0000] {dagbag.py:588} INFO - Filling up the DagBag from /home/airflow/.local/lib/python3.12/site-packages/airflow/example_dags/example_sensor_decorator.py
[2025-05-19T15:48:57.095+0000] {processor.py:925} INFO - DAG(s) 'example_sensor_decorator' retrieved from /home/airflow/.local/lib/python3.12/site-packages/airflow/example_dags/example_sensor_decorator.py
[2025-05-19T15:48:57.105+0000] {logging_mixin.py:190} INFO - [2025-05-19T15:48:57.105+0000] {dag.py:3239} INFO - Sync 1 DAGs
[2025-05-19T15:48:57.111+0000] {logging_mixin.py:190} INFO - [2025-05-19T15:48:57.111+0000] {dag.py:4180} INFO - Setting next_dagrun for example_sensor_decorator to None, run_after=None
[2025-05-19T15:48:57.121+0000] {processor.py:208} INFO - Processing /home/airflow/.local/lib/python3.12/site-packages/airflow/example_dags/example_sensor_decorator.py took 0.036 seconds
[2025-05-19T15:49:27.875+0000] {processor.py:186} INFO - Started process (PID=206) to work on /home/airflow/.local/lib/python3.12/site-packages/airflow/example_dags/example_sensor_decorator.py
[2025-05-19T15:49:27.876+0000] {processor.py:914} INFO - Processing file /home/airflow/.local/lib/python3.12/site-packages/airflow/example_dags/example_sensor_decorator.py for tasks to queue
[2025-05-19T15:49:27.878+0000] {logging_mixin.py:190} INFO - [2025-05-19T15:49:27.878+0000] {dagbag.py:588} INFO - Filling up the DagBag from /home/airflow/.local/lib/python3.12/site-packages/airflow/example_dags/example_sensor_decorator.py
[2025-05-19T15:49:27.883+0000] {processor.py:925} INFO - DAG(s) 'example_sensor_decorator' retrieved from /home/airflow/.local/lib/python3.12/site-packages/airflow/example_dags/example_sensor_decorator.py
[2025-05-19T15:49:27.894+0000] {logging_mixin.py:190} INFO - [2025-05-19T15:49:27.893+0000] {dag.py:3239} INFO - Sync 1 DAGs
[2025-05-19T15:49:27.900+0000] {logging_mixin.py:190} INFO - [2025-05-19T15:49:27.900+0000] {dag.py:4180} INFO - Setting next_dagrun for example_sensor_decorator to None, run_after=None
[2025-05-19T15:49:27.908+0000] {processor.py:208} INFO - Processing /home/airflow/.local/lib/python3.12/site-packages/airflow/example_dags/example_sensor_decorator.py took 0.036 seconds
[2025-05-19T15:49:58.688+0000] {processor.py:186} INFO - Started process (PID=263) to work on /home/airflow/.local/lib/python3.12/site-packages/airflow/example_dags/example_sensor_decorator.py
[2025-05-19T15:49:58.689+0000] {processor.py:914} INFO - Processing file /home/airflow/.local/lib/python3.12/site-packages/airflow/example_dags/example_sensor_decorator.py for tasks to queue
[2025-05-19T15:49:58.690+0000] {logging_mixin.py:190} INFO - [2025-05-19T15:49:58.690+0000] {dagbag.py:588} INFO - Filling up the DagBag from /home/airflow/.local/lib/python3.12/site-packages/airflow/example_dags/example_sensor_decorator.py
[2025-05-19T15:49:58.694+0000] {processor.py:925} INFO - DAG(s) 'example_sensor_decorator' retrieved from /home/airflow/.local/lib/python3.12/site-packages/airflow/example_dags/example_sensor_decorator.py
[2025-05-19T15:49:58.707+0000] {logging_mixin.py:190} INFO - [2025-05-19T15:49:58.707+0000] {dag.py:3239} INFO - Sync 1 DAGs
[2025-05-19T15:49:58.714+0000] {logging_mixin.py:190} INFO - [2025-05-19T15:49:58.714+0000] {dag.py:4180} INFO - Setting next_dagrun for example_sensor_decorator to None, run_after=None
[2025-05-19T15:49:58.723+0000] {processor.py:208} INFO - Processing /home/airflow/.local/lib/python3.12/site-packages/airflow/example_dags/example_sensor_decorator.py took 0.038 seconds
[2025-05-19T15:50:29.517+0000] {processor.py:186} INFO - Started process (PID=320) to work on /home/airflow/.local/lib/python3.12/site-packages/airflow/example_dags/example_sensor_decorator.py
[2025-05-19T15:50:29.518+0000] {processor.py:914} INFO - Processing file /home/airflow/.local/lib/python3.12/site-packages/airflow/example_dags/example_sensor_decorator.py for tasks to queue
[2025-05-19T15:50:29.520+0000] {logging_mixin.py:190} INFO - [2025-05-19T15:50:29.519+0000] {dagbag.py:588} INFO - Filling up the DagBag from /home/airflow/.local/lib/python3.12/site-packages/airflow/example_dags/example_sensor_decorator.py
[2025-05-19T15:50:29.526+0000] {processor.py:925} INFO - DAG(s) 'example_sensor_decorator' retrieved from /home/airflow/.local/lib/python3.12/site-packages/airflow/example_dags/example_sensor_decorator.py
[2025-05-19T15:50:29.537+0000] {logging_mixin.py:190} INFO - [2025-05-19T15:50:29.537+0000] {dag.py:3239} INFO - Sync 1 DAGs
[2025-05-19T15:50:29.544+0000] {logging_mixin.py:190} INFO - [2025-05-19T15:50:29.544+0000] {dag.py:4180} INFO - Setting next_dagrun for example_sensor_decorator to None, run_after=None
[2025-05-19T15:50:29.552+0000] {processor.py:208} INFO - Processing /home/airflow/.local/lib/python3.12/site-packages/airflow/example_dags/example_sensor_decorator.py took 0.038 seconds
[2025-05-19T15:51:00.164+0000] {processor.py:186} INFO - Started process (PID=377) to work on /home/airflow/.local/lib/python3.12/site-packages/airflow/example_dags/example_sensor_decorator.py
[2025-05-19T15:51:00.165+0000] {processor.py:914} INFO - Processing file /home/airflow/.local/lib/python3.12/site-packages/airflow/example_dags/example_sensor_decorator.py for tasks to queue
[2025-05-19T15:51:00.166+0000] {logging_mixin.py:190} INFO - [2025-05-19T15:51:00.166+0000] {dagbag.py:588} INFO - Filling up the DagBag from /home/airflow/.local/lib/python3.12/site-packages/airflow/example_dags/example_sensor_decorator.py
[2025-05-19T15:51:00.171+0000] {processor.py:925} INFO - DAG(s) 'example_sensor_decorator' retrieved from /home/airflow/.local/lib/python3.12/site-packages/airflow/example_dags/example_sensor_decorator.py
[2025-05-19T15:51:00.181+0000] {logging_mixin.py:190} INFO - [2025-05-19T15:51:00.181+0000] {dag.py:3239} INFO - Sync 1 DAGs
[2025-05-19T15:51:00.188+0000] {logging_mixin.py:190} INFO - [2025-05-19T15:51:00.188+0000] {dag.py:4180} INFO - Setting next_dagrun for example_sensor_decorator to None, run_after=None
[2025-05-19T15:51:00.197+0000] {processor.py:208} INFO - Processing /home/airflow/.local/lib/python3.12/site-packages/airflow/example_dags/example_sensor_decorator.py took 0.037 seconds
[2025-05-19T15:51:30.666+0000] {processor.py:186} INFO - Started process (PID=434) to work on /home/airflow/.local/lib/python3.12/site-packages/airflow/example_dags/example_sensor_decorator.py
[2025-05-19T15:51:30.667+0000] {processor.py:914} INFO - Processing file /home/airflow/.local/lib/python3.12/site-packages/airflow/example_dags/example_sensor_decorator.py for tasks to queue
[2025-05-19T15:51:30.668+0000] {logging_mixin.py:190} INFO - [2025-05-19T15:51:30.668+0000] {dagbag.py:588} INFO - Filling up the DagBag from /home/airflow/.local/lib/python3.12/site-packages/airflow/example_dags/example_sensor_decorator.py
[2025-05-19T15:51:30.673+0000] {processor.py:925} INFO - DAG(s) 'example_sensor_decorator' retrieved from /home/airflow/.local/lib/python3.12/site-packages/airflow/example_dags/example_sensor_decorator.py
[2025-05-19T15:51:30.682+0000] {logging_mixin.py:190} INFO - [2025-05-19T15:51:30.682+0000] {dag.py:3239} INFO - Sync 1 DAGs
[2025-05-19T15:51:30.689+0000] {logging_mixin.py:190} INFO - [2025-05-19T15:51:30.688+0000] {dag.py:4180} INFO - Setting next_dagrun for example_sensor_decorator to None, run_after=None
[2025-05-19T15:51:30.696+0000] {processor.py:208} INFO - Processing /home/airflow/.local/lib/python3.12/site-packages/airflow/example_dags/example_sensor_decorator.py took 0.033 seconds
[2025-05-19T15:52:01.356+0000] {processor.py:186} INFO - Started process (PID=491) to work on /home/airflow/.local/lib/python3.12/site-packages/airflow/example_dags/example_sensor_decorator.py
[2025-05-19T15:52:01.357+0000] {processor.py:914} INFO - Processing file /home/airflow/.local/lib/python3.12/site-packages/airflow/example_dags/example_sensor_decorator.py for tasks to queue
[2025-05-19T15:52:01.359+0000] {logging_mixin.py:190} INFO - [2025-05-19T15:52:01.359+0000] {dagbag.py:588} INFO - Filling up the DagBag from /home/airflow/.local/lib/python3.12/site-packages/airflow/example_dags/example_sensor_decorator.py
[2025-05-19T15:52:01.365+0000] {processor.py:925} INFO - DAG(s) 'example_sensor_decorator' retrieved from /home/airflow/.local/lib/python3.12/site-packages/airflow/example_dags/example_sensor_decorator.py
[2025-05-19T15:52:01.375+0000] {logging_mixin.py:190} INFO - [2025-05-19T15:52:01.375+0000] {dag.py:3239} INFO - Sync 1 DAGs
[2025-05-19T15:52:01.382+0000] {logging_mixin.py:190} INFO - [2025-05-19T15:52:01.382+0000] {dag.py:4180} INFO - Setting next_dagrun for example_sensor_decorator to None, run_after=None
[2025-05-19T15:52:01.391+0000] {processor.py:208} INFO - Processing /home/airflow/.local/lib/python3.12/site-packages/airflow/example_dags/example_sensor_decorator.py took 0.038 seconds
[2025-05-19T15:52:31.438+0000] {processor.py:186} INFO - Started process (PID=548) to work on /home/airflow/.local/lib/python3.12/site-packages/airflow/example_dags/example_sensor_decorator.py
[2025-05-19T15:52:31.439+0000] {processor.py:914} INFO - Processing file /home/airflow/.local/lib/python3.12/site-packages/airflow/example_dags/example_sensor_decorator.py for tasks to queue
[2025-05-19T15:52:31.441+0000] {logging_mixin.py:190} INFO - [2025-05-19T15:52:31.441+0000] {dagbag.py:588} INFO - Filling up the DagBag from /home/airflow/.local/lib/python3.12/site-packages/airflow/example_dags/example_sensor_decorator.py
[2025-05-19T15:52:31.446+0000] {processor.py:925} INFO - DAG(s) 'example_sensor_decorator' retrieved from /home/airflow/.local/lib/python3.12/site-packages/airflow/example_dags/example_sensor_decorator.py
[2025-05-19T15:52:31.456+0000] {logging_mixin.py:190} INFO - [2025-05-19T15:52:31.456+0000] {dag.py:3239} INFO - Sync 1 DAGs
[2025-05-19T15:52:31.463+0000] {logging_mixin.py:190} INFO - [2025-05-19T15:52:31.463+0000] {dag.py:4180} INFO - Setting next_dagrun for example_sensor_decorator to None, run_after=None
[2025-05-19T15:52:31.472+0000] {processor.py:208} INFO - Processing /home/airflow/.local/lib/python3.12/site-packages/airflow/example_dags/example_sensor_decorator.py took 0.037 seconds
[2025-05-19T15:53:02.569+0000] {processor.py:186} INFO - Started process (PID=605) to work on /home/airflow/.local/lib/python3.12/site-packages/airflow/example_dags/example_sensor_decorator.py
[2025-05-19T15:53:02.570+0000] {processor.py:914} INFO - Processing file /home/airflow/.local/lib/python3.12/site-packages/airflow/example_dags/example_sensor_decorator.py for tasks to queue
[2025-05-19T15:53:02.572+0000] {logging_mixin.py:190} INFO - [2025-05-19T15:53:02.572+0000] {dagbag.py:588} INFO - Filling up the DagBag from /home/airflow/.local/lib/python3.12/site-packages/airflow/example_dags/example_sensor_decorator.py
[2025-05-19T15:53:02.577+0000] {processor.py:925} INFO - DAG(s) 'example_sensor_decorator' retrieved from /home/airflow/.local/lib/python3.12/site-packages/airflow/example_dags/example_sensor_decorator.py
[2025-05-19T15:53:02.594+0000] {logging_mixin.py:190} INFO - [2025-05-19T15:53:02.594+0000] {dag.py:3239} INFO - Sync 1 DAGs
[2025-05-19T15:53:02.601+0000] {logging_mixin.py:190} INFO - [2025-05-19T15:53:02.601+0000] {dag.py:4180} INFO - Setting next_dagrun for example_sensor_decorator to None, run_after=None
[2025-05-19T15:53:02.614+0000] {processor.py:208} INFO - Processing /home/airflow/.local/lib/python3.12/site-packages/airflow/example_dags/example_sensor_decorator.py took 0.051 seconds
[2025-05-19T15:53:32.851+0000] {processor.py:186} INFO - Started process (PID=662) to work on /home/airflow/.local/lib/python3.12/site-packages/airflow/example_dags/example_sensor_decorator.py
[2025-05-19T15:53:32.851+0000] {processor.py:914} INFO - Processing file /home/airflow/.local/lib/python3.12/site-packages/airflow/example_dags/example_sensor_decorator.py for tasks to queue
[2025-05-19T15:53:32.852+0000] {logging_mixin.py:190} INFO - [2025-05-19T15:53:32.852+0000] {dagbag.py:588} INFO - Filling up the DagBag from /home/airflow/.local/lib/python3.12/site-packages/airflow/example_dags/example_sensor_decorator.py
[2025-05-19T15:53:32.858+0000] {processor.py:925} INFO - DAG(s) 'example_sensor_decorator' retrieved from /home/airflow/.local/lib/python3.12/site-packages/airflow/example_dags/example_sensor_decorator.py
[2025-05-19T15:53:32.868+0000] {logging_mixin.py:190} INFO - [2025-05-19T15:53:32.868+0000] {dag.py:3239} INFO - Sync 1 DAGs
[2025-05-19T15:53:32.875+0000] {logging_mixin.py:190} INFO - [2025-05-19T15:53:32.875+0000] {dag.py:4180} INFO - Setting next_dagrun for example_sensor_decorator to None, run_after=None
[2025-05-19T15:53:32.884+0000] {processor.py:208} INFO - Processing /home/airflow/.local/lib/python3.12/site-packages/airflow/example_dags/example_sensor_decorator.py took 0.036 seconds
[2025-05-19T15:54:03.787+0000] {processor.py:186} INFO - Started process (PID=719) to work on /home/airflow/.local/lib/python3.12/site-packages/airflow/example_dags/example_sensor_decorator.py
[2025-05-19T15:54:03.787+0000] {processor.py:914} INFO - Processing file /home/airflow/.local/lib/python3.12/site-packages/airflow/example_dags/example_sensor_decorator.py for tasks to queue
[2025-05-19T15:54:03.789+0000] {logging_mixin.py:190} INFO - [2025-05-19T15:54:03.788+0000] {dagbag.py:588} INFO - Filling up the DagBag from /home/airflow/.local/lib/python3.12/site-packages/airflow/example_dags/example_sensor_decorator.py
[2025-05-19T15:54:03.793+0000] {processor.py:925} INFO - DAG(s) 'example_sensor_decorator' retrieved from /home/airflow/.local/lib/python3.12/site-packages/airflow/example_dags/example_sensor_decorator.py
[2025-05-19T15:54:03.807+0000] {logging_mixin.py:190} INFO - [2025-05-19T15:54:03.807+0000] {dag.py:3239} INFO - Sync 1 DAGs
[2025-05-19T15:54:03.816+0000] {logging_mixin.py:190} INFO - [2025-05-19T15:54:03.816+0000] {dag.py:4180} INFO - Setting next_dagrun for example_sensor_decorator to None, run_after=None
[2025-05-19T15:54:03.828+0000] {processor.py:208} INFO - Processing /home/airflow/.local/lib/python3.12/site-packages/airflow/example_dags/example_sensor_decorator.py took 0.044 seconds
[2025-05-19T15:54:34.029+0000] {processor.py:186} INFO - Started process (PID=776) to work on /home/airflow/.local/lib/python3.12/site-packages/airflow/example_dags/example_sensor_decorator.py
[2025-05-19T15:54:34.030+0000] {processor.py:914} INFO - Processing file /home/airflow/.local/lib/python3.12/site-packages/airflow/example_dags/example_sensor_decorator.py for tasks to queue
[2025-05-19T15:54:34.031+0000] {logging_mixin.py:190} INFO - [2025-05-19T15:54:34.031+0000] {dagbag.py:588} INFO - Filling up the DagBag from /home/airflow/.local/lib/python3.12/site-packages/airflow/example_dags/example_sensor_decorator.py
[2025-05-19T15:54:34.035+0000] {processor.py:925} INFO - DAG(s) 'example_sensor_decorator' retrieved from /home/airflow/.local/lib/python3.12/site-packages/airflow/example_dags/example_sensor_decorator.py
[2025-05-19T15:54:34.047+0000] {logging_mixin.py:190} INFO - [2025-05-19T15:54:34.046+0000] {dag.py:3239} INFO - Sync 1 DAGs
[2025-05-19T15:54:34.054+0000] {logging_mixin.py:190} INFO - [2025-05-19T15:54:34.054+0000] {dag.py:4180} INFO - Setting next_dagrun for example_sensor_decorator to None, run_after=None
[2025-05-19T15:54:34.063+0000] {processor.py:208} INFO - Processing /home/airflow/.local/lib/python3.12/site-packages/airflow/example_dags/example_sensor_decorator.py took 0.038 seconds
[2025-05-19T15:55:04.508+0000] {processor.py:186} INFO - Started process (PID=833) to work on /home/airflow/.local/lib/python3.12/site-packages/airflow/example_dags/example_sensor_decorator.py
[2025-05-19T15:55:04.510+0000] {processor.py:914} INFO - Processing file /home/airflow/.local/lib/python3.12/site-packages/airflow/example_dags/example_sensor_decorator.py for tasks to queue
[2025-05-19T15:55:04.512+0000] {logging_mixin.py:190} INFO - [2025-05-19T15:55:04.512+0000] {dagbag.py:588} INFO - Filling up the DagBag from /home/airflow/.local/lib/python3.12/site-packages/airflow/example_dags/example_sensor_decorator.py
[2025-05-19T15:55:04.519+0000] {processor.py:925} INFO - DAG(s) 'example_sensor_decorator' retrieved from /home/airflow/.local/lib/python3.12/site-packages/airflow/example_dags/example_sensor_decorator.py
[2025-05-19T15:55:04.531+0000] {logging_mixin.py:190} INFO - [2025-05-19T15:55:04.531+0000] {dag.py:3239} INFO - Sync 1 DAGs
[2025-05-19T15:55:04.539+0000] {logging_mixin.py:190} INFO - [2025-05-19T15:55:04.539+0000] {dag.py:4180} INFO - Setting next_dagrun for example_sensor_decorator to None, run_after=None
[2025-05-19T15:55:04.552+0000] {processor.py:208} INFO - Processing /home/airflow/.local/lib/python3.12/site-packages/airflow/example_dags/example_sensor_decorator.py took 0.049 seconds
[2025-05-19T15:55:35.532+0000] {processor.py:186} INFO - Started process (PID=890) to work on /home/airflow/.local/lib/python3.12/site-packages/airflow/example_dags/example_sensor_decorator.py
[2025-05-19T15:55:35.533+0000] {processor.py:914} INFO - Processing file /home/airflow/.local/lib/python3.12/site-packages/airflow/example_dags/example_sensor_decorator.py for tasks to queue
[2025-05-19T15:55:35.534+0000] {logging_mixin.py:190} INFO - [2025-05-19T15:55:35.534+0000] {dagbag.py:588} INFO - Filling up the DagBag from /home/airflow/.local/lib/python3.12/site-packages/airflow/example_dags/example_sensor_decorator.py
[2025-05-19T15:55:35.539+0000] {processor.py:925} INFO - DAG(s) 'example_sensor_decorator' retrieved from /home/airflow/.local/lib/python3.12/site-packages/airflow/example_dags/example_sensor_decorator.py
[2025-05-19T15:55:35.550+0000] {logging_mixin.py:190} INFO - [2025-05-19T15:55:35.550+0000] {dag.py:3239} INFO - Sync 1 DAGs
[2025-05-19T15:55:35.559+0000] {logging_mixin.py:190} INFO - [2025-05-19T15:55:35.559+0000] {dag.py:4180} INFO - Setting next_dagrun for example_sensor_decorator to None, run_after=None
[2025-05-19T15:55:35.571+0000] {processor.py:208} INFO - Processing /home/airflow/.local/lib/python3.12/site-packages/airflow/example_dags/example_sensor_decorator.py took 0.042 seconds
[2025-05-19T15:56:06.506+0000] {processor.py:186} INFO - Started process (PID=947) to work on /home/airflow/.local/lib/python3.12/site-packages/airflow/example_dags/example_sensor_decorator.py
[2025-05-19T15:56:06.507+0000] {processor.py:914} INFO - Processing file /home/airflow/.local/lib/python3.12/site-packages/airflow/example_dags/example_sensor_decorator.py for tasks to queue
[2025-05-19T15:56:06.509+0000] {logging_mixin.py:190} INFO - [2025-05-19T15:56:06.509+0000] {dagbag.py:588} INFO - Filling up the DagBag from /home/airflow/.local/lib/python3.12/site-packages/airflow/example_dags/example_sensor_decorator.py
[2025-05-19T15:56:06.513+0000] {processor.py:925} INFO - DAG(s) 'example_sensor_decorator' retrieved from /home/airflow/.local/lib/python3.12/site-packages/airflow/example_dags/example_sensor_decorator.py
[2025-05-19T15:56:06.524+0000] {logging_mixin.py:190} INFO - [2025-05-19T15:56:06.524+0000] {dag.py:3239} INFO - Sync 1 DAGs
[2025-05-19T15:56:06.531+0000] {logging_mixin.py:190} INFO - [2025-05-19T15:56:06.531+0000] {dag.py:4180} INFO - Setting next_dagrun for example_sensor_decorator to None, run_after=None
[2025-05-19T15:56:06.538+0000] {processor.py:208} INFO - Processing /home/airflow/.local/lib/python3.12/site-packages/airflow/example_dags/example_sensor_decorator.py took 0.038 seconds
[2025-05-19T15:56:37.580+0000] {processor.py:186} INFO - Started process (PID=1004) to work on /home/airflow/.local/lib/python3.12/site-packages/airflow/example_dags/example_sensor_decorator.py
[2025-05-19T15:56:37.581+0000] {processor.py:914} INFO - Processing file /home/airflow/.local/lib/python3.12/site-packages/airflow/example_dags/example_sensor_decorator.py for tasks to queue
[2025-05-19T15:56:37.582+0000] {logging_mixin.py:190} INFO - [2025-05-19T15:56:37.582+0000] {dagbag.py:588} INFO - Filling up the DagBag from /home/airflow/.local/lib/python3.12/site-packages/airflow/example_dags/example_sensor_decorator.py
[2025-05-19T15:56:37.586+0000] {processor.py:925} INFO - DAG(s) 'example_sensor_decorator' retrieved from /home/airflow/.local/lib/python3.12/site-packages/airflow/example_dags/example_sensor_decorator.py
[2025-05-19T15:56:37.597+0000] {logging_mixin.py:190} INFO - [2025-05-19T15:56:37.597+0000] {dag.py:3239} INFO - Sync 1 DAGs
[2025-05-19T15:56:37.605+0000] {logging_mixin.py:190} INFO - [2025-05-19T15:56:37.605+0000] {dag.py:4180} INFO - Setting next_dagrun for example_sensor_decorator to None, run_after=None
[2025-05-19T15:56:37.613+0000] {processor.py:208} INFO - Processing /home/airflow/.local/lib/python3.12/site-packages/airflow/example_dags/example_sensor_decorator.py took 0.037 seconds
[2025-05-19T15:57:08.510+0000] {processor.py:186} INFO - Started process (PID=1061) to work on /home/airflow/.local/lib/python3.12/site-packages/airflow/example_dags/example_sensor_decorator.py
[2025-05-19T15:57:08.510+0000] {processor.py:914} INFO - Processing file /home/airflow/.local/lib/python3.12/site-packages/airflow/example_dags/example_sensor_decorator.py for tasks to queue
[2025-05-19T15:57:08.511+0000] {logging_mixin.py:190} INFO - [2025-05-19T15:57:08.511+0000] {dagbag.py:588} INFO - Filling up the DagBag from /home/airflow/.local/lib/python3.12/site-packages/airflow/example_dags/example_sensor_decorator.py
[2025-05-19T15:57:08.517+0000] {processor.py:925} INFO - DAG(s) 'example_sensor_decorator' retrieved from /home/airflow/.local/lib/python3.12/site-packages/airflow/example_dags/example_sensor_decorator.py
[2025-05-19T15:57:08.527+0000] {logging_mixin.py:190} INFO - [2025-05-19T15:57:08.526+0000] {dag.py:3239} INFO - Sync 1 DAGs
[2025-05-19T15:57:08.533+0000] {logging_mixin.py:190} INFO - [2025-05-19T15:57:08.533+0000] {dag.py:4180} INFO - Setting next_dagrun for example_sensor_decorator to None, run_after=None
[2025-05-19T15:57:08.541+0000] {processor.py:208} INFO - Processing /home/airflow/.local/lib/python3.12/site-packages/airflow/example_dags/example_sensor_decorator.py took 0.035 seconds
[2025-05-19T15:57:39.445+0000] {processor.py:186} INFO - Started process (PID=1118) to work on /home/airflow/.local/lib/python3.12/site-packages/airflow/example_dags/example_sensor_decorator.py
[2025-05-19T15:57:39.447+0000] {processor.py:914} INFO - Processing file /home/airflow/.local/lib/python3.12/site-packages/airflow/example_dags/example_sensor_decorator.py for tasks to queue
[2025-05-19T15:57:39.449+0000] {logging_mixin.py:190} INFO - [2025-05-19T15:57:39.449+0000] {dagbag.py:588} INFO - Filling up the DagBag from /home/airflow/.local/lib/python3.12/site-packages/airflow/example_dags/example_sensor_decorator.py
[2025-05-19T15:57:39.454+0000] {processor.py:925} INFO - DAG(s) 'example_sensor_decorator' retrieved from /home/airflow/.local/lib/python3.12/site-packages/airflow/example_dags/example_sensor_decorator.py
[2025-05-19T15:57:39.465+0000] {logging_mixin.py:190} INFO - [2025-05-19T15:57:39.464+0000] {dag.py:3239} INFO - Sync 1 DAGs
[2025-05-19T15:57:39.472+0000] {logging_mixin.py:190} INFO - [2025-05-19T15:57:39.472+0000] {dag.py:4180} INFO - Setting next_dagrun for example_sensor_decorator to None, run_after=None
[2025-05-19T15:57:39.485+0000] {processor.py:208} INFO - Processing /home/airflow/.local/lib/python3.12/site-packages/airflow/example_dags/example_sensor_decorator.py took 0.043 seconds
[2025-05-19T15:58:10.363+0000] {processor.py:186} INFO - Started process (PID=1175) to work on /home/airflow/.local/lib/python3.12/site-packages/airflow/example_dags/example_sensor_decorator.py
[2025-05-19T15:58:10.364+0000] {processor.py:914} INFO - Processing file /home/airflow/.local/lib/python3.12/site-packages/airflow/example_dags/example_sensor_decorator.py for tasks to queue
[2025-05-19T15:58:10.365+0000] {logging_mixin.py:190} INFO - [2025-05-19T15:58:10.365+0000] {dagbag.py:588} INFO - Filling up the DagBag from /home/airflow/.local/lib/python3.12/site-packages/airflow/example_dags/example_sensor_decorator.py
[2025-05-19T15:58:10.370+0000] {processor.py:925} INFO - DAG(s) 'example_sensor_decorator' retrieved from /home/airflow/.local/lib/python3.12/site-packages/airflow/example_dags/example_sensor_decorator.py
[2025-05-19T15:58:10.382+0000] {logging_mixin.py:190} INFO - [2025-05-19T15:58:10.382+0000] {dag.py:3239} INFO - Sync 1 DAGs
[2025-05-19T15:58:10.388+0000] {logging_mixin.py:190} INFO - [2025-05-19T15:58:10.388+0000] {dag.py:4180} INFO - Setting next_dagrun for example_sensor_decorator to None, run_after=None
[2025-05-19T15:58:10.398+0000] {processor.py:208} INFO - Processing /home/airflow/.local/lib/python3.12/site-packages/airflow/example_dags/example_sensor_decorator.py took 0.039 seconds
[2025-05-19T15:58:41.255+0000] {processor.py:186} INFO - Started process (PID=1232) to work on /home/airflow/.local/lib/python3.12/site-packages/airflow/example_dags/example_sensor_decorator.py
[2025-05-19T15:58:41.256+0000] {processor.py:914} INFO - Processing file /home/airflow/.local/lib/python3.12/site-packages/airflow/example_dags/example_sensor_decorator.py for tasks to queue
[2025-05-19T15:58:41.259+0000] {logging_mixin.py:190} INFO - [2025-05-19T15:58:41.259+0000] {dagbag.py:588} INFO - Filling up the DagBag from /home/airflow/.local/lib/python3.12/site-packages/airflow/example_dags/example_sensor_decorator.py
[2025-05-19T15:58:41.264+0000] {processor.py:925} INFO - DAG(s) 'example_sensor_decorator' retrieved from /home/airflow/.local/lib/python3.12/site-packages/airflow/example_dags/example_sensor_decorator.py
[2025-05-19T15:58:41.275+0000] {logging_mixin.py:190} INFO - [2025-05-19T15:58:41.275+0000] {dag.py:3239} INFO - Sync 1 DAGs
[2025-05-19T15:58:41.282+0000] {logging_mixin.py:190} INFO - [2025-05-19T15:58:41.282+0000] {dag.py:4180} INFO - Setting next_dagrun for example_sensor_decorator to None, run_after=None
[2025-05-19T15:58:41.290+0000] {processor.py:208} INFO - Processing /home/airflow/.local/lib/python3.12/site-packages/airflow/example_dags/example_sensor_decorator.py took 0.039 seconds
[2025-05-19T15:59:12.061+0000] {processor.py:186} INFO - Started process (PID=1289) to work on /home/airflow/.local/lib/python3.12/site-packages/airflow/example_dags/example_sensor_decorator.py
[2025-05-19T15:59:12.063+0000] {processor.py:914} INFO - Processing file /home/airflow/.local/lib/python3.12/site-packages/airflow/example_dags/example_sensor_decorator.py for tasks to queue
[2025-05-19T15:59:12.064+0000] {logging_mixin.py:190} INFO - [2025-05-19T15:59:12.064+0000] {dagbag.py:588} INFO - Filling up the DagBag from /home/airflow/.local/lib/python3.12/site-packages/airflow/example_dags/example_sensor_decorator.py
[2025-05-19T15:59:12.069+0000] {processor.py:925} INFO - DAG(s) 'example_sensor_decorator' retrieved from /home/airflow/.local/lib/python3.12/site-packages/airflow/example_dags/example_sensor_decorator.py
[2025-05-19T15:59:12.079+0000] {logging_mixin.py:190} INFO - [2025-05-19T15:59:12.079+0000] {dag.py:3239} INFO - Sync 1 DAGs
[2025-05-19T15:59:12.086+0000] {logging_mixin.py:190} INFO - [2025-05-19T15:59:12.086+0000] {dag.py:4180} INFO - Setting next_dagrun for example_sensor_decorator to None, run_after=None
[2025-05-19T15:59:12.096+0000] {processor.py:208} INFO - Processing /home/airflow/.local/lib/python3.12/site-packages/airflow/example_dags/example_sensor_decorator.py took 0.040 seconds
[2025-05-19T15:59:43.078+0000] {processor.py:186} INFO - Started process (PID=1346) to work on /home/airflow/.local/lib/python3.12/site-packages/airflow/example_dags/example_sensor_decorator.py
[2025-05-19T15:59:43.079+0000] {processor.py:914} INFO - Processing file /home/airflow/.local/lib/python3.12/site-packages/airflow/example_dags/example_sensor_decorator.py for tasks to queue
[2025-05-19T15:59:43.080+0000] {logging_mixin.py:190} INFO - [2025-05-19T15:59:43.080+0000] {dagbag.py:588} INFO - Filling up the DagBag from /home/airflow/.local/lib/python3.12/site-packages/airflow/example_dags/example_sensor_decorator.py
[2025-05-19T15:59:43.084+0000] {processor.py:925} INFO - DAG(s) 'example_sensor_decorator' retrieved from /home/airflow/.local/lib/python3.12/site-packages/airflow/example_dags/example_sensor_decorator.py
[2025-05-19T15:59:43.095+0000] {logging_mixin.py:190} INFO - [2025-05-19T15:59:43.095+0000] {dag.py:3239} INFO - Sync 1 DAGs
[2025-05-19T15:59:43.102+0000] {logging_mixin.py:190} INFO - [2025-05-19T15:59:43.102+0000] {dag.py:4180} INFO - Setting next_dagrun for example_sensor_decorator to None, run_after=None
[2025-05-19T15:59:43.110+0000] {processor.py:208} INFO - Processing /home/airflow/.local/lib/python3.12/site-packages/airflow/example_dags/example_sensor_decorator.py took 0.036 seconds
[2025-05-19T16:00:14.125+0000] {processor.py:186} INFO - Started process (PID=1403) to work on /home/airflow/.local/lib/python3.12/site-packages/airflow/example_dags/example_sensor_decorator.py
[2025-05-19T16:00:14.125+0000] {processor.py:914} INFO - Processing file /home/airflow/.local/lib/python3.12/site-packages/airflow/example_dags/example_sensor_decorator.py for tasks to queue
[2025-05-19T16:00:14.127+0000] {logging_mixin.py:190} INFO - [2025-05-19T16:00:14.126+0000] {dagbag.py:588} INFO - Filling up the DagBag from /home/airflow/.local/lib/python3.12/site-packages/airflow/example_dags/example_sensor_decorator.py
[2025-05-19T16:00:14.132+0000] {processor.py:925} INFO - DAG(s) 'example_sensor_decorator' retrieved from /home/airflow/.local/lib/python3.12/site-packages/airflow/example_dags/example_sensor_decorator.py
[2025-05-19T16:00:14.142+0000] {logging_mixin.py:190} INFO - [2025-05-19T16:00:14.142+0000] {dag.py:3239} INFO - Sync 1 DAGs
[2025-05-19T16:00:14.149+0000] {logging_mixin.py:190} INFO - [2025-05-19T16:00:14.149+0000] {dag.py:4180} INFO - Setting next_dagrun for example_sensor_decorator to None, run_after=None
[2025-05-19T16:00:14.157+0000] {processor.py:208} INFO - Processing /home/airflow/.local/lib/python3.12/site-packages/airflow/example_dags/example_sensor_decorator.py took 0.035 seconds
[2025-05-19T16:00:45.149+0000] {processor.py:186} INFO - Started process (PID=1460) to work on /home/airflow/.local/lib/python3.12/site-packages/airflow/example_dags/example_sensor_decorator.py
[2025-05-19T16:00:45.150+0000] {processor.py:914} INFO - Processing file /home/airflow/.local/lib/python3.12/site-packages/airflow/example_dags/example_sensor_decorator.py for tasks to queue
[2025-05-19T16:00:45.151+0000] {logging_mixin.py:190} INFO - [2025-05-19T16:00:45.151+0000] {dagbag.py:588} INFO - Filling up the DagBag from /home/airflow/.local/lib/python3.12/site-packages/airflow/example_dags/example_sensor_decorator.py
[2025-05-19T16:00:45.155+0000] {processor.py:925} INFO - DAG(s) 'example_sensor_decorator' retrieved from /home/airflow/.local/lib/python3.12/site-packages/airflow/example_dags/example_sensor_decorator.py
[2025-05-19T16:00:45.166+0000] {logging_mixin.py:190} INFO - [2025-05-19T16:00:45.165+0000] {dag.py:3239} INFO - Sync 1 DAGs
[2025-05-19T16:00:45.172+0000] {logging_mixin.py:190} INFO - [2025-05-19T16:00:45.172+0000] {dag.py:4180} INFO - Setting next_dagrun for example_sensor_decorator to None, run_after=None
[2025-05-19T16:00:45.179+0000] {processor.py:208} INFO - Processing /home/airflow/.local/lib/python3.12/site-packages/airflow/example_dags/example_sensor_decorator.py took 0.035 seconds
[2025-05-19T16:01:15.225+0000] {processor.py:186} INFO - Started process (PID=1517) to work on /home/airflow/.local/lib/python3.12/site-packages/airflow/example_dags/example_sensor_decorator.py
[2025-05-19T16:01:15.225+0000] {processor.py:914} INFO - Processing file /home/airflow/.local/lib/python3.12/site-packages/airflow/example_dags/example_sensor_decorator.py for tasks to queue
[2025-05-19T16:01:15.227+0000] {logging_mixin.py:190} INFO - [2025-05-19T16:01:15.227+0000] {dagbag.py:588} INFO - Filling up the DagBag from /home/airflow/.local/lib/python3.12/site-packages/airflow/example_dags/example_sensor_decorator.py
[2025-05-19T16:01:15.232+0000] {processor.py:925} INFO - DAG(s) 'example_sensor_decorator' retrieved from /home/airflow/.local/lib/python3.12/site-packages/airflow/example_dags/example_sensor_decorator.py
[2025-05-19T16:01:15.244+0000] {logging_mixin.py:190} INFO - [2025-05-19T16:01:15.244+0000] {dag.py:3239} INFO - Sync 1 DAGs
[2025-05-19T16:01:15.250+0000] {logging_mixin.py:190} INFO - [2025-05-19T16:01:15.250+0000] {dag.py:4180} INFO - Setting next_dagrun for example_sensor_decorator to None, run_after=None
[2025-05-19T16:01:15.258+0000] {processor.py:208} INFO - Processing /home/airflow/.local/lib/python3.12/site-packages/airflow/example_dags/example_sensor_decorator.py took 0.037 seconds
[2025-05-19T16:01:46.148+0000] {processor.py:186} INFO - Started process (PID=1574) to work on /home/airflow/.local/lib/python3.12/site-packages/airflow/example_dags/example_sensor_decorator.py
[2025-05-19T16:01:46.149+0000] {processor.py:914} INFO - Processing file /home/airflow/.local/lib/python3.12/site-packages/airflow/example_dags/example_sensor_decorator.py for tasks to queue
[2025-05-19T16:01:46.151+0000] {logging_mixin.py:190} INFO - [2025-05-19T16:01:46.151+0000] {dagbag.py:588} INFO - Filling up the DagBag from /home/airflow/.local/lib/python3.12/site-packages/airflow/example_dags/example_sensor_decorator.py
[2025-05-19T16:01:46.156+0000] {processor.py:925} INFO - DAG(s) 'example_sensor_decorator' retrieved from /home/airflow/.local/lib/python3.12/site-packages/airflow/example_dags/example_sensor_decorator.py
[2025-05-19T16:01:46.171+0000] {logging_mixin.py:190} INFO - [2025-05-19T16:01:46.171+0000] {dag.py:3239} INFO - Sync 1 DAGs
[2025-05-19T16:01:46.179+0000] {logging_mixin.py:190} INFO - [2025-05-19T16:01:46.179+0000] {dag.py:4180} INFO - Setting next_dagrun for example_sensor_decorator to None, run_after=None
[2025-05-19T16:01:46.189+0000] {processor.py:208} INFO - Processing /home/airflow/.local/lib/python3.12/site-packages/airflow/example_dags/example_sensor_decorator.py took 0.045 seconds
[2025-05-19T16:02:16.851+0000] {processor.py:186} INFO - Started process (PID=1631) to work on /home/airflow/.local/lib/python3.12/site-packages/airflow/example_dags/example_sensor_decorator.py
[2025-05-19T16:02:16.851+0000] {processor.py:914} INFO - Processing file /home/airflow/.local/lib/python3.12/site-packages/airflow/example_dags/example_sensor_decorator.py for tasks to queue
[2025-05-19T16:02:16.852+0000] {logging_mixin.py:190} INFO - [2025-05-19T16:02:16.852+0000] {dagbag.py:588} INFO - Filling up the DagBag from /home/airflow/.local/lib/python3.12/site-packages/airflow/example_dags/example_sensor_decorator.py
[2025-05-19T16:02:16.857+0000] {processor.py:925} INFO - DAG(s) 'example_sensor_decorator' retrieved from /home/airflow/.local/lib/python3.12/site-packages/airflow/example_dags/example_sensor_decorator.py
[2025-05-19T16:02:16.868+0000] {logging_mixin.py:190} INFO - [2025-05-19T16:02:16.868+0000] {dag.py:3239} INFO - Sync 1 DAGs
[2025-05-19T16:02:16.876+0000] {logging_mixin.py:190} INFO - [2025-05-19T16:02:16.875+0000] {dag.py:4180} INFO - Setting next_dagrun for example_sensor_decorator to None, run_after=None
[2025-05-19T16:02:16.885+0000] {processor.py:208} INFO - Processing /home/airflow/.local/lib/python3.12/site-packages/airflow/example_dags/example_sensor_decorator.py took 0.038 seconds
[2025-05-19T16:02:47.754+0000] {processor.py:186} INFO - Started process (PID=1688) to work on /home/airflow/.local/lib/python3.12/site-packages/airflow/example_dags/example_sensor_decorator.py
[2025-05-19T16:02:47.754+0000] {processor.py:914} INFO - Processing file /home/airflow/.local/lib/python3.12/site-packages/airflow/example_dags/example_sensor_decorator.py for tasks to queue
[2025-05-19T16:02:47.756+0000] {logging_mixin.py:190} INFO - [2025-05-19T16:02:47.756+0000] {dagbag.py:588} INFO - Filling up the DagBag from /home/airflow/.local/lib/python3.12/site-packages/airflow/example_dags/example_sensor_decorator.py
[2025-05-19T16:02:47.762+0000] {processor.py:925} INFO - DAG(s) 'example_sensor_decorator' retrieved from /home/airflow/.local/lib/python3.12/site-packages/airflow/example_dags/example_sensor_decorator.py
[2025-05-19T16:02:47.774+0000] {logging_mixin.py:190} INFO - [2025-05-19T16:02:47.774+0000] {dag.py:3239} INFO - Sync 1 DAGs
[2025-05-19T16:02:47.781+0000] {logging_mixin.py:190} INFO - [2025-05-19T16:02:47.781+0000] {dag.py:4180} INFO - Setting next_dagrun for example_sensor_decorator to None, run_after=None
[2025-05-19T16:02:47.791+0000] {processor.py:208} INFO - Processing /home/airflow/.local/lib/python3.12/site-packages/airflow/example_dags/example_sensor_decorator.py took 0.040 seconds
[2025-05-19T16:03:18.842+0000] {processor.py:186} INFO - Started process (PID=1745) to work on /home/airflow/.local/lib/python3.12/site-packages/airflow/example_dags/example_sensor_decorator.py
[2025-05-19T16:03:18.842+0000] {processor.py:914} INFO - Processing file /home/airflow/.local/lib/python3.12/site-packages/airflow/example_dags/example_sensor_decorator.py for tasks to queue
[2025-05-19T16:03:18.844+0000] {logging_mixin.py:190} INFO - [2025-05-19T16:03:18.844+0000] {dagbag.py:588} INFO - Filling up the DagBag from /home/airflow/.local/lib/python3.12/site-packages/airflow/example_dags/example_sensor_decorator.py
[2025-05-19T16:03:18.848+0000] {processor.py:925} INFO - DAG(s) 'example_sensor_decorator' retrieved from /home/airflow/.local/lib/python3.12/site-packages/airflow/example_dags/example_sensor_decorator.py
[2025-05-19T16:03:18.859+0000] {logging_mixin.py:190} INFO - [2025-05-19T16:03:18.859+0000] {dag.py:3239} INFO - Sync 1 DAGs
[2025-05-19T16:03:18.865+0000] {logging_mixin.py:190} INFO - [2025-05-19T16:03:18.865+0000] {dag.py:4180} INFO - Setting next_dagrun for example_sensor_decorator to None, run_after=None
[2025-05-19T16:03:18.874+0000] {processor.py:208} INFO - Processing /home/airflow/.local/lib/python3.12/site-packages/airflow/example_dags/example_sensor_decorator.py took 0.035 seconds
[2025-05-19T16:03:49.629+0000] {processor.py:186} INFO - Started process (PID=1802) to work on /home/airflow/.local/lib/python3.12/site-packages/airflow/example_dags/example_sensor_decorator.py
[2025-05-19T16:03:49.630+0000] {processor.py:914} INFO - Processing file /home/airflow/.local/lib/python3.12/site-packages/airflow/example_dags/example_sensor_decorator.py for tasks to queue
[2025-05-19T16:03:49.631+0000] {logging_mixin.py:190} INFO - [2025-05-19T16:03:49.631+0000] {dagbag.py:588} INFO - Filling up the DagBag from /home/airflow/.local/lib/python3.12/site-packages/airflow/example_dags/example_sensor_decorator.py
[2025-05-19T16:03:49.635+0000] {processor.py:925} INFO - DAG(s) 'example_sensor_decorator' retrieved from /home/airflow/.local/lib/python3.12/site-packages/airflow/example_dags/example_sensor_decorator.py
[2025-05-19T16:03:49.645+0000] {logging_mixin.py:190} INFO - [2025-05-19T16:03:49.645+0000] {dag.py:3239} INFO - Sync 1 DAGs
[2025-05-19T16:03:49.652+0000] {logging_mixin.py:190} INFO - [2025-05-19T16:03:49.651+0000] {dag.py:4180} INFO - Setting next_dagrun for example_sensor_decorator to None, run_after=None
[2025-05-19T16:03:49.661+0000] {processor.py:208} INFO - Processing /home/airflow/.local/lib/python3.12/site-packages/airflow/example_dags/example_sensor_decorator.py took 0.036 seconds
[2025-05-19T16:04:20.546+0000] {processor.py:186} INFO - Started process (PID=1859) to work on /home/airflow/.local/lib/python3.12/site-packages/airflow/example_dags/example_sensor_decorator.py
[2025-05-19T16:04:20.550+0000] {processor.py:914} INFO - Processing file /home/airflow/.local/lib/python3.12/site-packages/airflow/example_dags/example_sensor_decorator.py for tasks to queue
[2025-05-19T16:04:20.552+0000] {logging_mixin.py:190} INFO - [2025-05-19T16:04:20.552+0000] {dagbag.py:588} INFO - Filling up the DagBag from /home/airflow/.local/lib/python3.12/site-packages/airflow/example_dags/example_sensor_decorator.py
[2025-05-19T16:04:20.556+0000] {processor.py:925} INFO - DAG(s) 'example_sensor_decorator' retrieved from /home/airflow/.local/lib/python3.12/site-packages/airflow/example_dags/example_sensor_decorator.py
[2025-05-19T16:04:20.567+0000] {logging_mixin.py:190} INFO - [2025-05-19T16:04:20.567+0000] {dag.py:3239} INFO - Sync 1 DAGs
[2025-05-19T16:04:20.574+0000] {logging_mixin.py:190} INFO - [2025-05-19T16:04:20.574+0000] {dag.py:4180} INFO - Setting next_dagrun for example_sensor_decorator to None, run_after=None
[2025-05-19T16:04:20.584+0000] {processor.py:208} INFO - Processing /home/airflow/.local/lib/python3.12/site-packages/airflow/example_dags/example_sensor_decorator.py took 0.042 seconds
[2025-05-19T16:04:51.194+0000] {processor.py:186} INFO - Started process (PID=1916) to work on /home/airflow/.local/lib/python3.12/site-packages/airflow/example_dags/example_sensor_decorator.py
[2025-05-19T16:04:51.196+0000] {processor.py:914} INFO - Processing file /home/airflow/.local/lib/python3.12/site-packages/airflow/example_dags/example_sensor_decorator.py for tasks to queue
[2025-05-19T16:04:51.198+0000] {logging_mixin.py:190} INFO - [2025-05-19T16:04:51.197+0000] {dagbag.py:588} INFO - Filling up the DagBag from /home/airflow/.local/lib/python3.12/site-packages/airflow/example_dags/example_sensor_decorator.py
[2025-05-19T16:04:51.202+0000] {processor.py:925} INFO - DAG(s) 'example_sensor_decorator' retrieved from /home/airflow/.local/lib/python3.12/site-packages/airflow/example_dags/example_sensor_decorator.py
[2025-05-19T16:04:51.212+0000] {logging_mixin.py:190} INFO - [2025-05-19T16:04:51.212+0000] {dag.py:3239} INFO - Sync 1 DAGs
[2025-05-19T16:04:51.219+0000] {logging_mixin.py:190} INFO - [2025-05-19T16:04:51.219+0000] {dag.py:4180} INFO - Setting next_dagrun for example_sensor_decorator to None, run_after=None
[2025-05-19T16:04:51.228+0000] {processor.py:208} INFO - Processing /home/airflow/.local/lib/python3.12/site-packages/airflow/example_dags/example_sensor_decorator.py took 0.037 seconds
