[2025-05-19T15:47:56.493+0000] {processor.py:186} INFO - Started process (PID=47) to work on /home/airflow/.local/lib/python3.12/site-packages/airflow/example_dags/example_python_decorator.py
[2025-05-19T15:47:56.494+0000] {processor.py:914} INFO - Processing file /home/airflow/.local/lib/python3.12/site-packages/airflow/example_dags/example_python_decorator.py for tasks to queue
[2025-05-19T15:47:56.495+0000] {logging_mixin.py:190} INFO - [2025-05-19T15:47:56.495+0000] {dagbag.py:588} INFO - Filling up the DagBag from /home/airflow/.local/lib/python3.12/site-packages/airflow/example_dags/example_python_decorator.py
[2025-05-19T15:47:56.512+0000] {processor.py:925} INFO - DAG(s) 'example_python_decorator' retrieved from /home/airflow/.local/lib/python3.12/site-packages/airflow/example_dags/example_python_decorator.py
[2025-05-19T15:47:56.601+0000] {logging_mixin.py:190} INFO - [2025-05-19T15:47:56.601+0000] {override.py:1912} INFO - Created Permission View: can delete on DAG:example_python_decorator
[2025-05-19T15:47:56.610+0000] {logging_mixin.py:190} INFO - [2025-05-19T15:47:56.609+0000] {override.py:1912} INFO - Created Permission View: can read on DAG:example_python_decorator
[2025-05-19T15:47:56.614+0000] {logging_mixin.py:190} INFO - [2025-05-19T15:47:56.614+0000] {override.py:1912} INFO - Created Permission View: can edit on DAG:example_python_decorator
[2025-05-19T15:47:56.619+0000] {logging_mixin.py:190} INFO - [2025-05-19T15:47:56.618+0000] {override.py:1912} INFO - Created Permission View: menu access on DAG Run:example_python_decorator
[2025-05-19T15:47:56.622+0000] {logging_mixin.py:190} INFO - [2025-05-19T15:47:56.622+0000] {override.py:1912} INFO - Created Permission View: can create on DAG Run:example_python_decorator
[2025-05-19T15:47:56.626+0000] {logging_mixin.py:190} INFO - [2025-05-19T15:47:56.626+0000] {override.py:1912} INFO - Created Permission View: can delete on DAG Run:example_python_decorator
[2025-05-19T15:47:56.630+0000] {logging_mixin.py:190} INFO - [2025-05-19T15:47:56.630+0000] {override.py:1912} INFO - Created Permission View: can read on DAG Run:example_python_decorator
[2025-05-19T15:47:56.630+0000] {logging_mixin.py:190} INFO - [2025-05-19T15:47:56.630+0000] {dag.py:3239} INFO - Sync 1 DAGs
[2025-05-19T15:47:56.640+0000] {logging_mixin.py:190} INFO - [2025-05-19T15:47:56.640+0000] {dag.py:3262} INFO - Creating ORM DAG for example_python_decorator
[2025-05-19T15:47:56.640+0000] {logging_mixin.py:190} INFO - [2025-05-19T15:47:56.640+0000] {dag.py:4180} INFO - Setting next_dagrun for example_python_decorator to None, run_after=None
[2025-05-19T15:47:56.649+0000] {processor.py:208} INFO - Processing /home/airflow/.local/lib/python3.12/site-packages/airflow/example_dags/example_python_decorator.py took 0.160 seconds
[2025-05-19T15:48:27.435+0000] {processor.py:186} INFO - Started process (PID=103) to work on /home/airflow/.local/lib/python3.12/site-packages/airflow/example_dags/example_python_decorator.py
[2025-05-19T15:48:27.437+0000] {processor.py:914} INFO - Processing file /home/airflow/.local/lib/python3.12/site-packages/airflow/example_dags/example_python_decorator.py for tasks to queue
[2025-05-19T15:48:27.439+0000] {logging_mixin.py:190} INFO - [2025-05-19T15:48:27.438+0000] {dagbag.py:588} INFO - Filling up the DagBag from /home/airflow/.local/lib/python3.12/site-packages/airflow/example_dags/example_python_decorator.py
[2025-05-19T15:48:27.450+0000] {processor.py:925} INFO - DAG(s) 'example_python_decorator' retrieved from /home/airflow/.local/lib/python3.12/site-packages/airflow/example_dags/example_python_decorator.py
[2025-05-19T15:48:27.463+0000] {logging_mixin.py:190} INFO - [2025-05-19T15:48:27.463+0000] {dag.py:3239} INFO - Sync 1 DAGs
[2025-05-19T15:48:27.470+0000] {logging_mixin.py:190} INFO - [2025-05-19T15:48:27.470+0000] {dag.py:4180} INFO - Setting next_dagrun for example_python_decorator to None, run_after=None
[2025-05-19T15:48:27.480+0000] {processor.py:208} INFO - Processing /home/airflow/.local/lib/python3.12/site-packages/airflow/example_dags/example_python_decorator.py took 0.050 seconds
[2025-05-19T15:48:58.452+0000] {processor.py:186} INFO - Started process (PID=161) to work on /home/airflow/.local/lib/python3.12/site-packages/airflow/example_dags/example_python_decorator.py
[2025-05-19T15:48:58.452+0000] {processor.py:914} INFO - Processing file /home/airflow/.local/lib/python3.12/site-packages/airflow/example_dags/example_python_decorator.py for tasks to queue
[2025-05-19T15:48:58.453+0000] {logging_mixin.py:190} INFO - [2025-05-19T15:48:58.453+0000] {dagbag.py:588} INFO - Filling up the DagBag from /home/airflow/.local/lib/python3.12/site-packages/airflow/example_dags/example_python_decorator.py
[2025-05-19T15:48:58.462+0000] {processor.py:925} INFO - DAG(s) 'example_python_decorator' retrieved from /home/airflow/.local/lib/python3.12/site-packages/airflow/example_dags/example_python_decorator.py
[2025-05-19T15:48:58.475+0000] {logging_mixin.py:190} INFO - [2025-05-19T15:48:58.475+0000] {dag.py:3239} INFO - Sync 1 DAGs
[2025-05-19T15:48:58.482+0000] {logging_mixin.py:190} INFO - [2025-05-19T15:48:58.482+0000] {dag.py:4180} INFO - Setting next_dagrun for example_python_decorator to None, run_after=None
[2025-05-19T15:48:58.490+0000] {processor.py:208} INFO - Processing /home/airflow/.local/lib/python3.12/site-packages/airflow/example_dags/example_python_decorator.py took 0.042 seconds
[2025-05-19T15:49:29.242+0000] {processor.py:186} INFO - Started process (PID=218) to work on /home/airflow/.local/lib/python3.12/site-packages/airflow/example_dags/example_python_decorator.py
[2025-05-19T15:49:29.243+0000] {processor.py:914} INFO - Processing file /home/airflow/.local/lib/python3.12/site-packages/airflow/example_dags/example_python_decorator.py for tasks to queue
[2025-05-19T15:49:29.244+0000] {logging_mixin.py:190} INFO - [2025-05-19T15:49:29.244+0000] {dagbag.py:588} INFO - Filling up the DagBag from /home/airflow/.local/lib/python3.12/site-packages/airflow/example_dags/example_python_decorator.py
[2025-05-19T15:49:29.252+0000] {processor.py:925} INFO - DAG(s) 'example_python_decorator' retrieved from /home/airflow/.local/lib/python3.12/site-packages/airflow/example_dags/example_python_decorator.py
[2025-05-19T15:49:29.263+0000] {logging_mixin.py:190} INFO - [2025-05-19T15:49:29.263+0000] {dag.py:3239} INFO - Sync 1 DAGs
[2025-05-19T15:49:29.270+0000] {logging_mixin.py:190} INFO - [2025-05-19T15:49:29.270+0000] {dag.py:4180} INFO - Setting next_dagrun for example_python_decorator to None, run_after=None
[2025-05-19T15:49:29.280+0000] {processor.py:208} INFO - Processing /home/airflow/.local/lib/python3.12/site-packages/airflow/example_dags/example_python_decorator.py took 0.040 seconds
[2025-05-19T15:50:00.077+0000] {processor.py:186} INFO - Started process (PID=275) to work on /home/airflow/.local/lib/python3.12/site-packages/airflow/example_dags/example_python_decorator.py
[2025-05-19T15:50:00.077+0000] {processor.py:914} INFO - Processing file /home/airflow/.local/lib/python3.12/site-packages/airflow/example_dags/example_python_decorator.py for tasks to queue
[2025-05-19T15:50:00.078+0000] {logging_mixin.py:190} INFO - [2025-05-19T15:50:00.078+0000] {dagbag.py:588} INFO - Filling up the DagBag from /home/airflow/.local/lib/python3.12/site-packages/airflow/example_dags/example_python_decorator.py
[2025-05-19T15:50:00.085+0000] {processor.py:925} INFO - DAG(s) 'example_python_decorator' retrieved from /home/airflow/.local/lib/python3.12/site-packages/airflow/example_dags/example_python_decorator.py
[2025-05-19T15:50:00.098+0000] {logging_mixin.py:190} INFO - [2025-05-19T15:50:00.097+0000] {dag.py:3239} INFO - Sync 1 DAGs
[2025-05-19T15:50:00.105+0000] {logging_mixin.py:190} INFO - [2025-05-19T15:50:00.105+0000] {dag.py:4180} INFO - Setting next_dagrun for example_python_decorator to None, run_after=None
[2025-05-19T15:50:00.114+0000] {processor.py:208} INFO - Processing /home/airflow/.local/lib/python3.12/site-packages/airflow/example_dags/example_python_decorator.py took 0.040 seconds
[2025-05-19T15:50:30.885+0000] {processor.py:186} INFO - Started process (PID=332) to work on /home/airflow/.local/lib/python3.12/site-packages/airflow/example_dags/example_python_decorator.py
[2025-05-19T15:50:30.886+0000] {processor.py:914} INFO - Processing file /home/airflow/.local/lib/python3.12/site-packages/airflow/example_dags/example_python_decorator.py for tasks to queue
[2025-05-19T15:50:30.887+0000] {logging_mixin.py:190} INFO - [2025-05-19T15:50:30.887+0000] {dagbag.py:588} INFO - Filling up the DagBag from /home/airflow/.local/lib/python3.12/site-packages/airflow/example_dags/example_python_decorator.py
[2025-05-19T15:50:30.894+0000] {processor.py:925} INFO - DAG(s) 'example_python_decorator' retrieved from /home/airflow/.local/lib/python3.12/site-packages/airflow/example_dags/example_python_decorator.py
[2025-05-19T15:50:30.906+0000] {logging_mixin.py:190} INFO - [2025-05-19T15:50:30.906+0000] {dag.py:3239} INFO - Sync 1 DAGs
[2025-05-19T15:50:30.913+0000] {logging_mixin.py:190} INFO - [2025-05-19T15:50:30.913+0000] {dag.py:4180} INFO - Setting next_dagrun for example_python_decorator to None, run_after=None
[2025-05-19T15:50:30.922+0000] {processor.py:208} INFO - Processing /home/airflow/.local/lib/python3.12/site-packages/airflow/example_dags/example_python_decorator.py took 0.039 seconds
[2025-05-19T15:51:01.521+0000] {processor.py:186} INFO - Started process (PID=389) to work on /home/airflow/.local/lib/python3.12/site-packages/airflow/example_dags/example_python_decorator.py
[2025-05-19T15:51:01.521+0000] {processor.py:914} INFO - Processing file /home/airflow/.local/lib/python3.12/site-packages/airflow/example_dags/example_python_decorator.py for tasks to queue
[2025-05-19T15:51:01.522+0000] {logging_mixin.py:190} INFO - [2025-05-19T15:51:01.522+0000] {dagbag.py:588} INFO - Filling up the DagBag from /home/airflow/.local/lib/python3.12/site-packages/airflow/example_dags/example_python_decorator.py
[2025-05-19T15:51:01.530+0000] {processor.py:925} INFO - DAG(s) 'example_python_decorator' retrieved from /home/airflow/.local/lib/python3.12/site-packages/airflow/example_dags/example_python_decorator.py
[2025-05-19T15:51:01.541+0000] {logging_mixin.py:190} INFO - [2025-05-19T15:51:01.541+0000] {dag.py:3239} INFO - Sync 1 DAGs
[2025-05-19T15:51:01.548+0000] {logging_mixin.py:190} INFO - [2025-05-19T15:51:01.547+0000] {dag.py:4180} INFO - Setting next_dagrun for example_python_decorator to None, run_after=None
[2025-05-19T15:51:01.556+0000] {processor.py:208} INFO - Processing /home/airflow/.local/lib/python3.12/site-packages/airflow/example_dags/example_python_decorator.py took 0.039 seconds
[2025-05-19T15:51:32.045+0000] {processor.py:186} INFO - Started process (PID=446) to work on /home/airflow/.local/lib/python3.12/site-packages/airflow/example_dags/example_python_decorator.py
[2025-05-19T15:51:32.045+0000] {processor.py:914} INFO - Processing file /home/airflow/.local/lib/python3.12/site-packages/airflow/example_dags/example_python_decorator.py for tasks to queue
[2025-05-19T15:51:32.046+0000] {logging_mixin.py:190} INFO - [2025-05-19T15:51:32.046+0000] {dagbag.py:588} INFO - Filling up the DagBag from /home/airflow/.local/lib/python3.12/site-packages/airflow/example_dags/example_python_decorator.py
[2025-05-19T15:51:32.054+0000] {processor.py:925} INFO - DAG(s) 'example_python_decorator' retrieved from /home/airflow/.local/lib/python3.12/site-packages/airflow/example_dags/example_python_decorator.py
[2025-05-19T15:51:32.065+0000] {logging_mixin.py:190} INFO - [2025-05-19T15:51:32.064+0000] {dag.py:3239} INFO - Sync 1 DAGs
[2025-05-19T15:51:32.071+0000] {logging_mixin.py:190} INFO - [2025-05-19T15:51:32.071+0000] {dag.py:4180} INFO - Setting next_dagrun for example_python_decorator to None, run_after=None
[2025-05-19T15:51:32.081+0000] {processor.py:208} INFO - Processing /home/airflow/.local/lib/python3.12/site-packages/airflow/example_dags/example_python_decorator.py took 0.039 seconds
[2025-05-19T15:52:02.734+0000] {processor.py:186} INFO - Started process (PID=503) to work on /home/airflow/.local/lib/python3.12/site-packages/airflow/example_dags/example_python_decorator.py
[2025-05-19T15:52:02.734+0000] {processor.py:914} INFO - Processing file /home/airflow/.local/lib/python3.12/site-packages/airflow/example_dags/example_python_decorator.py for tasks to queue
[2025-05-19T15:52:02.736+0000] {logging_mixin.py:190} INFO - [2025-05-19T15:52:02.736+0000] {dagbag.py:588} INFO - Filling up the DagBag from /home/airflow/.local/lib/python3.12/site-packages/airflow/example_dags/example_python_decorator.py
[2025-05-19T15:52:02.743+0000] {processor.py:925} INFO - DAG(s) 'example_python_decorator' retrieved from /home/airflow/.local/lib/python3.12/site-packages/airflow/example_dags/example_python_decorator.py
[2025-05-19T15:52:02.756+0000] {logging_mixin.py:190} INFO - [2025-05-19T15:52:02.756+0000] {dag.py:3239} INFO - Sync 1 DAGs
[2025-05-19T15:52:02.763+0000] {logging_mixin.py:190} INFO - [2025-05-19T15:52:02.763+0000] {dag.py:4180} INFO - Setting next_dagrun for example_python_decorator to None, run_after=None
[2025-05-19T15:52:02.774+0000] {processor.py:208} INFO - Processing /home/airflow/.local/lib/python3.12/site-packages/airflow/example_dags/example_python_decorator.py took 0.043 seconds
[2025-05-19T15:52:32.809+0000] {processor.py:186} INFO - Started process (PID=559) to work on /home/airflow/.local/lib/python3.12/site-packages/airflow/example_dags/example_python_decorator.py
[2025-05-19T15:52:32.809+0000] {processor.py:914} INFO - Processing file /home/airflow/.local/lib/python3.12/site-packages/airflow/example_dags/example_python_decorator.py for tasks to queue
[2025-05-19T15:52:32.811+0000] {logging_mixin.py:190} INFO - [2025-05-19T15:52:32.811+0000] {dagbag.py:588} INFO - Filling up the DagBag from /home/airflow/.local/lib/python3.12/site-packages/airflow/example_dags/example_python_decorator.py
[2025-05-19T15:52:32.821+0000] {processor.py:925} INFO - DAG(s) 'example_python_decorator' retrieved from /home/airflow/.local/lib/python3.12/site-packages/airflow/example_dags/example_python_decorator.py
[2025-05-19T15:52:32.836+0000] {logging_mixin.py:190} INFO - [2025-05-19T15:52:32.836+0000] {dag.py:3239} INFO - Sync 1 DAGs
[2025-05-19T15:52:32.845+0000] {logging_mixin.py:190} INFO - [2025-05-19T15:52:32.845+0000] {dag.py:4180} INFO - Setting next_dagrun for example_python_decorator to None, run_after=None
[2025-05-19T15:52:32.854+0000] {processor.py:208} INFO - Processing /home/airflow/.local/lib/python3.12/site-packages/airflow/example_dags/example_python_decorator.py took 0.051 seconds
[2025-05-19T15:53:02.985+0000] {processor.py:186} INFO - Started process (PID=616) to work on /home/airflow/.local/lib/python3.12/site-packages/airflow/example_dags/example_python_decorator.py
[2025-05-19T15:53:02.986+0000] {processor.py:914} INFO - Processing file /home/airflow/.local/lib/python3.12/site-packages/airflow/example_dags/example_python_decorator.py for tasks to queue
[2025-05-19T15:53:02.987+0000] {logging_mixin.py:190} INFO - [2025-05-19T15:53:02.987+0000] {dagbag.py:588} INFO - Filling up the DagBag from /home/airflow/.local/lib/python3.12/site-packages/airflow/example_dags/example_python_decorator.py
[2025-05-19T15:53:02.996+0000] {processor.py:925} INFO - DAG(s) 'example_python_decorator' retrieved from /home/airflow/.local/lib/python3.12/site-packages/airflow/example_dags/example_python_decorator.py
[2025-05-19T15:53:03.013+0000] {logging_mixin.py:190} INFO - [2025-05-19T15:53:03.012+0000] {dag.py:3239} INFO - Sync 1 DAGs
[2025-05-19T15:53:03.025+0000] {logging_mixin.py:190} INFO - [2025-05-19T15:53:03.025+0000] {dag.py:4180} INFO - Setting next_dagrun for example_python_decorator to None, run_after=None
[2025-05-19T15:53:03.039+0000] {processor.py:208} INFO - Processing /home/airflow/.local/lib/python3.12/site-packages/airflow/example_dags/example_python_decorator.py took 0.058 seconds
[2025-05-19T15:53:33.189+0000] {processor.py:186} INFO - Started process (PID=673) to work on /home/airflow/.local/lib/python3.12/site-packages/airflow/example_dags/example_python_decorator.py
[2025-05-19T15:53:33.190+0000] {processor.py:914} INFO - Processing file /home/airflow/.local/lib/python3.12/site-packages/airflow/example_dags/example_python_decorator.py for tasks to queue
[2025-05-19T15:53:33.191+0000] {logging_mixin.py:190} INFO - [2025-05-19T15:53:33.191+0000] {dagbag.py:588} INFO - Filling up the DagBag from /home/airflow/.local/lib/python3.12/site-packages/airflow/example_dags/example_python_decorator.py
[2025-05-19T15:53:33.198+0000] {processor.py:925} INFO - DAG(s) 'example_python_decorator' retrieved from /home/airflow/.local/lib/python3.12/site-packages/airflow/example_dags/example_python_decorator.py
[2025-05-19T15:53:33.209+0000] {logging_mixin.py:190} INFO - [2025-05-19T15:53:33.209+0000] {dag.py:3239} INFO - Sync 1 DAGs
[2025-05-19T15:53:33.215+0000] {logging_mixin.py:190} INFO - [2025-05-19T15:53:33.215+0000] {dag.py:4180} INFO - Setting next_dagrun for example_python_decorator to None, run_after=None
[2025-05-19T15:53:33.223+0000] {processor.py:208} INFO - Processing /home/airflow/.local/lib/python3.12/site-packages/airflow/example_dags/example_python_decorator.py took 0.037 seconds
[2025-05-19T15:54:04.261+0000] {processor.py:186} INFO - Started process (PID=730) to work on /home/airflow/.local/lib/python3.12/site-packages/airflow/example_dags/example_python_decorator.py
[2025-05-19T15:54:04.261+0000] {processor.py:914} INFO - Processing file /home/airflow/.local/lib/python3.12/site-packages/airflow/example_dags/example_python_decorator.py for tasks to queue
[2025-05-19T15:54:04.263+0000] {logging_mixin.py:190} INFO - [2025-05-19T15:54:04.263+0000] {dagbag.py:588} INFO - Filling up the DagBag from /home/airflow/.local/lib/python3.12/site-packages/airflow/example_dags/example_python_decorator.py
[2025-05-19T15:54:04.272+0000] {processor.py:925} INFO - DAG(s) 'example_python_decorator' retrieved from /home/airflow/.local/lib/python3.12/site-packages/airflow/example_dags/example_python_decorator.py
[2025-05-19T15:54:04.286+0000] {logging_mixin.py:190} INFO - [2025-05-19T15:54:04.286+0000] {dag.py:3239} INFO - Sync 1 DAGs
[2025-05-19T15:54:04.294+0000] {logging_mixin.py:190} INFO - [2025-05-19T15:54:04.294+0000] {dag.py:4180} INFO - Setting next_dagrun for example_python_decorator to None, run_after=None
[2025-05-19T15:54:04.307+0000] {processor.py:208} INFO - Processing /home/airflow/.local/lib/python3.12/site-packages/airflow/example_dags/example_python_decorator.py took 0.050 seconds
[2025-05-19T15:54:34.480+0000] {processor.py:186} INFO - Started process (PID=787) to work on /home/airflow/.local/lib/python3.12/site-packages/airflow/example_dags/example_python_decorator.py
[2025-05-19T15:54:34.494+0000] {processor.py:914} INFO - Processing file /home/airflow/.local/lib/python3.12/site-packages/airflow/example_dags/example_python_decorator.py for tasks to queue
[2025-05-19T15:54:34.515+0000] {logging_mixin.py:190} INFO - [2025-05-19T15:54:34.514+0000] {dagbag.py:588} INFO - Filling up the DagBag from /home/airflow/.local/lib/python3.12/site-packages/airflow/example_dags/example_python_decorator.py
[2025-05-19T15:54:34.546+0000] {processor.py:925} INFO - DAG(s) 'example_python_decorator' retrieved from /home/airflow/.local/lib/python3.12/site-packages/airflow/example_dags/example_python_decorator.py
[2025-05-19T15:54:34.567+0000] {logging_mixin.py:190} INFO - [2025-05-19T15:54:34.567+0000] {dag.py:3239} INFO - Sync 1 DAGs
[2025-05-19T15:54:34.579+0000] {logging_mixin.py:190} INFO - [2025-05-19T15:54:34.579+0000] {dag.py:4180} INFO - Setting next_dagrun for example_python_decorator to None, run_after=None
[2025-05-19T15:54:34.593+0000] {processor.py:208} INFO - Processing /home/airflow/.local/lib/python3.12/site-packages/airflow/example_dags/example_python_decorator.py took 0.199 seconds
[2025-05-19T15:55:04.911+0000] {processor.py:186} INFO - Started process (PID=844) to work on /home/airflow/.local/lib/python3.12/site-packages/airflow/example_dags/example_python_decorator.py
[2025-05-19T15:55:04.912+0000] {processor.py:914} INFO - Processing file /home/airflow/.local/lib/python3.12/site-packages/airflow/example_dags/example_python_decorator.py for tasks to queue
[2025-05-19T15:55:04.914+0000] {logging_mixin.py:190} INFO - [2025-05-19T15:55:04.914+0000] {dagbag.py:588} INFO - Filling up the DagBag from /home/airflow/.local/lib/python3.12/site-packages/airflow/example_dags/example_python_decorator.py
[2025-05-19T15:55:04.923+0000] {processor.py:925} INFO - DAG(s) 'example_python_decorator' retrieved from /home/airflow/.local/lib/python3.12/site-packages/airflow/example_dags/example_python_decorator.py
[2025-05-19T15:55:04.936+0000] {logging_mixin.py:190} INFO - [2025-05-19T15:55:04.936+0000] {dag.py:3239} INFO - Sync 1 DAGs
[2025-05-19T15:55:04.945+0000] {logging_mixin.py:190} INFO - [2025-05-19T15:55:04.945+0000] {dag.py:4180} INFO - Setting next_dagrun for example_python_decorator to None, run_after=None
[2025-05-19T15:55:04.959+0000] {processor.py:208} INFO - Processing /home/airflow/.local/lib/python3.12/site-packages/airflow/example_dags/example_python_decorator.py took 0.051 seconds
[2025-05-19T15:55:35.963+0000] {processor.py:186} INFO - Started process (PID=901) to work on /home/airflow/.local/lib/python3.12/site-packages/airflow/example_dags/example_python_decorator.py
[2025-05-19T15:55:35.964+0000] {processor.py:914} INFO - Processing file /home/airflow/.local/lib/python3.12/site-packages/airflow/example_dags/example_python_decorator.py for tasks to queue
[2025-05-19T15:55:35.965+0000] {logging_mixin.py:190} INFO - [2025-05-19T15:55:35.965+0000] {dagbag.py:588} INFO - Filling up the DagBag from /home/airflow/.local/lib/python3.12/site-packages/airflow/example_dags/example_python_decorator.py
[2025-05-19T15:55:35.972+0000] {processor.py:925} INFO - DAG(s) 'example_python_decorator' retrieved from /home/airflow/.local/lib/python3.12/site-packages/airflow/example_dags/example_python_decorator.py
[2025-05-19T15:55:35.986+0000] {logging_mixin.py:190} INFO - [2025-05-19T15:55:35.986+0000] {dag.py:3239} INFO - Sync 1 DAGs
[2025-05-19T15:55:35.995+0000] {logging_mixin.py:190} INFO - [2025-05-19T15:55:35.995+0000] {dag.py:4180} INFO - Setting next_dagrun for example_python_decorator to None, run_after=None
[2025-05-19T15:55:36.004+0000] {processor.py:208} INFO - Processing /home/airflow/.local/lib/python3.12/site-packages/airflow/example_dags/example_python_decorator.py took 0.043 seconds
[2025-05-19T15:56:06.834+0000] {processor.py:186} INFO - Started process (PID=958) to work on /home/airflow/.local/lib/python3.12/site-packages/airflow/example_dags/example_python_decorator.py
[2025-05-19T15:56:06.835+0000] {processor.py:914} INFO - Processing file /home/airflow/.local/lib/python3.12/site-packages/airflow/example_dags/example_python_decorator.py for tasks to queue
[2025-05-19T15:56:06.836+0000] {logging_mixin.py:190} INFO - [2025-05-19T15:56:06.836+0000] {dagbag.py:588} INFO - Filling up the DagBag from /home/airflow/.local/lib/python3.12/site-packages/airflow/example_dags/example_python_decorator.py
[2025-05-19T15:56:06.845+0000] {processor.py:925} INFO - DAG(s) 'example_python_decorator' retrieved from /home/airflow/.local/lib/python3.12/site-packages/airflow/example_dags/example_python_decorator.py
[2025-05-19T15:56:06.858+0000] {logging_mixin.py:190} INFO - [2025-05-19T15:56:06.858+0000] {dag.py:3239} INFO - Sync 1 DAGs
[2025-05-19T15:56:06.864+0000] {logging_mixin.py:190} INFO - [2025-05-19T15:56:06.864+0000] {dag.py:4180} INFO - Setting next_dagrun for example_python_decorator to None, run_after=None
[2025-05-19T15:56:06.877+0000] {processor.py:208} INFO - Processing /home/airflow/.local/lib/python3.12/site-packages/airflow/example_dags/example_python_decorator.py took 0.046 seconds
[2025-05-19T15:56:37.920+0000] {processor.py:186} INFO - Started process (PID=1015) to work on /home/airflow/.local/lib/python3.12/site-packages/airflow/example_dags/example_python_decorator.py
[2025-05-19T15:56:37.921+0000] {processor.py:914} INFO - Processing file /home/airflow/.local/lib/python3.12/site-packages/airflow/example_dags/example_python_decorator.py for tasks to queue
[2025-05-19T15:56:37.923+0000] {logging_mixin.py:190} INFO - [2025-05-19T15:56:37.923+0000] {dagbag.py:588} INFO - Filling up the DagBag from /home/airflow/.local/lib/python3.12/site-packages/airflow/example_dags/example_python_decorator.py
[2025-05-19T15:56:37.930+0000] {processor.py:925} INFO - DAG(s) 'example_python_decorator' retrieved from /home/airflow/.local/lib/python3.12/site-packages/airflow/example_dags/example_python_decorator.py
[2025-05-19T15:56:37.943+0000] {logging_mixin.py:190} INFO - [2025-05-19T15:56:37.943+0000] {dag.py:3239} INFO - Sync 1 DAGs
[2025-05-19T15:56:37.950+0000] {logging_mixin.py:190} INFO - [2025-05-19T15:56:37.950+0000] {dag.py:4180} INFO - Setting next_dagrun for example_python_decorator to None, run_after=None
[2025-05-19T15:56:37.963+0000] {processor.py:208} INFO - Processing /home/airflow/.local/lib/python3.12/site-packages/airflow/example_dags/example_python_decorator.py took 0.046 seconds
[2025-05-19T15:57:08.831+0000] {processor.py:186} INFO - Started process (PID=1072) to work on /home/airflow/.local/lib/python3.12/site-packages/airflow/example_dags/example_python_decorator.py
[2025-05-19T15:57:08.832+0000] {processor.py:914} INFO - Processing file /home/airflow/.local/lib/python3.12/site-packages/airflow/example_dags/example_python_decorator.py for tasks to queue
[2025-05-19T15:57:08.833+0000] {logging_mixin.py:190} INFO - [2025-05-19T15:57:08.833+0000] {dagbag.py:588} INFO - Filling up the DagBag from /home/airflow/.local/lib/python3.12/site-packages/airflow/example_dags/example_python_decorator.py
[2025-05-19T15:57:08.841+0000] {processor.py:925} INFO - DAG(s) 'example_python_decorator' retrieved from /home/airflow/.local/lib/python3.12/site-packages/airflow/example_dags/example_python_decorator.py
[2025-05-19T15:57:08.856+0000] {logging_mixin.py:190} INFO - [2025-05-19T15:57:08.855+0000] {dag.py:3239} INFO - Sync 1 DAGs
[2025-05-19T15:57:08.864+0000] {logging_mixin.py:190} INFO - [2025-05-19T15:57:08.864+0000] {dag.py:4180} INFO - Setting next_dagrun for example_python_decorator to None, run_after=None
[2025-05-19T15:57:08.874+0000] {processor.py:208} INFO - Processing /home/airflow/.local/lib/python3.12/site-packages/airflow/example_dags/example_python_decorator.py took 0.047 seconds
[2025-05-19T15:57:39.759+0000] {processor.py:186} INFO - Started process (PID=1129) to work on /home/airflow/.local/lib/python3.12/site-packages/airflow/example_dags/example_python_decorator.py
[2025-05-19T15:57:39.761+0000] {processor.py:914} INFO - Processing file /home/airflow/.local/lib/python3.12/site-packages/airflow/example_dags/example_python_decorator.py for tasks to queue
[2025-05-19T15:57:39.763+0000] {logging_mixin.py:190} INFO - [2025-05-19T15:57:39.763+0000] {dagbag.py:588} INFO - Filling up the DagBag from /home/airflow/.local/lib/python3.12/site-packages/airflow/example_dags/example_python_decorator.py
[2025-05-19T15:57:39.771+0000] {processor.py:925} INFO - DAG(s) 'example_python_decorator' retrieved from /home/airflow/.local/lib/python3.12/site-packages/airflow/example_dags/example_python_decorator.py
[2025-05-19T15:57:39.784+0000] {logging_mixin.py:190} INFO - [2025-05-19T15:57:39.784+0000] {dag.py:3239} INFO - Sync 1 DAGs
[2025-05-19T15:57:39.793+0000] {logging_mixin.py:190} INFO - [2025-05-19T15:57:39.793+0000] {dag.py:4180} INFO - Setting next_dagrun for example_python_decorator to None, run_after=None
[2025-05-19T15:57:39.805+0000] {processor.py:208} INFO - Processing /home/airflow/.local/lib/python3.12/site-packages/airflow/example_dags/example_python_decorator.py took 0.050 seconds
[2025-05-19T15:58:10.686+0000] {processor.py:186} INFO - Started process (PID=1186) to work on /home/airflow/.local/lib/python3.12/site-packages/airflow/example_dags/example_python_decorator.py
[2025-05-19T15:58:10.687+0000] {processor.py:914} INFO - Processing file /home/airflow/.local/lib/python3.12/site-packages/airflow/example_dags/example_python_decorator.py for tasks to queue
[2025-05-19T15:58:10.688+0000] {logging_mixin.py:190} INFO - [2025-05-19T15:58:10.688+0000] {dagbag.py:588} INFO - Filling up the DagBag from /home/airflow/.local/lib/python3.12/site-packages/airflow/example_dags/example_python_decorator.py
[2025-05-19T15:58:10.697+0000] {processor.py:925} INFO - DAG(s) 'example_python_decorator' retrieved from /home/airflow/.local/lib/python3.12/site-packages/airflow/example_dags/example_python_decorator.py
[2025-05-19T15:58:10.708+0000] {logging_mixin.py:190} INFO - [2025-05-19T15:58:10.708+0000] {dag.py:3239} INFO - Sync 1 DAGs
[2025-05-19T15:58:10.716+0000] {logging_mixin.py:190} INFO - [2025-05-19T15:58:10.715+0000] {dag.py:4180} INFO - Setting next_dagrun for example_python_decorator to None, run_after=None
[2025-05-19T15:58:10.727+0000] {processor.py:208} INFO - Processing /home/airflow/.local/lib/python3.12/site-packages/airflow/example_dags/example_python_decorator.py took 0.044 seconds
[2025-05-19T15:58:41.539+0000] {processor.py:186} INFO - Started process (PID=1243) to work on /home/airflow/.local/lib/python3.12/site-packages/airflow/example_dags/example_python_decorator.py
[2025-05-19T15:58:41.539+0000] {processor.py:914} INFO - Processing file /home/airflow/.local/lib/python3.12/site-packages/airflow/example_dags/example_python_decorator.py for tasks to queue
[2025-05-19T15:58:41.541+0000] {logging_mixin.py:190} INFO - [2025-05-19T15:58:41.541+0000] {dagbag.py:588} INFO - Filling up the DagBag from /home/airflow/.local/lib/python3.12/site-packages/airflow/example_dags/example_python_decorator.py
[2025-05-19T15:58:41.548+0000] {processor.py:925} INFO - DAG(s) 'example_python_decorator' retrieved from /home/airflow/.local/lib/python3.12/site-packages/airflow/example_dags/example_python_decorator.py
[2025-05-19T15:58:41.559+0000] {logging_mixin.py:190} INFO - [2025-05-19T15:58:41.559+0000] {dag.py:3239} INFO - Sync 1 DAGs
[2025-05-19T15:58:41.567+0000] {logging_mixin.py:190} INFO - [2025-05-19T15:58:41.567+0000] {dag.py:4180} INFO - Setting next_dagrun for example_python_decorator to None, run_after=None
[2025-05-19T15:58:41.575+0000] {processor.py:208} INFO - Processing /home/airflow/.local/lib/python3.12/site-packages/airflow/example_dags/example_python_decorator.py took 0.039 seconds
[2025-05-19T15:59:12.363+0000] {processor.py:186} INFO - Started process (PID=1300) to work on /home/airflow/.local/lib/python3.12/site-packages/airflow/example_dags/example_python_decorator.py
[2025-05-19T15:59:12.364+0000] {processor.py:914} INFO - Processing file /home/airflow/.local/lib/python3.12/site-packages/airflow/example_dags/example_python_decorator.py for tasks to queue
[2025-05-19T15:59:12.365+0000] {logging_mixin.py:190} INFO - [2025-05-19T15:59:12.365+0000] {dagbag.py:588} INFO - Filling up the DagBag from /home/airflow/.local/lib/python3.12/site-packages/airflow/example_dags/example_python_decorator.py
[2025-05-19T15:59:12.375+0000] {processor.py:925} INFO - DAG(s) 'example_python_decorator' retrieved from /home/airflow/.local/lib/python3.12/site-packages/airflow/example_dags/example_python_decorator.py
[2025-05-19T15:59:12.387+0000] {logging_mixin.py:190} INFO - [2025-05-19T15:59:12.387+0000] {dag.py:3239} INFO - Sync 1 DAGs
[2025-05-19T15:59:12.393+0000] {logging_mixin.py:190} INFO - [2025-05-19T15:59:12.393+0000] {dag.py:4180} INFO - Setting next_dagrun for example_python_decorator to None, run_after=None
[2025-05-19T15:59:12.402+0000] {processor.py:208} INFO - Processing /home/airflow/.local/lib/python3.12/site-packages/airflow/example_dags/example_python_decorator.py took 0.042 seconds
[2025-05-19T15:59:43.459+0000] {processor.py:186} INFO - Started process (PID=1357) to work on /home/airflow/.local/lib/python3.12/site-packages/airflow/example_dags/example_python_decorator.py
[2025-05-19T15:59:43.460+0000] {processor.py:914} INFO - Processing file /home/airflow/.local/lib/python3.12/site-packages/airflow/example_dags/example_python_decorator.py for tasks to queue
[2025-05-19T15:59:43.461+0000] {logging_mixin.py:190} INFO - [2025-05-19T15:59:43.461+0000] {dagbag.py:588} INFO - Filling up the DagBag from /home/airflow/.local/lib/python3.12/site-packages/airflow/example_dags/example_python_decorator.py
[2025-05-19T15:59:43.471+0000] {processor.py:925} INFO - DAG(s) 'example_python_decorator' retrieved from /home/airflow/.local/lib/python3.12/site-packages/airflow/example_dags/example_python_decorator.py
[2025-05-19T15:59:43.485+0000] {logging_mixin.py:190} INFO - [2025-05-19T15:59:43.485+0000] {dag.py:3239} INFO - Sync 1 DAGs
[2025-05-19T15:59:43.494+0000] {logging_mixin.py:190} INFO - [2025-05-19T15:59:43.494+0000] {dag.py:4180} INFO - Setting next_dagrun for example_python_decorator to None, run_after=None
[2025-05-19T15:59:43.505+0000] {processor.py:208} INFO - Processing /home/airflow/.local/lib/python3.12/site-packages/airflow/example_dags/example_python_decorator.py took 0.050 seconds
[2025-05-19T16:00:14.435+0000] {processor.py:186} INFO - Started process (PID=1414) to work on /home/airflow/.local/lib/python3.12/site-packages/airflow/example_dags/example_python_decorator.py
[2025-05-19T16:00:14.435+0000] {processor.py:914} INFO - Processing file /home/airflow/.local/lib/python3.12/site-packages/airflow/example_dags/example_python_decorator.py for tasks to queue
[2025-05-19T16:00:14.437+0000] {logging_mixin.py:190} INFO - [2025-05-19T16:00:14.436+0000] {dagbag.py:588} INFO - Filling up the DagBag from /home/airflow/.local/lib/python3.12/site-packages/airflow/example_dags/example_python_decorator.py
[2025-05-19T16:00:14.443+0000] {processor.py:925} INFO - DAG(s) 'example_python_decorator' retrieved from /home/airflow/.local/lib/python3.12/site-packages/airflow/example_dags/example_python_decorator.py
[2025-05-19T16:00:14.456+0000] {logging_mixin.py:190} INFO - [2025-05-19T16:00:14.456+0000] {dag.py:3239} INFO - Sync 1 DAGs
[2025-05-19T16:00:14.464+0000] {logging_mixin.py:190} INFO - [2025-05-19T16:00:14.464+0000] {dag.py:4180} INFO - Setting next_dagrun for example_python_decorator to None, run_after=None
[2025-05-19T16:00:14.473+0000] {processor.py:208} INFO - Processing /home/airflow/.local/lib/python3.12/site-packages/airflow/example_dags/example_python_decorator.py took 0.041 seconds
[2025-05-19T16:00:45.474+0000] {processor.py:186} INFO - Started process (PID=1471) to work on /home/airflow/.local/lib/python3.12/site-packages/airflow/example_dags/example_python_decorator.py
[2025-05-19T16:00:45.474+0000] {processor.py:914} INFO - Processing file /home/airflow/.local/lib/python3.12/site-packages/airflow/example_dags/example_python_decorator.py for tasks to queue
[2025-05-19T16:00:45.477+0000] {logging_mixin.py:190} INFO - [2025-05-19T16:00:45.477+0000] {dagbag.py:588} INFO - Filling up the DagBag from /home/airflow/.local/lib/python3.12/site-packages/airflow/example_dags/example_python_decorator.py
[2025-05-19T16:00:45.486+0000] {processor.py:925} INFO - DAG(s) 'example_python_decorator' retrieved from /home/airflow/.local/lib/python3.12/site-packages/airflow/example_dags/example_python_decorator.py
[2025-05-19T16:00:45.499+0000] {logging_mixin.py:190} INFO - [2025-05-19T16:00:45.499+0000] {dag.py:3239} INFO - Sync 1 DAGs
[2025-05-19T16:00:45.507+0000] {logging_mixin.py:190} INFO - [2025-05-19T16:00:45.507+0000] {dag.py:4180} INFO - Setting next_dagrun for example_python_decorator to None, run_after=None
[2025-05-19T16:00:45.518+0000] {processor.py:208} INFO - Processing /home/airflow/.local/lib/python3.12/site-packages/airflow/example_dags/example_python_decorator.py took 0.048 seconds
[2025-05-19T16:01:15.581+0000] {processor.py:186} INFO - Started process (PID=1528) to work on /home/airflow/.local/lib/python3.12/site-packages/airflow/example_dags/example_python_decorator.py
[2025-05-19T16:01:15.581+0000] {processor.py:914} INFO - Processing file /home/airflow/.local/lib/python3.12/site-packages/airflow/example_dags/example_python_decorator.py for tasks to queue
[2025-05-19T16:01:15.583+0000] {logging_mixin.py:190} INFO - [2025-05-19T16:01:15.583+0000] {dagbag.py:588} INFO - Filling up the DagBag from /home/airflow/.local/lib/python3.12/site-packages/airflow/example_dags/example_python_decorator.py
[2025-05-19T16:01:15.591+0000] {processor.py:925} INFO - DAG(s) 'example_python_decorator' retrieved from /home/airflow/.local/lib/python3.12/site-packages/airflow/example_dags/example_python_decorator.py
[2025-05-19T16:01:15.603+0000] {logging_mixin.py:190} INFO - [2025-05-19T16:01:15.603+0000] {dag.py:3239} INFO - Sync 1 DAGs
[2025-05-19T16:01:15.611+0000] {logging_mixin.py:190} INFO - [2025-05-19T16:01:15.611+0000] {dag.py:4180} INFO - Setting next_dagrun for example_python_decorator to None, run_after=None
[2025-05-19T16:01:15.619+0000] {processor.py:208} INFO - Processing /home/airflow/.local/lib/python3.12/site-packages/airflow/example_dags/example_python_decorator.py took 0.041 seconds
[2025-05-19T16:01:46.458+0000] {processor.py:186} INFO - Started process (PID=1585) to work on /home/airflow/.local/lib/python3.12/site-packages/airflow/example_dags/example_python_decorator.py
[2025-05-19T16:01:46.459+0000] {processor.py:914} INFO - Processing file /home/airflow/.local/lib/python3.12/site-packages/airflow/example_dags/example_python_decorator.py for tasks to queue
[2025-05-19T16:01:46.460+0000] {logging_mixin.py:190} INFO - [2025-05-19T16:01:46.460+0000] {dagbag.py:588} INFO - Filling up the DagBag from /home/airflow/.local/lib/python3.12/site-packages/airflow/example_dags/example_python_decorator.py
[2025-05-19T16:01:46.469+0000] {processor.py:925} INFO - DAG(s) 'example_python_decorator' retrieved from /home/airflow/.local/lib/python3.12/site-packages/airflow/example_dags/example_python_decorator.py
[2025-05-19T16:01:46.480+0000] {logging_mixin.py:190} INFO - [2025-05-19T16:01:46.480+0000] {dag.py:3239} INFO - Sync 1 DAGs
[2025-05-19T16:01:46.489+0000] {logging_mixin.py:190} INFO - [2025-05-19T16:01:46.488+0000] {dag.py:4180} INFO - Setting next_dagrun for example_python_decorator to None, run_after=None
[2025-05-19T16:01:46.497+0000] {processor.py:208} INFO - Processing /home/airflow/.local/lib/python3.12/site-packages/airflow/example_dags/example_python_decorator.py took 0.042 seconds
[2025-05-19T16:02:17.192+0000] {processor.py:186} INFO - Started process (PID=1642) to work on /home/airflow/.local/lib/python3.12/site-packages/airflow/example_dags/example_python_decorator.py
[2025-05-19T16:02:17.193+0000] {processor.py:914} INFO - Processing file /home/airflow/.local/lib/python3.12/site-packages/airflow/example_dags/example_python_decorator.py for tasks to queue
[2025-05-19T16:02:17.194+0000] {logging_mixin.py:190} INFO - [2025-05-19T16:02:17.194+0000] {dagbag.py:588} INFO - Filling up the DagBag from /home/airflow/.local/lib/python3.12/site-packages/airflow/example_dags/example_python_decorator.py
[2025-05-19T16:02:17.202+0000] {processor.py:925} INFO - DAG(s) 'example_python_decorator' retrieved from /home/airflow/.local/lib/python3.12/site-packages/airflow/example_dags/example_python_decorator.py
[2025-05-19T16:02:17.214+0000] {logging_mixin.py:190} INFO - [2025-05-19T16:02:17.214+0000] {dag.py:3239} INFO - Sync 1 DAGs
[2025-05-19T16:02:17.222+0000] {logging_mixin.py:190} INFO - [2025-05-19T16:02:17.222+0000] {dag.py:4180} INFO - Setting next_dagrun for example_python_decorator to None, run_after=None
[2025-05-19T16:02:17.232+0000] {processor.py:208} INFO - Processing /home/airflow/.local/lib/python3.12/site-packages/airflow/example_dags/example_python_decorator.py took 0.043 seconds
[2025-05-19T16:02:48.066+0000] {processor.py:186} INFO - Started process (PID=1699) to work on /home/airflow/.local/lib/python3.12/site-packages/airflow/example_dags/example_python_decorator.py
[2025-05-19T16:02:48.067+0000] {processor.py:914} INFO - Processing file /home/airflow/.local/lib/python3.12/site-packages/airflow/example_dags/example_python_decorator.py for tasks to queue
[2025-05-19T16:02:48.071+0000] {logging_mixin.py:190} INFO - [2025-05-19T16:02:48.071+0000] {dagbag.py:588} INFO - Filling up the DagBag from /home/airflow/.local/lib/python3.12/site-packages/airflow/example_dags/example_python_decorator.py
[2025-05-19T16:02:48.080+0000] {processor.py:925} INFO - DAG(s) 'example_python_decorator' retrieved from /home/airflow/.local/lib/python3.12/site-packages/airflow/example_dags/example_python_decorator.py
[2025-05-19T16:02:48.093+0000] {logging_mixin.py:190} INFO - [2025-05-19T16:02:48.093+0000] {dag.py:3239} INFO - Sync 1 DAGs
[2025-05-19T16:02:48.100+0000] {logging_mixin.py:190} INFO - [2025-05-19T16:02:48.100+0000] {dag.py:4180} INFO - Setting next_dagrun for example_python_decorator to None, run_after=None
[2025-05-19T16:02:48.112+0000] {processor.py:208} INFO - Processing /home/airflow/.local/lib/python3.12/site-packages/airflow/example_dags/example_python_decorator.py took 0.051 seconds
[2025-05-19T16:03:19.148+0000] {processor.py:186} INFO - Started process (PID=1756) to work on /home/airflow/.local/lib/python3.12/site-packages/airflow/example_dags/example_python_decorator.py
[2025-05-19T16:03:19.149+0000] {processor.py:914} INFO - Processing file /home/airflow/.local/lib/python3.12/site-packages/airflow/example_dags/example_python_decorator.py for tasks to queue
[2025-05-19T16:03:19.150+0000] {logging_mixin.py:190} INFO - [2025-05-19T16:03:19.150+0000] {dagbag.py:588} INFO - Filling up the DagBag from /home/airflow/.local/lib/python3.12/site-packages/airflow/example_dags/example_python_decorator.py
[2025-05-19T16:03:19.158+0000] {processor.py:925} INFO - DAG(s) 'example_python_decorator' retrieved from /home/airflow/.local/lib/python3.12/site-packages/airflow/example_dags/example_python_decorator.py
[2025-05-19T16:03:19.169+0000] {logging_mixin.py:190} INFO - [2025-05-19T16:03:19.169+0000] {dag.py:3239} INFO - Sync 1 DAGs
[2025-05-19T16:03:19.175+0000] {logging_mixin.py:190} INFO - [2025-05-19T16:03:19.175+0000] {dag.py:4180} INFO - Setting next_dagrun for example_python_decorator to None, run_after=None
[2025-05-19T16:03:19.184+0000] {processor.py:208} INFO - Processing /home/airflow/.local/lib/python3.12/site-packages/airflow/example_dags/example_python_decorator.py took 0.039 seconds
[2025-05-19T16:03:49.978+0000] {processor.py:186} INFO - Started process (PID=1813) to work on /home/airflow/.local/lib/python3.12/site-packages/airflow/example_dags/example_python_decorator.py
[2025-05-19T16:03:49.978+0000] {processor.py:914} INFO - Processing file /home/airflow/.local/lib/python3.12/site-packages/airflow/example_dags/example_python_decorator.py for tasks to queue
[2025-05-19T16:03:49.983+0000] {logging_mixin.py:190} INFO - [2025-05-19T16:03:49.983+0000] {dagbag.py:588} INFO - Filling up the DagBag from /home/airflow/.local/lib/python3.12/site-packages/airflow/example_dags/example_python_decorator.py
[2025-05-19T16:03:49.991+0000] {processor.py:925} INFO - DAG(s) 'example_python_decorator' retrieved from /home/airflow/.local/lib/python3.12/site-packages/airflow/example_dags/example_python_decorator.py
[2025-05-19T16:03:50.004+0000] {logging_mixin.py:190} INFO - [2025-05-19T16:03:50.004+0000] {dag.py:3239} INFO - Sync 1 DAGs
[2025-05-19T16:03:50.016+0000] {logging_mixin.py:190} INFO - [2025-05-19T16:03:50.016+0000] {dag.py:4180} INFO - Setting next_dagrun for example_python_decorator to None, run_after=None
[2025-05-19T16:03:50.027+0000] {processor.py:208} INFO - Processing /home/airflow/.local/lib/python3.12/site-packages/airflow/example_dags/example_python_decorator.py took 0.052 seconds
[2025-05-19T16:04:20.853+0000] {processor.py:186} INFO - Started process (PID=1870) to work on /home/airflow/.local/lib/python3.12/site-packages/airflow/example_dags/example_python_decorator.py
[2025-05-19T16:04:20.854+0000] {processor.py:914} INFO - Processing file /home/airflow/.local/lib/python3.12/site-packages/airflow/example_dags/example_python_decorator.py for tasks to queue
[2025-05-19T16:04:20.855+0000] {logging_mixin.py:190} INFO - [2025-05-19T16:04:20.855+0000] {dagbag.py:588} INFO - Filling up the DagBag from /home/airflow/.local/lib/python3.12/site-packages/airflow/example_dags/example_python_decorator.py
[2025-05-19T16:04:20.866+0000] {processor.py:925} INFO - DAG(s) 'example_python_decorator' retrieved from /home/airflow/.local/lib/python3.12/site-packages/airflow/example_dags/example_python_decorator.py
[2025-05-19T16:04:20.879+0000] {logging_mixin.py:190} INFO - [2025-05-19T16:04:20.878+0000] {dag.py:3239} INFO - Sync 1 DAGs
[2025-05-19T16:04:20.886+0000] {logging_mixin.py:190} INFO - [2025-05-19T16:04:20.885+0000] {dag.py:4180} INFO - Setting next_dagrun for example_python_decorator to None, run_after=None
[2025-05-19T16:04:20.895+0000] {processor.py:208} INFO - Processing /home/airflow/.local/lib/python3.12/site-packages/airflow/example_dags/example_python_decorator.py took 0.045 seconds
[2025-05-19T16:04:51.489+0000] {processor.py:186} INFO - Started process (PID=1927) to work on /home/airflow/.local/lib/python3.12/site-packages/airflow/example_dags/example_python_decorator.py
[2025-05-19T16:04:51.489+0000] {processor.py:914} INFO - Processing file /home/airflow/.local/lib/python3.12/site-packages/airflow/example_dags/example_python_decorator.py for tasks to queue
[2025-05-19T16:04:51.493+0000] {logging_mixin.py:190} INFO - [2025-05-19T16:04:51.492+0000] {dagbag.py:588} INFO - Filling up the DagBag from /home/airflow/.local/lib/python3.12/site-packages/airflow/example_dags/example_python_decorator.py
[2025-05-19T16:04:51.500+0000] {processor.py:925} INFO - DAG(s) 'example_python_decorator' retrieved from /home/airflow/.local/lib/python3.12/site-packages/airflow/example_dags/example_python_decorator.py
[2025-05-19T16:04:51.511+0000] {logging_mixin.py:190} INFO - [2025-05-19T16:04:51.511+0000] {dag.py:3239} INFO - Sync 1 DAGs
[2025-05-19T16:04:51.518+0000] {logging_mixin.py:190} INFO - [2025-05-19T16:04:51.518+0000] {dag.py:4180} INFO - Setting next_dagrun for example_python_decorator to None, run_after=None
[2025-05-19T16:04:51.527+0000] {processor.py:208} INFO - Processing /home/airflow/.local/lib/python3.12/site-packages/airflow/example_dags/example_python_decorator.py took 0.041 seconds
