[2025-05-19T15:47:55.327+0000] {processor.py:186} INFO - Started process (PID=36) to work on /home/airflow/.local/lib/python3.12/site-packages/airflow/example_dags/example_sensors.py
[2025-05-19T15:47:55.327+0000] {processor.py:914} INFO - Processing file /home/airflow/.local/lib/python3.12/site-packages/airflow/example_dags/example_sensors.py for tasks to queue
[2025-05-19T15:47:55.329+0000] {logging_mixin.py:190} INFO - [2025-05-19T15:47:55.329+0000] {dagbag.py:588} INFO - Filling up the DagBag from /home/airflow/.local/lib/python3.12/site-packages/airflow/example_dags/example_sensors.py
[2025-05-19T15:47:55.337+0000] {processor.py:925} INFO - DAG(s) 'example_sensors' retrieved from /home/airflow/.local/lib/python3.12/site-packages/airflow/example_dags/example_sensors.py
[2025-05-19T15:47:55.415+0000] {logging_mixin.py:190} INFO - [2025-05-19T15:47:55.413+0000] {override.py:1912} INFO - Created Permission View: can delete on DAG:example_sensors
[2025-05-19T15:47:55.428+0000] {logging_mixin.py:190} INFO - [2025-05-19T15:47:55.427+0000] {override.py:1912} INFO - Created Permission View: can read on DAG:example_sensors
[2025-05-19T15:47:55.433+0000] {logging_mixin.py:190} INFO - [2025-05-19T15:47:55.433+0000] {override.py:1912} INFO - Created Permission View: can edit on DAG:example_sensors
[2025-05-19T15:47:55.437+0000] {logging_mixin.py:190} INFO - [2025-05-19T15:47:55.436+0000] {override.py:1912} INFO - Created Permission View: menu access on DAG Run:example_sensors
[2025-05-19T15:47:55.440+0000] {logging_mixin.py:190} INFO - [2025-05-19T15:47:55.440+0000] {override.py:1912} INFO - Created Permission View: can create on DAG Run:example_sensors
[2025-05-19T15:47:55.443+0000] {logging_mixin.py:190} INFO - [2025-05-19T15:47:55.443+0000] {override.py:1912} INFO - Created Permission View: can delete on DAG Run:example_sensors
[2025-05-19T15:47:55.449+0000] {logging_mixin.py:190} INFO - [2025-05-19T15:47:55.449+0000] {override.py:1912} INFO - Created Permission View: can read on DAG Run:example_sensors
[2025-05-19T15:47:55.449+0000] {logging_mixin.py:190} INFO - [2025-05-19T15:47:55.449+0000] {dag.py:3239} INFO - Sync 1 DAGs
[2025-05-19T15:47:55.461+0000] {logging_mixin.py:190} INFO - [2025-05-19T15:47:55.461+0000] {dag.py:3262} INFO - Creating ORM DAG for example_sensors
[2025-05-19T15:47:55.462+0000] {logging_mixin.py:190} INFO - [2025-05-19T15:47:55.462+0000] {dag.py:4180} INFO - Setting next_dagrun for example_sensors to None, run_after=None
[2025-05-19T15:47:55.473+0000] {processor.py:208} INFO - Processing /home/airflow/.local/lib/python3.12/site-packages/airflow/example_dags/example_sensors.py took 0.152 seconds
[2025-05-19T15:48:26.161+0000] {processor.py:186} INFO - Started process (PID=93) to work on /home/airflow/.local/lib/python3.12/site-packages/airflow/example_dags/example_sensors.py
[2025-05-19T15:48:26.161+0000] {processor.py:914} INFO - Processing file /home/airflow/.local/lib/python3.12/site-packages/airflow/example_dags/example_sensors.py for tasks to queue
[2025-05-19T15:48:26.163+0000] {logging_mixin.py:190} INFO - [2025-05-19T15:48:26.163+0000] {dagbag.py:588} INFO - Filling up the DagBag from /home/airflow/.local/lib/python3.12/site-packages/airflow/example_dags/example_sensors.py
[2025-05-19T15:48:26.170+0000] {processor.py:925} INFO - DAG(s) 'example_sensors' retrieved from /home/airflow/.local/lib/python3.12/site-packages/airflow/example_dags/example_sensors.py
[2025-05-19T15:48:26.183+0000] {logging_mixin.py:190} INFO - [2025-05-19T15:48:26.183+0000] {dag.py:3239} INFO - Sync 1 DAGs
[2025-05-19T15:48:26.190+0000] {logging_mixin.py:190} INFO - [2025-05-19T15:48:26.190+0000] {dag.py:4180} INFO - Setting next_dagrun for example_sensors to None, run_after=None
[2025-05-19T15:48:26.199+0000] {processor.py:208} INFO - Processing /home/airflow/.local/lib/python3.12/site-packages/airflow/example_dags/example_sensors.py took 0.042 seconds
[2025-05-19T15:48:57.091+0000] {processor.py:186} INFO - Started process (PID=150) to work on /home/airflow/.local/lib/python3.12/site-packages/airflow/example_dags/example_sensors.py
[2025-05-19T15:48:57.094+0000] {processor.py:914} INFO - Processing file /home/airflow/.local/lib/python3.12/site-packages/airflow/example_dags/example_sensors.py for tasks to queue
[2025-05-19T15:48:57.095+0000] {logging_mixin.py:190} INFO - [2025-05-19T15:48:57.095+0000] {dagbag.py:588} INFO - Filling up the DagBag from /home/airflow/.local/lib/python3.12/site-packages/airflow/example_dags/example_sensors.py
[2025-05-19T15:48:57.101+0000] {processor.py:925} INFO - DAG(s) 'example_sensors' retrieved from /home/airflow/.local/lib/python3.12/site-packages/airflow/example_dags/example_sensors.py
[2025-05-19T15:48:57.117+0000] {logging_mixin.py:190} INFO - [2025-05-19T15:48:57.117+0000] {dag.py:3239} INFO - Sync 1 DAGs
[2025-05-19T15:48:57.124+0000] {logging_mixin.py:190} INFO - [2025-05-19T15:48:57.124+0000] {dag.py:4180} INFO - Setting next_dagrun for example_sensors to None, run_after=None
[2025-05-19T15:48:57.134+0000] {processor.py:208} INFO - Processing /home/airflow/.local/lib/python3.12/site-packages/airflow/example_dags/example_sensors.py took 0.046 seconds
[2025-05-19T15:49:27.883+0000] {processor.py:186} INFO - Started process (PID=207) to work on /home/airflow/.local/lib/python3.12/site-packages/airflow/example_dags/example_sensors.py
[2025-05-19T15:49:27.883+0000] {processor.py:914} INFO - Processing file /home/airflow/.local/lib/python3.12/site-packages/airflow/example_dags/example_sensors.py for tasks to queue
[2025-05-19T15:49:27.885+0000] {logging_mixin.py:190} INFO - [2025-05-19T15:49:27.885+0000] {dagbag.py:588} INFO - Filling up the DagBag from /home/airflow/.local/lib/python3.12/site-packages/airflow/example_dags/example_sensors.py
[2025-05-19T15:49:27.891+0000] {processor.py:925} INFO - DAG(s) 'example_sensors' retrieved from /home/airflow/.local/lib/python3.12/site-packages/airflow/example_dags/example_sensors.py
[2025-05-19T15:49:27.904+0000] {logging_mixin.py:190} INFO - [2025-05-19T15:49:27.903+0000] {dag.py:3239} INFO - Sync 1 DAGs
[2025-05-19T15:49:27.911+0000] {logging_mixin.py:190} INFO - [2025-05-19T15:49:27.911+0000] {dag.py:4180} INFO - Setting next_dagrun for example_sensors to None, run_after=None
[2025-05-19T15:49:27.920+0000] {processor.py:208} INFO - Processing /home/airflow/.local/lib/python3.12/site-packages/airflow/example_dags/example_sensors.py took 0.041 seconds
[2025-05-19T15:49:58.739+0000] {processor.py:186} INFO - Started process (PID=264) to work on /home/airflow/.local/lib/python3.12/site-packages/airflow/example_dags/example_sensors.py
[2025-05-19T15:49:58.739+0000] {processor.py:914} INFO - Processing file /home/airflow/.local/lib/python3.12/site-packages/airflow/example_dags/example_sensors.py for tasks to queue
[2025-05-19T15:49:58.740+0000] {logging_mixin.py:190} INFO - [2025-05-19T15:49:58.740+0000] {dagbag.py:588} INFO - Filling up the DagBag from /home/airflow/.local/lib/python3.12/site-packages/airflow/example_dags/example_sensors.py
[2025-05-19T15:49:58.747+0000] {processor.py:925} INFO - DAG(s) 'example_sensors' retrieved from /home/airflow/.local/lib/python3.12/site-packages/airflow/example_dags/example_sensors.py
[2025-05-19T15:49:58.760+0000] {logging_mixin.py:190} INFO - [2025-05-19T15:49:58.760+0000] {dag.py:3239} INFO - Sync 1 DAGs
[2025-05-19T15:49:58.767+0000] {logging_mixin.py:190} INFO - [2025-05-19T15:49:58.767+0000] {dag.py:4180} INFO - Setting next_dagrun for example_sensors to None, run_after=None
[2025-05-19T15:49:58.776+0000] {processor.py:208} INFO - Processing /home/airflow/.local/lib/python3.12/site-packages/airflow/example_dags/example_sensors.py took 0.043 seconds
[2025-05-19T15:50:29.529+0000] {processor.py:186} INFO - Started process (PID=321) to work on /home/airflow/.local/lib/python3.12/site-packages/airflow/example_dags/example_sensors.py
[2025-05-19T15:50:29.529+0000] {processor.py:914} INFO - Processing file /home/airflow/.local/lib/python3.12/site-packages/airflow/example_dags/example_sensors.py for tasks to queue
[2025-05-19T15:50:29.531+0000] {logging_mixin.py:190} INFO - [2025-05-19T15:50:29.530+0000] {dagbag.py:588} INFO - Filling up the DagBag from /home/airflow/.local/lib/python3.12/site-packages/airflow/example_dags/example_sensors.py
[2025-05-19T15:50:29.537+0000] {processor.py:925} INFO - DAG(s) 'example_sensors' retrieved from /home/airflow/.local/lib/python3.12/site-packages/airflow/example_dags/example_sensors.py
[2025-05-19T15:50:29.549+0000] {logging_mixin.py:190} INFO - [2025-05-19T15:50:29.549+0000] {dag.py:3239} INFO - Sync 1 DAGs
[2025-05-19T15:50:29.556+0000] {logging_mixin.py:190} INFO - [2025-05-19T15:50:29.556+0000] {dag.py:4180} INFO - Setting next_dagrun for example_sensors to None, run_after=None
[2025-05-19T15:50:29.568+0000] {processor.py:208} INFO - Processing /home/airflow/.local/lib/python3.12/site-packages/airflow/example_dags/example_sensors.py took 0.043 seconds
[2025-05-19T15:51:00.185+0000] {processor.py:186} INFO - Started process (PID=378) to work on /home/airflow/.local/lib/python3.12/site-packages/airflow/example_dags/example_sensors.py
[2025-05-19T15:51:00.186+0000] {processor.py:914} INFO - Processing file /home/airflow/.local/lib/python3.12/site-packages/airflow/example_dags/example_sensors.py for tasks to queue
[2025-05-19T15:51:00.189+0000] {logging_mixin.py:190} INFO - [2025-05-19T15:51:00.189+0000] {dagbag.py:588} INFO - Filling up the DagBag from /home/airflow/.local/lib/python3.12/site-packages/airflow/example_dags/example_sensors.py
[2025-05-19T15:51:00.196+0000] {processor.py:925} INFO - DAG(s) 'example_sensors' retrieved from /home/airflow/.local/lib/python3.12/site-packages/airflow/example_dags/example_sensors.py
[2025-05-19T15:51:00.210+0000] {logging_mixin.py:190} INFO - [2025-05-19T15:51:00.210+0000] {dag.py:3239} INFO - Sync 1 DAGs
[2025-05-19T15:51:00.217+0000] {logging_mixin.py:190} INFO - [2025-05-19T15:51:00.217+0000] {dag.py:4180} INFO - Setting next_dagrun for example_sensors to None, run_after=None
[2025-05-19T15:51:00.228+0000] {processor.py:208} INFO - Processing /home/airflow/.local/lib/python3.12/site-packages/airflow/example_dags/example_sensors.py took 0.047 seconds
[2025-05-19T15:51:30.710+0000] {processor.py:186} INFO - Started process (PID=435) to work on /home/airflow/.local/lib/python3.12/site-packages/airflow/example_dags/example_sensors.py
[2025-05-19T15:51:30.711+0000] {processor.py:914} INFO - Processing file /home/airflow/.local/lib/python3.12/site-packages/airflow/example_dags/example_sensors.py for tasks to queue
[2025-05-19T15:51:30.712+0000] {logging_mixin.py:190} INFO - [2025-05-19T15:51:30.712+0000] {dagbag.py:588} INFO - Filling up the DagBag from /home/airflow/.local/lib/python3.12/site-packages/airflow/example_dags/example_sensors.py
[2025-05-19T15:51:30.718+0000] {processor.py:925} INFO - DAG(s) 'example_sensors' retrieved from /home/airflow/.local/lib/python3.12/site-packages/airflow/example_dags/example_sensors.py
[2025-05-19T15:51:30.731+0000] {logging_mixin.py:190} INFO - [2025-05-19T15:51:30.731+0000] {dag.py:3239} INFO - Sync 1 DAGs
[2025-05-19T15:51:30.737+0000] {logging_mixin.py:190} INFO - [2025-05-19T15:51:30.737+0000] {dag.py:4180} INFO - Setting next_dagrun for example_sensors to None, run_after=None
[2025-05-19T15:51:30.747+0000] {processor.py:208} INFO - Processing /home/airflow/.local/lib/python3.12/site-packages/airflow/example_dags/example_sensors.py took 0.040 seconds
[2025-05-19T15:52:01.359+0000] {processor.py:186} INFO - Started process (PID=492) to work on /home/airflow/.local/lib/python3.12/site-packages/airflow/example_dags/example_sensors.py
[2025-05-19T15:52:01.360+0000] {processor.py:914} INFO - Processing file /home/airflow/.local/lib/python3.12/site-packages/airflow/example_dags/example_sensors.py for tasks to queue
[2025-05-19T15:52:01.361+0000] {logging_mixin.py:190} INFO - [2025-05-19T15:52:01.361+0000] {dagbag.py:588} INFO - Filling up the DagBag from /home/airflow/.local/lib/python3.12/site-packages/airflow/example_dags/example_sensors.py
[2025-05-19T15:52:01.366+0000] {processor.py:925} INFO - DAG(s) 'example_sensors' retrieved from /home/airflow/.local/lib/python3.12/site-packages/airflow/example_dags/example_sensors.py
[2025-05-19T15:52:01.379+0000] {logging_mixin.py:190} INFO - [2025-05-19T15:52:01.379+0000] {dag.py:3239} INFO - Sync 1 DAGs
[2025-05-19T15:52:01.386+0000] {logging_mixin.py:190} INFO - [2025-05-19T15:52:01.386+0000] {dag.py:4180} INFO - Setting next_dagrun for example_sensors to None, run_after=None
[2025-05-19T15:52:01.394+0000] {processor.py:208} INFO - Processing /home/airflow/.local/lib/python3.12/site-packages/airflow/example_dags/example_sensors.py took 0.039 seconds
[2025-05-19T15:52:31.446+0000] {processor.py:186} INFO - Started process (PID=549) to work on /home/airflow/.local/lib/python3.12/site-packages/airflow/example_dags/example_sensors.py
[2025-05-19T15:52:31.447+0000] {processor.py:914} INFO - Processing file /home/airflow/.local/lib/python3.12/site-packages/airflow/example_dags/example_sensors.py for tasks to queue
[2025-05-19T15:52:31.448+0000] {logging_mixin.py:190} INFO - [2025-05-19T15:52:31.448+0000] {dagbag.py:588} INFO - Filling up the DagBag from /home/airflow/.local/lib/python3.12/site-packages/airflow/example_dags/example_sensors.py
[2025-05-19T15:52:31.454+0000] {processor.py:925} INFO - DAG(s) 'example_sensors' retrieved from /home/airflow/.local/lib/python3.12/site-packages/airflow/example_dags/example_sensors.py
[2025-05-19T15:52:31.468+0000] {logging_mixin.py:190} INFO - [2025-05-19T15:52:31.468+0000] {dag.py:3239} INFO - Sync 1 DAGs
[2025-05-19T15:52:31.475+0000] {logging_mixin.py:190} INFO - [2025-05-19T15:52:31.475+0000] {dag.py:4180} INFO - Setting next_dagrun for example_sensors to None, run_after=None
[2025-05-19T15:52:31.485+0000] {processor.py:208} INFO - Processing /home/airflow/.local/lib/python3.12/site-packages/airflow/example_dags/example_sensors.py took 0.043 seconds
[2025-05-19T15:53:02.632+0000] {processor.py:186} INFO - Started process (PID=606) to work on /home/airflow/.local/lib/python3.12/site-packages/airflow/example_dags/example_sensors.py
[2025-05-19T15:53:02.633+0000] {processor.py:914} INFO - Processing file /home/airflow/.local/lib/python3.12/site-packages/airflow/example_dags/example_sensors.py for tasks to queue
[2025-05-19T15:53:02.636+0000] {logging_mixin.py:190} INFO - [2025-05-19T15:53:02.635+0000] {dagbag.py:588} INFO - Filling up the DagBag from /home/airflow/.local/lib/python3.12/site-packages/airflow/example_dags/example_sensors.py
[2025-05-19T15:53:02.642+0000] {processor.py:925} INFO - DAG(s) 'example_sensors' retrieved from /home/airflow/.local/lib/python3.12/site-packages/airflow/example_dags/example_sensors.py
[2025-05-19T15:53:02.667+0000] {logging_mixin.py:190} INFO - [2025-05-19T15:53:02.667+0000] {dag.py:3239} INFO - Sync 1 DAGs
[2025-05-19T15:53:02.676+0000] {logging_mixin.py:190} INFO - [2025-05-19T15:53:02.676+0000] {dag.py:4180} INFO - Setting next_dagrun for example_sensors to None, run_after=None
[2025-05-19T15:53:02.687+0000] {processor.py:208} INFO - Processing /home/airflow/.local/lib/python3.12/site-packages/airflow/example_dags/example_sensors.py took 0.059 seconds
[2025-05-19T15:53:32.861+0000] {processor.py:186} INFO - Started process (PID=663) to work on /home/airflow/.local/lib/python3.12/site-packages/airflow/example_dags/example_sensors.py
[2025-05-19T15:53:32.862+0000] {processor.py:914} INFO - Processing file /home/airflow/.local/lib/python3.12/site-packages/airflow/example_dags/example_sensors.py for tasks to queue
[2025-05-19T15:53:32.864+0000] {logging_mixin.py:190} INFO - [2025-05-19T15:53:32.864+0000] {dagbag.py:588} INFO - Filling up the DagBag from /home/airflow/.local/lib/python3.12/site-packages/airflow/example_dags/example_sensors.py
[2025-05-19T15:53:32.873+0000] {processor.py:925} INFO - DAG(s) 'example_sensors' retrieved from /home/airflow/.local/lib/python3.12/site-packages/airflow/example_dags/example_sensors.py
[2025-05-19T15:53:32.888+0000] {logging_mixin.py:190} INFO - [2025-05-19T15:53:32.888+0000] {dag.py:3239} INFO - Sync 1 DAGs
[2025-05-19T15:53:32.896+0000] {logging_mixin.py:190} INFO - [2025-05-19T15:53:32.895+0000] {dag.py:4180} INFO - Setting next_dagrun for example_sensors to None, run_after=None
[2025-05-19T15:53:32.906+0000] {processor.py:208} INFO - Processing /home/airflow/.local/lib/python3.12/site-packages/airflow/example_dags/example_sensors.py took 0.048 seconds
[2025-05-19T15:54:03.794+0000] {processor.py:186} INFO - Started process (PID=720) to work on /home/airflow/.local/lib/python3.12/site-packages/airflow/example_dags/example_sensors.py
[2025-05-19T15:54:03.796+0000] {processor.py:914} INFO - Processing file /home/airflow/.local/lib/python3.12/site-packages/airflow/example_dags/example_sensors.py for tasks to queue
[2025-05-19T15:54:03.797+0000] {logging_mixin.py:190} INFO - [2025-05-19T15:54:03.797+0000] {dagbag.py:588} INFO - Filling up the DagBag from /home/airflow/.local/lib/python3.12/site-packages/airflow/example_dags/example_sensors.py
[2025-05-19T15:54:03.803+0000] {processor.py:925} INFO - DAG(s) 'example_sensors' retrieved from /home/airflow/.local/lib/python3.12/site-packages/airflow/example_dags/example_sensors.py
[2025-05-19T15:54:03.821+0000] {logging_mixin.py:190} INFO - [2025-05-19T15:54:03.821+0000] {dag.py:3239} INFO - Sync 1 DAGs
[2025-05-19T15:54:03.831+0000] {logging_mixin.py:190} INFO - [2025-05-19T15:54:03.830+0000] {dag.py:4180} INFO - Setting next_dagrun for example_sensors to None, run_after=None
[2025-05-19T15:54:03.841+0000] {processor.py:208} INFO - Processing /home/airflow/.local/lib/python3.12/site-packages/airflow/example_dags/example_sensors.py took 0.051 seconds
[2025-05-19T15:54:34.079+0000] {processor.py:186} INFO - Started process (PID=777) to work on /home/airflow/.local/lib/python3.12/site-packages/airflow/example_dags/example_sensors.py
[2025-05-19T15:54:34.080+0000] {processor.py:914} INFO - Processing file /home/airflow/.local/lib/python3.12/site-packages/airflow/example_dags/example_sensors.py for tasks to queue
[2025-05-19T15:54:34.083+0000] {logging_mixin.py:190} INFO - [2025-05-19T15:54:34.082+0000] {dagbag.py:588} INFO - Filling up the DagBag from /home/airflow/.local/lib/python3.12/site-packages/airflow/example_dags/example_sensors.py
[2025-05-19T15:54:34.089+0000] {processor.py:925} INFO - DAG(s) 'example_sensors' retrieved from /home/airflow/.local/lib/python3.12/site-packages/airflow/example_dags/example_sensors.py
[2025-05-19T15:54:34.104+0000] {logging_mixin.py:190} INFO - [2025-05-19T15:54:34.104+0000] {dag.py:3239} INFO - Sync 1 DAGs
[2025-05-19T15:54:34.111+0000] {logging_mixin.py:190} INFO - [2025-05-19T15:54:34.111+0000] {dag.py:4180} INFO - Setting next_dagrun for example_sensors to None, run_after=None
[2025-05-19T15:54:34.126+0000] {processor.py:208} INFO - Processing /home/airflow/.local/lib/python3.12/site-packages/airflow/example_dags/example_sensors.py took 0.051 seconds
[2025-05-19T15:55:04.510+0000] {processor.py:186} INFO - Started process (PID=834) to work on /home/airflow/.local/lib/python3.12/site-packages/airflow/example_dags/example_sensors.py
[2025-05-19T15:55:04.511+0000] {processor.py:914} INFO - Processing file /home/airflow/.local/lib/python3.12/site-packages/airflow/example_dags/example_sensors.py for tasks to queue
[2025-05-19T15:55:04.512+0000] {logging_mixin.py:190} INFO - [2025-05-19T15:55:04.512+0000] {dagbag.py:588} INFO - Filling up the DagBag from /home/airflow/.local/lib/python3.12/site-packages/airflow/example_dags/example_sensors.py
[2025-05-19T15:55:04.519+0000] {processor.py:925} INFO - DAG(s) 'example_sensors' retrieved from /home/airflow/.local/lib/python3.12/site-packages/airflow/example_dags/example_sensors.py
[2025-05-19T15:55:04.534+0000] {logging_mixin.py:190} INFO - [2025-05-19T15:55:04.534+0000] {dag.py:3239} INFO - Sync 1 DAGs
[2025-05-19T15:55:04.540+0000] {logging_mixin.py:190} INFO - [2025-05-19T15:55:04.540+0000] {dag.py:4180} INFO - Setting next_dagrun for example_sensors to None, run_after=None
[2025-05-19T15:55:04.553+0000] {processor.py:208} INFO - Processing /home/airflow/.local/lib/python3.12/site-packages/airflow/example_dags/example_sensors.py took 0.047 seconds
[2025-05-19T15:55:35.541+0000] {processor.py:186} INFO - Started process (PID=891) to work on /home/airflow/.local/lib/python3.12/site-packages/airflow/example_dags/example_sensors.py
[2025-05-19T15:55:35.542+0000] {processor.py:914} INFO - Processing file /home/airflow/.local/lib/python3.12/site-packages/airflow/example_dags/example_sensors.py for tasks to queue
[2025-05-19T15:55:35.543+0000] {logging_mixin.py:190} INFO - [2025-05-19T15:55:35.543+0000] {dagbag.py:588} INFO - Filling up the DagBag from /home/airflow/.local/lib/python3.12/site-packages/airflow/example_dags/example_sensors.py
[2025-05-19T15:55:35.550+0000] {processor.py:925} INFO - DAG(s) 'example_sensors' retrieved from /home/airflow/.local/lib/python3.12/site-packages/airflow/example_dags/example_sensors.py
[2025-05-19T15:55:35.567+0000] {logging_mixin.py:190} INFO - [2025-05-19T15:55:35.567+0000] {dag.py:3239} INFO - Sync 1 DAGs
[2025-05-19T15:55:35.575+0000] {logging_mixin.py:190} INFO - [2025-05-19T15:55:35.575+0000] {dag.py:4180} INFO - Setting next_dagrun for example_sensors to None, run_after=None
[2025-05-19T15:55:35.586+0000] {processor.py:208} INFO - Processing /home/airflow/.local/lib/python3.12/site-packages/airflow/example_dags/example_sensors.py took 0.049 seconds
[2025-05-19T15:56:06.553+0000] {processor.py:186} INFO - Started process (PID=948) to work on /home/airflow/.local/lib/python3.12/site-packages/airflow/example_dags/example_sensors.py
[2025-05-19T15:56:06.554+0000] {processor.py:914} INFO - Processing file /home/airflow/.local/lib/python3.12/site-packages/airflow/example_dags/example_sensors.py for tasks to queue
[2025-05-19T15:56:06.556+0000] {logging_mixin.py:190} INFO - [2025-05-19T15:56:06.556+0000] {dagbag.py:588} INFO - Filling up the DagBag from /home/airflow/.local/lib/python3.12/site-packages/airflow/example_dags/example_sensors.py
[2025-05-19T15:56:06.567+0000] {processor.py:925} INFO - DAG(s) 'example_sensors' retrieved from /home/airflow/.local/lib/python3.12/site-packages/airflow/example_dags/example_sensors.py
[2025-05-19T15:56:06.582+0000] {logging_mixin.py:190} INFO - [2025-05-19T15:56:06.582+0000] {dag.py:3239} INFO - Sync 1 DAGs
[2025-05-19T15:56:06.588+0000] {logging_mixin.py:190} INFO - [2025-05-19T15:56:06.588+0000] {dag.py:4180} INFO - Setting next_dagrun for example_sensors to None, run_after=None
[2025-05-19T15:56:06.597+0000] {processor.py:208} INFO - Processing /home/airflow/.local/lib/python3.12/site-packages/airflow/example_dags/example_sensors.py took 0.048 seconds
[2025-05-19T15:56:37.628+0000] {processor.py:186} INFO - Started process (PID=1005) to work on /home/airflow/.local/lib/python3.12/site-packages/airflow/example_dags/example_sensors.py
[2025-05-19T15:56:37.629+0000] {processor.py:914} INFO - Processing file /home/airflow/.local/lib/python3.12/site-packages/airflow/example_dags/example_sensors.py for tasks to queue
[2025-05-19T15:56:37.630+0000] {logging_mixin.py:190} INFO - [2025-05-19T15:56:37.630+0000] {dagbag.py:588} INFO - Filling up the DagBag from /home/airflow/.local/lib/python3.12/site-packages/airflow/example_dags/example_sensors.py
[2025-05-19T15:56:37.639+0000] {processor.py:925} INFO - DAG(s) 'example_sensors' retrieved from /home/airflow/.local/lib/python3.12/site-packages/airflow/example_dags/example_sensors.py
[2025-05-19T15:56:37.659+0000] {logging_mixin.py:190} INFO - [2025-05-19T15:56:37.659+0000] {dag.py:3239} INFO - Sync 1 DAGs
[2025-05-19T15:56:37.667+0000] {logging_mixin.py:190} INFO - [2025-05-19T15:56:37.666+0000] {dag.py:4180} INFO - Setting next_dagrun for example_sensors to None, run_after=None
[2025-05-19T15:56:37.679+0000] {processor.py:208} INFO - Processing /home/airflow/.local/lib/python3.12/site-packages/airflow/example_dags/example_sensors.py took 0.055 seconds
[2025-05-19T15:57:08.555+0000] {processor.py:186} INFO - Started process (PID=1062) to work on /home/airflow/.local/lib/python3.12/site-packages/airflow/example_dags/example_sensors.py
[2025-05-19T15:57:08.557+0000] {processor.py:914} INFO - Processing file /home/airflow/.local/lib/python3.12/site-packages/airflow/example_dags/example_sensors.py for tasks to queue
[2025-05-19T15:57:08.559+0000] {logging_mixin.py:190} INFO - [2025-05-19T15:57:08.559+0000] {dagbag.py:588} INFO - Filling up the DagBag from /home/airflow/.local/lib/python3.12/site-packages/airflow/example_dags/example_sensors.py
[2025-05-19T15:57:08.565+0000] {processor.py:925} INFO - DAG(s) 'example_sensors' retrieved from /home/airflow/.local/lib/python3.12/site-packages/airflow/example_dags/example_sensors.py
[2025-05-19T15:57:08.579+0000] {logging_mixin.py:190} INFO - [2025-05-19T15:57:08.578+0000] {dag.py:3239} INFO - Sync 1 DAGs
[2025-05-19T15:57:08.585+0000] {logging_mixin.py:190} INFO - [2025-05-19T15:57:08.585+0000] {dag.py:4180} INFO - Setting next_dagrun for example_sensors to None, run_after=None
[2025-05-19T15:57:08.596+0000] {processor.py:208} INFO - Processing /home/airflow/.local/lib/python3.12/site-packages/airflow/example_dags/example_sensors.py took 0.044 seconds
[2025-05-19T15:57:39.461+0000] {processor.py:186} INFO - Started process (PID=1119) to work on /home/airflow/.local/lib/python3.12/site-packages/airflow/example_dags/example_sensors.py
[2025-05-19T15:57:39.464+0000] {processor.py:914} INFO - Processing file /home/airflow/.local/lib/python3.12/site-packages/airflow/example_dags/example_sensors.py for tasks to queue
[2025-05-19T15:57:39.467+0000] {logging_mixin.py:190} INFO - [2025-05-19T15:57:39.467+0000] {dagbag.py:588} INFO - Filling up the DagBag from /home/airflow/.local/lib/python3.12/site-packages/airflow/example_dags/example_sensors.py
[2025-05-19T15:57:39.474+0000] {processor.py:925} INFO - DAG(s) 'example_sensors' retrieved from /home/airflow/.local/lib/python3.12/site-packages/airflow/example_dags/example_sensors.py
[2025-05-19T15:57:39.489+0000] {logging_mixin.py:190} INFO - [2025-05-19T15:57:39.489+0000] {dag.py:3239} INFO - Sync 1 DAGs
[2025-05-19T15:57:39.496+0000] {logging_mixin.py:190} INFO - [2025-05-19T15:57:39.495+0000] {dag.py:4180} INFO - Setting next_dagrun for example_sensors to None, run_after=None
[2025-05-19T15:57:39.506+0000] {processor.py:208} INFO - Processing /home/airflow/.local/lib/python3.12/site-packages/airflow/example_dags/example_sensors.py took 0.050 seconds
[2025-05-19T15:58:10.378+0000] {processor.py:186} INFO - Started process (PID=1176) to work on /home/airflow/.local/lib/python3.12/site-packages/airflow/example_dags/example_sensors.py
[2025-05-19T15:58:10.381+0000] {processor.py:914} INFO - Processing file /home/airflow/.local/lib/python3.12/site-packages/airflow/example_dags/example_sensors.py for tasks to queue
[2025-05-19T15:58:10.382+0000] {logging_mixin.py:190} INFO - [2025-05-19T15:58:10.382+0000] {dagbag.py:588} INFO - Filling up the DagBag from /home/airflow/.local/lib/python3.12/site-packages/airflow/example_dags/example_sensors.py
[2025-05-19T15:58:10.391+0000] {processor.py:925} INFO - DAG(s) 'example_sensors' retrieved from /home/airflow/.local/lib/python3.12/site-packages/airflow/example_dags/example_sensors.py
[2025-05-19T15:58:10.407+0000] {logging_mixin.py:190} INFO - [2025-05-19T15:58:10.406+0000] {dag.py:3239} INFO - Sync 1 DAGs
[2025-05-19T15:58:10.414+0000] {logging_mixin.py:190} INFO - [2025-05-19T15:58:10.414+0000] {dag.py:4180} INFO - Setting next_dagrun for example_sensors to None, run_after=None
[2025-05-19T15:58:10.424+0000] {processor.py:208} INFO - Processing /home/airflow/.local/lib/python3.12/site-packages/airflow/example_dags/example_sensors.py took 0.050 seconds
[2025-05-19T15:58:41.265+0000] {processor.py:186} INFO - Started process (PID=1233) to work on /home/airflow/.local/lib/python3.12/site-packages/airflow/example_dags/example_sensors.py
[2025-05-19T15:58:41.266+0000] {processor.py:914} INFO - Processing file /home/airflow/.local/lib/python3.12/site-packages/airflow/example_dags/example_sensors.py for tasks to queue
[2025-05-19T15:58:41.267+0000] {logging_mixin.py:190} INFO - [2025-05-19T15:58:41.267+0000] {dagbag.py:588} INFO - Filling up the DagBag from /home/airflow/.local/lib/python3.12/site-packages/airflow/example_dags/example_sensors.py
[2025-05-19T15:58:41.273+0000] {processor.py:925} INFO - DAG(s) 'example_sensors' retrieved from /home/airflow/.local/lib/python3.12/site-packages/airflow/example_dags/example_sensors.py
[2025-05-19T15:58:41.287+0000] {logging_mixin.py:190} INFO - [2025-05-19T15:58:41.287+0000] {dag.py:3239} INFO - Sync 1 DAGs
[2025-05-19T15:58:41.294+0000] {logging_mixin.py:190} INFO - [2025-05-19T15:58:41.294+0000] {dag.py:4180} INFO - Setting next_dagrun for example_sensors to None, run_after=None
[2025-05-19T15:58:41.306+0000] {processor.py:208} INFO - Processing /home/airflow/.local/lib/python3.12/site-packages/airflow/example_dags/example_sensors.py took 0.045 seconds
[2025-05-19T15:59:12.075+0000] {processor.py:186} INFO - Started process (PID=1290) to work on /home/airflow/.local/lib/python3.12/site-packages/airflow/example_dags/example_sensors.py
[2025-05-19T15:59:12.079+0000] {processor.py:914} INFO - Processing file /home/airflow/.local/lib/python3.12/site-packages/airflow/example_dags/example_sensors.py for tasks to queue
[2025-05-19T15:59:12.083+0000] {logging_mixin.py:190} INFO - [2025-05-19T15:59:12.083+0000] {dagbag.py:588} INFO - Filling up the DagBag from /home/airflow/.local/lib/python3.12/site-packages/airflow/example_dags/example_sensors.py
[2025-05-19T15:59:12.091+0000] {processor.py:925} INFO - DAG(s) 'example_sensors' retrieved from /home/airflow/.local/lib/python3.12/site-packages/airflow/example_dags/example_sensors.py
[2025-05-19T15:59:12.106+0000] {logging_mixin.py:190} INFO - [2025-05-19T15:59:12.105+0000] {dag.py:3239} INFO - Sync 1 DAGs
[2025-05-19T15:59:12.113+0000] {logging_mixin.py:190} INFO - [2025-05-19T15:59:12.112+0000] {dag.py:4180} INFO - Setting next_dagrun for example_sensors to None, run_after=None
[2025-05-19T15:59:12.123+0000] {processor.py:208} INFO - Processing /home/airflow/.local/lib/python3.12/site-packages/airflow/example_dags/example_sensors.py took 0.051 seconds
[2025-05-19T15:59:43.128+0000] {processor.py:186} INFO - Started process (PID=1347) to work on /home/airflow/.local/lib/python3.12/site-packages/airflow/example_dags/example_sensors.py
[2025-05-19T15:59:43.129+0000] {processor.py:914} INFO - Processing file /home/airflow/.local/lib/python3.12/site-packages/airflow/example_dags/example_sensors.py for tasks to queue
[2025-05-19T15:59:43.131+0000] {logging_mixin.py:190} INFO - [2025-05-19T15:59:43.131+0000] {dagbag.py:588} INFO - Filling up the DagBag from /home/airflow/.local/lib/python3.12/site-packages/airflow/example_dags/example_sensors.py
[2025-05-19T15:59:43.138+0000] {processor.py:925} INFO - DAG(s) 'example_sensors' retrieved from /home/airflow/.local/lib/python3.12/site-packages/airflow/example_dags/example_sensors.py
[2025-05-19T15:59:43.151+0000] {logging_mixin.py:190} INFO - [2025-05-19T15:59:43.151+0000] {dag.py:3239} INFO - Sync 1 DAGs
[2025-05-19T15:59:43.158+0000] {logging_mixin.py:190} INFO - [2025-05-19T15:59:43.158+0000] {dag.py:4180} INFO - Setting next_dagrun for example_sensors to None, run_after=None
[2025-05-19T15:59:43.167+0000] {processor.py:208} INFO - Processing /home/airflow/.local/lib/python3.12/site-packages/airflow/example_dags/example_sensors.py took 0.044 seconds
[2025-05-19T16:00:14.170+0000] {processor.py:186} INFO - Started process (PID=1404) to work on /home/airflow/.local/lib/python3.12/site-packages/airflow/example_dags/example_sensors.py
[2025-05-19T16:00:14.171+0000] {processor.py:914} INFO - Processing file /home/airflow/.local/lib/python3.12/site-packages/airflow/example_dags/example_sensors.py for tasks to queue
[2025-05-19T16:00:14.172+0000] {logging_mixin.py:190} INFO - [2025-05-19T16:00:14.172+0000] {dagbag.py:588} INFO - Filling up the DagBag from /home/airflow/.local/lib/python3.12/site-packages/airflow/example_dags/example_sensors.py
[2025-05-19T16:00:14.178+0000] {processor.py:925} INFO - DAG(s) 'example_sensors' retrieved from /home/airflow/.local/lib/python3.12/site-packages/airflow/example_dags/example_sensors.py
[2025-05-19T16:00:14.191+0000] {logging_mixin.py:190} INFO - [2025-05-19T16:00:14.191+0000] {dag.py:3239} INFO - Sync 1 DAGs
[2025-05-19T16:00:14.199+0000] {logging_mixin.py:190} INFO - [2025-05-19T16:00:14.198+0000] {dag.py:4180} INFO - Setting next_dagrun for example_sensors to None, run_after=None
[2025-05-19T16:00:14.208+0000] {processor.py:208} INFO - Processing /home/airflow/.local/lib/python3.12/site-packages/airflow/example_dags/example_sensors.py took 0.042 seconds
[2025-05-19T16:00:45.195+0000] {processor.py:186} INFO - Started process (PID=1461) to work on /home/airflow/.local/lib/python3.12/site-packages/airflow/example_dags/example_sensors.py
[2025-05-19T16:00:45.196+0000] {processor.py:914} INFO - Processing file /home/airflow/.local/lib/python3.12/site-packages/airflow/example_dags/example_sensors.py for tasks to queue
[2025-05-19T16:00:45.197+0000] {logging_mixin.py:190} INFO - [2025-05-19T16:00:45.197+0000] {dagbag.py:588} INFO - Filling up the DagBag from /home/airflow/.local/lib/python3.12/site-packages/airflow/example_dags/example_sensors.py
[2025-05-19T16:00:45.204+0000] {processor.py:925} INFO - DAG(s) 'example_sensors' retrieved from /home/airflow/.local/lib/python3.12/site-packages/airflow/example_dags/example_sensors.py
[2025-05-19T16:00:45.219+0000] {logging_mixin.py:190} INFO - [2025-05-19T16:00:45.218+0000] {dag.py:3239} INFO - Sync 1 DAGs
[2025-05-19T16:00:45.226+0000] {logging_mixin.py:190} INFO - [2025-05-19T16:00:45.225+0000] {dag.py:4180} INFO - Setting next_dagrun for example_sensors to None, run_after=None
[2025-05-19T16:00:45.235+0000] {processor.py:208} INFO - Processing /home/airflow/.local/lib/python3.12/site-packages/airflow/example_dags/example_sensors.py took 0.044 seconds
[2025-05-19T16:01:15.272+0000] {processor.py:186} INFO - Started process (PID=1518) to work on /home/airflow/.local/lib/python3.12/site-packages/airflow/example_dags/example_sensors.py
[2025-05-19T16:01:15.273+0000] {processor.py:914} INFO - Processing file /home/airflow/.local/lib/python3.12/site-packages/airflow/example_dags/example_sensors.py for tasks to queue
[2025-05-19T16:01:15.275+0000] {logging_mixin.py:190} INFO - [2025-05-19T16:01:15.274+0000] {dagbag.py:588} INFO - Filling up the DagBag from /home/airflow/.local/lib/python3.12/site-packages/airflow/example_dags/example_sensors.py
[2025-05-19T16:01:15.281+0000] {processor.py:925} INFO - DAG(s) 'example_sensors' retrieved from /home/airflow/.local/lib/python3.12/site-packages/airflow/example_dags/example_sensors.py
[2025-05-19T16:01:15.296+0000] {logging_mixin.py:190} INFO - [2025-05-19T16:01:15.296+0000] {dag.py:3239} INFO - Sync 1 DAGs
[2025-05-19T16:01:15.307+0000] {logging_mixin.py:190} INFO - [2025-05-19T16:01:15.306+0000] {dag.py:4180} INFO - Setting next_dagrun for example_sensors to None, run_after=None
[2025-05-19T16:01:15.316+0000] {processor.py:208} INFO - Processing /home/airflow/.local/lib/python3.12/site-packages/airflow/example_dags/example_sensors.py took 0.047 seconds
[2025-05-19T16:01:46.169+0000] {processor.py:186} INFO - Started process (PID=1575) to work on /home/airflow/.local/lib/python3.12/site-packages/airflow/example_dags/example_sensors.py
[2025-05-19T16:01:46.169+0000] {processor.py:914} INFO - Processing file /home/airflow/.local/lib/python3.12/site-packages/airflow/example_dags/example_sensors.py for tasks to queue
[2025-05-19T16:01:46.171+0000] {logging_mixin.py:190} INFO - [2025-05-19T16:01:46.171+0000] {dagbag.py:588} INFO - Filling up the DagBag from /home/airflow/.local/lib/python3.12/site-packages/airflow/example_dags/example_sensors.py
[2025-05-19T16:01:46.178+0000] {processor.py:925} INFO - DAG(s) 'example_sensors' retrieved from /home/airflow/.local/lib/python3.12/site-packages/airflow/example_dags/example_sensors.py
[2025-05-19T16:01:46.192+0000] {logging_mixin.py:190} INFO - [2025-05-19T16:01:46.192+0000] {dag.py:3239} INFO - Sync 1 DAGs
[2025-05-19T16:01:46.199+0000] {logging_mixin.py:190} INFO - [2025-05-19T16:01:46.199+0000] {dag.py:4180} INFO - Setting next_dagrun for example_sensors to None, run_after=None
[2025-05-19T16:01:46.209+0000] {processor.py:208} INFO - Processing /home/airflow/.local/lib/python3.12/site-packages/airflow/example_dags/example_sensors.py took 0.045 seconds
[2025-05-19T16:02:16.899+0000] {processor.py:186} INFO - Started process (PID=1632) to work on /home/airflow/.local/lib/python3.12/site-packages/airflow/example_dags/example_sensors.py
[2025-05-19T16:02:16.900+0000] {processor.py:914} INFO - Processing file /home/airflow/.local/lib/python3.12/site-packages/airflow/example_dags/example_sensors.py for tasks to queue
[2025-05-19T16:02:16.901+0000] {logging_mixin.py:190} INFO - [2025-05-19T16:02:16.901+0000] {dagbag.py:588} INFO - Filling up the DagBag from /home/airflow/.local/lib/python3.12/site-packages/airflow/example_dags/example_sensors.py
[2025-05-19T16:02:16.907+0000] {processor.py:925} INFO - DAG(s) 'example_sensors' retrieved from /home/airflow/.local/lib/python3.12/site-packages/airflow/example_dags/example_sensors.py
[2025-05-19T16:02:16.921+0000] {logging_mixin.py:190} INFO - [2025-05-19T16:02:16.921+0000] {dag.py:3239} INFO - Sync 1 DAGs
[2025-05-19T16:02:16.928+0000] {logging_mixin.py:190} INFO - [2025-05-19T16:02:16.928+0000] {dag.py:4180} INFO - Setting next_dagrun for example_sensors to None, run_after=None
[2025-05-19T16:02:16.938+0000] {processor.py:208} INFO - Processing /home/airflow/.local/lib/python3.12/site-packages/airflow/example_dags/example_sensors.py took 0.043 seconds
[2025-05-19T16:02:47.769+0000] {processor.py:186} INFO - Started process (PID=1689) to work on /home/airflow/.local/lib/python3.12/site-packages/airflow/example_dags/example_sensors.py
[2025-05-19T16:02:47.770+0000] {processor.py:914} INFO - Processing file /home/airflow/.local/lib/python3.12/site-packages/airflow/example_dags/example_sensors.py for tasks to queue
[2025-05-19T16:02:47.771+0000] {logging_mixin.py:190} INFO - [2025-05-19T16:02:47.771+0000] {dagbag.py:588} INFO - Filling up the DagBag from /home/airflow/.local/lib/python3.12/site-packages/airflow/example_dags/example_sensors.py
[2025-05-19T16:02:47.780+0000] {processor.py:925} INFO - DAG(s) 'example_sensors' retrieved from /home/airflow/.local/lib/python3.12/site-packages/airflow/example_dags/example_sensors.py
[2025-05-19T16:02:47.797+0000] {logging_mixin.py:190} INFO - [2025-05-19T16:02:47.797+0000] {dag.py:3239} INFO - Sync 1 DAGs
[2025-05-19T16:02:47.806+0000] {logging_mixin.py:190} INFO - [2025-05-19T16:02:47.806+0000] {dag.py:4180} INFO - Setting next_dagrun for example_sensors to None, run_after=None
[2025-05-19T16:02:47.817+0000] {processor.py:208} INFO - Processing /home/airflow/.local/lib/python3.12/site-packages/airflow/example_dags/example_sensors.py took 0.052 seconds
[2025-05-19T16:03:18.890+0000] {processor.py:186} INFO - Started process (PID=1746) to work on /home/airflow/.local/lib/python3.12/site-packages/airflow/example_dags/example_sensors.py
[2025-05-19T16:03:18.891+0000] {processor.py:914} INFO - Processing file /home/airflow/.local/lib/python3.12/site-packages/airflow/example_dags/example_sensors.py for tasks to queue
[2025-05-19T16:03:18.892+0000] {logging_mixin.py:190} INFO - [2025-05-19T16:03:18.892+0000] {dagbag.py:588} INFO - Filling up the DagBag from /home/airflow/.local/lib/python3.12/site-packages/airflow/example_dags/example_sensors.py
[2025-05-19T16:03:18.898+0000] {processor.py:925} INFO - DAG(s) 'example_sensors' retrieved from /home/airflow/.local/lib/python3.12/site-packages/airflow/example_dags/example_sensors.py
[2025-05-19T16:03:18.912+0000] {logging_mixin.py:190} INFO - [2025-05-19T16:03:18.912+0000] {dag.py:3239} INFO - Sync 1 DAGs
[2025-05-19T16:03:18.918+0000] {logging_mixin.py:190} INFO - [2025-05-19T16:03:18.918+0000] {dag.py:4180} INFO - Setting next_dagrun for example_sensors to None, run_after=None
[2025-05-19T16:03:18.927+0000] {processor.py:208} INFO - Processing /home/airflow/.local/lib/python3.12/site-packages/airflow/example_dags/example_sensors.py took 0.041 seconds
[2025-05-19T16:03:49.675+0000] {processor.py:186} INFO - Started process (PID=1803) to work on /home/airflow/.local/lib/python3.12/site-packages/airflow/example_dags/example_sensors.py
[2025-05-19T16:03:49.676+0000] {processor.py:914} INFO - Processing file /home/airflow/.local/lib/python3.12/site-packages/airflow/example_dags/example_sensors.py for tasks to queue
[2025-05-19T16:03:49.677+0000] {logging_mixin.py:190} INFO - [2025-05-19T16:03:49.677+0000] {dagbag.py:588} INFO - Filling up the DagBag from /home/airflow/.local/lib/python3.12/site-packages/airflow/example_dags/example_sensors.py
[2025-05-19T16:03:49.684+0000] {processor.py:925} INFO - DAG(s) 'example_sensors' retrieved from /home/airflow/.local/lib/python3.12/site-packages/airflow/example_dags/example_sensors.py
[2025-05-19T16:03:49.700+0000] {logging_mixin.py:190} INFO - [2025-05-19T16:03:49.700+0000] {dag.py:3239} INFO - Sync 1 DAGs
[2025-05-19T16:03:49.708+0000] {logging_mixin.py:190} INFO - [2025-05-19T16:03:49.707+0000] {dag.py:4180} INFO - Setting next_dagrun for example_sensors to None, run_after=None
[2025-05-19T16:03:49.718+0000] {processor.py:208} INFO - Processing /home/airflow/.local/lib/python3.12/site-packages/airflow/example_dags/example_sensors.py took 0.046 seconds
[2025-05-19T16:04:20.566+0000] {processor.py:186} INFO - Started process (PID=1860) to work on /home/airflow/.local/lib/python3.12/site-packages/airflow/example_dags/example_sensors.py
[2025-05-19T16:04:20.567+0000] {processor.py:914} INFO - Processing file /home/airflow/.local/lib/python3.12/site-packages/airflow/example_dags/example_sensors.py for tasks to queue
[2025-05-19T16:04:20.571+0000] {logging_mixin.py:190} INFO - [2025-05-19T16:04:20.571+0000] {dagbag.py:588} INFO - Filling up the DagBag from /home/airflow/.local/lib/python3.12/site-packages/airflow/example_dags/example_sensors.py
[2025-05-19T16:04:20.578+0000] {processor.py:925} INFO - DAG(s) 'example_sensors' retrieved from /home/airflow/.local/lib/python3.12/site-packages/airflow/example_dags/example_sensors.py
[2025-05-19T16:04:20.593+0000] {logging_mixin.py:190} INFO - [2025-05-19T16:04:20.593+0000] {dag.py:3239} INFO - Sync 1 DAGs
[2025-05-19T16:04:20.600+0000] {logging_mixin.py:190} INFO - [2025-05-19T16:04:20.600+0000] {dag.py:4180} INFO - Setting next_dagrun for example_sensors to None, run_after=None
[2025-05-19T16:04:20.611+0000] {processor.py:208} INFO - Processing /home/airflow/.local/lib/python3.12/site-packages/airflow/example_dags/example_sensors.py took 0.048 seconds
[2025-05-19T16:04:51.203+0000] {processor.py:186} INFO - Started process (PID=1917) to work on /home/airflow/.local/lib/python3.12/site-packages/airflow/example_dags/example_sensors.py
[2025-05-19T16:04:51.204+0000] {processor.py:914} INFO - Processing file /home/airflow/.local/lib/python3.12/site-packages/airflow/example_dags/example_sensors.py for tasks to queue
[2025-05-19T16:04:51.205+0000] {logging_mixin.py:190} INFO - [2025-05-19T16:04:51.205+0000] {dagbag.py:588} INFO - Filling up the DagBag from /home/airflow/.local/lib/python3.12/site-packages/airflow/example_dags/example_sensors.py
[2025-05-19T16:04:51.211+0000] {processor.py:925} INFO - DAG(s) 'example_sensors' retrieved from /home/airflow/.local/lib/python3.12/site-packages/airflow/example_dags/example_sensors.py
[2025-05-19T16:04:51.224+0000] {logging_mixin.py:190} INFO - [2025-05-19T16:04:51.224+0000] {dag.py:3239} INFO - Sync 1 DAGs
[2025-05-19T16:04:51.232+0000] {logging_mixin.py:190} INFO - [2025-05-19T16:04:51.231+0000] {dag.py:4180} INFO - Setting next_dagrun for example_sensors to None, run_after=None
[2025-05-19T16:04:51.242+0000] {processor.py:208} INFO - Processing /home/airflow/.local/lib/python3.12/site-packages/airflow/example_dags/example_sensors.py took 0.043 seconds
