[2025-05-19T15:47:56.808+0000] {processor.py:186} INFO - Started process (PID=49) to work on /home/airflow/.local/lib/python3.12/site-packages/airflow/example_dags/example_setup_teardown_taskflow.py
[2025-05-19T15:47:56.809+0000] {processor.py:914} INFO - Processing file /home/airflow/.local/lib/python3.12/site-packages/airflow/example_dags/example_setup_teardown_taskflow.py for tasks to queue
[2025-05-19T15:47:56.811+0000] {logging_mixin.py:190} INFO - [2025-05-19T15:47:56.811+0000] {dagbag.py:588} INFO - Filling up the DagBag from /home/airflow/.local/lib/python3.12/site-packages/airflow/example_dags/example_setup_teardown_taskflow.py
[2025-05-19T15:47:56.818+0000] {processor.py:925} INFO - DAG(s) 'example_setup_teardown_taskflow' retrieved from /home/airflow/.local/lib/python3.12/site-packages/airflow/example_dags/example_setup_teardown_taskflow.py
[2025-05-19T15:47:56.875+0000] {logging_mixin.py:190} INFO - [2025-05-19T15:47:56.875+0000] {override.py:1912} INFO - Created Permission View: can delete on DAG:example_setup_teardown_taskflow
[2025-05-19T15:47:56.880+0000] {logging_mixin.py:190} INFO - [2025-05-19T15:47:56.880+0000] {override.py:1912} INFO - Created Permission View: can read on DAG:example_setup_teardown_taskflow
[2025-05-19T15:47:56.882+0000] {logging_mixin.py:190} INFO - [2025-05-19T15:47:56.882+0000] {override.py:1912} INFO - Created Permission View: can edit on DAG:example_setup_teardown_taskflow
[2025-05-19T15:47:56.885+0000] {logging_mixin.py:190} INFO - [2025-05-19T15:47:56.885+0000] {override.py:1912} INFO - Created Permission View: menu access on DAG Run:example_setup_teardown_taskflow
[2025-05-19T15:47:56.887+0000] {logging_mixin.py:190} INFO - [2025-05-19T15:47:56.887+0000] {override.py:1912} INFO - Created Permission View: can create on DAG Run:example_setup_teardown_taskflow
[2025-05-19T15:47:56.890+0000] {logging_mixin.py:190} INFO - [2025-05-19T15:47:56.890+0000] {override.py:1912} INFO - Created Permission View: can delete on DAG Run:example_setup_teardown_taskflow
[2025-05-19T15:47:56.893+0000] {logging_mixin.py:190} INFO - [2025-05-19T15:47:56.892+0000] {override.py:1912} INFO - Created Permission View: can read on DAG Run:example_setup_teardown_taskflow
[2025-05-19T15:47:56.893+0000] {logging_mixin.py:190} INFO - [2025-05-19T15:47:56.893+0000] {dag.py:3239} INFO - Sync 1 DAGs
[2025-05-19T15:47:56.900+0000] {logging_mixin.py:190} INFO - [2025-05-19T15:47:56.900+0000] {dag.py:3262} INFO - Creating ORM DAG for example_setup_teardown_taskflow
[2025-05-19T15:47:56.901+0000] {logging_mixin.py:190} INFO - [2025-05-19T15:47:56.901+0000] {dag.py:4180} INFO - Setting next_dagrun for example_setup_teardown_taskflow to None, run_after=None
[2025-05-19T15:47:56.909+0000] {processor.py:208} INFO - Processing /home/airflow/.local/lib/python3.12/site-packages/airflow/example_dags/example_setup_teardown_taskflow.py took 0.107 seconds
[2025-05-19T15:48:27.511+0000] {processor.py:186} INFO - Started process (PID=105) to work on /home/airflow/.local/lib/python3.12/site-packages/airflow/example_dags/example_setup_teardown_taskflow.py
[2025-05-19T15:48:27.515+0000] {processor.py:914} INFO - Processing file /home/airflow/.local/lib/python3.12/site-packages/airflow/example_dags/example_setup_teardown_taskflow.py for tasks to queue
[2025-05-19T15:48:27.520+0000] {logging_mixin.py:190} INFO - [2025-05-19T15:48:27.519+0000] {dagbag.py:588} INFO - Filling up the DagBag from /home/airflow/.local/lib/python3.12/site-packages/airflow/example_dags/example_setup_teardown_taskflow.py
[2025-05-19T15:48:27.525+0000] {processor.py:925} INFO - DAG(s) 'example_setup_teardown_taskflow' retrieved from /home/airflow/.local/lib/python3.12/site-packages/airflow/example_dags/example_setup_teardown_taskflow.py
[2025-05-19T15:48:27.537+0000] {logging_mixin.py:190} INFO - [2025-05-19T15:48:27.537+0000] {dag.py:3239} INFO - Sync 1 DAGs
[2025-05-19T15:48:27.546+0000] {logging_mixin.py:190} INFO - [2025-05-19T15:48:27.546+0000] {dag.py:4180} INFO - Setting next_dagrun for example_setup_teardown_taskflow to None, run_after=None
[2025-05-19T15:48:27.555+0000] {processor.py:208} INFO - Processing /home/airflow/.local/lib/python3.12/site-packages/airflow/example_dags/example_setup_teardown_taskflow.py took 0.047 seconds
[2025-05-19T15:48:58.551+0000] {processor.py:186} INFO - Started process (PID=163) to work on /home/airflow/.local/lib/python3.12/site-packages/airflow/example_dags/example_setup_teardown_taskflow.py
[2025-05-19T15:48:58.551+0000] {processor.py:914} INFO - Processing file /home/airflow/.local/lib/python3.12/site-packages/airflow/example_dags/example_setup_teardown_taskflow.py for tasks to queue
[2025-05-19T15:48:58.553+0000] {logging_mixin.py:190} INFO - [2025-05-19T15:48:58.552+0000] {dagbag.py:588} INFO - Filling up the DagBag from /home/airflow/.local/lib/python3.12/site-packages/airflow/example_dags/example_setup_teardown_taskflow.py
[2025-05-19T15:48:58.558+0000] {processor.py:925} INFO - DAG(s) 'example_setup_teardown_taskflow' retrieved from /home/airflow/.local/lib/python3.12/site-packages/airflow/example_dags/example_setup_teardown_taskflow.py
[2025-05-19T15:48:58.569+0000] {logging_mixin.py:190} INFO - [2025-05-19T15:48:58.568+0000] {dag.py:3239} INFO - Sync 1 DAGs
[2025-05-19T15:48:58.575+0000] {logging_mixin.py:190} INFO - [2025-05-19T15:48:58.575+0000] {dag.py:4180} INFO - Setting next_dagrun for example_setup_teardown_taskflow to None, run_after=None
[2025-05-19T15:48:58.584+0000] {processor.py:208} INFO - Processing /home/airflow/.local/lib/python3.12/site-packages/airflow/example_dags/example_setup_teardown_taskflow.py took 0.036 seconds
[2025-05-19T15:49:29.346+0000] {processor.py:186} INFO - Started process (PID=220) to work on /home/airflow/.local/lib/python3.12/site-packages/airflow/example_dags/example_setup_teardown_taskflow.py
[2025-05-19T15:49:29.347+0000] {processor.py:914} INFO - Processing file /home/airflow/.local/lib/python3.12/site-packages/airflow/example_dags/example_setup_teardown_taskflow.py for tasks to queue
[2025-05-19T15:49:29.348+0000] {logging_mixin.py:190} INFO - [2025-05-19T15:49:29.348+0000] {dagbag.py:588} INFO - Filling up the DagBag from /home/airflow/.local/lib/python3.12/site-packages/airflow/example_dags/example_setup_teardown_taskflow.py
[2025-05-19T15:49:29.355+0000] {processor.py:925} INFO - DAG(s) 'example_setup_teardown_taskflow' retrieved from /home/airflow/.local/lib/python3.12/site-packages/airflow/example_dags/example_setup_teardown_taskflow.py
[2025-05-19T15:49:29.367+0000] {logging_mixin.py:190} INFO - [2025-05-19T15:49:29.367+0000] {dag.py:3239} INFO - Sync 1 DAGs
[2025-05-19T15:49:29.376+0000] {logging_mixin.py:190} INFO - [2025-05-19T15:49:29.375+0000] {dag.py:4180} INFO - Setting next_dagrun for example_setup_teardown_taskflow to None, run_after=None
[2025-05-19T15:49:29.386+0000] {processor.py:208} INFO - Processing /home/airflow/.local/lib/python3.12/site-packages/airflow/example_dags/example_setup_teardown_taskflow.py took 0.043 seconds
[2025-05-19T15:50:00.194+0000] {processor.py:186} INFO - Started process (PID=277) to work on /home/airflow/.local/lib/python3.12/site-packages/airflow/example_dags/example_setup_teardown_taskflow.py
[2025-05-19T15:50:00.194+0000] {processor.py:914} INFO - Processing file /home/airflow/.local/lib/python3.12/site-packages/airflow/example_dags/example_setup_teardown_taskflow.py for tasks to queue
[2025-05-19T15:50:00.196+0000] {logging_mixin.py:190} INFO - [2025-05-19T15:50:00.196+0000] {dagbag.py:588} INFO - Filling up the DagBag from /home/airflow/.local/lib/python3.12/site-packages/airflow/example_dags/example_setup_teardown_taskflow.py
[2025-05-19T15:50:00.205+0000] {processor.py:925} INFO - DAG(s) 'example_setup_teardown_taskflow' retrieved from /home/airflow/.local/lib/python3.12/site-packages/airflow/example_dags/example_setup_teardown_taskflow.py
[2025-05-19T15:50:00.226+0000] {logging_mixin.py:190} INFO - [2025-05-19T15:50:00.226+0000] {dag.py:3239} INFO - Sync 1 DAGs
[2025-05-19T15:50:00.235+0000] {logging_mixin.py:190} INFO - [2025-05-19T15:50:00.235+0000] {dag.py:4180} INFO - Setting next_dagrun for example_setup_teardown_taskflow to None, run_after=None
[2025-05-19T15:50:00.245+0000] {processor.py:208} INFO - Processing /home/airflow/.local/lib/python3.12/site-packages/airflow/example_dags/example_setup_teardown_taskflow.py took 0.054 seconds
[2025-05-19T15:50:30.981+0000] {processor.py:186} INFO - Started process (PID=334) to work on /home/airflow/.local/lib/python3.12/site-packages/airflow/example_dags/example_setup_teardown_taskflow.py
[2025-05-19T15:50:30.981+0000] {processor.py:914} INFO - Processing file /home/airflow/.local/lib/python3.12/site-packages/airflow/example_dags/example_setup_teardown_taskflow.py for tasks to queue
[2025-05-19T15:50:30.983+0000] {logging_mixin.py:190} INFO - [2025-05-19T15:50:30.982+0000] {dagbag.py:588} INFO - Filling up the DagBag from /home/airflow/.local/lib/python3.12/site-packages/airflow/example_dags/example_setup_teardown_taskflow.py
[2025-05-19T15:50:30.989+0000] {processor.py:925} INFO - DAG(s) 'example_setup_teardown_taskflow' retrieved from /home/airflow/.local/lib/python3.12/site-packages/airflow/example_dags/example_setup_teardown_taskflow.py
[2025-05-19T15:50:31.001+0000] {logging_mixin.py:190} INFO - [2025-05-19T15:50:31.001+0000] {dag.py:3239} INFO - Sync 1 DAGs
[2025-05-19T15:50:31.010+0000] {logging_mixin.py:190} INFO - [2025-05-19T15:50:31.010+0000] {dag.py:4180} INFO - Setting next_dagrun for example_setup_teardown_taskflow to None, run_after=None
[2025-05-19T15:50:31.020+0000] {processor.py:208} INFO - Processing /home/airflow/.local/lib/python3.12/site-packages/airflow/example_dags/example_setup_teardown_taskflow.py took 0.042 seconds
[2025-05-19T15:51:01.618+0000] {processor.py:186} INFO - Started process (PID=391) to work on /home/airflow/.local/lib/python3.12/site-packages/airflow/example_dags/example_setup_teardown_taskflow.py
[2025-05-19T15:51:01.619+0000] {processor.py:914} INFO - Processing file /home/airflow/.local/lib/python3.12/site-packages/airflow/example_dags/example_setup_teardown_taskflow.py for tasks to queue
[2025-05-19T15:51:01.620+0000] {logging_mixin.py:190} INFO - [2025-05-19T15:51:01.620+0000] {dagbag.py:588} INFO - Filling up the DagBag from /home/airflow/.local/lib/python3.12/site-packages/airflow/example_dags/example_setup_teardown_taskflow.py
[2025-05-19T15:51:01.626+0000] {processor.py:925} INFO - DAG(s) 'example_setup_teardown_taskflow' retrieved from /home/airflow/.local/lib/python3.12/site-packages/airflow/example_dags/example_setup_teardown_taskflow.py
[2025-05-19T15:51:01.638+0000] {logging_mixin.py:190} INFO - [2025-05-19T15:51:01.638+0000] {dag.py:3239} INFO - Sync 1 DAGs
[2025-05-19T15:51:01.645+0000] {logging_mixin.py:190} INFO - [2025-05-19T15:51:01.645+0000] {dag.py:4180} INFO - Setting next_dagrun for example_setup_teardown_taskflow to None, run_after=None
[2025-05-19T15:51:01.655+0000] {processor.py:208} INFO - Processing /home/airflow/.local/lib/python3.12/site-packages/airflow/example_dags/example_setup_teardown_taskflow.py took 0.040 seconds
[2025-05-19T15:51:32.147+0000] {processor.py:186} INFO - Started process (PID=448) to work on /home/airflow/.local/lib/python3.12/site-packages/airflow/example_dags/example_setup_teardown_taskflow.py
[2025-05-19T15:51:32.148+0000] {processor.py:914} INFO - Processing file /home/airflow/.local/lib/python3.12/site-packages/airflow/example_dags/example_setup_teardown_taskflow.py for tasks to queue
[2025-05-19T15:51:32.149+0000] {logging_mixin.py:190} INFO - [2025-05-19T15:51:32.149+0000] {dagbag.py:588} INFO - Filling up the DagBag from /home/airflow/.local/lib/python3.12/site-packages/airflow/example_dags/example_setup_teardown_taskflow.py
[2025-05-19T15:51:32.155+0000] {processor.py:925} INFO - DAG(s) 'example_setup_teardown_taskflow' retrieved from /home/airflow/.local/lib/python3.12/site-packages/airflow/example_dags/example_setup_teardown_taskflow.py
[2025-05-19T15:51:32.167+0000] {logging_mixin.py:190} INFO - [2025-05-19T15:51:32.166+0000] {dag.py:3239} INFO - Sync 1 DAGs
[2025-05-19T15:51:32.174+0000] {logging_mixin.py:190} INFO - [2025-05-19T15:51:32.174+0000] {dag.py:4180} INFO - Setting next_dagrun for example_setup_teardown_taskflow to None, run_after=None
[2025-05-19T15:51:32.185+0000] {processor.py:208} INFO - Processing /home/airflow/.local/lib/python3.12/site-packages/airflow/example_dags/example_setup_teardown_taskflow.py took 0.041 seconds
[2025-05-19T15:52:02.848+0000] {processor.py:186} INFO - Started process (PID=505) to work on /home/airflow/.local/lib/python3.12/site-packages/airflow/example_dags/example_setup_teardown_taskflow.py
[2025-05-19T15:52:02.849+0000] {processor.py:914} INFO - Processing file /home/airflow/.local/lib/python3.12/site-packages/airflow/example_dags/example_setup_teardown_taskflow.py for tasks to queue
[2025-05-19T15:52:02.851+0000] {logging_mixin.py:190} INFO - [2025-05-19T15:52:02.850+0000] {dagbag.py:588} INFO - Filling up the DagBag from /home/airflow/.local/lib/python3.12/site-packages/airflow/example_dags/example_setup_teardown_taskflow.py
[2025-05-19T15:52:02.860+0000] {processor.py:925} INFO - DAG(s) 'example_setup_teardown_taskflow' retrieved from /home/airflow/.local/lib/python3.12/site-packages/airflow/example_dags/example_setup_teardown_taskflow.py
[2025-05-19T15:52:02.875+0000] {logging_mixin.py:190} INFO - [2025-05-19T15:52:02.875+0000] {dag.py:3239} INFO - Sync 1 DAGs
[2025-05-19T15:52:02.885+0000] {logging_mixin.py:190} INFO - [2025-05-19T15:52:02.885+0000] {dag.py:4180} INFO - Setting next_dagrun for example_setup_teardown_taskflow to None, run_after=None
[2025-05-19T15:52:02.898+0000] {processor.py:208} INFO - Processing /home/airflow/.local/lib/python3.12/site-packages/airflow/example_dags/example_setup_teardown_taskflow.py took 0.053 seconds
[2025-05-19T15:52:32.911+0000] {processor.py:186} INFO - Started process (PID=561) to work on /home/airflow/.local/lib/python3.12/site-packages/airflow/example_dags/example_setup_teardown_taskflow.py
[2025-05-19T15:52:32.912+0000] {processor.py:914} INFO - Processing file /home/airflow/.local/lib/python3.12/site-packages/airflow/example_dags/example_setup_teardown_taskflow.py for tasks to queue
[2025-05-19T15:52:32.913+0000] {logging_mixin.py:190} INFO - [2025-05-19T15:52:32.913+0000] {dagbag.py:588} INFO - Filling up the DagBag from /home/airflow/.local/lib/python3.12/site-packages/airflow/example_dags/example_setup_teardown_taskflow.py
[2025-05-19T15:52:32.918+0000] {processor.py:925} INFO - DAG(s) 'example_setup_teardown_taskflow' retrieved from /home/airflow/.local/lib/python3.12/site-packages/airflow/example_dags/example_setup_teardown_taskflow.py
[2025-05-19T15:52:32.928+0000] {logging_mixin.py:190} INFO - [2025-05-19T15:52:32.928+0000] {dag.py:3239} INFO - Sync 1 DAGs
[2025-05-19T15:52:32.935+0000] {logging_mixin.py:190} INFO - [2025-05-19T15:52:32.935+0000] {dag.py:4180} INFO - Setting next_dagrun for example_setup_teardown_taskflow to None, run_after=None
[2025-05-19T15:52:32.942+0000] {processor.py:208} INFO - Processing /home/airflow/.local/lib/python3.12/site-packages/airflow/example_dags/example_setup_teardown_taskflow.py took 0.034 seconds
[2025-05-19T15:53:03.063+0000] {processor.py:186} INFO - Started process (PID=618) to work on /home/airflow/.local/lib/python3.12/site-packages/airflow/example_dags/example_setup_teardown_taskflow.py
[2025-05-19T15:53:03.064+0000] {processor.py:914} INFO - Processing file /home/airflow/.local/lib/python3.12/site-packages/airflow/example_dags/example_setup_teardown_taskflow.py for tasks to queue
[2025-05-19T15:53:03.065+0000] {logging_mixin.py:190} INFO - [2025-05-19T15:53:03.065+0000] {dagbag.py:588} INFO - Filling up the DagBag from /home/airflow/.local/lib/python3.12/site-packages/airflow/example_dags/example_setup_teardown_taskflow.py
[2025-05-19T15:53:03.072+0000] {processor.py:925} INFO - DAG(s) 'example_setup_teardown_taskflow' retrieved from /home/airflow/.local/lib/python3.12/site-packages/airflow/example_dags/example_setup_teardown_taskflow.py
[2025-05-19T15:53:03.087+0000] {logging_mixin.py:190} INFO - [2025-05-19T15:53:03.086+0000] {dag.py:3239} INFO - Sync 1 DAGs
[2025-05-19T15:53:03.097+0000] {logging_mixin.py:190} INFO - [2025-05-19T15:53:03.097+0000] {dag.py:4180} INFO - Setting next_dagrun for example_setup_teardown_taskflow to None, run_after=None
[2025-05-19T15:53:03.107+0000] {processor.py:208} INFO - Processing /home/airflow/.local/lib/python3.12/site-packages/airflow/example_dags/example_setup_teardown_taskflow.py took 0.050 seconds
[2025-05-19T15:53:33.238+0000] {processor.py:186} INFO - Started process (PID=675) to work on /home/airflow/.local/lib/python3.12/site-packages/airflow/example_dags/example_setup_teardown_taskflow.py
[2025-05-19T15:53:33.241+0000] {processor.py:914} INFO - Processing file /home/airflow/.local/lib/python3.12/site-packages/airflow/example_dags/example_setup_teardown_taskflow.py for tasks to queue
[2025-05-19T15:53:33.242+0000] {logging_mixin.py:190} INFO - [2025-05-19T15:53:33.242+0000] {dagbag.py:588} INFO - Filling up the DagBag from /home/airflow/.local/lib/python3.12/site-packages/airflow/example_dags/example_setup_teardown_taskflow.py
[2025-05-19T15:53:33.247+0000] {processor.py:925} INFO - DAG(s) 'example_setup_teardown_taskflow' retrieved from /home/airflow/.local/lib/python3.12/site-packages/airflow/example_dags/example_setup_teardown_taskflow.py
[2025-05-19T15:53:33.256+0000] {logging_mixin.py:190} INFO - [2025-05-19T15:53:33.256+0000] {dag.py:3239} INFO - Sync 1 DAGs
[2025-05-19T15:53:33.263+0000] {logging_mixin.py:190} INFO - [2025-05-19T15:53:33.263+0000] {dag.py:4180} INFO - Setting next_dagrun for example_setup_teardown_taskflow to None, run_after=None
[2025-05-19T15:53:33.272+0000] {processor.py:208} INFO - Processing /home/airflow/.local/lib/python3.12/site-packages/airflow/example_dags/example_setup_teardown_taskflow.py took 0.037 seconds
[2025-05-19T15:54:04.321+0000] {processor.py:186} INFO - Started process (PID=732) to work on /home/airflow/.local/lib/python3.12/site-packages/airflow/example_dags/example_setup_teardown_taskflow.py
[2025-05-19T15:54:04.322+0000] {processor.py:914} INFO - Processing file /home/airflow/.local/lib/python3.12/site-packages/airflow/example_dags/example_setup_teardown_taskflow.py for tasks to queue
[2025-05-19T15:54:04.323+0000] {logging_mixin.py:190} INFO - [2025-05-19T15:54:04.323+0000] {dagbag.py:588} INFO - Filling up the DagBag from /home/airflow/.local/lib/python3.12/site-packages/airflow/example_dags/example_setup_teardown_taskflow.py
[2025-05-19T15:54:04.329+0000] {processor.py:925} INFO - DAG(s) 'example_setup_teardown_taskflow' retrieved from /home/airflow/.local/lib/python3.12/site-packages/airflow/example_dags/example_setup_teardown_taskflow.py
[2025-05-19T15:54:04.340+0000] {logging_mixin.py:190} INFO - [2025-05-19T15:54:04.340+0000] {dag.py:3239} INFO - Sync 1 DAGs
[2025-05-19T15:54:04.348+0000] {logging_mixin.py:190} INFO - [2025-05-19T15:54:04.347+0000] {dag.py:4180} INFO - Setting next_dagrun for example_setup_teardown_taskflow to None, run_after=None
[2025-05-19T15:54:04.357+0000] {processor.py:208} INFO - Processing /home/airflow/.local/lib/python3.12/site-packages/airflow/example_dags/example_setup_teardown_taskflow.py took 0.039 seconds
[2025-05-19T15:54:34.613+0000] {processor.py:186} INFO - Started process (PID=789) to work on /home/airflow/.local/lib/python3.12/site-packages/airflow/example_dags/example_setup_teardown_taskflow.py
[2025-05-19T15:54:34.614+0000] {processor.py:914} INFO - Processing file /home/airflow/.local/lib/python3.12/site-packages/airflow/example_dags/example_setup_teardown_taskflow.py for tasks to queue
[2025-05-19T15:54:34.615+0000] {logging_mixin.py:190} INFO - [2025-05-19T15:54:34.615+0000] {dagbag.py:588} INFO - Filling up the DagBag from /home/airflow/.local/lib/python3.12/site-packages/airflow/example_dags/example_setup_teardown_taskflow.py
[2025-05-19T15:54:34.623+0000] {processor.py:925} INFO - DAG(s) 'example_setup_teardown_taskflow' retrieved from /home/airflow/.local/lib/python3.12/site-packages/airflow/example_dags/example_setup_teardown_taskflow.py
[2025-05-19T15:54:34.638+0000] {logging_mixin.py:190} INFO - [2025-05-19T15:54:34.638+0000] {dag.py:3239} INFO - Sync 1 DAGs
[2025-05-19T15:54:34.646+0000] {logging_mixin.py:190} INFO - [2025-05-19T15:54:34.646+0000] {dag.py:4180} INFO - Setting next_dagrun for example_setup_teardown_taskflow to None, run_after=None
[2025-05-19T15:54:34.662+0000] {processor.py:208} INFO - Processing /home/airflow/.local/lib/python3.12/site-packages/airflow/example_dags/example_setup_teardown_taskflow.py took 0.053 seconds
[2025-05-19T15:55:05.022+0000] {processor.py:186} INFO - Started process (PID=846) to work on /home/airflow/.local/lib/python3.12/site-packages/airflow/example_dags/example_setup_teardown_taskflow.py
[2025-05-19T15:55:05.023+0000] {processor.py:914} INFO - Processing file /home/airflow/.local/lib/python3.12/site-packages/airflow/example_dags/example_setup_teardown_taskflow.py for tasks to queue
[2025-05-19T15:55:05.024+0000] {logging_mixin.py:190} INFO - [2025-05-19T15:55:05.024+0000] {dagbag.py:588} INFO - Filling up the DagBag from /home/airflow/.local/lib/python3.12/site-packages/airflow/example_dags/example_setup_teardown_taskflow.py
[2025-05-19T15:55:05.030+0000] {processor.py:925} INFO - DAG(s) 'example_setup_teardown_taskflow' retrieved from /home/airflow/.local/lib/python3.12/site-packages/airflow/example_dags/example_setup_teardown_taskflow.py
[2025-05-19T15:55:05.043+0000] {logging_mixin.py:190} INFO - [2025-05-19T15:55:05.043+0000] {dag.py:3239} INFO - Sync 1 DAGs
[2025-05-19T15:55:05.050+0000] {logging_mixin.py:190} INFO - [2025-05-19T15:55:05.050+0000] {dag.py:4180} INFO - Setting next_dagrun for example_setup_teardown_taskflow to None, run_after=None
[2025-05-19T15:55:05.061+0000] {processor.py:208} INFO - Processing /home/airflow/.local/lib/python3.12/site-packages/airflow/example_dags/example_setup_teardown_taskflow.py took 0.042 seconds
[2025-05-19T15:55:36.018+0000] {processor.py:186} INFO - Started process (PID=903) to work on /home/airflow/.local/lib/python3.12/site-packages/airflow/example_dags/example_setup_teardown_taskflow.py
[2025-05-19T15:55:36.019+0000] {processor.py:914} INFO - Processing file /home/airflow/.local/lib/python3.12/site-packages/airflow/example_dags/example_setup_teardown_taskflow.py for tasks to queue
[2025-05-19T15:55:36.020+0000] {logging_mixin.py:190} INFO - [2025-05-19T15:55:36.020+0000] {dagbag.py:588} INFO - Filling up the DagBag from /home/airflow/.local/lib/python3.12/site-packages/airflow/example_dags/example_setup_teardown_taskflow.py
[2025-05-19T15:55:36.026+0000] {processor.py:925} INFO - DAG(s) 'example_setup_teardown_taskflow' retrieved from /home/airflow/.local/lib/python3.12/site-packages/airflow/example_dags/example_setup_teardown_taskflow.py
[2025-05-19T15:55:36.037+0000] {logging_mixin.py:190} INFO - [2025-05-19T15:55:36.036+0000] {dag.py:3239} INFO - Sync 1 DAGs
[2025-05-19T15:55:36.043+0000] {logging_mixin.py:190} INFO - [2025-05-19T15:55:36.043+0000] {dag.py:4180} INFO - Setting next_dagrun for example_setup_teardown_taskflow to None, run_after=None
[2025-05-19T15:55:36.051+0000] {processor.py:208} INFO - Processing /home/airflow/.local/lib/python3.12/site-packages/airflow/example_dags/example_setup_teardown_taskflow.py took 0.036 seconds
[2025-05-19T15:56:06.940+0000] {processor.py:186} INFO - Started process (PID=960) to work on /home/airflow/.local/lib/python3.12/site-packages/airflow/example_dags/example_setup_teardown_taskflow.py
[2025-05-19T15:56:06.942+0000] {processor.py:914} INFO - Processing file /home/airflow/.local/lib/python3.12/site-packages/airflow/example_dags/example_setup_teardown_taskflow.py for tasks to queue
[2025-05-19T15:56:06.943+0000] {logging_mixin.py:190} INFO - [2025-05-19T15:56:06.943+0000] {dagbag.py:588} INFO - Filling up the DagBag from /home/airflow/.local/lib/python3.12/site-packages/airflow/example_dags/example_setup_teardown_taskflow.py
[2025-05-19T15:56:06.950+0000] {processor.py:925} INFO - DAG(s) 'example_setup_teardown_taskflow' retrieved from /home/airflow/.local/lib/python3.12/site-packages/airflow/example_dags/example_setup_teardown_taskflow.py
[2025-05-19T15:56:06.964+0000] {logging_mixin.py:190} INFO - [2025-05-19T15:56:06.964+0000] {dag.py:3239} INFO - Sync 1 DAGs
[2025-05-19T15:56:06.973+0000] {logging_mixin.py:190} INFO - [2025-05-19T15:56:06.972+0000] {dag.py:4180} INFO - Setting next_dagrun for example_setup_teardown_taskflow to None, run_after=None
[2025-05-19T15:56:06.988+0000] {processor.py:208} INFO - Processing /home/airflow/.local/lib/python3.12/site-packages/airflow/example_dags/example_setup_teardown_taskflow.py took 0.051 seconds
[2025-05-19T15:56:37.985+0000] {processor.py:186} INFO - Started process (PID=1017) to work on /home/airflow/.local/lib/python3.12/site-packages/airflow/example_dags/example_setup_teardown_taskflow.py
[2025-05-19T15:56:37.987+0000] {processor.py:914} INFO - Processing file /home/airflow/.local/lib/python3.12/site-packages/airflow/example_dags/example_setup_teardown_taskflow.py for tasks to queue
[2025-05-19T15:56:37.988+0000] {logging_mixin.py:190} INFO - [2025-05-19T15:56:37.988+0000] {dagbag.py:588} INFO - Filling up the DagBag from /home/airflow/.local/lib/python3.12/site-packages/airflow/example_dags/example_setup_teardown_taskflow.py
[2025-05-19T15:56:37.994+0000] {processor.py:925} INFO - DAG(s) 'example_setup_teardown_taskflow' retrieved from /home/airflow/.local/lib/python3.12/site-packages/airflow/example_dags/example_setup_teardown_taskflow.py
[2025-05-19T15:56:38.008+0000] {logging_mixin.py:190} INFO - [2025-05-19T15:56:38.007+0000] {dag.py:3239} INFO - Sync 1 DAGs
[2025-05-19T15:56:38.015+0000] {logging_mixin.py:190} INFO - [2025-05-19T15:56:38.015+0000] {dag.py:4180} INFO - Setting next_dagrun for example_setup_teardown_taskflow to None, run_after=None
[2025-05-19T15:56:38.031+0000] {processor.py:208} INFO - Processing /home/airflow/.local/lib/python3.12/site-packages/airflow/example_dags/example_setup_teardown_taskflow.py took 0.049 seconds
[2025-05-19T15:57:08.893+0000] {processor.py:186} INFO - Started process (PID=1074) to work on /home/airflow/.local/lib/python3.12/site-packages/airflow/example_dags/example_setup_teardown_taskflow.py
[2025-05-19T15:57:08.894+0000] {processor.py:914} INFO - Processing file /home/airflow/.local/lib/python3.12/site-packages/airflow/example_dags/example_setup_teardown_taskflow.py for tasks to queue
[2025-05-19T15:57:08.895+0000] {logging_mixin.py:190} INFO - [2025-05-19T15:57:08.895+0000] {dagbag.py:588} INFO - Filling up the DagBag from /home/airflow/.local/lib/python3.12/site-packages/airflow/example_dags/example_setup_teardown_taskflow.py
[2025-05-19T15:57:08.902+0000] {processor.py:925} INFO - DAG(s) 'example_setup_teardown_taskflow' retrieved from /home/airflow/.local/lib/python3.12/site-packages/airflow/example_dags/example_setup_teardown_taskflow.py
[2025-05-19T15:57:08.915+0000] {logging_mixin.py:190} INFO - [2025-05-19T15:57:08.915+0000] {dag.py:3239} INFO - Sync 1 DAGs
[2025-05-19T15:57:08.922+0000] {logging_mixin.py:190} INFO - [2025-05-19T15:57:08.922+0000] {dag.py:4180} INFO - Setting next_dagrun for example_setup_teardown_taskflow to None, run_after=None
[2025-05-19T15:57:08.932+0000] {processor.py:208} INFO - Processing /home/airflow/.local/lib/python3.12/site-packages/airflow/example_dags/example_setup_teardown_taskflow.py took 0.042 seconds
[2025-05-19T15:57:39.866+0000] {processor.py:186} INFO - Started process (PID=1131) to work on /home/airflow/.local/lib/python3.12/site-packages/airflow/example_dags/example_setup_teardown_taskflow.py
[2025-05-19T15:57:39.866+0000] {processor.py:914} INFO - Processing file /home/airflow/.local/lib/python3.12/site-packages/airflow/example_dags/example_setup_teardown_taskflow.py for tasks to queue
[2025-05-19T15:57:39.868+0000] {logging_mixin.py:190} INFO - [2025-05-19T15:57:39.868+0000] {dagbag.py:588} INFO - Filling up the DagBag from /home/airflow/.local/lib/python3.12/site-packages/airflow/example_dags/example_setup_teardown_taskflow.py
[2025-05-19T15:57:39.874+0000] {processor.py:925} INFO - DAG(s) 'example_setup_teardown_taskflow' retrieved from /home/airflow/.local/lib/python3.12/site-packages/airflow/example_dags/example_setup_teardown_taskflow.py
[2025-05-19T15:57:39.891+0000] {logging_mixin.py:190} INFO - [2025-05-19T15:57:39.891+0000] {dag.py:3239} INFO - Sync 1 DAGs
[2025-05-19T15:57:39.898+0000] {logging_mixin.py:190} INFO - [2025-05-19T15:57:39.898+0000] {dag.py:4180} INFO - Setting next_dagrun for example_setup_teardown_taskflow to None, run_after=None
[2025-05-19T15:57:39.911+0000] {processor.py:208} INFO - Processing /home/airflow/.local/lib/python3.12/site-packages/airflow/example_dags/example_setup_teardown_taskflow.py took 0.049 seconds
[2025-05-19T15:58:10.743+0000] {processor.py:186} INFO - Started process (PID=1188) to work on /home/airflow/.local/lib/python3.12/site-packages/airflow/example_dags/example_setup_teardown_taskflow.py
[2025-05-19T15:58:10.744+0000] {processor.py:914} INFO - Processing file /home/airflow/.local/lib/python3.12/site-packages/airflow/example_dags/example_setup_teardown_taskflow.py for tasks to queue
[2025-05-19T15:58:10.745+0000] {logging_mixin.py:190} INFO - [2025-05-19T15:58:10.745+0000] {dagbag.py:588} INFO - Filling up the DagBag from /home/airflow/.local/lib/python3.12/site-packages/airflow/example_dags/example_setup_teardown_taskflow.py
[2025-05-19T15:58:10.751+0000] {processor.py:925} INFO - DAG(s) 'example_setup_teardown_taskflow' retrieved from /home/airflow/.local/lib/python3.12/site-packages/airflow/example_dags/example_setup_teardown_taskflow.py
[2025-05-19T15:58:10.763+0000] {logging_mixin.py:190} INFO - [2025-05-19T15:58:10.763+0000] {dag.py:3239} INFO - Sync 1 DAGs
[2025-05-19T15:58:10.771+0000] {logging_mixin.py:190} INFO - [2025-05-19T15:58:10.770+0000] {dag.py:4180} INFO - Setting next_dagrun for example_setup_teardown_taskflow to None, run_after=None
[2025-05-19T15:58:10.780+0000] {processor.py:208} INFO - Processing /home/airflow/.local/lib/python3.12/site-packages/airflow/example_dags/example_setup_teardown_taskflow.py took 0.041 seconds
[2025-05-19T15:58:41.632+0000] {processor.py:186} INFO - Started process (PID=1245) to work on /home/airflow/.local/lib/python3.12/site-packages/airflow/example_dags/example_setup_teardown_taskflow.py
[2025-05-19T15:58:41.633+0000] {processor.py:914} INFO - Processing file /home/airflow/.local/lib/python3.12/site-packages/airflow/example_dags/example_setup_teardown_taskflow.py for tasks to queue
[2025-05-19T15:58:41.635+0000] {logging_mixin.py:190} INFO - [2025-05-19T15:58:41.634+0000] {dagbag.py:588} INFO - Filling up the DagBag from /home/airflow/.local/lib/python3.12/site-packages/airflow/example_dags/example_setup_teardown_taskflow.py
[2025-05-19T15:58:41.640+0000] {processor.py:925} INFO - DAG(s) 'example_setup_teardown_taskflow' retrieved from /home/airflow/.local/lib/python3.12/site-packages/airflow/example_dags/example_setup_teardown_taskflow.py
[2025-05-19T15:58:41.651+0000] {logging_mixin.py:190} INFO - [2025-05-19T15:58:41.651+0000] {dag.py:3239} INFO - Sync 1 DAGs
[2025-05-19T15:58:41.657+0000] {logging_mixin.py:190} INFO - [2025-05-19T15:58:41.657+0000] {dag.py:4180} INFO - Setting next_dagrun for example_setup_teardown_taskflow to None, run_after=None
[2025-05-19T15:58:41.665+0000] {processor.py:208} INFO - Processing /home/airflow/.local/lib/python3.12/site-packages/airflow/example_dags/example_setup_teardown_taskflow.py took 0.036 seconds
[2025-05-19T15:59:12.416+0000] {processor.py:186} INFO - Started process (PID=1302) to work on /home/airflow/.local/lib/python3.12/site-packages/airflow/example_dags/example_setup_teardown_taskflow.py
[2025-05-19T15:59:12.417+0000] {processor.py:914} INFO - Processing file /home/airflow/.local/lib/python3.12/site-packages/airflow/example_dags/example_setup_teardown_taskflow.py for tasks to queue
[2025-05-19T15:59:12.418+0000] {logging_mixin.py:190} INFO - [2025-05-19T15:59:12.418+0000] {dagbag.py:588} INFO - Filling up the DagBag from /home/airflow/.local/lib/python3.12/site-packages/airflow/example_dags/example_setup_teardown_taskflow.py
[2025-05-19T15:59:12.424+0000] {processor.py:925} INFO - DAG(s) 'example_setup_teardown_taskflow' retrieved from /home/airflow/.local/lib/python3.12/site-packages/airflow/example_dags/example_setup_teardown_taskflow.py
[2025-05-19T15:59:12.434+0000] {logging_mixin.py:190} INFO - [2025-05-19T15:59:12.434+0000] {dag.py:3239} INFO - Sync 1 DAGs
[2025-05-19T15:59:12.441+0000] {logging_mixin.py:190} INFO - [2025-05-19T15:59:12.440+0000] {dag.py:4180} INFO - Setting next_dagrun for example_setup_teardown_taskflow to None, run_after=None
[2025-05-19T15:59:12.449+0000] {processor.py:208} INFO - Processing /home/airflow/.local/lib/python3.12/site-packages/airflow/example_dags/example_setup_teardown_taskflow.py took 0.036 seconds
[2025-05-19T15:59:43.565+0000] {processor.py:186} INFO - Started process (PID=1359) to work on /home/airflow/.local/lib/python3.12/site-packages/airflow/example_dags/example_setup_teardown_taskflow.py
[2025-05-19T15:59:43.565+0000] {processor.py:914} INFO - Processing file /home/airflow/.local/lib/python3.12/site-packages/airflow/example_dags/example_setup_teardown_taskflow.py for tasks to queue
[2025-05-19T15:59:43.567+0000] {logging_mixin.py:190} INFO - [2025-05-19T15:59:43.567+0000] {dagbag.py:588} INFO - Filling up the DagBag from /home/airflow/.local/lib/python3.12/site-packages/airflow/example_dags/example_setup_teardown_taskflow.py
[2025-05-19T15:59:43.573+0000] {processor.py:925} INFO - DAG(s) 'example_setup_teardown_taskflow' retrieved from /home/airflow/.local/lib/python3.12/site-packages/airflow/example_dags/example_setup_teardown_taskflow.py
[2025-05-19T15:59:43.584+0000] {logging_mixin.py:190} INFO - [2025-05-19T15:59:43.584+0000] {dag.py:3239} INFO - Sync 1 DAGs
[2025-05-19T15:59:43.591+0000] {logging_mixin.py:190} INFO - [2025-05-19T15:59:43.591+0000] {dag.py:4180} INFO - Setting next_dagrun for example_setup_teardown_taskflow to None, run_after=None
[2025-05-19T15:59:43.600+0000] {processor.py:208} INFO - Processing /home/airflow/.local/lib/python3.12/site-packages/airflow/example_dags/example_setup_teardown_taskflow.py took 0.039 seconds
[2025-05-19T16:00:14.530+0000] {processor.py:186} INFO - Started process (PID=1416) to work on /home/airflow/.local/lib/python3.12/site-packages/airflow/example_dags/example_setup_teardown_taskflow.py
[2025-05-19T16:00:14.530+0000] {processor.py:914} INFO - Processing file /home/airflow/.local/lib/python3.12/site-packages/airflow/example_dags/example_setup_teardown_taskflow.py for tasks to queue
[2025-05-19T16:00:14.531+0000] {logging_mixin.py:190} INFO - [2025-05-19T16:00:14.531+0000] {dagbag.py:588} INFO - Filling up the DagBag from /home/airflow/.local/lib/python3.12/site-packages/airflow/example_dags/example_setup_teardown_taskflow.py
[2025-05-19T16:00:14.537+0000] {processor.py:925} INFO - DAG(s) 'example_setup_teardown_taskflow' retrieved from /home/airflow/.local/lib/python3.12/site-packages/airflow/example_dags/example_setup_teardown_taskflow.py
[2025-05-19T16:00:14.548+0000] {logging_mixin.py:190} INFO - [2025-05-19T16:00:14.548+0000] {dag.py:3239} INFO - Sync 1 DAGs
[2025-05-19T16:00:14.555+0000] {logging_mixin.py:190} INFO - [2025-05-19T16:00:14.554+0000] {dag.py:4180} INFO - Setting next_dagrun for example_setup_teardown_taskflow to None, run_after=None
[2025-05-19T16:00:14.563+0000] {processor.py:208} INFO - Processing /home/airflow/.local/lib/python3.12/site-packages/airflow/example_dags/example_setup_teardown_taskflow.py took 0.037 seconds
[2025-05-19T16:00:45.537+0000] {processor.py:186} INFO - Started process (PID=1473) to work on /home/airflow/.local/lib/python3.12/site-packages/airflow/example_dags/example_setup_teardown_taskflow.py
[2025-05-19T16:00:45.538+0000] {processor.py:914} INFO - Processing file /home/airflow/.local/lib/python3.12/site-packages/airflow/example_dags/example_setup_teardown_taskflow.py for tasks to queue
[2025-05-19T16:00:45.539+0000] {logging_mixin.py:190} INFO - [2025-05-19T16:00:45.539+0000] {dagbag.py:588} INFO - Filling up the DagBag from /home/airflow/.local/lib/python3.12/site-packages/airflow/example_dags/example_setup_teardown_taskflow.py
[2025-05-19T16:00:45.545+0000] {processor.py:925} INFO - DAG(s) 'example_setup_teardown_taskflow' retrieved from /home/airflow/.local/lib/python3.12/site-packages/airflow/example_dags/example_setup_teardown_taskflow.py
[2025-05-19T16:00:45.556+0000] {logging_mixin.py:190} INFO - [2025-05-19T16:00:45.556+0000] {dag.py:3239} INFO - Sync 1 DAGs
[2025-05-19T16:00:45.567+0000] {logging_mixin.py:190} INFO - [2025-05-19T16:00:45.567+0000] {dag.py:4180} INFO - Setting next_dagrun for example_setup_teardown_taskflow to None, run_after=None
[2025-05-19T16:00:45.578+0000] {processor.py:208} INFO - Processing /home/airflow/.local/lib/python3.12/site-packages/airflow/example_dags/example_setup_teardown_taskflow.py took 0.044 seconds
[2025-05-19T16:01:15.638+0000] {processor.py:186} INFO - Started process (PID=1530) to work on /home/airflow/.local/lib/python3.12/site-packages/airflow/example_dags/example_setup_teardown_taskflow.py
[2025-05-19T16:01:15.639+0000] {processor.py:914} INFO - Processing file /home/airflow/.local/lib/python3.12/site-packages/airflow/example_dags/example_setup_teardown_taskflow.py for tasks to queue
[2025-05-19T16:01:15.640+0000] {logging_mixin.py:190} INFO - [2025-05-19T16:01:15.640+0000] {dagbag.py:588} INFO - Filling up the DagBag from /home/airflow/.local/lib/python3.12/site-packages/airflow/example_dags/example_setup_teardown_taskflow.py
[2025-05-19T16:01:15.645+0000] {processor.py:925} INFO - DAG(s) 'example_setup_teardown_taskflow' retrieved from /home/airflow/.local/lib/python3.12/site-packages/airflow/example_dags/example_setup_teardown_taskflow.py
[2025-05-19T16:01:15.657+0000] {logging_mixin.py:190} INFO - [2025-05-19T16:01:15.657+0000] {dag.py:3239} INFO - Sync 1 DAGs
[2025-05-19T16:01:15.665+0000] {logging_mixin.py:190} INFO - [2025-05-19T16:01:15.665+0000] {dag.py:4180} INFO - Setting next_dagrun for example_setup_teardown_taskflow to None, run_after=None
[2025-05-19T16:01:15.677+0000] {processor.py:208} INFO - Processing /home/airflow/.local/lib/python3.12/site-packages/airflow/example_dags/example_setup_teardown_taskflow.py took 0.042 seconds
[2025-05-19T16:01:46.554+0000] {processor.py:186} INFO - Started process (PID=1587) to work on /home/airflow/.local/lib/python3.12/site-packages/airflow/example_dags/example_setup_teardown_taskflow.py
[2025-05-19T16:01:46.555+0000] {processor.py:914} INFO - Processing file /home/airflow/.local/lib/python3.12/site-packages/airflow/example_dags/example_setup_teardown_taskflow.py for tasks to queue
[2025-05-19T16:01:46.556+0000] {logging_mixin.py:190} INFO - [2025-05-19T16:01:46.556+0000] {dagbag.py:588} INFO - Filling up the DagBag from /home/airflow/.local/lib/python3.12/site-packages/airflow/example_dags/example_setup_teardown_taskflow.py
[2025-05-19T16:01:46.562+0000] {processor.py:925} INFO - DAG(s) 'example_setup_teardown_taskflow' retrieved from /home/airflow/.local/lib/python3.12/site-packages/airflow/example_dags/example_setup_teardown_taskflow.py
[2025-05-19T16:01:46.573+0000] {logging_mixin.py:190} INFO - [2025-05-19T16:01:46.573+0000] {dag.py:3239} INFO - Sync 1 DAGs
[2025-05-19T16:01:46.580+0000] {logging_mixin.py:190} INFO - [2025-05-19T16:01:46.580+0000] {dag.py:4180} INFO - Setting next_dagrun for example_setup_teardown_taskflow to None, run_after=None
[2025-05-19T16:01:46.589+0000] {processor.py:208} INFO - Processing /home/airflow/.local/lib/python3.12/site-packages/airflow/example_dags/example_setup_teardown_taskflow.py took 0.038 seconds
[2025-05-19T16:02:17.254+0000] {processor.py:186} INFO - Started process (PID=1644) to work on /home/airflow/.local/lib/python3.12/site-packages/airflow/example_dags/example_setup_teardown_taskflow.py
[2025-05-19T16:02:17.255+0000] {processor.py:914} INFO - Processing file /home/airflow/.local/lib/python3.12/site-packages/airflow/example_dags/example_setup_teardown_taskflow.py for tasks to queue
[2025-05-19T16:02:17.259+0000] {logging_mixin.py:190} INFO - [2025-05-19T16:02:17.258+0000] {dagbag.py:588} INFO - Filling up the DagBag from /home/airflow/.local/lib/python3.12/site-packages/airflow/example_dags/example_setup_teardown_taskflow.py
[2025-05-19T16:02:17.267+0000] {processor.py:925} INFO - DAG(s) 'example_setup_teardown_taskflow' retrieved from /home/airflow/.local/lib/python3.12/site-packages/airflow/example_dags/example_setup_teardown_taskflow.py
[2025-05-19T16:02:17.279+0000] {logging_mixin.py:190} INFO - [2025-05-19T16:02:17.279+0000] {dag.py:3239} INFO - Sync 1 DAGs
[2025-05-19T16:02:17.286+0000] {logging_mixin.py:190} INFO - [2025-05-19T16:02:17.286+0000] {dag.py:4180} INFO - Setting next_dagrun for example_setup_teardown_taskflow to None, run_after=None
[2025-05-19T16:02:17.295+0000] {processor.py:208} INFO - Processing /home/airflow/.local/lib/python3.12/site-packages/airflow/example_dags/example_setup_teardown_taskflow.py took 0.044 seconds
[2025-05-19T16:02:48.133+0000] {processor.py:186} INFO - Started process (PID=1701) to work on /home/airflow/.local/lib/python3.12/site-packages/airflow/example_dags/example_setup_teardown_taskflow.py
[2025-05-19T16:02:48.134+0000] {processor.py:914} INFO - Processing file /home/airflow/.local/lib/python3.12/site-packages/airflow/example_dags/example_setup_teardown_taskflow.py for tasks to queue
[2025-05-19T16:02:48.136+0000] {logging_mixin.py:190} INFO - [2025-05-19T16:02:48.136+0000] {dagbag.py:588} INFO - Filling up the DagBag from /home/airflow/.local/lib/python3.12/site-packages/airflow/example_dags/example_setup_teardown_taskflow.py
[2025-05-19T16:02:48.142+0000] {processor.py:925} INFO - DAG(s) 'example_setup_teardown_taskflow' retrieved from /home/airflow/.local/lib/python3.12/site-packages/airflow/example_dags/example_setup_teardown_taskflow.py
[2025-05-19T16:02:48.154+0000] {logging_mixin.py:190} INFO - [2025-05-19T16:02:48.153+0000] {dag.py:3239} INFO - Sync 1 DAGs
[2025-05-19T16:02:48.163+0000] {logging_mixin.py:190} INFO - [2025-05-19T16:02:48.162+0000] {dag.py:4180} INFO - Setting next_dagrun for example_setup_teardown_taskflow to None, run_after=None
[2025-05-19T16:02:48.172+0000] {processor.py:208} INFO - Processing /home/airflow/.local/lib/python3.12/site-packages/airflow/example_dags/example_setup_teardown_taskflow.py took 0.043 seconds
[2025-05-19T16:03:19.240+0000] {processor.py:186} INFO - Started process (PID=1758) to work on /home/airflow/.local/lib/python3.12/site-packages/airflow/example_dags/example_setup_teardown_taskflow.py
[2025-05-19T16:03:19.241+0000] {processor.py:914} INFO - Processing file /home/airflow/.local/lib/python3.12/site-packages/airflow/example_dags/example_setup_teardown_taskflow.py for tasks to queue
[2025-05-19T16:03:19.242+0000] {logging_mixin.py:190} INFO - [2025-05-19T16:03:19.242+0000] {dagbag.py:588} INFO - Filling up the DagBag from /home/airflow/.local/lib/python3.12/site-packages/airflow/example_dags/example_setup_teardown_taskflow.py
[2025-05-19T16:03:19.247+0000] {processor.py:925} INFO - DAG(s) 'example_setup_teardown_taskflow' retrieved from /home/airflow/.local/lib/python3.12/site-packages/airflow/example_dags/example_setup_teardown_taskflow.py
[2025-05-19T16:03:19.259+0000] {logging_mixin.py:190} INFO - [2025-05-19T16:03:19.258+0000] {dag.py:3239} INFO - Sync 1 DAGs
[2025-05-19T16:03:19.265+0000] {logging_mixin.py:190} INFO - [2025-05-19T16:03:19.265+0000] {dag.py:4180} INFO - Setting next_dagrun for example_setup_teardown_taskflow to None, run_after=None
[2025-05-19T16:03:19.274+0000] {processor.py:208} INFO - Processing /home/airflow/.local/lib/python3.12/site-packages/airflow/example_dags/example_setup_teardown_taskflow.py took 0.037 seconds
[2025-05-19T16:03:50.042+0000] {processor.py:186} INFO - Started process (PID=1815) to work on /home/airflow/.local/lib/python3.12/site-packages/airflow/example_dags/example_setup_teardown_taskflow.py
[2025-05-19T16:03:50.046+0000] {processor.py:914} INFO - Processing file /home/airflow/.local/lib/python3.12/site-packages/airflow/example_dags/example_setup_teardown_taskflow.py for tasks to queue
[2025-05-19T16:03:50.047+0000] {logging_mixin.py:190} INFO - [2025-05-19T16:03:50.047+0000] {dagbag.py:588} INFO - Filling up the DagBag from /home/airflow/.local/lib/python3.12/site-packages/airflow/example_dags/example_setup_teardown_taskflow.py
[2025-05-19T16:03:50.052+0000] {processor.py:925} INFO - DAG(s) 'example_setup_teardown_taskflow' retrieved from /home/airflow/.local/lib/python3.12/site-packages/airflow/example_dags/example_setup_teardown_taskflow.py
[2025-05-19T16:03:50.065+0000] {logging_mixin.py:190} INFO - [2025-05-19T16:03:50.064+0000] {dag.py:3239} INFO - Sync 1 DAGs
[2025-05-19T16:03:50.072+0000] {logging_mixin.py:190} INFO - [2025-05-19T16:03:50.072+0000] {dag.py:4180} INFO - Setting next_dagrun for example_setup_teardown_taskflow to None, run_after=None
[2025-05-19T16:03:50.084+0000] {processor.py:208} INFO - Processing /home/airflow/.local/lib/python3.12/site-packages/airflow/example_dags/example_setup_teardown_taskflow.py took 0.045 seconds
[2025-05-19T16:04:20.910+0000] {processor.py:186} INFO - Started process (PID=1872) to work on /home/airflow/.local/lib/python3.12/site-packages/airflow/example_dags/example_setup_teardown_taskflow.py
[2025-05-19T16:04:20.910+0000] {processor.py:914} INFO - Processing file /home/airflow/.local/lib/python3.12/site-packages/airflow/example_dags/example_setup_teardown_taskflow.py for tasks to queue
[2025-05-19T16:04:20.912+0000] {logging_mixin.py:190} INFO - [2025-05-19T16:04:20.912+0000] {dagbag.py:588} INFO - Filling up the DagBag from /home/airflow/.local/lib/python3.12/site-packages/airflow/example_dags/example_setup_teardown_taskflow.py
[2025-05-19T16:04:20.918+0000] {processor.py:925} INFO - DAG(s) 'example_setup_teardown_taskflow' retrieved from /home/airflow/.local/lib/python3.12/site-packages/airflow/example_dags/example_setup_teardown_taskflow.py
[2025-05-19T16:04:20.929+0000] {logging_mixin.py:190} INFO - [2025-05-19T16:04:20.929+0000] {dag.py:3239} INFO - Sync 1 DAGs
[2025-05-19T16:04:20.937+0000] {logging_mixin.py:190} INFO - [2025-05-19T16:04:20.937+0000] {dag.py:4180} INFO - Setting next_dagrun for example_setup_teardown_taskflow to None, run_after=None
[2025-05-19T16:04:20.947+0000] {processor.py:208} INFO - Processing /home/airflow/.local/lib/python3.12/site-packages/airflow/example_dags/example_setup_teardown_taskflow.py took 0.040 seconds
[2025-05-19T16:04:51.545+0000] {processor.py:186} INFO - Started process (PID=1929) to work on /home/airflow/.local/lib/python3.12/site-packages/airflow/example_dags/example_setup_teardown_taskflow.py
[2025-05-19T16:04:51.546+0000] {processor.py:914} INFO - Processing file /home/airflow/.local/lib/python3.12/site-packages/airflow/example_dags/example_setup_teardown_taskflow.py for tasks to queue
[2025-05-19T16:04:51.547+0000] {logging_mixin.py:190} INFO - [2025-05-19T16:04:51.547+0000] {dagbag.py:588} INFO - Filling up the DagBag from /home/airflow/.local/lib/python3.12/site-packages/airflow/example_dags/example_setup_teardown_taskflow.py
[2025-05-19T16:04:51.553+0000] {processor.py:925} INFO - DAG(s) 'example_setup_teardown_taskflow' retrieved from /home/airflow/.local/lib/python3.12/site-packages/airflow/example_dags/example_setup_teardown_taskflow.py
[2025-05-19T16:04:51.564+0000] {logging_mixin.py:190} INFO - [2025-05-19T16:04:51.563+0000] {dag.py:3239} INFO - Sync 1 DAGs
[2025-05-19T16:04:51.570+0000] {logging_mixin.py:190} INFO - [2025-05-19T16:04:51.570+0000] {dag.py:4180} INFO - Setting next_dagrun for example_setup_teardown_taskflow to None, run_after=None
[2025-05-19T16:04:51.580+0000] {processor.py:208} INFO - Processing /home/airflow/.local/lib/python3.12/site-packages/airflow/example_dags/example_setup_teardown_taskflow.py took 0.038 seconds
