[2025-05-19T15:47:55.895+0000] {processor.py:186} INFO - Started process (PID=42) to work on /home/airflow/.local/lib/python3.12/site-packages/airflow/example_dags/example_xcom.py
[2025-05-19T15:47:55.898+0000] {processor.py:914} INFO - Processing file /home/airflow/.local/lib/python3.12/site-packages/airflow/example_dags/example_xcom.py for tasks to queue
[2025-05-19T15:47:55.899+0000] {logging_mixin.py:190} INFO - [2025-05-19T15:47:55.899+0000] {dagbag.py:588} INFO - Filling up the DagBag from /home/airflow/.local/lib/python3.12/site-packages/airflow/example_dags/example_xcom.py
[2025-05-19T15:47:55.908+0000] {processor.py:925} INFO - DAG(s) 'example_xcom' retrieved from /home/airflow/.local/lib/python3.12/site-packages/airflow/example_dags/example_xcom.py
[2025-05-19T15:47:55.982+0000] {logging_mixin.py:190} INFO - [2025-05-19T15:47:55.982+0000] {override.py:1912} INFO - Created Permission View: can delete on DAG:example_xcom
[2025-05-19T15:47:55.988+0000] {logging_mixin.py:190} INFO - [2025-05-19T15:47:55.988+0000] {override.py:1912} INFO - Created Permission View: can read on DAG:example_xcom
[2025-05-19T15:47:55.994+0000] {logging_mixin.py:190} INFO - [2025-05-19T15:47:55.993+0000] {override.py:1912} INFO - Created Permission View: can edit on DAG:example_xcom
[2025-05-19T15:47:55.999+0000] {logging_mixin.py:190} INFO - [2025-05-19T15:47:55.999+0000] {override.py:1912} INFO - Created Permission View: menu access on DAG Run:example_xcom
[2025-05-19T15:47:56.009+0000] {logging_mixin.py:190} INFO - [2025-05-19T15:47:56.009+0000] {override.py:1912} INFO - Created Permission View: can create on DAG Run:example_xcom
[2025-05-19T15:47:56.015+0000] {logging_mixin.py:190} INFO - [2025-05-19T15:47:56.015+0000] {override.py:1912} INFO - Created Permission View: can delete on DAG Run:example_xcom
[2025-05-19T15:47:56.020+0000] {logging_mixin.py:190} INFO - [2025-05-19T15:47:56.019+0000] {override.py:1912} INFO - Created Permission View: can read on DAG Run:example_xcom
[2025-05-19T15:47:56.020+0000] {logging_mixin.py:190} INFO - [2025-05-19T15:47:56.020+0000] {dag.py:3239} INFO - Sync 1 DAGs
[2025-05-19T15:47:56.029+0000] {logging_mixin.py:190} INFO - [2025-05-19T15:47:56.029+0000] {dag.py:3262} INFO - Creating ORM DAG for example_xcom
[2025-05-19T15:47:56.036+0000] {logging_mixin.py:190} INFO - [2025-05-19T15:47:56.036+0000] {dag.py:4180} INFO - Setting next_dagrun for example_xcom to 2021-01-01 00:00:00+00:00, run_after=2021-01-01 00:00:00+00:00
[2025-05-19T15:47:56.047+0000] {processor.py:208} INFO - Processing /home/airflow/.local/lib/python3.12/site-packages/airflow/example_dags/example_xcom.py took 0.157 seconds
[2025-05-19T15:48:26.355+0000] {processor.py:186} INFO - Started process (PID=99) to work on /home/airflow/.local/lib/python3.12/site-packages/airflow/example_dags/example_xcom.py
[2025-05-19T15:48:26.356+0000] {processor.py:914} INFO - Processing file /home/airflow/.local/lib/python3.12/site-packages/airflow/example_dags/example_xcom.py for tasks to queue
[2025-05-19T15:48:26.357+0000] {logging_mixin.py:190} INFO - [2025-05-19T15:48:26.357+0000] {dagbag.py:588} INFO - Filling up the DagBag from /home/airflow/.local/lib/python3.12/site-packages/airflow/example_dags/example_xcom.py
[2025-05-19T15:48:26.362+0000] {processor.py:925} INFO - DAG(s) 'example_xcom' retrieved from /home/airflow/.local/lib/python3.12/site-packages/airflow/example_dags/example_xcom.py
[2025-05-19T15:48:26.371+0000] {logging_mixin.py:190} INFO - [2025-05-19T15:48:26.371+0000] {dag.py:3239} INFO - Sync 1 DAGs
[2025-05-19T15:48:26.381+0000] {logging_mixin.py:190} INFO - [2025-05-19T15:48:26.381+0000] {dag.py:4180} INFO - Setting next_dagrun for example_xcom to 2021-01-01 00:00:00+00:00, run_after=2021-01-01 00:00:00+00:00
[2025-05-19T15:48:26.389+0000] {processor.py:208} INFO - Processing /home/airflow/.local/lib/python3.12/site-packages/airflow/example_dags/example_xcom.py took 0.037 seconds
[2025-05-19T15:48:57.262+0000] {processor.py:186} INFO - Started process (PID=156) to work on /home/airflow/.local/lib/python3.12/site-packages/airflow/example_dags/example_xcom.py
[2025-05-19T15:48:57.263+0000] {processor.py:914} INFO - Processing file /home/airflow/.local/lib/python3.12/site-packages/airflow/example_dags/example_xcom.py for tasks to queue
[2025-05-19T15:48:57.264+0000] {logging_mixin.py:190} INFO - [2025-05-19T15:48:57.264+0000] {dagbag.py:588} INFO - Filling up the DagBag from /home/airflow/.local/lib/python3.12/site-packages/airflow/example_dags/example_xcom.py
[2025-05-19T15:48:57.269+0000] {processor.py:925} INFO - DAG(s) 'example_xcom' retrieved from /home/airflow/.local/lib/python3.12/site-packages/airflow/example_dags/example_xcom.py
[2025-05-19T15:48:57.280+0000] {logging_mixin.py:190} INFO - [2025-05-19T15:48:57.280+0000] {dag.py:3239} INFO - Sync 1 DAGs
[2025-05-19T15:48:57.292+0000] {logging_mixin.py:190} INFO - [2025-05-19T15:48:57.292+0000] {dag.py:4180} INFO - Setting next_dagrun for example_xcom to 2021-01-01 00:00:00+00:00, run_after=2021-01-01 00:00:00+00:00
[2025-05-19T15:48:57.301+0000] {processor.py:208} INFO - Processing /home/airflow/.local/lib/python3.12/site-packages/airflow/example_dags/example_xcom.py took 0.042 seconds
[2025-05-19T15:49:28.046+0000] {processor.py:186} INFO - Started process (PID=213) to work on /home/airflow/.local/lib/python3.12/site-packages/airflow/example_dags/example_xcom.py
[2025-05-19T15:49:28.049+0000] {processor.py:914} INFO - Processing file /home/airflow/.local/lib/python3.12/site-packages/airflow/example_dags/example_xcom.py for tasks to queue
[2025-05-19T15:49:28.051+0000] {logging_mixin.py:190} INFO - [2025-05-19T15:49:28.050+0000] {dagbag.py:588} INFO - Filling up the DagBag from /home/airflow/.local/lib/python3.12/site-packages/airflow/example_dags/example_xcom.py
[2025-05-19T15:49:28.059+0000] {processor.py:925} INFO - DAG(s) 'example_xcom' retrieved from /home/airflow/.local/lib/python3.12/site-packages/airflow/example_dags/example_xcom.py
[2025-05-19T15:49:28.070+0000] {logging_mixin.py:190} INFO - [2025-05-19T15:49:28.070+0000] {dag.py:3239} INFO - Sync 1 DAGs
[2025-05-19T15:49:28.081+0000] {logging_mixin.py:190} INFO - [2025-05-19T15:49:28.081+0000] {dag.py:4180} INFO - Setting next_dagrun for example_xcom to 2021-01-01 00:00:00+00:00, run_after=2021-01-01 00:00:00+00:00
[2025-05-19T15:49:28.090+0000] {processor.py:208} INFO - Processing /home/airflow/.local/lib/python3.12/site-packages/airflow/example_dags/example_xcom.py took 0.048 seconds
[2025-05-19T15:49:58.901+0000] {processor.py:186} INFO - Started process (PID=270) to work on /home/airflow/.local/lib/python3.12/site-packages/airflow/example_dags/example_xcom.py
[2025-05-19T15:49:58.902+0000] {processor.py:914} INFO - Processing file /home/airflow/.local/lib/python3.12/site-packages/airflow/example_dags/example_xcom.py for tasks to queue
[2025-05-19T15:49:58.904+0000] {logging_mixin.py:190} INFO - [2025-05-19T15:49:58.903+0000] {dagbag.py:588} INFO - Filling up the DagBag from /home/airflow/.local/lib/python3.12/site-packages/airflow/example_dags/example_xcom.py
[2025-05-19T15:49:58.909+0000] {processor.py:925} INFO - DAG(s) 'example_xcom' retrieved from /home/airflow/.local/lib/python3.12/site-packages/airflow/example_dags/example_xcom.py
[2025-05-19T15:49:58.924+0000] {logging_mixin.py:190} INFO - [2025-05-19T15:49:58.924+0000] {dag.py:3239} INFO - Sync 1 DAGs
[2025-05-19T15:49:58.935+0000] {logging_mixin.py:190} INFO - [2025-05-19T15:49:58.935+0000] {dag.py:4180} INFO - Setting next_dagrun for example_xcom to 2021-01-01 00:00:00+00:00, run_after=2021-01-01 00:00:00+00:00
[2025-05-19T15:49:58.943+0000] {processor.py:208} INFO - Processing /home/airflow/.local/lib/python3.12/site-packages/airflow/example_dags/example_xcom.py took 0.045 seconds
[2025-05-19T15:50:29.691+0000] {processor.py:186} INFO - Started process (PID=327) to work on /home/airflow/.local/lib/python3.12/site-packages/airflow/example_dags/example_xcom.py
[2025-05-19T15:50:29.695+0000] {processor.py:914} INFO - Processing file /home/airflow/.local/lib/python3.12/site-packages/airflow/example_dags/example_xcom.py for tasks to queue
[2025-05-19T15:50:29.697+0000] {logging_mixin.py:190} INFO - [2025-05-19T15:50:29.696+0000] {dagbag.py:588} INFO - Filling up the DagBag from /home/airflow/.local/lib/python3.12/site-packages/airflow/example_dags/example_xcom.py
[2025-05-19T15:50:29.702+0000] {processor.py:925} INFO - DAG(s) 'example_xcom' retrieved from /home/airflow/.local/lib/python3.12/site-packages/airflow/example_dags/example_xcom.py
[2025-05-19T15:50:29.712+0000] {logging_mixin.py:190} INFO - [2025-05-19T15:50:29.712+0000] {dag.py:3239} INFO - Sync 1 DAGs
[2025-05-19T15:50:29.723+0000] {logging_mixin.py:190} INFO - [2025-05-19T15:50:29.723+0000] {dag.py:4180} INFO - Setting next_dagrun for example_xcom to 2021-01-01 00:00:00+00:00, run_after=2021-01-01 00:00:00+00:00
[2025-05-19T15:50:29.732+0000] {processor.py:208} INFO - Processing /home/airflow/.local/lib/python3.12/site-packages/airflow/example_dags/example_xcom.py took 0.043 seconds
[2025-05-19T15:51:00.352+0000] {processor.py:186} INFO - Started process (PID=384) to work on /home/airflow/.local/lib/python3.12/site-packages/airflow/example_dags/example_xcom.py
[2025-05-19T15:51:00.353+0000] {processor.py:914} INFO - Processing file /home/airflow/.local/lib/python3.12/site-packages/airflow/example_dags/example_xcom.py for tasks to queue
[2025-05-19T15:51:00.354+0000] {logging_mixin.py:190} INFO - [2025-05-19T15:51:00.354+0000] {dagbag.py:588} INFO - Filling up the DagBag from /home/airflow/.local/lib/python3.12/site-packages/airflow/example_dags/example_xcom.py
[2025-05-19T15:51:00.360+0000] {processor.py:925} INFO - DAG(s) 'example_xcom' retrieved from /home/airflow/.local/lib/python3.12/site-packages/airflow/example_dags/example_xcom.py
[2025-05-19T15:51:00.372+0000] {logging_mixin.py:190} INFO - [2025-05-19T15:51:00.372+0000] {dag.py:3239} INFO - Sync 1 DAGs
[2025-05-19T15:51:00.382+0000] {logging_mixin.py:190} INFO - [2025-05-19T15:51:00.382+0000] {dag.py:4180} INFO - Setting next_dagrun for example_xcom to 2021-01-01 00:00:00+00:00, run_after=2021-01-01 00:00:00+00:00
[2025-05-19T15:51:00.390+0000] {processor.py:208} INFO - Processing /home/airflow/.local/lib/python3.12/site-packages/airflow/example_dags/example_xcom.py took 0.041 seconds
[2025-05-19T15:51:30.862+0000] {processor.py:186} INFO - Started process (PID=441) to work on /home/airflow/.local/lib/python3.12/site-packages/airflow/example_dags/example_xcom.py
[2025-05-19T15:51:30.863+0000] {processor.py:914} INFO - Processing file /home/airflow/.local/lib/python3.12/site-packages/airflow/example_dags/example_xcom.py for tasks to queue
[2025-05-19T15:51:30.864+0000] {logging_mixin.py:190} INFO - [2025-05-19T15:51:30.864+0000] {dagbag.py:588} INFO - Filling up the DagBag from /home/airflow/.local/lib/python3.12/site-packages/airflow/example_dags/example_xcom.py
[2025-05-19T15:51:30.869+0000] {processor.py:925} INFO - DAG(s) 'example_xcom' retrieved from /home/airflow/.local/lib/python3.12/site-packages/airflow/example_dags/example_xcom.py
[2025-05-19T15:51:30.880+0000] {logging_mixin.py:190} INFO - [2025-05-19T15:51:30.880+0000] {dag.py:3239} INFO - Sync 1 DAGs
[2025-05-19T15:51:30.892+0000] {logging_mixin.py:190} INFO - [2025-05-19T15:51:30.891+0000] {dag.py:4180} INFO - Setting next_dagrun for example_xcom to 2021-01-01 00:00:00+00:00, run_after=2021-01-01 00:00:00+00:00
[2025-05-19T15:51:30.901+0000] {processor.py:208} INFO - Processing /home/airflow/.local/lib/python3.12/site-packages/airflow/example_dags/example_xcom.py took 0.042 seconds
[2025-05-19T15:52:01.574+0000] {processor.py:186} INFO - Started process (PID=498) to work on /home/airflow/.local/lib/python3.12/site-packages/airflow/example_dags/example_xcom.py
[2025-05-19T15:52:01.576+0000] {processor.py:914} INFO - Processing file /home/airflow/.local/lib/python3.12/site-packages/airflow/example_dags/example_xcom.py for tasks to queue
[2025-05-19T15:52:01.578+0000] {logging_mixin.py:190} INFO - [2025-05-19T15:52:01.578+0000] {dagbag.py:588} INFO - Filling up the DagBag from /home/airflow/.local/lib/python3.12/site-packages/airflow/example_dags/example_xcom.py
[2025-05-19T15:52:01.583+0000] {processor.py:925} INFO - DAG(s) 'example_xcom' retrieved from /home/airflow/.local/lib/python3.12/site-packages/airflow/example_dags/example_xcom.py
[2025-05-19T15:52:01.595+0000] {logging_mixin.py:190} INFO - [2025-05-19T15:52:01.595+0000] {dag.py:3239} INFO - Sync 1 DAGs
[2025-05-19T15:52:01.606+0000] {logging_mixin.py:190} INFO - [2025-05-19T15:52:01.606+0000] {dag.py:4180} INFO - Setting next_dagrun for example_xcom to 2021-01-01 00:00:00+00:00, run_after=2021-01-01 00:00:00+00:00
[2025-05-19T15:52:01.615+0000] {processor.py:208} INFO - Processing /home/airflow/.local/lib/python3.12/site-packages/airflow/example_dags/example_xcom.py took 0.045 seconds
[2025-05-19T15:52:31.697+0000] {processor.py:186} INFO - Started process (PID=555) to work on /home/airflow/.local/lib/python3.12/site-packages/airflow/example_dags/example_xcom.py
[2025-05-19T15:52:31.698+0000] {processor.py:914} INFO - Processing file /home/airflow/.local/lib/python3.12/site-packages/airflow/example_dags/example_xcom.py for tasks to queue
[2025-05-19T15:52:31.700+0000] {logging_mixin.py:190} INFO - [2025-05-19T15:52:31.699+0000] {dagbag.py:588} INFO - Filling up the DagBag from /home/airflow/.local/lib/python3.12/site-packages/airflow/example_dags/example_xcom.py
[2025-05-19T15:52:31.704+0000] {processor.py:925} INFO - DAG(s) 'example_xcom' retrieved from /home/airflow/.local/lib/python3.12/site-packages/airflow/example_dags/example_xcom.py
[2025-05-19T15:52:31.715+0000] {logging_mixin.py:190} INFO - [2025-05-19T15:52:31.715+0000] {dag.py:3239} INFO - Sync 1 DAGs
[2025-05-19T15:52:31.725+0000] {logging_mixin.py:190} INFO - [2025-05-19T15:52:31.725+0000] {dag.py:4180} INFO - Setting next_dagrun for example_xcom to 2021-01-01 00:00:00+00:00, run_after=2021-01-01 00:00:00+00:00
[2025-05-19T15:52:31.733+0000] {processor.py:208} INFO - Processing /home/airflow/.local/lib/python3.12/site-packages/airflow/example_dags/example_xcom.py took 0.039 seconds
[2025-05-19T15:53:02.848+0000] {processor.py:186} INFO - Started process (PID=612) to work on /home/airflow/.local/lib/python3.12/site-packages/airflow/example_dags/example_xcom.py
[2025-05-19T15:53:02.851+0000] {processor.py:914} INFO - Processing file /home/airflow/.local/lib/python3.12/site-packages/airflow/example_dags/example_xcom.py for tasks to queue
[2025-05-19T15:53:02.853+0000] {logging_mixin.py:190} INFO - [2025-05-19T15:53:02.853+0000] {dagbag.py:588} INFO - Filling up the DagBag from /home/airflow/.local/lib/python3.12/site-packages/airflow/example_dags/example_xcom.py
[2025-05-19T15:53:02.860+0000] {processor.py:925} INFO - DAG(s) 'example_xcom' retrieved from /home/airflow/.local/lib/python3.12/site-packages/airflow/example_dags/example_xcom.py
[2025-05-19T15:53:02.874+0000] {logging_mixin.py:190} INFO - [2025-05-19T15:53:02.874+0000] {dag.py:3239} INFO - Sync 1 DAGs
[2025-05-19T15:53:02.887+0000] {logging_mixin.py:190} INFO - [2025-05-19T15:53:02.887+0000] {dag.py:4180} INFO - Setting next_dagrun for example_xcom to 2021-01-01 00:00:00+00:00, run_after=2021-01-01 00:00:00+00:00
[2025-05-19T15:53:02.899+0000] {processor.py:208} INFO - Processing /home/airflow/.local/lib/python3.12/site-packages/airflow/example_dags/example_xcom.py took 0.056 seconds
[2025-05-19T15:53:33.031+0000] {processor.py:186} INFO - Started process (PID=669) to work on /home/airflow/.local/lib/python3.12/site-packages/airflow/example_dags/example_xcom.py
[2025-05-19T15:53:33.035+0000] {processor.py:914} INFO - Processing file /home/airflow/.local/lib/python3.12/site-packages/airflow/example_dags/example_xcom.py for tasks to queue
[2025-05-19T15:53:33.037+0000] {logging_mixin.py:190} INFO - [2025-05-19T15:53:33.036+0000] {dagbag.py:588} INFO - Filling up the DagBag from /home/airflow/.local/lib/python3.12/site-packages/airflow/example_dags/example_xcom.py
[2025-05-19T15:53:33.042+0000] {processor.py:925} INFO - DAG(s) 'example_xcom' retrieved from /home/airflow/.local/lib/python3.12/site-packages/airflow/example_dags/example_xcom.py
[2025-05-19T15:53:33.053+0000] {logging_mixin.py:190} INFO - [2025-05-19T15:53:33.053+0000] {dag.py:3239} INFO - Sync 1 DAGs
[2025-05-19T15:53:33.064+0000] {logging_mixin.py:190} INFO - [2025-05-19T15:53:33.064+0000] {dag.py:4180} INFO - Setting next_dagrun for example_xcom to 2021-01-01 00:00:00+00:00, run_after=2021-01-01 00:00:00+00:00
[2025-05-19T15:53:33.073+0000] {processor.py:208} INFO - Processing /home/airflow/.local/lib/python3.12/site-packages/airflow/example_dags/example_xcom.py took 0.045 seconds
[2025-05-19T15:54:04.064+0000] {processor.py:186} INFO - Started process (PID=726) to work on /home/airflow/.local/lib/python3.12/site-packages/airflow/example_dags/example_xcom.py
[2025-05-19T15:54:04.065+0000] {processor.py:914} INFO - Processing file /home/airflow/.local/lib/python3.12/site-packages/airflow/example_dags/example_xcom.py for tasks to queue
[2025-05-19T15:54:04.067+0000] {logging_mixin.py:190} INFO - [2025-05-19T15:54:04.066+0000] {dagbag.py:588} INFO - Filling up the DagBag from /home/airflow/.local/lib/python3.12/site-packages/airflow/example_dags/example_xcom.py
[2025-05-19T15:54:04.077+0000] {processor.py:925} INFO - DAG(s) 'example_xcom' retrieved from /home/airflow/.local/lib/python3.12/site-packages/airflow/example_dags/example_xcom.py
[2025-05-19T15:54:04.098+0000] {logging_mixin.py:190} INFO - [2025-05-19T15:54:04.098+0000] {dag.py:3239} INFO - Sync 1 DAGs
[2025-05-19T15:54:04.112+0000] {logging_mixin.py:190} INFO - [2025-05-19T15:54:04.112+0000] {dag.py:4180} INFO - Setting next_dagrun for example_xcom to 2021-01-01 00:00:00+00:00, run_after=2021-01-01 00:00:00+00:00
[2025-05-19T15:54:04.122+0000] {processor.py:208} INFO - Processing /home/airflow/.local/lib/python3.12/site-packages/airflow/example_dags/example_xcom.py took 0.062 seconds
[2025-05-19T15:54:34.270+0000] {processor.py:186} INFO - Started process (PID=783) to work on /home/airflow/.local/lib/python3.12/site-packages/airflow/example_dags/example_xcom.py
[2025-05-19T15:54:34.271+0000] {processor.py:914} INFO - Processing file /home/airflow/.local/lib/python3.12/site-packages/airflow/example_dags/example_xcom.py for tasks to queue
[2025-05-19T15:54:34.272+0000] {logging_mixin.py:190} INFO - [2025-05-19T15:54:34.272+0000] {dagbag.py:588} INFO - Filling up the DagBag from /home/airflow/.local/lib/python3.12/site-packages/airflow/example_dags/example_xcom.py
[2025-05-19T15:54:34.277+0000] {processor.py:925} INFO - DAG(s) 'example_xcom' retrieved from /home/airflow/.local/lib/python3.12/site-packages/airflow/example_dags/example_xcom.py
[2025-05-19T15:54:34.290+0000] {logging_mixin.py:190} INFO - [2025-05-19T15:54:34.290+0000] {dag.py:3239} INFO - Sync 1 DAGs
[2025-05-19T15:54:34.301+0000] {logging_mixin.py:190} INFO - [2025-05-19T15:54:34.301+0000] {dag.py:4180} INFO - Setting next_dagrun for example_xcom to 2021-01-01 00:00:00+00:00, run_after=2021-01-01 00:00:00+00:00
[2025-05-19T15:54:34.310+0000] {processor.py:208} INFO - Processing /home/airflow/.local/lib/python3.12/site-packages/airflow/example_dags/example_xcom.py took 0.043 seconds
[2025-05-19T15:55:04.743+0000] {processor.py:186} INFO - Started process (PID=840) to work on /home/airflow/.local/lib/python3.12/site-packages/airflow/example_dags/example_xcom.py
[2025-05-19T15:55:04.743+0000] {processor.py:914} INFO - Processing file /home/airflow/.local/lib/python3.12/site-packages/airflow/example_dags/example_xcom.py for tasks to queue
[2025-05-19T15:55:04.744+0000] {logging_mixin.py:190} INFO - [2025-05-19T15:55:04.744+0000] {dagbag.py:588} INFO - Filling up the DagBag from /home/airflow/.local/lib/python3.12/site-packages/airflow/example_dags/example_xcom.py
[2025-05-19T15:55:04.749+0000] {processor.py:925} INFO - DAG(s) 'example_xcom' retrieved from /home/airflow/.local/lib/python3.12/site-packages/airflow/example_dags/example_xcom.py
[2025-05-19T15:55:04.761+0000] {logging_mixin.py:190} INFO - [2025-05-19T15:55:04.761+0000] {dag.py:3239} INFO - Sync 1 DAGs
[2025-05-19T15:55:04.772+0000] {logging_mixin.py:190} INFO - [2025-05-19T15:55:04.772+0000] {dag.py:4180} INFO - Setting next_dagrun for example_xcom to 2021-01-01 00:00:00+00:00, run_after=2021-01-01 00:00:00+00:00
[2025-05-19T15:55:04.784+0000] {processor.py:208} INFO - Processing /home/airflow/.local/lib/python3.12/site-packages/airflow/example_dags/example_xcom.py took 0.044 seconds
[2025-05-19T15:55:35.772+0000] {processor.py:186} INFO - Started process (PID=897) to work on /home/airflow/.local/lib/python3.12/site-packages/airflow/example_dags/example_xcom.py
[2025-05-19T15:55:35.773+0000] {processor.py:914} INFO - Processing file /home/airflow/.local/lib/python3.12/site-packages/airflow/example_dags/example_xcom.py for tasks to queue
[2025-05-19T15:55:35.774+0000] {logging_mixin.py:190} INFO - [2025-05-19T15:55:35.774+0000] {dagbag.py:588} INFO - Filling up the DagBag from /home/airflow/.local/lib/python3.12/site-packages/airflow/example_dags/example_xcom.py
[2025-05-19T15:55:35.780+0000] {processor.py:925} INFO - DAG(s) 'example_xcom' retrieved from /home/airflow/.local/lib/python3.12/site-packages/airflow/example_dags/example_xcom.py
[2025-05-19T15:55:35.795+0000] {logging_mixin.py:190} INFO - [2025-05-19T15:55:35.795+0000] {dag.py:3239} INFO - Sync 1 DAGs
[2025-05-19T15:55:35.809+0000] {logging_mixin.py:190} INFO - [2025-05-19T15:55:35.809+0000] {dag.py:4180} INFO - Setting next_dagrun for example_xcom to 2021-01-01 00:00:00+00:00, run_after=2021-01-01 00:00:00+00:00
[2025-05-19T15:55:35.819+0000] {processor.py:208} INFO - Processing /home/airflow/.local/lib/python3.12/site-packages/airflow/example_dags/example_xcom.py took 0.052 seconds
[2025-05-19T15:56:06.722+0000] {processor.py:186} INFO - Started process (PID=954) to work on /home/airflow/.local/lib/python3.12/site-packages/airflow/example_dags/example_xcom.py
[2025-05-19T15:56:06.724+0000] {processor.py:914} INFO - Processing file /home/airflow/.local/lib/python3.12/site-packages/airflow/example_dags/example_xcom.py for tasks to queue
[2025-05-19T15:56:06.725+0000] {logging_mixin.py:190} INFO - [2025-05-19T15:56:06.725+0000] {dagbag.py:588} INFO - Filling up the DagBag from /home/airflow/.local/lib/python3.12/site-packages/airflow/example_dags/example_xcom.py
[2025-05-19T15:56:06.731+0000] {processor.py:925} INFO - DAG(s) 'example_xcom' retrieved from /home/airflow/.local/lib/python3.12/site-packages/airflow/example_dags/example_xcom.py
[2025-05-19T15:56:06.742+0000] {logging_mixin.py:190} INFO - [2025-05-19T15:56:06.742+0000] {dag.py:3239} INFO - Sync 1 DAGs
[2025-05-19T15:56:06.753+0000] {logging_mixin.py:190} INFO - [2025-05-19T15:56:06.753+0000] {dag.py:4180} INFO - Setting next_dagrun for example_xcom to 2021-01-01 00:00:00+00:00, run_after=2021-01-01 00:00:00+00:00
[2025-05-19T15:56:06.765+0000] {processor.py:208} INFO - Processing /home/airflow/.local/lib/python3.12/site-packages/airflow/example_dags/example_xcom.py took 0.046 seconds
[2025-05-19T15:56:37.807+0000] {processor.py:186} INFO - Started process (PID=1011) to work on /home/airflow/.local/lib/python3.12/site-packages/airflow/example_dags/example_xcom.py
[2025-05-19T15:56:37.808+0000] {processor.py:914} INFO - Processing file /home/airflow/.local/lib/python3.12/site-packages/airflow/example_dags/example_xcom.py for tasks to queue
[2025-05-19T15:56:37.809+0000] {logging_mixin.py:190} INFO - [2025-05-19T15:56:37.809+0000] {dagbag.py:588} INFO - Filling up the DagBag from /home/airflow/.local/lib/python3.12/site-packages/airflow/example_dags/example_xcom.py
[2025-05-19T15:56:37.817+0000] {processor.py:925} INFO - DAG(s) 'example_xcom' retrieved from /home/airflow/.local/lib/python3.12/site-packages/airflow/example_dags/example_xcom.py
[2025-05-19T15:56:37.828+0000] {logging_mixin.py:190} INFO - [2025-05-19T15:56:37.828+0000] {dag.py:3239} INFO - Sync 1 DAGs
[2025-05-19T15:56:37.839+0000] {logging_mixin.py:190} INFO - [2025-05-19T15:56:37.839+0000] {dag.py:4180} INFO - Setting next_dagrun for example_xcom to 2021-01-01 00:00:00+00:00, run_after=2021-01-01 00:00:00+00:00
[2025-05-19T15:56:37.848+0000] {processor.py:208} INFO - Processing /home/airflow/.local/lib/python3.12/site-packages/airflow/example_dags/example_xcom.py took 0.043 seconds
[2025-05-19T15:57:08.715+0000] {processor.py:186} INFO - Started process (PID=1068) to work on /home/airflow/.local/lib/python3.12/site-packages/airflow/example_dags/example_xcom.py
[2025-05-19T15:57:08.717+0000] {processor.py:914} INFO - Processing file /home/airflow/.local/lib/python3.12/site-packages/airflow/example_dags/example_xcom.py for tasks to queue
[2025-05-19T15:57:08.719+0000] {logging_mixin.py:190} INFO - [2025-05-19T15:57:08.718+0000] {dagbag.py:588} INFO - Filling up the DagBag from /home/airflow/.local/lib/python3.12/site-packages/airflow/example_dags/example_xcom.py
[2025-05-19T15:57:08.724+0000] {processor.py:925} INFO - DAG(s) 'example_xcom' retrieved from /home/airflow/.local/lib/python3.12/site-packages/airflow/example_dags/example_xcom.py
[2025-05-19T15:57:08.734+0000] {logging_mixin.py:190} INFO - [2025-05-19T15:57:08.734+0000] {dag.py:3239} INFO - Sync 1 DAGs
[2025-05-19T15:57:08.748+0000] {logging_mixin.py:190} INFO - [2025-05-19T15:57:08.748+0000] {dag.py:4180} INFO - Setting next_dagrun for example_xcom to 2021-01-01 00:00:00+00:00, run_after=2021-01-01 00:00:00+00:00
[2025-05-19T15:57:08.756+0000] {processor.py:208} INFO - Processing /home/airflow/.local/lib/python3.12/site-packages/airflow/example_dags/example_xcom.py took 0.045 seconds
[2025-05-19T15:57:39.644+0000] {processor.py:186} INFO - Started process (PID=1125) to work on /home/airflow/.local/lib/python3.12/site-packages/airflow/example_dags/example_xcom.py
[2025-05-19T15:57:39.644+0000] {processor.py:914} INFO - Processing file /home/airflow/.local/lib/python3.12/site-packages/airflow/example_dags/example_xcom.py for tasks to queue
[2025-05-19T15:57:39.646+0000] {logging_mixin.py:190} INFO - [2025-05-19T15:57:39.646+0000] {dagbag.py:588} INFO - Filling up the DagBag from /home/airflow/.local/lib/python3.12/site-packages/airflow/example_dags/example_xcom.py
[2025-05-19T15:57:39.651+0000] {processor.py:925} INFO - DAG(s) 'example_xcom' retrieved from /home/airflow/.local/lib/python3.12/site-packages/airflow/example_dags/example_xcom.py
[2025-05-19T15:57:39.662+0000] {logging_mixin.py:190} INFO - [2025-05-19T15:57:39.662+0000] {dag.py:3239} INFO - Sync 1 DAGs
[2025-05-19T15:57:39.674+0000] {logging_mixin.py:190} INFO - [2025-05-19T15:57:39.674+0000] {dag.py:4180} INFO - Setting next_dagrun for example_xcom to 2021-01-01 00:00:00+00:00, run_after=2021-01-01 00:00:00+00:00
[2025-05-19T15:57:39.684+0000] {processor.py:208} INFO - Processing /home/airflow/.local/lib/python3.12/site-packages/airflow/example_dags/example_xcom.py took 0.044 seconds
[2025-05-19T15:58:10.583+0000] {processor.py:186} INFO - Started process (PID=1182) to work on /home/airflow/.local/lib/python3.12/site-packages/airflow/example_dags/example_xcom.py
[2025-05-19T15:58:10.586+0000] {processor.py:914} INFO - Processing file /home/airflow/.local/lib/python3.12/site-packages/airflow/example_dags/example_xcom.py for tasks to queue
[2025-05-19T15:58:10.588+0000] {logging_mixin.py:190} INFO - [2025-05-19T15:58:10.588+0000] {dagbag.py:588} INFO - Filling up the DagBag from /home/airflow/.local/lib/python3.12/site-packages/airflow/example_dags/example_xcom.py
[2025-05-19T15:58:10.593+0000] {processor.py:925} INFO - DAG(s) 'example_xcom' retrieved from /home/airflow/.local/lib/python3.12/site-packages/airflow/example_dags/example_xcom.py
[2025-05-19T15:58:10.603+0000] {logging_mixin.py:190} INFO - [2025-05-19T15:58:10.603+0000] {dag.py:3239} INFO - Sync 1 DAGs
[2025-05-19T15:58:10.613+0000] {logging_mixin.py:190} INFO - [2025-05-19T15:58:10.613+0000] {dag.py:4180} INFO - Setting next_dagrun for example_xcom to 2021-01-01 00:00:00+00:00, run_after=2021-01-01 00:00:00+00:00
[2025-05-19T15:58:10.622+0000] {processor.py:208} INFO - Processing /home/airflow/.local/lib/python3.12/site-packages/airflow/example_dags/example_xcom.py took 0.042 seconds
[2025-05-19T15:58:41.437+0000] {processor.py:186} INFO - Started process (PID=1239) to work on /home/airflow/.local/lib/python3.12/site-packages/airflow/example_dags/example_xcom.py
[2025-05-19T15:58:41.439+0000] {processor.py:914} INFO - Processing file /home/airflow/.local/lib/python3.12/site-packages/airflow/example_dags/example_xcom.py for tasks to queue
[2025-05-19T15:58:41.440+0000] {logging_mixin.py:190} INFO - [2025-05-19T15:58:41.440+0000] {dagbag.py:588} INFO - Filling up the DagBag from /home/airflow/.local/lib/python3.12/site-packages/airflow/example_dags/example_xcom.py
[2025-05-19T15:58:41.445+0000] {processor.py:925} INFO - DAG(s) 'example_xcom' retrieved from /home/airflow/.local/lib/python3.12/site-packages/airflow/example_dags/example_xcom.py
[2025-05-19T15:58:41.456+0000] {logging_mixin.py:190} INFO - [2025-05-19T15:58:41.456+0000] {dag.py:3239} INFO - Sync 1 DAGs
[2025-05-19T15:58:41.466+0000] {logging_mixin.py:190} INFO - [2025-05-19T15:58:41.466+0000] {dag.py:4180} INFO - Setting next_dagrun for example_xcom to 2021-01-01 00:00:00+00:00, run_after=2021-01-01 00:00:00+00:00
[2025-05-19T15:58:41.476+0000] {processor.py:208} INFO - Processing /home/airflow/.local/lib/python3.12/site-packages/airflow/example_dags/example_xcom.py took 0.042 seconds
[2025-05-19T15:59:12.252+0000] {processor.py:186} INFO - Started process (PID=1296) to work on /home/airflow/.local/lib/python3.12/site-packages/airflow/example_dags/example_xcom.py
[2025-05-19T15:59:12.256+0000] {processor.py:914} INFO - Processing file /home/airflow/.local/lib/python3.12/site-packages/airflow/example_dags/example_xcom.py for tasks to queue
[2025-05-19T15:59:12.258+0000] {logging_mixin.py:190} INFO - [2025-05-19T15:59:12.258+0000] {dagbag.py:588} INFO - Filling up the DagBag from /home/airflow/.local/lib/python3.12/site-packages/airflow/example_dags/example_xcom.py
[2025-05-19T15:59:12.263+0000] {processor.py:925} INFO - DAG(s) 'example_xcom' retrieved from /home/airflow/.local/lib/python3.12/site-packages/airflow/example_dags/example_xcom.py
[2025-05-19T15:59:12.274+0000] {logging_mixin.py:190} INFO - [2025-05-19T15:59:12.274+0000] {dag.py:3239} INFO - Sync 1 DAGs
[2025-05-19T15:59:12.285+0000] {logging_mixin.py:190} INFO - [2025-05-19T15:59:12.284+0000] {dag.py:4180} INFO - Setting next_dagrun for example_xcom to 2021-01-01 00:00:00+00:00, run_after=2021-01-01 00:00:00+00:00
[2025-05-19T15:59:12.295+0000] {processor.py:208} INFO - Processing /home/airflow/.local/lib/python3.12/site-packages/airflow/example_dags/example_xcom.py took 0.046 seconds
[2025-05-19T15:59:43.328+0000] {processor.py:186} INFO - Started process (PID=1353) to work on /home/airflow/.local/lib/python3.12/site-packages/airflow/example_dags/example_xcom.py
[2025-05-19T15:59:43.330+0000] {processor.py:914} INFO - Processing file /home/airflow/.local/lib/python3.12/site-packages/airflow/example_dags/example_xcom.py for tasks to queue
[2025-05-19T15:59:43.334+0000] {logging_mixin.py:190} INFO - [2025-05-19T15:59:43.334+0000] {dagbag.py:588} INFO - Filling up the DagBag from /home/airflow/.local/lib/python3.12/site-packages/airflow/example_dags/example_xcom.py
[2025-05-19T15:59:43.343+0000] {processor.py:925} INFO - DAG(s) 'example_xcom' retrieved from /home/airflow/.local/lib/python3.12/site-packages/airflow/example_dags/example_xcom.py
[2025-05-19T15:59:43.356+0000] {logging_mixin.py:190} INFO - [2025-05-19T15:59:43.356+0000] {dag.py:3239} INFO - Sync 1 DAGs
[2025-05-19T15:59:43.368+0000] {logging_mixin.py:190} INFO - [2025-05-19T15:59:43.368+0000] {dag.py:4180} INFO - Setting next_dagrun for example_xcom to 2021-01-01 00:00:00+00:00, run_after=2021-01-01 00:00:00+00:00
[2025-05-19T15:59:43.378+0000] {processor.py:208} INFO - Processing /home/airflow/.local/lib/python3.12/site-packages/airflow/example_dags/example_xcom.py took 0.054 seconds
[2025-05-19T16:00:14.328+0000] {processor.py:186} INFO - Started process (PID=1410) to work on /home/airflow/.local/lib/python3.12/site-packages/airflow/example_dags/example_xcom.py
[2025-05-19T16:00:14.328+0000] {processor.py:914} INFO - Processing file /home/airflow/.local/lib/python3.12/site-packages/airflow/example_dags/example_xcom.py for tasks to queue
[2025-05-19T16:00:14.329+0000] {logging_mixin.py:190} INFO - [2025-05-19T16:00:14.329+0000] {dagbag.py:588} INFO - Filling up the DagBag from /home/airflow/.local/lib/python3.12/site-packages/airflow/example_dags/example_xcom.py
[2025-05-19T16:00:14.335+0000] {processor.py:925} INFO - DAG(s) 'example_xcom' retrieved from /home/airflow/.local/lib/python3.12/site-packages/airflow/example_dags/example_xcom.py
[2025-05-19T16:00:14.346+0000] {logging_mixin.py:190} INFO - [2025-05-19T16:00:14.346+0000] {dag.py:3239} INFO - Sync 1 DAGs
[2025-05-19T16:00:14.361+0000] {logging_mixin.py:190} INFO - [2025-05-19T16:00:14.360+0000] {dag.py:4180} INFO - Setting next_dagrun for example_xcom to 2021-01-01 00:00:00+00:00, run_after=2021-01-01 00:00:00+00:00
[2025-05-19T16:00:14.369+0000] {processor.py:208} INFO - Processing /home/airflow/.local/lib/python3.12/site-packages/airflow/example_dags/example_xcom.py took 0.045 seconds
[2025-05-19T16:00:45.365+0000] {processor.py:186} INFO - Started process (PID=1467) to work on /home/airflow/.local/lib/python3.12/site-packages/airflow/example_dags/example_xcom.py
[2025-05-19T16:00:45.365+0000] {processor.py:914} INFO - Processing file /home/airflow/.local/lib/python3.12/site-packages/airflow/example_dags/example_xcom.py for tasks to queue
[2025-05-19T16:00:45.367+0000] {logging_mixin.py:190} INFO - [2025-05-19T16:00:45.366+0000] {dagbag.py:588} INFO - Filling up the DagBag from /home/airflow/.local/lib/python3.12/site-packages/airflow/example_dags/example_xcom.py
[2025-05-19T16:00:45.371+0000] {processor.py:925} INFO - DAG(s) 'example_xcom' retrieved from /home/airflow/.local/lib/python3.12/site-packages/airflow/example_dags/example_xcom.py
[2025-05-19T16:00:45.386+0000] {logging_mixin.py:190} INFO - [2025-05-19T16:00:45.386+0000] {dag.py:3239} INFO - Sync 1 DAGs
[2025-05-19T16:00:45.398+0000] {logging_mixin.py:190} INFO - [2025-05-19T16:00:45.398+0000] {dag.py:4180} INFO - Setting next_dagrun for example_xcom to 2021-01-01 00:00:00+00:00, run_after=2021-01-01 00:00:00+00:00
[2025-05-19T16:00:45.408+0000] {processor.py:208} INFO - Processing /home/airflow/.local/lib/python3.12/site-packages/airflow/example_dags/example_xcom.py took 0.047 seconds
[2025-05-19T16:01:15.467+0000] {processor.py:186} INFO - Started process (PID=1524) to work on /home/airflow/.local/lib/python3.12/site-packages/airflow/example_dags/example_xcom.py
[2025-05-19T16:01:15.468+0000] {processor.py:914} INFO - Processing file /home/airflow/.local/lib/python3.12/site-packages/airflow/example_dags/example_xcom.py for tasks to queue
[2025-05-19T16:01:15.470+0000] {logging_mixin.py:190} INFO - [2025-05-19T16:01:15.469+0000] {dagbag.py:588} INFO - Filling up the DagBag from /home/airflow/.local/lib/python3.12/site-packages/airflow/example_dags/example_xcom.py
[2025-05-19T16:01:15.476+0000] {processor.py:925} INFO - DAG(s) 'example_xcom' retrieved from /home/airflow/.local/lib/python3.12/site-packages/airflow/example_dags/example_xcom.py
[2025-05-19T16:01:15.487+0000] {logging_mixin.py:190} INFO - [2025-05-19T16:01:15.487+0000] {dag.py:3239} INFO - Sync 1 DAGs
[2025-05-19T16:01:15.497+0000] {logging_mixin.py:190} INFO - [2025-05-19T16:01:15.497+0000] {dag.py:4180} INFO - Setting next_dagrun for example_xcom to 2021-01-01 00:00:00+00:00, run_after=2021-01-01 00:00:00+00:00
[2025-05-19T16:01:15.506+0000] {processor.py:208} INFO - Processing /home/airflow/.local/lib/python3.12/site-packages/airflow/example_dags/example_xcom.py took 0.041 seconds
[2025-05-19T16:01:46.351+0000] {processor.py:186} INFO - Started process (PID=1581) to work on /home/airflow/.local/lib/python3.12/site-packages/airflow/example_dags/example_xcom.py
[2025-05-19T16:01:46.351+0000] {processor.py:914} INFO - Processing file /home/airflow/.local/lib/python3.12/site-packages/airflow/example_dags/example_xcom.py for tasks to queue
[2025-05-19T16:01:46.352+0000] {logging_mixin.py:190} INFO - [2025-05-19T16:01:46.352+0000] {dagbag.py:588} INFO - Filling up the DagBag from /home/airflow/.local/lib/python3.12/site-packages/airflow/example_dags/example_xcom.py
[2025-05-19T16:01:46.357+0000] {processor.py:925} INFO - DAG(s) 'example_xcom' retrieved from /home/airflow/.local/lib/python3.12/site-packages/airflow/example_dags/example_xcom.py
[2025-05-19T16:01:46.368+0000] {logging_mixin.py:190} INFO - [2025-05-19T16:01:46.368+0000] {dag.py:3239} INFO - Sync 1 DAGs
[2025-05-19T16:01:46.381+0000] {logging_mixin.py:190} INFO - [2025-05-19T16:01:46.381+0000] {dag.py:4180} INFO - Setting next_dagrun for example_xcom to 2021-01-01 00:00:00+00:00, run_after=2021-01-01 00:00:00+00:00
[2025-05-19T16:01:46.390+0000] {processor.py:208} INFO - Processing /home/airflow/.local/lib/python3.12/site-packages/airflow/example_dags/example_xcom.py took 0.043 seconds
[2025-05-19T16:02:17.062+0000] {processor.py:186} INFO - Started process (PID=1638) to work on /home/airflow/.local/lib/python3.12/site-packages/airflow/example_dags/example_xcom.py
[2025-05-19T16:02:17.063+0000] {processor.py:914} INFO - Processing file /home/airflow/.local/lib/python3.12/site-packages/airflow/example_dags/example_xcom.py for tasks to queue
[2025-05-19T16:02:17.064+0000] {logging_mixin.py:190} INFO - [2025-05-19T16:02:17.064+0000] {dagbag.py:588} INFO - Filling up the DagBag from /home/airflow/.local/lib/python3.12/site-packages/airflow/example_dags/example_xcom.py
[2025-05-19T16:02:17.070+0000] {processor.py:925} INFO - DAG(s) 'example_xcom' retrieved from /home/airflow/.local/lib/python3.12/site-packages/airflow/example_dags/example_xcom.py
[2025-05-19T16:02:17.082+0000] {logging_mixin.py:190} INFO - [2025-05-19T16:02:17.082+0000] {dag.py:3239} INFO - Sync 1 DAGs
[2025-05-19T16:02:17.097+0000] {logging_mixin.py:190} INFO - [2025-05-19T16:02:17.097+0000] {dag.py:4180} INFO - Setting next_dagrun for example_xcom to 2021-01-01 00:00:00+00:00, run_after=2021-01-01 00:00:00+00:00
[2025-05-19T16:02:17.107+0000] {processor.py:208} INFO - Processing /home/airflow/.local/lib/python3.12/site-packages/airflow/example_dags/example_xcom.py took 0.047 seconds
[2025-05-19T16:02:47.950+0000] {processor.py:186} INFO - Started process (PID=1695) to work on /home/airflow/.local/lib/python3.12/site-packages/airflow/example_dags/example_xcom.py
[2025-05-19T16:02:47.951+0000] {processor.py:914} INFO - Processing file /home/airflow/.local/lib/python3.12/site-packages/airflow/example_dags/example_xcom.py for tasks to queue
[2025-05-19T16:02:47.953+0000] {logging_mixin.py:190} INFO - [2025-05-19T16:02:47.952+0000] {dagbag.py:588} INFO - Filling up the DagBag from /home/airflow/.local/lib/python3.12/site-packages/airflow/example_dags/example_xcom.py
[2025-05-19T16:02:47.958+0000] {processor.py:925} INFO - DAG(s) 'example_xcom' retrieved from /home/airflow/.local/lib/python3.12/site-packages/airflow/example_dags/example_xcom.py
[2025-05-19T16:02:47.968+0000] {logging_mixin.py:190} INFO - [2025-05-19T16:02:47.968+0000] {dag.py:3239} INFO - Sync 1 DAGs
[2025-05-19T16:02:47.979+0000] {logging_mixin.py:190} INFO - [2025-05-19T16:02:47.979+0000] {dag.py:4180} INFO - Setting next_dagrun for example_xcom to 2021-01-01 00:00:00+00:00, run_after=2021-01-01 00:00:00+00:00
[2025-05-19T16:02:47.990+0000] {processor.py:208} INFO - Processing /home/airflow/.local/lib/python3.12/site-packages/airflow/example_dags/example_xcom.py took 0.044 seconds
[2025-05-19T16:03:19.047+0000] {processor.py:186} INFO - Started process (PID=1752) to work on /home/airflow/.local/lib/python3.12/site-packages/airflow/example_dags/example_xcom.py
[2025-05-19T16:03:19.048+0000] {processor.py:914} INFO - Processing file /home/airflow/.local/lib/python3.12/site-packages/airflow/example_dags/example_xcom.py for tasks to queue
[2025-05-19T16:03:19.050+0000] {logging_mixin.py:190} INFO - [2025-05-19T16:03:19.050+0000] {dagbag.py:588} INFO - Filling up the DagBag from /home/airflow/.local/lib/python3.12/site-packages/airflow/example_dags/example_xcom.py
[2025-05-19T16:03:19.056+0000] {processor.py:925} INFO - DAG(s) 'example_xcom' retrieved from /home/airflow/.local/lib/python3.12/site-packages/airflow/example_dags/example_xcom.py
[2025-05-19T16:03:19.067+0000] {logging_mixin.py:190} INFO - [2025-05-19T16:03:19.067+0000] {dag.py:3239} INFO - Sync 1 DAGs
[2025-05-19T16:03:19.078+0000] {logging_mixin.py:190} INFO - [2025-05-19T16:03:19.078+0000] {dag.py:4180} INFO - Setting next_dagrun for example_xcom to 2021-01-01 00:00:00+00:00, run_after=2021-01-01 00:00:00+00:00
[2025-05-19T16:03:19.086+0000] {processor.py:208} INFO - Processing /home/airflow/.local/lib/python3.12/site-packages/airflow/example_dags/example_xcom.py took 0.042 seconds
[2025-05-19T16:03:49.867+0000] {processor.py:186} INFO - Started process (PID=1809) to work on /home/airflow/.local/lib/python3.12/site-packages/airflow/example_dags/example_xcom.py
[2025-05-19T16:03:49.868+0000] {processor.py:914} INFO - Processing file /home/airflow/.local/lib/python3.12/site-packages/airflow/example_dags/example_xcom.py for tasks to queue
[2025-05-19T16:03:49.872+0000] {logging_mixin.py:190} INFO - [2025-05-19T16:03:49.872+0000] {dagbag.py:588} INFO - Filling up the DagBag from /home/airflow/.local/lib/python3.12/site-packages/airflow/example_dags/example_xcom.py
[2025-05-19T16:03:49.878+0000] {processor.py:925} INFO - DAG(s) 'example_xcom' retrieved from /home/airflow/.local/lib/python3.12/site-packages/airflow/example_dags/example_xcom.py
[2025-05-19T16:03:49.889+0000] {logging_mixin.py:190} INFO - [2025-05-19T16:03:49.889+0000] {dag.py:3239} INFO - Sync 1 DAGs
[2025-05-19T16:03:49.900+0000] {logging_mixin.py:190} INFO - [2025-05-19T16:03:49.899+0000] {dag.py:4180} INFO - Setting next_dagrun for example_xcom to 2021-01-01 00:00:00+00:00, run_after=2021-01-01 00:00:00+00:00
[2025-05-19T16:03:49.908+0000] {processor.py:208} INFO - Processing /home/airflow/.local/lib/python3.12/site-packages/airflow/example_dags/example_xcom.py took 0.045 seconds
[2025-05-19T16:04:20.751+0000] {processor.py:186} INFO - Started process (PID=1866) to work on /home/airflow/.local/lib/python3.12/site-packages/airflow/example_dags/example_xcom.py
[2025-05-19T16:04:20.751+0000] {processor.py:914} INFO - Processing file /home/airflow/.local/lib/python3.12/site-packages/airflow/example_dags/example_xcom.py for tasks to queue
[2025-05-19T16:04:20.752+0000] {logging_mixin.py:190} INFO - [2025-05-19T16:04:20.752+0000] {dagbag.py:588} INFO - Filling up the DagBag from /home/airflow/.local/lib/python3.12/site-packages/airflow/example_dags/example_xcom.py
[2025-05-19T16:04:20.757+0000] {processor.py:925} INFO - DAG(s) 'example_xcom' retrieved from /home/airflow/.local/lib/python3.12/site-packages/airflow/example_dags/example_xcom.py
[2025-05-19T16:04:20.770+0000] {logging_mixin.py:190} INFO - [2025-05-19T16:04:20.769+0000] {dag.py:3239} INFO - Sync 1 DAGs
[2025-05-19T16:04:20.781+0000] {logging_mixin.py:190} INFO - [2025-05-19T16:04:20.781+0000] {dag.py:4180} INFO - Setting next_dagrun for example_xcom to 2021-01-01 00:00:00+00:00, run_after=2021-01-01 00:00:00+00:00
[2025-05-19T16:04:20.790+0000] {processor.py:208} INFO - Processing /home/airflow/.local/lib/python3.12/site-packages/airflow/example_dags/example_xcom.py took 0.043 seconds
[2025-05-19T16:04:51.376+0000] {processor.py:186} INFO - Started process (PID=1923) to work on /home/airflow/.local/lib/python3.12/site-packages/airflow/example_dags/example_xcom.py
[2025-05-19T16:04:51.380+0000] {processor.py:914} INFO - Processing file /home/airflow/.local/lib/python3.12/site-packages/airflow/example_dags/example_xcom.py for tasks to queue
[2025-05-19T16:04:51.382+0000] {logging_mixin.py:190} INFO - [2025-05-19T16:04:51.382+0000] {dagbag.py:588} INFO - Filling up the DagBag from /home/airflow/.local/lib/python3.12/site-packages/airflow/example_dags/example_xcom.py
[2025-05-19T16:04:51.386+0000] {processor.py:925} INFO - DAG(s) 'example_xcom' retrieved from /home/airflow/.local/lib/python3.12/site-packages/airflow/example_dags/example_xcom.py
[2025-05-19T16:04:51.398+0000] {logging_mixin.py:190} INFO - [2025-05-19T16:04:51.397+0000] {dag.py:3239} INFO - Sync 1 DAGs
[2025-05-19T16:04:51.409+0000] {logging_mixin.py:190} INFO - [2025-05-19T16:04:51.409+0000] {dag.py:4180} INFO - Setting next_dagrun for example_xcom to 2021-01-01 00:00:00+00:00, run_after=2021-01-01 00:00:00+00:00
[2025-05-19T16:04:51.419+0000] {processor.py:208} INFO - Processing /home/airflow/.local/lib/python3.12/site-packages/airflow/example_dags/example_xcom.py took 0.046 seconds
