[2025-05-19T15:48:00.312+0000] {processor.py:186} INFO - Started process (PID=81) to work on /home/airflow/.local/lib/python3.12/site-packages/airflow/example_dags/example_dag_decorator.py
[2025-05-19T15:48:00.313+0000] {processor.py:914} INFO - Processing file /home/airflow/.local/lib/python3.12/site-packages/airflow/example_dags/example_dag_decorator.py for tasks to queue
[2025-05-19T15:48:00.315+0000] {logging_mixin.py:190} INFO - [2025-05-19T15:48:00.314+0000] {dagbag.py:588} INFO - Filling up the DagBag from /home/airflow/.local/lib/python3.12/site-packages/airflow/example_dags/example_dag_decorator.py
[2025-05-19T15:48:00.530+0000] {processor.py:925} INFO - DAG(s) 'example_dag_decorator' retrieved from /home/airflow/.local/lib/python3.12/site-packages/airflow/example_dags/example_dag_decorator.py
[2025-05-19T15:48:00.575+0000] {logging_mixin.py:190} INFO - [2025-05-19T15:48:00.575+0000] {override.py:1912} INFO - Created Permission View: can delete on DAG:example_dag_decorator
[2025-05-19T15:48:00.580+0000] {logging_mixin.py:190} INFO - [2025-05-19T15:48:00.580+0000] {override.py:1912} INFO - Created Permission View: can read on DAG:example_dag_decorator
[2025-05-19T15:48:00.583+0000] {logging_mixin.py:190} INFO - [2025-05-19T15:48:00.583+0000] {override.py:1912} INFO - Created Permission View: can edit on DAG:example_dag_decorator
[2025-05-19T15:48:00.586+0000] {logging_mixin.py:190} INFO - [2025-05-19T15:48:00.586+0000] {override.py:1912} INFO - Created Permission View: menu access on DAG Run:example_dag_decorator
[2025-05-19T15:48:00.589+0000] {logging_mixin.py:190} INFO - [2025-05-19T15:48:00.588+0000] {override.py:1912} INFO - Created Permission View: can create on DAG Run:example_dag_decorator
[2025-05-19T15:48:00.591+0000] {logging_mixin.py:190} INFO - [2025-05-19T15:48:00.591+0000] {override.py:1912} INFO - Created Permission View: can delete on DAG Run:example_dag_decorator
[2025-05-19T15:48:00.594+0000] {logging_mixin.py:190} INFO - [2025-05-19T15:48:00.594+0000] {override.py:1912} INFO - Created Permission View: can read on DAG Run:example_dag_decorator
[2025-05-19T15:48:00.594+0000] {logging_mixin.py:190} INFO - [2025-05-19T15:48:00.594+0000] {dag.py:3239} INFO - Sync 1 DAGs
[2025-05-19T15:48:00.600+0000] {logging_mixin.py:190} INFO - [2025-05-19T15:48:00.599+0000] {dag.py:3262} INFO - Creating ORM DAG for example_dag_decorator
[2025-05-19T15:48:00.600+0000] {logging_mixin.py:190} INFO - [2025-05-19T15:48:00.600+0000] {dag.py:4180} INFO - Setting next_dagrun for example_dag_decorator to None, run_after=None
[2025-05-19T15:48:00.607+0000] {processor.py:208} INFO - Processing /home/airflow/.local/lib/python3.12/site-packages/airflow/example_dags/example_dag_decorator.py took 0.298 seconds
[2025-05-19T15:48:31.506+0000] {processor.py:186} INFO - Started process (PID=138) to work on /home/airflow/.local/lib/python3.12/site-packages/airflow/example_dags/example_dag_decorator.py
[2025-05-19T15:48:31.507+0000] {processor.py:914} INFO - Processing file /home/airflow/.local/lib/python3.12/site-packages/airflow/example_dags/example_dag_decorator.py for tasks to queue
[2025-05-19T15:48:31.510+0000] {logging_mixin.py:190} INFO - [2025-05-19T15:48:31.510+0000] {dagbag.py:588} INFO - Filling up the DagBag from /home/airflow/.local/lib/python3.12/site-packages/airflow/example_dags/example_dag_decorator.py
[2025-05-19T15:48:31.566+0000] {processor.py:925} INFO - DAG(s) 'example_dag_decorator' retrieved from /home/airflow/.local/lib/python3.12/site-packages/airflow/example_dags/example_dag_decorator.py
[2025-05-19T15:48:31.619+0000] {logging_mixin.py:190} INFO - [2025-05-19T15:48:31.619+0000] {dag.py:3239} INFO - Sync 1 DAGs
[2025-05-19T15:48:31.625+0000] {logging_mixin.py:190} INFO - [2025-05-19T15:48:31.625+0000] {dag.py:4180} INFO - Setting next_dagrun for example_dag_decorator to None, run_after=None
[2025-05-19T15:48:31.634+0000] {processor.py:208} INFO - Processing /home/airflow/.local/lib/python3.12/site-packages/airflow/example_dags/example_dag_decorator.py took 0.135 seconds
[2025-05-19T15:49:02.276+0000] {processor.py:186} INFO - Started process (PID=195) to work on /home/airflow/.local/lib/python3.12/site-packages/airflow/example_dags/example_dag_decorator.py
[2025-05-19T15:49:02.277+0000] {processor.py:914} INFO - Processing file /home/airflow/.local/lib/python3.12/site-packages/airflow/example_dags/example_dag_decorator.py for tasks to queue
[2025-05-19T15:49:02.280+0000] {logging_mixin.py:190} INFO - [2025-05-19T15:49:02.280+0000] {dagbag.py:588} INFO - Filling up the DagBag from /home/airflow/.local/lib/python3.12/site-packages/airflow/example_dags/example_dag_decorator.py
[2025-05-19T15:49:02.338+0000] {processor.py:925} INFO - DAG(s) 'example_dag_decorator' retrieved from /home/airflow/.local/lib/python3.12/site-packages/airflow/example_dags/example_dag_decorator.py
[2025-05-19T15:49:02.395+0000] {logging_mixin.py:190} INFO - [2025-05-19T15:49:02.394+0000] {dag.py:3239} INFO - Sync 1 DAGs
[2025-05-19T15:49:02.401+0000] {logging_mixin.py:190} INFO - [2025-05-19T15:49:02.401+0000] {dag.py:4180} INFO - Setting next_dagrun for example_dag_decorator to None, run_after=None
[2025-05-19T15:49:02.410+0000] {processor.py:208} INFO - Processing /home/airflow/.local/lib/python3.12/site-packages/airflow/example_dags/example_dag_decorator.py took 0.145 seconds
[2025-05-19T15:49:32.995+0000] {processor.py:186} INFO - Started process (PID=252) to work on /home/airflow/.local/lib/python3.12/site-packages/airflow/example_dags/example_dag_decorator.py
[2025-05-19T15:49:33.000+0000] {processor.py:914} INFO - Processing file /home/airflow/.local/lib/python3.12/site-packages/airflow/example_dags/example_dag_decorator.py for tasks to queue
[2025-05-19T15:49:33.003+0000] {logging_mixin.py:190} INFO - [2025-05-19T15:49:33.003+0000] {dagbag.py:588} INFO - Filling up the DagBag from /home/airflow/.local/lib/python3.12/site-packages/airflow/example_dags/example_dag_decorator.py
[2025-05-19T15:49:33.062+0000] {processor.py:925} INFO - DAG(s) 'example_dag_decorator' retrieved from /home/airflow/.local/lib/python3.12/site-packages/airflow/example_dags/example_dag_decorator.py
[2025-05-19T15:49:33.117+0000] {logging_mixin.py:190} INFO - [2025-05-19T15:49:33.117+0000] {dag.py:3239} INFO - Sync 1 DAGs
[2025-05-19T15:49:33.123+0000] {logging_mixin.py:190} INFO - [2025-05-19T15:49:33.123+0000] {dag.py:4180} INFO - Setting next_dagrun for example_dag_decorator to None, run_after=None
[2025-05-19T15:49:33.134+0000] {processor.py:208} INFO - Processing /home/airflow/.local/lib/python3.12/site-packages/airflow/example_dags/example_dag_decorator.py took 0.146 seconds
[2025-05-19T15:50:03.921+0000] {processor.py:186} INFO - Started process (PID=309) to work on /home/airflow/.local/lib/python3.12/site-packages/airflow/example_dags/example_dag_decorator.py
[2025-05-19T15:50:03.922+0000] {processor.py:914} INFO - Processing file /home/airflow/.local/lib/python3.12/site-packages/airflow/example_dags/example_dag_decorator.py for tasks to queue
[2025-05-19T15:50:03.923+0000] {logging_mixin.py:190} INFO - [2025-05-19T15:50:03.923+0000] {dagbag.py:588} INFO - Filling up the DagBag from /home/airflow/.local/lib/python3.12/site-packages/airflow/example_dags/example_dag_decorator.py
[2025-05-19T15:50:03.980+0000] {processor.py:925} INFO - DAG(s) 'example_dag_decorator' retrieved from /home/airflow/.local/lib/python3.12/site-packages/airflow/example_dags/example_dag_decorator.py
[2025-05-19T15:50:04.048+0000] {logging_mixin.py:190} INFO - [2025-05-19T15:50:04.048+0000] {dag.py:3239} INFO - Sync 1 DAGs
[2025-05-19T15:50:04.060+0000] {logging_mixin.py:190} INFO - [2025-05-19T15:50:04.060+0000] {dag.py:4180} INFO - Setting next_dagrun for example_dag_decorator to None, run_after=None
[2025-05-19T15:50:04.071+0000] {processor.py:208} INFO - Processing /home/airflow/.local/lib/python3.12/site-packages/airflow/example_dags/example_dag_decorator.py took 0.159 seconds
[2025-05-19T15:50:34.593+0000] {processor.py:186} INFO - Started process (PID=366) to work on /home/airflow/.local/lib/python3.12/site-packages/airflow/example_dags/example_dag_decorator.py
[2025-05-19T15:50:34.594+0000] {processor.py:914} INFO - Processing file /home/airflow/.local/lib/python3.12/site-packages/airflow/example_dags/example_dag_decorator.py for tasks to queue
[2025-05-19T15:50:34.597+0000] {logging_mixin.py:190} INFO - [2025-05-19T15:50:34.597+0000] {dagbag.py:588} INFO - Filling up the DagBag from /home/airflow/.local/lib/python3.12/site-packages/airflow/example_dags/example_dag_decorator.py
[2025-05-19T15:50:34.655+0000] {processor.py:925} INFO - DAG(s) 'example_dag_decorator' retrieved from /home/airflow/.local/lib/python3.12/site-packages/airflow/example_dags/example_dag_decorator.py
[2025-05-19T15:50:34.705+0000] {logging_mixin.py:190} INFO - [2025-05-19T15:50:34.705+0000] {dag.py:3239} INFO - Sync 1 DAGs
[2025-05-19T15:50:34.711+0000] {logging_mixin.py:190} INFO - [2025-05-19T15:50:34.711+0000] {dag.py:4180} INFO - Setting next_dagrun for example_dag_decorator to None, run_after=None
[2025-05-19T15:50:34.719+0000] {processor.py:208} INFO - Processing /home/airflow/.local/lib/python3.12/site-packages/airflow/example_dags/example_dag_decorator.py took 0.134 seconds
[2025-05-19T15:51:05.136+0000] {processor.py:186} INFO - Started process (PID=423) to work on /home/airflow/.local/lib/python3.12/site-packages/airflow/example_dags/example_dag_decorator.py
[2025-05-19T15:51:05.137+0000] {processor.py:914} INFO - Processing file /home/airflow/.local/lib/python3.12/site-packages/airflow/example_dags/example_dag_decorator.py for tasks to queue
[2025-05-19T15:51:05.140+0000] {logging_mixin.py:190} INFO - [2025-05-19T15:51:05.140+0000] {dagbag.py:588} INFO - Filling up the DagBag from /home/airflow/.local/lib/python3.12/site-packages/airflow/example_dags/example_dag_decorator.py
[2025-05-19T15:51:05.194+0000] {processor.py:925} INFO - DAG(s) 'example_dag_decorator' retrieved from /home/airflow/.local/lib/python3.12/site-packages/airflow/example_dags/example_dag_decorator.py
[2025-05-19T15:51:05.246+0000] {logging_mixin.py:190} INFO - [2025-05-19T15:51:05.246+0000] {dag.py:3239} INFO - Sync 1 DAGs
[2025-05-19T15:51:05.251+0000] {logging_mixin.py:190} INFO - [2025-05-19T15:51:05.251+0000] {dag.py:4180} INFO - Setting next_dagrun for example_dag_decorator to None, run_after=None
[2025-05-19T15:51:05.259+0000] {processor.py:208} INFO - Processing /home/airflow/.local/lib/python3.12/site-packages/airflow/example_dags/example_dag_decorator.py took 0.134 seconds
[2025-05-19T15:51:35.736+0000] {processor.py:186} INFO - Started process (PID=480) to work on /home/airflow/.local/lib/python3.12/site-packages/airflow/example_dags/example_dag_decorator.py
[2025-05-19T15:51:35.738+0000] {processor.py:914} INFO - Processing file /home/airflow/.local/lib/python3.12/site-packages/airflow/example_dags/example_dag_decorator.py for tasks to queue
[2025-05-19T15:51:35.740+0000] {logging_mixin.py:190} INFO - [2025-05-19T15:51:35.739+0000] {dagbag.py:588} INFO - Filling up the DagBag from /home/airflow/.local/lib/python3.12/site-packages/airflow/example_dags/example_dag_decorator.py
[2025-05-19T15:51:35.787+0000] {processor.py:925} INFO - DAG(s) 'example_dag_decorator' retrieved from /home/airflow/.local/lib/python3.12/site-packages/airflow/example_dags/example_dag_decorator.py
[2025-05-19T15:51:35.841+0000] {logging_mixin.py:190} INFO - [2025-05-19T15:51:35.841+0000] {dag.py:3239} INFO - Sync 1 DAGs
[2025-05-19T15:51:35.848+0000] {logging_mixin.py:190} INFO - [2025-05-19T15:51:35.848+0000] {dag.py:4180} INFO - Setting next_dagrun for example_dag_decorator to None, run_after=None
[2025-05-19T15:51:35.857+0000] {processor.py:208} INFO - Processing /home/airflow/.local/lib/python3.12/site-packages/airflow/example_dags/example_dag_decorator.py took 0.129 seconds
[2025-05-19T15:52:05.878+0000] {processor.py:186} INFO - Started process (PID=538) to work on /home/airflow/.local/lib/python3.12/site-packages/airflow/example_dags/example_dag_decorator.py
[2025-05-19T15:52:05.879+0000] {processor.py:914} INFO - Processing file /home/airflow/.local/lib/python3.12/site-packages/airflow/example_dags/example_dag_decorator.py for tasks to queue
[2025-05-19T15:52:05.880+0000] {logging_mixin.py:190} INFO - [2025-05-19T15:52:05.880+0000] {dagbag.py:588} INFO - Filling up the DagBag from /home/airflow/.local/lib/python3.12/site-packages/airflow/example_dags/example_dag_decorator.py
[2025-05-19T15:52:05.934+0000] {processor.py:925} INFO - DAG(s) 'example_dag_decorator' retrieved from /home/airflow/.local/lib/python3.12/site-packages/airflow/example_dags/example_dag_decorator.py
[2025-05-19T15:52:05.991+0000] {logging_mixin.py:190} INFO - [2025-05-19T15:52:05.990+0000] {dag.py:3239} INFO - Sync 1 DAGs
[2025-05-19T15:52:05.997+0000] {logging_mixin.py:190} INFO - [2025-05-19T15:52:05.997+0000] {dag.py:4180} INFO - Setting next_dagrun for example_dag_decorator to None, run_after=None
[2025-05-19T15:52:06.006+0000] {processor.py:208} INFO - Processing /home/airflow/.local/lib/python3.12/site-packages/airflow/example_dags/example_dag_decorator.py took 0.131 seconds
[2025-05-19T15:52:36.873+0000] {processor.py:186} INFO - Started process (PID=594) to work on /home/airflow/.local/lib/python3.12/site-packages/airflow/example_dags/example_dag_decorator.py
[2025-05-19T15:52:36.874+0000] {processor.py:914} INFO - Processing file /home/airflow/.local/lib/python3.12/site-packages/airflow/example_dags/example_dag_decorator.py for tasks to queue
[2025-05-19T15:52:36.876+0000] {logging_mixin.py:190} INFO - [2025-05-19T15:52:36.876+0000] {dagbag.py:588} INFO - Filling up the DagBag from /home/airflow/.local/lib/python3.12/site-packages/airflow/example_dags/example_dag_decorator.py
[2025-05-19T15:52:36.921+0000] {processor.py:925} INFO - DAG(s) 'example_dag_decorator' retrieved from /home/airflow/.local/lib/python3.12/site-packages/airflow/example_dags/example_dag_decorator.py
[2025-05-19T15:52:36.976+0000] {logging_mixin.py:190} INFO - [2025-05-19T15:52:36.976+0000] {dag.py:3239} INFO - Sync 1 DAGs
[2025-05-19T15:52:36.984+0000] {logging_mixin.py:190} INFO - [2025-05-19T15:52:36.984+0000] {dag.py:4180} INFO - Setting next_dagrun for example_dag_decorator to None, run_after=None
[2025-05-19T15:52:36.994+0000] {processor.py:208} INFO - Processing /home/airflow/.local/lib/python3.12/site-packages/airflow/example_dags/example_dag_decorator.py took 0.124 seconds
[2025-05-19T15:53:07.229+0000] {processor.py:186} INFO - Started process (PID=652) to work on /home/airflow/.local/lib/python3.12/site-packages/airflow/example_dags/example_dag_decorator.py
[2025-05-19T15:53:07.232+0000] {processor.py:914} INFO - Processing file /home/airflow/.local/lib/python3.12/site-packages/airflow/example_dags/example_dag_decorator.py for tasks to queue
[2025-05-19T15:53:07.233+0000] {logging_mixin.py:190} INFO - [2025-05-19T15:53:07.233+0000] {dagbag.py:588} INFO - Filling up the DagBag from /home/airflow/.local/lib/python3.12/site-packages/airflow/example_dags/example_dag_decorator.py
[2025-05-19T15:53:07.287+0000] {processor.py:925} INFO - DAG(s) 'example_dag_decorator' retrieved from /home/airflow/.local/lib/python3.12/site-packages/airflow/example_dags/example_dag_decorator.py
[2025-05-19T15:53:07.340+0000] {logging_mixin.py:190} INFO - [2025-05-19T15:53:07.339+0000] {dag.py:3239} INFO - Sync 1 DAGs
[2025-05-19T15:53:07.345+0000] {logging_mixin.py:190} INFO - [2025-05-19T15:53:07.345+0000] {dag.py:4180} INFO - Setting next_dagrun for example_dag_decorator to None, run_after=None
[2025-05-19T15:53:07.354+0000] {processor.py:208} INFO - Processing /home/airflow/.local/lib/python3.12/site-packages/airflow/example_dags/example_dag_decorator.py took 0.129 seconds
[2025-05-19T15:53:38.109+0000] {processor.py:186} INFO - Started process (PID=710) to work on /home/airflow/.local/lib/python3.12/site-packages/airflow/example_dags/example_dag_decorator.py
[2025-05-19T15:53:38.110+0000] {processor.py:914} INFO - Processing file /home/airflow/.local/lib/python3.12/site-packages/airflow/example_dags/example_dag_decorator.py for tasks to queue
[2025-05-19T15:53:38.111+0000] {logging_mixin.py:190} INFO - [2025-05-19T15:53:38.111+0000] {dagbag.py:588} INFO - Filling up the DagBag from /home/airflow/.local/lib/python3.12/site-packages/airflow/example_dags/example_dag_decorator.py
[2025-05-19T15:53:38.152+0000] {processor.py:925} INFO - DAG(s) 'example_dag_decorator' retrieved from /home/airflow/.local/lib/python3.12/site-packages/airflow/example_dags/example_dag_decorator.py
[2025-05-19T15:53:38.198+0000] {logging_mixin.py:190} INFO - [2025-05-19T15:53:38.198+0000] {dag.py:3239} INFO - Sync 1 DAGs
[2025-05-19T15:53:38.203+0000] {logging_mixin.py:190} INFO - [2025-05-19T15:53:38.203+0000] {dag.py:4180} INFO - Setting next_dagrun for example_dag_decorator to None, run_after=None
[2025-05-19T15:53:38.211+0000] {processor.py:208} INFO - Processing /home/airflow/.local/lib/python3.12/site-packages/airflow/example_dags/example_dag_decorator.py took 0.105 seconds
[2025-05-19T15:54:08.404+0000] {processor.py:186} INFO - Started process (PID=765) to work on /home/airflow/.local/lib/python3.12/site-packages/airflow/example_dags/example_dag_decorator.py
[2025-05-19T15:54:08.408+0000] {processor.py:914} INFO - Processing file /home/airflow/.local/lib/python3.12/site-packages/airflow/example_dags/example_dag_decorator.py for tasks to queue
[2025-05-19T15:54:08.410+0000] {logging_mixin.py:190} INFO - [2025-05-19T15:54:08.410+0000] {dagbag.py:588} INFO - Filling up the DagBag from /home/airflow/.local/lib/python3.12/site-packages/airflow/example_dags/example_dag_decorator.py
[2025-05-19T15:54:08.459+0000] {processor.py:925} INFO - DAG(s) 'example_dag_decorator' retrieved from /home/airflow/.local/lib/python3.12/site-packages/airflow/example_dags/example_dag_decorator.py
[2025-05-19T15:54:08.526+0000] {logging_mixin.py:190} INFO - [2025-05-19T15:54:08.526+0000] {dag.py:3239} INFO - Sync 1 DAGs
[2025-05-19T15:54:08.532+0000] {logging_mixin.py:190} INFO - [2025-05-19T15:54:08.532+0000] {dag.py:4180} INFO - Setting next_dagrun for example_dag_decorator to None, run_after=None
[2025-05-19T15:54:08.543+0000] {processor.py:208} INFO - Processing /home/airflow/.local/lib/python3.12/site-packages/airflow/example_dags/example_dag_decorator.py took 0.143 seconds
[2025-05-19T15:54:39.875+0000] {processor.py:186} INFO - Started process (PID=822) to work on /home/airflow/.local/lib/python3.12/site-packages/airflow/example_dags/example_dag_decorator.py
[2025-05-19T15:54:39.877+0000] {processor.py:914} INFO - Processing file /home/airflow/.local/lib/python3.12/site-packages/airflow/example_dags/example_dag_decorator.py for tasks to queue
[2025-05-19T15:54:39.879+0000] {logging_mixin.py:190} INFO - [2025-05-19T15:54:39.879+0000] {dagbag.py:588} INFO - Filling up the DagBag from /home/airflow/.local/lib/python3.12/site-packages/airflow/example_dags/example_dag_decorator.py
[2025-05-19T15:54:39.933+0000] {processor.py:925} INFO - DAG(s) 'example_dag_decorator' retrieved from /home/airflow/.local/lib/python3.12/site-packages/airflow/example_dags/example_dag_decorator.py
[2025-05-19T15:54:39.991+0000] {logging_mixin.py:190} INFO - [2025-05-19T15:54:39.991+0000] {dag.py:3239} INFO - Sync 1 DAGs
[2025-05-19T15:54:39.998+0000] {logging_mixin.py:190} INFO - [2025-05-19T15:54:39.998+0000] {dag.py:4180} INFO - Setting next_dagrun for example_dag_decorator to None, run_after=None
[2025-05-19T15:54:40.011+0000] {processor.py:208} INFO - Processing /home/airflow/.local/lib/python3.12/site-packages/airflow/example_dags/example_dag_decorator.py took 0.140 seconds
[2025-05-19T15:55:10.915+0000] {processor.py:186} INFO - Started process (PID=879) to work on /home/airflow/.local/lib/python3.12/site-packages/airflow/example_dags/example_dag_decorator.py
[2025-05-19T15:55:10.918+0000] {processor.py:914} INFO - Processing file /home/airflow/.local/lib/python3.12/site-packages/airflow/example_dags/example_dag_decorator.py for tasks to queue
[2025-05-19T15:55:10.919+0000] {logging_mixin.py:190} INFO - [2025-05-19T15:55:10.919+0000] {dagbag.py:588} INFO - Filling up the DagBag from /home/airflow/.local/lib/python3.12/site-packages/airflow/example_dags/example_dag_decorator.py
[2025-05-19T15:55:10.968+0000] {processor.py:925} INFO - DAG(s) 'example_dag_decorator' retrieved from /home/airflow/.local/lib/python3.12/site-packages/airflow/example_dags/example_dag_decorator.py
[2025-05-19T15:55:11.030+0000] {logging_mixin.py:190} INFO - [2025-05-19T15:55:11.030+0000] {dag.py:3239} INFO - Sync 1 DAGs
[2025-05-19T15:55:11.037+0000] {logging_mixin.py:190} INFO - [2025-05-19T15:55:11.037+0000] {dag.py:4180} INFO - Setting next_dagrun for example_dag_decorator to None, run_after=None
[2025-05-19T15:55:11.048+0000] {processor.py:208} INFO - Processing /home/airflow/.local/lib/python3.12/site-packages/airflow/example_dags/example_dag_decorator.py took 0.136 seconds
[2025-05-19T15:55:41.798+0000] {processor.py:186} INFO - Started process (PID=936) to work on /home/airflow/.local/lib/python3.12/site-packages/airflow/example_dags/example_dag_decorator.py
[2025-05-19T15:55:41.799+0000] {processor.py:914} INFO - Processing file /home/airflow/.local/lib/python3.12/site-packages/airflow/example_dags/example_dag_decorator.py for tasks to queue
[2025-05-19T15:55:41.800+0000] {logging_mixin.py:190} INFO - [2025-05-19T15:55:41.800+0000] {dagbag.py:588} INFO - Filling up the DagBag from /home/airflow/.local/lib/python3.12/site-packages/airflow/example_dags/example_dag_decorator.py
[2025-05-19T15:55:41.845+0000] {processor.py:925} INFO - DAG(s) 'example_dag_decorator' retrieved from /home/airflow/.local/lib/python3.12/site-packages/airflow/example_dags/example_dag_decorator.py
[2025-05-19T15:55:41.896+0000] {logging_mixin.py:190} INFO - [2025-05-19T15:55:41.896+0000] {dag.py:3239} INFO - Sync 1 DAGs
[2025-05-19T15:55:41.902+0000] {logging_mixin.py:190} INFO - [2025-05-19T15:55:41.902+0000] {dag.py:4180} INFO - Setting next_dagrun for example_dag_decorator to None, run_after=None
[2025-05-19T15:55:41.911+0000] {processor.py:208} INFO - Processing /home/airflow/.local/lib/python3.12/site-packages/airflow/example_dags/example_dag_decorator.py took 0.116 seconds
[2025-05-19T15:56:12.925+0000] {processor.py:186} INFO - Started process (PID=993) to work on /home/airflow/.local/lib/python3.12/site-packages/airflow/example_dags/example_dag_decorator.py
[2025-05-19T15:56:12.926+0000] {processor.py:914} INFO - Processing file /home/airflow/.local/lib/python3.12/site-packages/airflow/example_dags/example_dag_decorator.py for tasks to queue
[2025-05-19T15:56:12.927+0000] {logging_mixin.py:190} INFO - [2025-05-19T15:56:12.927+0000] {dagbag.py:588} INFO - Filling up the DagBag from /home/airflow/.local/lib/python3.12/site-packages/airflow/example_dags/example_dag_decorator.py
[2025-05-19T15:56:12.980+0000] {processor.py:925} INFO - DAG(s) 'example_dag_decorator' retrieved from /home/airflow/.local/lib/python3.12/site-packages/airflow/example_dags/example_dag_decorator.py
[2025-05-19T15:56:13.038+0000] {logging_mixin.py:190} INFO - [2025-05-19T15:56:13.037+0000] {dag.py:3239} INFO - Sync 1 DAGs
[2025-05-19T15:56:13.044+0000] {logging_mixin.py:190} INFO - [2025-05-19T15:56:13.044+0000] {dag.py:4180} INFO - Setting next_dagrun for example_dag_decorator to None, run_after=None
[2025-05-19T15:56:13.054+0000] {processor.py:208} INFO - Processing /home/airflow/.local/lib/python3.12/site-packages/airflow/example_dags/example_dag_decorator.py took 0.132 seconds
[2025-05-19T15:56:43.957+0000] {processor.py:186} INFO - Started process (PID=1052) to work on /home/airflow/.local/lib/python3.12/site-packages/airflow/example_dags/example_dag_decorator.py
[2025-05-19T15:56:43.958+0000] {processor.py:914} INFO - Processing file /home/airflow/.local/lib/python3.12/site-packages/airflow/example_dags/example_dag_decorator.py for tasks to queue
[2025-05-19T15:56:43.960+0000] {logging_mixin.py:190} INFO - [2025-05-19T15:56:43.960+0000] {dagbag.py:588} INFO - Filling up the DagBag from /home/airflow/.local/lib/python3.12/site-packages/airflow/example_dags/example_dag_decorator.py
[2025-05-19T15:56:44.007+0000] {processor.py:925} INFO - DAG(s) 'example_dag_decorator' retrieved from /home/airflow/.local/lib/python3.12/site-packages/airflow/example_dags/example_dag_decorator.py
[2025-05-19T15:56:44.064+0000] {logging_mixin.py:190} INFO - [2025-05-19T15:56:44.064+0000] {dag.py:3239} INFO - Sync 1 DAGs
[2025-05-19T15:56:44.070+0000] {logging_mixin.py:190} INFO - [2025-05-19T15:56:44.070+0000] {dag.py:4180} INFO - Setting next_dagrun for example_dag_decorator to None, run_after=None
[2025-05-19T15:56:44.080+0000] {processor.py:208} INFO - Processing /home/airflow/.local/lib/python3.12/site-packages/airflow/example_dags/example_dag_decorator.py took 0.126 seconds
[2025-05-19T15:57:14.808+0000] {processor.py:186} INFO - Started process (PID=1107) to work on /home/airflow/.local/lib/python3.12/site-packages/airflow/example_dags/example_dag_decorator.py
[2025-05-19T15:57:14.808+0000] {processor.py:914} INFO - Processing file /home/airflow/.local/lib/python3.12/site-packages/airflow/example_dags/example_dag_decorator.py for tasks to queue
[2025-05-19T15:57:14.810+0000] {logging_mixin.py:190} INFO - [2025-05-19T15:57:14.809+0000] {dagbag.py:588} INFO - Filling up the DagBag from /home/airflow/.local/lib/python3.12/site-packages/airflow/example_dags/example_dag_decorator.py
[2025-05-19T15:57:14.860+0000] {processor.py:925} INFO - DAG(s) 'example_dag_decorator' retrieved from /home/airflow/.local/lib/python3.12/site-packages/airflow/example_dags/example_dag_decorator.py
[2025-05-19T15:57:14.915+0000] {logging_mixin.py:190} INFO - [2025-05-19T15:57:14.915+0000] {dag.py:3239} INFO - Sync 1 DAGs
[2025-05-19T15:57:14.921+0000] {logging_mixin.py:190} INFO - [2025-05-19T15:57:14.921+0000] {dag.py:4180} INFO - Setting next_dagrun for example_dag_decorator to None, run_after=None
[2025-05-19T15:57:14.932+0000] {processor.py:208} INFO - Processing /home/airflow/.local/lib/python3.12/site-packages/airflow/example_dags/example_dag_decorator.py took 0.127 seconds
[2025-05-19T15:57:45.764+0000] {processor.py:186} INFO - Started process (PID=1166) to work on /home/airflow/.local/lib/python3.12/site-packages/airflow/example_dags/example_dag_decorator.py
[2025-05-19T15:57:45.765+0000] {processor.py:914} INFO - Processing file /home/airflow/.local/lib/python3.12/site-packages/airflow/example_dags/example_dag_decorator.py for tasks to queue
[2025-05-19T15:57:45.766+0000] {logging_mixin.py:190} INFO - [2025-05-19T15:57:45.766+0000] {dagbag.py:588} INFO - Filling up the DagBag from /home/airflow/.local/lib/python3.12/site-packages/airflow/example_dags/example_dag_decorator.py
[2025-05-19T15:57:45.815+0000] {processor.py:925} INFO - DAG(s) 'example_dag_decorator' retrieved from /home/airflow/.local/lib/python3.12/site-packages/airflow/example_dags/example_dag_decorator.py
[2025-05-19T15:57:45.869+0000] {logging_mixin.py:190} INFO - [2025-05-19T15:57:45.869+0000] {dag.py:3239} INFO - Sync 1 DAGs
[2025-05-19T15:57:45.876+0000] {logging_mixin.py:190} INFO - [2025-05-19T15:57:45.876+0000] {dag.py:4180} INFO - Setting next_dagrun for example_dag_decorator to None, run_after=None
[2025-05-19T15:57:45.890+0000] {processor.py:208} INFO - Processing /home/airflow/.local/lib/python3.12/site-packages/airflow/example_dags/example_dag_decorator.py took 0.130 seconds
[2025-05-19T15:58:16.763+0000] {processor.py:186} INFO - Started process (PID=1225) to work on /home/airflow/.local/lib/python3.12/site-packages/airflow/example_dags/example_dag_decorator.py
[2025-05-19T15:58:16.763+0000] {processor.py:914} INFO - Processing file /home/airflow/.local/lib/python3.12/site-packages/airflow/example_dags/example_dag_decorator.py for tasks to queue
[2025-05-19T15:58:16.765+0000] {logging_mixin.py:190} INFO - [2025-05-19T15:58:16.765+0000] {dagbag.py:588} INFO - Filling up the DagBag from /home/airflow/.local/lib/python3.12/site-packages/airflow/example_dags/example_dag_decorator.py
[2025-05-19T15:58:16.824+0000] {processor.py:925} INFO - DAG(s) 'example_dag_decorator' retrieved from /home/airflow/.local/lib/python3.12/site-packages/airflow/example_dags/example_dag_decorator.py
[2025-05-19T15:58:16.880+0000] {logging_mixin.py:190} INFO - [2025-05-19T15:58:16.880+0000] {dag.py:3239} INFO - Sync 1 DAGs
[2025-05-19T15:58:16.886+0000] {logging_mixin.py:190} INFO - [2025-05-19T15:58:16.886+0000] {dag.py:4180} INFO - Setting next_dagrun for example_dag_decorator to None, run_after=None
[2025-05-19T15:58:16.895+0000] {processor.py:208} INFO - Processing /home/airflow/.local/lib/python3.12/site-packages/airflow/example_dags/example_dag_decorator.py took 0.135 seconds
[2025-05-19T15:58:47.436+0000] {processor.py:186} INFO - Started process (PID=1278) to work on /home/airflow/.local/lib/python3.12/site-packages/airflow/example_dags/example_dag_decorator.py
[2025-05-19T15:58:47.437+0000] {processor.py:914} INFO - Processing file /home/airflow/.local/lib/python3.12/site-packages/airflow/example_dags/example_dag_decorator.py for tasks to queue
[2025-05-19T15:58:47.439+0000] {logging_mixin.py:190} INFO - [2025-05-19T15:58:47.438+0000] {dagbag.py:588} INFO - Filling up the DagBag from /home/airflow/.local/lib/python3.12/site-packages/airflow/example_dags/example_dag_decorator.py
[2025-05-19T15:58:47.485+0000] {processor.py:925} INFO - DAG(s) 'example_dag_decorator' retrieved from /home/airflow/.local/lib/python3.12/site-packages/airflow/example_dags/example_dag_decorator.py
[2025-05-19T15:58:47.496+0000] {logging_mixin.py:190} INFO - [2025-05-19T15:58:47.496+0000] {dag.py:3239} INFO - Sync 1 DAGs
[2025-05-19T15:58:47.503+0000] {logging_mixin.py:190} INFO - [2025-05-19T15:58:47.502+0000] {dag.py:4180} INFO - Setting next_dagrun for example_dag_decorator to None, run_after=None
[2025-05-19T15:58:47.515+0000] {processor.py:208} INFO - Processing /home/airflow/.local/lib/python3.12/site-packages/airflow/example_dags/example_dag_decorator.py took 0.082 seconds
[2025-05-19T15:59:18.357+0000] {processor.py:186} INFO - Started process (PID=1335) to work on /home/airflow/.local/lib/python3.12/site-packages/airflow/example_dags/example_dag_decorator.py
[2025-05-19T15:59:18.358+0000] {processor.py:914} INFO - Processing file /home/airflow/.local/lib/python3.12/site-packages/airflow/example_dags/example_dag_decorator.py for tasks to queue
[2025-05-19T15:59:18.359+0000] {logging_mixin.py:190} INFO - [2025-05-19T15:59:18.359+0000] {dagbag.py:588} INFO - Filling up the DagBag from /home/airflow/.local/lib/python3.12/site-packages/airflow/example_dags/example_dag_decorator.py
[2025-05-19T15:59:18.412+0000] {processor.py:925} INFO - DAG(s) 'example_dag_decorator' retrieved from /home/airflow/.local/lib/python3.12/site-packages/airflow/example_dags/example_dag_decorator.py
[2025-05-19T15:59:18.424+0000] {logging_mixin.py:190} INFO - [2025-05-19T15:59:18.424+0000] {dag.py:3239} INFO - Sync 1 DAGs
[2025-05-19T15:59:18.432+0000] {logging_mixin.py:190} INFO - [2025-05-19T15:59:18.432+0000] {dag.py:4180} INFO - Setting next_dagrun for example_dag_decorator to None, run_after=None
[2025-05-19T15:59:18.441+0000] {processor.py:208} INFO - Processing /home/airflow/.local/lib/python3.12/site-packages/airflow/example_dags/example_dag_decorator.py took 0.087 seconds
[2025-05-19T15:59:49.513+0000] {processor.py:186} INFO - Started process (PID=1392) to work on /home/airflow/.local/lib/python3.12/site-packages/airflow/example_dags/example_dag_decorator.py
[2025-05-19T15:59:49.513+0000] {processor.py:914} INFO - Processing file /home/airflow/.local/lib/python3.12/site-packages/airflow/example_dags/example_dag_decorator.py for tasks to queue
[2025-05-19T15:59:49.515+0000] {logging_mixin.py:190} INFO - [2025-05-19T15:59:49.515+0000] {dagbag.py:588} INFO - Filling up the DagBag from /home/airflow/.local/lib/python3.12/site-packages/airflow/example_dags/example_dag_decorator.py
[2025-05-19T15:59:49.568+0000] {processor.py:925} INFO - DAG(s) 'example_dag_decorator' retrieved from /home/airflow/.local/lib/python3.12/site-packages/airflow/example_dags/example_dag_decorator.py
[2025-05-19T15:59:49.625+0000] {logging_mixin.py:190} INFO - [2025-05-19T15:59:49.625+0000] {dag.py:3239} INFO - Sync 1 DAGs
[2025-05-19T15:59:49.632+0000] {logging_mixin.py:190} INFO - [2025-05-19T15:59:49.632+0000] {dag.py:4180} INFO - Setting next_dagrun for example_dag_decorator to None, run_after=None
[2025-05-19T15:59:49.641+0000] {processor.py:208} INFO - Processing /home/airflow/.local/lib/python3.12/site-packages/airflow/example_dags/example_dag_decorator.py took 0.132 seconds
[2025-05-19T16:00:20.560+0000] {processor.py:186} INFO - Started process (PID=1449) to work on /home/airflow/.local/lib/python3.12/site-packages/airflow/example_dags/example_dag_decorator.py
[2025-05-19T16:00:20.561+0000] {processor.py:914} INFO - Processing file /home/airflow/.local/lib/python3.12/site-packages/airflow/example_dags/example_dag_decorator.py for tasks to queue
[2025-05-19T16:00:20.565+0000] {logging_mixin.py:190} INFO - [2025-05-19T16:00:20.565+0000] {dagbag.py:588} INFO - Filling up the DagBag from /home/airflow/.local/lib/python3.12/site-packages/airflow/example_dags/example_dag_decorator.py
[2025-05-19T16:00:20.609+0000] {processor.py:925} INFO - DAG(s) 'example_dag_decorator' retrieved from /home/airflow/.local/lib/python3.12/site-packages/airflow/example_dags/example_dag_decorator.py
[2025-05-19T16:00:20.659+0000] {logging_mixin.py:190} INFO - [2025-05-19T16:00:20.659+0000] {dag.py:3239} INFO - Sync 1 DAGs
[2025-05-19T16:00:20.666+0000] {logging_mixin.py:190} INFO - [2025-05-19T16:00:20.666+0000] {dag.py:4180} INFO - Setting next_dagrun for example_dag_decorator to None, run_after=None
[2025-05-19T16:00:20.674+0000] {processor.py:208} INFO - Processing /home/airflow/.local/lib/python3.12/site-packages/airflow/example_dags/example_dag_decorator.py took 0.117 seconds
[2025-05-19T16:00:51.635+0000] {processor.py:186} INFO - Started process (PID=1506) to work on /home/airflow/.local/lib/python3.12/site-packages/airflow/example_dags/example_dag_decorator.py
[2025-05-19T16:00:51.636+0000] {processor.py:914} INFO - Processing file /home/airflow/.local/lib/python3.12/site-packages/airflow/example_dags/example_dag_decorator.py for tasks to queue
[2025-05-19T16:00:51.640+0000] {logging_mixin.py:190} INFO - [2025-05-19T16:00:51.639+0000] {dagbag.py:588} INFO - Filling up the DagBag from /home/airflow/.local/lib/python3.12/site-packages/airflow/example_dags/example_dag_decorator.py
[2025-05-19T16:00:51.686+0000] {processor.py:925} INFO - DAG(s) 'example_dag_decorator' retrieved from /home/airflow/.local/lib/python3.12/site-packages/airflow/example_dags/example_dag_decorator.py
[2025-05-19T16:00:51.738+0000] {logging_mixin.py:190} INFO - [2025-05-19T16:00:51.738+0000] {dag.py:3239} INFO - Sync 1 DAGs
[2025-05-19T16:00:51.744+0000] {logging_mixin.py:190} INFO - [2025-05-19T16:00:51.744+0000] {dag.py:4180} INFO - Setting next_dagrun for example_dag_decorator to None, run_after=None
[2025-05-19T16:00:51.752+0000] {processor.py:208} INFO - Processing /home/airflow/.local/lib/python3.12/site-packages/airflow/example_dags/example_dag_decorator.py took 0.120 seconds
[2025-05-19T16:01:22.541+0000] {processor.py:186} INFO - Started process (PID=1563) to work on /home/airflow/.local/lib/python3.12/site-packages/airflow/example_dags/example_dag_decorator.py
[2025-05-19T16:01:22.541+0000] {processor.py:914} INFO - Processing file /home/airflow/.local/lib/python3.12/site-packages/airflow/example_dags/example_dag_decorator.py for tasks to queue
[2025-05-19T16:01:22.542+0000] {logging_mixin.py:190} INFO - [2025-05-19T16:01:22.542+0000] {dagbag.py:588} INFO - Filling up the DagBag from /home/airflow/.local/lib/python3.12/site-packages/airflow/example_dags/example_dag_decorator.py
[2025-05-19T16:01:22.589+0000] {processor.py:925} INFO - DAG(s) 'example_dag_decorator' retrieved from /home/airflow/.local/lib/python3.12/site-packages/airflow/example_dags/example_dag_decorator.py
[2025-05-19T16:01:22.637+0000] {logging_mixin.py:190} INFO - [2025-05-19T16:01:22.637+0000] {dag.py:3239} INFO - Sync 1 DAGs
[2025-05-19T16:01:22.643+0000] {logging_mixin.py:190} INFO - [2025-05-19T16:01:22.643+0000] {dag.py:4180} INFO - Setting next_dagrun for example_dag_decorator to None, run_after=None
[2025-05-19T16:01:22.650+0000] {processor.py:208} INFO - Processing /home/airflow/.local/lib/python3.12/site-packages/airflow/example_dags/example_dag_decorator.py took 0.112 seconds
[2025-05-19T16:01:53.303+0000] {processor.py:186} INFO - Started process (PID=1620) to work on /home/airflow/.local/lib/python3.12/site-packages/airflow/example_dags/example_dag_decorator.py
[2025-05-19T16:01:53.305+0000] {processor.py:914} INFO - Processing file /home/airflow/.local/lib/python3.12/site-packages/airflow/example_dags/example_dag_decorator.py for tasks to queue
[2025-05-19T16:01:53.306+0000] {logging_mixin.py:190} INFO - [2025-05-19T16:01:53.306+0000] {dagbag.py:588} INFO - Filling up the DagBag from /home/airflow/.local/lib/python3.12/site-packages/airflow/example_dags/example_dag_decorator.py
[2025-05-19T16:01:53.353+0000] {processor.py:925} INFO - DAG(s) 'example_dag_decorator' retrieved from /home/airflow/.local/lib/python3.12/site-packages/airflow/example_dags/example_dag_decorator.py
[2025-05-19T16:01:53.363+0000] {logging_mixin.py:190} INFO - [2025-05-19T16:01:53.363+0000] {dag.py:3239} INFO - Sync 1 DAGs
[2025-05-19T16:01:53.370+0000] {logging_mixin.py:190} INFO - [2025-05-19T16:01:53.370+0000] {dag.py:4180} INFO - Setting next_dagrun for example_dag_decorator to None, run_after=None
[2025-05-19T16:01:53.380+0000] {processor.py:208} INFO - Processing /home/airflow/.local/lib/python3.12/site-packages/airflow/example_dags/example_dag_decorator.py took 0.080 seconds
[2025-05-19T16:02:24.032+0000] {processor.py:186} INFO - Started process (PID=1677) to work on /home/airflow/.local/lib/python3.12/site-packages/airflow/example_dags/example_dag_decorator.py
[2025-05-19T16:02:24.032+0000] {processor.py:914} INFO - Processing file /home/airflow/.local/lib/python3.12/site-packages/airflow/example_dags/example_dag_decorator.py for tasks to queue
[2025-05-19T16:02:24.033+0000] {logging_mixin.py:190} INFO - [2025-05-19T16:02:24.033+0000] {dagbag.py:588} INFO - Filling up the DagBag from /home/airflow/.local/lib/python3.12/site-packages/airflow/example_dags/example_dag_decorator.py
[2025-05-19T16:02:24.084+0000] {processor.py:925} INFO - DAG(s) 'example_dag_decorator' retrieved from /home/airflow/.local/lib/python3.12/site-packages/airflow/example_dags/example_dag_decorator.py
[2025-05-19T16:02:24.137+0000] {logging_mixin.py:190} INFO - [2025-05-19T16:02:24.137+0000] {dag.py:3239} INFO - Sync 1 DAGs
[2025-05-19T16:02:24.143+0000] {logging_mixin.py:190} INFO - [2025-05-19T16:02:24.143+0000] {dag.py:4180} INFO - Setting next_dagrun for example_dag_decorator to None, run_after=None
[2025-05-19T16:02:24.151+0000] {processor.py:208} INFO - Processing /home/airflow/.local/lib/python3.12/site-packages/airflow/example_dags/example_dag_decorator.py took 0.123 seconds
[2025-05-19T16:02:55.187+0000] {processor.py:186} INFO - Started process (PID=1735) to work on /home/airflow/.local/lib/python3.12/site-packages/airflow/example_dags/example_dag_decorator.py
[2025-05-19T16:02:55.188+0000] {processor.py:914} INFO - Processing file /home/airflow/.local/lib/python3.12/site-packages/airflow/example_dags/example_dag_decorator.py for tasks to queue
[2025-05-19T16:02:55.189+0000] {logging_mixin.py:190} INFO - [2025-05-19T16:02:55.189+0000] {dagbag.py:588} INFO - Filling up the DagBag from /home/airflow/.local/lib/python3.12/site-packages/airflow/example_dags/example_dag_decorator.py
[2025-05-19T16:02:55.246+0000] {processor.py:925} INFO - DAG(s) 'example_dag_decorator' retrieved from /home/airflow/.local/lib/python3.12/site-packages/airflow/example_dags/example_dag_decorator.py
[2025-05-19T16:02:55.303+0000] {logging_mixin.py:190} INFO - [2025-05-19T16:02:55.302+0000] {dag.py:3239} INFO - Sync 1 DAGs
[2025-05-19T16:02:55.308+0000] {logging_mixin.py:190} INFO - [2025-05-19T16:02:55.308+0000] {dag.py:4180} INFO - Setting next_dagrun for example_dag_decorator to None, run_after=None
[2025-05-19T16:02:55.316+0000] {processor.py:208} INFO - Processing /home/airflow/.local/lib/python3.12/site-packages/airflow/example_dags/example_dag_decorator.py took 0.132 seconds
[2025-05-19T16:03:26.043+0000] {processor.py:186} INFO - Started process (PID=1791) to work on /home/airflow/.local/lib/python3.12/site-packages/airflow/example_dags/example_dag_decorator.py
[2025-05-19T16:03:26.044+0000] {processor.py:914} INFO - Processing file /home/airflow/.local/lib/python3.12/site-packages/airflow/example_dags/example_dag_decorator.py for tasks to queue
[2025-05-19T16:03:26.045+0000] {logging_mixin.py:190} INFO - [2025-05-19T16:03:26.045+0000] {dagbag.py:588} INFO - Filling up the DagBag from /home/airflow/.local/lib/python3.12/site-packages/airflow/example_dags/example_dag_decorator.py
[2025-05-19T16:03:26.095+0000] {processor.py:925} INFO - DAG(s) 'example_dag_decorator' retrieved from /home/airflow/.local/lib/python3.12/site-packages/airflow/example_dags/example_dag_decorator.py
[2025-05-19T16:03:26.146+0000] {logging_mixin.py:190} INFO - [2025-05-19T16:03:26.146+0000] {dag.py:3239} INFO - Sync 1 DAGs
[2025-05-19T16:03:26.151+0000] {logging_mixin.py:190} INFO - [2025-05-19T16:03:26.151+0000] {dag.py:4180} INFO - Setting next_dagrun for example_dag_decorator to None, run_after=None
[2025-05-19T16:03:26.160+0000] {processor.py:208} INFO - Processing /home/airflow/.local/lib/python3.12/site-packages/airflow/example_dags/example_dag_decorator.py took 0.119 seconds
[2025-05-19T16:03:56.982+0000] {processor.py:186} INFO - Started process (PID=1848) to work on /home/airflow/.local/lib/python3.12/site-packages/airflow/example_dags/example_dag_decorator.py
[2025-05-19T16:03:56.983+0000] {processor.py:914} INFO - Processing file /home/airflow/.local/lib/python3.12/site-packages/airflow/example_dags/example_dag_decorator.py for tasks to queue
[2025-05-19T16:03:56.985+0000] {logging_mixin.py:190} INFO - [2025-05-19T16:03:56.984+0000] {dagbag.py:588} INFO - Filling up the DagBag from /home/airflow/.local/lib/python3.12/site-packages/airflow/example_dags/example_dag_decorator.py
[2025-05-19T16:03:57.038+0000] {processor.py:925} INFO - DAG(s) 'example_dag_decorator' retrieved from /home/airflow/.local/lib/python3.12/site-packages/airflow/example_dags/example_dag_decorator.py
[2025-05-19T16:03:57.095+0000] {logging_mixin.py:190} INFO - [2025-05-19T16:03:57.095+0000] {dag.py:3239} INFO - Sync 1 DAGs
[2025-05-19T16:03:57.101+0000] {logging_mixin.py:190} INFO - [2025-05-19T16:03:57.101+0000] {dag.py:4180} INFO - Setting next_dagrun for example_dag_decorator to None, run_after=None
[2025-05-19T16:03:57.112+0000] {processor.py:208} INFO - Processing /home/airflow/.local/lib/python3.12/site-packages/airflow/example_dags/example_dag_decorator.py took 0.134 seconds
[2025-05-19T16:04:27.674+0000] {processor.py:186} INFO - Started process (PID=1905) to work on /home/airflow/.local/lib/python3.12/site-packages/airflow/example_dags/example_dag_decorator.py
[2025-05-19T16:04:27.675+0000] {processor.py:914} INFO - Processing file /home/airflow/.local/lib/python3.12/site-packages/airflow/example_dags/example_dag_decorator.py for tasks to queue
[2025-05-19T16:04:27.676+0000] {logging_mixin.py:190} INFO - [2025-05-19T16:04:27.676+0000] {dagbag.py:588} INFO - Filling up the DagBag from /home/airflow/.local/lib/python3.12/site-packages/airflow/example_dags/example_dag_decorator.py
[2025-05-19T16:04:27.721+0000] {processor.py:925} INFO - DAG(s) 'example_dag_decorator' retrieved from /home/airflow/.local/lib/python3.12/site-packages/airflow/example_dags/example_dag_decorator.py
[2025-05-19T16:04:27.773+0000] {logging_mixin.py:190} INFO - [2025-05-19T16:04:27.773+0000] {dag.py:3239} INFO - Sync 1 DAGs
[2025-05-19T16:04:27.780+0000] {logging_mixin.py:190} INFO - [2025-05-19T16:04:27.780+0000] {dag.py:4180} INFO - Setting next_dagrun for example_dag_decorator to None, run_after=None
[2025-05-19T16:04:27.791+0000] {processor.py:208} INFO - Processing /home/airflow/.local/lib/python3.12/site-packages/airflow/example_dags/example_dag_decorator.py took 0.121 seconds
[2025-05-19T16:04:58.671+0000] {processor.py:186} INFO - Started process (PID=1962) to work on /home/airflow/.local/lib/python3.12/site-packages/airflow/example_dags/example_dag_decorator.py
[2025-05-19T16:04:58.671+0000] {processor.py:914} INFO - Processing file /home/airflow/.local/lib/python3.12/site-packages/airflow/example_dags/example_dag_decorator.py for tasks to queue
[2025-05-19T16:04:58.673+0000] {logging_mixin.py:190} INFO - [2025-05-19T16:04:58.673+0000] {dagbag.py:588} INFO - Filling up the DagBag from /home/airflow/.local/lib/python3.12/site-packages/airflow/example_dags/example_dag_decorator.py
[2025-05-19T16:04:58.727+0000] {processor.py:925} INFO - DAG(s) 'example_dag_decorator' retrieved from /home/airflow/.local/lib/python3.12/site-packages/airflow/example_dags/example_dag_decorator.py
[2025-05-19T16:04:58.874+0000] {logging_mixin.py:190} INFO - [2025-05-19T16:04:58.873+0000] {dag.py:3239} INFO - Sync 1 DAGs
[2025-05-19T16:04:58.898+0000] {logging_mixin.py:190} INFO - [2025-05-19T16:04:58.897+0000] {dag.py:4180} INFO - Setting next_dagrun for example_dag_decorator to None, run_after=None
[2025-05-19T16:04:58.929+0000] {processor.py:208} INFO - Processing /home/airflow/.local/lib/python3.12/site-packages/airflow/example_dags/example_dag_decorator.py took 0.261 seconds
