[2025-05-19T15:47:58.353+0000] {processor.py:186} INFO - Started process (PID=62) to work on /home/airflow/.local/lib/python3.12/site-packages/airflow/example_dags/example_sla_dag.py
[2025-05-19T15:47:58.353+0000] {processor.py:914} INFO - Processing file /home/airflow/.local/lib/python3.12/site-packages/airflow/example_dags/example_sla_dag.py for tasks to queue
[2025-05-19T15:47:58.355+0000] {logging_mixin.py:190} INFO - [2025-05-19T15:47:58.354+0000] {dagbag.py:588} INFO - Filling up the DagBag from /home/airflow/.local/lib/python3.12/site-packages/airflow/example_dags/example_sla_dag.py
[2025-05-19T15:47:58.361+0000] {processor.py:925} INFO - DAG(s) 'example_sla_dag' retrieved from /home/airflow/.local/lib/python3.12/site-packages/airflow/example_dags/example_sla_dag.py
[2025-05-19T15:47:58.411+0000] {logging_mixin.py:190} INFO - [2025-05-19T15:47:58.411+0000] {override.py:1912} INFO - Created Permission View: can delete on DAG:example_sla_dag
[2025-05-19T15:47:58.416+0000] {logging_mixin.py:190} INFO - [2025-05-19T15:47:58.416+0000] {override.py:1912} INFO - Created Permission View: can read on DAG:example_sla_dag
[2025-05-19T15:47:58.420+0000] {logging_mixin.py:190} INFO - [2025-05-19T15:47:58.419+0000] {override.py:1912} INFO - Created Permission View: can edit on DAG:example_sla_dag
[2025-05-19T15:47:58.427+0000] {logging_mixin.py:190} INFO - [2025-05-19T15:47:58.426+0000] {override.py:1912} INFO - Created Permission View: menu access on DAG Run:example_sla_dag
[2025-05-19T15:47:58.429+0000] {logging_mixin.py:190} INFO - [2025-05-19T15:47:58.429+0000] {override.py:1912} INFO - Created Permission View: can create on DAG Run:example_sla_dag
[2025-05-19T15:47:58.432+0000] {logging_mixin.py:190} INFO - [2025-05-19T15:47:58.432+0000] {override.py:1912} INFO - Created Permission View: can delete on DAG Run:example_sla_dag
[2025-05-19T15:47:58.435+0000] {logging_mixin.py:190} INFO - [2025-05-19T15:47:58.435+0000] {override.py:1912} INFO - Created Permission View: can read on DAG Run:example_sla_dag
[2025-05-19T15:47:58.435+0000] {logging_mixin.py:190} INFO - [2025-05-19T15:47:58.435+0000] {dag.py:3239} INFO - Sync 1 DAGs
[2025-05-19T15:47:58.441+0000] {logging_mixin.py:190} INFO - [2025-05-19T15:47:58.440+0000] {dag.py:3262} INFO - Creating ORM DAG for example_sla_dag
[2025-05-19T15:47:58.447+0000] {logging_mixin.py:190} INFO - [2025-05-19T15:47:58.446+0000] {dag.py:4180} INFO - Setting next_dagrun for example_sla_dag to 2025-05-19 15:44:00+00:00, run_after=2025-05-19 15:46:00+00:00
[2025-05-19T15:47:58.453+0000] {processor.py:208} INFO - Processing /home/airflow/.local/lib/python3.12/site-packages/airflow/example_dags/example_sla_dag.py took 0.103 seconds
[2025-05-19T15:48:28.568+0000] {processor.py:186} INFO - Started process (PID=119) to work on /home/airflow/.local/lib/python3.12/site-packages/airflow/example_dags/example_sla_dag.py
[2025-05-19T15:48:28.569+0000] {processor.py:914} INFO - Processing file /home/airflow/.local/lib/python3.12/site-packages/airflow/example_dags/example_sla_dag.py for tasks to queue
[2025-05-19T15:48:28.570+0000] {logging_mixin.py:190} INFO - [2025-05-19T15:48:28.570+0000] {dagbag.py:588} INFO - Filling up the DagBag from /home/airflow/.local/lib/python3.12/site-packages/airflow/example_dags/example_sla_dag.py
[2025-05-19T15:48:28.579+0000] {processor.py:925} INFO - DAG(s) 'example_sla_dag' retrieved from /home/airflow/.local/lib/python3.12/site-packages/airflow/example_dags/example_sla_dag.py
[2025-05-19T15:48:28.590+0000] {logging_mixin.py:190} INFO - [2025-05-19T15:48:28.590+0000] {dag.py:3239} INFO - Sync 1 DAGs
[2025-05-19T15:48:28.604+0000] {logging_mixin.py:190} INFO - [2025-05-19T15:48:28.604+0000] {dag.py:4180} INFO - Setting next_dagrun for example_sla_dag to 2025-05-19 15:46:00+00:00, run_after=2025-05-19 15:48:00+00:00
[2025-05-19T15:48:28.613+0000] {processor.py:208} INFO - Processing /home/airflow/.local/lib/python3.12/site-packages/airflow/example_dags/example_sla_dag.py took 0.049 seconds
[2025-05-19T15:48:59.371+0000] {processor.py:186} INFO - Started process (PID=176) to work on /home/airflow/.local/lib/python3.12/site-packages/airflow/example_dags/example_sla_dag.py
[2025-05-19T15:48:59.373+0000] {processor.py:914} INFO - Processing file /home/airflow/.local/lib/python3.12/site-packages/airflow/example_dags/example_sla_dag.py for tasks to queue
[2025-05-19T15:48:59.375+0000] {logging_mixin.py:190} INFO - [2025-05-19T15:48:59.375+0000] {dagbag.py:588} INFO - Filling up the DagBag from /home/airflow/.local/lib/python3.12/site-packages/airflow/example_dags/example_sla_dag.py
[2025-05-19T15:48:59.380+0000] {processor.py:925} INFO - DAG(s) 'example_sla_dag' retrieved from /home/airflow/.local/lib/python3.12/site-packages/airflow/example_dags/example_sla_dag.py
[2025-05-19T15:48:59.390+0000] {logging_mixin.py:190} INFO - [2025-05-19T15:48:59.390+0000] {dag.py:3239} INFO - Sync 1 DAGs
[2025-05-19T15:48:59.401+0000] {logging_mixin.py:190} INFO - [2025-05-19T15:48:59.401+0000] {dag.py:4180} INFO - Setting next_dagrun for example_sla_dag to 2025-05-19 15:46:00+00:00, run_after=2025-05-19 15:48:00+00:00
[2025-05-19T15:48:59.411+0000] {processor.py:208} INFO - Processing /home/airflow/.local/lib/python3.12/site-packages/airflow/example_dags/example_sla_dag.py took 0.043 seconds
[2025-05-19T15:49:30.115+0000] {processor.py:186} INFO - Started process (PID=233) to work on /home/airflow/.local/lib/python3.12/site-packages/airflow/example_dags/example_sla_dag.py
[2025-05-19T15:49:30.115+0000] {processor.py:914} INFO - Processing file /home/airflow/.local/lib/python3.12/site-packages/airflow/example_dags/example_sla_dag.py for tasks to queue
[2025-05-19T15:49:30.120+0000] {logging_mixin.py:190} INFO - [2025-05-19T15:49:30.119+0000] {dagbag.py:588} INFO - Filling up the DagBag from /home/airflow/.local/lib/python3.12/site-packages/airflow/example_dags/example_sla_dag.py
[2025-05-19T15:49:30.125+0000] {processor.py:925} INFO - DAG(s) 'example_sla_dag' retrieved from /home/airflow/.local/lib/python3.12/site-packages/airflow/example_dags/example_sla_dag.py
[2025-05-19T15:49:30.134+0000] {logging_mixin.py:190} INFO - [2025-05-19T15:49:30.134+0000] {dag.py:3239} INFO - Sync 1 DAGs
[2025-05-19T15:49:30.146+0000] {logging_mixin.py:190} INFO - [2025-05-19T15:49:30.146+0000] {dag.py:4180} INFO - Setting next_dagrun for example_sla_dag to 2025-05-19 15:46:00+00:00, run_after=2025-05-19 15:48:00+00:00
[2025-05-19T15:49:30.154+0000] {processor.py:208} INFO - Processing /home/airflow/.local/lib/python3.12/site-packages/airflow/example_dags/example_sla_dag.py took 0.042 seconds
[2025-05-19T15:50:01.027+0000] {processor.py:186} INFO - Started process (PID=290) to work on /home/airflow/.local/lib/python3.12/site-packages/airflow/example_dags/example_sla_dag.py
[2025-05-19T15:50:01.030+0000] {processor.py:914} INFO - Processing file /home/airflow/.local/lib/python3.12/site-packages/airflow/example_dags/example_sla_dag.py for tasks to queue
[2025-05-19T15:50:01.031+0000] {logging_mixin.py:190} INFO - [2025-05-19T15:50:01.031+0000] {dagbag.py:588} INFO - Filling up the DagBag from /home/airflow/.local/lib/python3.12/site-packages/airflow/example_dags/example_sla_dag.py
[2025-05-19T15:50:01.037+0000] {processor.py:925} INFO - DAG(s) 'example_sla_dag' retrieved from /home/airflow/.local/lib/python3.12/site-packages/airflow/example_dags/example_sla_dag.py
[2025-05-19T15:50:01.049+0000] {logging_mixin.py:190} INFO - [2025-05-19T15:50:01.048+0000] {dag.py:3239} INFO - Sync 1 DAGs
[2025-05-19T15:50:01.063+0000] {logging_mixin.py:190} INFO - [2025-05-19T15:50:01.063+0000] {dag.py:4180} INFO - Setting next_dagrun for example_sla_dag to 2025-05-19 15:48:00+00:00, run_after=2025-05-19 15:50:00+00:00
[2025-05-19T15:50:01.073+0000] {processor.py:208} INFO - Processing /home/airflow/.local/lib/python3.12/site-packages/airflow/example_dags/example_sla_dag.py took 0.050 seconds
[2025-05-19T15:50:31.703+0000] {processor.py:186} INFO - Started process (PID=347) to work on /home/airflow/.local/lib/python3.12/site-packages/airflow/example_dags/example_sla_dag.py
[2025-05-19T15:50:31.704+0000] {processor.py:914} INFO - Processing file /home/airflow/.local/lib/python3.12/site-packages/airflow/example_dags/example_sla_dag.py for tasks to queue
[2025-05-19T15:50:31.706+0000] {logging_mixin.py:190} INFO - [2025-05-19T15:50:31.705+0000] {dagbag.py:588} INFO - Filling up the DagBag from /home/airflow/.local/lib/python3.12/site-packages/airflow/example_dags/example_sla_dag.py
[2025-05-19T15:50:31.712+0000] {processor.py:925} INFO - DAG(s) 'example_sla_dag' retrieved from /home/airflow/.local/lib/python3.12/site-packages/airflow/example_dags/example_sla_dag.py
[2025-05-19T15:50:31.724+0000] {logging_mixin.py:190} INFO - [2025-05-19T15:50:31.724+0000] {dag.py:3239} INFO - Sync 1 DAGs
[2025-05-19T15:50:31.736+0000] {logging_mixin.py:190} INFO - [2025-05-19T15:50:31.736+0000] {dag.py:4180} INFO - Setting next_dagrun for example_sla_dag to 2025-05-19 15:48:00+00:00, run_after=2025-05-19 15:50:00+00:00
[2025-05-19T15:50:31.744+0000] {processor.py:208} INFO - Processing /home/airflow/.local/lib/python3.12/site-packages/airflow/example_dags/example_sla_dag.py took 0.044 seconds
[2025-05-19T15:51:02.362+0000] {processor.py:186} INFO - Started process (PID=404) to work on /home/airflow/.local/lib/python3.12/site-packages/airflow/example_dags/example_sla_dag.py
[2025-05-19T15:51:02.363+0000] {processor.py:914} INFO - Processing file /home/airflow/.local/lib/python3.12/site-packages/airflow/example_dags/example_sla_dag.py for tasks to queue
[2025-05-19T15:51:02.364+0000] {logging_mixin.py:190} INFO - [2025-05-19T15:51:02.364+0000] {dagbag.py:588} INFO - Filling up the DagBag from /home/airflow/.local/lib/python3.12/site-packages/airflow/example_dags/example_sla_dag.py
[2025-05-19T15:51:02.369+0000] {processor.py:925} INFO - DAG(s) 'example_sla_dag' retrieved from /home/airflow/.local/lib/python3.12/site-packages/airflow/example_dags/example_sla_dag.py
[2025-05-19T15:51:02.382+0000] {logging_mixin.py:190} INFO - [2025-05-19T15:51:02.382+0000] {dag.py:3239} INFO - Sync 1 DAGs
[2025-05-19T15:51:02.394+0000] {logging_mixin.py:190} INFO - [2025-05-19T15:51:02.394+0000] {dag.py:4180} INFO - Setting next_dagrun for example_sla_dag to 2025-05-19 15:48:00+00:00, run_after=2025-05-19 15:50:00+00:00
[2025-05-19T15:51:02.403+0000] {processor.py:208} INFO - Processing /home/airflow/.local/lib/python3.12/site-packages/airflow/example_dags/example_sla_dag.py took 0.044 seconds
[2025-05-19T15:51:32.972+0000] {processor.py:186} INFO - Started process (PID=461) to work on /home/airflow/.local/lib/python3.12/site-packages/airflow/example_dags/example_sla_dag.py
[2025-05-19T15:51:32.973+0000] {processor.py:914} INFO - Processing file /home/airflow/.local/lib/python3.12/site-packages/airflow/example_dags/example_sla_dag.py for tasks to queue
[2025-05-19T15:51:32.974+0000] {logging_mixin.py:190} INFO - [2025-05-19T15:51:32.974+0000] {dagbag.py:588} INFO - Filling up the DagBag from /home/airflow/.local/lib/python3.12/site-packages/airflow/example_dags/example_sla_dag.py
[2025-05-19T15:51:32.979+0000] {processor.py:925} INFO - DAG(s) 'example_sla_dag' retrieved from /home/airflow/.local/lib/python3.12/site-packages/airflow/example_dags/example_sla_dag.py
[2025-05-19T15:51:32.990+0000] {logging_mixin.py:190} INFO - [2025-05-19T15:51:32.990+0000] {dag.py:3239} INFO - Sync 1 DAGs
[2025-05-19T15:51:33.004+0000] {logging_mixin.py:190} INFO - [2025-05-19T15:51:33.004+0000] {dag.py:4180} INFO - Setting next_dagrun for example_sla_dag to 2025-05-19 15:48:00+00:00, run_after=2025-05-19 15:50:00+00:00
[2025-05-19T15:51:33.014+0000] {processor.py:208} INFO - Processing /home/airflow/.local/lib/python3.12/site-packages/airflow/example_dags/example_sla_dag.py took 0.046 seconds
[2025-05-19T15:52:03.724+0000] {processor.py:186} INFO - Started process (PID=518) to work on /home/airflow/.local/lib/python3.12/site-packages/airflow/example_dags/example_sla_dag.py
[2025-05-19T15:52:03.725+0000] {processor.py:914} INFO - Processing file /home/airflow/.local/lib/python3.12/site-packages/airflow/example_dags/example_sla_dag.py for tasks to queue
[2025-05-19T15:52:03.728+0000] {logging_mixin.py:190} INFO - [2025-05-19T15:52:03.728+0000] {dagbag.py:588} INFO - Filling up the DagBag from /home/airflow/.local/lib/python3.12/site-packages/airflow/example_dags/example_sla_dag.py
[2025-05-19T15:52:03.734+0000] {processor.py:925} INFO - DAG(s) 'example_sla_dag' retrieved from /home/airflow/.local/lib/python3.12/site-packages/airflow/example_dags/example_sla_dag.py
[2025-05-19T15:52:03.745+0000] {logging_mixin.py:190} INFO - [2025-05-19T15:52:03.744+0000] {dag.py:3239} INFO - Sync 1 DAGs
[2025-05-19T15:52:03.757+0000] {logging_mixin.py:190} INFO - [2025-05-19T15:52:03.757+0000] {dag.py:4180} INFO - Setting next_dagrun for example_sla_dag to 2025-05-19 15:50:00+00:00, run_after=2025-05-19 15:52:00+00:00
[2025-05-19T15:52:03.768+0000] {processor.py:208} INFO - Processing /home/airflow/.local/lib/python3.12/site-packages/airflow/example_dags/example_sla_dag.py took 0.048 seconds
[2025-05-19T15:52:34.842+0000] {processor.py:186} INFO - Started process (PID=575) to work on /home/airflow/.local/lib/python3.12/site-packages/airflow/example_dags/example_sla_dag.py
[2025-05-19T15:52:34.842+0000] {processor.py:914} INFO - Processing file /home/airflow/.local/lib/python3.12/site-packages/airflow/example_dags/example_sla_dag.py for tasks to queue
[2025-05-19T15:52:34.844+0000] {logging_mixin.py:190} INFO - [2025-05-19T15:52:34.843+0000] {dagbag.py:588} INFO - Filling up the DagBag from /home/airflow/.local/lib/python3.12/site-packages/airflow/example_dags/example_sla_dag.py
[2025-05-19T15:52:34.850+0000] {processor.py:925} INFO - DAG(s) 'example_sla_dag' retrieved from /home/airflow/.local/lib/python3.12/site-packages/airflow/example_dags/example_sla_dag.py
[2025-05-19T15:52:34.860+0000] {logging_mixin.py:190} INFO - [2025-05-19T15:52:34.860+0000] {dag.py:3239} INFO - Sync 1 DAGs
[2025-05-19T15:52:34.872+0000] {logging_mixin.py:190} INFO - [2025-05-19T15:52:34.871+0000] {dag.py:4180} INFO - Setting next_dagrun for example_sla_dag to 2025-05-19 15:50:00+00:00, run_after=2025-05-19 15:52:00+00:00
[2025-05-19T15:52:34.880+0000] {processor.py:208} INFO - Processing /home/airflow/.local/lib/python3.12/site-packages/airflow/example_dags/example_sla_dag.py took 0.042 seconds
[2025-05-19T15:53:05.224+0000] {processor.py:186} INFO - Started process (PID=632) to work on /home/airflow/.local/lib/python3.12/site-packages/airflow/example_dags/example_sla_dag.py
[2025-05-19T15:53:05.225+0000] {processor.py:914} INFO - Processing file /home/airflow/.local/lib/python3.12/site-packages/airflow/example_dags/example_sla_dag.py for tasks to queue
[2025-05-19T15:53:05.226+0000] {logging_mixin.py:190} INFO - [2025-05-19T15:53:05.226+0000] {dagbag.py:588} INFO - Filling up the DagBag from /home/airflow/.local/lib/python3.12/site-packages/airflow/example_dags/example_sla_dag.py
[2025-05-19T15:53:05.234+0000] {processor.py:925} INFO - DAG(s) 'example_sla_dag' retrieved from /home/airflow/.local/lib/python3.12/site-packages/airflow/example_dags/example_sla_dag.py
[2025-05-19T15:53:05.248+0000] {logging_mixin.py:190} INFO - [2025-05-19T15:53:05.248+0000] {dag.py:3239} INFO - Sync 1 DAGs
[2025-05-19T15:53:05.263+0000] {logging_mixin.py:190} INFO - [2025-05-19T15:53:05.263+0000] {dag.py:4180} INFO - Setting next_dagrun for example_sla_dag to 2025-05-19 15:50:00+00:00, run_after=2025-05-19 15:52:00+00:00
[2025-05-19T15:53:05.273+0000] {processor.py:208} INFO - Processing /home/airflow/.local/lib/python3.12/site-packages/airflow/example_dags/example_sla_dag.py took 0.052 seconds
[2025-05-19T15:53:36.058+0000] {processor.py:186} INFO - Started process (PID=689) to work on /home/airflow/.local/lib/python3.12/site-packages/airflow/example_dags/example_sla_dag.py
[2025-05-19T15:53:36.060+0000] {processor.py:914} INFO - Processing file /home/airflow/.local/lib/python3.12/site-packages/airflow/example_dags/example_sla_dag.py for tasks to queue
[2025-05-19T15:53:36.062+0000] {logging_mixin.py:190} INFO - [2025-05-19T15:53:36.062+0000] {dagbag.py:588} INFO - Filling up the DagBag from /home/airflow/.local/lib/python3.12/site-packages/airflow/example_dags/example_sla_dag.py
[2025-05-19T15:53:36.070+0000] {processor.py:925} INFO - DAG(s) 'example_sla_dag' retrieved from /home/airflow/.local/lib/python3.12/site-packages/airflow/example_dags/example_sla_dag.py
[2025-05-19T15:53:36.084+0000] {logging_mixin.py:190} INFO - [2025-05-19T15:53:36.084+0000] {dag.py:3239} INFO - Sync 1 DAGs
[2025-05-19T15:53:36.099+0000] {logging_mixin.py:190} INFO - [2025-05-19T15:53:36.098+0000] {dag.py:4180} INFO - Setting next_dagrun for example_sla_dag to 2025-05-19 15:50:00+00:00, run_after=2025-05-19 15:52:00+00:00
[2025-05-19T15:53:36.108+0000] {processor.py:208} INFO - Processing /home/airflow/.local/lib/python3.12/site-packages/airflow/example_dags/example_sla_dag.py took 0.054 seconds
[2025-05-19T15:54:07.348+0000] {processor.py:186} INFO - Started process (PID=746) to work on /home/airflow/.local/lib/python3.12/site-packages/airflow/example_dags/example_sla_dag.py
[2025-05-19T15:54:07.348+0000] {processor.py:914} INFO - Processing file /home/airflow/.local/lib/python3.12/site-packages/airflow/example_dags/example_sla_dag.py for tasks to queue
[2025-05-19T15:54:07.350+0000] {logging_mixin.py:190} INFO - [2025-05-19T15:54:07.349+0000] {dagbag.py:588} INFO - Filling up the DagBag from /home/airflow/.local/lib/python3.12/site-packages/airflow/example_dags/example_sla_dag.py
[2025-05-19T15:54:07.355+0000] {processor.py:925} INFO - DAG(s) 'example_sla_dag' retrieved from /home/airflow/.local/lib/python3.12/site-packages/airflow/example_dags/example_sla_dag.py
[2025-05-19T15:54:07.366+0000] {logging_mixin.py:190} INFO - [2025-05-19T15:54:07.366+0000] {dag.py:3239} INFO - Sync 1 DAGs
[2025-05-19T15:54:07.378+0000] {logging_mixin.py:190} INFO - [2025-05-19T15:54:07.378+0000] {dag.py:4180} INFO - Setting next_dagrun for example_sla_dag to 2025-05-19 15:52:00+00:00, run_after=2025-05-19 15:54:00+00:00
[2025-05-19T15:54:07.387+0000] {processor.py:208} INFO - Processing /home/airflow/.local/lib/python3.12/site-packages/airflow/example_dags/example_sla_dag.py took 0.042 seconds
[2025-05-19T15:54:38.575+0000] {processor.py:186} INFO - Started process (PID=803) to work on /home/airflow/.local/lib/python3.12/site-packages/airflow/example_dags/example_sla_dag.py
[2025-05-19T15:54:38.576+0000] {processor.py:914} INFO - Processing file /home/airflow/.local/lib/python3.12/site-packages/airflow/example_dags/example_sla_dag.py for tasks to queue
[2025-05-19T15:54:38.578+0000] {logging_mixin.py:190} INFO - [2025-05-19T15:54:38.577+0000] {dagbag.py:588} INFO - Filling up the DagBag from /home/airflow/.local/lib/python3.12/site-packages/airflow/example_dags/example_sla_dag.py
[2025-05-19T15:54:38.586+0000] {processor.py:925} INFO - DAG(s) 'example_sla_dag' retrieved from /home/airflow/.local/lib/python3.12/site-packages/airflow/example_dags/example_sla_dag.py
[2025-05-19T15:54:38.598+0000] {logging_mixin.py:190} INFO - [2025-05-19T15:54:38.598+0000] {dag.py:3239} INFO - Sync 1 DAGs
[2025-05-19T15:54:38.615+0000] {logging_mixin.py:190} INFO - [2025-05-19T15:54:38.615+0000] {dag.py:4180} INFO - Setting next_dagrun for example_sla_dag to 2025-05-19 15:52:00+00:00, run_after=2025-05-19 15:54:00+00:00
[2025-05-19T15:54:38.626+0000] {processor.py:208} INFO - Processing /home/airflow/.local/lib/python3.12/site-packages/airflow/example_dags/example_sla_dag.py took 0.056 seconds
[2025-05-19T15:55:09.966+0000] {processor.py:186} INFO - Started process (PID=860) to work on /home/airflow/.local/lib/python3.12/site-packages/airflow/example_dags/example_sla_dag.py
[2025-05-19T15:55:09.967+0000] {processor.py:914} INFO - Processing file /home/airflow/.local/lib/python3.12/site-packages/airflow/example_dags/example_sla_dag.py for tasks to queue
[2025-05-19T15:55:09.968+0000] {logging_mixin.py:190} INFO - [2025-05-19T15:55:09.968+0000] {dagbag.py:588} INFO - Filling up the DagBag from /home/airflow/.local/lib/python3.12/site-packages/airflow/example_dags/example_sla_dag.py
[2025-05-19T15:55:09.975+0000] {processor.py:925} INFO - DAG(s) 'example_sla_dag' retrieved from /home/airflow/.local/lib/python3.12/site-packages/airflow/example_dags/example_sla_dag.py
[2025-05-19T15:55:09.988+0000] {logging_mixin.py:190} INFO - [2025-05-19T15:55:09.988+0000] {dag.py:3239} INFO - Sync 1 DAGs
[2025-05-19T15:55:10.001+0000] {logging_mixin.py:190} INFO - [2025-05-19T15:55:10.001+0000] {dag.py:4180} INFO - Setting next_dagrun for example_sla_dag to 2025-05-19 15:52:00+00:00, run_after=2025-05-19 15:54:00+00:00
[2025-05-19T15:55:10.011+0000] {processor.py:208} INFO - Processing /home/airflow/.local/lib/python3.12/site-packages/airflow/example_dags/example_sla_dag.py took 0.050 seconds
[2025-05-19T15:55:40.865+0000] {processor.py:186} INFO - Started process (PID=917) to work on /home/airflow/.local/lib/python3.12/site-packages/airflow/example_dags/example_sla_dag.py
[2025-05-19T15:55:40.866+0000] {processor.py:914} INFO - Processing file /home/airflow/.local/lib/python3.12/site-packages/airflow/example_dags/example_sla_dag.py for tasks to queue
[2025-05-19T15:55:40.868+0000] {logging_mixin.py:190} INFO - [2025-05-19T15:55:40.867+0000] {dagbag.py:588} INFO - Filling up the DagBag from /home/airflow/.local/lib/python3.12/site-packages/airflow/example_dags/example_sla_dag.py
[2025-05-19T15:55:40.874+0000] {processor.py:925} INFO - DAG(s) 'example_sla_dag' retrieved from /home/airflow/.local/lib/python3.12/site-packages/airflow/example_dags/example_sla_dag.py
[2025-05-19T15:55:40.885+0000] {logging_mixin.py:190} INFO - [2025-05-19T15:55:40.884+0000] {dag.py:3239} INFO - Sync 1 DAGs
[2025-05-19T15:55:40.897+0000] {logging_mixin.py:190} INFO - [2025-05-19T15:55:40.897+0000] {dag.py:4180} INFO - Setting next_dagrun for example_sla_dag to 2025-05-19 15:52:00+00:00, run_after=2025-05-19 15:54:00+00:00
[2025-05-19T15:55:40.908+0000] {processor.py:208} INFO - Processing /home/airflow/.local/lib/python3.12/site-packages/airflow/example_dags/example_sla_dag.py took 0.046 seconds
[2025-05-19T15:56:11.959+0000] {processor.py:186} INFO - Started process (PID=974) to work on /home/airflow/.local/lib/python3.12/site-packages/airflow/example_dags/example_sla_dag.py
[2025-05-19T15:56:11.960+0000] {processor.py:914} INFO - Processing file /home/airflow/.local/lib/python3.12/site-packages/airflow/example_dags/example_sla_dag.py for tasks to queue
[2025-05-19T15:56:11.961+0000] {logging_mixin.py:190} INFO - [2025-05-19T15:56:11.961+0000] {dagbag.py:588} INFO - Filling up the DagBag from /home/airflow/.local/lib/python3.12/site-packages/airflow/example_dags/example_sla_dag.py
[2025-05-19T15:56:11.967+0000] {processor.py:925} INFO - DAG(s) 'example_sla_dag' retrieved from /home/airflow/.local/lib/python3.12/site-packages/airflow/example_dags/example_sla_dag.py
[2025-05-19T15:56:11.979+0000] {logging_mixin.py:190} INFO - [2025-05-19T15:56:11.979+0000] {dag.py:3239} INFO - Sync 1 DAGs
[2025-05-19T15:56:11.992+0000] {logging_mixin.py:190} INFO - [2025-05-19T15:56:11.991+0000] {dag.py:4180} INFO - Setting next_dagrun for example_sla_dag to 2025-05-19 15:54:00+00:00, run_after=2025-05-19 15:56:00+00:00
[2025-05-19T15:56:12.004+0000] {processor.py:208} INFO - Processing /home/airflow/.local/lib/python3.12/site-packages/airflow/example_dags/example_sla_dag.py took 0.048 seconds
[2025-05-19T15:56:42.839+0000] {processor.py:186} INFO - Started process (PID=1031) to work on /home/airflow/.local/lib/python3.12/site-packages/airflow/example_dags/example_sla_dag.py
[2025-05-19T15:56:42.840+0000] {processor.py:914} INFO - Processing file /home/airflow/.local/lib/python3.12/site-packages/airflow/example_dags/example_sla_dag.py for tasks to queue
[2025-05-19T15:56:42.841+0000] {logging_mixin.py:190} INFO - [2025-05-19T15:56:42.841+0000] {dagbag.py:588} INFO - Filling up the DagBag from /home/airflow/.local/lib/python3.12/site-packages/airflow/example_dags/example_sla_dag.py
[2025-05-19T15:56:42.847+0000] {processor.py:925} INFO - DAG(s) 'example_sla_dag' retrieved from /home/airflow/.local/lib/python3.12/site-packages/airflow/example_dags/example_sla_dag.py
[2025-05-19T15:56:42.857+0000] {logging_mixin.py:190} INFO - [2025-05-19T15:56:42.857+0000] {dag.py:3239} INFO - Sync 1 DAGs
[2025-05-19T15:56:42.870+0000] {logging_mixin.py:190} INFO - [2025-05-19T15:56:42.870+0000] {dag.py:4180} INFO - Setting next_dagrun for example_sla_dag to 2025-05-19 15:54:00+00:00, run_after=2025-05-19 15:56:00+00:00
[2025-05-19T15:56:42.879+0000] {processor.py:208} INFO - Processing /home/airflow/.local/lib/python3.12/site-packages/airflow/example_dags/example_sla_dag.py took 0.043 seconds
[2025-05-19T15:57:13.849+0000] {processor.py:186} INFO - Started process (PID=1088) to work on /home/airflow/.local/lib/python3.12/site-packages/airflow/example_dags/example_sla_dag.py
[2025-05-19T15:57:13.850+0000] {processor.py:914} INFO - Processing file /home/airflow/.local/lib/python3.12/site-packages/airflow/example_dags/example_sla_dag.py for tasks to queue
[2025-05-19T15:57:13.851+0000] {logging_mixin.py:190} INFO - [2025-05-19T15:57:13.851+0000] {dagbag.py:588} INFO - Filling up the DagBag from /home/airflow/.local/lib/python3.12/site-packages/airflow/example_dags/example_sla_dag.py
[2025-05-19T15:57:13.857+0000] {processor.py:925} INFO - DAG(s) 'example_sla_dag' retrieved from /home/airflow/.local/lib/python3.12/site-packages/airflow/example_dags/example_sla_dag.py
[2025-05-19T15:57:13.868+0000] {logging_mixin.py:190} INFO - [2025-05-19T15:57:13.868+0000] {dag.py:3239} INFO - Sync 1 DAGs
[2025-05-19T15:57:13.879+0000] {logging_mixin.py:190} INFO - [2025-05-19T15:57:13.879+0000] {dag.py:4180} INFO - Setting next_dagrun for example_sla_dag to 2025-05-19 15:54:00+00:00, run_after=2025-05-19 15:56:00+00:00
[2025-05-19T15:57:13.889+0000] {processor.py:208} INFO - Processing /home/airflow/.local/lib/python3.12/site-packages/airflow/example_dags/example_sla_dag.py took 0.044 seconds
[2025-05-19T15:57:44.781+0000] {processor.py:186} INFO - Started process (PID=1145) to work on /home/airflow/.local/lib/python3.12/site-packages/airflow/example_dags/example_sla_dag.py
[2025-05-19T15:57:44.782+0000] {processor.py:914} INFO - Processing file /home/airflow/.local/lib/python3.12/site-packages/airflow/example_dags/example_sla_dag.py for tasks to queue
[2025-05-19T15:57:44.783+0000] {logging_mixin.py:190} INFO - [2025-05-19T15:57:44.783+0000] {dagbag.py:588} INFO - Filling up the DagBag from /home/airflow/.local/lib/python3.12/site-packages/airflow/example_dags/example_sla_dag.py
[2025-05-19T15:57:44.788+0000] {processor.py:925} INFO - DAG(s) 'example_sla_dag' retrieved from /home/airflow/.local/lib/python3.12/site-packages/airflow/example_dags/example_sla_dag.py
[2025-05-19T15:57:44.799+0000] {logging_mixin.py:190} INFO - [2025-05-19T15:57:44.799+0000] {dag.py:3239} INFO - Sync 1 DAGs
[2025-05-19T15:57:44.812+0000] {logging_mixin.py:190} INFO - [2025-05-19T15:57:44.811+0000] {dag.py:4180} INFO - Setting next_dagrun for example_sla_dag to 2025-05-19 15:54:00+00:00, run_after=2025-05-19 15:56:00+00:00
[2025-05-19T15:57:44.820+0000] {processor.py:208} INFO - Processing /home/airflow/.local/lib/python3.12/site-packages/airflow/example_dags/example_sla_dag.py took 0.042 seconds
[2025-05-19T15:58:15.744+0000] {processor.py:186} INFO - Started process (PID=1202) to work on /home/airflow/.local/lib/python3.12/site-packages/airflow/example_dags/example_sla_dag.py
[2025-05-19T15:58:15.745+0000] {processor.py:914} INFO - Processing file /home/airflow/.local/lib/python3.12/site-packages/airflow/example_dags/example_sla_dag.py for tasks to queue
[2025-05-19T15:58:15.747+0000] {logging_mixin.py:190} INFO - [2025-05-19T15:58:15.746+0000] {dagbag.py:588} INFO - Filling up the DagBag from /home/airflow/.local/lib/python3.12/site-packages/airflow/example_dags/example_sla_dag.py
[2025-05-19T15:58:15.752+0000] {processor.py:925} INFO - DAG(s) 'example_sla_dag' retrieved from /home/airflow/.local/lib/python3.12/site-packages/airflow/example_dags/example_sla_dag.py
[2025-05-19T15:58:15.764+0000] {logging_mixin.py:190} INFO - [2025-05-19T15:58:15.763+0000] {dag.py:3239} INFO - Sync 1 DAGs
[2025-05-19T15:58:15.776+0000] {logging_mixin.py:190} INFO - [2025-05-19T15:58:15.776+0000] {dag.py:4180} INFO - Setting next_dagrun for example_sla_dag to 2025-05-19 15:56:00+00:00, run_after=2025-05-19 15:58:00+00:00
[2025-05-19T15:58:15.786+0000] {processor.py:208} INFO - Processing /home/airflow/.local/lib/python3.12/site-packages/airflow/example_dags/example_sla_dag.py took 0.045 seconds
[2025-05-19T15:58:46.353+0000] {processor.py:186} INFO - Started process (PID=1258) to work on /home/airflow/.local/lib/python3.12/site-packages/airflow/example_dags/example_sla_dag.py
[2025-05-19T15:58:46.354+0000] {processor.py:914} INFO - Processing file /home/airflow/.local/lib/python3.12/site-packages/airflow/example_dags/example_sla_dag.py for tasks to queue
[2025-05-19T15:58:46.355+0000] {logging_mixin.py:190} INFO - [2025-05-19T15:58:46.355+0000] {dagbag.py:588} INFO - Filling up the DagBag from /home/airflow/.local/lib/python3.12/site-packages/airflow/example_dags/example_sla_dag.py
[2025-05-19T15:58:46.360+0000] {processor.py:925} INFO - DAG(s) 'example_sla_dag' retrieved from /home/airflow/.local/lib/python3.12/site-packages/airflow/example_dags/example_sla_dag.py
[2025-05-19T15:58:46.371+0000] {logging_mixin.py:190} INFO - [2025-05-19T15:58:46.371+0000] {dag.py:3239} INFO - Sync 1 DAGs
[2025-05-19T15:58:46.382+0000] {logging_mixin.py:190} INFO - [2025-05-19T15:58:46.382+0000] {dag.py:4180} INFO - Setting next_dagrun for example_sla_dag to 2025-05-19 15:56:00+00:00, run_after=2025-05-19 15:58:00+00:00
[2025-05-19T15:58:46.394+0000] {processor.py:208} INFO - Processing /home/airflow/.local/lib/python3.12/site-packages/airflow/example_dags/example_sla_dag.py took 0.044 seconds
[2025-05-19T15:59:17.362+0000] {processor.py:186} INFO - Started process (PID=1315) to work on /home/airflow/.local/lib/python3.12/site-packages/airflow/example_dags/example_sla_dag.py
[2025-05-19T15:59:17.364+0000] {processor.py:914} INFO - Processing file /home/airflow/.local/lib/python3.12/site-packages/airflow/example_dags/example_sla_dag.py for tasks to queue
[2025-05-19T15:59:17.366+0000] {logging_mixin.py:190} INFO - [2025-05-19T15:59:17.365+0000] {dagbag.py:588} INFO - Filling up the DagBag from /home/airflow/.local/lib/python3.12/site-packages/airflow/example_dags/example_sla_dag.py
[2025-05-19T15:59:17.371+0000] {processor.py:925} INFO - DAG(s) 'example_sla_dag' retrieved from /home/airflow/.local/lib/python3.12/site-packages/airflow/example_dags/example_sla_dag.py
[2025-05-19T15:59:17.381+0000] {logging_mixin.py:190} INFO - [2025-05-19T15:59:17.381+0000] {dag.py:3239} INFO - Sync 1 DAGs
[2025-05-19T15:59:17.393+0000] {logging_mixin.py:190} INFO - [2025-05-19T15:59:17.393+0000] {dag.py:4180} INFO - Setting next_dagrun for example_sla_dag to 2025-05-19 15:56:00+00:00, run_after=2025-05-19 15:58:00+00:00
[2025-05-19T15:59:17.403+0000] {processor.py:208} INFO - Processing /home/airflow/.local/lib/python3.12/site-packages/airflow/example_dags/example_sla_dag.py took 0.043 seconds
[2025-05-19T15:59:48.353+0000] {processor.py:186} INFO - Started process (PID=1372) to work on /home/airflow/.local/lib/python3.12/site-packages/airflow/example_dags/example_sla_dag.py
[2025-05-19T15:59:48.354+0000] {processor.py:914} INFO - Processing file /home/airflow/.local/lib/python3.12/site-packages/airflow/example_dags/example_sla_dag.py for tasks to queue
[2025-05-19T15:59:48.355+0000] {logging_mixin.py:190} INFO - [2025-05-19T15:59:48.355+0000] {dagbag.py:588} INFO - Filling up the DagBag from /home/airflow/.local/lib/python3.12/site-packages/airflow/example_dags/example_sla_dag.py
[2025-05-19T15:59:48.361+0000] {processor.py:925} INFO - DAG(s) 'example_sla_dag' retrieved from /home/airflow/.local/lib/python3.12/site-packages/airflow/example_dags/example_sla_dag.py
[2025-05-19T15:59:48.372+0000] {logging_mixin.py:190} INFO - [2025-05-19T15:59:48.371+0000] {dag.py:3239} INFO - Sync 1 DAGs
[2025-05-19T15:59:48.383+0000] {logging_mixin.py:190} INFO - [2025-05-19T15:59:48.383+0000] {dag.py:4180} INFO - Setting next_dagrun for example_sla_dag to 2025-05-19 15:56:00+00:00, run_after=2025-05-19 15:58:00+00:00
[2025-05-19T15:59:48.393+0000] {processor.py:208} INFO - Processing /home/airflow/.local/lib/python3.12/site-packages/airflow/example_dags/example_sla_dag.py took 0.043 seconds
[2025-05-19T16:00:19.310+0000] {processor.py:186} INFO - Started process (PID=1429) to work on /home/airflow/.local/lib/python3.12/site-packages/airflow/example_dags/example_sla_dag.py
[2025-05-19T16:00:19.310+0000] {processor.py:914} INFO - Processing file /home/airflow/.local/lib/python3.12/site-packages/airflow/example_dags/example_sla_dag.py for tasks to queue
[2025-05-19T16:00:19.312+0000] {logging_mixin.py:190} INFO - [2025-05-19T16:00:19.312+0000] {dagbag.py:588} INFO - Filling up the DagBag from /home/airflow/.local/lib/python3.12/site-packages/airflow/example_dags/example_sla_dag.py
[2025-05-19T16:00:19.319+0000] {processor.py:925} INFO - DAG(s) 'example_sla_dag' retrieved from /home/airflow/.local/lib/python3.12/site-packages/airflow/example_dags/example_sla_dag.py
[2025-05-19T16:00:19.330+0000] {logging_mixin.py:190} INFO - [2025-05-19T16:00:19.329+0000] {dag.py:3239} INFO - Sync 1 DAGs
[2025-05-19T16:00:19.344+0000] {logging_mixin.py:190} INFO - [2025-05-19T16:00:19.344+0000] {dag.py:4180} INFO - Setting next_dagrun for example_sla_dag to 2025-05-19 15:58:00+00:00, run_after=2025-05-19 16:00:00+00:00
[2025-05-19T16:00:19.356+0000] {processor.py:208} INFO - Processing /home/airflow/.local/lib/python3.12/site-packages/airflow/example_dags/example_sla_dag.py took 0.051 seconds
[2025-05-19T16:00:50.455+0000] {processor.py:186} INFO - Started process (PID=1486) to work on /home/airflow/.local/lib/python3.12/site-packages/airflow/example_dags/example_sla_dag.py
[2025-05-19T16:00:50.455+0000] {processor.py:914} INFO - Processing file /home/airflow/.local/lib/python3.12/site-packages/airflow/example_dags/example_sla_dag.py for tasks to queue
[2025-05-19T16:00:50.456+0000] {logging_mixin.py:190} INFO - [2025-05-19T16:00:50.456+0000] {dagbag.py:588} INFO - Filling up the DagBag from /home/airflow/.local/lib/python3.12/site-packages/airflow/example_dags/example_sla_dag.py
[2025-05-19T16:00:50.462+0000] {processor.py:925} INFO - DAG(s) 'example_sla_dag' retrieved from /home/airflow/.local/lib/python3.12/site-packages/airflow/example_dags/example_sla_dag.py
[2025-05-19T16:00:50.472+0000] {logging_mixin.py:190} INFO - [2025-05-19T16:00:50.472+0000] {dag.py:3239} INFO - Sync 1 DAGs
[2025-05-19T16:00:50.484+0000] {logging_mixin.py:190} INFO - [2025-05-19T16:00:50.483+0000] {dag.py:4180} INFO - Setting next_dagrun for example_sla_dag to 2025-05-19 15:58:00+00:00, run_after=2025-05-19 16:00:00+00:00
[2025-05-19T16:00:50.492+0000] {processor.py:208} INFO - Processing /home/airflow/.local/lib/python3.12/site-packages/airflow/example_dags/example_sla_dag.py took 0.040 seconds
[2025-05-19T16:01:21.377+0000] {processor.py:186} INFO - Started process (PID=1543) to work on /home/airflow/.local/lib/python3.12/site-packages/airflow/example_dags/example_sla_dag.py
[2025-05-19T16:01:21.378+0000] {processor.py:914} INFO - Processing file /home/airflow/.local/lib/python3.12/site-packages/airflow/example_dags/example_sla_dag.py for tasks to queue
[2025-05-19T16:01:21.379+0000] {logging_mixin.py:190} INFO - [2025-05-19T16:01:21.379+0000] {dagbag.py:588} INFO - Filling up the DagBag from /home/airflow/.local/lib/python3.12/site-packages/airflow/example_dags/example_sla_dag.py
[2025-05-19T16:01:21.386+0000] {processor.py:925} INFO - DAG(s) 'example_sla_dag' retrieved from /home/airflow/.local/lib/python3.12/site-packages/airflow/example_dags/example_sla_dag.py
[2025-05-19T16:01:21.397+0000] {logging_mixin.py:190} INFO - [2025-05-19T16:01:21.397+0000] {dag.py:3239} INFO - Sync 1 DAGs
[2025-05-19T16:01:21.408+0000] {logging_mixin.py:190} INFO - [2025-05-19T16:01:21.408+0000] {dag.py:4180} INFO - Setting next_dagrun for example_sla_dag to 2025-05-19 15:58:00+00:00, run_after=2025-05-19 16:00:00+00:00
[2025-05-19T16:01:21.417+0000] {processor.py:208} INFO - Processing /home/airflow/.local/lib/python3.12/site-packages/airflow/example_dags/example_sla_dag.py took 0.043 seconds
[2025-05-19T16:01:52.266+0000] {processor.py:186} INFO - Started process (PID=1600) to work on /home/airflow/.local/lib/python3.12/site-packages/airflow/example_dags/example_sla_dag.py
[2025-05-19T16:01:52.267+0000] {processor.py:914} INFO - Processing file /home/airflow/.local/lib/python3.12/site-packages/airflow/example_dags/example_sla_dag.py for tasks to queue
[2025-05-19T16:01:52.269+0000] {logging_mixin.py:190} INFO - [2025-05-19T16:01:52.269+0000] {dagbag.py:588} INFO - Filling up the DagBag from /home/airflow/.local/lib/python3.12/site-packages/airflow/example_dags/example_sla_dag.py
[2025-05-19T16:01:52.274+0000] {processor.py:925} INFO - DAG(s) 'example_sla_dag' retrieved from /home/airflow/.local/lib/python3.12/site-packages/airflow/example_dags/example_sla_dag.py
[2025-05-19T16:01:52.285+0000] {logging_mixin.py:190} INFO - [2025-05-19T16:01:52.285+0000] {dag.py:3239} INFO - Sync 1 DAGs
[2025-05-19T16:01:52.298+0000] {logging_mixin.py:190} INFO - [2025-05-19T16:01:52.298+0000] {dag.py:4180} INFO - Setting next_dagrun for example_sla_dag to 2025-05-19 15:58:00+00:00, run_after=2025-05-19 16:00:00+00:00
[2025-05-19T16:01:52.312+0000] {processor.py:208} INFO - Processing /home/airflow/.local/lib/python3.12/site-packages/airflow/example_dags/example_sla_dag.py took 0.049 seconds
[2025-05-19T16:02:23.000+0000] {processor.py:186} INFO - Started process (PID=1657) to work on /home/airflow/.local/lib/python3.12/site-packages/airflow/example_dags/example_sla_dag.py
[2025-05-19T16:02:23.002+0000] {processor.py:914} INFO - Processing file /home/airflow/.local/lib/python3.12/site-packages/airflow/example_dags/example_sla_dag.py for tasks to queue
[2025-05-19T16:02:23.004+0000] {logging_mixin.py:190} INFO - [2025-05-19T16:02:23.004+0000] {dagbag.py:588} INFO - Filling up the DagBag from /home/airflow/.local/lib/python3.12/site-packages/airflow/example_dags/example_sla_dag.py
[2025-05-19T16:02:23.010+0000] {processor.py:925} INFO - DAG(s) 'example_sla_dag' retrieved from /home/airflow/.local/lib/python3.12/site-packages/airflow/example_dags/example_sla_dag.py
[2025-05-19T16:02:23.021+0000] {logging_mixin.py:190} INFO - [2025-05-19T16:02:23.020+0000] {dag.py:3239} INFO - Sync 1 DAGs
[2025-05-19T16:02:23.035+0000] {logging_mixin.py:190} INFO - [2025-05-19T16:02:23.034+0000] {dag.py:4180} INFO - Setting next_dagrun for example_sla_dag to 2025-05-19 16:00:00+00:00, run_after=2025-05-19 16:02:00+00:00
[2025-05-19T16:02:23.044+0000] {processor.py:208} INFO - Processing /home/airflow/.local/lib/python3.12/site-packages/airflow/example_dags/example_sla_dag.py took 0.048 seconds
[2025-05-19T16:02:54.016+0000] {processor.py:186} INFO - Started process (PID=1714) to work on /home/airflow/.local/lib/python3.12/site-packages/airflow/example_dags/example_sla_dag.py
[2025-05-19T16:02:54.017+0000] {processor.py:914} INFO - Processing file /home/airflow/.local/lib/python3.12/site-packages/airflow/example_dags/example_sla_dag.py for tasks to queue
[2025-05-19T16:02:54.021+0000] {logging_mixin.py:190} INFO - [2025-05-19T16:02:54.021+0000] {dagbag.py:588} INFO - Filling up the DagBag from /home/airflow/.local/lib/python3.12/site-packages/airflow/example_dags/example_sla_dag.py
[2025-05-19T16:02:54.026+0000] {processor.py:925} INFO - DAG(s) 'example_sla_dag' retrieved from /home/airflow/.local/lib/python3.12/site-packages/airflow/example_dags/example_sla_dag.py
[2025-05-19T16:02:54.036+0000] {logging_mixin.py:190} INFO - [2025-05-19T16:02:54.036+0000] {dag.py:3239} INFO - Sync 1 DAGs
[2025-05-19T16:02:54.046+0000] {logging_mixin.py:190} INFO - [2025-05-19T16:02:54.046+0000] {dag.py:4180} INFO - Setting next_dagrun for example_sla_dag to 2025-05-19 16:00:00+00:00, run_after=2025-05-19 16:02:00+00:00
[2025-05-19T16:02:54.056+0000] {processor.py:208} INFO - Processing /home/airflow/.local/lib/python3.12/site-packages/airflow/example_dags/example_sla_dag.py took 0.043 seconds
[2025-05-19T16:03:24.997+0000] {processor.py:186} INFO - Started process (PID=1771) to work on /home/airflow/.local/lib/python3.12/site-packages/airflow/example_dags/example_sla_dag.py
[2025-05-19T16:03:24.997+0000] {processor.py:914} INFO - Processing file /home/airflow/.local/lib/python3.12/site-packages/airflow/example_dags/example_sla_dag.py for tasks to queue
[2025-05-19T16:03:24.998+0000] {logging_mixin.py:190} INFO - [2025-05-19T16:03:24.998+0000] {dagbag.py:588} INFO - Filling up the DagBag from /home/airflow/.local/lib/python3.12/site-packages/airflow/example_dags/example_sla_dag.py
[2025-05-19T16:03:25.004+0000] {processor.py:925} INFO - DAG(s) 'example_sla_dag' retrieved from /home/airflow/.local/lib/python3.12/site-packages/airflow/example_dags/example_sla_dag.py
[2025-05-19T16:03:25.018+0000] {logging_mixin.py:190} INFO - [2025-05-19T16:03:25.018+0000] {dag.py:3239} INFO - Sync 1 DAGs
[2025-05-19T16:03:25.031+0000] {logging_mixin.py:190} INFO - [2025-05-19T16:03:25.031+0000] {dag.py:4180} INFO - Setting next_dagrun for example_sla_dag to 2025-05-19 16:00:00+00:00, run_after=2025-05-19 16:02:00+00:00
[2025-05-19T16:03:25.040+0000] {processor.py:208} INFO - Processing /home/airflow/.local/lib/python3.12/site-packages/airflow/example_dags/example_sla_dag.py took 0.047 seconds
[2025-05-19T16:03:55.938+0000] {processor.py:186} INFO - Started process (PID=1828) to work on /home/airflow/.local/lib/python3.12/site-packages/airflow/example_dags/example_sla_dag.py
[2025-05-19T16:03:55.942+0000] {processor.py:914} INFO - Processing file /home/airflow/.local/lib/python3.12/site-packages/airflow/example_dags/example_sla_dag.py for tasks to queue
[2025-05-19T16:03:55.943+0000] {logging_mixin.py:190} INFO - [2025-05-19T16:03:55.943+0000] {dagbag.py:588} INFO - Filling up the DagBag from /home/airflow/.local/lib/python3.12/site-packages/airflow/example_dags/example_sla_dag.py
[2025-05-19T16:03:55.949+0000] {processor.py:925} INFO - DAG(s) 'example_sla_dag' retrieved from /home/airflow/.local/lib/python3.12/site-packages/airflow/example_dags/example_sla_dag.py
[2025-05-19T16:03:55.964+0000] {logging_mixin.py:190} INFO - [2025-05-19T16:03:55.964+0000] {dag.py:3239} INFO - Sync 1 DAGs
[2025-05-19T16:03:55.978+0000] {logging_mixin.py:190} INFO - [2025-05-19T16:03:55.978+0000] {dag.py:4180} INFO - Setting next_dagrun for example_sla_dag to 2025-05-19 16:00:00+00:00, run_after=2025-05-19 16:02:00+00:00
[2025-05-19T16:03:55.989+0000] {processor.py:208} INFO - Processing /home/airflow/.local/lib/python3.12/site-packages/airflow/example_dags/example_sla_dag.py took 0.054 seconds
[2025-05-19T16:04:26.636+0000] {processor.py:186} INFO - Started process (PID=1885) to work on /home/airflow/.local/lib/python3.12/site-packages/airflow/example_dags/example_sla_dag.py
[2025-05-19T16:04:26.636+0000] {processor.py:914} INFO - Processing file /home/airflow/.local/lib/python3.12/site-packages/airflow/example_dags/example_sla_dag.py for tasks to queue
[2025-05-19T16:04:26.637+0000] {logging_mixin.py:190} INFO - [2025-05-19T16:04:26.637+0000] {dagbag.py:588} INFO - Filling up the DagBag from /home/airflow/.local/lib/python3.12/site-packages/airflow/example_dags/example_sla_dag.py
[2025-05-19T16:04:26.644+0000] {processor.py:925} INFO - DAG(s) 'example_sla_dag' retrieved from /home/airflow/.local/lib/python3.12/site-packages/airflow/example_dags/example_sla_dag.py
[2025-05-19T16:04:26.656+0000] {logging_mixin.py:190} INFO - [2025-05-19T16:04:26.656+0000] {dag.py:3239} INFO - Sync 1 DAGs
[2025-05-19T16:04:26.668+0000] {logging_mixin.py:190} INFO - [2025-05-19T16:04:26.668+0000] {dag.py:4180} INFO - Setting next_dagrun for example_sla_dag to 2025-05-19 16:02:00+00:00, run_after=2025-05-19 16:04:00+00:00
[2025-05-19T16:04:26.678+0000] {processor.py:208} INFO - Processing /home/airflow/.local/lib/python3.12/site-packages/airflow/example_dags/example_sla_dag.py took 0.045 seconds
[2025-05-19T16:04:57.280+0000] {processor.py:186} INFO - Started process (PID=1942) to work on /home/airflow/.local/lib/python3.12/site-packages/airflow/example_dags/example_sla_dag.py
[2025-05-19T16:04:57.281+0000] {processor.py:914} INFO - Processing file /home/airflow/.local/lib/python3.12/site-packages/airflow/example_dags/example_sla_dag.py for tasks to queue
[2025-05-19T16:04:57.286+0000] {logging_mixin.py:190} INFO - [2025-05-19T16:04:57.285+0000] {dagbag.py:588} INFO - Filling up the DagBag from /home/airflow/.local/lib/python3.12/site-packages/airflow/example_dags/example_sla_dag.py
[2025-05-19T16:04:57.291+0000] {processor.py:925} INFO - DAG(s) 'example_sla_dag' retrieved from /home/airflow/.local/lib/python3.12/site-packages/airflow/example_dags/example_sla_dag.py
[2025-05-19T16:04:57.302+0000] {logging_mixin.py:190} INFO - [2025-05-19T16:04:57.302+0000] {dag.py:3239} INFO - Sync 1 DAGs
[2025-05-19T16:04:57.315+0000] {logging_mixin.py:190} INFO - [2025-05-19T16:04:57.315+0000] {dag.py:4180} INFO - Setting next_dagrun for example_sla_dag to 2025-05-19 16:02:00+00:00, run_after=2025-05-19 16:04:00+00:00
[2025-05-19T16:04:57.328+0000] {processor.py:208} INFO - Processing /home/airflow/.local/lib/python3.12/site-packages/airflow/example_dags/example_sla_dag.py took 0.052 seconds
