[2025-05-19T15:47:58.429+0000] {processor.py:186} INFO - Started process (PID=63) to work on /home/airflow/.local/lib/python3.12/site-packages/airflow/example_dags/example_display_name.py
[2025-05-19T15:47:58.430+0000] {processor.py:914} INFO - Processing file /home/airflow/.local/lib/python3.12/site-packages/airflow/example_dags/example_display_name.py for tasks to queue
[2025-05-19T15:47:58.431+0000] {logging_mixin.py:190} INFO - [2025-05-19T15:47:58.431+0000] {dagbag.py:588} INFO - Filling up the DagBag from /home/airflow/.local/lib/python3.12/site-packages/airflow/example_dags/example_display_name.py
[2025-05-19T15:47:58.436+0000] {processor.py:925} INFO - DAG(s) 'example_display_name' retrieved from /home/airflow/.local/lib/python3.12/site-packages/airflow/example_dags/example_display_name.py
[2025-05-19T15:47:58.488+0000] {logging_mixin.py:190} INFO - [2025-05-19T15:47:58.488+0000] {override.py:1912} INFO - Created Permission View: can delete on DAG:example_display_name
[2025-05-19T15:47:58.493+0000] {logging_mixin.py:190} INFO - [2025-05-19T15:47:58.493+0000] {override.py:1912} INFO - Created Permission View: can read on DAG:example_display_name
[2025-05-19T15:47:58.496+0000] {logging_mixin.py:190} INFO - [2025-05-19T15:47:58.496+0000] {override.py:1912} INFO - Created Permission View: can edit on DAG:example_display_name
[2025-05-19T15:47:58.498+0000] {logging_mixin.py:190} INFO - [2025-05-19T15:47:58.498+0000] {override.py:1912} INFO - Created Permission View: menu access on DAG Run:example_display_name
[2025-05-19T15:47:58.501+0000] {logging_mixin.py:190} INFO - [2025-05-19T15:47:58.500+0000] {override.py:1912} INFO - Created Permission View: can create on DAG Run:example_display_name
[2025-05-19T15:47:58.505+0000] {logging_mixin.py:190} INFO - [2025-05-19T15:47:58.504+0000] {override.py:1912} INFO - Created Permission View: can delete on DAG Run:example_display_name
[2025-05-19T15:47:58.508+0000] {logging_mixin.py:190} INFO - [2025-05-19T15:47:58.507+0000] {override.py:1912} INFO - Created Permission View: can read on DAG Run:example_display_name
[2025-05-19T15:47:58.508+0000] {logging_mixin.py:190} INFO - [2025-05-19T15:47:58.508+0000] {dag.py:3239} INFO - Sync 1 DAGs
[2025-05-19T15:47:58.514+0000] {logging_mixin.py:190} INFO - [2025-05-19T15:47:58.514+0000] {dag.py:3262} INFO - Creating ORM DAG for example_display_name
[2025-05-19T15:47:58.514+0000] {logging_mixin.py:190} INFO - [2025-05-19T15:47:58.514+0000] {dag.py:4180} INFO - Setting next_dagrun for example_display_name to None, run_after=None
[2025-05-19T15:47:58.522+0000] {processor.py:208} INFO - Processing /home/airflow/.local/lib/python3.12/site-packages/airflow/example_dags/example_display_name.py took 0.095 seconds
[2025-05-19T15:48:28.630+0000] {processor.py:186} INFO - Started process (PID=120) to work on /home/airflow/.local/lib/python3.12/site-packages/airflow/example_dags/example_display_name.py
[2025-05-19T15:48:28.630+0000] {processor.py:914} INFO - Processing file /home/airflow/.local/lib/python3.12/site-packages/airflow/example_dags/example_display_name.py for tasks to queue
[2025-05-19T15:48:28.632+0000] {logging_mixin.py:190} INFO - [2025-05-19T15:48:28.632+0000] {dagbag.py:588} INFO - Filling up the DagBag from /home/airflow/.local/lib/python3.12/site-packages/airflow/example_dags/example_display_name.py
[2025-05-19T15:48:28.638+0000] {processor.py:925} INFO - DAG(s) 'example_display_name' retrieved from /home/airflow/.local/lib/python3.12/site-packages/airflow/example_dags/example_display_name.py
[2025-05-19T15:48:28.649+0000] {logging_mixin.py:190} INFO - [2025-05-19T15:48:28.648+0000] {dag.py:3239} INFO - Sync 1 DAGs
[2025-05-19T15:48:28.657+0000] {logging_mixin.py:190} INFO - [2025-05-19T15:48:28.656+0000] {dag.py:4180} INFO - Setting next_dagrun for example_display_name to None, run_after=None
[2025-05-19T15:48:28.667+0000] {processor.py:208} INFO - Processing /home/airflow/.local/lib/python3.12/site-packages/airflow/example_dags/example_display_name.py took 0.043 seconds
[2025-05-19T15:48:59.405+0000] {processor.py:186} INFO - Started process (PID=177) to work on /home/airflow/.local/lib/python3.12/site-packages/airflow/example_dags/example_display_name.py
[2025-05-19T15:48:59.405+0000] {processor.py:914} INFO - Processing file /home/airflow/.local/lib/python3.12/site-packages/airflow/example_dags/example_display_name.py for tasks to queue
[2025-05-19T15:48:59.407+0000] {logging_mixin.py:190} INFO - [2025-05-19T15:48:59.407+0000] {dagbag.py:588} INFO - Filling up the DagBag from /home/airflow/.local/lib/python3.12/site-packages/airflow/example_dags/example_display_name.py
[2025-05-19T15:48:59.411+0000] {processor.py:925} INFO - DAG(s) 'example_display_name' retrieved from /home/airflow/.local/lib/python3.12/site-packages/airflow/example_dags/example_display_name.py
[2025-05-19T15:48:59.424+0000] {logging_mixin.py:190} INFO - [2025-05-19T15:48:59.424+0000] {dag.py:3239} INFO - Sync 1 DAGs
[2025-05-19T15:48:59.432+0000] {logging_mixin.py:190} INFO - [2025-05-19T15:48:59.432+0000] {dag.py:4180} INFO - Setting next_dagrun for example_display_name to None, run_after=None
[2025-05-19T15:48:59.443+0000] {processor.py:208} INFO - Processing /home/airflow/.local/lib/python3.12/site-packages/airflow/example_dags/example_display_name.py took 0.042 seconds
[2025-05-19T15:49:30.168+0000] {processor.py:186} INFO - Started process (PID=234) to work on /home/airflow/.local/lib/python3.12/site-packages/airflow/example_dags/example_display_name.py
[2025-05-19T15:49:30.168+0000] {processor.py:914} INFO - Processing file /home/airflow/.local/lib/python3.12/site-packages/airflow/example_dags/example_display_name.py for tasks to queue
[2025-05-19T15:49:30.170+0000] {logging_mixin.py:190} INFO - [2025-05-19T15:49:30.169+0000] {dagbag.py:588} INFO - Filling up the DagBag from /home/airflow/.local/lib/python3.12/site-packages/airflow/example_dags/example_display_name.py
[2025-05-19T15:49:30.174+0000] {processor.py:925} INFO - DAG(s) 'example_display_name' retrieved from /home/airflow/.local/lib/python3.12/site-packages/airflow/example_dags/example_display_name.py
[2025-05-19T15:49:30.184+0000] {logging_mixin.py:190} INFO - [2025-05-19T15:49:30.184+0000] {dag.py:3239} INFO - Sync 1 DAGs
[2025-05-19T15:49:30.190+0000] {logging_mixin.py:190} INFO - [2025-05-19T15:49:30.190+0000] {dag.py:4180} INFO - Setting next_dagrun for example_display_name to None, run_after=None
[2025-05-19T15:49:30.198+0000] {processor.py:208} INFO - Processing /home/airflow/.local/lib/python3.12/site-packages/airflow/example_dags/example_display_name.py took 0.034 seconds
[2025-05-19T15:50:01.072+0000] {processor.py:186} INFO - Started process (PID=291) to work on /home/airflow/.local/lib/python3.12/site-packages/airflow/example_dags/example_display_name.py
[2025-05-19T15:50:01.073+0000] {processor.py:914} INFO - Processing file /home/airflow/.local/lib/python3.12/site-packages/airflow/example_dags/example_display_name.py for tasks to queue
[2025-05-19T15:50:01.077+0000] {logging_mixin.py:190} INFO - [2025-05-19T15:50:01.077+0000] {dagbag.py:588} INFO - Filling up the DagBag from /home/airflow/.local/lib/python3.12/site-packages/airflow/example_dags/example_display_name.py
[2025-05-19T15:50:01.082+0000] {processor.py:925} INFO - DAG(s) 'example_display_name' retrieved from /home/airflow/.local/lib/python3.12/site-packages/airflow/example_dags/example_display_name.py
[2025-05-19T15:50:01.092+0000] {logging_mixin.py:190} INFO - [2025-05-19T15:50:01.092+0000] {dag.py:3239} INFO - Sync 1 DAGs
[2025-05-19T15:50:01.098+0000] {logging_mixin.py:190} INFO - [2025-05-19T15:50:01.098+0000] {dag.py:4180} INFO - Setting next_dagrun for example_display_name to None, run_after=None
[2025-05-19T15:50:01.106+0000] {processor.py:208} INFO - Processing /home/airflow/.local/lib/python3.12/site-packages/airflow/example_dags/example_display_name.py took 0.038 seconds
[2025-05-19T15:50:31.753+0000] {processor.py:186} INFO - Started process (PID=348) to work on /home/airflow/.local/lib/python3.12/site-packages/airflow/example_dags/example_display_name.py
[2025-05-19T15:50:31.753+0000] {processor.py:914} INFO - Processing file /home/airflow/.local/lib/python3.12/site-packages/airflow/example_dags/example_display_name.py for tasks to queue
[2025-05-19T15:50:31.754+0000] {logging_mixin.py:190} INFO - [2025-05-19T15:50:31.754+0000] {dagbag.py:588} INFO - Filling up the DagBag from /home/airflow/.local/lib/python3.12/site-packages/airflow/example_dags/example_display_name.py
[2025-05-19T15:50:31.758+0000] {processor.py:925} INFO - DAG(s) 'example_display_name' retrieved from /home/airflow/.local/lib/python3.12/site-packages/airflow/example_dags/example_display_name.py
[2025-05-19T15:50:31.768+0000] {logging_mixin.py:190} INFO - [2025-05-19T15:50:31.768+0000] {dag.py:3239} INFO - Sync 1 DAGs
[2025-05-19T15:50:31.775+0000] {logging_mixin.py:190} INFO - [2025-05-19T15:50:31.774+0000] {dag.py:4180} INFO - Setting next_dagrun for example_display_name to None, run_after=None
[2025-05-19T15:50:31.783+0000] {processor.py:208} INFO - Processing /home/airflow/.local/lib/python3.12/site-packages/airflow/example_dags/example_display_name.py took 0.034 seconds
[2025-05-19T15:51:02.397+0000] {processor.py:186} INFO - Started process (PID=405) to work on /home/airflow/.local/lib/python3.12/site-packages/airflow/example_dags/example_display_name.py
[2025-05-19T15:51:02.398+0000] {processor.py:914} INFO - Processing file /home/airflow/.local/lib/python3.12/site-packages/airflow/example_dags/example_display_name.py for tasks to queue
[2025-05-19T15:51:02.400+0000] {logging_mixin.py:190} INFO - [2025-05-19T15:51:02.400+0000] {dagbag.py:588} INFO - Filling up the DagBag from /home/airflow/.local/lib/python3.12/site-packages/airflow/example_dags/example_display_name.py
[2025-05-19T15:51:02.404+0000] {processor.py:925} INFO - DAG(s) 'example_display_name' retrieved from /home/airflow/.local/lib/python3.12/site-packages/airflow/example_dags/example_display_name.py
[2025-05-19T15:51:02.414+0000] {logging_mixin.py:190} INFO - [2025-05-19T15:51:02.414+0000] {dag.py:3239} INFO - Sync 1 DAGs
[2025-05-19T15:51:02.421+0000] {logging_mixin.py:190} INFO - [2025-05-19T15:51:02.421+0000] {dag.py:4180} INFO - Setting next_dagrun for example_display_name to None, run_after=None
[2025-05-19T15:51:02.429+0000] {processor.py:208} INFO - Processing /home/airflow/.local/lib/python3.12/site-packages/airflow/example_dags/example_display_name.py took 0.036 seconds
[2025-05-19T15:51:33.028+0000] {processor.py:186} INFO - Started process (PID=462) to work on /home/airflow/.local/lib/python3.12/site-packages/airflow/example_dags/example_display_name.py
[2025-05-19T15:51:33.028+0000] {processor.py:914} INFO - Processing file /home/airflow/.local/lib/python3.12/site-packages/airflow/example_dags/example_display_name.py for tasks to queue
[2025-05-19T15:51:33.030+0000] {logging_mixin.py:190} INFO - [2025-05-19T15:51:33.030+0000] {dagbag.py:588} INFO - Filling up the DagBag from /home/airflow/.local/lib/python3.12/site-packages/airflow/example_dags/example_display_name.py
[2025-05-19T15:51:33.034+0000] {processor.py:925} INFO - DAG(s) 'example_display_name' retrieved from /home/airflow/.local/lib/python3.12/site-packages/airflow/example_dags/example_display_name.py
[2025-05-19T15:51:33.045+0000] {logging_mixin.py:190} INFO - [2025-05-19T15:51:33.044+0000] {dag.py:3239} INFO - Sync 1 DAGs
[2025-05-19T15:51:33.051+0000] {logging_mixin.py:190} INFO - [2025-05-19T15:51:33.051+0000] {dag.py:4180} INFO - Setting next_dagrun for example_display_name to None, run_after=None
[2025-05-19T15:51:33.059+0000] {processor.py:208} INFO - Processing /home/airflow/.local/lib/python3.12/site-packages/airflow/example_dags/example_display_name.py took 0.035 seconds
[2025-05-19T15:52:03.769+0000] {processor.py:186} INFO - Started process (PID=519) to work on /home/airflow/.local/lib/python3.12/site-packages/airflow/example_dags/example_display_name.py
[2025-05-19T15:52:03.774+0000] {processor.py:914} INFO - Processing file /home/airflow/.local/lib/python3.12/site-packages/airflow/example_dags/example_display_name.py for tasks to queue
[2025-05-19T15:52:03.775+0000] {logging_mixin.py:190} INFO - [2025-05-19T15:52:03.775+0000] {dagbag.py:588} INFO - Filling up the DagBag from /home/airflow/.local/lib/python3.12/site-packages/airflow/example_dags/example_display_name.py
[2025-05-19T15:52:03.780+0000] {processor.py:925} INFO - DAG(s) 'example_display_name' retrieved from /home/airflow/.local/lib/python3.12/site-packages/airflow/example_dags/example_display_name.py
[2025-05-19T15:52:03.790+0000] {logging_mixin.py:190} INFO - [2025-05-19T15:52:03.790+0000] {dag.py:3239} INFO - Sync 1 DAGs
[2025-05-19T15:52:03.797+0000] {logging_mixin.py:190} INFO - [2025-05-19T15:52:03.797+0000] {dag.py:4180} INFO - Setting next_dagrun for example_display_name to None, run_after=None
[2025-05-19T15:52:03.810+0000] {processor.py:208} INFO - Processing /home/airflow/.local/lib/python3.12/site-packages/airflow/example_dags/example_display_name.py took 0.045 seconds
[2025-05-19T15:52:34.863+0000] {processor.py:186} INFO - Started process (PID=576) to work on /home/airflow/.local/lib/python3.12/site-packages/airflow/example_dags/example_display_name.py
[2025-05-19T15:52:34.865+0000] {processor.py:914} INFO - Processing file /home/airflow/.local/lib/python3.12/site-packages/airflow/example_dags/example_display_name.py for tasks to queue
[2025-05-19T15:52:34.866+0000] {logging_mixin.py:190} INFO - [2025-05-19T15:52:34.866+0000] {dagbag.py:588} INFO - Filling up the DagBag from /home/airflow/.local/lib/python3.12/site-packages/airflow/example_dags/example_display_name.py
[2025-05-19T15:52:34.870+0000] {processor.py:925} INFO - DAG(s) 'example_display_name' retrieved from /home/airflow/.local/lib/python3.12/site-packages/airflow/example_dags/example_display_name.py
[2025-05-19T15:52:34.880+0000] {logging_mixin.py:190} INFO - [2025-05-19T15:52:34.880+0000] {dag.py:3239} INFO - Sync 1 DAGs
[2025-05-19T15:52:34.888+0000] {logging_mixin.py:190} INFO - [2025-05-19T15:52:34.888+0000] {dag.py:4180} INFO - Setting next_dagrun for example_display_name to None, run_after=None
[2025-05-19T15:52:34.899+0000] {processor.py:208} INFO - Processing /home/airflow/.local/lib/python3.12/site-packages/airflow/example_dags/example_display_name.py took 0.039 seconds
[2025-05-19T15:53:05.290+0000] {processor.py:186} INFO - Started process (PID=633) to work on /home/airflow/.local/lib/python3.12/site-packages/airflow/example_dags/example_display_name.py
[2025-05-19T15:53:05.291+0000] {processor.py:914} INFO - Processing file /home/airflow/.local/lib/python3.12/site-packages/airflow/example_dags/example_display_name.py for tasks to queue
[2025-05-19T15:53:05.294+0000] {logging_mixin.py:190} INFO - [2025-05-19T15:53:05.294+0000] {dagbag.py:588} INFO - Filling up the DagBag from /home/airflow/.local/lib/python3.12/site-packages/airflow/example_dags/example_display_name.py
[2025-05-19T15:53:05.299+0000] {processor.py:925} INFO - DAG(s) 'example_display_name' retrieved from /home/airflow/.local/lib/python3.12/site-packages/airflow/example_dags/example_display_name.py
[2025-05-19T15:53:05.313+0000] {logging_mixin.py:190} INFO - [2025-05-19T15:53:05.313+0000] {dag.py:3239} INFO - Sync 1 DAGs
[2025-05-19T15:53:05.325+0000] {logging_mixin.py:190} INFO - [2025-05-19T15:53:05.324+0000] {dag.py:4180} INFO - Setting next_dagrun for example_display_name to None, run_after=None
[2025-05-19T15:53:05.335+0000] {processor.py:208} INFO - Processing /home/airflow/.local/lib/python3.12/site-packages/airflow/example_dags/example_display_name.py took 0.050 seconds
[2025-05-19T15:53:36.125+0000] {processor.py:186} INFO - Started process (PID=690) to work on /home/airflow/.local/lib/python3.12/site-packages/airflow/example_dags/example_display_name.py
[2025-05-19T15:53:36.126+0000] {processor.py:914} INFO - Processing file /home/airflow/.local/lib/python3.12/site-packages/airflow/example_dags/example_display_name.py for tasks to queue
[2025-05-19T15:53:36.129+0000] {logging_mixin.py:190} INFO - [2025-05-19T15:53:36.128+0000] {dagbag.py:588} INFO - Filling up the DagBag from /home/airflow/.local/lib/python3.12/site-packages/airflow/example_dags/example_display_name.py
[2025-05-19T15:53:36.138+0000] {processor.py:925} INFO - DAG(s) 'example_display_name' retrieved from /home/airflow/.local/lib/python3.12/site-packages/airflow/example_dags/example_display_name.py
[2025-05-19T15:53:36.151+0000] {logging_mixin.py:190} INFO - [2025-05-19T15:53:36.151+0000] {dag.py:3239} INFO - Sync 1 DAGs
[2025-05-19T15:53:36.160+0000] {logging_mixin.py:190} INFO - [2025-05-19T15:53:36.160+0000] {dag.py:4180} INFO - Setting next_dagrun for example_display_name to None, run_after=None
[2025-05-19T15:53:36.170+0000] {processor.py:208} INFO - Processing /home/airflow/.local/lib/python3.12/site-packages/airflow/example_dags/example_display_name.py took 0.050 seconds
[2025-05-19T15:54:07.405+0000] {processor.py:186} INFO - Started process (PID=747) to work on /home/airflow/.local/lib/python3.12/site-packages/airflow/example_dags/example_display_name.py
[2025-05-19T15:54:07.407+0000] {processor.py:914} INFO - Processing file /home/airflow/.local/lib/python3.12/site-packages/airflow/example_dags/example_display_name.py for tasks to queue
[2025-05-19T15:54:07.409+0000] {logging_mixin.py:190} INFO - [2025-05-19T15:54:07.409+0000] {dagbag.py:588} INFO - Filling up the DagBag from /home/airflow/.local/lib/python3.12/site-packages/airflow/example_dags/example_display_name.py
[2025-05-19T15:54:07.416+0000] {processor.py:925} INFO - DAG(s) 'example_display_name' retrieved from /home/airflow/.local/lib/python3.12/site-packages/airflow/example_dags/example_display_name.py
[2025-05-19T15:54:07.426+0000] {logging_mixin.py:190} INFO - [2025-05-19T15:54:07.426+0000] {dag.py:3239} INFO - Sync 1 DAGs
[2025-05-19T15:54:07.432+0000] {logging_mixin.py:190} INFO - [2025-05-19T15:54:07.432+0000] {dag.py:4180} INFO - Setting next_dagrun for example_display_name to None, run_after=None
[2025-05-19T15:54:07.441+0000] {processor.py:208} INFO - Processing /home/airflow/.local/lib/python3.12/site-packages/airflow/example_dags/example_display_name.py took 0.042 seconds
[2025-05-19T15:54:38.641+0000] {processor.py:186} INFO - Started process (PID=804) to work on /home/airflow/.local/lib/python3.12/site-packages/airflow/example_dags/example_display_name.py
[2025-05-19T15:54:38.642+0000] {processor.py:914} INFO - Processing file /home/airflow/.local/lib/python3.12/site-packages/airflow/example_dags/example_display_name.py for tasks to queue
[2025-05-19T15:54:38.643+0000] {logging_mixin.py:190} INFO - [2025-05-19T15:54:38.643+0000] {dagbag.py:588} INFO - Filling up the DagBag from /home/airflow/.local/lib/python3.12/site-packages/airflow/example_dags/example_display_name.py
[2025-05-19T15:54:38.647+0000] {processor.py:925} INFO - DAG(s) 'example_display_name' retrieved from /home/airflow/.local/lib/python3.12/site-packages/airflow/example_dags/example_display_name.py
[2025-05-19T15:54:38.660+0000] {logging_mixin.py:190} INFO - [2025-05-19T15:54:38.660+0000] {dag.py:3239} INFO - Sync 1 DAGs
[2025-05-19T15:54:38.670+0000] {logging_mixin.py:190} INFO - [2025-05-19T15:54:38.669+0000] {dag.py:4180} INFO - Setting next_dagrun for example_display_name to None, run_after=None
[2025-05-19T15:54:38.679+0000] {processor.py:208} INFO - Processing /home/airflow/.local/lib/python3.12/site-packages/airflow/example_dags/example_display_name.py took 0.042 seconds
[2025-05-19T15:55:10.034+0000] {processor.py:186} INFO - Started process (PID=861) to work on /home/airflow/.local/lib/python3.12/site-packages/airflow/example_dags/example_display_name.py
[2025-05-19T15:55:10.035+0000] {processor.py:914} INFO - Processing file /home/airflow/.local/lib/python3.12/site-packages/airflow/example_dags/example_display_name.py for tasks to queue
[2025-05-19T15:55:10.037+0000] {logging_mixin.py:190} INFO - [2025-05-19T15:55:10.037+0000] {dagbag.py:588} INFO - Filling up the DagBag from /home/airflow/.local/lib/python3.12/site-packages/airflow/example_dags/example_display_name.py
[2025-05-19T15:55:10.041+0000] {processor.py:925} INFO - DAG(s) 'example_display_name' retrieved from /home/airflow/.local/lib/python3.12/site-packages/airflow/example_dags/example_display_name.py
[2025-05-19T15:55:10.051+0000] {logging_mixin.py:190} INFO - [2025-05-19T15:55:10.051+0000] {dag.py:3239} INFO - Sync 1 DAGs
[2025-05-19T15:55:10.057+0000] {logging_mixin.py:190} INFO - [2025-05-19T15:55:10.057+0000] {dag.py:4180} INFO - Setting next_dagrun for example_display_name to None, run_after=None
[2025-05-19T15:55:10.067+0000] {processor.py:208} INFO - Processing /home/airflow/.local/lib/python3.12/site-packages/airflow/example_dags/example_display_name.py took 0.040 seconds
[2025-05-19T15:55:40.932+0000] {processor.py:186} INFO - Started process (PID=918) to work on /home/airflow/.local/lib/python3.12/site-packages/airflow/example_dags/example_display_name.py
[2025-05-19T15:55:40.932+0000] {processor.py:914} INFO - Processing file /home/airflow/.local/lib/python3.12/site-packages/airflow/example_dags/example_display_name.py for tasks to queue
[2025-05-19T15:55:40.934+0000] {logging_mixin.py:190} INFO - [2025-05-19T15:55:40.933+0000] {dagbag.py:588} INFO - Filling up the DagBag from /home/airflow/.local/lib/python3.12/site-packages/airflow/example_dags/example_display_name.py
[2025-05-19T15:55:40.938+0000] {processor.py:925} INFO - DAG(s) 'example_display_name' retrieved from /home/airflow/.local/lib/python3.12/site-packages/airflow/example_dags/example_display_name.py
[2025-05-19T15:55:40.949+0000] {logging_mixin.py:190} INFO - [2025-05-19T15:55:40.949+0000] {dag.py:3239} INFO - Sync 1 DAGs
[2025-05-19T15:55:40.956+0000] {logging_mixin.py:190} INFO - [2025-05-19T15:55:40.955+0000] {dag.py:4180} INFO - Setting next_dagrun for example_display_name to None, run_after=None
[2025-05-19T15:55:40.965+0000] {processor.py:208} INFO - Processing /home/airflow/.local/lib/python3.12/site-packages/airflow/example_dags/example_display_name.py took 0.040 seconds
[2025-05-19T15:56:12.017+0000] {processor.py:186} INFO - Started process (PID=975) to work on /home/airflow/.local/lib/python3.12/site-packages/airflow/example_dags/example_display_name.py
[2025-05-19T15:56:12.017+0000] {processor.py:914} INFO - Processing file /home/airflow/.local/lib/python3.12/site-packages/airflow/example_dags/example_display_name.py for tasks to queue
[2025-05-19T15:56:12.018+0000] {logging_mixin.py:190} INFO - [2025-05-19T15:56:12.018+0000] {dagbag.py:588} INFO - Filling up the DagBag from /home/airflow/.local/lib/python3.12/site-packages/airflow/example_dags/example_display_name.py
[2025-05-19T15:56:12.023+0000] {processor.py:925} INFO - DAG(s) 'example_display_name' retrieved from /home/airflow/.local/lib/python3.12/site-packages/airflow/example_dags/example_display_name.py
[2025-05-19T15:56:12.033+0000] {logging_mixin.py:190} INFO - [2025-05-19T15:56:12.033+0000] {dag.py:3239} INFO - Sync 1 DAGs
[2025-05-19T15:56:12.040+0000] {logging_mixin.py:190} INFO - [2025-05-19T15:56:12.040+0000] {dag.py:4180} INFO - Setting next_dagrun for example_display_name to None, run_after=None
[2025-05-19T15:56:12.048+0000] {processor.py:208} INFO - Processing /home/airflow/.local/lib/python3.12/site-packages/airflow/example_dags/example_display_name.py took 0.034 seconds
[2025-05-19T15:56:42.899+0000] {processor.py:186} INFO - Started process (PID=1032) to work on /home/airflow/.local/lib/python3.12/site-packages/airflow/example_dags/example_display_name.py
[2025-05-19T15:56:42.900+0000] {processor.py:914} INFO - Processing file /home/airflow/.local/lib/python3.12/site-packages/airflow/example_dags/example_display_name.py for tasks to queue
[2025-05-19T15:56:42.902+0000] {logging_mixin.py:190} INFO - [2025-05-19T15:56:42.902+0000] {dagbag.py:588} INFO - Filling up the DagBag from /home/airflow/.local/lib/python3.12/site-packages/airflow/example_dags/example_display_name.py
[2025-05-19T15:56:42.908+0000] {processor.py:925} INFO - DAG(s) 'example_display_name' retrieved from /home/airflow/.local/lib/python3.12/site-packages/airflow/example_dags/example_display_name.py
[2025-05-19T15:56:42.918+0000] {logging_mixin.py:190} INFO - [2025-05-19T15:56:42.917+0000] {dag.py:3239} INFO - Sync 1 DAGs
[2025-05-19T15:56:42.924+0000] {logging_mixin.py:190} INFO - [2025-05-19T15:56:42.924+0000] {dag.py:4180} INFO - Setting next_dagrun for example_display_name to None, run_after=None
[2025-05-19T15:56:42.932+0000] {processor.py:208} INFO - Processing /home/airflow/.local/lib/python3.12/site-packages/airflow/example_dags/example_display_name.py took 0.039 seconds
[2025-05-19T15:57:13.914+0000] {processor.py:186} INFO - Started process (PID=1089) to work on /home/airflow/.local/lib/python3.12/site-packages/airflow/example_dags/example_display_name.py
[2025-05-19T15:57:13.914+0000] {processor.py:914} INFO - Processing file /home/airflow/.local/lib/python3.12/site-packages/airflow/example_dags/example_display_name.py for tasks to queue
[2025-05-19T15:57:13.916+0000] {logging_mixin.py:190} INFO - [2025-05-19T15:57:13.915+0000] {dagbag.py:588} INFO - Filling up the DagBag from /home/airflow/.local/lib/python3.12/site-packages/airflow/example_dags/example_display_name.py
[2025-05-19T15:57:13.920+0000] {processor.py:925} INFO - DAG(s) 'example_display_name' retrieved from /home/airflow/.local/lib/python3.12/site-packages/airflow/example_dags/example_display_name.py
[2025-05-19T15:57:13.930+0000] {logging_mixin.py:190} INFO - [2025-05-19T15:57:13.930+0000] {dag.py:3239} INFO - Sync 1 DAGs
[2025-05-19T15:57:13.936+0000] {logging_mixin.py:190} INFO - [2025-05-19T15:57:13.936+0000] {dag.py:4180} INFO - Setting next_dagrun for example_display_name to None, run_after=None
[2025-05-19T15:57:13.945+0000] {processor.py:208} INFO - Processing /home/airflow/.local/lib/python3.12/site-packages/airflow/example_dags/example_display_name.py took 0.037 seconds
[2025-05-19T15:57:44.842+0000] {processor.py:186} INFO - Started process (PID=1146) to work on /home/airflow/.local/lib/python3.12/site-packages/airflow/example_dags/example_display_name.py
[2025-05-19T15:57:44.843+0000] {processor.py:914} INFO - Processing file /home/airflow/.local/lib/python3.12/site-packages/airflow/example_dags/example_display_name.py for tasks to queue
[2025-05-19T15:57:44.844+0000] {logging_mixin.py:190} INFO - [2025-05-19T15:57:44.844+0000] {dagbag.py:588} INFO - Filling up the DagBag from /home/airflow/.local/lib/python3.12/site-packages/airflow/example_dags/example_display_name.py
[2025-05-19T15:57:44.848+0000] {processor.py:925} INFO - DAG(s) 'example_display_name' retrieved from /home/airflow/.local/lib/python3.12/site-packages/airflow/example_dags/example_display_name.py
[2025-05-19T15:57:44.858+0000] {logging_mixin.py:190} INFO - [2025-05-19T15:57:44.858+0000] {dag.py:3239} INFO - Sync 1 DAGs
[2025-05-19T15:57:44.865+0000] {logging_mixin.py:190} INFO - [2025-05-19T15:57:44.865+0000] {dag.py:4180} INFO - Setting next_dagrun for example_display_name to None, run_after=None
[2025-05-19T15:57:44.874+0000] {processor.py:208} INFO - Processing /home/airflow/.local/lib/python3.12/site-packages/airflow/example_dags/example_display_name.py took 0.035 seconds
[2025-05-19T15:58:15.798+0000] {processor.py:186} INFO - Started process (PID=1203) to work on /home/airflow/.local/lib/python3.12/site-packages/airflow/example_dags/example_display_name.py
[2025-05-19T15:58:15.799+0000] {processor.py:914} INFO - Processing file /home/airflow/.local/lib/python3.12/site-packages/airflow/example_dags/example_display_name.py for tasks to queue
[2025-05-19T15:58:15.800+0000] {logging_mixin.py:190} INFO - [2025-05-19T15:58:15.800+0000] {dagbag.py:588} INFO - Filling up the DagBag from /home/airflow/.local/lib/python3.12/site-packages/airflow/example_dags/example_display_name.py
[2025-05-19T15:58:15.804+0000] {processor.py:925} INFO - DAG(s) 'example_display_name' retrieved from /home/airflow/.local/lib/python3.12/site-packages/airflow/example_dags/example_display_name.py
[2025-05-19T15:58:15.815+0000] {logging_mixin.py:190} INFO - [2025-05-19T15:58:15.814+0000] {dag.py:3239} INFO - Sync 1 DAGs
[2025-05-19T15:58:15.822+0000] {logging_mixin.py:190} INFO - [2025-05-19T15:58:15.822+0000] {dag.py:4180} INFO - Setting next_dagrun for example_display_name to None, run_after=None
[2025-05-19T15:58:15.830+0000] {processor.py:208} INFO - Processing /home/airflow/.local/lib/python3.12/site-packages/airflow/example_dags/example_display_name.py took 0.035 seconds
[2025-05-19T15:58:46.411+0000] {processor.py:186} INFO - Started process (PID=1260) to work on /home/airflow/.local/lib/python3.12/site-packages/airflow/example_dags/example_display_name.py
[2025-05-19T15:58:46.411+0000] {processor.py:914} INFO - Processing file /home/airflow/.local/lib/python3.12/site-packages/airflow/example_dags/example_display_name.py for tasks to queue
[2025-05-19T15:58:46.412+0000] {logging_mixin.py:190} INFO - [2025-05-19T15:58:46.412+0000] {dagbag.py:588} INFO - Filling up the DagBag from /home/airflow/.local/lib/python3.12/site-packages/airflow/example_dags/example_display_name.py
[2025-05-19T15:58:46.417+0000] {processor.py:925} INFO - DAG(s) 'example_display_name' retrieved from /home/airflow/.local/lib/python3.12/site-packages/airflow/example_dags/example_display_name.py
[2025-05-19T15:58:46.427+0000] {logging_mixin.py:190} INFO - [2025-05-19T15:58:46.427+0000] {dag.py:3239} INFO - Sync 1 DAGs
[2025-05-19T15:58:46.433+0000] {logging_mixin.py:190} INFO - [2025-05-19T15:58:46.433+0000] {dag.py:4180} INFO - Setting next_dagrun for example_display_name to None, run_after=None
[2025-05-19T15:58:46.444+0000] {processor.py:208} INFO - Processing /home/airflow/.local/lib/python3.12/site-packages/airflow/example_dags/example_display_name.py took 0.037 seconds
[2025-05-19T15:59:17.395+0000] {processor.py:186} INFO - Started process (PID=1316) to work on /home/airflow/.local/lib/python3.12/site-packages/airflow/example_dags/example_display_name.py
[2025-05-19T15:59:17.395+0000] {processor.py:914} INFO - Processing file /home/airflow/.local/lib/python3.12/site-packages/airflow/example_dags/example_display_name.py for tasks to queue
[2025-05-19T15:59:17.396+0000] {logging_mixin.py:190} INFO - [2025-05-19T15:59:17.396+0000] {dagbag.py:588} INFO - Filling up the DagBag from /home/airflow/.local/lib/python3.12/site-packages/airflow/example_dags/example_display_name.py
[2025-05-19T15:59:17.402+0000] {processor.py:925} INFO - DAG(s) 'example_display_name' retrieved from /home/airflow/.local/lib/python3.12/site-packages/airflow/example_dags/example_display_name.py
[2025-05-19T15:59:17.412+0000] {logging_mixin.py:190} INFO - [2025-05-19T15:59:17.412+0000] {dag.py:3239} INFO - Sync 1 DAGs
[2025-05-19T15:59:17.419+0000] {logging_mixin.py:190} INFO - [2025-05-19T15:59:17.419+0000] {dag.py:4180} INFO - Setting next_dagrun for example_display_name to None, run_after=None
[2025-05-19T15:59:17.427+0000] {processor.py:208} INFO - Processing /home/airflow/.local/lib/python3.12/site-packages/airflow/example_dags/example_display_name.py took 0.036 seconds
[2025-05-19T15:59:48.392+0000] {processor.py:186} INFO - Started process (PID=1373) to work on /home/airflow/.local/lib/python3.12/site-packages/airflow/example_dags/example_display_name.py
[2025-05-19T15:59:48.393+0000] {processor.py:914} INFO - Processing file /home/airflow/.local/lib/python3.12/site-packages/airflow/example_dags/example_display_name.py for tasks to queue
[2025-05-19T15:59:48.394+0000] {logging_mixin.py:190} INFO - [2025-05-19T15:59:48.394+0000] {dagbag.py:588} INFO - Filling up the DagBag from /home/airflow/.local/lib/python3.12/site-packages/airflow/example_dags/example_display_name.py
[2025-05-19T15:59:48.399+0000] {processor.py:925} INFO - DAG(s) 'example_display_name' retrieved from /home/airflow/.local/lib/python3.12/site-packages/airflow/example_dags/example_display_name.py
[2025-05-19T15:59:48.409+0000] {logging_mixin.py:190} INFO - [2025-05-19T15:59:48.409+0000] {dag.py:3239} INFO - Sync 1 DAGs
[2025-05-19T15:59:48.416+0000] {logging_mixin.py:190} INFO - [2025-05-19T15:59:48.416+0000] {dag.py:4180} INFO - Setting next_dagrun for example_display_name to None, run_after=None
[2025-05-19T15:59:48.426+0000] {processor.py:208} INFO - Processing /home/airflow/.local/lib/python3.12/site-packages/airflow/example_dags/example_display_name.py took 0.037 seconds
[2025-05-19T16:00:19.342+0000] {processor.py:186} INFO - Started process (PID=1430) to work on /home/airflow/.local/lib/python3.12/site-packages/airflow/example_dags/example_display_name.py
[2025-05-19T16:00:19.342+0000] {processor.py:914} INFO - Processing file /home/airflow/.local/lib/python3.12/site-packages/airflow/example_dags/example_display_name.py for tasks to queue
[2025-05-19T16:00:19.344+0000] {logging_mixin.py:190} INFO - [2025-05-19T16:00:19.344+0000] {dagbag.py:588} INFO - Filling up the DagBag from /home/airflow/.local/lib/python3.12/site-packages/airflow/example_dags/example_display_name.py
[2025-05-19T16:00:19.350+0000] {processor.py:925} INFO - DAG(s) 'example_display_name' retrieved from /home/airflow/.local/lib/python3.12/site-packages/airflow/example_dags/example_display_name.py
[2025-05-19T16:00:19.365+0000] {logging_mixin.py:190} INFO - [2025-05-19T16:00:19.365+0000] {dag.py:3239} INFO - Sync 1 DAGs
[2025-05-19T16:00:19.373+0000] {logging_mixin.py:190} INFO - [2025-05-19T16:00:19.373+0000] {dag.py:4180} INFO - Setting next_dagrun for example_display_name to None, run_after=None
[2025-05-19T16:00:19.388+0000] {processor.py:208} INFO - Processing /home/airflow/.local/lib/python3.12/site-packages/airflow/example_dags/example_display_name.py took 0.050 seconds
[2025-05-19T16:00:50.457+0000] {processor.py:186} INFO - Started process (PID=1487) to work on /home/airflow/.local/lib/python3.12/site-packages/airflow/example_dags/example_display_name.py
[2025-05-19T16:00:50.460+0000] {processor.py:914} INFO - Processing file /home/airflow/.local/lib/python3.12/site-packages/airflow/example_dags/example_display_name.py for tasks to queue
[2025-05-19T16:00:50.461+0000] {logging_mixin.py:190} INFO - [2025-05-19T16:00:50.461+0000] {dagbag.py:588} INFO - Filling up the DagBag from /home/airflow/.local/lib/python3.12/site-packages/airflow/example_dags/example_display_name.py
[2025-05-19T16:00:50.466+0000] {processor.py:925} INFO - DAG(s) 'example_display_name' retrieved from /home/airflow/.local/lib/python3.12/site-packages/airflow/example_dags/example_display_name.py
[2025-05-19T16:00:50.474+0000] {logging_mixin.py:190} INFO - [2025-05-19T16:00:50.474+0000] {dag.py:3239} INFO - Sync 1 DAGs
[2025-05-19T16:00:50.483+0000] {logging_mixin.py:190} INFO - [2025-05-19T16:00:50.483+0000] {dag.py:4180} INFO - Setting next_dagrun for example_display_name to None, run_after=None
[2025-05-19T16:00:50.491+0000] {processor.py:208} INFO - Processing /home/airflow/.local/lib/python3.12/site-packages/airflow/example_dags/example_display_name.py took 0.038 seconds
[2025-05-19T16:01:21.398+0000] {processor.py:186} INFO - Started process (PID=1544) to work on /home/airflow/.local/lib/python3.12/site-packages/airflow/example_dags/example_display_name.py
[2025-05-19T16:01:21.400+0000] {processor.py:914} INFO - Processing file /home/airflow/.local/lib/python3.12/site-packages/airflow/example_dags/example_display_name.py for tasks to queue
[2025-05-19T16:01:21.402+0000] {logging_mixin.py:190} INFO - [2025-05-19T16:01:21.402+0000] {dagbag.py:588} INFO - Filling up the DagBag from /home/airflow/.local/lib/python3.12/site-packages/airflow/example_dags/example_display_name.py
[2025-05-19T16:01:21.406+0000] {processor.py:925} INFO - DAG(s) 'example_display_name' retrieved from /home/airflow/.local/lib/python3.12/site-packages/airflow/example_dags/example_display_name.py
[2025-05-19T16:01:21.415+0000] {logging_mixin.py:190} INFO - [2025-05-19T16:01:21.415+0000] {dag.py:3239} INFO - Sync 1 DAGs
[2025-05-19T16:01:21.423+0000] {logging_mixin.py:190} INFO - [2025-05-19T16:01:21.423+0000] {dag.py:4180} INFO - Setting next_dagrun for example_display_name to None, run_after=None
[2025-05-19T16:01:21.434+0000] {processor.py:208} INFO - Processing /home/airflow/.local/lib/python3.12/site-packages/airflow/example_dags/example_display_name.py took 0.040 seconds
[2025-05-19T16:01:52.310+0000] {processor.py:186} INFO - Started process (PID=1601) to work on /home/airflow/.local/lib/python3.12/site-packages/airflow/example_dags/example_display_name.py
[2025-05-19T16:01:52.311+0000] {processor.py:914} INFO - Processing file /home/airflow/.local/lib/python3.12/site-packages/airflow/example_dags/example_display_name.py for tasks to queue
[2025-05-19T16:01:52.313+0000] {logging_mixin.py:190} INFO - [2025-05-19T16:01:52.312+0000] {dagbag.py:588} INFO - Filling up the DagBag from /home/airflow/.local/lib/python3.12/site-packages/airflow/example_dags/example_display_name.py
[2025-05-19T16:01:52.317+0000] {processor.py:925} INFO - DAG(s) 'example_display_name' retrieved from /home/airflow/.local/lib/python3.12/site-packages/airflow/example_dags/example_display_name.py
[2025-05-19T16:01:52.330+0000] {logging_mixin.py:190} INFO - [2025-05-19T16:01:52.330+0000] {dag.py:3239} INFO - Sync 1 DAGs
[2025-05-19T16:01:52.337+0000] {logging_mixin.py:190} INFO - [2025-05-19T16:01:52.336+0000] {dag.py:4180} INFO - Setting next_dagrun for example_display_name to None, run_after=None
[2025-05-19T16:01:52.345+0000] {processor.py:208} INFO - Processing /home/airflow/.local/lib/python3.12/site-packages/airflow/example_dags/example_display_name.py took 0.039 seconds
[2025-05-19T16:02:23.033+0000] {processor.py:186} INFO - Started process (PID=1658) to work on /home/airflow/.local/lib/python3.12/site-packages/airflow/example_dags/example_display_name.py
[2025-05-19T16:02:23.034+0000] {processor.py:914} INFO - Processing file /home/airflow/.local/lib/python3.12/site-packages/airflow/example_dags/example_display_name.py for tasks to queue
[2025-05-19T16:02:23.035+0000] {logging_mixin.py:190} INFO - [2025-05-19T16:02:23.035+0000] {dagbag.py:588} INFO - Filling up the DagBag from /home/airflow/.local/lib/python3.12/site-packages/airflow/example_dags/example_display_name.py
[2025-05-19T16:02:23.039+0000] {processor.py:925} INFO - DAG(s) 'example_display_name' retrieved from /home/airflow/.local/lib/python3.12/site-packages/airflow/example_dags/example_display_name.py
[2025-05-19T16:02:23.050+0000] {logging_mixin.py:190} INFO - [2025-05-19T16:02:23.050+0000] {dag.py:3239} INFO - Sync 1 DAGs
[2025-05-19T16:02:23.060+0000] {logging_mixin.py:190} INFO - [2025-05-19T16:02:23.059+0000] {dag.py:4180} INFO - Setting next_dagrun for example_display_name to None, run_after=None
[2025-05-19T16:02:23.069+0000] {processor.py:208} INFO - Processing /home/airflow/.local/lib/python3.12/site-packages/airflow/example_dags/example_display_name.py took 0.040 seconds
[2025-05-19T16:02:54.057+0000] {processor.py:186} INFO - Started process (PID=1715) to work on /home/airflow/.local/lib/python3.12/site-packages/airflow/example_dags/example_display_name.py
[2025-05-19T16:02:54.060+0000] {processor.py:914} INFO - Processing file /home/airflow/.local/lib/python3.12/site-packages/airflow/example_dags/example_display_name.py for tasks to queue
[2025-05-19T16:02:54.061+0000] {logging_mixin.py:190} INFO - [2025-05-19T16:02:54.061+0000] {dagbag.py:588} INFO - Filling up the DagBag from /home/airflow/.local/lib/python3.12/site-packages/airflow/example_dags/example_display_name.py
[2025-05-19T16:02:54.065+0000] {processor.py:925} INFO - DAG(s) 'example_display_name' retrieved from /home/airflow/.local/lib/python3.12/site-packages/airflow/example_dags/example_display_name.py
[2025-05-19T16:02:54.078+0000] {logging_mixin.py:190} INFO - [2025-05-19T16:02:54.078+0000] {dag.py:3239} INFO - Sync 1 DAGs
[2025-05-19T16:02:54.085+0000] {logging_mixin.py:190} INFO - [2025-05-19T16:02:54.085+0000] {dag.py:4180} INFO - Setting next_dagrun for example_display_name to None, run_after=None
[2025-05-19T16:02:54.094+0000] {processor.py:208} INFO - Processing /home/airflow/.local/lib/python3.12/site-packages/airflow/example_dags/example_display_name.py took 0.039 seconds
[2025-05-19T16:03:25.033+0000] {processor.py:186} INFO - Started process (PID=1772) to work on /home/airflow/.local/lib/python3.12/site-packages/airflow/example_dags/example_display_name.py
[2025-05-19T16:03:25.035+0000] {processor.py:914} INFO - Processing file /home/airflow/.local/lib/python3.12/site-packages/airflow/example_dags/example_display_name.py for tasks to queue
[2025-05-19T16:03:25.037+0000] {logging_mixin.py:190} INFO - [2025-05-19T16:03:25.036+0000] {dagbag.py:588} INFO - Filling up the DagBag from /home/airflow/.local/lib/python3.12/site-packages/airflow/example_dags/example_display_name.py
[2025-05-19T16:03:25.041+0000] {processor.py:925} INFO - DAG(s) 'example_display_name' retrieved from /home/airflow/.local/lib/python3.12/site-packages/airflow/example_dags/example_display_name.py
[2025-05-19T16:03:25.055+0000] {logging_mixin.py:190} INFO - [2025-05-19T16:03:25.055+0000] {dag.py:3239} INFO - Sync 1 DAGs
[2025-05-19T16:03:25.063+0000] {logging_mixin.py:190} INFO - [2025-05-19T16:03:25.063+0000] {dag.py:4180} INFO - Setting next_dagrun for example_display_name to None, run_after=None
[2025-05-19T16:03:25.073+0000] {processor.py:208} INFO - Processing /home/airflow/.local/lib/python3.12/site-packages/airflow/example_dags/example_display_name.py took 0.043 seconds
[2025-05-19T16:03:55.992+0000] {processor.py:186} INFO - Started process (PID=1829) to work on /home/airflow/.local/lib/python3.12/site-packages/airflow/example_dags/example_display_name.py
[2025-05-19T16:03:55.993+0000] {processor.py:914} INFO - Processing file /home/airflow/.local/lib/python3.12/site-packages/airflow/example_dags/example_display_name.py for tasks to queue
[2025-05-19T16:03:55.994+0000] {logging_mixin.py:190} INFO - [2025-05-19T16:03:55.994+0000] {dagbag.py:588} INFO - Filling up the DagBag from /home/airflow/.local/lib/python3.12/site-packages/airflow/example_dags/example_display_name.py
[2025-05-19T16:03:55.999+0000] {processor.py:925} INFO - DAG(s) 'example_display_name' retrieved from /home/airflow/.local/lib/python3.12/site-packages/airflow/example_dags/example_display_name.py
[2025-05-19T16:03:56.009+0000] {logging_mixin.py:190} INFO - [2025-05-19T16:03:56.009+0000] {dag.py:3239} INFO - Sync 1 DAGs
[2025-05-19T16:03:56.016+0000] {logging_mixin.py:190} INFO - [2025-05-19T16:03:56.016+0000] {dag.py:4180} INFO - Setting next_dagrun for example_display_name to None, run_after=None
[2025-05-19T16:03:56.026+0000] {processor.py:208} INFO - Processing /home/airflow/.local/lib/python3.12/site-packages/airflow/example_dags/example_display_name.py took 0.037 seconds
[2025-05-19T16:04:26.676+0000] {processor.py:186} INFO - Started process (PID=1886) to work on /home/airflow/.local/lib/python3.12/site-packages/airflow/example_dags/example_display_name.py
[2025-05-19T16:04:26.677+0000] {processor.py:914} INFO - Processing file /home/airflow/.local/lib/python3.12/site-packages/airflow/example_dags/example_display_name.py for tasks to queue
[2025-05-19T16:04:26.682+0000] {logging_mixin.py:190} INFO - [2025-05-19T16:04:26.681+0000] {dagbag.py:588} INFO - Filling up the DagBag from /home/airflow/.local/lib/python3.12/site-packages/airflow/example_dags/example_display_name.py
[2025-05-19T16:04:26.686+0000] {processor.py:925} INFO - DAG(s) 'example_display_name' retrieved from /home/airflow/.local/lib/python3.12/site-packages/airflow/example_dags/example_display_name.py
[2025-05-19T16:04:26.699+0000] {logging_mixin.py:190} INFO - [2025-05-19T16:04:26.698+0000] {dag.py:3239} INFO - Sync 1 DAGs
[2025-05-19T16:04:26.706+0000] {logging_mixin.py:190} INFO - [2025-05-19T16:04:26.706+0000] {dag.py:4180} INFO - Setting next_dagrun for example_display_name to None, run_after=None
[2025-05-19T16:04:26.716+0000] {processor.py:208} INFO - Processing /home/airflow/.local/lib/python3.12/site-packages/airflow/example_dags/example_display_name.py took 0.043 seconds
[2025-05-19T16:04:57.327+0000] {processor.py:186} INFO - Started process (PID=1943) to work on /home/airflow/.local/lib/python3.12/site-packages/airflow/example_dags/example_display_name.py
[2025-05-19T16:04:57.327+0000] {processor.py:914} INFO - Processing file /home/airflow/.local/lib/python3.12/site-packages/airflow/example_dags/example_display_name.py for tasks to queue
[2025-05-19T16:04:57.329+0000] {logging_mixin.py:190} INFO - [2025-05-19T16:04:57.329+0000] {dagbag.py:588} INFO - Filling up the DagBag from /home/airflow/.local/lib/python3.12/site-packages/airflow/example_dags/example_display_name.py
[2025-05-19T16:04:57.333+0000] {processor.py:925} INFO - DAG(s) 'example_display_name' retrieved from /home/airflow/.local/lib/python3.12/site-packages/airflow/example_dags/example_display_name.py
[2025-05-19T16:04:57.345+0000] {logging_mixin.py:190} INFO - [2025-05-19T16:04:57.345+0000] {dag.py:3239} INFO - Sync 1 DAGs
[2025-05-19T16:04:57.352+0000] {logging_mixin.py:190} INFO - [2025-05-19T16:04:57.352+0000] {dag.py:4180} INFO - Setting next_dagrun for example_display_name to None, run_after=None
[2025-05-19T16:04:57.361+0000] {processor.py:208} INFO - Processing /home/airflow/.local/lib/python3.12/site-packages/airflow/example_dags/example_display_name.py took 0.038 seconds
