[2025-05-19T15:47:58.047+0000] {processor.py:186} INFO - Started process (PID=59) to work on /home/airflow/.local/lib/python3.12/site-packages/airflow/example_dags/example_xcomargs.py
[2025-05-19T15:47:58.048+0000] {processor.py:914} INFO - Processing file /home/airflow/.local/lib/python3.12/site-packages/airflow/example_dags/example_xcomargs.py for tasks to queue
[2025-05-19T15:47:58.050+0000] {logging_mixin.py:190} INFO - [2025-05-19T15:47:58.050+0000] {dagbag.py:588} INFO - Filling up the DagBag from /home/airflow/.local/lib/python3.12/site-packages/airflow/example_dags/example_xcomargs.py
[2025-05-19T15:47:58.056+0000] {processor.py:925} INFO - DAG(s) 'example_xcom_args', 'example_xcom_args_with_operators' retrieved from /home/airflow/.local/lib/python3.12/site-packages/airflow/example_dags/example_xcomargs.py
[2025-05-19T15:47:58.113+0000] {logging_mixin.py:190} INFO - [2025-05-19T15:47:58.112+0000] {override.py:1912} INFO - Created Permission View: can delete on DAG:example_xcom_args
[2025-05-19T15:47:58.118+0000] {logging_mixin.py:190} INFO - [2025-05-19T15:47:58.118+0000] {override.py:1912} INFO - Created Permission View: can read on DAG:example_xcom_args
[2025-05-19T15:47:58.121+0000] {logging_mixin.py:190} INFO - [2025-05-19T15:47:58.120+0000] {override.py:1912} INFO - Created Permission View: can edit on DAG:example_xcom_args
[2025-05-19T15:47:58.124+0000] {logging_mixin.py:190} INFO - [2025-05-19T15:47:58.124+0000] {override.py:1912} INFO - Created Permission View: menu access on DAG Run:example_xcom_args
[2025-05-19T15:47:58.126+0000] {logging_mixin.py:190} INFO - [2025-05-19T15:47:58.126+0000] {override.py:1912} INFO - Created Permission View: can create on DAG Run:example_xcom_args
[2025-05-19T15:47:58.129+0000] {logging_mixin.py:190} INFO - [2025-05-19T15:47:58.129+0000] {override.py:1912} INFO - Created Permission View: can delete on DAG Run:example_xcom_args
[2025-05-19T15:47:58.131+0000] {logging_mixin.py:190} INFO - [2025-05-19T15:47:58.131+0000] {override.py:1912} INFO - Created Permission View: can read on DAG Run:example_xcom_args
[2025-05-19T15:47:58.137+0000] {logging_mixin.py:190} INFO - [2025-05-19T15:47:58.137+0000] {override.py:1912} INFO - Created Permission View: can delete on DAG:example_xcom_args_with_operators
[2025-05-19T15:47:58.140+0000] {logging_mixin.py:190} INFO - [2025-05-19T15:47:58.140+0000] {override.py:1912} INFO - Created Permission View: can read on DAG:example_xcom_args_with_operators
[2025-05-19T15:47:58.143+0000] {logging_mixin.py:190} INFO - [2025-05-19T15:47:58.143+0000] {override.py:1912} INFO - Created Permission View: can edit on DAG:example_xcom_args_with_operators
[2025-05-19T15:47:58.146+0000] {logging_mixin.py:190} INFO - [2025-05-19T15:47:58.145+0000] {override.py:1912} INFO - Created Permission View: menu access on DAG Run:example_xcom_args_with_operators
[2025-05-19T15:47:58.148+0000] {logging_mixin.py:190} INFO - [2025-05-19T15:47:58.148+0000] {override.py:1912} INFO - Created Permission View: can create on DAG Run:example_xcom_args_with_operators
[2025-05-19T15:47:58.150+0000] {logging_mixin.py:190} INFO - [2025-05-19T15:47:58.150+0000] {override.py:1912} INFO - Created Permission View: can delete on DAG Run:example_xcom_args_with_operators
[2025-05-19T15:47:58.153+0000] {logging_mixin.py:190} INFO - [2025-05-19T15:47:58.153+0000] {override.py:1912} INFO - Created Permission View: can read on DAG Run:example_xcom_args_with_operators
[2025-05-19T15:47:58.154+0000] {logging_mixin.py:190} INFO - [2025-05-19T15:47:58.154+0000] {dag.py:3239} INFO - Sync 2 DAGs
[2025-05-19T15:47:58.160+0000] {logging_mixin.py:190} INFO - [2025-05-19T15:47:58.159+0000] {dag.py:3262} INFO - Creating ORM DAG for example_xcom_args
[2025-05-19T15:47:58.160+0000] {logging_mixin.py:190} INFO - [2025-05-19T15:47:58.160+0000] {dag.py:3262} INFO - Creating ORM DAG for example_xcom_args_with_operators
[2025-05-19T15:47:58.161+0000] {logging_mixin.py:190} INFO - [2025-05-19T15:47:58.160+0000] {dag.py:4180} INFO - Setting next_dagrun for example_xcom_args to None, run_after=None
[2025-05-19T15:47:58.161+0000] {logging_mixin.py:190} INFO - [2025-05-19T15:47:58.161+0000] {dag.py:4180} INFO - Setting next_dagrun for example_xcom_args_with_operators to None, run_after=None
[2025-05-19T15:47:58.172+0000] {processor.py:208} INFO - Processing /home/airflow/.local/lib/python3.12/site-packages/airflow/example_dags/example_xcomargs.py took 0.128 seconds
[2025-05-19T15:48:28.392+0000] {processor.py:186} INFO - Started process (PID=116) to work on /home/airflow/.local/lib/python3.12/site-packages/airflow/example_dags/example_xcomargs.py
[2025-05-19T15:48:28.393+0000] {processor.py:914} INFO - Processing file /home/airflow/.local/lib/python3.12/site-packages/airflow/example_dags/example_xcomargs.py for tasks to queue
[2025-05-19T15:48:28.394+0000] {logging_mixin.py:190} INFO - [2025-05-19T15:48:28.394+0000] {dagbag.py:588} INFO - Filling up the DagBag from /home/airflow/.local/lib/python3.12/site-packages/airflow/example_dags/example_xcomargs.py
[2025-05-19T15:48:28.404+0000] {processor.py:925} INFO - DAG(s) 'example_xcom_args', 'example_xcom_args_with_operators' retrieved from /home/airflow/.local/lib/python3.12/site-packages/airflow/example_dags/example_xcomargs.py
[2025-05-19T15:48:28.416+0000] {logging_mixin.py:190} INFO - [2025-05-19T15:48:28.416+0000] {dag.py:3239} INFO - Sync 2 DAGs
[2025-05-19T15:48:28.424+0000] {logging_mixin.py:190} INFO - [2025-05-19T15:48:28.423+0000] {dag.py:4180} INFO - Setting next_dagrun for example_xcom_args to None, run_after=None
[2025-05-19T15:48:28.426+0000] {logging_mixin.py:190} INFO - [2025-05-19T15:48:28.425+0000] {dag.py:4180} INFO - Setting next_dagrun for example_xcom_args_with_operators to None, run_after=None
[2025-05-19T15:48:28.434+0000] {processor.py:208} INFO - Processing /home/airflow/.local/lib/python3.12/site-packages/airflow/example_dags/example_xcomargs.py took 0.044 seconds
[2025-05-19T15:48:59.266+0000] {processor.py:186} INFO - Started process (PID=173) to work on /home/airflow/.local/lib/python3.12/site-packages/airflow/example_dags/example_xcomargs.py
[2025-05-19T15:48:59.267+0000] {processor.py:914} INFO - Processing file /home/airflow/.local/lib/python3.12/site-packages/airflow/example_dags/example_xcomargs.py for tasks to queue
[2025-05-19T15:48:59.269+0000] {logging_mixin.py:190} INFO - [2025-05-19T15:48:59.269+0000] {dagbag.py:588} INFO - Filling up the DagBag from /home/airflow/.local/lib/python3.12/site-packages/airflow/example_dags/example_xcomargs.py
[2025-05-19T15:48:59.274+0000] {processor.py:925} INFO - DAG(s) 'example_xcom_args', 'example_xcom_args_with_operators' retrieved from /home/airflow/.local/lib/python3.12/site-packages/airflow/example_dags/example_xcomargs.py
[2025-05-19T15:48:59.287+0000] {logging_mixin.py:190} INFO - [2025-05-19T15:48:59.287+0000] {dag.py:3239} INFO - Sync 2 DAGs
[2025-05-19T15:48:59.293+0000] {logging_mixin.py:190} INFO - [2025-05-19T15:48:59.293+0000] {dag.py:4180} INFO - Setting next_dagrun for example_xcom_args to None, run_after=None
[2025-05-19T15:48:59.295+0000] {logging_mixin.py:190} INFO - [2025-05-19T15:48:59.295+0000] {dag.py:4180} INFO - Setting next_dagrun for example_xcom_args_with_operators to None, run_after=None
[2025-05-19T15:48:59.302+0000] {processor.py:208} INFO - Processing /home/airflow/.local/lib/python3.12/site-packages/airflow/example_dags/example_xcomargs.py took 0.040 seconds
[2025-05-19T15:49:30.013+0000] {processor.py:186} INFO - Started process (PID=230) to work on /home/airflow/.local/lib/python3.12/site-packages/airflow/example_dags/example_xcomargs.py
[2025-05-19T15:49:30.014+0000] {processor.py:914} INFO - Processing file /home/airflow/.local/lib/python3.12/site-packages/airflow/example_dags/example_xcomargs.py for tasks to queue
[2025-05-19T15:49:30.015+0000] {logging_mixin.py:190} INFO - [2025-05-19T15:49:30.015+0000] {dagbag.py:588} INFO - Filling up the DagBag from /home/airflow/.local/lib/python3.12/site-packages/airflow/example_dags/example_xcomargs.py
[2025-05-19T15:49:30.021+0000] {processor.py:925} INFO - DAG(s) 'example_xcom_args', 'example_xcom_args_with_operators' retrieved from /home/airflow/.local/lib/python3.12/site-packages/airflow/example_dags/example_xcomargs.py
[2025-05-19T15:49:30.032+0000] {logging_mixin.py:190} INFO - [2025-05-19T15:49:30.032+0000] {dag.py:3239} INFO - Sync 2 DAGs
[2025-05-19T15:49:30.038+0000] {logging_mixin.py:190} INFO - [2025-05-19T15:49:30.038+0000] {dag.py:4180} INFO - Setting next_dagrun for example_xcom_args to None, run_after=None
[2025-05-19T15:49:30.040+0000] {logging_mixin.py:190} INFO - [2025-05-19T15:49:30.040+0000] {dag.py:4180} INFO - Setting next_dagrun for example_xcom_args_with_operators to None, run_after=None
[2025-05-19T15:49:30.050+0000] {processor.py:208} INFO - Processing /home/airflow/.local/lib/python3.12/site-packages/airflow/example_dags/example_xcomargs.py took 0.040 seconds
[2025-05-19T15:50:00.960+0000] {processor.py:186} INFO - Started process (PID=287) to work on /home/airflow/.local/lib/python3.12/site-packages/airflow/example_dags/example_xcomargs.py
[2025-05-19T15:50:00.961+0000] {processor.py:914} INFO - Processing file /home/airflow/.local/lib/python3.12/site-packages/airflow/example_dags/example_xcomargs.py for tasks to queue
[2025-05-19T15:50:00.963+0000] {logging_mixin.py:190} INFO - [2025-05-19T15:50:00.962+0000] {dagbag.py:588} INFO - Filling up the DagBag from /home/airflow/.local/lib/python3.12/site-packages/airflow/example_dags/example_xcomargs.py
[2025-05-19T15:50:00.970+0000] {processor.py:925} INFO - DAG(s) 'example_xcom_args', 'example_xcom_args_with_operators' retrieved from /home/airflow/.local/lib/python3.12/site-packages/airflow/example_dags/example_xcomargs.py
[2025-05-19T15:50:00.982+0000] {logging_mixin.py:190} INFO - [2025-05-19T15:50:00.982+0000] {dag.py:3239} INFO - Sync 2 DAGs
[2025-05-19T15:50:00.989+0000] {logging_mixin.py:190} INFO - [2025-05-19T15:50:00.989+0000] {dag.py:4180} INFO - Setting next_dagrun for example_xcom_args to None, run_after=None
[2025-05-19T15:50:00.991+0000] {logging_mixin.py:190} INFO - [2025-05-19T15:50:00.990+0000] {dag.py:4180} INFO - Setting next_dagrun for example_xcom_args_with_operators to None, run_after=None
[2025-05-19T15:50:00.998+0000] {processor.py:208} INFO - Processing /home/airflow/.local/lib/python3.12/site-packages/airflow/example_dags/example_xcomargs.py took 0.041 seconds
[2025-05-19T15:50:31.641+0000] {processor.py:186} INFO - Started process (PID=344) to work on /home/airflow/.local/lib/python3.12/site-packages/airflow/example_dags/example_xcomargs.py
[2025-05-19T15:50:31.644+0000] {processor.py:914} INFO - Processing file /home/airflow/.local/lib/python3.12/site-packages/airflow/example_dags/example_xcomargs.py for tasks to queue
[2025-05-19T15:50:31.645+0000] {logging_mixin.py:190} INFO - [2025-05-19T15:50:31.645+0000] {dagbag.py:588} INFO - Filling up the DagBag from /home/airflow/.local/lib/python3.12/site-packages/airflow/example_dags/example_xcomargs.py
[2025-05-19T15:50:31.651+0000] {processor.py:925} INFO - DAG(s) 'example_xcom_args_with_operators', 'example_xcom_args' retrieved from /home/airflow/.local/lib/python3.12/site-packages/airflow/example_dags/example_xcomargs.py
[2025-05-19T15:50:31.663+0000] {logging_mixin.py:190} INFO - [2025-05-19T15:50:31.663+0000] {dag.py:3239} INFO - Sync 2 DAGs
[2025-05-19T15:50:31.670+0000] {logging_mixin.py:190} INFO - [2025-05-19T15:50:31.670+0000] {dag.py:4180} INFO - Setting next_dagrun for example_xcom_args to None, run_after=None
[2025-05-19T15:50:31.672+0000] {logging_mixin.py:190} INFO - [2025-05-19T15:50:31.672+0000] {dag.py:4180} INFO - Setting next_dagrun for example_xcom_args_with_operators to None, run_after=None
[2025-05-19T15:50:31.680+0000] {processor.py:208} INFO - Processing /home/airflow/.local/lib/python3.12/site-packages/airflow/example_dags/example_xcomargs.py took 0.042 seconds
[2025-05-19T15:51:02.288+0000] {processor.py:186} INFO - Started process (PID=401) to work on /home/airflow/.local/lib/python3.12/site-packages/airflow/example_dags/example_xcomargs.py
[2025-05-19T15:51:02.289+0000] {processor.py:914} INFO - Processing file /home/airflow/.local/lib/python3.12/site-packages/airflow/example_dags/example_xcomargs.py for tasks to queue
[2025-05-19T15:51:02.291+0000] {logging_mixin.py:190} INFO - [2025-05-19T15:51:02.290+0000] {dagbag.py:588} INFO - Filling up the DagBag from /home/airflow/.local/lib/python3.12/site-packages/airflow/example_dags/example_xcomargs.py
[2025-05-19T15:51:02.296+0000] {processor.py:925} INFO - DAG(s) 'example_xcom_args', 'example_xcom_args_with_operators' retrieved from /home/airflow/.local/lib/python3.12/site-packages/airflow/example_dags/example_xcomargs.py
[2025-05-19T15:51:02.307+0000] {logging_mixin.py:190} INFO - [2025-05-19T15:51:02.307+0000] {dag.py:3239} INFO - Sync 2 DAGs
[2025-05-19T15:51:02.316+0000] {logging_mixin.py:190} INFO - [2025-05-19T15:51:02.316+0000] {dag.py:4180} INFO - Setting next_dagrun for example_xcom_args to None, run_after=None
[2025-05-19T15:51:02.317+0000] {logging_mixin.py:190} INFO - [2025-05-19T15:51:02.317+0000] {dag.py:4180} INFO - Setting next_dagrun for example_xcom_args_with_operators to None, run_after=None
[2025-05-19T15:51:02.324+0000] {processor.py:208} INFO - Processing /home/airflow/.local/lib/python3.12/site-packages/airflow/example_dags/example_xcomargs.py took 0.039 seconds
[2025-05-19T15:51:32.814+0000] {processor.py:186} INFO - Started process (PID=458) to work on /home/airflow/.local/lib/python3.12/site-packages/airflow/example_dags/example_xcomargs.py
[2025-05-19T15:51:32.814+0000] {processor.py:914} INFO - Processing file /home/airflow/.local/lib/python3.12/site-packages/airflow/example_dags/example_xcomargs.py for tasks to queue
[2025-05-19T15:51:32.815+0000] {logging_mixin.py:190} INFO - [2025-05-19T15:51:32.815+0000] {dagbag.py:588} INFO - Filling up the DagBag from /home/airflow/.local/lib/python3.12/site-packages/airflow/example_dags/example_xcomargs.py
[2025-05-19T15:51:32.821+0000] {processor.py:925} INFO - DAG(s) 'example_xcom_args', 'example_xcom_args_with_operators' retrieved from /home/airflow/.local/lib/python3.12/site-packages/airflow/example_dags/example_xcomargs.py
[2025-05-19T15:51:32.833+0000] {logging_mixin.py:190} INFO - [2025-05-19T15:51:32.833+0000] {dag.py:3239} INFO - Sync 2 DAGs
[2025-05-19T15:51:32.841+0000] {logging_mixin.py:190} INFO - [2025-05-19T15:51:32.841+0000] {dag.py:4180} INFO - Setting next_dagrun for example_xcom_args to None, run_after=None
[2025-05-19T15:51:32.842+0000] {logging_mixin.py:190} INFO - [2025-05-19T15:51:32.842+0000] {dag.py:4180} INFO - Setting next_dagrun for example_xcom_args_with_operators to None, run_after=None
[2025-05-19T15:51:32.850+0000] {processor.py:208} INFO - Processing /home/airflow/.local/lib/python3.12/site-packages/airflow/example_dags/example_xcomargs.py took 0.039 seconds
[2025-05-19T15:52:03.589+0000] {processor.py:186} INFO - Started process (PID=515) to work on /home/airflow/.local/lib/python3.12/site-packages/airflow/example_dags/example_xcomargs.py
[2025-05-19T15:52:03.590+0000] {processor.py:914} INFO - Processing file /home/airflow/.local/lib/python3.12/site-packages/airflow/example_dags/example_xcomargs.py for tasks to queue
[2025-05-19T15:52:03.591+0000] {logging_mixin.py:190} INFO - [2025-05-19T15:52:03.591+0000] {dagbag.py:588} INFO - Filling up the DagBag from /home/airflow/.local/lib/python3.12/site-packages/airflow/example_dags/example_xcomargs.py
[2025-05-19T15:52:03.598+0000] {processor.py:925} INFO - DAG(s) 'example_xcom_args_with_operators', 'example_xcom_args' retrieved from /home/airflow/.local/lib/python3.12/site-packages/airflow/example_dags/example_xcomargs.py
[2025-05-19T15:52:03.615+0000] {logging_mixin.py:190} INFO - [2025-05-19T15:52:03.615+0000] {dag.py:3239} INFO - Sync 2 DAGs
[2025-05-19T15:52:03.624+0000] {logging_mixin.py:190} INFO - [2025-05-19T15:52:03.624+0000] {dag.py:4180} INFO - Setting next_dagrun for example_xcom_args to None, run_after=None
[2025-05-19T15:52:03.626+0000] {logging_mixin.py:190} INFO - [2025-05-19T15:52:03.626+0000] {dag.py:4180} INFO - Setting next_dagrun for example_xcom_args_with_operators to None, run_after=None
[2025-05-19T15:52:03.637+0000] {processor.py:208} INFO - Processing /home/airflow/.local/lib/python3.12/site-packages/airflow/example_dags/example_xcomargs.py took 0.053 seconds
[2025-05-19T15:52:34.592+0000] {processor.py:186} INFO - Started process (PID=572) to work on /home/airflow/.local/lib/python3.12/site-packages/airflow/example_dags/example_xcomargs.py
[2025-05-19T15:52:34.594+0000] {processor.py:914} INFO - Processing file /home/airflow/.local/lib/python3.12/site-packages/airflow/example_dags/example_xcomargs.py for tasks to queue
[2025-05-19T15:52:34.596+0000] {logging_mixin.py:190} INFO - [2025-05-19T15:52:34.596+0000] {dagbag.py:588} INFO - Filling up the DagBag from /home/airflow/.local/lib/python3.12/site-packages/airflow/example_dags/example_xcomargs.py
[2025-05-19T15:52:34.618+0000] {processor.py:925} INFO - DAG(s) 'example_xcom_args', 'example_xcom_args_with_operators' retrieved from /home/airflow/.local/lib/python3.12/site-packages/airflow/example_dags/example_xcomargs.py
[2025-05-19T15:52:34.634+0000] {logging_mixin.py:190} INFO - [2025-05-19T15:52:34.633+0000] {dag.py:3239} INFO - Sync 2 DAGs
[2025-05-19T15:52:34.643+0000] {logging_mixin.py:190} INFO - [2025-05-19T15:52:34.643+0000] {dag.py:4180} INFO - Setting next_dagrun for example_xcom_args to None, run_after=None
[2025-05-19T15:52:34.646+0000] {logging_mixin.py:190} INFO - [2025-05-19T15:52:34.646+0000] {dag.py:4180} INFO - Setting next_dagrun for example_xcom_args_with_operators to None, run_after=None
[2025-05-19T15:52:34.668+0000] {processor.py:208} INFO - Processing /home/airflow/.local/lib/python3.12/site-packages/airflow/example_dags/example_xcomargs.py took 0.080 seconds
[2025-05-19T15:53:04.896+0000] {processor.py:186} INFO - Started process (PID=628) to work on /home/airflow/.local/lib/python3.12/site-packages/airflow/example_dags/example_xcomargs.py
[2025-05-19T15:53:04.897+0000] {processor.py:914} INFO - Processing file /home/airflow/.local/lib/python3.12/site-packages/airflow/example_dags/example_xcomargs.py for tasks to queue
[2025-05-19T15:53:04.898+0000] {logging_mixin.py:190} INFO - [2025-05-19T15:53:04.898+0000] {dagbag.py:588} INFO - Filling up the DagBag from /home/airflow/.local/lib/python3.12/site-packages/airflow/example_dags/example_xcomargs.py
[2025-05-19T15:53:04.904+0000] {processor.py:925} INFO - DAG(s) 'example_xcom_args', 'example_xcom_args_with_operators' retrieved from /home/airflow/.local/lib/python3.12/site-packages/airflow/example_dags/example_xcomargs.py
[2025-05-19T15:53:04.916+0000] {logging_mixin.py:190} INFO - [2025-05-19T15:53:04.916+0000] {dag.py:3239} INFO - Sync 2 DAGs
[2025-05-19T15:53:04.928+0000] {logging_mixin.py:190} INFO - [2025-05-19T15:53:04.927+0000] {dag.py:4180} INFO - Setting next_dagrun for example_xcom_args to None, run_after=None
[2025-05-19T15:53:04.930+0000] {logging_mixin.py:190} INFO - [2025-05-19T15:53:04.930+0000] {dag.py:4180} INFO - Setting next_dagrun for example_xcom_args_with_operators to None, run_after=None
[2025-05-19T15:53:04.945+0000] {processor.py:208} INFO - Processing /home/airflow/.local/lib/python3.12/site-packages/airflow/example_dags/example_xcomargs.py took 0.052 seconds
[2025-05-19T15:53:35.894+0000] {processor.py:186} INFO - Started process (PID=686) to work on /home/airflow/.local/lib/python3.12/site-packages/airflow/example_dags/example_xcomargs.py
[2025-05-19T15:53:35.895+0000] {processor.py:914} INFO - Processing file /home/airflow/.local/lib/python3.12/site-packages/airflow/example_dags/example_xcomargs.py for tasks to queue
[2025-05-19T15:53:35.896+0000] {logging_mixin.py:190} INFO - [2025-05-19T15:53:35.896+0000] {dagbag.py:588} INFO - Filling up the DagBag from /home/airflow/.local/lib/python3.12/site-packages/airflow/example_dags/example_xcomargs.py
[2025-05-19T15:53:35.902+0000] {processor.py:925} INFO - DAG(s) 'example_xcom_args', 'example_xcom_args_with_operators' retrieved from /home/airflow/.local/lib/python3.12/site-packages/airflow/example_dags/example_xcomargs.py
[2025-05-19T15:53:35.913+0000] {logging_mixin.py:190} INFO - [2025-05-19T15:53:35.913+0000] {dag.py:3239} INFO - Sync 2 DAGs
[2025-05-19T15:53:35.920+0000] {logging_mixin.py:190} INFO - [2025-05-19T15:53:35.920+0000] {dag.py:4180} INFO - Setting next_dagrun for example_xcom_args to None, run_after=None
[2025-05-19T15:53:35.922+0000] {logging_mixin.py:190} INFO - [2025-05-19T15:53:35.922+0000] {dag.py:4180} INFO - Setting next_dagrun for example_xcom_args_with_operators to None, run_after=None
[2025-05-19T15:53:35.930+0000] {processor.py:208} INFO - Processing /home/airflow/.local/lib/python3.12/site-packages/airflow/example_dags/example_xcomargs.py took 0.039 seconds
[2025-05-19T15:54:07.185+0000] {processor.py:186} INFO - Started process (PID=743) to work on /home/airflow/.local/lib/python3.12/site-packages/airflow/example_dags/example_xcomargs.py
[2025-05-19T15:54:07.186+0000] {processor.py:914} INFO - Processing file /home/airflow/.local/lib/python3.12/site-packages/airflow/example_dags/example_xcomargs.py for tasks to queue
[2025-05-19T15:54:07.188+0000] {logging_mixin.py:190} INFO - [2025-05-19T15:54:07.188+0000] {dagbag.py:588} INFO - Filling up the DagBag from /home/airflow/.local/lib/python3.12/site-packages/airflow/example_dags/example_xcomargs.py
[2025-05-19T15:54:07.194+0000] {processor.py:925} INFO - DAG(s) 'example_xcom_args_with_operators', 'example_xcom_args' retrieved from /home/airflow/.local/lib/python3.12/site-packages/airflow/example_dags/example_xcomargs.py
[2025-05-19T15:54:07.208+0000] {logging_mixin.py:190} INFO - [2025-05-19T15:54:07.208+0000] {dag.py:3239} INFO - Sync 2 DAGs
[2025-05-19T15:54:07.216+0000] {logging_mixin.py:190} INFO - [2025-05-19T15:54:07.216+0000] {dag.py:4180} INFO - Setting next_dagrun for example_xcom_args to None, run_after=None
[2025-05-19T15:54:07.219+0000] {logging_mixin.py:190} INFO - [2025-05-19T15:54:07.219+0000] {dag.py:4180} INFO - Setting next_dagrun for example_xcom_args_with_operators to None, run_after=None
[2025-05-19T15:54:07.227+0000] {processor.py:208} INFO - Processing /home/airflow/.local/lib/python3.12/site-packages/airflow/example_dags/example_xcomargs.py took 0.045 seconds
[2025-05-19T15:54:38.388+0000] {processor.py:186} INFO - Started process (PID=800) to work on /home/airflow/.local/lib/python3.12/site-packages/airflow/example_dags/example_xcomargs.py
[2025-05-19T15:54:38.389+0000] {processor.py:914} INFO - Processing file /home/airflow/.local/lib/python3.12/site-packages/airflow/example_dags/example_xcomargs.py for tasks to queue
[2025-05-19T15:54:38.390+0000] {logging_mixin.py:190} INFO - [2025-05-19T15:54:38.390+0000] {dagbag.py:588} INFO - Filling up the DagBag from /home/airflow/.local/lib/python3.12/site-packages/airflow/example_dags/example_xcomargs.py
[2025-05-19T15:54:38.396+0000] {processor.py:925} INFO - DAG(s) 'example_xcom_args', 'example_xcom_args_with_operators' retrieved from /home/airflow/.local/lib/python3.12/site-packages/airflow/example_dags/example_xcomargs.py
[2025-05-19T15:54:38.410+0000] {logging_mixin.py:190} INFO - [2025-05-19T15:54:38.410+0000] {dag.py:3239} INFO - Sync 2 DAGs
[2025-05-19T15:54:38.422+0000] {logging_mixin.py:190} INFO - [2025-05-19T15:54:38.422+0000] {dag.py:4180} INFO - Setting next_dagrun for example_xcom_args to None, run_after=None
[2025-05-19T15:54:38.424+0000] {logging_mixin.py:190} INFO - [2025-05-19T15:54:38.424+0000] {dag.py:4180} INFO - Setting next_dagrun for example_xcom_args_with_operators to None, run_after=None
[2025-05-19T15:54:38.434+0000] {processor.py:208} INFO - Processing /home/airflow/.local/lib/python3.12/site-packages/airflow/example_dags/example_xcomargs.py took 0.050 seconds
[2025-05-19T15:55:09.799+0000] {processor.py:186} INFO - Started process (PID=857) to work on /home/airflow/.local/lib/python3.12/site-packages/airflow/example_dags/example_xcomargs.py
[2025-05-19T15:55:09.800+0000] {processor.py:914} INFO - Processing file /home/airflow/.local/lib/python3.12/site-packages/airflow/example_dags/example_xcomargs.py for tasks to queue
[2025-05-19T15:55:09.801+0000] {logging_mixin.py:190} INFO - [2025-05-19T15:55:09.801+0000] {dagbag.py:588} INFO - Filling up the DagBag from /home/airflow/.local/lib/python3.12/site-packages/airflow/example_dags/example_xcomargs.py
[2025-05-19T15:55:09.807+0000] {processor.py:925} INFO - DAG(s) 'example_xcom_args', 'example_xcom_args_with_operators' retrieved from /home/airflow/.local/lib/python3.12/site-packages/airflow/example_dags/example_xcomargs.py
[2025-05-19T15:55:09.818+0000] {logging_mixin.py:190} INFO - [2025-05-19T15:55:09.818+0000] {dag.py:3239} INFO - Sync 2 DAGs
[2025-05-19T15:55:09.824+0000] {logging_mixin.py:190} INFO - [2025-05-19T15:55:09.824+0000] {dag.py:4180} INFO - Setting next_dagrun for example_xcom_args to None, run_after=None
[2025-05-19T15:55:09.826+0000] {logging_mixin.py:190} INFO - [2025-05-19T15:55:09.826+0000] {dag.py:4180} INFO - Setting next_dagrun for example_xcom_args_with_operators to None, run_after=None
[2025-05-19T15:55:09.834+0000] {processor.py:208} INFO - Processing /home/airflow/.local/lib/python3.12/site-packages/airflow/example_dags/example_xcomargs.py took 0.038 seconds
[2025-05-19T15:55:40.692+0000] {processor.py:186} INFO - Started process (PID=914) to work on /home/airflow/.local/lib/python3.12/site-packages/airflow/example_dags/example_xcomargs.py
[2025-05-19T15:55:40.693+0000] {processor.py:914} INFO - Processing file /home/airflow/.local/lib/python3.12/site-packages/airflow/example_dags/example_xcomargs.py for tasks to queue
[2025-05-19T15:55:40.695+0000] {logging_mixin.py:190} INFO - [2025-05-19T15:55:40.694+0000] {dagbag.py:588} INFO - Filling up the DagBag from /home/airflow/.local/lib/python3.12/site-packages/airflow/example_dags/example_xcomargs.py
[2025-05-19T15:55:40.700+0000] {processor.py:925} INFO - DAG(s) 'example_xcom_args', 'example_xcom_args_with_operators' retrieved from /home/airflow/.local/lib/python3.12/site-packages/airflow/example_dags/example_xcomargs.py
[2025-05-19T15:55:40.713+0000] {logging_mixin.py:190} INFO - [2025-05-19T15:55:40.713+0000] {dag.py:3239} INFO - Sync 2 DAGs
[2025-05-19T15:55:40.720+0000] {logging_mixin.py:190} INFO - [2025-05-19T15:55:40.720+0000] {dag.py:4180} INFO - Setting next_dagrun for example_xcom_args to None, run_after=None
[2025-05-19T15:55:40.724+0000] {logging_mixin.py:190} INFO - [2025-05-19T15:55:40.723+0000] {dag.py:4180} INFO - Setting next_dagrun for example_xcom_args_with_operators to None, run_after=None
[2025-05-19T15:55:40.732+0000] {processor.py:208} INFO - Processing /home/airflow/.local/lib/python3.12/site-packages/airflow/example_dags/example_xcomargs.py took 0.043 seconds
[2025-05-19T15:56:11.786+0000] {processor.py:186} INFO - Started process (PID=971) to work on /home/airflow/.local/lib/python3.12/site-packages/airflow/example_dags/example_xcomargs.py
[2025-05-19T15:56:11.787+0000] {processor.py:914} INFO - Processing file /home/airflow/.local/lib/python3.12/site-packages/airflow/example_dags/example_xcomargs.py for tasks to queue
[2025-05-19T15:56:11.789+0000] {logging_mixin.py:190} INFO - [2025-05-19T15:56:11.789+0000] {dagbag.py:588} INFO - Filling up the DagBag from /home/airflow/.local/lib/python3.12/site-packages/airflow/example_dags/example_xcomargs.py
[2025-05-19T15:56:11.796+0000] {processor.py:925} INFO - DAG(s) 'example_xcom_args_with_operators', 'example_xcom_args' retrieved from /home/airflow/.local/lib/python3.12/site-packages/airflow/example_dags/example_xcomargs.py
[2025-05-19T15:56:11.810+0000] {logging_mixin.py:190} INFO - [2025-05-19T15:56:11.810+0000] {dag.py:3239} INFO - Sync 2 DAGs
[2025-05-19T15:56:11.819+0000] {logging_mixin.py:190} INFO - [2025-05-19T15:56:11.819+0000] {dag.py:4180} INFO - Setting next_dagrun for example_xcom_args to None, run_after=None
[2025-05-19T15:56:11.822+0000] {logging_mixin.py:190} INFO - [2025-05-19T15:56:11.822+0000] {dag.py:4180} INFO - Setting next_dagrun for example_xcom_args_with_operators to None, run_after=None
[2025-05-19T15:56:11.830+0000] {processor.py:208} INFO - Processing /home/airflow/.local/lib/python3.12/site-packages/airflow/example_dags/example_xcomargs.py took 0.047 seconds
[2025-05-19T15:56:42.680+0000] {processor.py:186} INFO - Started process (PID=1028) to work on /home/airflow/.local/lib/python3.12/site-packages/airflow/example_dags/example_xcomargs.py
[2025-05-19T15:56:42.681+0000] {processor.py:914} INFO - Processing file /home/airflow/.local/lib/python3.12/site-packages/airflow/example_dags/example_xcomargs.py for tasks to queue
[2025-05-19T15:56:42.683+0000] {logging_mixin.py:190} INFO - [2025-05-19T15:56:42.683+0000] {dagbag.py:588} INFO - Filling up the DagBag from /home/airflow/.local/lib/python3.12/site-packages/airflow/example_dags/example_xcomargs.py
[2025-05-19T15:56:42.690+0000] {processor.py:925} INFO - DAG(s) 'example_xcom_args_with_operators', 'example_xcom_args' retrieved from /home/airflow/.local/lib/python3.12/site-packages/airflow/example_dags/example_xcomargs.py
[2025-05-19T15:56:42.702+0000] {logging_mixin.py:190} INFO - [2025-05-19T15:56:42.701+0000] {dag.py:3239} INFO - Sync 2 DAGs
[2025-05-19T15:56:42.708+0000] {logging_mixin.py:190} INFO - [2025-05-19T15:56:42.708+0000] {dag.py:4180} INFO - Setting next_dagrun for example_xcom_args to None, run_after=None
[2025-05-19T15:56:42.712+0000] {logging_mixin.py:190} INFO - [2025-05-19T15:56:42.712+0000] {dag.py:4180} INFO - Setting next_dagrun for example_xcom_args_with_operators to None, run_after=None
[2025-05-19T15:56:42.719+0000] {processor.py:208} INFO - Processing /home/airflow/.local/lib/python3.12/site-packages/airflow/example_dags/example_xcomargs.py took 0.042 seconds
[2025-05-19T15:57:13.690+0000] {processor.py:186} INFO - Started process (PID=1085) to work on /home/airflow/.local/lib/python3.12/site-packages/airflow/example_dags/example_xcomargs.py
[2025-05-19T15:57:13.693+0000] {processor.py:914} INFO - Processing file /home/airflow/.local/lib/python3.12/site-packages/airflow/example_dags/example_xcomargs.py for tasks to queue
[2025-05-19T15:57:13.694+0000] {logging_mixin.py:190} INFO - [2025-05-19T15:57:13.694+0000] {dagbag.py:588} INFO - Filling up the DagBag from /home/airflow/.local/lib/python3.12/site-packages/airflow/example_dags/example_xcomargs.py
[2025-05-19T15:57:13.699+0000] {processor.py:925} INFO - DAG(s) 'example_xcom_args', 'example_xcom_args_with_operators' retrieved from /home/airflow/.local/lib/python3.12/site-packages/airflow/example_dags/example_xcomargs.py
[2025-05-19T15:57:13.712+0000] {logging_mixin.py:190} INFO - [2025-05-19T15:57:13.712+0000] {dag.py:3239} INFO - Sync 2 DAGs
[2025-05-19T15:57:13.719+0000] {logging_mixin.py:190} INFO - [2025-05-19T15:57:13.719+0000] {dag.py:4180} INFO - Setting next_dagrun for example_xcom_args to None, run_after=None
[2025-05-19T15:57:13.721+0000] {logging_mixin.py:190} INFO - [2025-05-19T15:57:13.721+0000] {dag.py:4180} INFO - Setting next_dagrun for example_xcom_args_with_operators to None, run_after=None
[2025-05-19T15:57:13.729+0000] {processor.py:208} INFO - Processing /home/airflow/.local/lib/python3.12/site-packages/airflow/example_dags/example_xcomargs.py took 0.041 seconds
[2025-05-19T15:57:44.621+0000] {processor.py:186} INFO - Started process (PID=1142) to work on /home/airflow/.local/lib/python3.12/site-packages/airflow/example_dags/example_xcomargs.py
[2025-05-19T15:57:44.621+0000] {processor.py:914} INFO - Processing file /home/airflow/.local/lib/python3.12/site-packages/airflow/example_dags/example_xcomargs.py for tasks to queue
[2025-05-19T15:57:44.623+0000] {logging_mixin.py:190} INFO - [2025-05-19T15:57:44.623+0000] {dagbag.py:588} INFO - Filling up the DagBag from /home/airflow/.local/lib/python3.12/site-packages/airflow/example_dags/example_xcomargs.py
[2025-05-19T15:57:44.628+0000] {processor.py:925} INFO - DAG(s) 'example_xcom_args_with_operators', 'example_xcom_args' retrieved from /home/airflow/.local/lib/python3.12/site-packages/airflow/example_dags/example_xcomargs.py
[2025-05-19T15:57:44.641+0000] {logging_mixin.py:190} INFO - [2025-05-19T15:57:44.641+0000] {dag.py:3239} INFO - Sync 2 DAGs
[2025-05-19T15:57:44.648+0000] {logging_mixin.py:190} INFO - [2025-05-19T15:57:44.648+0000] {dag.py:4180} INFO - Setting next_dagrun for example_xcom_args to None, run_after=None
[2025-05-19T15:57:44.650+0000] {logging_mixin.py:190} INFO - [2025-05-19T15:57:44.650+0000] {dag.py:4180} INFO - Setting next_dagrun for example_xcom_args_with_operators to None, run_after=None
[2025-05-19T15:57:44.658+0000] {processor.py:208} INFO - Processing /home/airflow/.local/lib/python3.12/site-packages/airflow/example_dags/example_xcomargs.py took 0.041 seconds
[2025-05-19T15:58:15.574+0000] {processor.py:186} INFO - Started process (PID=1199) to work on /home/airflow/.local/lib/python3.12/site-packages/airflow/example_dags/example_xcomargs.py
[2025-05-19T15:58:15.574+0000] {processor.py:914} INFO - Processing file /home/airflow/.local/lib/python3.12/site-packages/airflow/example_dags/example_xcomargs.py for tasks to queue
[2025-05-19T15:58:15.575+0000] {logging_mixin.py:190} INFO - [2025-05-19T15:58:15.575+0000] {dagbag.py:588} INFO - Filling up the DagBag from /home/airflow/.local/lib/python3.12/site-packages/airflow/example_dags/example_xcomargs.py
[2025-05-19T15:58:15.581+0000] {processor.py:925} INFO - DAG(s) 'example_xcom_args_with_operators', 'example_xcom_args' retrieved from /home/airflow/.local/lib/python3.12/site-packages/airflow/example_dags/example_xcomargs.py
[2025-05-19T15:58:15.594+0000] {logging_mixin.py:190} INFO - [2025-05-19T15:58:15.594+0000] {dag.py:3239} INFO - Sync 2 DAGs
[2025-05-19T15:58:15.601+0000] {logging_mixin.py:190} INFO - [2025-05-19T15:58:15.601+0000] {dag.py:4180} INFO - Setting next_dagrun for example_xcom_args to None, run_after=None
[2025-05-19T15:58:15.603+0000] {logging_mixin.py:190} INFO - [2025-05-19T15:58:15.603+0000] {dag.py:4180} INFO - Setting next_dagrun for example_xcom_args_with_operators to None, run_after=None
[2025-05-19T15:58:15.611+0000] {processor.py:208} INFO - Processing /home/airflow/.local/lib/python3.12/site-packages/airflow/example_dags/example_xcomargs.py took 0.040 seconds
[2025-05-19T15:58:46.271+0000] {processor.py:186} INFO - Started process (PID=1255) to work on /home/airflow/.local/lib/python3.12/site-packages/airflow/example_dags/example_xcomargs.py
[2025-05-19T15:58:46.271+0000] {processor.py:914} INFO - Processing file /home/airflow/.local/lib/python3.12/site-packages/airflow/example_dags/example_xcomargs.py for tasks to queue
[2025-05-19T15:58:46.273+0000] {logging_mixin.py:190} INFO - [2025-05-19T15:58:46.273+0000] {dagbag.py:588} INFO - Filling up the DagBag from /home/airflow/.local/lib/python3.12/site-packages/airflow/example_dags/example_xcomargs.py
[2025-05-19T15:58:46.279+0000] {processor.py:925} INFO - DAG(s) 'example_xcom_args', 'example_xcom_args_with_operators' retrieved from /home/airflow/.local/lib/python3.12/site-packages/airflow/example_dags/example_xcomargs.py
[2025-05-19T15:58:46.293+0000] {logging_mixin.py:190} INFO - [2025-05-19T15:58:46.293+0000] {dag.py:3239} INFO - Sync 2 DAGs
[2025-05-19T15:58:46.301+0000] {logging_mixin.py:190} INFO - [2025-05-19T15:58:46.301+0000] {dag.py:4180} INFO - Setting next_dagrun for example_xcom_args to None, run_after=None
[2025-05-19T15:58:46.303+0000] {logging_mixin.py:190} INFO - [2025-05-19T15:58:46.303+0000] {dag.py:4180} INFO - Setting next_dagrun for example_xcom_args_with_operators to None, run_after=None
[2025-05-19T15:58:46.312+0000] {processor.py:208} INFO - Processing /home/airflow/.local/lib/python3.12/site-packages/airflow/example_dags/example_xcomargs.py took 0.045 seconds
[2025-05-19T15:59:17.273+0000] {processor.py:186} INFO - Started process (PID=1312) to work on /home/airflow/.local/lib/python3.12/site-packages/airflow/example_dags/example_xcomargs.py
[2025-05-19T15:59:17.273+0000] {processor.py:914} INFO - Processing file /home/airflow/.local/lib/python3.12/site-packages/airflow/example_dags/example_xcomargs.py for tasks to queue
[2025-05-19T15:59:17.274+0000] {logging_mixin.py:190} INFO - [2025-05-19T15:59:17.274+0000] {dagbag.py:588} INFO - Filling up the DagBag from /home/airflow/.local/lib/python3.12/site-packages/airflow/example_dags/example_xcomargs.py
[2025-05-19T15:59:17.280+0000] {processor.py:925} INFO - DAG(s) 'example_xcom_args_with_operators', 'example_xcom_args' retrieved from /home/airflow/.local/lib/python3.12/site-packages/airflow/example_dags/example_xcomargs.py
[2025-05-19T15:59:17.294+0000] {logging_mixin.py:190} INFO - [2025-05-19T15:59:17.294+0000] {dag.py:3239} INFO - Sync 2 DAGs
[2025-05-19T15:59:17.303+0000] {logging_mixin.py:190} INFO - [2025-05-19T15:59:17.303+0000] {dag.py:4180} INFO - Setting next_dagrun for example_xcom_args to None, run_after=None
[2025-05-19T15:59:17.305+0000] {logging_mixin.py:190} INFO - [2025-05-19T15:59:17.305+0000] {dag.py:4180} INFO - Setting next_dagrun for example_xcom_args_with_operators to None, run_after=None
[2025-05-19T15:59:17.315+0000] {processor.py:208} INFO - Processing /home/airflow/.local/lib/python3.12/site-packages/airflow/example_dags/example_xcomargs.py took 0.046 seconds
[2025-05-19T15:59:48.275+0000] {processor.py:186} INFO - Started process (PID=1369) to work on /home/airflow/.local/lib/python3.12/site-packages/airflow/example_dags/example_xcomargs.py
[2025-05-19T15:59:48.276+0000] {processor.py:914} INFO - Processing file /home/airflow/.local/lib/python3.12/site-packages/airflow/example_dags/example_xcomargs.py for tasks to queue
[2025-05-19T15:59:48.277+0000] {logging_mixin.py:190} INFO - [2025-05-19T15:59:48.277+0000] {dagbag.py:588} INFO - Filling up the DagBag from /home/airflow/.local/lib/python3.12/site-packages/airflow/example_dags/example_xcomargs.py
[2025-05-19T15:59:48.283+0000] {processor.py:925} INFO - DAG(s) 'example_xcom_args_with_operators', 'example_xcom_args' retrieved from /home/airflow/.local/lib/python3.12/site-packages/airflow/example_dags/example_xcomargs.py
[2025-05-19T15:59:48.295+0000] {logging_mixin.py:190} INFO - [2025-05-19T15:59:48.295+0000] {dag.py:3239} INFO - Sync 2 DAGs
[2025-05-19T15:59:48.302+0000] {logging_mixin.py:190} INFO - [2025-05-19T15:59:48.302+0000] {dag.py:4180} INFO - Setting next_dagrun for example_xcom_args to None, run_after=None
[2025-05-19T15:59:48.304+0000] {logging_mixin.py:190} INFO - [2025-05-19T15:59:48.304+0000] {dag.py:4180} INFO - Setting next_dagrun for example_xcom_args_with_operators to None, run_after=None
[2025-05-19T15:59:48.312+0000] {processor.py:208} INFO - Processing /home/airflow/.local/lib/python3.12/site-packages/airflow/example_dags/example_xcomargs.py took 0.040 seconds
[2025-05-19T16:00:19.180+0000] {processor.py:186} INFO - Started process (PID=1426) to work on /home/airflow/.local/lib/python3.12/site-packages/airflow/example_dags/example_xcomargs.py
[2025-05-19T16:00:19.181+0000] {processor.py:914} INFO - Processing file /home/airflow/.local/lib/python3.12/site-packages/airflow/example_dags/example_xcomargs.py for tasks to queue
[2025-05-19T16:00:19.183+0000] {logging_mixin.py:190} INFO - [2025-05-19T16:00:19.183+0000] {dagbag.py:588} INFO - Filling up the DagBag from /home/airflow/.local/lib/python3.12/site-packages/airflow/example_dags/example_xcomargs.py
[2025-05-19T16:00:19.196+0000] {processor.py:925} INFO - DAG(s) 'example_xcom_args', 'example_xcom_args_with_operators' retrieved from /home/airflow/.local/lib/python3.12/site-packages/airflow/example_dags/example_xcomargs.py
[2025-05-19T16:00:19.220+0000] {logging_mixin.py:190} INFO - [2025-05-19T16:00:19.220+0000] {dag.py:3239} INFO - Sync 2 DAGs
[2025-05-19T16:00:19.229+0000] {logging_mixin.py:190} INFO - [2025-05-19T16:00:19.228+0000] {dag.py:4180} INFO - Setting next_dagrun for example_xcom_args to None, run_after=None
[2025-05-19T16:00:19.231+0000] {logging_mixin.py:190} INFO - [2025-05-19T16:00:19.231+0000] {dag.py:4180} INFO - Setting next_dagrun for example_xcom_args_with_operators to None, run_after=None
[2025-05-19T16:00:19.243+0000] {processor.py:208} INFO - Processing /home/airflow/.local/lib/python3.12/site-packages/airflow/example_dags/example_xcomargs.py took 0.071 seconds
[2025-05-19T16:00:50.327+0000] {processor.py:186} INFO - Started process (PID=1483) to work on /home/airflow/.local/lib/python3.12/site-packages/airflow/example_dags/example_xcomargs.py
[2025-05-19T16:00:50.327+0000] {processor.py:914} INFO - Processing file /home/airflow/.local/lib/python3.12/site-packages/airflow/example_dags/example_xcomargs.py for tasks to queue
[2025-05-19T16:00:50.329+0000] {logging_mixin.py:190} INFO - [2025-05-19T16:00:50.329+0000] {dagbag.py:588} INFO - Filling up the DagBag from /home/airflow/.local/lib/python3.12/site-packages/airflow/example_dags/example_xcomargs.py
[2025-05-19T16:00:50.335+0000] {processor.py:925} INFO - DAG(s) 'example_xcom_args', 'example_xcom_args_with_operators' retrieved from /home/airflow/.local/lib/python3.12/site-packages/airflow/example_dags/example_xcomargs.py
[2025-05-19T16:00:50.356+0000] {logging_mixin.py:190} INFO - [2025-05-19T16:00:50.356+0000] {dag.py:3239} INFO - Sync 2 DAGs
[2025-05-19T16:00:50.365+0000] {logging_mixin.py:190} INFO - [2025-05-19T16:00:50.365+0000] {dag.py:4180} INFO - Setting next_dagrun for example_xcom_args to None, run_after=None
[2025-05-19T16:00:50.370+0000] {logging_mixin.py:190} INFO - [2025-05-19T16:00:50.370+0000] {dag.py:4180} INFO - Setting next_dagrun for example_xcom_args_with_operators to None, run_after=None
[2025-05-19T16:00:50.381+0000] {processor.py:208} INFO - Processing /home/airflow/.local/lib/python3.12/site-packages/airflow/example_dags/example_xcomargs.py took 0.057 seconds
[2025-05-19T16:01:21.286+0000] {processor.py:186} INFO - Started process (PID=1540) to work on /home/airflow/.local/lib/python3.12/site-packages/airflow/example_dags/example_xcomargs.py
[2025-05-19T16:01:21.287+0000] {processor.py:914} INFO - Processing file /home/airflow/.local/lib/python3.12/site-packages/airflow/example_dags/example_xcomargs.py for tasks to queue
[2025-05-19T16:01:21.288+0000] {logging_mixin.py:190} INFO - [2025-05-19T16:01:21.288+0000] {dagbag.py:588} INFO - Filling up the DagBag from /home/airflow/.local/lib/python3.12/site-packages/airflow/example_dags/example_xcomargs.py
[2025-05-19T16:01:21.294+0000] {processor.py:925} INFO - DAG(s) 'example_xcom_args_with_operators', 'example_xcom_args' retrieved from /home/airflow/.local/lib/python3.12/site-packages/airflow/example_dags/example_xcomargs.py
[2025-05-19T16:01:21.306+0000] {logging_mixin.py:190} INFO - [2025-05-19T16:01:21.306+0000] {dag.py:3239} INFO - Sync 2 DAGs
[2025-05-19T16:01:21.314+0000] {logging_mixin.py:190} INFO - [2025-05-19T16:01:21.314+0000] {dag.py:4180} INFO - Setting next_dagrun for example_xcom_args to None, run_after=None
[2025-05-19T16:01:21.316+0000] {logging_mixin.py:190} INFO - [2025-05-19T16:01:21.316+0000] {dag.py:4180} INFO - Setting next_dagrun for example_xcom_args_with_operators to None, run_after=None
[2025-05-19T16:01:21.324+0000] {processor.py:208} INFO - Processing /home/airflow/.local/lib/python3.12/site-packages/airflow/example_dags/example_xcomargs.py took 0.041 seconds
[2025-05-19T16:01:52.191+0000] {processor.py:186} INFO - Started process (PID=1597) to work on /home/airflow/.local/lib/python3.12/site-packages/airflow/example_dags/example_xcomargs.py
[2025-05-19T16:01:52.192+0000] {processor.py:914} INFO - Processing file /home/airflow/.local/lib/python3.12/site-packages/airflow/example_dags/example_xcomargs.py for tasks to queue
[2025-05-19T16:01:52.193+0000] {logging_mixin.py:190} INFO - [2025-05-19T16:01:52.193+0000] {dagbag.py:588} INFO - Filling up the DagBag from /home/airflow/.local/lib/python3.12/site-packages/airflow/example_dags/example_xcomargs.py
[2025-05-19T16:01:52.201+0000] {processor.py:925} INFO - DAG(s) 'example_xcom_args_with_operators', 'example_xcom_args' retrieved from /home/airflow/.local/lib/python3.12/site-packages/airflow/example_dags/example_xcomargs.py
[2025-05-19T16:01:52.215+0000] {logging_mixin.py:190} INFO - [2025-05-19T16:01:52.215+0000] {dag.py:3239} INFO - Sync 2 DAGs
[2025-05-19T16:01:52.222+0000] {logging_mixin.py:190} INFO - [2025-05-19T16:01:52.222+0000] {dag.py:4180} INFO - Setting next_dagrun for example_xcom_args to None, run_after=None
[2025-05-19T16:01:52.224+0000] {logging_mixin.py:190} INFO - [2025-05-19T16:01:52.224+0000] {dag.py:4180} INFO - Setting next_dagrun for example_xcom_args_with_operators to None, run_after=None
[2025-05-19T16:01:52.232+0000] {processor.py:208} INFO - Processing /home/airflow/.local/lib/python3.12/site-packages/airflow/example_dags/example_xcomargs.py took 0.044 seconds
[2025-05-19T16:02:22.912+0000] {processor.py:186} INFO - Started process (PID=1654) to work on /home/airflow/.local/lib/python3.12/site-packages/airflow/example_dags/example_xcomargs.py
[2025-05-19T16:02:22.913+0000] {processor.py:914} INFO - Processing file /home/airflow/.local/lib/python3.12/site-packages/airflow/example_dags/example_xcomargs.py for tasks to queue
[2025-05-19T16:02:22.914+0000] {logging_mixin.py:190} INFO - [2025-05-19T16:02:22.914+0000] {dagbag.py:588} INFO - Filling up the DagBag from /home/airflow/.local/lib/python3.12/site-packages/airflow/example_dags/example_xcomargs.py
[2025-05-19T16:02:22.921+0000] {processor.py:925} INFO - DAG(s) 'example_xcom_args', 'example_xcom_args_with_operators' retrieved from /home/airflow/.local/lib/python3.12/site-packages/airflow/example_dags/example_xcomargs.py
[2025-05-19T16:02:22.933+0000] {logging_mixin.py:190} INFO - [2025-05-19T16:02:22.933+0000] {dag.py:3239} INFO - Sync 2 DAGs
[2025-05-19T16:02:22.942+0000] {logging_mixin.py:190} INFO - [2025-05-19T16:02:22.941+0000] {dag.py:4180} INFO - Setting next_dagrun for example_xcom_args to None, run_after=None
[2025-05-19T16:02:22.944+0000] {logging_mixin.py:190} INFO - [2025-05-19T16:02:22.944+0000] {dag.py:4180} INFO - Setting next_dagrun for example_xcom_args_with_operators to None, run_after=None
[2025-05-19T16:02:22.952+0000] {processor.py:208} INFO - Processing /home/airflow/.local/lib/python3.12/site-packages/airflow/example_dags/example_xcomargs.py took 0.043 seconds
[2025-05-19T16:02:53.935+0000] {processor.py:186} INFO - Started process (PID=1711) to work on /home/airflow/.local/lib/python3.12/site-packages/airflow/example_dags/example_xcomargs.py
[2025-05-19T16:02:53.937+0000] {processor.py:914} INFO - Processing file /home/airflow/.local/lib/python3.12/site-packages/airflow/example_dags/example_xcomargs.py for tasks to queue
[2025-05-19T16:02:53.938+0000] {logging_mixin.py:190} INFO - [2025-05-19T16:02:53.938+0000] {dagbag.py:588} INFO - Filling up the DagBag from /home/airflow/.local/lib/python3.12/site-packages/airflow/example_dags/example_xcomargs.py
[2025-05-19T16:02:53.944+0000] {processor.py:925} INFO - DAG(s) 'example_xcom_args_with_operators', 'example_xcom_args' retrieved from /home/airflow/.local/lib/python3.12/site-packages/airflow/example_dags/example_xcomargs.py
[2025-05-19T16:02:53.957+0000] {logging_mixin.py:190} INFO - [2025-05-19T16:02:53.957+0000] {dag.py:3239} INFO - Sync 2 DAGs
[2025-05-19T16:02:53.964+0000] {logging_mixin.py:190} INFO - [2025-05-19T16:02:53.964+0000] {dag.py:4180} INFO - Setting next_dagrun for example_xcom_args to None, run_after=None
[2025-05-19T16:02:53.968+0000] {logging_mixin.py:190} INFO - [2025-05-19T16:02:53.968+0000] {dag.py:4180} INFO - Setting next_dagrun for example_xcom_args_with_operators to None, run_after=None
[2025-05-19T16:02:53.977+0000] {processor.py:208} INFO - Processing /home/airflow/.local/lib/python3.12/site-packages/airflow/example_dags/example_xcomargs.py took 0.045 seconds
[2025-05-19T16:03:24.917+0000] {processor.py:186} INFO - Started process (PID=1768) to work on /home/airflow/.local/lib/python3.12/site-packages/airflow/example_dags/example_xcomargs.py
[2025-05-19T16:03:24.918+0000] {processor.py:914} INFO - Processing file /home/airflow/.local/lib/python3.12/site-packages/airflow/example_dags/example_xcomargs.py for tasks to queue
[2025-05-19T16:03:24.919+0000] {logging_mixin.py:190} INFO - [2025-05-19T16:03:24.919+0000] {dagbag.py:588} INFO - Filling up the DagBag from /home/airflow/.local/lib/python3.12/site-packages/airflow/example_dags/example_xcomargs.py
[2025-05-19T16:03:24.925+0000] {processor.py:925} INFO - DAG(s) 'example_xcom_args_with_operators', 'example_xcom_args' retrieved from /home/airflow/.local/lib/python3.12/site-packages/airflow/example_dags/example_xcomargs.py
[2025-05-19T16:03:24.938+0000] {logging_mixin.py:190} INFO - [2025-05-19T16:03:24.938+0000] {dag.py:3239} INFO - Sync 2 DAGs
[2025-05-19T16:03:24.946+0000] {logging_mixin.py:190} INFO - [2025-05-19T16:03:24.946+0000] {dag.py:4180} INFO - Setting next_dagrun for example_xcom_args to None, run_after=None
[2025-05-19T16:03:24.948+0000] {logging_mixin.py:190} INFO - [2025-05-19T16:03:24.948+0000] {dag.py:4180} INFO - Setting next_dagrun for example_xcom_args_with_operators to None, run_after=None
[2025-05-19T16:03:24.956+0000] {processor.py:208} INFO - Processing /home/airflow/.local/lib/python3.12/site-packages/airflow/example_dags/example_xcomargs.py took 0.042 seconds
[2025-05-19T16:03:55.856+0000] {processor.py:186} INFO - Started process (PID=1825) to work on /home/airflow/.local/lib/python3.12/site-packages/airflow/example_dags/example_xcomargs.py
[2025-05-19T16:03:55.857+0000] {processor.py:914} INFO - Processing file /home/airflow/.local/lib/python3.12/site-packages/airflow/example_dags/example_xcomargs.py for tasks to queue
[2025-05-19T16:03:55.859+0000] {logging_mixin.py:190} INFO - [2025-05-19T16:03:55.858+0000] {dagbag.py:588} INFO - Filling up the DagBag from /home/airflow/.local/lib/python3.12/site-packages/airflow/example_dags/example_xcomargs.py
[2025-05-19T16:03:55.867+0000] {processor.py:925} INFO - DAG(s) 'example_xcom_args_with_operators', 'example_xcom_args' retrieved from /home/airflow/.local/lib/python3.12/site-packages/airflow/example_dags/example_xcomargs.py
[2025-05-19T16:03:55.883+0000] {logging_mixin.py:190} INFO - [2025-05-19T16:03:55.882+0000] {dag.py:3239} INFO - Sync 2 DAGs
[2025-05-19T16:03:55.892+0000] {logging_mixin.py:190} INFO - [2025-05-19T16:03:55.892+0000] {dag.py:4180} INFO - Setting next_dagrun for example_xcom_args to None, run_after=None
[2025-05-19T16:03:55.894+0000] {logging_mixin.py:190} INFO - [2025-05-19T16:03:55.894+0000] {dag.py:4180} INFO - Setting next_dagrun for example_xcom_args_with_operators to None, run_after=None
[2025-05-19T16:03:55.903+0000] {processor.py:208} INFO - Processing /home/airflow/.local/lib/python3.12/site-packages/airflow/example_dags/example_xcomargs.py took 0.050 seconds
[2025-05-19T16:04:26.561+0000] {processor.py:186} INFO - Started process (PID=1882) to work on /home/airflow/.local/lib/python3.12/site-packages/airflow/example_dags/example_xcomargs.py
[2025-05-19T16:04:26.561+0000] {processor.py:914} INFO - Processing file /home/airflow/.local/lib/python3.12/site-packages/airflow/example_dags/example_xcomargs.py for tasks to queue
[2025-05-19T16:04:26.564+0000] {logging_mixin.py:190} INFO - [2025-05-19T16:04:26.563+0000] {dagbag.py:588} INFO - Filling up the DagBag from /home/airflow/.local/lib/python3.12/site-packages/airflow/example_dags/example_xcomargs.py
[2025-05-19T16:04:26.569+0000] {processor.py:925} INFO - DAG(s) 'example_xcom_args_with_operators', 'example_xcom_args' retrieved from /home/airflow/.local/lib/python3.12/site-packages/airflow/example_dags/example_xcomargs.py
[2025-05-19T16:04:26.581+0000] {logging_mixin.py:190} INFO - [2025-05-19T16:04:26.581+0000] {dag.py:3239} INFO - Sync 2 DAGs
[2025-05-19T16:04:26.589+0000] {logging_mixin.py:190} INFO - [2025-05-19T16:04:26.588+0000] {dag.py:4180} INFO - Setting next_dagrun for example_xcom_args to None, run_after=None
[2025-05-19T16:04:26.590+0000] {logging_mixin.py:190} INFO - [2025-05-19T16:04:26.590+0000] {dag.py:4180} INFO - Setting next_dagrun for example_xcom_args_with_operators to None, run_after=None
[2025-05-19T16:04:26.598+0000] {processor.py:208} INFO - Processing /home/airflow/.local/lib/python3.12/site-packages/airflow/example_dags/example_xcomargs.py took 0.040 seconds
[2025-05-19T16:04:57.194+0000] {processor.py:186} INFO - Started process (PID=1939) to work on /home/airflow/.local/lib/python3.12/site-packages/airflow/example_dags/example_xcomargs.py
[2025-05-19T16:04:57.196+0000] {processor.py:914} INFO - Processing file /home/airflow/.local/lib/python3.12/site-packages/airflow/example_dags/example_xcomargs.py for tasks to queue
[2025-05-19T16:04:57.198+0000] {logging_mixin.py:190} INFO - [2025-05-19T16:04:57.197+0000] {dagbag.py:588} INFO - Filling up the DagBag from /home/airflow/.local/lib/python3.12/site-packages/airflow/example_dags/example_xcomargs.py
[2025-05-19T16:04:57.204+0000] {processor.py:925} INFO - DAG(s) 'example_xcom_args', 'example_xcom_args_with_operators' retrieved from /home/airflow/.local/lib/python3.12/site-packages/airflow/example_dags/example_xcomargs.py
[2025-05-19T16:04:57.217+0000] {logging_mixin.py:190} INFO - [2025-05-19T16:04:57.217+0000] {dag.py:3239} INFO - Sync 2 DAGs
[2025-05-19T16:04:57.225+0000] {logging_mixin.py:190} INFO - [2025-05-19T16:04:57.225+0000] {dag.py:4180} INFO - Setting next_dagrun for example_xcom_args to None, run_after=None
[2025-05-19T16:04:57.230+0000] {logging_mixin.py:190} INFO - [2025-05-19T16:04:57.230+0000] {dag.py:4180} INFO - Setting next_dagrun for example_xcom_args_with_operators to None, run_after=None
[2025-05-19T16:04:57.240+0000] {processor.py:208} INFO - Processing /home/airflow/.local/lib/python3.12/site-packages/airflow/example_dags/example_xcomargs.py took 0.049 seconds
