[2025-05-19T15:47:59.334+0000] {processor.py:186} INFO - Started process (PID=72) to work on /home/airflow/.local/lib/python3.12/site-packages/airflow/example_dags/example_dataset_alias_with_no_taskflow.py
[2025-05-19T15:47:59.335+0000] {processor.py:914} INFO - Processing file /home/airflow/.local/lib/python3.12/site-packages/airflow/example_dags/example_dataset_alias_with_no_taskflow.py for tasks to queue
[2025-05-19T15:47:59.338+0000] {logging_mixin.py:190} INFO - [2025-05-19T15:47:59.338+0000] {dagbag.py:588} INFO - Filling up the DagBag from /home/airflow/.local/lib/python3.12/site-packages/airflow/example_dags/example_dataset_alias_with_no_taskflow.py
[2025-05-19T15:47:59.644+0000] {processor.py:925} INFO - DAG(s) 'dataset_s3_bucket_consumer_with_no_taskflow', 'dataset_alias_example_alias_consumer_with_no_taskflow', 'dataset_s3_bucket_producer_with_no_taskflow', 'dataset_alias_example_alias_producer_with_no_taskflow' retrieved from /home/airflow/.local/lib/python3.12/site-packages/airflow/example_dags/example_dataset_alias_with_no_taskflow.py
[2025-05-19T15:47:59.682+0000] {logging_mixin.py:190} INFO - [2025-05-19T15:47:59.681+0000] {override.py:1912} INFO - Created Permission View: can delete on DAG:dataset_s3_bucket_consumer_with_no_taskflow
[2025-05-19T15:47:59.686+0000] {logging_mixin.py:190} INFO - [2025-05-19T15:47:59.686+0000] {override.py:1912} INFO - Created Permission View: can read on DAG:dataset_s3_bucket_consumer_with_no_taskflow
[2025-05-19T15:47:59.690+0000] {logging_mixin.py:190} INFO - [2025-05-19T15:47:59.690+0000] {override.py:1912} INFO - Created Permission View: can edit on DAG:dataset_s3_bucket_consumer_with_no_taskflow
[2025-05-19T15:47:59.692+0000] {logging_mixin.py:190} INFO - [2025-05-19T15:47:59.692+0000] {override.py:1912} INFO - Created Permission View: menu access on DAG Run:dataset_s3_bucket_consumer_with_no_taskflow
[2025-05-19T15:47:59.694+0000] {logging_mixin.py:190} INFO - [2025-05-19T15:47:59.694+0000] {override.py:1912} INFO - Created Permission View: can create on DAG Run:dataset_s3_bucket_consumer_with_no_taskflow
[2025-05-19T15:47:59.697+0000] {logging_mixin.py:190} INFO - [2025-05-19T15:47:59.697+0000] {override.py:1912} INFO - Created Permission View: can delete on DAG Run:dataset_s3_bucket_consumer_with_no_taskflow
[2025-05-19T15:47:59.700+0000] {logging_mixin.py:190} INFO - [2025-05-19T15:47:59.699+0000] {override.py:1912} INFO - Created Permission View: can read on DAG Run:dataset_s3_bucket_consumer_with_no_taskflow
[2025-05-19T15:47:59.704+0000] {logging_mixin.py:190} INFO - [2025-05-19T15:47:59.704+0000] {override.py:1912} INFO - Created Permission View: can delete on DAG:dataset_alias_example_alias_consumer_with_no_taskflow
[2025-05-19T15:47:59.707+0000] {logging_mixin.py:190} INFO - [2025-05-19T15:47:59.707+0000] {override.py:1912} INFO - Created Permission View: can read on DAG:dataset_alias_example_alias_consumer_with_no_taskflow
[2025-05-19T15:47:59.709+0000] {logging_mixin.py:190} INFO - [2025-05-19T15:47:59.709+0000] {override.py:1912} INFO - Created Permission View: can edit on DAG:dataset_alias_example_alias_consumer_with_no_taskflow
[2025-05-19T15:47:59.711+0000] {logging_mixin.py:190} INFO - [2025-05-19T15:47:59.711+0000] {override.py:1912} INFO - Created Permission View: menu access on DAG Run:dataset_alias_example_alias_consumer_with_no_taskflow
[2025-05-19T15:47:59.714+0000] {logging_mixin.py:190} INFO - [2025-05-19T15:47:59.714+0000] {override.py:1912} INFO - Created Permission View: can create on DAG Run:dataset_alias_example_alias_consumer_with_no_taskflow
[2025-05-19T15:47:59.716+0000] {logging_mixin.py:190} INFO - [2025-05-19T15:47:59.716+0000] {override.py:1912} INFO - Created Permission View: can delete on DAG Run:dataset_alias_example_alias_consumer_with_no_taskflow
[2025-05-19T15:47:59.719+0000] {logging_mixin.py:190} INFO - [2025-05-19T15:47:59.719+0000] {override.py:1912} INFO - Created Permission View: can read on DAG Run:dataset_alias_example_alias_consumer_with_no_taskflow
[2025-05-19T15:47:59.724+0000] {logging_mixin.py:190} INFO - [2025-05-19T15:47:59.724+0000] {override.py:1912} INFO - Created Permission View: can delete on DAG:dataset_s3_bucket_producer_with_no_taskflow
[2025-05-19T15:47:59.726+0000] {logging_mixin.py:190} INFO - [2025-05-19T15:47:59.726+0000] {override.py:1912} INFO - Created Permission View: can read on DAG:dataset_s3_bucket_producer_with_no_taskflow
[2025-05-19T15:47:59.728+0000] {logging_mixin.py:190} INFO - [2025-05-19T15:47:59.728+0000] {override.py:1912} INFO - Created Permission View: can edit on DAG:dataset_s3_bucket_producer_with_no_taskflow
[2025-05-19T15:47:59.731+0000] {logging_mixin.py:190} INFO - [2025-05-19T15:47:59.731+0000] {override.py:1912} INFO - Created Permission View: menu access on DAG Run:dataset_s3_bucket_producer_with_no_taskflow
[2025-05-19T15:47:59.733+0000] {logging_mixin.py:190} INFO - [2025-05-19T15:47:59.733+0000] {override.py:1912} INFO - Created Permission View: can create on DAG Run:dataset_s3_bucket_producer_with_no_taskflow
[2025-05-19T15:47:59.735+0000] {logging_mixin.py:190} INFO - [2025-05-19T15:47:59.735+0000] {override.py:1912} INFO - Created Permission View: can delete on DAG Run:dataset_s3_bucket_producer_with_no_taskflow
[2025-05-19T15:47:59.738+0000] {logging_mixin.py:190} INFO - [2025-05-19T15:47:59.738+0000] {override.py:1912} INFO - Created Permission View: can read on DAG Run:dataset_s3_bucket_producer_with_no_taskflow
[2025-05-19T15:47:59.743+0000] {logging_mixin.py:190} INFO - [2025-05-19T15:47:59.743+0000] {override.py:1912} INFO - Created Permission View: can delete on DAG:dataset_alias_example_alias_producer_with_no_taskflow
[2025-05-19T15:47:59.745+0000] {logging_mixin.py:190} INFO - [2025-05-19T15:47:59.745+0000] {override.py:1912} INFO - Created Permission View: can read on DAG:dataset_alias_example_alias_producer_with_no_taskflow
[2025-05-19T15:47:59.749+0000] {logging_mixin.py:190} INFO - [2025-05-19T15:47:59.748+0000] {override.py:1912} INFO - Created Permission View: can edit on DAG:dataset_alias_example_alias_producer_with_no_taskflow
[2025-05-19T15:47:59.752+0000] {logging_mixin.py:190} INFO - [2025-05-19T15:47:59.752+0000] {override.py:1912} INFO - Created Permission View: menu access on DAG Run:dataset_alias_example_alias_producer_with_no_taskflow
[2025-05-19T15:47:59.754+0000] {logging_mixin.py:190} INFO - [2025-05-19T15:47:59.754+0000] {override.py:1912} INFO - Created Permission View: can create on DAG Run:dataset_alias_example_alias_producer_with_no_taskflow
[2025-05-19T15:47:59.757+0000] {logging_mixin.py:190} INFO - [2025-05-19T15:47:59.757+0000] {override.py:1912} INFO - Created Permission View: can delete on DAG Run:dataset_alias_example_alias_producer_with_no_taskflow
[2025-05-19T15:47:59.759+0000] {logging_mixin.py:190} INFO - [2025-05-19T15:47:59.759+0000] {override.py:1912} INFO - Created Permission View: can read on DAG Run:dataset_alias_example_alias_producer_with_no_taskflow
[2025-05-19T15:47:59.760+0000] {logging_mixin.py:190} INFO - [2025-05-19T15:47:59.759+0000] {dag.py:3239} INFO - Sync 4 DAGs
[2025-05-19T15:47:59.765+0000] {logging_mixin.py:190} INFO - [2025-05-19T15:47:59.765+0000] {dag.py:3262} INFO - Creating ORM DAG for dataset_s3_bucket_consumer_with_no_taskflow
[2025-05-19T15:47:59.765+0000] {logging_mixin.py:190} INFO - [2025-05-19T15:47:59.765+0000] {dag.py:3262} INFO - Creating ORM DAG for dataset_alias_example_alias_producer_with_no_taskflow
[2025-05-19T15:47:59.766+0000] {logging_mixin.py:190} INFO - [2025-05-19T15:47:59.766+0000] {dag.py:3262} INFO - Creating ORM DAG for dataset_alias_example_alias_consumer_with_no_taskflow
[2025-05-19T15:47:59.766+0000] {logging_mixin.py:190} INFO - [2025-05-19T15:47:59.766+0000] {dag.py:3262} INFO - Creating ORM DAG for dataset_s3_bucket_producer_with_no_taskflow
[2025-05-19T15:47:59.769+0000] {logging_mixin.py:190} INFO - [2025-05-19T15:47:59.769+0000] {dag.py:4180} INFO - Setting next_dagrun for dataset_alias_example_alias_consumer_with_no_taskflow to None, run_after=None
[2025-05-19T15:47:59.770+0000] {logging_mixin.py:190} INFO - [2025-05-19T15:47:59.770+0000] {dag.py:4180} INFO - Setting next_dagrun for dataset_alias_example_alias_producer_with_no_taskflow to None, run_after=None
[2025-05-19T15:47:59.770+0000] {logging_mixin.py:190} INFO - [2025-05-19T15:47:59.770+0000] {dag.py:4180} INFO - Setting next_dagrun for dataset_s3_bucket_consumer_with_no_taskflow to None, run_after=None
[2025-05-19T15:47:59.771+0000] {logging_mixin.py:190} INFO - [2025-05-19T15:47:59.771+0000] {dag.py:4180} INFO - Setting next_dagrun for dataset_s3_bucket_producer_with_no_taskflow to None, run_after=None
[2025-05-19T15:47:59.785+0000] {processor.py:208} INFO - Processing /home/airflow/.local/lib/python3.12/site-packages/airflow/example_dags/example_dataset_alias_with_no_taskflow.py took 0.455 seconds
[2025-05-19T15:48:30.076+0000] {processor.py:186} INFO - Started process (PID=129) to work on /home/airflow/.local/lib/python3.12/site-packages/airflow/example_dags/example_dataset_alias_with_no_taskflow.py
[2025-05-19T15:48:30.077+0000] {processor.py:914} INFO - Processing file /home/airflow/.local/lib/python3.12/site-packages/airflow/example_dags/example_dataset_alias_with_no_taskflow.py for tasks to queue
[2025-05-19T15:48:30.078+0000] {logging_mixin.py:190} INFO - [2025-05-19T15:48:30.078+0000] {dagbag.py:588} INFO - Filling up the DagBag from /home/airflow/.local/lib/python3.12/site-packages/airflow/example_dags/example_dataset_alias_with_no_taskflow.py
[2025-05-19T15:48:30.368+0000] {processor.py:925} INFO - DAG(s) 'dataset_s3_bucket_producer_with_no_taskflow', 'dataset_alias_example_alias_producer_with_no_taskflow', 'dataset_s3_bucket_consumer_with_no_taskflow', 'dataset_alias_example_alias_consumer_with_no_taskflow' retrieved from /home/airflow/.local/lib/python3.12/site-packages/airflow/example_dags/example_dataset_alias_with_no_taskflow.py
[2025-05-19T15:48:30.378+0000] {logging_mixin.py:190} INFO - [2025-05-19T15:48:30.378+0000] {dag.py:3239} INFO - Sync 4 DAGs
[2025-05-19T15:48:30.389+0000] {logging_mixin.py:190} INFO - [2025-05-19T15:48:30.389+0000] {dag.py:4180} INFO - Setting next_dagrun for dataset_alias_example_alias_consumer_with_no_taskflow to None, run_after=None
[2025-05-19T15:48:30.390+0000] {logging_mixin.py:190} INFO - [2025-05-19T15:48:30.390+0000] {dag.py:4180} INFO - Setting next_dagrun for dataset_alias_example_alias_producer_with_no_taskflow to None, run_after=None
[2025-05-19T15:48:30.391+0000] {logging_mixin.py:190} INFO - [2025-05-19T15:48:30.391+0000] {dag.py:4180} INFO - Setting next_dagrun for dataset_s3_bucket_consumer_with_no_taskflow to None, run_after=None
[2025-05-19T15:48:30.392+0000] {logging_mixin.py:190} INFO - [2025-05-19T15:48:30.392+0000] {dag.py:4180} INFO - Setting next_dagrun for dataset_s3_bucket_producer_with_no_taskflow to None, run_after=None
[2025-05-19T15:48:30.401+0000] {processor.py:208} INFO - Processing /home/airflow/.local/lib/python3.12/site-packages/airflow/example_dags/example_dataset_alias_with_no_taskflow.py took 0.328 seconds
[2025-05-19T15:49:00.844+0000] {processor.py:186} INFO - Started process (PID=186) to work on /home/airflow/.local/lib/python3.12/site-packages/airflow/example_dags/example_dataset_alias_with_no_taskflow.py
[2025-05-19T15:49:00.844+0000] {processor.py:914} INFO - Processing file /home/airflow/.local/lib/python3.12/site-packages/airflow/example_dags/example_dataset_alias_with_no_taskflow.py for tasks to queue
[2025-05-19T15:49:00.846+0000] {logging_mixin.py:190} INFO - [2025-05-19T15:49:00.846+0000] {dagbag.py:588} INFO - Filling up the DagBag from /home/airflow/.local/lib/python3.12/site-packages/airflow/example_dags/example_dataset_alias_with_no_taskflow.py
[2025-05-19T15:49:01.137+0000] {processor.py:925} INFO - DAG(s) 'dataset_s3_bucket_producer_with_no_taskflow', 'dataset_alias_example_alias_consumer_with_no_taskflow', 'dataset_alias_example_alias_producer_with_no_taskflow', 'dataset_s3_bucket_consumer_with_no_taskflow' retrieved from /home/airflow/.local/lib/python3.12/site-packages/airflow/example_dags/example_dataset_alias_with_no_taskflow.py
[2025-05-19T15:49:01.150+0000] {logging_mixin.py:190} INFO - [2025-05-19T15:49:01.150+0000] {dag.py:3239} INFO - Sync 4 DAGs
[2025-05-19T15:49:01.162+0000] {logging_mixin.py:190} INFO - [2025-05-19T15:49:01.162+0000] {dag.py:4180} INFO - Setting next_dagrun for dataset_alias_example_alias_consumer_with_no_taskflow to None, run_after=None
[2025-05-19T15:49:01.164+0000] {logging_mixin.py:190} INFO - [2025-05-19T15:49:01.164+0000] {dag.py:4180} INFO - Setting next_dagrun for dataset_alias_example_alias_producer_with_no_taskflow to None, run_after=None
[2025-05-19T15:49:01.165+0000] {logging_mixin.py:190} INFO - [2025-05-19T15:49:01.165+0000] {dag.py:4180} INFO - Setting next_dagrun for dataset_s3_bucket_consumer_with_no_taskflow to None, run_after=None
[2025-05-19T15:49:01.165+0000] {logging_mixin.py:190} INFO - [2025-05-19T15:49:01.165+0000] {dag.py:4180} INFO - Setting next_dagrun for dataset_s3_bucket_producer_with_no_taskflow to None, run_after=None
[2025-05-19T15:49:01.175+0000] {processor.py:208} INFO - Processing /home/airflow/.local/lib/python3.12/site-packages/airflow/example_dags/example_dataset_alias_with_no_taskflow.py took 0.334 seconds
[2025-05-19T15:49:31.576+0000] {processor.py:186} INFO - Started process (PID=243) to work on /home/airflow/.local/lib/python3.12/site-packages/airflow/example_dags/example_dataset_alias_with_no_taskflow.py
[2025-05-19T15:49:31.576+0000] {processor.py:914} INFO - Processing file /home/airflow/.local/lib/python3.12/site-packages/airflow/example_dags/example_dataset_alias_with_no_taskflow.py for tasks to queue
[2025-05-19T15:49:31.578+0000] {logging_mixin.py:190} INFO - [2025-05-19T15:49:31.577+0000] {dagbag.py:588} INFO - Filling up the DagBag from /home/airflow/.local/lib/python3.12/site-packages/airflow/example_dags/example_dataset_alias_with_no_taskflow.py
[2025-05-19T15:49:31.862+0000] {processor.py:925} INFO - DAG(s) 'dataset_s3_bucket_producer_with_no_taskflow', 'dataset_alias_example_alias_consumer_with_no_taskflow', 'dataset_s3_bucket_consumer_with_no_taskflow', 'dataset_alias_example_alias_producer_with_no_taskflow' retrieved from /home/airflow/.local/lib/python3.12/site-packages/airflow/example_dags/example_dataset_alias_with_no_taskflow.py
[2025-05-19T15:49:31.871+0000] {logging_mixin.py:190} INFO - [2025-05-19T15:49:31.871+0000] {dag.py:3239} INFO - Sync 4 DAGs
[2025-05-19T15:49:31.879+0000] {logging_mixin.py:190} INFO - [2025-05-19T15:49:31.879+0000] {dag.py:4180} INFO - Setting next_dagrun for dataset_alias_example_alias_consumer_with_no_taskflow to None, run_after=None
[2025-05-19T15:49:31.882+0000] {logging_mixin.py:190} INFO - [2025-05-19T15:49:31.882+0000] {dag.py:4180} INFO - Setting next_dagrun for dataset_alias_example_alias_producer_with_no_taskflow to None, run_after=None
[2025-05-19T15:49:31.883+0000] {logging_mixin.py:190} INFO - [2025-05-19T15:49:31.883+0000] {dag.py:4180} INFO - Setting next_dagrun for dataset_s3_bucket_consumer_with_no_taskflow to None, run_after=None
[2025-05-19T15:49:31.884+0000] {logging_mixin.py:190} INFO - [2025-05-19T15:49:31.884+0000] {dag.py:4180} INFO - Setting next_dagrun for dataset_s3_bucket_producer_with_no_taskflow to None, run_after=None
[2025-05-19T15:49:31.896+0000] {processor.py:208} INFO - Processing /home/airflow/.local/lib/python3.12/site-packages/airflow/example_dags/example_dataset_alias_with_no_taskflow.py took 0.323 seconds
[2025-05-19T15:50:02.470+0000] {processor.py:186} INFO - Started process (PID=300) to work on /home/airflow/.local/lib/python3.12/site-packages/airflow/example_dags/example_dataset_alias_with_no_taskflow.py
[2025-05-19T15:50:02.471+0000] {processor.py:914} INFO - Processing file /home/airflow/.local/lib/python3.12/site-packages/airflow/example_dags/example_dataset_alias_with_no_taskflow.py for tasks to queue
[2025-05-19T15:50:02.472+0000] {logging_mixin.py:190} INFO - [2025-05-19T15:50:02.472+0000] {dagbag.py:588} INFO - Filling up the DagBag from /home/airflow/.local/lib/python3.12/site-packages/airflow/example_dags/example_dataset_alias_with_no_taskflow.py
[2025-05-19T15:50:02.771+0000] {processor.py:925} INFO - DAG(s) 'dataset_s3_bucket_producer_with_no_taskflow', 'dataset_alias_example_alias_producer_with_no_taskflow', 'dataset_alias_example_alias_consumer_with_no_taskflow', 'dataset_s3_bucket_consumer_with_no_taskflow' retrieved from /home/airflow/.local/lib/python3.12/site-packages/airflow/example_dags/example_dataset_alias_with_no_taskflow.py
[2025-05-19T15:50:02.780+0000] {logging_mixin.py:190} INFO - [2025-05-19T15:50:02.780+0000] {dag.py:3239} INFO - Sync 4 DAGs
[2025-05-19T15:50:02.790+0000] {logging_mixin.py:190} INFO - [2025-05-19T15:50:02.790+0000] {dag.py:4180} INFO - Setting next_dagrun for dataset_alias_example_alias_consumer_with_no_taskflow to None, run_after=None
[2025-05-19T15:50:02.792+0000] {logging_mixin.py:190} INFO - [2025-05-19T15:50:02.792+0000] {dag.py:4180} INFO - Setting next_dagrun for dataset_alias_example_alias_producer_with_no_taskflow to None, run_after=None
[2025-05-19T15:50:02.793+0000] {logging_mixin.py:190} INFO - [2025-05-19T15:50:02.793+0000] {dag.py:4180} INFO - Setting next_dagrun for dataset_s3_bucket_consumer_with_no_taskflow to None, run_after=None
[2025-05-19T15:50:02.794+0000] {logging_mixin.py:190} INFO - [2025-05-19T15:50:02.794+0000] {dag.py:4180} INFO - Setting next_dagrun for dataset_s3_bucket_producer_with_no_taskflow to None, run_after=None
[2025-05-19T15:50:02.804+0000] {processor.py:208} INFO - Processing /home/airflow/.local/lib/python3.12/site-packages/airflow/example_dags/example_dataset_alias_with_no_taskflow.py took 0.338 seconds
[2025-05-19T15:50:33.168+0000] {processor.py:186} INFO - Started process (PID=357) to work on /home/airflow/.local/lib/python3.12/site-packages/airflow/example_dags/example_dataset_alias_with_no_taskflow.py
[2025-05-19T15:50:33.169+0000] {processor.py:914} INFO - Processing file /home/airflow/.local/lib/python3.12/site-packages/airflow/example_dags/example_dataset_alias_with_no_taskflow.py for tasks to queue
[2025-05-19T15:50:33.170+0000] {logging_mixin.py:190} INFO - [2025-05-19T15:50:33.170+0000] {dagbag.py:588} INFO - Filling up the DagBag from /home/airflow/.local/lib/python3.12/site-packages/airflow/example_dags/example_dataset_alias_with_no_taskflow.py
[2025-05-19T15:50:33.461+0000] {processor.py:925} INFO - DAG(s) 'dataset_alias_example_alias_consumer_with_no_taskflow', 'dataset_s3_bucket_producer_with_no_taskflow', 'dataset_s3_bucket_consumer_with_no_taskflow', 'dataset_alias_example_alias_producer_with_no_taskflow' retrieved from /home/airflow/.local/lib/python3.12/site-packages/airflow/example_dags/example_dataset_alias_with_no_taskflow.py
[2025-05-19T15:50:33.472+0000] {logging_mixin.py:190} INFO - [2025-05-19T15:50:33.472+0000] {dag.py:3239} INFO - Sync 4 DAGs
[2025-05-19T15:50:33.482+0000] {logging_mixin.py:190} INFO - [2025-05-19T15:50:33.482+0000] {dag.py:4180} INFO - Setting next_dagrun for dataset_alias_example_alias_consumer_with_no_taskflow to None, run_after=None
[2025-05-19T15:50:33.484+0000] {logging_mixin.py:190} INFO - [2025-05-19T15:50:33.484+0000] {dag.py:4180} INFO - Setting next_dagrun for dataset_alias_example_alias_producer_with_no_taskflow to None, run_after=None
[2025-05-19T15:50:33.486+0000] {logging_mixin.py:190} INFO - [2025-05-19T15:50:33.486+0000] {dag.py:4180} INFO - Setting next_dagrun for dataset_s3_bucket_consumer_with_no_taskflow to None, run_after=None
[2025-05-19T15:50:33.487+0000] {logging_mixin.py:190} INFO - [2025-05-19T15:50:33.487+0000] {dag.py:4180} INFO - Setting next_dagrun for dataset_s3_bucket_producer_with_no_taskflow to None, run_after=None
[2025-05-19T15:50:33.497+0000] {processor.py:208} INFO - Processing /home/airflow/.local/lib/python3.12/site-packages/airflow/example_dags/example_dataset_alias_with_no_taskflow.py took 0.331 seconds
[2025-05-19T15:51:03.935+0000] {processor.py:186} INFO - Started process (PID=419) to work on /home/airflow/.local/lib/python3.12/site-packages/airflow/example_dags/example_dataset_alias_with_no_taskflow.py
[2025-05-19T15:51:03.936+0000] {processor.py:914} INFO - Processing file /home/airflow/.local/lib/python3.12/site-packages/airflow/example_dags/example_dataset_alias_with_no_taskflow.py for tasks to queue
[2025-05-19T15:51:03.937+0000] {logging_mixin.py:190} INFO - [2025-05-19T15:51:03.937+0000] {dagbag.py:588} INFO - Filling up the DagBag from /home/airflow/.local/lib/python3.12/site-packages/airflow/example_dags/example_dataset_alias_with_no_taskflow.py
[2025-05-19T15:51:04.213+0000] {processor.py:925} INFO - DAG(s) 'dataset_alias_example_alias_producer_with_no_taskflow', 'dataset_alias_example_alias_consumer_with_no_taskflow', 'dataset_s3_bucket_producer_with_no_taskflow', 'dataset_s3_bucket_consumer_with_no_taskflow' retrieved from /home/airflow/.local/lib/python3.12/site-packages/airflow/example_dags/example_dataset_alias_with_no_taskflow.py
[2025-05-19T15:51:04.222+0000] {logging_mixin.py:190} INFO - [2025-05-19T15:51:04.222+0000] {dag.py:3239} INFO - Sync 4 DAGs
[2025-05-19T15:51:04.230+0000] {logging_mixin.py:190} INFO - [2025-05-19T15:51:04.230+0000] {dag.py:4180} INFO - Setting next_dagrun for dataset_alias_example_alias_consumer_with_no_taskflow to None, run_after=None
[2025-05-19T15:51:04.231+0000] {logging_mixin.py:190} INFO - [2025-05-19T15:51:04.231+0000] {dag.py:4180} INFO - Setting next_dagrun for dataset_alias_example_alias_producer_with_no_taskflow to None, run_after=None
[2025-05-19T15:51:04.232+0000] {logging_mixin.py:190} INFO - [2025-05-19T15:51:04.232+0000] {dag.py:4180} INFO - Setting next_dagrun for dataset_s3_bucket_consumer_with_no_taskflow to None, run_after=None
[2025-05-19T15:51:04.232+0000] {logging_mixin.py:190} INFO - [2025-05-19T15:51:04.232+0000] {dag.py:4180} INFO - Setting next_dagrun for dataset_s3_bucket_producer_with_no_taskflow to None, run_after=None
[2025-05-19T15:51:04.241+0000] {processor.py:208} INFO - Processing /home/airflow/.local/lib/python3.12/site-packages/airflow/example_dags/example_dataset_alias_with_no_taskflow.py took 0.309 seconds
[2025-05-19T15:51:34.693+0000] {processor.py:186} INFO - Started process (PID=479) to work on /home/airflow/.local/lib/python3.12/site-packages/airflow/example_dags/example_dataset_alias_with_no_taskflow.py
[2025-05-19T15:51:34.694+0000] {processor.py:914} INFO - Processing file /home/airflow/.local/lib/python3.12/site-packages/airflow/example_dags/example_dataset_alias_with_no_taskflow.py for tasks to queue
[2025-05-19T15:51:34.696+0000] {logging_mixin.py:190} INFO - [2025-05-19T15:51:34.695+0000] {dagbag.py:588} INFO - Filling up the DagBag from /home/airflow/.local/lib/python3.12/site-packages/airflow/example_dags/example_dataset_alias_with_no_taskflow.py
[2025-05-19T15:51:34.968+0000] {processor.py:925} INFO - DAG(s) 'dataset_s3_bucket_consumer_with_no_taskflow', 'dataset_alias_example_alias_producer_with_no_taskflow', 'dataset_s3_bucket_producer_with_no_taskflow', 'dataset_alias_example_alias_consumer_with_no_taskflow' retrieved from /home/airflow/.local/lib/python3.12/site-packages/airflow/example_dags/example_dataset_alias_with_no_taskflow.py
[2025-05-19T15:51:34.977+0000] {logging_mixin.py:190} INFO - [2025-05-19T15:51:34.977+0000] {dag.py:3239} INFO - Sync 4 DAGs
[2025-05-19T15:51:34.986+0000] {logging_mixin.py:190} INFO - [2025-05-19T15:51:34.986+0000] {dag.py:4180} INFO - Setting next_dagrun for dataset_alias_example_alias_consumer_with_no_taskflow to None, run_after=None
[2025-05-19T15:51:34.987+0000] {logging_mixin.py:190} INFO - [2025-05-19T15:51:34.987+0000] {dag.py:4180} INFO - Setting next_dagrun for dataset_alias_example_alias_producer_with_no_taskflow to None, run_after=None
[2025-05-19T15:51:34.988+0000] {logging_mixin.py:190} INFO - [2025-05-19T15:51:34.988+0000] {dag.py:4180} INFO - Setting next_dagrun for dataset_s3_bucket_consumer_with_no_taskflow to None, run_after=None
[2025-05-19T15:51:34.989+0000] {logging_mixin.py:190} INFO - [2025-05-19T15:51:34.988+0000] {dag.py:4180} INFO - Setting next_dagrun for dataset_s3_bucket_producer_with_no_taskflow to None, run_after=None
[2025-05-19T15:51:34.997+0000] {processor.py:208} INFO - Processing /home/airflow/.local/lib/python3.12/site-packages/airflow/example_dags/example_dataset_alias_with_no_taskflow.py took 0.307 seconds
[2025-05-19T15:52:05.485+0000] {processor.py:186} INFO - Started process (PID=536) to work on /home/airflow/.local/lib/python3.12/site-packages/airflow/example_dags/example_dataset_alias_with_no_taskflow.py
[2025-05-19T15:52:05.486+0000] {processor.py:914} INFO - Processing file /home/airflow/.local/lib/python3.12/site-packages/airflow/example_dags/example_dataset_alias_with_no_taskflow.py for tasks to queue
[2025-05-19T15:52:05.487+0000] {logging_mixin.py:190} INFO - [2025-05-19T15:52:05.487+0000] {dagbag.py:588} INFO - Filling up the DagBag from /home/airflow/.local/lib/python3.12/site-packages/airflow/example_dags/example_dataset_alias_with_no_taskflow.py
[2025-05-19T15:52:05.771+0000] {processor.py:925} INFO - DAG(s) 'dataset_s3_bucket_producer_with_no_taskflow', 'dataset_alias_example_alias_producer_with_no_taskflow', 'dataset_alias_example_alias_consumer_with_no_taskflow', 'dataset_s3_bucket_consumer_with_no_taskflow' retrieved from /home/airflow/.local/lib/python3.12/site-packages/airflow/example_dags/example_dataset_alias_with_no_taskflow.py
[2025-05-19T15:52:05.780+0000] {logging_mixin.py:190} INFO - [2025-05-19T15:52:05.780+0000] {dag.py:3239} INFO - Sync 4 DAGs
[2025-05-19T15:52:05.791+0000] {logging_mixin.py:190} INFO - [2025-05-19T15:52:05.791+0000] {dag.py:4180} INFO - Setting next_dagrun for dataset_alias_example_alias_consumer_with_no_taskflow to None, run_after=None
[2025-05-19T15:52:05.793+0000] {logging_mixin.py:190} INFO - [2025-05-19T15:52:05.792+0000] {dag.py:4180} INFO - Setting next_dagrun for dataset_alias_example_alias_producer_with_no_taskflow to None, run_after=None
[2025-05-19T15:52:05.793+0000] {logging_mixin.py:190} INFO - [2025-05-19T15:52:05.793+0000] {dag.py:4180} INFO - Setting next_dagrun for dataset_s3_bucket_consumer_with_no_taskflow to None, run_after=None
[2025-05-19T15:52:05.794+0000] {logging_mixin.py:190} INFO - [2025-05-19T15:52:05.794+0000] {dag.py:4180} INFO - Setting next_dagrun for dataset_s3_bucket_producer_with_no_taskflow to None, run_after=None
[2025-05-19T15:52:05.803+0000] {processor.py:208} INFO - Processing /home/airflow/.local/lib/python3.12/site-packages/airflow/example_dags/example_dataset_alias_with_no_taskflow.py took 0.320 seconds
[2025-05-19T15:52:36.244+0000] {processor.py:186} INFO - Started process (PID=585) to work on /home/airflow/.local/lib/python3.12/site-packages/airflow/example_dags/example_dataset_alias_with_no_taskflow.py
[2025-05-19T15:52:36.244+0000] {processor.py:914} INFO - Processing file /home/airflow/.local/lib/python3.12/site-packages/airflow/example_dags/example_dataset_alias_with_no_taskflow.py for tasks to queue
[2025-05-19T15:52:36.246+0000] {logging_mixin.py:190} INFO - [2025-05-19T15:52:36.246+0000] {dagbag.py:588} INFO - Filling up the DagBag from /home/airflow/.local/lib/python3.12/site-packages/airflow/example_dags/example_dataset_alias_with_no_taskflow.py
[2025-05-19T15:52:36.683+0000] {processor.py:925} INFO - DAG(s) 'dataset_alias_example_alias_consumer_with_no_taskflow', 'dataset_s3_bucket_consumer_with_no_taskflow', 'dataset_alias_example_alias_producer_with_no_taskflow', 'dataset_s3_bucket_producer_with_no_taskflow' retrieved from /home/airflow/.local/lib/python3.12/site-packages/airflow/example_dags/example_dataset_alias_with_no_taskflow.py
[2025-05-19T15:52:36.693+0000] {logging_mixin.py:190} INFO - [2025-05-19T15:52:36.692+0000] {dag.py:3239} INFO - Sync 4 DAGs
[2025-05-19T15:52:36.702+0000] {logging_mixin.py:190} INFO - [2025-05-19T15:52:36.702+0000] {dag.py:4180} INFO - Setting next_dagrun for dataset_alias_example_alias_consumer_with_no_taskflow to None, run_after=None
[2025-05-19T15:52:36.707+0000] {logging_mixin.py:190} INFO - [2025-05-19T15:52:36.707+0000] {dag.py:4180} INFO - Setting next_dagrun for dataset_alias_example_alias_producer_with_no_taskflow to None, run_after=None
[2025-05-19T15:52:36.708+0000] {logging_mixin.py:190} INFO - [2025-05-19T15:52:36.708+0000] {dag.py:4180} INFO - Setting next_dagrun for dataset_s3_bucket_consumer_with_no_taskflow to None, run_after=None
[2025-05-19T15:52:36.709+0000] {logging_mixin.py:190} INFO - [2025-05-19T15:52:36.709+0000] {dag.py:4180} INFO - Setting next_dagrun for dataset_s3_bucket_producer_with_no_taskflow to None, run_after=None
[2025-05-19T15:52:36.719+0000] {processor.py:208} INFO - Processing /home/airflow/.local/lib/python3.12/site-packages/airflow/example_dags/example_dataset_alias_with_no_taskflow.py took 0.478 seconds
[2025-05-19T15:53:06.736+0000] {processor.py:186} INFO - Started process (PID=644) to work on /home/airflow/.local/lib/python3.12/site-packages/airflow/example_dags/example_dataset_alias_with_no_taskflow.py
[2025-05-19T15:53:06.736+0000] {processor.py:914} INFO - Processing file /home/airflow/.local/lib/python3.12/site-packages/airflow/example_dags/example_dataset_alias_with_no_taskflow.py for tasks to queue
[2025-05-19T15:53:06.738+0000] {logging_mixin.py:190} INFO - [2025-05-19T15:53:06.737+0000] {dagbag.py:588} INFO - Filling up the DagBag from /home/airflow/.local/lib/python3.12/site-packages/airflow/example_dags/example_dataset_alias_with_no_taskflow.py
[2025-05-19T15:53:07.047+0000] {processor.py:925} INFO - DAG(s) 'dataset_alias_example_alias_producer_with_no_taskflow', 'dataset_s3_bucket_producer_with_no_taskflow', 'dataset_alias_example_alias_consumer_with_no_taskflow', 'dataset_s3_bucket_consumer_with_no_taskflow' retrieved from /home/airflow/.local/lib/python3.12/site-packages/airflow/example_dags/example_dataset_alias_with_no_taskflow.py
[2025-05-19T15:53:07.058+0000] {logging_mixin.py:190} INFO - [2025-05-19T15:53:07.058+0000] {dag.py:3239} INFO - Sync 4 DAGs
[2025-05-19T15:53:07.068+0000] {logging_mixin.py:190} INFO - [2025-05-19T15:53:07.068+0000] {dag.py:4180} INFO - Setting next_dagrun for dataset_alias_example_alias_consumer_with_no_taskflow to None, run_after=None
[2025-05-19T15:53:07.069+0000] {logging_mixin.py:190} INFO - [2025-05-19T15:53:07.069+0000] {dag.py:4180} INFO - Setting next_dagrun for dataset_alias_example_alias_producer_with_no_taskflow to None, run_after=None
[2025-05-19T15:53:07.070+0000] {logging_mixin.py:190} INFO - [2025-05-19T15:53:07.070+0000] {dag.py:4180} INFO - Setting next_dagrun for dataset_s3_bucket_consumer_with_no_taskflow to None, run_after=None
[2025-05-19T15:53:07.070+0000] {logging_mixin.py:190} INFO - [2025-05-19T15:53:07.070+0000] {dag.py:4180} INFO - Setting next_dagrun for dataset_s3_bucket_producer_with_no_taskflow to None, run_after=None
[2025-05-19T15:53:07.079+0000] {processor.py:208} INFO - Processing /home/airflow/.local/lib/python3.12/site-packages/airflow/example_dags/example_dataset_alias_with_no_taskflow.py took 0.347 seconds
[2025-05-19T15:53:37.487+0000] {processor.py:186} INFO - Started process (PID=699) to work on /home/airflow/.local/lib/python3.12/site-packages/airflow/example_dags/example_dataset_alias_with_no_taskflow.py
[2025-05-19T15:53:37.488+0000] {processor.py:914} INFO - Processing file /home/airflow/.local/lib/python3.12/site-packages/airflow/example_dags/example_dataset_alias_with_no_taskflow.py for tasks to queue
[2025-05-19T15:53:37.489+0000] {logging_mixin.py:190} INFO - [2025-05-19T15:53:37.489+0000] {dagbag.py:588} INFO - Filling up the DagBag from /home/airflow/.local/lib/python3.12/site-packages/airflow/example_dags/example_dataset_alias_with_no_taskflow.py
[2025-05-19T15:53:37.791+0000] {processor.py:925} INFO - DAG(s) 'dataset_alias_example_alias_producer_with_no_taskflow', 'dataset_s3_bucket_producer_with_no_taskflow', 'dataset_s3_bucket_consumer_with_no_taskflow', 'dataset_alias_example_alias_consumer_with_no_taskflow' retrieved from /home/airflow/.local/lib/python3.12/site-packages/airflow/example_dags/example_dataset_alias_with_no_taskflow.py
[2025-05-19T15:53:37.802+0000] {logging_mixin.py:190} INFO - [2025-05-19T15:53:37.802+0000] {dag.py:3239} INFO - Sync 4 DAGs
[2025-05-19T15:53:37.813+0000] {logging_mixin.py:190} INFO - [2025-05-19T15:53:37.812+0000] {dag.py:4180} INFO - Setting next_dagrun for dataset_alias_example_alias_consumer_with_no_taskflow to None, run_after=None
[2025-05-19T15:53:37.814+0000] {logging_mixin.py:190} INFO - [2025-05-19T15:53:37.814+0000] {dag.py:4180} INFO - Setting next_dagrun for dataset_alias_example_alias_producer_with_no_taskflow to None, run_after=None
[2025-05-19T15:53:37.815+0000] {logging_mixin.py:190} INFO - [2025-05-19T15:53:37.815+0000] {dag.py:4180} INFO - Setting next_dagrun for dataset_s3_bucket_consumer_with_no_taskflow to None, run_after=None
[2025-05-19T15:53:37.815+0000] {logging_mixin.py:190} INFO - [2025-05-19T15:53:37.815+0000] {dag.py:4180} INFO - Setting next_dagrun for dataset_s3_bucket_producer_with_no_taskflow to None, run_after=None
[2025-05-19T15:53:37.825+0000] {processor.py:208} INFO - Processing /home/airflow/.local/lib/python3.12/site-packages/airflow/example_dags/example_dataset_alias_with_no_taskflow.py took 0.341 seconds
[2025-05-19T15:54:08.028+0000] {processor.py:186} INFO - Started process (PID=756) to work on /home/airflow/.local/lib/python3.12/site-packages/airflow/example_dags/example_dataset_alias_with_no_taskflow.py
[2025-05-19T15:54:08.030+0000] {processor.py:914} INFO - Processing file /home/airflow/.local/lib/python3.12/site-packages/airflow/example_dags/example_dataset_alias_with_no_taskflow.py for tasks to queue
[2025-05-19T15:54:08.031+0000] {logging_mixin.py:190} INFO - [2025-05-19T15:54:08.031+0000] {dagbag.py:588} INFO - Filling up the DagBag from /home/airflow/.local/lib/python3.12/site-packages/airflow/example_dags/example_dataset_alias_with_no_taskflow.py
[2025-05-19T15:54:08.327+0000] {processor.py:925} INFO - DAG(s) 'dataset_alias_example_alias_producer_with_no_taskflow', 'dataset_alias_example_alias_consumer_with_no_taskflow', 'dataset_s3_bucket_producer_with_no_taskflow', 'dataset_s3_bucket_consumer_with_no_taskflow' retrieved from /home/airflow/.local/lib/python3.12/site-packages/airflow/example_dags/example_dataset_alias_with_no_taskflow.py
[2025-05-19T15:54:08.341+0000] {logging_mixin.py:190} INFO - [2025-05-19T15:54:08.340+0000] {dag.py:3239} INFO - Sync 4 DAGs
[2025-05-19T15:54:08.351+0000] {logging_mixin.py:190} INFO - [2025-05-19T15:54:08.351+0000] {dag.py:4180} INFO - Setting next_dagrun for dataset_alias_example_alias_consumer_with_no_taskflow to None, run_after=None
[2025-05-19T15:54:08.355+0000] {logging_mixin.py:190} INFO - [2025-05-19T15:54:08.355+0000] {dag.py:4180} INFO - Setting next_dagrun for dataset_alias_example_alias_producer_with_no_taskflow to None, run_after=None
[2025-05-19T15:54:08.357+0000] {logging_mixin.py:190} INFO - [2025-05-19T15:54:08.357+0000] {dag.py:4180} INFO - Setting next_dagrun for dataset_s3_bucket_consumer_with_no_taskflow to None, run_after=None
[2025-05-19T15:54:08.358+0000] {logging_mixin.py:190} INFO - [2025-05-19T15:54:08.358+0000] {dag.py:4180} INFO - Setting next_dagrun for dataset_s3_bucket_producer_with_no_taskflow to None, run_after=None
[2025-05-19T15:54:08.371+0000] {processor.py:208} INFO - Processing /home/airflow/.local/lib/python3.12/site-packages/airflow/example_dags/example_dataset_alias_with_no_taskflow.py took 0.346 seconds
[2025-05-19T15:54:39.418+0000] {processor.py:186} INFO - Started process (PID=813) to work on /home/airflow/.local/lib/python3.12/site-packages/airflow/example_dags/example_dataset_alias_with_no_taskflow.py
[2025-05-19T15:54:39.421+0000] {processor.py:914} INFO - Processing file /home/airflow/.local/lib/python3.12/site-packages/airflow/example_dags/example_dataset_alias_with_no_taskflow.py for tasks to queue
[2025-05-19T15:54:39.422+0000] {logging_mixin.py:190} INFO - [2025-05-19T15:54:39.422+0000] {dagbag.py:588} INFO - Filling up the DagBag from /home/airflow/.local/lib/python3.12/site-packages/airflow/example_dags/example_dataset_alias_with_no_taskflow.py
[2025-05-19T15:54:39.762+0000] {processor.py:925} INFO - DAG(s) 'dataset_alias_example_alias_consumer_with_no_taskflow', 'dataset_s3_bucket_producer_with_no_taskflow', 'dataset_s3_bucket_consumer_with_no_taskflow', 'dataset_alias_example_alias_producer_with_no_taskflow' retrieved from /home/airflow/.local/lib/python3.12/site-packages/airflow/example_dags/example_dataset_alias_with_no_taskflow.py
[2025-05-19T15:54:39.773+0000] {logging_mixin.py:190} INFO - [2025-05-19T15:54:39.772+0000] {dag.py:3239} INFO - Sync 4 DAGs
[2025-05-19T15:54:39.785+0000] {logging_mixin.py:190} INFO - [2025-05-19T15:54:39.785+0000] {dag.py:4180} INFO - Setting next_dagrun for dataset_alias_example_alias_consumer_with_no_taskflow to None, run_after=None
[2025-05-19T15:54:39.788+0000] {logging_mixin.py:190} INFO - [2025-05-19T15:54:39.787+0000] {dag.py:4180} INFO - Setting next_dagrun for dataset_alias_example_alias_producer_with_no_taskflow to None, run_after=None
[2025-05-19T15:54:39.791+0000] {logging_mixin.py:190} INFO - [2025-05-19T15:54:39.791+0000] {dag.py:4180} INFO - Setting next_dagrun for dataset_s3_bucket_consumer_with_no_taskflow to None, run_after=None
[2025-05-19T15:54:39.794+0000] {logging_mixin.py:190} INFO - [2025-05-19T15:54:39.794+0000] {dag.py:4180} INFO - Setting next_dagrun for dataset_s3_bucket_producer_with_no_taskflow to None, run_after=None
[2025-05-19T15:54:39.807+0000] {processor.py:208} INFO - Processing /home/airflow/.local/lib/python3.12/site-packages/airflow/example_dags/example_dataset_alias_with_no_taskflow.py took 0.393 seconds
[2025-05-19T15:55:10.349+0000] {processor.py:186} INFO - Started process (PID=870) to work on /home/airflow/.local/lib/python3.12/site-packages/airflow/example_dags/example_dataset_alias_with_no_taskflow.py
[2025-05-19T15:55:10.351+0000] {processor.py:914} INFO - Processing file /home/airflow/.local/lib/python3.12/site-packages/airflow/example_dags/example_dataset_alias_with_no_taskflow.py for tasks to queue
[2025-05-19T15:55:10.353+0000] {logging_mixin.py:190} INFO - [2025-05-19T15:55:10.352+0000] {dagbag.py:588} INFO - Filling up the DagBag from /home/airflow/.local/lib/python3.12/site-packages/airflow/example_dags/example_dataset_alias_with_no_taskflow.py
[2025-05-19T15:55:10.629+0000] {processor.py:925} INFO - DAG(s) 'dataset_alias_example_alias_producer_with_no_taskflow', 'dataset_s3_bucket_consumer_with_no_taskflow', 'dataset_s3_bucket_producer_with_no_taskflow', 'dataset_alias_example_alias_consumer_with_no_taskflow' retrieved from /home/airflow/.local/lib/python3.12/site-packages/airflow/example_dags/example_dataset_alias_with_no_taskflow.py
[2025-05-19T15:55:10.640+0000] {logging_mixin.py:190} INFO - [2025-05-19T15:55:10.640+0000] {dag.py:3239} INFO - Sync 4 DAGs
[2025-05-19T15:55:10.650+0000] {logging_mixin.py:190} INFO - [2025-05-19T15:55:10.650+0000] {dag.py:4180} INFO - Setting next_dagrun for dataset_alias_example_alias_consumer_with_no_taskflow to None, run_after=None
[2025-05-19T15:55:10.652+0000] {logging_mixin.py:190} INFO - [2025-05-19T15:55:10.652+0000] {dag.py:4180} INFO - Setting next_dagrun for dataset_alias_example_alias_producer_with_no_taskflow to None, run_after=None
[2025-05-19T15:55:10.653+0000] {logging_mixin.py:190} INFO - [2025-05-19T15:55:10.653+0000] {dag.py:4180} INFO - Setting next_dagrun for dataset_s3_bucket_consumer_with_no_taskflow to None, run_after=None
[2025-05-19T15:55:10.654+0000] {logging_mixin.py:190} INFO - [2025-05-19T15:55:10.654+0000] {dag.py:4180} INFO - Setting next_dagrun for dataset_s3_bucket_producer_with_no_taskflow to None, run_after=None
[2025-05-19T15:55:10.670+0000] {processor.py:208} INFO - Processing /home/airflow/.local/lib/python3.12/site-packages/airflow/example_dags/example_dataset_alias_with_no_taskflow.py took 0.324 seconds
[2025-05-19T15:55:41.357+0000] {processor.py:186} INFO - Started process (PID=927) to work on /home/airflow/.local/lib/python3.12/site-packages/airflow/example_dags/example_dataset_alias_with_no_taskflow.py
[2025-05-19T15:55:41.358+0000] {processor.py:914} INFO - Processing file /home/airflow/.local/lib/python3.12/site-packages/airflow/example_dags/example_dataset_alias_with_no_taskflow.py for tasks to queue
[2025-05-19T15:55:41.359+0000] {logging_mixin.py:190} INFO - [2025-05-19T15:55:41.359+0000] {dagbag.py:588} INFO - Filling up the DagBag from /home/airflow/.local/lib/python3.12/site-packages/airflow/example_dags/example_dataset_alias_with_no_taskflow.py
[2025-05-19T15:55:41.658+0000] {processor.py:925} INFO - DAG(s) 'dataset_s3_bucket_consumer_with_no_taskflow', 'dataset_alias_example_alias_producer_with_no_taskflow', 'dataset_alias_example_alias_consumer_with_no_taskflow', 'dataset_s3_bucket_producer_with_no_taskflow' retrieved from /home/airflow/.local/lib/python3.12/site-packages/airflow/example_dags/example_dataset_alias_with_no_taskflow.py
[2025-05-19T15:55:41.670+0000] {logging_mixin.py:190} INFO - [2025-05-19T15:55:41.669+0000] {dag.py:3239} INFO - Sync 4 DAGs
[2025-05-19T15:55:41.680+0000] {logging_mixin.py:190} INFO - [2025-05-19T15:55:41.680+0000] {dag.py:4180} INFO - Setting next_dagrun for dataset_alias_example_alias_consumer_with_no_taskflow to None, run_after=None
[2025-05-19T15:55:41.681+0000] {logging_mixin.py:190} INFO - [2025-05-19T15:55:41.681+0000] {dag.py:4180} INFO - Setting next_dagrun for dataset_alias_example_alias_producer_with_no_taskflow to None, run_after=None
[2025-05-19T15:55:41.682+0000] {logging_mixin.py:190} INFO - [2025-05-19T15:55:41.682+0000] {dag.py:4180} INFO - Setting next_dagrun for dataset_s3_bucket_consumer_with_no_taskflow to None, run_after=None
[2025-05-19T15:55:41.682+0000] {logging_mixin.py:190} INFO - [2025-05-19T15:55:41.682+0000] {dag.py:4180} INFO - Setting next_dagrun for dataset_s3_bucket_producer_with_no_taskflow to None, run_after=None
[2025-05-19T15:55:41.692+0000] {processor.py:208} INFO - Processing /home/airflow/.local/lib/python3.12/site-packages/airflow/example_dags/example_dataset_alias_with_no_taskflow.py took 0.338 seconds
[2025-05-19T15:56:12.465+0000] {processor.py:186} INFO - Started process (PID=984) to work on /home/airflow/.local/lib/python3.12/site-packages/airflow/example_dags/example_dataset_alias_with_no_taskflow.py
[2025-05-19T15:56:12.466+0000] {processor.py:914} INFO - Processing file /home/airflow/.local/lib/python3.12/site-packages/airflow/example_dags/example_dataset_alias_with_no_taskflow.py for tasks to queue
[2025-05-19T15:56:12.467+0000] {logging_mixin.py:190} INFO - [2025-05-19T15:56:12.467+0000] {dagbag.py:588} INFO - Filling up the DagBag from /home/airflow/.local/lib/python3.12/site-packages/airflow/example_dags/example_dataset_alias_with_no_taskflow.py
[2025-05-19T15:56:12.769+0000] {processor.py:925} INFO - DAG(s) 'dataset_alias_example_alias_consumer_with_no_taskflow', 'dataset_s3_bucket_consumer_with_no_taskflow', 'dataset_s3_bucket_producer_with_no_taskflow', 'dataset_alias_example_alias_producer_with_no_taskflow' retrieved from /home/airflow/.local/lib/python3.12/site-packages/airflow/example_dags/example_dataset_alias_with_no_taskflow.py
[2025-05-19T15:56:12.780+0000] {logging_mixin.py:190} INFO - [2025-05-19T15:56:12.779+0000] {dag.py:3239} INFO - Sync 4 DAGs
[2025-05-19T15:56:12.790+0000] {logging_mixin.py:190} INFO - [2025-05-19T15:56:12.790+0000] {dag.py:4180} INFO - Setting next_dagrun for dataset_alias_example_alias_consumer_with_no_taskflow to None, run_after=None
[2025-05-19T15:56:12.793+0000] {logging_mixin.py:190} INFO - [2025-05-19T15:56:12.792+0000] {dag.py:4180} INFO - Setting next_dagrun for dataset_alias_example_alias_producer_with_no_taskflow to None, run_after=None
[2025-05-19T15:56:12.793+0000] {logging_mixin.py:190} INFO - [2025-05-19T15:56:12.793+0000] {dag.py:4180} INFO - Setting next_dagrun for dataset_s3_bucket_consumer_with_no_taskflow to None, run_after=None
[2025-05-19T15:56:12.794+0000] {logging_mixin.py:190} INFO - [2025-05-19T15:56:12.794+0000] {dag.py:4180} INFO - Setting next_dagrun for dataset_s3_bucket_producer_with_no_taskflow to None, run_after=None
[2025-05-19T15:56:12.804+0000] {processor.py:208} INFO - Processing /home/airflow/.local/lib/python3.12/site-packages/airflow/example_dags/example_dataset_alias_with_no_taskflow.py took 0.343 seconds
[2025-05-19T15:56:43.496+0000] {processor.py:186} INFO - Started process (PID=1041) to work on /home/airflow/.local/lib/python3.12/site-packages/airflow/example_dags/example_dataset_alias_with_no_taskflow.py
[2025-05-19T15:56:43.498+0000] {processor.py:914} INFO - Processing file /home/airflow/.local/lib/python3.12/site-packages/airflow/example_dags/example_dataset_alias_with_no_taskflow.py for tasks to queue
[2025-05-19T15:56:43.500+0000] {logging_mixin.py:190} INFO - [2025-05-19T15:56:43.500+0000] {dagbag.py:588} INFO - Filling up the DagBag from /home/airflow/.local/lib/python3.12/site-packages/airflow/example_dags/example_dataset_alias_with_no_taskflow.py
[2025-05-19T15:56:43.791+0000] {processor.py:925} INFO - DAG(s) 'dataset_alias_example_alias_consumer_with_no_taskflow', 'dataset_s3_bucket_consumer_with_no_taskflow', 'dataset_s3_bucket_producer_with_no_taskflow', 'dataset_alias_example_alias_producer_with_no_taskflow' retrieved from /home/airflow/.local/lib/python3.12/site-packages/airflow/example_dags/example_dataset_alias_with_no_taskflow.py
[2025-05-19T15:56:43.802+0000] {logging_mixin.py:190} INFO - [2025-05-19T15:56:43.802+0000] {dag.py:3239} INFO - Sync 4 DAGs
[2025-05-19T15:56:43.812+0000] {logging_mixin.py:190} INFO - [2025-05-19T15:56:43.812+0000] {dag.py:4180} INFO - Setting next_dagrun for dataset_alias_example_alias_consumer_with_no_taskflow to None, run_after=None
[2025-05-19T15:56:43.813+0000] {logging_mixin.py:190} INFO - [2025-05-19T15:56:43.813+0000] {dag.py:4180} INFO - Setting next_dagrun for dataset_alias_example_alias_producer_with_no_taskflow to None, run_after=None
[2025-05-19T15:56:43.814+0000] {logging_mixin.py:190} INFO - [2025-05-19T15:56:43.814+0000] {dag.py:4180} INFO - Setting next_dagrun for dataset_s3_bucket_consumer_with_no_taskflow to None, run_after=None
[2025-05-19T15:56:43.815+0000] {logging_mixin.py:190} INFO - [2025-05-19T15:56:43.815+0000] {dag.py:4180} INFO - Setting next_dagrun for dataset_s3_bucket_producer_with_no_taskflow to None, run_after=None
[2025-05-19T15:56:43.825+0000] {processor.py:208} INFO - Processing /home/airflow/.local/lib/python3.12/site-packages/airflow/example_dags/example_dataset_alias_with_no_taskflow.py took 0.332 seconds
[2025-05-19T15:57:14.329+0000] {processor.py:186} INFO - Started process (PID=1098) to work on /home/airflow/.local/lib/python3.12/site-packages/airflow/example_dags/example_dataset_alias_with_no_taskflow.py
[2025-05-19T15:57:14.330+0000] {processor.py:914} INFO - Processing file /home/airflow/.local/lib/python3.12/site-packages/airflow/example_dags/example_dataset_alias_with_no_taskflow.py for tasks to queue
[2025-05-19T15:57:14.332+0000] {logging_mixin.py:190} INFO - [2025-05-19T15:57:14.331+0000] {dagbag.py:588} INFO - Filling up the DagBag from /home/airflow/.local/lib/python3.12/site-packages/airflow/example_dags/example_dataset_alias_with_no_taskflow.py
[2025-05-19T15:57:14.634+0000] {processor.py:925} INFO - DAG(s) 'dataset_s3_bucket_consumer_with_no_taskflow', 'dataset_s3_bucket_producer_with_no_taskflow', 'dataset_alias_example_alias_producer_with_no_taskflow', 'dataset_alias_example_alias_consumer_with_no_taskflow' retrieved from /home/airflow/.local/lib/python3.12/site-packages/airflow/example_dags/example_dataset_alias_with_no_taskflow.py
[2025-05-19T15:57:14.646+0000] {logging_mixin.py:190} INFO - [2025-05-19T15:57:14.646+0000] {dag.py:3239} INFO - Sync 4 DAGs
[2025-05-19T15:57:14.657+0000] {logging_mixin.py:190} INFO - [2025-05-19T15:57:14.657+0000] {dag.py:4180} INFO - Setting next_dagrun for dataset_alias_example_alias_consumer_with_no_taskflow to None, run_after=None
[2025-05-19T15:57:14.661+0000] {logging_mixin.py:190} INFO - [2025-05-19T15:57:14.661+0000] {dag.py:4180} INFO - Setting next_dagrun for dataset_alias_example_alias_producer_with_no_taskflow to None, run_after=None
[2025-05-19T15:57:14.663+0000] {logging_mixin.py:190} INFO - [2025-05-19T15:57:14.663+0000] {dag.py:4180} INFO - Setting next_dagrun for dataset_s3_bucket_consumer_with_no_taskflow to None, run_after=None
[2025-05-19T15:57:14.664+0000] {logging_mixin.py:190} INFO - [2025-05-19T15:57:14.664+0000] {dag.py:4180} INFO - Setting next_dagrun for dataset_s3_bucket_producer_with_no_taskflow to None, run_after=None
[2025-05-19T15:57:14.677+0000] {processor.py:208} INFO - Processing /home/airflow/.local/lib/python3.12/site-packages/airflow/example_dags/example_dataset_alias_with_no_taskflow.py took 0.352 seconds
[2025-05-19T15:57:45.303+0000] {processor.py:186} INFO - Started process (PID=1155) to work on /home/airflow/.local/lib/python3.12/site-packages/airflow/example_dags/example_dataset_alias_with_no_taskflow.py
[2025-05-19T15:57:45.305+0000] {processor.py:914} INFO - Processing file /home/airflow/.local/lib/python3.12/site-packages/airflow/example_dags/example_dataset_alias_with_no_taskflow.py for tasks to queue
[2025-05-19T15:57:45.307+0000] {logging_mixin.py:190} INFO - [2025-05-19T15:57:45.307+0000] {dagbag.py:588} INFO - Filling up the DagBag from /home/airflow/.local/lib/python3.12/site-packages/airflow/example_dags/example_dataset_alias_with_no_taskflow.py
[2025-05-19T15:57:45.612+0000] {processor.py:925} INFO - DAG(s) 'dataset_alias_example_alias_consumer_with_no_taskflow', 'dataset_s3_bucket_producer_with_no_taskflow', 'dataset_s3_bucket_consumer_with_no_taskflow', 'dataset_alias_example_alias_producer_with_no_taskflow' retrieved from /home/airflow/.local/lib/python3.12/site-packages/airflow/example_dags/example_dataset_alias_with_no_taskflow.py
[2025-05-19T15:57:45.623+0000] {logging_mixin.py:190} INFO - [2025-05-19T15:57:45.623+0000] {dag.py:3239} INFO - Sync 4 DAGs
[2025-05-19T15:57:45.634+0000] {logging_mixin.py:190} INFO - [2025-05-19T15:57:45.634+0000] {dag.py:4180} INFO - Setting next_dagrun for dataset_alias_example_alias_consumer_with_no_taskflow to None, run_after=None
[2025-05-19T15:57:45.636+0000] {logging_mixin.py:190} INFO - [2025-05-19T15:57:45.635+0000] {dag.py:4180} INFO - Setting next_dagrun for dataset_alias_example_alias_producer_with_no_taskflow to None, run_after=None
[2025-05-19T15:57:45.636+0000] {logging_mixin.py:190} INFO - [2025-05-19T15:57:45.636+0000] {dag.py:4180} INFO - Setting next_dagrun for dataset_s3_bucket_consumer_with_no_taskflow to None, run_after=None
[2025-05-19T15:57:45.637+0000] {logging_mixin.py:190} INFO - [2025-05-19T15:57:45.637+0000] {dag.py:4180} INFO - Setting next_dagrun for dataset_s3_bucket_producer_with_no_taskflow to None, run_after=None
[2025-05-19T15:57:45.648+0000] {processor.py:208} INFO - Processing /home/airflow/.local/lib/python3.12/site-packages/airflow/example_dags/example_dataset_alias_with_no_taskflow.py took 0.349 seconds
[2025-05-19T15:58:16.218+0000] {processor.py:186} INFO - Started process (PID=1212) to work on /home/airflow/.local/lib/python3.12/site-packages/airflow/example_dags/example_dataset_alias_with_no_taskflow.py
[2025-05-19T15:58:16.221+0000] {processor.py:914} INFO - Processing file /home/airflow/.local/lib/python3.12/site-packages/airflow/example_dags/example_dataset_alias_with_no_taskflow.py for tasks to queue
[2025-05-19T15:58:16.222+0000] {logging_mixin.py:190} INFO - [2025-05-19T15:58:16.222+0000] {dagbag.py:588} INFO - Filling up the DagBag from /home/airflow/.local/lib/python3.12/site-packages/airflow/example_dags/example_dataset_alias_with_no_taskflow.py
[2025-05-19T15:58:16.513+0000] {processor.py:925} INFO - DAG(s) 'dataset_s3_bucket_consumer_with_no_taskflow', 'dataset_s3_bucket_producer_with_no_taskflow', 'dataset_alias_example_alias_consumer_with_no_taskflow', 'dataset_alias_example_alias_producer_with_no_taskflow' retrieved from /home/airflow/.local/lib/python3.12/site-packages/airflow/example_dags/example_dataset_alias_with_no_taskflow.py
[2025-05-19T15:58:16.524+0000] {logging_mixin.py:190} INFO - [2025-05-19T15:58:16.524+0000] {dag.py:3239} INFO - Sync 4 DAGs
[2025-05-19T15:58:16.535+0000] {logging_mixin.py:190} INFO - [2025-05-19T15:58:16.535+0000] {dag.py:4180} INFO - Setting next_dagrun for dataset_alias_example_alias_consumer_with_no_taskflow to None, run_after=None
[2025-05-19T15:58:16.538+0000] {logging_mixin.py:190} INFO - [2025-05-19T15:58:16.538+0000] {dag.py:4180} INFO - Setting next_dagrun for dataset_alias_example_alias_producer_with_no_taskflow to None, run_after=None
[2025-05-19T15:58:16.539+0000] {logging_mixin.py:190} INFO - [2025-05-19T15:58:16.539+0000] {dag.py:4180} INFO - Setting next_dagrun for dataset_s3_bucket_consumer_with_no_taskflow to None, run_after=None
[2025-05-19T15:58:16.539+0000] {logging_mixin.py:190} INFO - [2025-05-19T15:58:16.539+0000] {dag.py:4180} INFO - Setting next_dagrun for dataset_s3_bucket_producer_with_no_taskflow to None, run_after=None
[2025-05-19T15:58:16.548+0000] {processor.py:208} INFO - Processing /home/airflow/.local/lib/python3.12/site-packages/airflow/example_dags/example_dataset_alias_with_no_taskflow.py took 0.333 seconds
[2025-05-19T15:58:47.100+0000] {processor.py:186} INFO - Started process (PID=1271) to work on /home/airflow/.local/lib/python3.12/site-packages/airflow/example_dags/example_dataset_alias_with_no_taskflow.py
[2025-05-19T15:58:47.101+0000] {processor.py:914} INFO - Processing file /home/airflow/.local/lib/python3.12/site-packages/airflow/example_dags/example_dataset_alias_with_no_taskflow.py for tasks to queue
[2025-05-19T15:58:47.102+0000] {logging_mixin.py:190} INFO - [2025-05-19T15:58:47.102+0000] {dagbag.py:588} INFO - Filling up the DagBag from /home/airflow/.local/lib/python3.12/site-packages/airflow/example_dags/example_dataset_alias_with_no_taskflow.py
[2025-05-19T15:58:47.400+0000] {processor.py:925} INFO - DAG(s) 'dataset_alias_example_alias_consumer_with_no_taskflow', 'dataset_alias_example_alias_producer_with_no_taskflow', 'dataset_s3_bucket_consumer_with_no_taskflow', 'dataset_s3_bucket_producer_with_no_taskflow' retrieved from /home/airflow/.local/lib/python3.12/site-packages/airflow/example_dags/example_dataset_alias_with_no_taskflow.py
[2025-05-19T15:58:47.409+0000] {logging_mixin.py:190} INFO - [2025-05-19T15:58:47.409+0000] {dag.py:3239} INFO - Sync 4 DAGs
[2025-05-19T15:58:47.420+0000] {logging_mixin.py:190} INFO - [2025-05-19T15:58:47.420+0000] {dag.py:4180} INFO - Setting next_dagrun for dataset_alias_example_alias_consumer_with_no_taskflow to None, run_after=None
[2025-05-19T15:58:47.422+0000] {logging_mixin.py:190} INFO - [2025-05-19T15:58:47.421+0000] {dag.py:4180} INFO - Setting next_dagrun for dataset_alias_example_alias_producer_with_no_taskflow to None, run_after=None
[2025-05-19T15:58:47.423+0000] {logging_mixin.py:190} INFO - [2025-05-19T15:58:47.423+0000] {dag.py:4180} INFO - Setting next_dagrun for dataset_s3_bucket_consumer_with_no_taskflow to None, run_after=None
[2025-05-19T15:58:47.426+0000] {logging_mixin.py:190} INFO - [2025-05-19T15:58:47.426+0000] {dag.py:4180} INFO - Setting next_dagrun for dataset_s3_bucket_producer_with_no_taskflow to None, run_after=None
[2025-05-19T15:58:47.439+0000] {processor.py:208} INFO - Processing /home/airflow/.local/lib/python3.12/site-packages/airflow/example_dags/example_dataset_alias_with_no_taskflow.py took 0.343 seconds
[2025-05-19T15:59:17.970+0000] {processor.py:186} INFO - Started process (PID=1326) to work on /home/airflow/.local/lib/python3.12/site-packages/airflow/example_dags/example_dataset_alias_with_no_taskflow.py
[2025-05-19T15:59:17.972+0000] {processor.py:914} INFO - Processing file /home/airflow/.local/lib/python3.12/site-packages/airflow/example_dags/example_dataset_alias_with_no_taskflow.py for tasks to queue
[2025-05-19T15:59:17.973+0000] {logging_mixin.py:190} INFO - [2025-05-19T15:59:17.973+0000] {dagbag.py:588} INFO - Filling up the DagBag from /home/airflow/.local/lib/python3.12/site-packages/airflow/example_dags/example_dataset_alias_with_no_taskflow.py
[2025-05-19T15:59:18.263+0000] {processor.py:925} INFO - DAG(s) 'dataset_alias_example_alias_consumer_with_no_taskflow', 'dataset_s3_bucket_producer_with_no_taskflow', 'dataset_alias_example_alias_producer_with_no_taskflow', 'dataset_s3_bucket_consumer_with_no_taskflow' retrieved from /home/airflow/.local/lib/python3.12/site-packages/airflow/example_dags/example_dataset_alias_with_no_taskflow.py
[2025-05-19T15:59:18.272+0000] {logging_mixin.py:190} INFO - [2025-05-19T15:59:18.272+0000] {dag.py:3239} INFO - Sync 4 DAGs
[2025-05-19T15:59:18.282+0000] {logging_mixin.py:190} INFO - [2025-05-19T15:59:18.282+0000] {dag.py:4180} INFO - Setting next_dagrun for dataset_alias_example_alias_consumer_with_no_taskflow to None, run_after=None
[2025-05-19T15:59:18.283+0000] {logging_mixin.py:190} INFO - [2025-05-19T15:59:18.283+0000] {dag.py:4180} INFO - Setting next_dagrun for dataset_alias_example_alias_producer_with_no_taskflow to None, run_after=None
[2025-05-19T15:59:18.285+0000] {logging_mixin.py:190} INFO - [2025-05-19T15:59:18.285+0000] {dag.py:4180} INFO - Setting next_dagrun for dataset_s3_bucket_consumer_with_no_taskflow to None, run_after=None
[2025-05-19T15:59:18.288+0000] {logging_mixin.py:190} INFO - [2025-05-19T15:59:18.288+0000] {dag.py:4180} INFO - Setting next_dagrun for dataset_s3_bucket_producer_with_no_taskflow to None, run_after=None
[2025-05-19T15:59:18.297+0000] {processor.py:208} INFO - Processing /home/airflow/.local/lib/python3.12/site-packages/airflow/example_dags/example_dataset_alias_with_no_taskflow.py took 0.331 seconds
[2025-05-19T15:59:48.979+0000] {processor.py:186} INFO - Started process (PID=1383) to work on /home/airflow/.local/lib/python3.12/site-packages/airflow/example_dags/example_dataset_alias_with_no_taskflow.py
[2025-05-19T15:59:48.980+0000] {processor.py:914} INFO - Processing file /home/airflow/.local/lib/python3.12/site-packages/airflow/example_dags/example_dataset_alias_with_no_taskflow.py for tasks to queue
[2025-05-19T15:59:48.981+0000] {logging_mixin.py:190} INFO - [2025-05-19T15:59:48.981+0000] {dagbag.py:588} INFO - Filling up the DagBag from /home/airflow/.local/lib/python3.12/site-packages/airflow/example_dags/example_dataset_alias_with_no_taskflow.py
[2025-05-19T15:59:49.244+0000] {processor.py:925} INFO - DAG(s) 'dataset_alias_example_alias_consumer_with_no_taskflow', 'dataset_s3_bucket_consumer_with_no_taskflow', 'dataset_s3_bucket_producer_with_no_taskflow', 'dataset_alias_example_alias_producer_with_no_taskflow' retrieved from /home/airflow/.local/lib/python3.12/site-packages/airflow/example_dags/example_dataset_alias_with_no_taskflow.py
[2025-05-19T15:59:49.252+0000] {logging_mixin.py:190} INFO - [2025-05-19T15:59:49.252+0000] {dag.py:3239} INFO - Sync 4 DAGs
[2025-05-19T15:59:49.260+0000] {logging_mixin.py:190} INFO - [2025-05-19T15:59:49.260+0000] {dag.py:4180} INFO - Setting next_dagrun for dataset_alias_example_alias_consumer_with_no_taskflow to None, run_after=None
[2025-05-19T15:59:49.261+0000] {logging_mixin.py:190} INFO - [2025-05-19T15:59:49.261+0000] {dag.py:4180} INFO - Setting next_dagrun for dataset_alias_example_alias_producer_with_no_taskflow to None, run_after=None
[2025-05-19T15:59:49.262+0000] {logging_mixin.py:190} INFO - [2025-05-19T15:59:49.262+0000] {dag.py:4180} INFO - Setting next_dagrun for dataset_s3_bucket_consumer_with_no_taskflow to None, run_after=None
[2025-05-19T15:59:49.263+0000] {logging_mixin.py:190} INFO - [2025-05-19T15:59:49.263+0000] {dag.py:4180} INFO - Setting next_dagrun for dataset_s3_bucket_producer_with_no_taskflow to None, run_after=None
[2025-05-19T15:59:49.271+0000] {processor.py:208} INFO - Processing /home/airflow/.local/lib/python3.12/site-packages/airflow/example_dags/example_dataset_alias_with_no_taskflow.py took 0.295 seconds
[2025-05-19T16:00:20.020+0000] {processor.py:186} INFO - Started process (PID=1440) to work on /home/airflow/.local/lib/python3.12/site-packages/airflow/example_dags/example_dataset_alias_with_no_taskflow.py
[2025-05-19T16:00:20.021+0000] {processor.py:914} INFO - Processing file /home/airflow/.local/lib/python3.12/site-packages/airflow/example_dags/example_dataset_alias_with_no_taskflow.py for tasks to queue
[2025-05-19T16:00:20.022+0000] {logging_mixin.py:190} INFO - [2025-05-19T16:00:20.022+0000] {dagbag.py:588} INFO - Filling up the DagBag from /home/airflow/.local/lib/python3.12/site-packages/airflow/example_dags/example_dataset_alias_with_no_taskflow.py
[2025-05-19T16:00:20.296+0000] {processor.py:925} INFO - DAG(s) 'dataset_alias_example_alias_consumer_with_no_taskflow', 'dataset_alias_example_alias_producer_with_no_taskflow', 'dataset_s3_bucket_producer_with_no_taskflow', 'dataset_s3_bucket_consumer_with_no_taskflow' retrieved from /home/airflow/.local/lib/python3.12/site-packages/airflow/example_dags/example_dataset_alias_with_no_taskflow.py
[2025-05-19T16:00:20.305+0000] {logging_mixin.py:190} INFO - [2025-05-19T16:00:20.305+0000] {dag.py:3239} INFO - Sync 4 DAGs
[2025-05-19T16:00:20.313+0000] {logging_mixin.py:190} INFO - [2025-05-19T16:00:20.313+0000] {dag.py:4180} INFO - Setting next_dagrun for dataset_alias_example_alias_consumer_with_no_taskflow to None, run_after=None
[2025-05-19T16:00:20.314+0000] {logging_mixin.py:190} INFO - [2025-05-19T16:00:20.314+0000] {dag.py:4180} INFO - Setting next_dagrun for dataset_alias_example_alias_producer_with_no_taskflow to None, run_after=None
[2025-05-19T16:00:20.315+0000] {logging_mixin.py:190} INFO - [2025-05-19T16:00:20.315+0000] {dag.py:4180} INFO - Setting next_dagrun for dataset_s3_bucket_consumer_with_no_taskflow to None, run_after=None
[2025-05-19T16:00:20.315+0000] {logging_mixin.py:190} INFO - [2025-05-19T16:00:20.315+0000] {dag.py:4180} INFO - Setting next_dagrun for dataset_s3_bucket_producer_with_no_taskflow to None, run_after=None
[2025-05-19T16:00:20.324+0000] {processor.py:208} INFO - Processing /home/airflow/.local/lib/python3.12/site-packages/airflow/example_dags/example_dataset_alias_with_no_taskflow.py took 0.307 seconds
[2025-05-19T16:00:51.068+0000] {processor.py:186} INFO - Started process (PID=1497) to work on /home/airflow/.local/lib/python3.12/site-packages/airflow/example_dags/example_dataset_alias_with_no_taskflow.py
[2025-05-19T16:00:51.068+0000] {processor.py:914} INFO - Processing file /home/airflow/.local/lib/python3.12/site-packages/airflow/example_dags/example_dataset_alias_with_no_taskflow.py for tasks to queue
[2025-05-19T16:00:51.069+0000] {logging_mixin.py:190} INFO - [2025-05-19T16:00:51.069+0000] {dagbag.py:588} INFO - Filling up the DagBag from /home/airflow/.local/lib/python3.12/site-packages/airflow/example_dags/example_dataset_alias_with_no_taskflow.py
[2025-05-19T16:00:51.326+0000] {processor.py:925} INFO - DAG(s) 'dataset_s3_bucket_consumer_with_no_taskflow', 'dataset_s3_bucket_producer_with_no_taskflow', 'dataset_alias_example_alias_producer_with_no_taskflow', 'dataset_alias_example_alias_consumer_with_no_taskflow' retrieved from /home/airflow/.local/lib/python3.12/site-packages/airflow/example_dags/example_dataset_alias_with_no_taskflow.py
[2025-05-19T16:00:51.334+0000] {logging_mixin.py:190} INFO - [2025-05-19T16:00:51.334+0000] {dag.py:3239} INFO - Sync 4 DAGs
[2025-05-19T16:00:51.343+0000] {logging_mixin.py:190} INFO - [2025-05-19T16:00:51.343+0000] {dag.py:4180} INFO - Setting next_dagrun for dataset_alias_example_alias_consumer_with_no_taskflow to None, run_after=None
[2025-05-19T16:00:51.344+0000] {logging_mixin.py:190} INFO - [2025-05-19T16:00:51.344+0000] {dag.py:4180} INFO - Setting next_dagrun for dataset_alias_example_alias_producer_with_no_taskflow to None, run_after=None
[2025-05-19T16:00:51.344+0000] {logging_mixin.py:190} INFO - [2025-05-19T16:00:51.344+0000] {dag.py:4180} INFO - Setting next_dagrun for dataset_s3_bucket_consumer_with_no_taskflow to None, run_after=None
[2025-05-19T16:00:51.345+0000] {logging_mixin.py:190} INFO - [2025-05-19T16:00:51.345+0000] {dag.py:4180} INFO - Setting next_dagrun for dataset_s3_bucket_producer_with_no_taskflow to None, run_after=None
[2025-05-19T16:00:51.353+0000] {processor.py:208} INFO - Processing /home/airflow/.local/lib/python3.12/site-packages/airflow/example_dags/example_dataset_alias_with_no_taskflow.py took 0.289 seconds
[2025-05-19T16:01:21.986+0000] {processor.py:186} INFO - Started process (PID=1554) to work on /home/airflow/.local/lib/python3.12/site-packages/airflow/example_dags/example_dataset_alias_with_no_taskflow.py
[2025-05-19T16:01:21.987+0000] {processor.py:914} INFO - Processing file /home/airflow/.local/lib/python3.12/site-packages/airflow/example_dags/example_dataset_alias_with_no_taskflow.py for tasks to queue
[2025-05-19T16:01:21.988+0000] {logging_mixin.py:190} INFO - [2025-05-19T16:01:21.988+0000] {dagbag.py:588} INFO - Filling up the DagBag from /home/airflow/.local/lib/python3.12/site-packages/airflow/example_dags/example_dataset_alias_with_no_taskflow.py
[2025-05-19T16:01:22.246+0000] {processor.py:925} INFO - DAG(s) 'dataset_s3_bucket_consumer_with_no_taskflow', 'dataset_alias_example_alias_producer_with_no_taskflow', 'dataset_alias_example_alias_consumer_with_no_taskflow', 'dataset_s3_bucket_producer_with_no_taskflow' retrieved from /home/airflow/.local/lib/python3.12/site-packages/airflow/example_dags/example_dataset_alias_with_no_taskflow.py
[2025-05-19T16:01:22.254+0000] {logging_mixin.py:190} INFO - [2025-05-19T16:01:22.254+0000] {dag.py:3239} INFO - Sync 4 DAGs
[2025-05-19T16:01:22.263+0000] {logging_mixin.py:190} INFO - [2025-05-19T16:01:22.262+0000] {dag.py:4180} INFO - Setting next_dagrun for dataset_alias_example_alias_consumer_with_no_taskflow to None, run_after=None
[2025-05-19T16:01:22.264+0000] {logging_mixin.py:190} INFO - [2025-05-19T16:01:22.264+0000] {dag.py:4180} INFO - Setting next_dagrun for dataset_alias_example_alias_producer_with_no_taskflow to None, run_after=None
[2025-05-19T16:01:22.264+0000] {logging_mixin.py:190} INFO - [2025-05-19T16:01:22.264+0000] {dag.py:4180} INFO - Setting next_dagrun for dataset_s3_bucket_consumer_with_no_taskflow to None, run_after=None
[2025-05-19T16:01:22.265+0000] {logging_mixin.py:190} INFO - [2025-05-19T16:01:22.265+0000] {dag.py:4180} INFO - Setting next_dagrun for dataset_s3_bucket_producer_with_no_taskflow to None, run_after=None
[2025-05-19T16:01:22.274+0000] {processor.py:208} INFO - Processing /home/airflow/.local/lib/python3.12/site-packages/airflow/example_dags/example_dataset_alias_with_no_taskflow.py took 0.291 seconds
[2025-05-19T16:01:52.918+0000] {processor.py:186} INFO - Started process (PID=1611) to work on /home/airflow/.local/lib/python3.12/site-packages/airflow/example_dags/example_dataset_alias_with_no_taskflow.py
[2025-05-19T16:01:52.919+0000] {processor.py:914} INFO - Processing file /home/airflow/.local/lib/python3.12/site-packages/airflow/example_dags/example_dataset_alias_with_no_taskflow.py for tasks to queue
[2025-05-19T16:01:52.920+0000] {logging_mixin.py:190} INFO - [2025-05-19T16:01:52.920+0000] {dagbag.py:588} INFO - Filling up the DagBag from /home/airflow/.local/lib/python3.12/site-packages/airflow/example_dags/example_dataset_alias_with_no_taskflow.py
[2025-05-19T16:01:53.215+0000] {processor.py:925} INFO - DAG(s) 'dataset_alias_example_alias_producer_with_no_taskflow', 'dataset_s3_bucket_consumer_with_no_taskflow', 'dataset_alias_example_alias_consumer_with_no_taskflow', 'dataset_s3_bucket_producer_with_no_taskflow' retrieved from /home/airflow/.local/lib/python3.12/site-packages/airflow/example_dags/example_dataset_alias_with_no_taskflow.py
[2025-05-19T16:01:53.225+0000] {logging_mixin.py:190} INFO - [2025-05-19T16:01:53.224+0000] {dag.py:3239} INFO - Sync 4 DAGs
[2025-05-19T16:01:53.234+0000] {logging_mixin.py:190} INFO - [2025-05-19T16:01:53.234+0000] {dag.py:4180} INFO - Setting next_dagrun for dataset_alias_example_alias_consumer_with_no_taskflow to None, run_after=None
[2025-05-19T16:01:53.235+0000] {logging_mixin.py:190} INFO - [2025-05-19T16:01:53.235+0000] {dag.py:4180} INFO - Setting next_dagrun for dataset_alias_example_alias_producer_with_no_taskflow to None, run_after=None
[2025-05-19T16:01:53.236+0000] {logging_mixin.py:190} INFO - [2025-05-19T16:01:53.236+0000] {dag.py:4180} INFO - Setting next_dagrun for dataset_s3_bucket_consumer_with_no_taskflow to None, run_after=None
[2025-05-19T16:01:53.237+0000] {logging_mixin.py:190} INFO - [2025-05-19T16:01:53.237+0000] {dag.py:4180} INFO - Setting next_dagrun for dataset_s3_bucket_producer_with_no_taskflow to None, run_after=None
[2025-05-19T16:01:53.247+0000] {processor.py:208} INFO - Processing /home/airflow/.local/lib/python3.12/site-packages/airflow/example_dags/example_dataset_alias_with_no_taskflow.py took 0.333 seconds
[2025-05-19T16:02:23.711+0000] {processor.py:186} INFO - Started process (PID=1671) to work on /home/airflow/.local/lib/python3.12/site-packages/airflow/example_dags/example_dataset_alias_with_no_taskflow.py
[2025-05-19T16:02:23.712+0000] {processor.py:914} INFO - Processing file /home/airflow/.local/lib/python3.12/site-packages/airflow/example_dags/example_dataset_alias_with_no_taskflow.py for tasks to queue
[2025-05-19T16:02:23.717+0000] {logging_mixin.py:190} INFO - [2025-05-19T16:02:23.717+0000] {dagbag.py:588} INFO - Filling up the DagBag from /home/airflow/.local/lib/python3.12/site-packages/airflow/example_dags/example_dataset_alias_with_no_taskflow.py
[2025-05-19T16:02:24.014+0000] {processor.py:925} INFO - DAG(s) 'dataset_alias_example_alias_consumer_with_no_taskflow', 'dataset_alias_example_alias_producer_with_no_taskflow', 'dataset_s3_bucket_consumer_with_no_taskflow', 'dataset_s3_bucket_producer_with_no_taskflow' retrieved from /home/airflow/.local/lib/python3.12/site-packages/airflow/example_dags/example_dataset_alias_with_no_taskflow.py
[2025-05-19T16:02:24.024+0000] {logging_mixin.py:190} INFO - [2025-05-19T16:02:24.024+0000] {dag.py:3239} INFO - Sync 4 DAGs
[2025-05-19T16:02:24.034+0000] {logging_mixin.py:190} INFO - [2025-05-19T16:02:24.033+0000] {dag.py:4180} INFO - Setting next_dagrun for dataset_alias_example_alias_consumer_with_no_taskflow to None, run_after=None
[2025-05-19T16:02:24.039+0000] {logging_mixin.py:190} INFO - [2025-05-19T16:02:24.039+0000] {dag.py:4180} INFO - Setting next_dagrun for dataset_alias_example_alias_producer_with_no_taskflow to None, run_after=None
[2025-05-19T16:02:24.040+0000] {logging_mixin.py:190} INFO - [2025-05-19T16:02:24.040+0000] {dag.py:4180} INFO - Setting next_dagrun for dataset_s3_bucket_consumer_with_no_taskflow to None, run_after=None
[2025-05-19T16:02:24.041+0000] {logging_mixin.py:190} INFO - [2025-05-19T16:02:24.041+0000] {dag.py:4180} INFO - Setting next_dagrun for dataset_s3_bucket_producer_with_no_taskflow to None, run_after=None
[2025-05-19T16:02:24.051+0000] {processor.py:208} INFO - Processing /home/airflow/.local/lib/python3.12/site-packages/airflow/example_dags/example_dataset_alias_with_no_taskflow.py took 0.343 seconds
[2025-05-19T16:02:54.626+0000] {processor.py:186} INFO - Started process (PID=1725) to work on /home/airflow/.local/lib/python3.12/site-packages/airflow/example_dags/example_dataset_alias_with_no_taskflow.py
[2025-05-19T16:02:54.626+0000] {processor.py:914} INFO - Processing file /home/airflow/.local/lib/python3.12/site-packages/airflow/example_dags/example_dataset_alias_with_no_taskflow.py for tasks to queue
[2025-05-19T16:02:54.628+0000] {logging_mixin.py:190} INFO - [2025-05-19T16:02:54.628+0000] {dagbag.py:588} INFO - Filling up the DagBag from /home/airflow/.local/lib/python3.12/site-packages/airflow/example_dags/example_dataset_alias_with_no_taskflow.py
[2025-05-19T16:02:54.878+0000] {processor.py:925} INFO - DAG(s) 'dataset_alias_example_alias_producer_with_no_taskflow', 'dataset_s3_bucket_producer_with_no_taskflow', 'dataset_s3_bucket_consumer_with_no_taskflow', 'dataset_alias_example_alias_consumer_with_no_taskflow' retrieved from /home/airflow/.local/lib/python3.12/site-packages/airflow/example_dags/example_dataset_alias_with_no_taskflow.py
[2025-05-19T16:02:54.890+0000] {logging_mixin.py:190} INFO - [2025-05-19T16:02:54.889+0000] {dag.py:3239} INFO - Sync 4 DAGs
[2025-05-19T16:02:54.900+0000] {logging_mixin.py:190} INFO - [2025-05-19T16:02:54.900+0000] {dag.py:4180} INFO - Setting next_dagrun for dataset_alias_example_alias_consumer_with_no_taskflow to None, run_after=None
[2025-05-19T16:02:54.901+0000] {logging_mixin.py:190} INFO - [2025-05-19T16:02:54.901+0000] {dag.py:4180} INFO - Setting next_dagrun for dataset_alias_example_alias_producer_with_no_taskflow to None, run_after=None
[2025-05-19T16:02:54.902+0000] {logging_mixin.py:190} INFO - [2025-05-19T16:02:54.902+0000] {dag.py:4180} INFO - Setting next_dagrun for dataset_s3_bucket_consumer_with_no_taskflow to None, run_after=None
[2025-05-19T16:02:54.903+0000] {logging_mixin.py:190} INFO - [2025-05-19T16:02:54.903+0000] {dag.py:4180} INFO - Setting next_dagrun for dataset_s3_bucket_producer_with_no_taskflow to None, run_after=None
[2025-05-19T16:02:54.912+0000] {processor.py:208} INFO - Processing /home/airflow/.local/lib/python3.12/site-packages/airflow/example_dags/example_dataset_alias_with_no_taskflow.py took 0.289 seconds
[2025-05-19T16:03:25.630+0000] {processor.py:186} INFO - Started process (PID=1782) to work on /home/airflow/.local/lib/python3.12/site-packages/airflow/example_dags/example_dataset_alias_with_no_taskflow.py
[2025-05-19T16:03:25.633+0000] {processor.py:914} INFO - Processing file /home/airflow/.local/lib/python3.12/site-packages/airflow/example_dags/example_dataset_alias_with_no_taskflow.py for tasks to queue
[2025-05-19T16:03:25.634+0000] {logging_mixin.py:190} INFO - [2025-05-19T16:03:25.634+0000] {dagbag.py:588} INFO - Filling up the DagBag from /home/airflow/.local/lib/python3.12/site-packages/airflow/example_dags/example_dataset_alias_with_no_taskflow.py
[2025-05-19T16:03:25.934+0000] {processor.py:925} INFO - DAG(s) 'dataset_s3_bucket_consumer_with_no_taskflow', 'dataset_alias_example_alias_consumer_with_no_taskflow', 'dataset_s3_bucket_producer_with_no_taskflow', 'dataset_alias_example_alias_producer_with_no_taskflow' retrieved from /home/airflow/.local/lib/python3.12/site-packages/airflow/example_dags/example_dataset_alias_with_no_taskflow.py
[2025-05-19T16:03:25.946+0000] {logging_mixin.py:190} INFO - [2025-05-19T16:03:25.945+0000] {dag.py:3239} INFO - Sync 4 DAGs
[2025-05-19T16:03:25.956+0000] {logging_mixin.py:190} INFO - [2025-05-19T16:03:25.956+0000] {dag.py:4180} INFO - Setting next_dagrun for dataset_alias_example_alias_consumer_with_no_taskflow to None, run_after=None
[2025-05-19T16:03:25.957+0000] {logging_mixin.py:190} INFO - [2025-05-19T16:03:25.957+0000] {dag.py:4180} INFO - Setting next_dagrun for dataset_alias_example_alias_producer_with_no_taskflow to None, run_after=None
[2025-05-19T16:03:25.958+0000] {logging_mixin.py:190} INFO - [2025-05-19T16:03:25.958+0000] {dag.py:4180} INFO - Setting next_dagrun for dataset_s3_bucket_consumer_with_no_taskflow to None, run_after=None
[2025-05-19T16:03:25.959+0000] {logging_mixin.py:190} INFO - [2025-05-19T16:03:25.959+0000] {dag.py:4180} INFO - Setting next_dagrun for dataset_s3_bucket_producer_with_no_taskflow to None, run_after=None
[2025-05-19T16:03:25.970+0000] {processor.py:208} INFO - Processing /home/airflow/.local/lib/python3.12/site-packages/airflow/example_dags/example_dataset_alias_with_no_taskflow.py took 0.343 seconds
[2025-05-19T16:03:56.592+0000] {processor.py:186} INFO - Started process (PID=1839) to work on /home/airflow/.local/lib/python3.12/site-packages/airflow/example_dags/example_dataset_alias_with_no_taskflow.py
[2025-05-19T16:03:56.592+0000] {processor.py:914} INFO - Processing file /home/airflow/.local/lib/python3.12/site-packages/airflow/example_dags/example_dataset_alias_with_no_taskflow.py for tasks to queue
[2025-05-19T16:03:56.594+0000] {logging_mixin.py:190} INFO - [2025-05-19T16:03:56.593+0000] {dagbag.py:588} INFO - Filling up the DagBag from /home/airflow/.local/lib/python3.12/site-packages/airflow/example_dags/example_dataset_alias_with_no_taskflow.py
[2025-05-19T16:03:56.887+0000] {processor.py:925} INFO - DAG(s) 'dataset_s3_bucket_producer_with_no_taskflow', 'dataset_s3_bucket_consumer_with_no_taskflow', 'dataset_alias_example_alias_consumer_with_no_taskflow', 'dataset_alias_example_alias_producer_with_no_taskflow' retrieved from /home/airflow/.local/lib/python3.12/site-packages/airflow/example_dags/example_dataset_alias_with_no_taskflow.py
[2025-05-19T16:03:56.896+0000] {logging_mixin.py:190} INFO - [2025-05-19T16:03:56.896+0000] {dag.py:3239} INFO - Sync 4 DAGs
[2025-05-19T16:03:56.907+0000] {logging_mixin.py:190} INFO - [2025-05-19T16:03:56.907+0000] {dag.py:4180} INFO - Setting next_dagrun for dataset_alias_example_alias_consumer_with_no_taskflow to None, run_after=None
[2025-05-19T16:03:56.908+0000] {logging_mixin.py:190} INFO - [2025-05-19T16:03:56.908+0000] {dag.py:4180} INFO - Setting next_dagrun for dataset_alias_example_alias_producer_with_no_taskflow to None, run_after=None
[2025-05-19T16:03:56.909+0000] {logging_mixin.py:190} INFO - [2025-05-19T16:03:56.909+0000] {dag.py:4180} INFO - Setting next_dagrun for dataset_s3_bucket_consumer_with_no_taskflow to None, run_after=None
[2025-05-19T16:03:56.910+0000] {logging_mixin.py:190} INFO - [2025-05-19T16:03:56.910+0000] {dag.py:4180} INFO - Setting next_dagrun for dataset_s3_bucket_producer_with_no_taskflow to None, run_after=None
[2025-05-19T16:03:56.921+0000] {processor.py:208} INFO - Processing /home/airflow/.local/lib/python3.12/site-packages/airflow/example_dags/example_dataset_alias_with_no_taskflow.py took 0.333 seconds
[2025-05-19T16:04:27.346+0000] {processor.py:186} INFO - Started process (PID=1898) to work on /home/airflow/.local/lib/python3.12/site-packages/airflow/example_dags/example_dataset_alias_with_no_taskflow.py
[2025-05-19T16:04:27.346+0000] {processor.py:914} INFO - Processing file /home/airflow/.local/lib/python3.12/site-packages/airflow/example_dags/example_dataset_alias_with_no_taskflow.py for tasks to queue
[2025-05-19T16:04:27.348+0000] {logging_mixin.py:190} INFO - [2025-05-19T16:04:27.348+0000] {dagbag.py:588} INFO - Filling up the DagBag from /home/airflow/.local/lib/python3.12/site-packages/airflow/example_dags/example_dataset_alias_with_no_taskflow.py
[2025-05-19T16:04:27.636+0000] {processor.py:925} INFO - DAG(s) 'dataset_alias_example_alias_consumer_with_no_taskflow', 'dataset_alias_example_alias_producer_with_no_taskflow', 'dataset_s3_bucket_producer_with_no_taskflow', 'dataset_s3_bucket_consumer_with_no_taskflow' retrieved from /home/airflow/.local/lib/python3.12/site-packages/airflow/example_dags/example_dataset_alias_with_no_taskflow.py
[2025-05-19T16:04:27.646+0000] {logging_mixin.py:190} INFO - [2025-05-19T16:04:27.646+0000] {dag.py:3239} INFO - Sync 4 DAGs
[2025-05-19T16:04:27.658+0000] {logging_mixin.py:190} INFO - [2025-05-19T16:04:27.658+0000] {dag.py:4180} INFO - Setting next_dagrun for dataset_alias_example_alias_consumer_with_no_taskflow to None, run_after=None
[2025-05-19T16:04:27.660+0000] {logging_mixin.py:190} INFO - [2025-05-19T16:04:27.659+0000] {dag.py:4180} INFO - Setting next_dagrun for dataset_alias_example_alias_producer_with_no_taskflow to None, run_after=None
[2025-05-19T16:04:27.660+0000] {logging_mixin.py:190} INFO - [2025-05-19T16:04:27.660+0000] {dag.py:4180} INFO - Setting next_dagrun for dataset_s3_bucket_consumer_with_no_taskflow to None, run_after=None
[2025-05-19T16:04:27.661+0000] {logging_mixin.py:190} INFO - [2025-05-19T16:04:27.661+0000] {dag.py:4180} INFO - Setting next_dagrun for dataset_s3_bucket_producer_with_no_taskflow to None, run_after=None
[2025-05-19T16:04:27.671+0000] {processor.py:208} INFO - Processing /home/airflow/.local/lib/python3.12/site-packages/airflow/example_dags/example_dataset_alias_with_no_taskflow.py took 0.329 seconds
[2025-05-19T16:04:58.207+0000] {processor.py:186} INFO - Started process (PID=1955) to work on /home/airflow/.local/lib/python3.12/site-packages/airflow/example_dags/example_dataset_alias_with_no_taskflow.py
[2025-05-19T16:04:58.208+0000] {processor.py:914} INFO - Processing file /home/airflow/.local/lib/python3.12/site-packages/airflow/example_dags/example_dataset_alias_with_no_taskflow.py for tasks to queue
[2025-05-19T16:04:58.209+0000] {logging_mixin.py:190} INFO - [2025-05-19T16:04:58.209+0000] {dagbag.py:588} INFO - Filling up the DagBag from /home/airflow/.local/lib/python3.12/site-packages/airflow/example_dags/example_dataset_alias_with_no_taskflow.py
[2025-05-19T16:04:58.605+0000] {processor.py:925} INFO - DAG(s) 'dataset_s3_bucket_producer_with_no_taskflow', 'dataset_alias_example_alias_consumer_with_no_taskflow', 'dataset_alias_example_alias_producer_with_no_taskflow', 'dataset_s3_bucket_consumer_with_no_taskflow' retrieved from /home/airflow/.local/lib/python3.12/site-packages/airflow/example_dags/example_dataset_alias_with_no_taskflow.py
[2025-05-19T16:04:58.619+0000] {logging_mixin.py:190} INFO - [2025-05-19T16:04:58.619+0000] {dag.py:3239} INFO - Sync 4 DAGs
[2025-05-19T16:04:58.631+0000] {logging_mixin.py:190} INFO - [2025-05-19T16:04:58.631+0000] {dag.py:4180} INFO - Setting next_dagrun for dataset_alias_example_alias_consumer_with_no_taskflow to None, run_after=None
[2025-05-19T16:04:58.634+0000] {logging_mixin.py:190} INFO - [2025-05-19T16:04:58.634+0000] {dag.py:4180} INFO - Setting next_dagrun for dataset_alias_example_alias_producer_with_no_taskflow to None, run_after=None
[2025-05-19T16:04:58.638+0000] {logging_mixin.py:190} INFO - [2025-05-19T16:04:58.638+0000] {dag.py:4180} INFO - Setting next_dagrun for dataset_s3_bucket_consumer_with_no_taskflow to None, run_after=None
[2025-05-19T16:04:58.639+0000] {logging_mixin.py:190} INFO - [2025-05-19T16:04:58.639+0000] {dag.py:4180} INFO - Setting next_dagrun for dataset_s3_bucket_producer_with_no_taskflow to None, run_after=None
[2025-05-19T16:04:58.653+0000] {processor.py:208} INFO - Processing /home/airflow/.local/lib/python3.12/site-packages/airflow/example_dags/example_dataset_alias_with_no_taskflow.py took 0.451 seconds
