[2025-05-19T15:47:58.466+0000] {processor.py:186} INFO - Started process (PID=64) to work on /home/airflow/.local/lib/python3.12/site-packages/airflow/example_dags/example_latest_only_with_trigger.py
[2025-05-19T15:47:58.467+0000] {processor.py:914} INFO - Processing file /home/airflow/.local/lib/python3.12/site-packages/airflow/example_dags/example_latest_only_with_trigger.py for tasks to queue
[2025-05-19T15:47:58.468+0000] {logging_mixin.py:190} INFO - [2025-05-19T15:47:58.468+0000] {dagbag.py:588} INFO - Filling up the DagBag from /home/airflow/.local/lib/python3.12/site-packages/airflow/example_dags/example_latest_only_with_trigger.py
[2025-05-19T15:47:58.473+0000] {processor.py:925} INFO - DAG(s) 'latest_only_with_trigger' retrieved from /home/airflow/.local/lib/python3.12/site-packages/airflow/example_dags/example_latest_only_with_trigger.py
[2025-05-19T15:47:58.527+0000] {logging_mixin.py:190} INFO - [2025-05-19T15:47:58.526+0000] {override.py:1912} INFO - Created Permission View: can delete on DAG:latest_only_with_trigger
[2025-05-19T15:47:58.536+0000] {logging_mixin.py:190} INFO - [2025-05-19T15:47:58.536+0000] {override.py:1912} INFO - Created Permission View: can read on DAG:latest_only_with_trigger
[2025-05-19T15:47:58.540+0000] {logging_mixin.py:190} INFO - [2025-05-19T15:47:58.539+0000] {override.py:1912} INFO - Created Permission View: can edit on DAG:latest_only_with_trigger
[2025-05-19T15:47:58.542+0000] {logging_mixin.py:190} INFO - [2025-05-19T15:47:58.542+0000] {override.py:1912} INFO - Created Permission View: menu access on DAG Run:latest_only_with_trigger
[2025-05-19T15:47:58.545+0000] {logging_mixin.py:190} INFO - [2025-05-19T15:47:58.545+0000] {override.py:1912} INFO - Created Permission View: can create on DAG Run:latest_only_with_trigger
[2025-05-19T15:47:58.547+0000] {logging_mixin.py:190} INFO - [2025-05-19T15:47:58.547+0000] {override.py:1912} INFO - Created Permission View: can delete on DAG Run:latest_only_with_trigger
[2025-05-19T15:47:58.550+0000] {logging_mixin.py:190} INFO - [2025-05-19T15:47:58.549+0000] {override.py:1912} INFO - Created Permission View: can read on DAG Run:latest_only_with_trigger
[2025-05-19T15:47:58.550+0000] {logging_mixin.py:190} INFO - [2025-05-19T15:47:58.550+0000] {dag.py:3239} INFO - Sync 1 DAGs
[2025-05-19T15:47:58.556+0000] {logging_mixin.py:190} INFO - [2025-05-19T15:47:58.555+0000] {dag.py:3262} INFO - Creating ORM DAG for latest_only_with_trigger
[2025-05-19T15:47:58.560+0000] {logging_mixin.py:190} INFO - [2025-05-19T15:47:58.560+0000] {dag.py:4180} INFO - Setting next_dagrun for latest_only_with_trigger to 2025-05-19 08:00:00+00:00, run_after=2025-05-19 12:00:00+00:00
[2025-05-19T15:47:58.567+0000] {processor.py:208} INFO - Processing /home/airflow/.local/lib/python3.12/site-packages/airflow/example_dags/example_latest_only_with_trigger.py took 0.104 seconds
[2025-05-19T15:48:28.684+0000] {processor.py:186} INFO - Started process (PID=121) to work on /home/airflow/.local/lib/python3.12/site-packages/airflow/example_dags/example_latest_only_with_trigger.py
[2025-05-19T15:48:28.685+0000] {processor.py:914} INFO - Processing file /home/airflow/.local/lib/python3.12/site-packages/airflow/example_dags/example_latest_only_with_trigger.py for tasks to queue
[2025-05-19T15:48:28.687+0000] {logging_mixin.py:190} INFO - [2025-05-19T15:48:28.686+0000] {dagbag.py:588} INFO - Filling up the DagBag from /home/airflow/.local/lib/python3.12/site-packages/airflow/example_dags/example_latest_only_with_trigger.py
[2025-05-19T15:48:28.693+0000] {processor.py:925} INFO - DAG(s) 'latest_only_with_trigger' retrieved from /home/airflow/.local/lib/python3.12/site-packages/airflow/example_dags/example_latest_only_with_trigger.py
[2025-05-19T15:48:28.704+0000] {logging_mixin.py:190} INFO - [2025-05-19T15:48:28.704+0000] {dag.py:3239} INFO - Sync 1 DAGs
[2025-05-19T15:48:28.716+0000] {logging_mixin.py:190} INFO - [2025-05-19T15:48:28.716+0000] {dag.py:4180} INFO - Setting next_dagrun for latest_only_with_trigger to 2025-05-19 08:00:00+00:00, run_after=2025-05-19 12:00:00+00:00
[2025-05-19T15:48:28.724+0000] {processor.py:208} INFO - Processing /home/airflow/.local/lib/python3.12/site-packages/airflow/example_dags/example_latest_only_with_trigger.py took 0.045 seconds
[2025-05-19T15:48:59.426+0000] {processor.py:186} INFO - Started process (PID=178) to work on /home/airflow/.local/lib/python3.12/site-packages/airflow/example_dags/example_latest_only_with_trigger.py
[2025-05-19T15:48:59.429+0000] {processor.py:914} INFO - Processing file /home/airflow/.local/lib/python3.12/site-packages/airflow/example_dags/example_latest_only_with_trigger.py for tasks to queue
[2025-05-19T15:48:59.431+0000] {logging_mixin.py:190} INFO - [2025-05-19T15:48:59.431+0000] {dagbag.py:588} INFO - Filling up the DagBag from /home/airflow/.local/lib/python3.12/site-packages/airflow/example_dags/example_latest_only_with_trigger.py
[2025-05-19T15:48:59.435+0000] {processor.py:925} INFO - DAG(s) 'latest_only_with_trigger' retrieved from /home/airflow/.local/lib/python3.12/site-packages/airflow/example_dags/example_latest_only_with_trigger.py
[2025-05-19T15:48:59.445+0000] {logging_mixin.py:190} INFO - [2025-05-19T15:48:59.445+0000] {dag.py:3239} INFO - Sync 1 DAGs
[2025-05-19T15:48:59.457+0000] {logging_mixin.py:190} INFO - [2025-05-19T15:48:59.457+0000] {dag.py:4180} INFO - Setting next_dagrun for latest_only_with_trigger to 2025-05-19 08:00:00+00:00, run_after=2025-05-19 12:00:00+00:00
[2025-05-19T15:48:59.466+0000] {processor.py:208} INFO - Processing /home/airflow/.local/lib/python3.12/site-packages/airflow/example_dags/example_latest_only_with_trigger.py took 0.044 seconds
[2025-05-19T15:49:30.210+0000] {processor.py:186} INFO - Started process (PID=235) to work on /home/airflow/.local/lib/python3.12/site-packages/airflow/example_dags/example_latest_only_with_trigger.py
[2025-05-19T15:49:30.211+0000] {processor.py:914} INFO - Processing file /home/airflow/.local/lib/python3.12/site-packages/airflow/example_dags/example_latest_only_with_trigger.py for tasks to queue
[2025-05-19T15:49:30.212+0000] {logging_mixin.py:190} INFO - [2025-05-19T15:49:30.212+0000] {dagbag.py:588} INFO - Filling up the DagBag from /home/airflow/.local/lib/python3.12/site-packages/airflow/example_dags/example_latest_only_with_trigger.py
[2025-05-19T15:49:30.216+0000] {processor.py:925} INFO - DAG(s) 'latest_only_with_trigger' retrieved from /home/airflow/.local/lib/python3.12/site-packages/airflow/example_dags/example_latest_only_with_trigger.py
[2025-05-19T15:49:30.227+0000] {logging_mixin.py:190} INFO - [2025-05-19T15:49:30.227+0000] {dag.py:3239} INFO - Sync 1 DAGs
[2025-05-19T15:49:30.238+0000] {logging_mixin.py:190} INFO - [2025-05-19T15:49:30.237+0000] {dag.py:4180} INFO - Setting next_dagrun for latest_only_with_trigger to 2025-05-19 08:00:00+00:00, run_after=2025-05-19 12:00:00+00:00
[2025-05-19T15:49:30.246+0000] {processor.py:208} INFO - Processing /home/airflow/.local/lib/python3.12/site-packages/airflow/example_dags/example_latest_only_with_trigger.py took 0.039 seconds
[2025-05-19T15:50:01.087+0000] {processor.py:186} INFO - Started process (PID=292) to work on /home/airflow/.local/lib/python3.12/site-packages/airflow/example_dags/example_latest_only_with_trigger.py
[2025-05-19T15:50:01.088+0000] {processor.py:914} INFO - Processing file /home/airflow/.local/lib/python3.12/site-packages/airflow/example_dags/example_latest_only_with_trigger.py for tasks to queue
[2025-05-19T15:50:01.089+0000] {logging_mixin.py:190} INFO - [2025-05-19T15:50:01.089+0000] {dagbag.py:588} INFO - Filling up the DagBag from /home/airflow/.local/lib/python3.12/site-packages/airflow/example_dags/example_latest_only_with_trigger.py
[2025-05-19T15:50:01.093+0000] {processor.py:925} INFO - DAG(s) 'latest_only_with_trigger' retrieved from /home/airflow/.local/lib/python3.12/site-packages/airflow/example_dags/example_latest_only_with_trigger.py
[2025-05-19T15:50:01.106+0000] {logging_mixin.py:190} INFO - [2025-05-19T15:50:01.105+0000] {dag.py:3239} INFO - Sync 1 DAGs
[2025-05-19T15:50:01.117+0000] {logging_mixin.py:190} INFO - [2025-05-19T15:50:01.117+0000] {dag.py:4180} INFO - Setting next_dagrun for latest_only_with_trigger to 2025-05-19 08:00:00+00:00, run_after=2025-05-19 12:00:00+00:00
[2025-05-19T15:50:01.126+0000] {processor.py:208} INFO - Processing /home/airflow/.local/lib/python3.12/site-packages/airflow/example_dags/example_latest_only_with_trigger.py took 0.042 seconds
[2025-05-19T15:50:31.799+0000] {processor.py:186} INFO - Started process (PID=349) to work on /home/airflow/.local/lib/python3.12/site-packages/airflow/example_dags/example_latest_only_with_trigger.py
[2025-05-19T15:50:31.800+0000] {processor.py:914} INFO - Processing file /home/airflow/.local/lib/python3.12/site-packages/airflow/example_dags/example_latest_only_with_trigger.py for tasks to queue
[2025-05-19T15:50:31.801+0000] {logging_mixin.py:190} INFO - [2025-05-19T15:50:31.801+0000] {dagbag.py:588} INFO - Filling up the DagBag from /home/airflow/.local/lib/python3.12/site-packages/airflow/example_dags/example_latest_only_with_trigger.py
[2025-05-19T15:50:31.805+0000] {processor.py:925} INFO - DAG(s) 'latest_only_with_trigger' retrieved from /home/airflow/.local/lib/python3.12/site-packages/airflow/example_dags/example_latest_only_with_trigger.py
[2025-05-19T15:50:31.816+0000] {logging_mixin.py:190} INFO - [2025-05-19T15:50:31.815+0000] {dag.py:3239} INFO - Sync 1 DAGs
[2025-05-19T15:50:31.826+0000] {logging_mixin.py:190} INFO - [2025-05-19T15:50:31.825+0000] {dag.py:4180} INFO - Setting next_dagrun for latest_only_with_trigger to 2025-05-19 08:00:00+00:00, run_after=2025-05-19 12:00:00+00:00
[2025-05-19T15:50:31.834+0000] {processor.py:208} INFO - Processing /home/airflow/.local/lib/python3.12/site-packages/airflow/example_dags/example_latest_only_with_trigger.py took 0.038 seconds
[2025-05-19T15:51:02.422+0000] {processor.py:186} INFO - Started process (PID=406) to work on /home/airflow/.local/lib/python3.12/site-packages/airflow/example_dags/example_latest_only_with_trigger.py
[2025-05-19T15:51:02.422+0000] {processor.py:914} INFO - Processing file /home/airflow/.local/lib/python3.12/site-packages/airflow/example_dags/example_latest_only_with_trigger.py for tasks to queue
[2025-05-19T15:51:02.424+0000] {logging_mixin.py:190} INFO - [2025-05-19T15:51:02.423+0000] {dagbag.py:588} INFO - Filling up the DagBag from /home/airflow/.local/lib/python3.12/site-packages/airflow/example_dags/example_latest_only_with_trigger.py
[2025-05-19T15:51:02.428+0000] {processor.py:925} INFO - DAG(s) 'latest_only_with_trigger' retrieved from /home/airflow/.local/lib/python3.12/site-packages/airflow/example_dags/example_latest_only_with_trigger.py
[2025-05-19T15:51:02.440+0000] {logging_mixin.py:190} INFO - [2025-05-19T15:51:02.439+0000] {dag.py:3239} INFO - Sync 1 DAGs
[2025-05-19T15:51:02.450+0000] {logging_mixin.py:190} INFO - [2025-05-19T15:51:02.450+0000] {dag.py:4180} INFO - Setting next_dagrun for latest_only_with_trigger to 2025-05-19 08:00:00+00:00, run_after=2025-05-19 12:00:00+00:00
[2025-05-19T15:51:02.462+0000] {processor.py:208} INFO - Processing /home/airflow/.local/lib/python3.12/site-packages/airflow/example_dags/example_latest_only_with_trigger.py took 0.044 seconds
[2025-05-19T15:51:33.072+0000] {processor.py:186} INFO - Started process (PID=463) to work on /home/airflow/.local/lib/python3.12/site-packages/airflow/example_dags/example_latest_only_with_trigger.py
[2025-05-19T15:51:33.072+0000] {processor.py:914} INFO - Processing file /home/airflow/.local/lib/python3.12/site-packages/airflow/example_dags/example_latest_only_with_trigger.py for tasks to queue
[2025-05-19T15:51:33.075+0000] {logging_mixin.py:190} INFO - [2025-05-19T15:51:33.075+0000] {dagbag.py:588} INFO - Filling up the DagBag from /home/airflow/.local/lib/python3.12/site-packages/airflow/example_dags/example_latest_only_with_trigger.py
[2025-05-19T15:51:33.079+0000] {processor.py:925} INFO - DAG(s) 'latest_only_with_trigger' retrieved from /home/airflow/.local/lib/python3.12/site-packages/airflow/example_dags/example_latest_only_with_trigger.py
[2025-05-19T15:51:33.090+0000] {logging_mixin.py:190} INFO - [2025-05-19T15:51:33.089+0000] {dag.py:3239} INFO - Sync 1 DAGs
[2025-05-19T15:51:33.104+0000] {logging_mixin.py:190} INFO - [2025-05-19T15:51:33.104+0000] {dag.py:4180} INFO - Setting next_dagrun for latest_only_with_trigger to 2025-05-19 08:00:00+00:00, run_after=2025-05-19 12:00:00+00:00
[2025-05-19T15:51:33.114+0000] {processor.py:208} INFO - Processing /home/airflow/.local/lib/python3.12/site-packages/airflow/example_dags/example_latest_only_with_trigger.py took 0.046 seconds
[2025-05-19T15:52:03.786+0000] {processor.py:186} INFO - Started process (PID=520) to work on /home/airflow/.local/lib/python3.12/site-packages/airflow/example_dags/example_latest_only_with_trigger.py
[2025-05-19T15:52:03.790+0000] {processor.py:914} INFO - Processing file /home/airflow/.local/lib/python3.12/site-packages/airflow/example_dags/example_latest_only_with_trigger.py for tasks to queue
[2025-05-19T15:52:03.794+0000] {logging_mixin.py:190} INFO - [2025-05-19T15:52:03.794+0000] {dagbag.py:588} INFO - Filling up the DagBag from /home/airflow/.local/lib/python3.12/site-packages/airflow/example_dags/example_latest_only_with_trigger.py
[2025-05-19T15:52:03.799+0000] {processor.py:925} INFO - DAG(s) 'latest_only_with_trigger' retrieved from /home/airflow/.local/lib/python3.12/site-packages/airflow/example_dags/example_latest_only_with_trigger.py
[2025-05-19T15:52:03.813+0000] {logging_mixin.py:190} INFO - [2025-05-19T15:52:03.813+0000] {dag.py:3239} INFO - Sync 1 DAGs
[2025-05-19T15:52:03.827+0000] {logging_mixin.py:190} INFO - [2025-05-19T15:52:03.827+0000] {dag.py:4180} INFO - Setting next_dagrun for latest_only_with_trigger to 2025-05-19 08:00:00+00:00, run_after=2025-05-19 12:00:00+00:00
[2025-05-19T15:52:03.836+0000] {processor.py:208} INFO - Processing /home/airflow/.local/lib/python3.12/site-packages/airflow/example_dags/example_latest_only_with_trigger.py took 0.054 seconds
[2025-05-19T15:52:34.895+0000] {processor.py:186} INFO - Started process (PID=577) to work on /home/airflow/.local/lib/python3.12/site-packages/airflow/example_dags/example_latest_only_with_trigger.py
[2025-05-19T15:52:34.896+0000] {processor.py:914} INFO - Processing file /home/airflow/.local/lib/python3.12/site-packages/airflow/example_dags/example_latest_only_with_trigger.py for tasks to queue
[2025-05-19T15:52:34.897+0000] {logging_mixin.py:190} INFO - [2025-05-19T15:52:34.897+0000] {dagbag.py:588} INFO - Filling up the DagBag from /home/airflow/.local/lib/python3.12/site-packages/airflow/example_dags/example_latest_only_with_trigger.py
[2025-05-19T15:52:34.901+0000] {processor.py:925} INFO - DAG(s) 'latest_only_with_trigger' retrieved from /home/airflow/.local/lib/python3.12/site-packages/airflow/example_dags/example_latest_only_with_trigger.py
[2025-05-19T15:52:34.912+0000] {logging_mixin.py:190} INFO - [2025-05-19T15:52:34.912+0000] {dag.py:3239} INFO - Sync 1 DAGs
[2025-05-19T15:52:34.923+0000] {logging_mixin.py:190} INFO - [2025-05-19T15:52:34.923+0000] {dag.py:4180} INFO - Setting next_dagrun for latest_only_with_trigger to 2025-05-19 08:00:00+00:00, run_after=2025-05-19 12:00:00+00:00
[2025-05-19T15:52:34.933+0000] {processor.py:208} INFO - Processing /home/airflow/.local/lib/python3.12/site-packages/airflow/example_dags/example_latest_only_with_trigger.py took 0.041 seconds
[2025-05-19T15:53:05.351+0000] {processor.py:186} INFO - Started process (PID=634) to work on /home/airflow/.local/lib/python3.12/site-packages/airflow/example_dags/example_latest_only_with_trigger.py
[2025-05-19T15:53:05.351+0000] {processor.py:914} INFO - Processing file /home/airflow/.local/lib/python3.12/site-packages/airflow/example_dags/example_latest_only_with_trigger.py for tasks to queue
[2025-05-19T15:53:05.353+0000] {logging_mixin.py:190} INFO - [2025-05-19T15:53:05.352+0000] {dagbag.py:588} INFO - Filling up the DagBag from /home/airflow/.local/lib/python3.12/site-packages/airflow/example_dags/example_latest_only_with_trigger.py
[2025-05-19T15:53:05.357+0000] {processor.py:925} INFO - DAG(s) 'latest_only_with_trigger' retrieved from /home/airflow/.local/lib/python3.12/site-packages/airflow/example_dags/example_latest_only_with_trigger.py
[2025-05-19T15:53:05.370+0000] {logging_mixin.py:190} INFO - [2025-05-19T15:53:05.370+0000] {dag.py:3239} INFO - Sync 1 DAGs
[2025-05-19T15:53:05.383+0000] {logging_mixin.py:190} INFO - [2025-05-19T15:53:05.383+0000] {dag.py:4180} INFO - Setting next_dagrun for latest_only_with_trigger to 2025-05-19 08:00:00+00:00, run_after=2025-05-19 12:00:00+00:00
[2025-05-19T15:53:05.393+0000] {processor.py:208} INFO - Processing /home/airflow/.local/lib/python3.12/site-packages/airflow/example_dags/example_latest_only_with_trigger.py took 0.048 seconds
[2025-05-19T15:53:36.188+0000] {processor.py:186} INFO - Started process (PID=691) to work on /home/airflow/.local/lib/python3.12/site-packages/airflow/example_dags/example_latest_only_with_trigger.py
[2025-05-19T15:53:36.189+0000] {processor.py:914} INFO - Processing file /home/airflow/.local/lib/python3.12/site-packages/airflow/example_dags/example_latest_only_with_trigger.py for tasks to queue
[2025-05-19T15:53:36.191+0000] {logging_mixin.py:190} INFO - [2025-05-19T15:53:36.190+0000] {dagbag.py:588} INFO - Filling up the DagBag from /home/airflow/.local/lib/python3.12/site-packages/airflow/example_dags/example_latest_only_with_trigger.py
[2025-05-19T15:53:36.195+0000] {processor.py:925} INFO - DAG(s) 'latest_only_with_trigger' retrieved from /home/airflow/.local/lib/python3.12/site-packages/airflow/example_dags/example_latest_only_with_trigger.py
[2025-05-19T15:53:36.206+0000] {logging_mixin.py:190} INFO - [2025-05-19T15:53:36.206+0000] {dag.py:3239} INFO - Sync 1 DAGs
[2025-05-19T15:53:36.217+0000] {logging_mixin.py:190} INFO - [2025-05-19T15:53:36.217+0000] {dag.py:4180} INFO - Setting next_dagrun for latest_only_with_trigger to 2025-05-19 08:00:00+00:00, run_after=2025-05-19 12:00:00+00:00
[2025-05-19T15:53:36.231+0000] {processor.py:208} INFO - Processing /home/airflow/.local/lib/python3.12/site-packages/airflow/example_dags/example_latest_only_with_trigger.py took 0.047 seconds
[2025-05-19T15:54:07.454+0000] {processor.py:186} INFO - Started process (PID=748) to work on /home/airflow/.local/lib/python3.12/site-packages/airflow/example_dags/example_latest_only_with_trigger.py
[2025-05-19T15:54:07.455+0000] {processor.py:914} INFO - Processing file /home/airflow/.local/lib/python3.12/site-packages/airflow/example_dags/example_latest_only_with_trigger.py for tasks to queue
[2025-05-19T15:54:07.456+0000] {logging_mixin.py:190} INFO - [2025-05-19T15:54:07.456+0000] {dagbag.py:588} INFO - Filling up the DagBag from /home/airflow/.local/lib/python3.12/site-packages/airflow/example_dags/example_latest_only_with_trigger.py
[2025-05-19T15:54:07.462+0000] {processor.py:925} INFO - DAG(s) 'latest_only_with_trigger' retrieved from /home/airflow/.local/lib/python3.12/site-packages/airflow/example_dags/example_latest_only_with_trigger.py
[2025-05-19T15:54:07.474+0000] {logging_mixin.py:190} INFO - [2025-05-19T15:54:07.474+0000] {dag.py:3239} INFO - Sync 1 DAGs
[2025-05-19T15:54:07.486+0000] {logging_mixin.py:190} INFO - [2025-05-19T15:54:07.486+0000] {dag.py:4180} INFO - Setting next_dagrun for latest_only_with_trigger to 2025-05-19 08:00:00+00:00, run_after=2025-05-19 12:00:00+00:00
[2025-05-19T15:54:07.497+0000] {processor.py:208} INFO - Processing /home/airflow/.local/lib/python3.12/site-packages/airflow/example_dags/example_latest_only_with_trigger.py took 0.046 seconds
[2025-05-19T15:54:38.692+0000] {processor.py:186} INFO - Started process (PID=805) to work on /home/airflow/.local/lib/python3.12/site-packages/airflow/example_dags/example_latest_only_with_trigger.py
[2025-05-19T15:54:38.693+0000] {processor.py:914} INFO - Processing file /home/airflow/.local/lib/python3.12/site-packages/airflow/example_dags/example_latest_only_with_trigger.py for tasks to queue
[2025-05-19T15:54:38.694+0000] {logging_mixin.py:190} INFO - [2025-05-19T15:54:38.694+0000] {dagbag.py:588} INFO - Filling up the DagBag from /home/airflow/.local/lib/python3.12/site-packages/airflow/example_dags/example_latest_only_with_trigger.py
[2025-05-19T15:54:38.698+0000] {processor.py:925} INFO - DAG(s) 'latest_only_with_trigger' retrieved from /home/airflow/.local/lib/python3.12/site-packages/airflow/example_dags/example_latest_only_with_trigger.py
[2025-05-19T15:54:38.709+0000] {logging_mixin.py:190} INFO - [2025-05-19T15:54:38.709+0000] {dag.py:3239} INFO - Sync 1 DAGs
[2025-05-19T15:54:38.721+0000] {logging_mixin.py:190} INFO - [2025-05-19T15:54:38.721+0000] {dag.py:4180} INFO - Setting next_dagrun for latest_only_with_trigger to 2025-05-19 08:00:00+00:00, run_after=2025-05-19 12:00:00+00:00
[2025-05-19T15:54:38.735+0000] {processor.py:208} INFO - Processing /home/airflow/.local/lib/python3.12/site-packages/airflow/example_dags/example_latest_only_with_trigger.py took 0.046 seconds
[2025-05-19T15:55:10.083+0000] {processor.py:186} INFO - Started process (PID=862) to work on /home/airflow/.local/lib/python3.12/site-packages/airflow/example_dags/example_latest_only_with_trigger.py
[2025-05-19T15:55:10.086+0000] {processor.py:914} INFO - Processing file /home/airflow/.local/lib/python3.12/site-packages/airflow/example_dags/example_latest_only_with_trigger.py for tasks to queue
[2025-05-19T15:55:10.087+0000] {logging_mixin.py:190} INFO - [2025-05-19T15:55:10.087+0000] {dagbag.py:588} INFO - Filling up the DagBag from /home/airflow/.local/lib/python3.12/site-packages/airflow/example_dags/example_latest_only_with_trigger.py
[2025-05-19T15:55:10.092+0000] {processor.py:925} INFO - DAG(s) 'latest_only_with_trigger' retrieved from /home/airflow/.local/lib/python3.12/site-packages/airflow/example_dags/example_latest_only_with_trigger.py
[2025-05-19T15:55:10.104+0000] {logging_mixin.py:190} INFO - [2025-05-19T15:55:10.104+0000] {dag.py:3239} INFO - Sync 1 DAGs
[2025-05-19T15:55:10.116+0000] {logging_mixin.py:190} INFO - [2025-05-19T15:55:10.115+0000] {dag.py:4180} INFO - Setting next_dagrun for latest_only_with_trigger to 2025-05-19 08:00:00+00:00, run_after=2025-05-19 12:00:00+00:00
[2025-05-19T15:55:10.126+0000] {processor.py:208} INFO - Processing /home/airflow/.local/lib/python3.12/site-packages/airflow/example_dags/example_latest_only_with_trigger.py took 0.046 seconds
[2025-05-19T15:55:40.980+0000] {processor.py:186} INFO - Started process (PID=919) to work on /home/airflow/.local/lib/python3.12/site-packages/airflow/example_dags/example_latest_only_with_trigger.py
[2025-05-19T15:55:40.981+0000] {processor.py:914} INFO - Processing file /home/airflow/.local/lib/python3.12/site-packages/airflow/example_dags/example_latest_only_with_trigger.py for tasks to queue
[2025-05-19T15:55:40.983+0000] {logging_mixin.py:190} INFO - [2025-05-19T15:55:40.982+0000] {dagbag.py:588} INFO - Filling up the DagBag from /home/airflow/.local/lib/python3.12/site-packages/airflow/example_dags/example_latest_only_with_trigger.py
[2025-05-19T15:55:40.987+0000] {processor.py:925} INFO - DAG(s) 'latest_only_with_trigger' retrieved from /home/airflow/.local/lib/python3.12/site-packages/airflow/example_dags/example_latest_only_with_trigger.py
[2025-05-19T15:55:40.999+0000] {logging_mixin.py:190} INFO - [2025-05-19T15:55:40.999+0000] {dag.py:3239} INFO - Sync 1 DAGs
[2025-05-19T15:55:41.010+0000] {logging_mixin.py:190} INFO - [2025-05-19T15:55:41.010+0000] {dag.py:4180} INFO - Setting next_dagrun for latest_only_with_trigger to 2025-05-19 08:00:00+00:00, run_after=2025-05-19 12:00:00+00:00
[2025-05-19T15:55:41.023+0000] {processor.py:208} INFO - Processing /home/airflow/.local/lib/python3.12/site-packages/airflow/example_dags/example_latest_only_with_trigger.py took 0.046 seconds
[2025-05-19T15:56:12.061+0000] {processor.py:186} INFO - Started process (PID=976) to work on /home/airflow/.local/lib/python3.12/site-packages/airflow/example_dags/example_latest_only_with_trigger.py
[2025-05-19T15:56:12.062+0000] {processor.py:914} INFO - Processing file /home/airflow/.local/lib/python3.12/site-packages/airflow/example_dags/example_latest_only_with_trigger.py for tasks to queue
[2025-05-19T15:56:12.063+0000] {logging_mixin.py:190} INFO - [2025-05-19T15:56:12.063+0000] {dagbag.py:588} INFO - Filling up the DagBag from /home/airflow/.local/lib/python3.12/site-packages/airflow/example_dags/example_latest_only_with_trigger.py
[2025-05-19T15:56:12.068+0000] {processor.py:925} INFO - DAG(s) 'latest_only_with_trigger' retrieved from /home/airflow/.local/lib/python3.12/site-packages/airflow/example_dags/example_latest_only_with_trigger.py
[2025-05-19T15:56:12.081+0000] {logging_mixin.py:190} INFO - [2025-05-19T15:56:12.081+0000] {dag.py:3239} INFO - Sync 1 DAGs
[2025-05-19T15:56:12.092+0000] {logging_mixin.py:190} INFO - [2025-05-19T15:56:12.091+0000] {dag.py:4180} INFO - Setting next_dagrun for latest_only_with_trigger to 2025-05-19 08:00:00+00:00, run_after=2025-05-19 12:00:00+00:00
[2025-05-19T15:56:12.101+0000] {processor.py:208} INFO - Processing /home/airflow/.local/lib/python3.12/site-packages/airflow/example_dags/example_latest_only_with_trigger.py took 0.043 seconds
[2025-05-19T15:56:42.946+0000] {processor.py:186} INFO - Started process (PID=1033) to work on /home/airflow/.local/lib/python3.12/site-packages/airflow/example_dags/example_latest_only_with_trigger.py
[2025-05-19T15:56:42.946+0000] {processor.py:914} INFO - Processing file /home/airflow/.local/lib/python3.12/site-packages/airflow/example_dags/example_latest_only_with_trigger.py for tasks to queue
[2025-05-19T15:56:42.948+0000] {logging_mixin.py:190} INFO - [2025-05-19T15:56:42.947+0000] {dagbag.py:588} INFO - Filling up the DagBag from /home/airflow/.local/lib/python3.12/site-packages/airflow/example_dags/example_latest_only_with_trigger.py
[2025-05-19T15:56:42.952+0000] {processor.py:925} INFO - DAG(s) 'latest_only_with_trigger' retrieved from /home/airflow/.local/lib/python3.12/site-packages/airflow/example_dags/example_latest_only_with_trigger.py
[2025-05-19T15:56:42.967+0000] {logging_mixin.py:190} INFO - [2025-05-19T15:56:42.966+0000] {dag.py:3239} INFO - Sync 1 DAGs
[2025-05-19T15:56:42.980+0000] {logging_mixin.py:190} INFO - [2025-05-19T15:56:42.980+0000] {dag.py:4180} INFO - Setting next_dagrun for latest_only_with_trigger to 2025-05-19 08:00:00+00:00, run_after=2025-05-19 12:00:00+00:00
[2025-05-19T15:56:42.990+0000] {processor.py:208} INFO - Processing /home/airflow/.local/lib/python3.12/site-packages/airflow/example_dags/example_latest_only_with_trigger.py took 0.048 seconds
[2025-05-19T15:57:13.959+0000] {processor.py:186} INFO - Started process (PID=1090) to work on /home/airflow/.local/lib/python3.12/site-packages/airflow/example_dags/example_latest_only_with_trigger.py
[2025-05-19T15:57:13.960+0000] {processor.py:914} INFO - Processing file /home/airflow/.local/lib/python3.12/site-packages/airflow/example_dags/example_latest_only_with_trigger.py for tasks to queue
[2025-05-19T15:57:13.962+0000] {logging_mixin.py:190} INFO - [2025-05-19T15:57:13.962+0000] {dagbag.py:588} INFO - Filling up the DagBag from /home/airflow/.local/lib/python3.12/site-packages/airflow/example_dags/example_latest_only_with_trigger.py
[2025-05-19T15:57:13.966+0000] {processor.py:925} INFO - DAG(s) 'latest_only_with_trigger' retrieved from /home/airflow/.local/lib/python3.12/site-packages/airflow/example_dags/example_latest_only_with_trigger.py
[2025-05-19T15:57:13.978+0000] {logging_mixin.py:190} INFO - [2025-05-19T15:57:13.978+0000] {dag.py:3239} INFO - Sync 1 DAGs
[2025-05-19T15:57:13.989+0000] {logging_mixin.py:190} INFO - [2025-05-19T15:57:13.989+0000] {dag.py:4180} INFO - Setting next_dagrun for latest_only_with_trigger to 2025-05-19 08:00:00+00:00, run_after=2025-05-19 12:00:00+00:00
[2025-05-19T15:57:14.000+0000] {processor.py:208} INFO - Processing /home/airflow/.local/lib/python3.12/site-packages/airflow/example_dags/example_latest_only_with_trigger.py took 0.044 seconds
[2025-05-19T15:57:44.890+0000] {processor.py:186} INFO - Started process (PID=1147) to work on /home/airflow/.local/lib/python3.12/site-packages/airflow/example_dags/example_latest_only_with_trigger.py
[2025-05-19T15:57:44.891+0000] {processor.py:914} INFO - Processing file /home/airflow/.local/lib/python3.12/site-packages/airflow/example_dags/example_latest_only_with_trigger.py for tasks to queue
[2025-05-19T15:57:44.893+0000] {logging_mixin.py:190} INFO - [2025-05-19T15:57:44.892+0000] {dagbag.py:588} INFO - Filling up the DagBag from /home/airflow/.local/lib/python3.12/site-packages/airflow/example_dags/example_latest_only_with_trigger.py
[2025-05-19T15:57:44.896+0000] {processor.py:925} INFO - DAG(s) 'latest_only_with_trigger' retrieved from /home/airflow/.local/lib/python3.12/site-packages/airflow/example_dags/example_latest_only_with_trigger.py
[2025-05-19T15:57:44.909+0000] {logging_mixin.py:190} INFO - [2025-05-19T15:57:44.909+0000] {dag.py:3239} INFO - Sync 1 DAGs
[2025-05-19T15:57:44.920+0000] {logging_mixin.py:190} INFO - [2025-05-19T15:57:44.920+0000] {dag.py:4180} INFO - Setting next_dagrun for latest_only_with_trigger to 2025-05-19 08:00:00+00:00, run_after=2025-05-19 12:00:00+00:00
[2025-05-19T15:57:44.930+0000] {processor.py:208} INFO - Processing /home/airflow/.local/lib/python3.12/site-packages/airflow/example_dags/example_latest_only_with_trigger.py took 0.043 seconds
[2025-05-19T15:58:15.844+0000] {processor.py:186} INFO - Started process (PID=1204) to work on /home/airflow/.local/lib/python3.12/site-packages/airflow/example_dags/example_latest_only_with_trigger.py
[2025-05-19T15:58:15.845+0000] {processor.py:914} INFO - Processing file /home/airflow/.local/lib/python3.12/site-packages/airflow/example_dags/example_latest_only_with_trigger.py for tasks to queue
[2025-05-19T15:58:15.846+0000] {logging_mixin.py:190} INFO - [2025-05-19T15:58:15.846+0000] {dagbag.py:588} INFO - Filling up the DagBag from /home/airflow/.local/lib/python3.12/site-packages/airflow/example_dags/example_latest_only_with_trigger.py
[2025-05-19T15:58:15.851+0000] {processor.py:925} INFO - DAG(s) 'latest_only_with_trigger' retrieved from /home/airflow/.local/lib/python3.12/site-packages/airflow/example_dags/example_latest_only_with_trigger.py
[2025-05-19T15:58:15.861+0000] {logging_mixin.py:190} INFO - [2025-05-19T15:58:15.861+0000] {dag.py:3239} INFO - Sync 1 DAGs
[2025-05-19T15:58:15.872+0000] {logging_mixin.py:190} INFO - [2025-05-19T15:58:15.871+0000] {dag.py:4180} INFO - Setting next_dagrun for latest_only_with_trigger to 2025-05-19 08:00:00+00:00, run_after=2025-05-19 12:00:00+00:00
[2025-05-19T15:58:15.880+0000] {processor.py:208} INFO - Processing /home/airflow/.local/lib/python3.12/site-packages/airflow/example_dags/example_latest_only_with_trigger.py took 0.040 seconds
[2025-05-19T15:58:46.458+0000] {processor.py:186} INFO - Started process (PID=1261) to work on /home/airflow/.local/lib/python3.12/site-packages/airflow/example_dags/example_latest_only_with_trigger.py
[2025-05-19T15:58:46.459+0000] {processor.py:914} INFO - Processing file /home/airflow/.local/lib/python3.12/site-packages/airflow/example_dags/example_latest_only_with_trigger.py for tasks to queue
[2025-05-19T15:58:46.460+0000] {logging_mixin.py:190} INFO - [2025-05-19T15:58:46.460+0000] {dagbag.py:588} INFO - Filling up the DagBag from /home/airflow/.local/lib/python3.12/site-packages/airflow/example_dags/example_latest_only_with_trigger.py
[2025-05-19T15:58:46.465+0000] {processor.py:925} INFO - DAG(s) 'latest_only_with_trigger' retrieved from /home/airflow/.local/lib/python3.12/site-packages/airflow/example_dags/example_latest_only_with_trigger.py
[2025-05-19T15:58:46.476+0000] {logging_mixin.py:190} INFO - [2025-05-19T15:58:46.476+0000] {dag.py:3239} INFO - Sync 1 DAGs
[2025-05-19T15:58:46.488+0000] {logging_mixin.py:190} INFO - [2025-05-19T15:58:46.488+0000] {dag.py:4180} INFO - Setting next_dagrun for latest_only_with_trigger to 2025-05-19 08:00:00+00:00, run_after=2025-05-19 12:00:00+00:00
[2025-05-19T15:58:46.499+0000] {processor.py:208} INFO - Processing /home/airflow/.local/lib/python3.12/site-packages/airflow/example_dags/example_latest_only_with_trigger.py took 0.044 seconds
[2025-05-19T15:59:17.420+0000] {processor.py:186} INFO - Started process (PID=1317) to work on /home/airflow/.local/lib/python3.12/site-packages/airflow/example_dags/example_latest_only_with_trigger.py
[2025-05-19T15:59:17.421+0000] {processor.py:914} INFO - Processing file /home/airflow/.local/lib/python3.12/site-packages/airflow/example_dags/example_latest_only_with_trigger.py for tasks to queue
[2025-05-19T15:59:17.422+0000] {logging_mixin.py:190} INFO - [2025-05-19T15:59:17.422+0000] {dagbag.py:588} INFO - Filling up the DagBag from /home/airflow/.local/lib/python3.12/site-packages/airflow/example_dags/example_latest_only_with_trigger.py
[2025-05-19T15:59:17.427+0000] {processor.py:925} INFO - DAG(s) 'latest_only_with_trigger' retrieved from /home/airflow/.local/lib/python3.12/site-packages/airflow/example_dags/example_latest_only_with_trigger.py
[2025-05-19T15:59:17.438+0000] {logging_mixin.py:190} INFO - [2025-05-19T15:59:17.438+0000] {dag.py:3239} INFO - Sync 1 DAGs
[2025-05-19T15:59:17.449+0000] {logging_mixin.py:190} INFO - [2025-05-19T15:59:17.449+0000] {dag.py:4180} INFO - Setting next_dagrun for latest_only_with_trigger to 2025-05-19 08:00:00+00:00, run_after=2025-05-19 12:00:00+00:00
[2025-05-19T15:59:17.460+0000] {processor.py:208} INFO - Processing /home/airflow/.local/lib/python3.12/site-packages/airflow/example_dags/example_latest_only_with_trigger.py took 0.043 seconds
[2025-05-19T15:59:48.408+0000] {processor.py:186} INFO - Started process (PID=1374) to work on /home/airflow/.local/lib/python3.12/site-packages/airflow/example_dags/example_latest_only_with_trigger.py
[2025-05-19T15:59:48.409+0000] {processor.py:914} INFO - Processing file /home/airflow/.local/lib/python3.12/site-packages/airflow/example_dags/example_latest_only_with_trigger.py for tasks to queue
[2025-05-19T15:59:48.410+0000] {logging_mixin.py:190} INFO - [2025-05-19T15:59:48.410+0000] {dagbag.py:588} INFO - Filling up the DagBag from /home/airflow/.local/lib/python3.12/site-packages/airflow/example_dags/example_latest_only_with_trigger.py
[2025-05-19T15:59:48.415+0000] {processor.py:925} INFO - DAG(s) 'latest_only_with_trigger' retrieved from /home/airflow/.local/lib/python3.12/site-packages/airflow/example_dags/example_latest_only_with_trigger.py
[2025-05-19T15:59:48.427+0000] {logging_mixin.py:190} INFO - [2025-05-19T15:59:48.427+0000] {dag.py:3239} INFO - Sync 1 DAGs
[2025-05-19T15:59:48.440+0000] {logging_mixin.py:190} INFO - [2025-05-19T15:59:48.440+0000] {dag.py:4180} INFO - Setting next_dagrun for latest_only_with_trigger to 2025-05-19 08:00:00+00:00, run_after=2025-05-19 12:00:00+00:00
[2025-05-19T15:59:48.449+0000] {processor.py:208} INFO - Processing /home/airflow/.local/lib/python3.12/site-packages/airflow/example_dags/example_latest_only_with_trigger.py took 0.044 seconds
[2025-05-19T16:00:19.380+0000] {processor.py:186} INFO - Started process (PID=1431) to work on /home/airflow/.local/lib/python3.12/site-packages/airflow/example_dags/example_latest_only_with_trigger.py
[2025-05-19T16:00:19.381+0000] {processor.py:914} INFO - Processing file /home/airflow/.local/lib/python3.12/site-packages/airflow/example_dags/example_latest_only_with_trigger.py for tasks to queue
[2025-05-19T16:00:19.384+0000] {logging_mixin.py:190} INFO - [2025-05-19T16:00:19.383+0000] {dagbag.py:588} INFO - Filling up the DagBag from /home/airflow/.local/lib/python3.12/site-packages/airflow/example_dags/example_latest_only_with_trigger.py
[2025-05-19T16:00:19.392+0000] {processor.py:925} INFO - DAG(s) 'latest_only_with_trigger' retrieved from /home/airflow/.local/lib/python3.12/site-packages/airflow/example_dags/example_latest_only_with_trigger.py
[2025-05-19T16:00:19.407+0000] {logging_mixin.py:190} INFO - [2025-05-19T16:00:19.407+0000] {dag.py:3239} INFO - Sync 1 DAGs
[2025-05-19T16:00:19.420+0000] {logging_mixin.py:190} INFO - [2025-05-19T16:00:19.420+0000] {dag.py:4180} INFO - Setting next_dagrun for latest_only_with_trigger to 2025-05-19 12:00:00+00:00, run_after=2025-05-19 16:00:00+00:00
[2025-05-19T16:00:19.431+0000] {processor.py:208} INFO - Processing /home/airflow/.local/lib/python3.12/site-packages/airflow/example_dags/example_latest_only_with_trigger.py took 0.055 seconds
[2025-05-19T16:00:50.506+0000] {processor.py:186} INFO - Started process (PID=1488) to work on /home/airflow/.local/lib/python3.12/site-packages/airflow/example_dags/example_latest_only_with_trigger.py
[2025-05-19T16:00:50.506+0000] {processor.py:914} INFO - Processing file /home/airflow/.local/lib/python3.12/site-packages/airflow/example_dags/example_latest_only_with_trigger.py for tasks to queue
[2025-05-19T16:00:50.508+0000] {logging_mixin.py:190} INFO - [2025-05-19T16:00:50.507+0000] {dagbag.py:588} INFO - Filling up the DagBag from /home/airflow/.local/lib/python3.12/site-packages/airflow/example_dags/example_latest_only_with_trigger.py
[2025-05-19T16:00:50.512+0000] {processor.py:925} INFO - DAG(s) 'latest_only_with_trigger' retrieved from /home/airflow/.local/lib/python3.12/site-packages/airflow/example_dags/example_latest_only_with_trigger.py
[2025-05-19T16:00:50.523+0000] {logging_mixin.py:190} INFO - [2025-05-19T16:00:50.523+0000] {dag.py:3239} INFO - Sync 1 DAGs
[2025-05-19T16:00:50.534+0000] {logging_mixin.py:190} INFO - [2025-05-19T16:00:50.534+0000] {dag.py:4180} INFO - Setting next_dagrun for latest_only_with_trigger to 2025-05-19 12:00:00+00:00, run_after=2025-05-19 16:00:00+00:00
[2025-05-19T16:00:50.543+0000] {processor.py:208} INFO - Processing /home/airflow/.local/lib/python3.12/site-packages/airflow/example_dags/example_latest_only_with_trigger.py took 0.041 seconds
[2025-05-19T16:01:21.435+0000] {processor.py:186} INFO - Started process (PID=1545) to work on /home/airflow/.local/lib/python3.12/site-packages/airflow/example_dags/example_latest_only_with_trigger.py
[2025-05-19T16:01:21.437+0000] {processor.py:914} INFO - Processing file /home/airflow/.local/lib/python3.12/site-packages/airflow/example_dags/example_latest_only_with_trigger.py for tasks to queue
[2025-05-19T16:01:21.439+0000] {logging_mixin.py:190} INFO - [2025-05-19T16:01:21.438+0000] {dagbag.py:588} INFO - Filling up the DagBag from /home/airflow/.local/lib/python3.12/site-packages/airflow/example_dags/example_latest_only_with_trigger.py
[2025-05-19T16:01:21.445+0000] {processor.py:925} INFO - DAG(s) 'latest_only_with_trigger' retrieved from /home/airflow/.local/lib/python3.12/site-packages/airflow/example_dags/example_latest_only_with_trigger.py
[2025-05-19T16:01:21.458+0000] {logging_mixin.py:190} INFO - [2025-05-19T16:01:21.458+0000] {dag.py:3239} INFO - Sync 1 DAGs
[2025-05-19T16:01:21.470+0000] {logging_mixin.py:190} INFO - [2025-05-19T16:01:21.470+0000] {dag.py:4180} INFO - Setting next_dagrun for latest_only_with_trigger to 2025-05-19 12:00:00+00:00, run_after=2025-05-19 16:00:00+00:00
[2025-05-19T16:01:21.479+0000] {processor.py:208} INFO - Processing /home/airflow/.local/lib/python3.12/site-packages/airflow/example_dags/example_latest_only_with_trigger.py took 0.047 seconds
[2025-05-19T16:01:52.328+0000] {processor.py:186} INFO - Started process (PID=1602) to work on /home/airflow/.local/lib/python3.12/site-packages/airflow/example_dags/example_latest_only_with_trigger.py
[2025-05-19T16:01:52.329+0000] {processor.py:914} INFO - Processing file /home/airflow/.local/lib/python3.12/site-packages/airflow/example_dags/example_latest_only_with_trigger.py for tasks to queue
[2025-05-19T16:01:52.331+0000] {logging_mixin.py:190} INFO - [2025-05-19T16:01:52.331+0000] {dagbag.py:588} INFO - Filling up the DagBag from /home/airflow/.local/lib/python3.12/site-packages/airflow/example_dags/example_latest_only_with_trigger.py
[2025-05-19T16:01:52.335+0000] {processor.py:925} INFO - DAG(s) 'latest_only_with_trigger' retrieved from /home/airflow/.local/lib/python3.12/site-packages/airflow/example_dags/example_latest_only_with_trigger.py
[2025-05-19T16:01:52.345+0000] {logging_mixin.py:190} INFO - [2025-05-19T16:01:52.345+0000] {dag.py:3239} INFO - Sync 1 DAGs
[2025-05-19T16:01:52.356+0000] {logging_mixin.py:190} INFO - [2025-05-19T16:01:52.356+0000] {dag.py:4180} INFO - Setting next_dagrun for latest_only_with_trigger to 2025-05-19 12:00:00+00:00, run_after=2025-05-19 16:00:00+00:00
[2025-05-19T16:01:52.366+0000] {processor.py:208} INFO - Processing /home/airflow/.local/lib/python3.12/site-packages/airflow/example_dags/example_latest_only_with_trigger.py took 0.042 seconds
[2025-05-19T16:02:23.063+0000] {processor.py:186} INFO - Started process (PID=1659) to work on /home/airflow/.local/lib/python3.12/site-packages/airflow/example_dags/example_latest_only_with_trigger.py
[2025-05-19T16:02:23.064+0000] {processor.py:914} INFO - Processing file /home/airflow/.local/lib/python3.12/site-packages/airflow/example_dags/example_latest_only_with_trigger.py for tasks to queue
[2025-05-19T16:02:23.065+0000] {logging_mixin.py:190} INFO - [2025-05-19T16:02:23.065+0000] {dagbag.py:588} INFO - Filling up the DagBag from /home/airflow/.local/lib/python3.12/site-packages/airflow/example_dags/example_latest_only_with_trigger.py
[2025-05-19T16:02:23.069+0000] {processor.py:925} INFO - DAG(s) 'latest_only_with_trigger' retrieved from /home/airflow/.local/lib/python3.12/site-packages/airflow/example_dags/example_latest_only_with_trigger.py
[2025-05-19T16:02:23.082+0000] {logging_mixin.py:190} INFO - [2025-05-19T16:02:23.082+0000] {dag.py:3239} INFO - Sync 1 DAGs
[2025-05-19T16:02:23.094+0000] {logging_mixin.py:190} INFO - [2025-05-19T16:02:23.093+0000] {dag.py:4180} INFO - Setting next_dagrun for latest_only_with_trigger to 2025-05-19 12:00:00+00:00, run_after=2025-05-19 16:00:00+00:00
[2025-05-19T16:02:23.103+0000] {processor.py:208} INFO - Processing /home/airflow/.local/lib/python3.12/site-packages/airflow/example_dags/example_latest_only_with_trigger.py took 0.042 seconds
[2025-05-19T16:02:54.076+0000] {processor.py:186} INFO - Started process (PID=1716) to work on /home/airflow/.local/lib/python3.12/site-packages/airflow/example_dags/example_latest_only_with_trigger.py
[2025-05-19T16:02:54.077+0000] {processor.py:914} INFO - Processing file /home/airflow/.local/lib/python3.12/site-packages/airflow/example_dags/example_latest_only_with_trigger.py for tasks to queue
[2025-05-19T16:02:54.078+0000] {logging_mixin.py:190} INFO - [2025-05-19T16:02:54.078+0000] {dagbag.py:588} INFO - Filling up the DagBag from /home/airflow/.local/lib/python3.12/site-packages/airflow/example_dags/example_latest_only_with_trigger.py
[2025-05-19T16:02:54.083+0000] {processor.py:925} INFO - DAG(s) 'latest_only_with_trigger' retrieved from /home/airflow/.local/lib/python3.12/site-packages/airflow/example_dags/example_latest_only_with_trigger.py
[2025-05-19T16:02:54.093+0000] {logging_mixin.py:190} INFO - [2025-05-19T16:02:54.093+0000] {dag.py:3239} INFO - Sync 1 DAGs
[2025-05-19T16:02:54.104+0000] {logging_mixin.py:190} INFO - [2025-05-19T16:02:54.104+0000] {dag.py:4180} INFO - Setting next_dagrun for latest_only_with_trigger to 2025-05-19 12:00:00+00:00, run_after=2025-05-19 16:00:00+00:00
[2025-05-19T16:02:54.113+0000] {processor.py:208} INFO - Processing /home/airflow/.local/lib/python3.12/site-packages/airflow/example_dags/example_latest_only_with_trigger.py took 0.041 seconds
[2025-05-19T16:03:25.056+0000] {processor.py:186} INFO - Started process (PID=1773) to work on /home/airflow/.local/lib/python3.12/site-packages/airflow/example_dags/example_latest_only_with_trigger.py
[2025-05-19T16:03:25.059+0000] {processor.py:914} INFO - Processing file /home/airflow/.local/lib/python3.12/site-packages/airflow/example_dags/example_latest_only_with_trigger.py for tasks to queue
[2025-05-19T16:03:25.060+0000] {logging_mixin.py:190} INFO - [2025-05-19T16:03:25.060+0000] {dagbag.py:588} INFO - Filling up the DagBag from /home/airflow/.local/lib/python3.12/site-packages/airflow/example_dags/example_latest_only_with_trigger.py
[2025-05-19T16:03:25.065+0000] {processor.py:925} INFO - DAG(s) 'latest_only_with_trigger' retrieved from /home/airflow/.local/lib/python3.12/site-packages/airflow/example_dags/example_latest_only_with_trigger.py
[2025-05-19T16:03:25.076+0000] {logging_mixin.py:190} INFO - [2025-05-19T16:03:25.076+0000] {dag.py:3239} INFO - Sync 1 DAGs
[2025-05-19T16:03:25.089+0000] {logging_mixin.py:190} INFO - [2025-05-19T16:03:25.089+0000] {dag.py:4180} INFO - Setting next_dagrun for latest_only_with_trigger to 2025-05-19 12:00:00+00:00, run_after=2025-05-19 16:00:00+00:00
[2025-05-19T16:03:25.100+0000] {processor.py:208} INFO - Processing /home/airflow/.local/lib/python3.12/site-packages/airflow/example_dags/example_latest_only_with_trigger.py took 0.048 seconds
[2025-05-19T16:03:56.005+0000] {processor.py:186} INFO - Started process (PID=1830) to work on /home/airflow/.local/lib/python3.12/site-packages/airflow/example_dags/example_latest_only_with_trigger.py
[2025-05-19T16:03:56.009+0000] {processor.py:914} INFO - Processing file /home/airflow/.local/lib/python3.12/site-packages/airflow/example_dags/example_latest_only_with_trigger.py for tasks to queue
[2025-05-19T16:03:56.010+0000] {logging_mixin.py:190} INFO - [2025-05-19T16:03:56.010+0000] {dagbag.py:588} INFO - Filling up the DagBag from /home/airflow/.local/lib/python3.12/site-packages/airflow/example_dags/example_latest_only_with_trigger.py
[2025-05-19T16:03:56.018+0000] {processor.py:925} INFO - DAG(s) 'latest_only_with_trigger' retrieved from /home/airflow/.local/lib/python3.12/site-packages/airflow/example_dags/example_latest_only_with_trigger.py
[2025-05-19T16:03:56.030+0000] {logging_mixin.py:190} INFO - [2025-05-19T16:03:56.030+0000] {dag.py:3239} INFO - Sync 1 DAGs
[2025-05-19T16:03:56.042+0000] {logging_mixin.py:190} INFO - [2025-05-19T16:03:56.042+0000] {dag.py:4180} INFO - Setting next_dagrun for latest_only_with_trigger to 2025-05-19 12:00:00+00:00, run_after=2025-05-19 16:00:00+00:00
[2025-05-19T16:03:56.051+0000] {processor.py:208} INFO - Processing /home/airflow/.local/lib/python3.12/site-packages/airflow/example_dags/example_latest_only_with_trigger.py took 0.049 seconds
[2025-05-19T16:04:26.693+0000] {processor.py:186} INFO - Started process (PID=1887) to work on /home/airflow/.local/lib/python3.12/site-packages/airflow/example_dags/example_latest_only_with_trigger.py
[2025-05-19T16:04:26.694+0000] {processor.py:914} INFO - Processing file /home/airflow/.local/lib/python3.12/site-packages/airflow/example_dags/example_latest_only_with_trigger.py for tasks to queue
[2025-05-19T16:04:26.699+0000] {logging_mixin.py:190} INFO - [2025-05-19T16:04:26.698+0000] {dagbag.py:588} INFO - Filling up the DagBag from /home/airflow/.local/lib/python3.12/site-packages/airflow/example_dags/example_latest_only_with_trigger.py
[2025-05-19T16:04:26.703+0000] {processor.py:925} INFO - DAG(s) 'latest_only_with_trigger' retrieved from /home/airflow/.local/lib/python3.12/site-packages/airflow/example_dags/example_latest_only_with_trigger.py
[2025-05-19T16:04:26.714+0000] {logging_mixin.py:190} INFO - [2025-05-19T16:04:26.714+0000] {dag.py:3239} INFO - Sync 1 DAGs
[2025-05-19T16:04:26.727+0000] {logging_mixin.py:190} INFO - [2025-05-19T16:04:26.727+0000] {dag.py:4180} INFO - Setting next_dagrun for latest_only_with_trigger to 2025-05-19 12:00:00+00:00, run_after=2025-05-19 16:00:00+00:00
[2025-05-19T16:04:26.737+0000] {processor.py:208} INFO - Processing /home/airflow/.local/lib/python3.12/site-packages/airflow/example_dags/example_latest_only_with_trigger.py took 0.048 seconds
[2025-05-19T16:04:57.344+0000] {processor.py:186} INFO - Started process (PID=1944) to work on /home/airflow/.local/lib/python3.12/site-packages/airflow/example_dags/example_latest_only_with_trigger.py
[2025-05-19T16:04:57.345+0000] {processor.py:914} INFO - Processing file /home/airflow/.local/lib/python3.12/site-packages/airflow/example_dags/example_latest_only_with_trigger.py for tasks to queue
[2025-05-19T16:04:57.347+0000] {logging_mixin.py:190} INFO - [2025-05-19T16:04:57.346+0000] {dagbag.py:588} INFO - Filling up the DagBag from /home/airflow/.local/lib/python3.12/site-packages/airflow/example_dags/example_latest_only_with_trigger.py
[2025-05-19T16:04:57.351+0000] {processor.py:925} INFO - DAG(s) 'latest_only_with_trigger' retrieved from /home/airflow/.local/lib/python3.12/site-packages/airflow/example_dags/example_latest_only_with_trigger.py
[2025-05-19T16:04:57.361+0000] {logging_mixin.py:190} INFO - [2025-05-19T16:04:57.361+0000] {dag.py:3239} INFO - Sync 1 DAGs
[2025-05-19T16:04:57.375+0000] {logging_mixin.py:190} INFO - [2025-05-19T16:04:57.374+0000] {dag.py:4180} INFO - Setting next_dagrun for latest_only_with_trigger to 2025-05-19 12:00:00+00:00, run_after=2025-05-19 16:00:00+00:00
[2025-05-19T16:04:57.384+0000] {processor.py:208} INFO - Processing /home/airflow/.local/lib/python3.12/site-packages/airflow/example_dags/example_latest_only_with_trigger.py took 0.043 seconds
