[2025-05-19T15:48:00.190+0000] {processor.py:186} INFO - Started process (PID=79) to work on /home/airflow/.local/lib/python3.12/site-packages/airflow/example_dags/example_local_kubernetes_executor.py
[2025-05-19T15:48:00.191+0000] {processor.py:914} INFO - Processing file /home/airflow/.local/lib/python3.12/site-packages/airflow/example_dags/example_local_kubernetes_executor.py for tasks to queue
[2025-05-19T15:48:00.192+0000] {logging_mixin.py:190} INFO - [2025-05-19T15:48:00.192+0000] {dagbag.py:588} INFO - Filling up the DagBag from /home/airflow/.local/lib/python3.12/site-packages/airflow/example_dags/example_local_kubernetes_executor.py
[2025-05-19T15:48:00.199+0000] {processor.py:925} INFO - DAG(s) 'example_local_kubernetes_executor' retrieved from /home/airflow/.local/lib/python3.12/site-packages/airflow/example_dags/example_local_kubernetes_executor.py
[2025-05-19T15:48:00.253+0000] {logging_mixin.py:190} INFO - [2025-05-19T15:48:00.252+0000] {override.py:1912} INFO - Created Permission View: can delete on DAG:example_local_kubernetes_executor
[2025-05-19T15:48:00.258+0000] {logging_mixin.py:190} INFO - [2025-05-19T15:48:00.258+0000] {override.py:1912} INFO - Created Permission View: can read on DAG:example_local_kubernetes_executor
[2025-05-19T15:48:00.263+0000] {logging_mixin.py:190} INFO - [2025-05-19T15:48:00.263+0000] {override.py:1912} INFO - Created Permission View: can edit on DAG:example_local_kubernetes_executor
[2025-05-19T15:48:00.267+0000] {logging_mixin.py:190} INFO - [2025-05-19T15:48:00.267+0000] {override.py:1912} INFO - Created Permission View: menu access on DAG Run:example_local_kubernetes_executor
[2025-05-19T15:48:00.270+0000] {logging_mixin.py:190} INFO - [2025-05-19T15:48:00.270+0000] {override.py:1912} INFO - Created Permission View: can create on DAG Run:example_local_kubernetes_executor
[2025-05-19T15:48:00.273+0000] {logging_mixin.py:190} INFO - [2025-05-19T15:48:00.273+0000] {override.py:1912} INFO - Created Permission View: can delete on DAG Run:example_local_kubernetes_executor
[2025-05-19T15:48:00.278+0000] {logging_mixin.py:190} INFO - [2025-05-19T15:48:00.278+0000] {override.py:1912} INFO - Created Permission View: can read on DAG Run:example_local_kubernetes_executor
[2025-05-19T15:48:00.278+0000] {logging_mixin.py:190} INFO - [2025-05-19T15:48:00.278+0000] {dag.py:3239} INFO - Sync 1 DAGs
[2025-05-19T15:48:00.286+0000] {logging_mixin.py:190} INFO - [2025-05-19T15:48:00.286+0000] {dag.py:3262} INFO - Creating ORM DAG for example_local_kubernetes_executor
[2025-05-19T15:48:00.287+0000] {logging_mixin.py:190} INFO - [2025-05-19T15:48:00.287+0000] {dag.py:4180} INFO - Setting next_dagrun for example_local_kubernetes_executor to None, run_after=None
[2025-05-19T15:48:00.296+0000] {processor.py:208} INFO - Processing /home/airflow/.local/lib/python3.12/site-packages/airflow/example_dags/example_local_kubernetes_executor.py took 0.109 seconds
[2025-05-19T15:48:30.419+0000] {processor.py:186} INFO - Started process (PID=136) to work on /home/airflow/.local/lib/python3.12/site-packages/airflow/example_dags/example_local_kubernetes_executor.py
[2025-05-19T15:48:30.420+0000] {processor.py:914} INFO - Processing file /home/airflow/.local/lib/python3.12/site-packages/airflow/example_dags/example_local_kubernetes_executor.py for tasks to queue
[2025-05-19T15:48:30.422+0000] {logging_mixin.py:190} INFO - [2025-05-19T15:48:30.421+0000] {dagbag.py:588} INFO - Filling up the DagBag from /home/airflow/.local/lib/python3.12/site-packages/airflow/example_dags/example_local_kubernetes_executor.py
[2025-05-19T15:48:30.427+0000] {processor.py:925} INFO - DAG(s) 'example_local_kubernetes_executor' retrieved from /home/airflow/.local/lib/python3.12/site-packages/airflow/example_dags/example_local_kubernetes_executor.py
[2025-05-19T15:48:30.440+0000] {logging_mixin.py:190} INFO - [2025-05-19T15:48:30.440+0000] {dag.py:3239} INFO - Sync 1 DAGs
[2025-05-19T15:48:30.446+0000] {logging_mixin.py:190} INFO - [2025-05-19T15:48:30.446+0000] {dag.py:4180} INFO - Setting next_dagrun for example_local_kubernetes_executor to None, run_after=None
[2025-05-19T15:48:30.457+0000] {processor.py:208} INFO - Processing /home/airflow/.local/lib/python3.12/site-packages/airflow/example_dags/example_local_kubernetes_executor.py took 0.041 seconds
[2025-05-19T15:49:01.197+0000] {processor.py:186} INFO - Started process (PID=193) to work on /home/airflow/.local/lib/python3.12/site-packages/airflow/example_dags/example_local_kubernetes_executor.py
[2025-05-19T15:49:01.200+0000] {processor.py:914} INFO - Processing file /home/airflow/.local/lib/python3.12/site-packages/airflow/example_dags/example_local_kubernetes_executor.py for tasks to queue
[2025-05-19T15:49:01.201+0000] {logging_mixin.py:190} INFO - [2025-05-19T15:49:01.201+0000] {dagbag.py:588} INFO - Filling up the DagBag from /home/airflow/.local/lib/python3.12/site-packages/airflow/example_dags/example_local_kubernetes_executor.py
[2025-05-19T15:49:01.207+0000] {processor.py:925} INFO - DAG(s) 'example_local_kubernetes_executor' retrieved from /home/airflow/.local/lib/python3.12/site-packages/airflow/example_dags/example_local_kubernetes_executor.py
[2025-05-19T15:49:01.217+0000] {logging_mixin.py:190} INFO - [2025-05-19T15:49:01.217+0000] {dag.py:3239} INFO - Sync 1 DAGs
[2025-05-19T15:49:01.223+0000] {logging_mixin.py:190} INFO - [2025-05-19T15:49:01.223+0000] {dag.py:4180} INFO - Setting next_dagrun for example_local_kubernetes_executor to None, run_after=None
[2025-05-19T15:49:01.232+0000] {processor.py:208} INFO - Processing /home/airflow/.local/lib/python3.12/site-packages/airflow/example_dags/example_local_kubernetes_executor.py took 0.037 seconds
[2025-05-19T15:49:31.913+0000] {processor.py:186} INFO - Started process (PID=250) to work on /home/airflow/.local/lib/python3.12/site-packages/airflow/example_dags/example_local_kubernetes_executor.py
[2025-05-19T15:49:31.913+0000] {processor.py:914} INFO - Processing file /home/airflow/.local/lib/python3.12/site-packages/airflow/example_dags/example_local_kubernetes_executor.py for tasks to queue
[2025-05-19T15:49:31.917+0000] {logging_mixin.py:190} INFO - [2025-05-19T15:49:31.917+0000] {dagbag.py:588} INFO - Filling up the DagBag from /home/airflow/.local/lib/python3.12/site-packages/airflow/example_dags/example_local_kubernetes_executor.py
[2025-05-19T15:49:31.922+0000] {processor.py:925} INFO - DAG(s) 'example_local_kubernetes_executor' retrieved from /home/airflow/.local/lib/python3.12/site-packages/airflow/example_dags/example_local_kubernetes_executor.py
[2025-05-19T15:49:31.933+0000] {logging_mixin.py:190} INFO - [2025-05-19T15:49:31.933+0000] {dag.py:3239} INFO - Sync 1 DAGs
[2025-05-19T15:49:31.940+0000] {logging_mixin.py:190} INFO - [2025-05-19T15:49:31.940+0000] {dag.py:4180} INFO - Setting next_dagrun for example_local_kubernetes_executor to None, run_after=None
[2025-05-19T15:49:31.951+0000] {processor.py:208} INFO - Processing /home/airflow/.local/lib/python3.12/site-packages/airflow/example_dags/example_local_kubernetes_executor.py took 0.041 seconds
[2025-05-19T15:50:02.827+0000] {processor.py:186} INFO - Started process (PID=307) to work on /home/airflow/.local/lib/python3.12/site-packages/airflow/example_dags/example_local_kubernetes_executor.py
[2025-05-19T15:50:02.828+0000] {processor.py:914} INFO - Processing file /home/airflow/.local/lib/python3.12/site-packages/airflow/example_dags/example_local_kubernetes_executor.py for tasks to queue
[2025-05-19T15:50:02.832+0000] {logging_mixin.py:190} INFO - [2025-05-19T15:50:02.832+0000] {dagbag.py:588} INFO - Filling up the DagBag from /home/airflow/.local/lib/python3.12/site-packages/airflow/example_dags/example_local_kubernetes_executor.py
[2025-05-19T15:50:02.839+0000] {processor.py:925} INFO - DAG(s) 'example_local_kubernetes_executor' retrieved from /home/airflow/.local/lib/python3.12/site-packages/airflow/example_dags/example_local_kubernetes_executor.py
[2025-05-19T15:50:02.851+0000] {logging_mixin.py:190} INFO - [2025-05-19T15:50:02.851+0000] {dag.py:3239} INFO - Sync 1 DAGs
[2025-05-19T15:50:02.859+0000] {logging_mixin.py:190} INFO - [2025-05-19T15:50:02.859+0000] {dag.py:4180} INFO - Setting next_dagrun for example_local_kubernetes_executor to None, run_after=None
[2025-05-19T15:50:02.872+0000] {processor.py:208} INFO - Processing /home/airflow/.local/lib/python3.12/site-packages/airflow/example_dags/example_local_kubernetes_executor.py took 0.049 seconds
[2025-05-19T15:50:33.514+0000] {processor.py:186} INFO - Started process (PID=364) to work on /home/airflow/.local/lib/python3.12/site-packages/airflow/example_dags/example_local_kubernetes_executor.py
[2025-05-19T15:50:33.514+0000] {processor.py:914} INFO - Processing file /home/airflow/.local/lib/python3.12/site-packages/airflow/example_dags/example_local_kubernetes_executor.py for tasks to queue
[2025-05-19T15:50:33.516+0000] {logging_mixin.py:190} INFO - [2025-05-19T15:50:33.515+0000] {dagbag.py:588} INFO - Filling up the DagBag from /home/airflow/.local/lib/python3.12/site-packages/airflow/example_dags/example_local_kubernetes_executor.py
[2025-05-19T15:50:33.521+0000] {processor.py:925} INFO - DAG(s) 'example_local_kubernetes_executor' retrieved from /home/airflow/.local/lib/python3.12/site-packages/airflow/example_dags/example_local_kubernetes_executor.py
[2025-05-19T15:50:33.531+0000] {logging_mixin.py:190} INFO - [2025-05-19T15:50:33.531+0000] {dag.py:3239} INFO - Sync 1 DAGs
[2025-05-19T15:50:33.541+0000] {logging_mixin.py:190} INFO - [2025-05-19T15:50:33.541+0000] {dag.py:4180} INFO - Setting next_dagrun for example_local_kubernetes_executor to None, run_after=None
[2025-05-19T15:50:33.550+0000] {processor.py:208} INFO - Processing /home/airflow/.local/lib/python3.12/site-packages/airflow/example_dags/example_local_kubernetes_executor.py took 0.039 seconds
[2025-05-19T15:51:04.020+0000] {processor.py:186} INFO - Started process (PID=421) to work on /home/airflow/.local/lib/python3.12/site-packages/airflow/example_dags/example_local_kubernetes_executor.py
[2025-05-19T15:51:04.020+0000] {processor.py:914} INFO - Processing file /home/airflow/.local/lib/python3.12/site-packages/airflow/example_dags/example_local_kubernetes_executor.py for tasks to queue
[2025-05-19T15:51:04.022+0000] {logging_mixin.py:190} INFO - [2025-05-19T15:51:04.021+0000] {dagbag.py:588} INFO - Filling up the DagBag from /home/airflow/.local/lib/python3.12/site-packages/airflow/example_dags/example_local_kubernetes_executor.py
[2025-05-19T15:51:04.027+0000] {processor.py:925} INFO - DAG(s) 'example_local_kubernetes_executor' retrieved from /home/airflow/.local/lib/python3.12/site-packages/airflow/example_dags/example_local_kubernetes_executor.py
[2025-05-19T15:51:04.037+0000] {logging_mixin.py:190} INFO - [2025-05-19T15:51:04.037+0000] {dag.py:3239} INFO - Sync 1 DAGs
[2025-05-19T15:51:04.043+0000] {logging_mixin.py:190} INFO - [2025-05-19T15:51:04.043+0000] {dag.py:4180} INFO - Setting next_dagrun for example_local_kubernetes_executor to None, run_after=None
[2025-05-19T15:51:04.051+0000] {processor.py:208} INFO - Processing /home/airflow/.local/lib/python3.12/site-packages/airflow/example_dags/example_local_kubernetes_executor.py took 0.035 seconds
[2025-05-19T15:51:34.645+0000] {processor.py:186} INFO - Started process (PID=477) to work on /home/airflow/.local/lib/python3.12/site-packages/airflow/example_dags/example_local_kubernetes_executor.py
[2025-05-19T15:51:34.646+0000] {processor.py:914} INFO - Processing file /home/airflow/.local/lib/python3.12/site-packages/airflow/example_dags/example_local_kubernetes_executor.py for tasks to queue
[2025-05-19T15:51:34.647+0000] {logging_mixin.py:190} INFO - [2025-05-19T15:51:34.647+0000] {dagbag.py:588} INFO - Filling up the DagBag from /home/airflow/.local/lib/python3.12/site-packages/airflow/example_dags/example_local_kubernetes_executor.py
[2025-05-19T15:51:34.652+0000] {processor.py:925} INFO - DAG(s) 'example_local_kubernetes_executor' retrieved from /home/airflow/.local/lib/python3.12/site-packages/airflow/example_dags/example_local_kubernetes_executor.py
[2025-05-19T15:51:34.664+0000] {logging_mixin.py:190} INFO - [2025-05-19T15:51:34.664+0000] {dag.py:3239} INFO - Sync 1 DAGs
[2025-05-19T15:51:34.671+0000] {logging_mixin.py:190} INFO - [2025-05-19T15:51:34.671+0000] {dag.py:4180} INFO - Setting next_dagrun for example_local_kubernetes_executor to None, run_after=None
[2025-05-19T15:51:34.680+0000] {processor.py:208} INFO - Processing /home/airflow/.local/lib/python3.12/site-packages/airflow/example_dags/example_local_kubernetes_executor.py took 0.038 seconds
[2025-05-19T15:52:05.387+0000] {processor.py:186} INFO - Started process (PID=534) to work on /home/airflow/.local/lib/python3.12/site-packages/airflow/example_dags/example_local_kubernetes_executor.py
[2025-05-19T15:52:05.387+0000] {processor.py:914} INFO - Processing file /home/airflow/.local/lib/python3.12/site-packages/airflow/example_dags/example_local_kubernetes_executor.py for tasks to queue
[2025-05-19T15:52:05.389+0000] {logging_mixin.py:190} INFO - [2025-05-19T15:52:05.389+0000] {dagbag.py:588} INFO - Filling up the DagBag from /home/airflow/.local/lib/python3.12/site-packages/airflow/example_dags/example_local_kubernetes_executor.py
[2025-05-19T15:52:05.394+0000] {processor.py:925} INFO - DAG(s) 'example_local_kubernetes_executor' retrieved from /home/airflow/.local/lib/python3.12/site-packages/airflow/example_dags/example_local_kubernetes_executor.py
[2025-05-19T15:52:05.405+0000] {logging_mixin.py:190} INFO - [2025-05-19T15:52:05.405+0000] {dag.py:3239} INFO - Sync 1 DAGs
[2025-05-19T15:52:05.411+0000] {logging_mixin.py:190} INFO - [2025-05-19T15:52:05.411+0000] {dag.py:4180} INFO - Setting next_dagrun for example_local_kubernetes_executor to None, run_after=None
[2025-05-19T15:52:05.420+0000] {processor.py:208} INFO - Processing /home/airflow/.local/lib/python3.12/site-packages/airflow/example_dags/example_local_kubernetes_executor.py took 0.037 seconds
[2025-05-19T15:52:36.815+0000] {processor.py:186} INFO - Started process (PID=592) to work on /home/airflow/.local/lib/python3.12/site-packages/airflow/example_dags/example_local_kubernetes_executor.py
[2025-05-19T15:52:36.815+0000] {processor.py:914} INFO - Processing file /home/airflow/.local/lib/python3.12/site-packages/airflow/example_dags/example_local_kubernetes_executor.py for tasks to queue
[2025-05-19T15:52:36.817+0000] {logging_mixin.py:190} INFO - [2025-05-19T15:52:36.817+0000] {dagbag.py:588} INFO - Filling up the DagBag from /home/airflow/.local/lib/python3.12/site-packages/airflow/example_dags/example_local_kubernetes_executor.py
[2025-05-19T15:52:36.823+0000] {processor.py:925} INFO - DAG(s) 'example_local_kubernetes_executor' retrieved from /home/airflow/.local/lib/python3.12/site-packages/airflow/example_dags/example_local_kubernetes_executor.py
[2025-05-19T15:52:36.834+0000] {logging_mixin.py:190} INFO - [2025-05-19T15:52:36.834+0000] {dag.py:3239} INFO - Sync 1 DAGs
[2025-05-19T15:52:36.841+0000] {logging_mixin.py:190} INFO - [2025-05-19T15:52:36.841+0000] {dag.py:4180} INFO - Setting next_dagrun for example_local_kubernetes_executor to None, run_after=None
[2025-05-19T15:52:36.852+0000] {processor.py:208} INFO - Processing /home/airflow/.local/lib/python3.12/site-packages/airflow/example_dags/example_local_kubernetes_executor.py took 0.041 seconds
[2025-05-19T15:53:07.154+0000] {processor.py:186} INFO - Started process (PID=649) to work on /home/airflow/.local/lib/python3.12/site-packages/airflow/example_dags/example_local_kubernetes_executor.py
[2025-05-19T15:53:07.154+0000] {processor.py:914} INFO - Processing file /home/airflow/.local/lib/python3.12/site-packages/airflow/example_dags/example_local_kubernetes_executor.py for tasks to queue
[2025-05-19T15:53:07.156+0000] {logging_mixin.py:190} INFO - [2025-05-19T15:53:07.156+0000] {dagbag.py:588} INFO - Filling up the DagBag from /home/airflow/.local/lib/python3.12/site-packages/airflow/example_dags/example_local_kubernetes_executor.py
[2025-05-19T15:53:07.162+0000] {processor.py:925} INFO - DAG(s) 'example_local_kubernetes_executor' retrieved from /home/airflow/.local/lib/python3.12/site-packages/airflow/example_dags/example_local_kubernetes_executor.py
[2025-05-19T15:53:07.174+0000] {logging_mixin.py:190} INFO - [2025-05-19T15:53:07.174+0000] {dag.py:3239} INFO - Sync 1 DAGs
[2025-05-19T15:53:07.181+0000] {logging_mixin.py:190} INFO - [2025-05-19T15:53:07.180+0000] {dag.py:4180} INFO - Setting next_dagrun for example_local_kubernetes_executor to None, run_after=None
[2025-05-19T15:53:07.191+0000] {processor.py:208} INFO - Processing /home/airflow/.local/lib/python3.12/site-packages/airflow/example_dags/example_local_kubernetes_executor.py took 0.040 seconds
[2025-05-19T15:53:37.941+0000] {processor.py:186} INFO - Started process (PID=706) to work on /home/airflow/.local/lib/python3.12/site-packages/airflow/example_dags/example_local_kubernetes_executor.py
[2025-05-19T15:53:37.941+0000] {processor.py:914} INFO - Processing file /home/airflow/.local/lib/python3.12/site-packages/airflow/example_dags/example_local_kubernetes_executor.py for tasks to queue
[2025-05-19T15:53:37.943+0000] {logging_mixin.py:190} INFO - [2025-05-19T15:53:37.943+0000] {dagbag.py:588} INFO - Filling up the DagBag from /home/airflow/.local/lib/python3.12/site-packages/airflow/example_dags/example_local_kubernetes_executor.py
[2025-05-19T15:53:37.952+0000] {processor.py:925} INFO - DAG(s) 'example_local_kubernetes_executor' retrieved from /home/airflow/.local/lib/python3.12/site-packages/airflow/example_dags/example_local_kubernetes_executor.py
[2025-05-19T15:53:37.963+0000] {logging_mixin.py:190} INFO - [2025-05-19T15:53:37.963+0000] {dag.py:3239} INFO - Sync 1 DAGs
[2025-05-19T15:53:37.974+0000] {logging_mixin.py:190} INFO - [2025-05-19T15:53:37.974+0000] {dag.py:4180} INFO - Setting next_dagrun for example_local_kubernetes_executor to None, run_after=None
[2025-05-19T15:53:37.988+0000] {processor.py:208} INFO - Processing /home/airflow/.local/lib/python3.12/site-packages/airflow/example_dags/example_local_kubernetes_executor.py took 0.050 seconds
[2025-05-19T15:54:08.349+0000] {processor.py:186} INFO - Started process (PID=763) to work on /home/airflow/.local/lib/python3.12/site-packages/airflow/example_dags/example_local_kubernetes_executor.py
[2025-05-19T15:54:08.350+0000] {processor.py:914} INFO - Processing file /home/airflow/.local/lib/python3.12/site-packages/airflow/example_dags/example_local_kubernetes_executor.py for tasks to queue
[2025-05-19T15:54:08.351+0000] {logging_mixin.py:190} INFO - [2025-05-19T15:54:08.351+0000] {dagbag.py:588} INFO - Filling up the DagBag from /home/airflow/.local/lib/python3.12/site-packages/airflow/example_dags/example_local_kubernetes_executor.py
[2025-05-19T15:54:08.356+0000] {processor.py:925} INFO - DAG(s) 'example_local_kubernetes_executor' retrieved from /home/airflow/.local/lib/python3.12/site-packages/airflow/example_dags/example_local_kubernetes_executor.py
[2025-05-19T15:54:08.369+0000] {logging_mixin.py:190} INFO - [2025-05-19T15:54:08.369+0000] {dag.py:3239} INFO - Sync 1 DAGs
[2025-05-19T15:54:08.377+0000] {logging_mixin.py:190} INFO - [2025-05-19T15:54:08.377+0000] {dag.py:4180} INFO - Setting next_dagrun for example_local_kubernetes_executor to None, run_after=None
[2025-05-19T15:54:08.388+0000] {processor.py:208} INFO - Processing /home/airflow/.local/lib/python3.12/site-packages/airflow/example_dags/example_local_kubernetes_executor.py took 0.042 seconds
[2025-05-19T15:54:39.772+0000] {processor.py:186} INFO - Started process (PID=820) to work on /home/airflow/.local/lib/python3.12/site-packages/airflow/example_dags/example_local_kubernetes_executor.py
[2025-05-19T15:54:39.773+0000] {processor.py:914} INFO - Processing file /home/airflow/.local/lib/python3.12/site-packages/airflow/example_dags/example_local_kubernetes_executor.py for tasks to queue
[2025-05-19T15:54:39.774+0000] {logging_mixin.py:190} INFO - [2025-05-19T15:54:39.774+0000] {dagbag.py:588} INFO - Filling up the DagBag from /home/airflow/.local/lib/python3.12/site-packages/airflow/example_dags/example_local_kubernetes_executor.py
[2025-05-19T15:54:39.780+0000] {processor.py:925} INFO - DAG(s) 'example_local_kubernetes_executor' retrieved from /home/airflow/.local/lib/python3.12/site-packages/airflow/example_dags/example_local_kubernetes_executor.py
[2025-05-19T15:54:39.795+0000] {logging_mixin.py:190} INFO - [2025-05-19T15:54:39.795+0000] {dag.py:3239} INFO - Sync 1 DAGs
[2025-05-19T15:54:39.802+0000] {logging_mixin.py:190} INFO - [2025-05-19T15:54:39.802+0000] {dag.py:4180} INFO - Setting next_dagrun for example_local_kubernetes_executor to None, run_after=None
[2025-05-19T15:54:39.813+0000] {processor.py:208} INFO - Processing /home/airflow/.local/lib/python3.12/site-packages/airflow/example_dags/example_local_kubernetes_executor.py took 0.046 seconds
[2025-05-19T15:55:10.860+0000] {processor.py:186} INFO - Started process (PID=877) to work on /home/airflow/.local/lib/python3.12/site-packages/airflow/example_dags/example_local_kubernetes_executor.py
[2025-05-19T15:55:10.860+0000] {processor.py:914} INFO - Processing file /home/airflow/.local/lib/python3.12/site-packages/airflow/example_dags/example_local_kubernetes_executor.py for tasks to queue
[2025-05-19T15:55:10.862+0000] {logging_mixin.py:190} INFO - [2025-05-19T15:55:10.862+0000] {dagbag.py:588} INFO - Filling up the DagBag from /home/airflow/.local/lib/python3.12/site-packages/airflow/example_dags/example_local_kubernetes_executor.py
[2025-05-19T15:55:10.869+0000] {processor.py:925} INFO - DAG(s) 'example_local_kubernetes_executor' retrieved from /home/airflow/.local/lib/python3.12/site-packages/airflow/example_dags/example_local_kubernetes_executor.py
[2025-05-19T15:55:10.884+0000] {logging_mixin.py:190} INFO - [2025-05-19T15:55:10.884+0000] {dag.py:3239} INFO - Sync 1 DAGs
[2025-05-19T15:55:10.891+0000] {logging_mixin.py:190} INFO - [2025-05-19T15:55:10.891+0000] {dag.py:4180} INFO - Setting next_dagrun for example_local_kubernetes_executor to None, run_after=None
[2025-05-19T15:55:10.900+0000] {processor.py:208} INFO - Processing /home/airflow/.local/lib/python3.12/site-packages/airflow/example_dags/example_local_kubernetes_executor.py took 0.043 seconds
[2025-05-19T15:55:41.745+0000] {processor.py:186} INFO - Started process (PID=934) to work on /home/airflow/.local/lib/python3.12/site-packages/airflow/example_dags/example_local_kubernetes_executor.py
[2025-05-19T15:55:41.745+0000] {processor.py:914} INFO - Processing file /home/airflow/.local/lib/python3.12/site-packages/airflow/example_dags/example_local_kubernetes_executor.py for tasks to queue
[2025-05-19T15:55:41.747+0000] {logging_mixin.py:190} INFO - [2025-05-19T15:55:41.746+0000] {dagbag.py:588} INFO - Filling up the DagBag from /home/airflow/.local/lib/python3.12/site-packages/airflow/example_dags/example_local_kubernetes_executor.py
[2025-05-19T15:55:41.752+0000] {processor.py:925} INFO - DAG(s) 'example_local_kubernetes_executor' retrieved from /home/airflow/.local/lib/python3.12/site-packages/airflow/example_dags/example_local_kubernetes_executor.py
[2025-05-19T15:55:41.763+0000] {logging_mixin.py:190} INFO - [2025-05-19T15:55:41.762+0000] {dag.py:3239} INFO - Sync 1 DAGs
[2025-05-19T15:55:41.773+0000] {logging_mixin.py:190} INFO - [2025-05-19T15:55:41.772+0000] {dag.py:4180} INFO - Setting next_dagrun for example_local_kubernetes_executor to None, run_after=None
[2025-05-19T15:55:41.784+0000] {processor.py:208} INFO - Processing /home/airflow/.local/lib/python3.12/site-packages/airflow/example_dags/example_local_kubernetes_executor.py took 0.042 seconds
[2025-05-19T15:56:12.867+0000] {processor.py:186} INFO - Started process (PID=991) to work on /home/airflow/.local/lib/python3.12/site-packages/airflow/example_dags/example_local_kubernetes_executor.py
[2025-05-19T15:56:12.867+0000] {processor.py:914} INFO - Processing file /home/airflow/.local/lib/python3.12/site-packages/airflow/example_dags/example_local_kubernetes_executor.py for tasks to queue
[2025-05-19T15:56:12.870+0000] {logging_mixin.py:190} INFO - [2025-05-19T15:56:12.870+0000] {dagbag.py:588} INFO - Filling up the DagBag from /home/airflow/.local/lib/python3.12/site-packages/airflow/example_dags/example_local_kubernetes_executor.py
[2025-05-19T15:56:12.877+0000] {processor.py:925} INFO - DAG(s) 'example_local_kubernetes_executor' retrieved from /home/airflow/.local/lib/python3.12/site-packages/airflow/example_dags/example_local_kubernetes_executor.py
[2025-05-19T15:56:12.888+0000] {logging_mixin.py:190} INFO - [2025-05-19T15:56:12.888+0000] {dag.py:3239} INFO - Sync 1 DAGs
[2025-05-19T15:56:12.896+0000] {logging_mixin.py:190} INFO - [2025-05-19T15:56:12.896+0000] {dag.py:4180} INFO - Setting next_dagrun for example_local_kubernetes_executor to None, run_after=None
[2025-05-19T15:56:12.909+0000] {processor.py:208} INFO - Processing /home/airflow/.local/lib/python3.12/site-packages/airflow/example_dags/example_local_kubernetes_executor.py took 0.046 seconds
[2025-05-19T15:56:43.845+0000] {processor.py:186} INFO - Started process (PID=1048) to work on /home/airflow/.local/lib/python3.12/site-packages/airflow/example_dags/example_local_kubernetes_executor.py
[2025-05-19T15:56:43.846+0000] {processor.py:914} INFO - Processing file /home/airflow/.local/lib/python3.12/site-packages/airflow/example_dags/example_local_kubernetes_executor.py for tasks to queue
[2025-05-19T15:56:43.848+0000] {logging_mixin.py:190} INFO - [2025-05-19T15:56:43.848+0000] {dagbag.py:588} INFO - Filling up the DagBag from /home/airflow/.local/lib/python3.12/site-packages/airflow/example_dags/example_local_kubernetes_executor.py
[2025-05-19T15:56:43.853+0000] {processor.py:925} INFO - DAG(s) 'example_local_kubernetes_executor' retrieved from /home/airflow/.local/lib/python3.12/site-packages/airflow/example_dags/example_local_kubernetes_executor.py
[2025-05-19T15:56:43.864+0000] {logging_mixin.py:190} INFO - [2025-05-19T15:56:43.864+0000] {dag.py:3239} INFO - Sync 1 DAGs
[2025-05-19T15:56:43.871+0000] {logging_mixin.py:190} INFO - [2025-05-19T15:56:43.871+0000] {dag.py:4180} INFO - Setting next_dagrun for example_local_kubernetes_executor to None, run_after=None
[2025-05-19T15:56:43.885+0000] {processor.py:208} INFO - Processing /home/airflow/.local/lib/python3.12/site-packages/airflow/example_dags/example_local_kubernetes_executor.py took 0.043 seconds
[2025-05-19T15:57:14.756+0000] {processor.py:186} INFO - Started process (PID=1105) to work on /home/airflow/.local/lib/python3.12/site-packages/airflow/example_dags/example_local_kubernetes_executor.py
[2025-05-19T15:57:14.756+0000] {processor.py:914} INFO - Processing file /home/airflow/.local/lib/python3.12/site-packages/airflow/example_dags/example_local_kubernetes_executor.py for tasks to queue
[2025-05-19T15:57:14.758+0000] {logging_mixin.py:190} INFO - [2025-05-19T15:57:14.758+0000] {dagbag.py:588} INFO - Filling up the DagBag from /home/airflow/.local/lib/python3.12/site-packages/airflow/example_dags/example_local_kubernetes_executor.py
[2025-05-19T15:57:14.763+0000] {processor.py:925} INFO - DAG(s) 'example_local_kubernetes_executor' retrieved from /home/airflow/.local/lib/python3.12/site-packages/airflow/example_dags/example_local_kubernetes_executor.py
[2025-05-19T15:57:14.775+0000] {logging_mixin.py:190} INFO - [2025-05-19T15:57:14.775+0000] {dag.py:3239} INFO - Sync 1 DAGs
[2025-05-19T15:57:14.781+0000] {logging_mixin.py:190} INFO - [2025-05-19T15:57:14.781+0000] {dag.py:4180} INFO - Setting next_dagrun for example_local_kubernetes_executor to None, run_after=None
[2025-05-19T15:57:14.791+0000] {processor.py:208} INFO - Processing /home/airflow/.local/lib/python3.12/site-packages/airflow/example_dags/example_local_kubernetes_executor.py took 0.038 seconds
[2025-05-19T15:57:45.651+0000] {processor.py:186} INFO - Started process (PID=1162) to work on /home/airflow/.local/lib/python3.12/site-packages/airflow/example_dags/example_local_kubernetes_executor.py
[2025-05-19T15:57:45.652+0000] {processor.py:914} INFO - Processing file /home/airflow/.local/lib/python3.12/site-packages/airflow/example_dags/example_local_kubernetes_executor.py for tasks to queue
[2025-05-19T15:57:45.654+0000] {logging_mixin.py:190} INFO - [2025-05-19T15:57:45.654+0000] {dagbag.py:588} INFO - Filling up the DagBag from /home/airflow/.local/lib/python3.12/site-packages/airflow/example_dags/example_local_kubernetes_executor.py
[2025-05-19T15:57:45.660+0000] {processor.py:925} INFO - DAG(s) 'example_local_kubernetes_executor' retrieved from /home/airflow/.local/lib/python3.12/site-packages/airflow/example_dags/example_local_kubernetes_executor.py
[2025-05-19T15:57:45.670+0000] {logging_mixin.py:190} INFO - [2025-05-19T15:57:45.670+0000] {dag.py:3239} INFO - Sync 1 DAGs
[2025-05-19T15:57:45.678+0000] {logging_mixin.py:190} INFO - [2025-05-19T15:57:45.678+0000] {dag.py:4180} INFO - Setting next_dagrun for example_local_kubernetes_executor to None, run_after=None
[2025-05-19T15:57:45.689+0000] {processor.py:208} INFO - Processing /home/airflow/.local/lib/python3.12/site-packages/airflow/example_dags/example_local_kubernetes_executor.py took 0.042 seconds
[2025-05-19T15:58:16.568+0000] {processor.py:186} INFO - Started process (PID=1219) to work on /home/airflow/.local/lib/python3.12/site-packages/airflow/example_dags/example_local_kubernetes_executor.py
[2025-05-19T15:58:16.569+0000] {processor.py:914} INFO - Processing file /home/airflow/.local/lib/python3.12/site-packages/airflow/example_dags/example_local_kubernetes_executor.py for tasks to queue
[2025-05-19T15:58:16.570+0000] {logging_mixin.py:190} INFO - [2025-05-19T15:58:16.570+0000] {dagbag.py:588} INFO - Filling up the DagBag from /home/airflow/.local/lib/python3.12/site-packages/airflow/example_dags/example_local_kubernetes_executor.py
[2025-05-19T15:58:16.575+0000] {processor.py:925} INFO - DAG(s) 'example_local_kubernetes_executor' retrieved from /home/airflow/.local/lib/python3.12/site-packages/airflow/example_dags/example_local_kubernetes_executor.py
[2025-05-19T15:58:16.587+0000] {logging_mixin.py:190} INFO - [2025-05-19T15:58:16.586+0000] {dag.py:3239} INFO - Sync 1 DAGs
[2025-05-19T15:58:16.593+0000] {logging_mixin.py:190} INFO - [2025-05-19T15:58:16.593+0000] {dag.py:4180} INFO - Setting next_dagrun for example_local_kubernetes_executor to None, run_after=None
[2025-05-19T15:58:16.602+0000] {processor.py:208} INFO - Processing /home/airflow/.local/lib/python3.12/site-packages/airflow/example_dags/example_local_kubernetes_executor.py took 0.037 seconds
[2025-05-19T15:58:47.335+0000] {processor.py:186} INFO - Started process (PID=1276) to work on /home/airflow/.local/lib/python3.12/site-packages/airflow/example_dags/example_local_kubernetes_executor.py
[2025-05-19T15:58:47.336+0000] {processor.py:914} INFO - Processing file /home/airflow/.local/lib/python3.12/site-packages/airflow/example_dags/example_local_kubernetes_executor.py for tasks to queue
[2025-05-19T15:58:47.337+0000] {logging_mixin.py:190} INFO - [2025-05-19T15:58:47.337+0000] {dagbag.py:588} INFO - Filling up the DagBag from /home/airflow/.local/lib/python3.12/site-packages/airflow/example_dags/example_local_kubernetes_executor.py
[2025-05-19T15:58:47.343+0000] {processor.py:925} INFO - DAG(s) 'example_local_kubernetes_executor' retrieved from /home/airflow/.local/lib/python3.12/site-packages/airflow/example_dags/example_local_kubernetes_executor.py
[2025-05-19T15:58:47.355+0000] {logging_mixin.py:190} INFO - [2025-05-19T15:58:47.355+0000] {dag.py:3239} INFO - Sync 1 DAGs
[2025-05-19T15:58:47.363+0000] {logging_mixin.py:190} INFO - [2025-05-19T15:58:47.363+0000] {dag.py:4180} INFO - Setting next_dagrun for example_local_kubernetes_executor to None, run_after=None
[2025-05-19T15:58:47.374+0000] {processor.py:208} INFO - Processing /home/airflow/.local/lib/python3.12/site-packages/airflow/example_dags/example_local_kubernetes_executor.py took 0.042 seconds
[2025-05-19T15:59:18.299+0000] {processor.py:186} INFO - Started process (PID=1333) to work on /home/airflow/.local/lib/python3.12/site-packages/airflow/example_dags/example_local_kubernetes_executor.py
[2025-05-19T15:59:18.301+0000] {processor.py:914} INFO - Processing file /home/airflow/.local/lib/python3.12/site-packages/airflow/example_dags/example_local_kubernetes_executor.py for tasks to queue
[2025-05-19T15:59:18.303+0000] {logging_mixin.py:190} INFO - [2025-05-19T15:59:18.303+0000] {dagbag.py:588} INFO - Filling up the DagBag from /home/airflow/.local/lib/python3.12/site-packages/airflow/example_dags/example_local_kubernetes_executor.py
[2025-05-19T15:59:18.308+0000] {processor.py:925} INFO - DAG(s) 'example_local_kubernetes_executor' retrieved from /home/airflow/.local/lib/python3.12/site-packages/airflow/example_dags/example_local_kubernetes_executor.py
[2025-05-19T15:59:18.321+0000] {logging_mixin.py:190} INFO - [2025-05-19T15:59:18.321+0000] {dag.py:3239} INFO - Sync 1 DAGs
[2025-05-19T15:59:18.328+0000] {logging_mixin.py:190} INFO - [2025-05-19T15:59:18.328+0000] {dag.py:4180} INFO - Setting next_dagrun for example_local_kubernetes_executor to None, run_after=None
[2025-05-19T15:59:18.338+0000] {processor.py:208} INFO - Processing /home/airflow/.local/lib/python3.12/site-packages/airflow/example_dags/example_local_kubernetes_executor.py took 0.041 seconds
[2025-05-19T15:59:49.453+0000] {processor.py:186} INFO - Started process (PID=1390) to work on /home/airflow/.local/lib/python3.12/site-packages/airflow/example_dags/example_local_kubernetes_executor.py
[2025-05-19T15:59:49.454+0000] {processor.py:914} INFO - Processing file /home/airflow/.local/lib/python3.12/site-packages/airflow/example_dags/example_local_kubernetes_executor.py for tasks to queue
[2025-05-19T15:59:49.458+0000] {logging_mixin.py:190} INFO - [2025-05-19T15:59:49.458+0000] {dagbag.py:588} INFO - Filling up the DagBag from /home/airflow/.local/lib/python3.12/site-packages/airflow/example_dags/example_local_kubernetes_executor.py
[2025-05-19T15:59:49.465+0000] {processor.py:925} INFO - DAG(s) 'example_local_kubernetes_executor' retrieved from /home/airflow/.local/lib/python3.12/site-packages/airflow/example_dags/example_local_kubernetes_executor.py
[2025-05-19T15:59:49.480+0000] {logging_mixin.py:190} INFO - [2025-05-19T15:59:49.479+0000] {dag.py:3239} INFO - Sync 1 DAGs
[2025-05-19T15:59:49.487+0000] {logging_mixin.py:190} INFO - [2025-05-19T15:59:49.487+0000] {dag.py:4180} INFO - Setting next_dagrun for example_local_kubernetes_executor to None, run_after=None
[2025-05-19T15:59:49.497+0000] {processor.py:208} INFO - Processing /home/airflow/.local/lib/python3.12/site-packages/airflow/example_dags/example_local_kubernetes_executor.py took 0.048 seconds
[2025-05-19T16:00:20.505+0000] {processor.py:186} INFO - Started process (PID=1447) to work on /home/airflow/.local/lib/python3.12/site-packages/airflow/example_dags/example_local_kubernetes_executor.py
[2025-05-19T16:00:20.505+0000] {processor.py:914} INFO - Processing file /home/airflow/.local/lib/python3.12/site-packages/airflow/example_dags/example_local_kubernetes_executor.py for tasks to queue
[2025-05-19T16:00:20.506+0000] {logging_mixin.py:190} INFO - [2025-05-19T16:00:20.506+0000] {dagbag.py:588} INFO - Filling up the DagBag from /home/airflow/.local/lib/python3.12/site-packages/airflow/example_dags/example_local_kubernetes_executor.py
[2025-05-19T16:00:20.511+0000] {processor.py:925} INFO - DAG(s) 'example_local_kubernetes_executor' retrieved from /home/airflow/.local/lib/python3.12/site-packages/airflow/example_dags/example_local_kubernetes_executor.py
[2025-05-19T16:00:20.524+0000] {logging_mixin.py:190} INFO - [2025-05-19T16:00:20.524+0000] {dag.py:3239} INFO - Sync 1 DAGs
[2025-05-19T16:00:20.531+0000] {logging_mixin.py:190} INFO - [2025-05-19T16:00:20.531+0000] {dag.py:4180} INFO - Setting next_dagrun for example_local_kubernetes_executor to None, run_after=None
[2025-05-19T16:00:20.541+0000] {processor.py:208} INFO - Processing /home/airflow/.local/lib/python3.12/site-packages/airflow/example_dags/example_local_kubernetes_executor.py took 0.040 seconds
[2025-05-19T16:00:51.590+0000] {processor.py:186} INFO - Started process (PID=1504) to work on /home/airflow/.local/lib/python3.12/site-packages/airflow/example_dags/example_local_kubernetes_executor.py
[2025-05-19T16:00:51.590+0000] {processor.py:914} INFO - Processing file /home/airflow/.local/lib/python3.12/site-packages/airflow/example_dags/example_local_kubernetes_executor.py for tasks to queue
[2025-05-19T16:00:51.591+0000] {logging_mixin.py:190} INFO - [2025-05-19T16:00:51.591+0000] {dagbag.py:588} INFO - Filling up the DagBag from /home/airflow/.local/lib/python3.12/site-packages/airflow/example_dags/example_local_kubernetes_executor.py
[2025-05-19T16:00:51.596+0000] {processor.py:925} INFO - DAG(s) 'example_local_kubernetes_executor' retrieved from /home/airflow/.local/lib/python3.12/site-packages/airflow/example_dags/example_local_kubernetes_executor.py
[2025-05-19T16:00:51.606+0000] {logging_mixin.py:190} INFO - [2025-05-19T16:00:51.606+0000] {dag.py:3239} INFO - Sync 1 DAGs
[2025-05-19T16:00:51.612+0000] {logging_mixin.py:190} INFO - [2025-05-19T16:00:51.612+0000] {dag.py:4180} INFO - Setting next_dagrun for example_local_kubernetes_executor to None, run_after=None
[2025-05-19T16:00:51.620+0000] {processor.py:208} INFO - Processing /home/airflow/.local/lib/python3.12/site-packages/airflow/example_dags/example_local_kubernetes_executor.py took 0.033 seconds
[2025-05-19T16:01:22.497+0000] {processor.py:186} INFO - Started process (PID=1561) to work on /home/airflow/.local/lib/python3.12/site-packages/airflow/example_dags/example_local_kubernetes_executor.py
[2025-05-19T16:01:22.497+0000] {processor.py:914} INFO - Processing file /home/airflow/.local/lib/python3.12/site-packages/airflow/example_dags/example_local_kubernetes_executor.py for tasks to queue
[2025-05-19T16:01:22.498+0000] {logging_mixin.py:190} INFO - [2025-05-19T16:01:22.498+0000] {dagbag.py:588} INFO - Filling up the DagBag from /home/airflow/.local/lib/python3.12/site-packages/airflow/example_dags/example_local_kubernetes_executor.py
[2025-05-19T16:01:22.503+0000] {processor.py:925} INFO - DAG(s) 'example_local_kubernetes_executor' retrieved from /home/airflow/.local/lib/python3.12/site-packages/airflow/example_dags/example_local_kubernetes_executor.py
[2025-05-19T16:01:22.514+0000] {logging_mixin.py:190} INFO - [2025-05-19T16:01:22.514+0000] {dag.py:3239} INFO - Sync 1 DAGs
[2025-05-19T16:01:22.521+0000] {logging_mixin.py:190} INFO - [2025-05-19T16:01:22.520+0000] {dag.py:4180} INFO - Setting next_dagrun for example_local_kubernetes_executor to None, run_after=None
[2025-05-19T16:01:22.529+0000] {processor.py:208} INFO - Processing /home/airflow/.local/lib/python3.12/site-packages/airflow/example_dags/example_local_kubernetes_executor.py took 0.036 seconds
[2025-05-19T16:01:53.250+0000] {processor.py:186} INFO - Started process (PID=1618) to work on /home/airflow/.local/lib/python3.12/site-packages/airflow/example_dags/example_local_kubernetes_executor.py
[2025-05-19T16:01:53.251+0000] {processor.py:914} INFO - Processing file /home/airflow/.local/lib/python3.12/site-packages/airflow/example_dags/example_local_kubernetes_executor.py for tasks to queue
[2025-05-19T16:01:53.253+0000] {logging_mixin.py:190} INFO - [2025-05-19T16:01:53.253+0000] {dagbag.py:588} INFO - Filling up the DagBag from /home/airflow/.local/lib/python3.12/site-packages/airflow/example_dags/example_local_kubernetes_executor.py
[2025-05-19T16:01:53.259+0000] {processor.py:925} INFO - DAG(s) 'example_local_kubernetes_executor' retrieved from /home/airflow/.local/lib/python3.12/site-packages/airflow/example_dags/example_local_kubernetes_executor.py
[2025-05-19T16:01:53.272+0000] {logging_mixin.py:190} INFO - [2025-05-19T16:01:53.272+0000] {dag.py:3239} INFO - Sync 1 DAGs
[2025-05-19T16:01:53.279+0000] {logging_mixin.py:190} INFO - [2025-05-19T16:01:53.279+0000] {dag.py:4180} INFO - Setting next_dagrun for example_local_kubernetes_executor to None, run_after=None
[2025-05-19T16:01:53.289+0000] {processor.py:208} INFO - Processing /home/airflow/.local/lib/python3.12/site-packages/airflow/example_dags/example_local_kubernetes_executor.py took 0.042 seconds
[2025-05-19T16:02:23.921+0000] {processor.py:186} INFO - Started process (PID=1675) to work on /home/airflow/.local/lib/python3.12/site-packages/airflow/example_dags/example_local_kubernetes_executor.py
[2025-05-19T16:02:23.922+0000] {processor.py:914} INFO - Processing file /home/airflow/.local/lib/python3.12/site-packages/airflow/example_dags/example_local_kubernetes_executor.py for tasks to queue
[2025-05-19T16:02:23.923+0000] {logging_mixin.py:190} INFO - [2025-05-19T16:02:23.923+0000] {dagbag.py:588} INFO - Filling up the DagBag from /home/airflow/.local/lib/python3.12/site-packages/airflow/example_dags/example_local_kubernetes_executor.py
[2025-05-19T16:02:23.934+0000] {processor.py:925} INFO - DAG(s) 'example_local_kubernetes_executor' retrieved from /home/airflow/.local/lib/python3.12/site-packages/airflow/example_dags/example_local_kubernetes_executor.py
[2025-05-19T16:02:23.949+0000] {logging_mixin.py:190} INFO - [2025-05-19T16:02:23.949+0000] {dag.py:3239} INFO - Sync 1 DAGs
[2025-05-19T16:02:23.957+0000] {logging_mixin.py:190} INFO - [2025-05-19T16:02:23.956+0000] {dag.py:4180} INFO - Setting next_dagrun for example_local_kubernetes_executor to None, run_after=None
[2025-05-19T16:02:23.966+0000] {processor.py:208} INFO - Processing /home/airflow/.local/lib/python3.12/site-packages/airflow/example_dags/example_local_kubernetes_executor.py took 0.049 seconds
[2025-05-19T16:02:55.100+0000] {processor.py:186} INFO - Started process (PID=1732) to work on /home/airflow/.local/lib/python3.12/site-packages/airflow/example_dags/example_local_kubernetes_executor.py
[2025-05-19T16:02:55.100+0000] {processor.py:914} INFO - Processing file /home/airflow/.local/lib/python3.12/site-packages/airflow/example_dags/example_local_kubernetes_executor.py for tasks to queue
[2025-05-19T16:02:55.101+0000] {logging_mixin.py:190} INFO - [2025-05-19T16:02:55.101+0000] {dagbag.py:588} INFO - Filling up the DagBag from /home/airflow/.local/lib/python3.12/site-packages/airflow/example_dags/example_local_kubernetes_executor.py
[2025-05-19T16:02:55.107+0000] {processor.py:925} INFO - DAG(s) 'example_local_kubernetes_executor' retrieved from /home/airflow/.local/lib/python3.12/site-packages/airflow/example_dags/example_local_kubernetes_executor.py
[2025-05-19T16:02:55.119+0000] {logging_mixin.py:190} INFO - [2025-05-19T16:02:55.118+0000] {dag.py:3239} INFO - Sync 1 DAGs
[2025-05-19T16:02:55.125+0000] {logging_mixin.py:190} INFO - [2025-05-19T16:02:55.125+0000] {dag.py:4180} INFO - Setting next_dagrun for example_local_kubernetes_executor to None, run_after=None
[2025-05-19T16:02:55.136+0000] {processor.py:208} INFO - Processing /home/airflow/.local/lib/python3.12/site-packages/airflow/example_dags/example_local_kubernetes_executor.py took 0.039 seconds
[2025-05-19T16:03:25.990+0000] {processor.py:186} INFO - Started process (PID=1789) to work on /home/airflow/.local/lib/python3.12/site-packages/airflow/example_dags/example_local_kubernetes_executor.py
[2025-05-19T16:03:25.993+0000] {processor.py:914} INFO - Processing file /home/airflow/.local/lib/python3.12/site-packages/airflow/example_dags/example_local_kubernetes_executor.py for tasks to queue
[2025-05-19T16:03:25.995+0000] {logging_mixin.py:190} INFO - [2025-05-19T16:03:25.995+0000] {dagbag.py:588} INFO - Filling up the DagBag from /home/airflow/.local/lib/python3.12/site-packages/airflow/example_dags/example_local_kubernetes_executor.py
[2025-05-19T16:03:26.000+0000] {processor.py:925} INFO - DAG(s) 'example_local_kubernetes_executor' retrieved from /home/airflow/.local/lib/python3.12/site-packages/airflow/example_dags/example_local_kubernetes_executor.py
[2025-05-19T16:03:26.012+0000] {logging_mixin.py:190} INFO - [2025-05-19T16:03:26.011+0000] {dag.py:3239} INFO - Sync 1 DAGs
[2025-05-19T16:03:26.018+0000] {logging_mixin.py:190} INFO - [2025-05-19T16:03:26.018+0000] {dag.py:4180} INFO - Setting next_dagrun for example_local_kubernetes_executor to None, run_after=None
[2025-05-19T16:03:26.028+0000] {processor.py:208} INFO - Processing /home/airflow/.local/lib/python3.12/site-packages/airflow/example_dags/example_local_kubernetes_executor.py took 0.042 seconds
[2025-05-19T16:03:56.930+0000] {processor.py:186} INFO - Started process (PID=1846) to work on /home/airflow/.local/lib/python3.12/site-packages/airflow/example_dags/example_local_kubernetes_executor.py
[2025-05-19T16:03:56.932+0000] {processor.py:914} INFO - Processing file /home/airflow/.local/lib/python3.12/site-packages/airflow/example_dags/example_local_kubernetes_executor.py for tasks to queue
[2025-05-19T16:03:56.934+0000] {logging_mixin.py:190} INFO - [2025-05-19T16:03:56.934+0000] {dagbag.py:588} INFO - Filling up the DagBag from /home/airflow/.local/lib/python3.12/site-packages/airflow/example_dags/example_local_kubernetes_executor.py
[2025-05-19T16:03:56.940+0000] {processor.py:925} INFO - DAG(s) 'example_local_kubernetes_executor' retrieved from /home/airflow/.local/lib/python3.12/site-packages/airflow/example_dags/example_local_kubernetes_executor.py
[2025-05-19T16:03:56.952+0000] {logging_mixin.py:190} INFO - [2025-05-19T16:03:56.951+0000] {dag.py:3239} INFO - Sync 1 DAGs
[2025-05-19T16:03:56.959+0000] {logging_mixin.py:190} INFO - [2025-05-19T16:03:56.958+0000] {dag.py:4180} INFO - Setting next_dagrun for example_local_kubernetes_executor to None, run_after=None
[2025-05-19T16:03:56.968+0000] {processor.py:208} INFO - Processing /home/airflow/.local/lib/python3.12/site-packages/airflow/example_dags/example_local_kubernetes_executor.py took 0.043 seconds
[2025-05-19T16:04:27.573+0000] {processor.py:186} INFO - Started process (PID=1903) to work on /home/airflow/.local/lib/python3.12/site-packages/airflow/example_dags/example_local_kubernetes_executor.py
[2025-05-19T16:04:27.573+0000] {processor.py:914} INFO - Processing file /home/airflow/.local/lib/python3.12/site-packages/airflow/example_dags/example_local_kubernetes_executor.py for tasks to queue
[2025-05-19T16:04:27.575+0000] {logging_mixin.py:190} INFO - [2025-05-19T16:04:27.574+0000] {dagbag.py:588} INFO - Filling up the DagBag from /home/airflow/.local/lib/python3.12/site-packages/airflow/example_dags/example_local_kubernetes_executor.py
[2025-05-19T16:04:27.580+0000] {processor.py:925} INFO - DAG(s) 'example_local_kubernetes_executor' retrieved from /home/airflow/.local/lib/python3.12/site-packages/airflow/example_dags/example_local_kubernetes_executor.py
[2025-05-19T16:04:27.591+0000] {logging_mixin.py:190} INFO - [2025-05-19T16:04:27.590+0000] {dag.py:3239} INFO - Sync 1 DAGs
[2025-05-19T16:04:27.599+0000] {logging_mixin.py:190} INFO - [2025-05-19T16:04:27.599+0000] {dag.py:4180} INFO - Setting next_dagrun for example_local_kubernetes_executor to None, run_after=None
[2025-05-19T16:04:27.612+0000] {processor.py:208} INFO - Processing /home/airflow/.local/lib/python3.12/site-packages/airflow/example_dags/example_local_kubernetes_executor.py took 0.042 seconds
[2025-05-19T16:04:58.565+0000] {processor.py:186} INFO - Started process (PID=1960) to work on /home/airflow/.local/lib/python3.12/site-packages/airflow/example_dags/example_local_kubernetes_executor.py
[2025-05-19T16:04:58.566+0000] {processor.py:914} INFO - Processing file /home/airflow/.local/lib/python3.12/site-packages/airflow/example_dags/example_local_kubernetes_executor.py for tasks to queue
[2025-05-19T16:04:58.567+0000] {logging_mixin.py:190} INFO - [2025-05-19T16:04:58.567+0000] {dagbag.py:588} INFO - Filling up the DagBag from /home/airflow/.local/lib/python3.12/site-packages/airflow/example_dags/example_local_kubernetes_executor.py
[2025-05-19T16:04:58.573+0000] {processor.py:925} INFO - DAG(s) 'example_local_kubernetes_executor' retrieved from /home/airflow/.local/lib/python3.12/site-packages/airflow/example_dags/example_local_kubernetes_executor.py
[2025-05-19T16:04:58.585+0000] {logging_mixin.py:190} INFO - [2025-05-19T16:04:58.585+0000] {dag.py:3239} INFO - Sync 1 DAGs
[2025-05-19T16:04:58.592+0000] {logging_mixin.py:190} INFO - [2025-05-19T16:04:58.592+0000] {dag.py:4180} INFO - Setting next_dagrun for example_local_kubernetes_executor to None, run_after=None
[2025-05-19T16:04:58.603+0000] {processor.py:208} INFO - Processing /home/airflow/.local/lib/python3.12/site-packages/airflow/example_dags/example_local_kubernetes_executor.py took 0.041 seconds
