[2025-05-19T15:47:57.878+0000] {processor.py:186} INFO - Started process (PID=58) to work on /home/airflow/.local/lib/python3.12/site-packages/airflow/example_dags/example_outlet_event_extra.py
[2025-05-19T15:47:57.879+0000] {processor.py:914} INFO - Processing file /home/airflow/.local/lib/python3.12/site-packages/airflow/example_dags/example_outlet_event_extra.py for tasks to queue
[2025-05-19T15:47:57.880+0000] {logging_mixin.py:190} INFO - [2025-05-19T15:47:57.880+0000] {dagbag.py:588} INFO - Filling up the DagBag from /home/airflow/.local/lib/python3.12/site-packages/airflow/example_dags/example_outlet_event_extra.py
[2025-05-19T15:47:58.187+0000] {processor.py:925} INFO - DAG(s) 'dataset_with_extra_by_yield', 'dataset_with_extra_by_context', 'dataset_with_extra_from_classic_operator' retrieved from /home/airflow/.local/lib/python3.12/site-packages/airflow/example_dags/example_outlet_event_extra.py
[2025-05-19T15:47:58.228+0000] {logging_mixin.py:190} INFO - [2025-05-19T15:47:58.228+0000] {override.py:1912} INFO - Created Permission View: can delete on DAG:dataset_with_extra_by_yield
[2025-05-19T15:47:58.234+0000] {logging_mixin.py:190} INFO - [2025-05-19T15:47:58.233+0000] {override.py:1912} INFO - Created Permission View: can read on DAG:dataset_with_extra_by_yield
[2025-05-19T15:47:58.236+0000] {logging_mixin.py:190} INFO - [2025-05-19T15:47:58.236+0000] {override.py:1912} INFO - Created Permission View: can edit on DAG:dataset_with_extra_by_yield
[2025-05-19T15:47:58.240+0000] {logging_mixin.py:190} INFO - [2025-05-19T15:47:58.239+0000] {override.py:1912} INFO - Created Permission View: menu access on DAG Run:dataset_with_extra_by_yield
[2025-05-19T15:47:58.254+0000] {logging_mixin.py:190} INFO - [2025-05-19T15:47:58.254+0000] {override.py:1912} INFO - Created Permission View: can create on DAG Run:dataset_with_extra_by_yield
[2025-05-19T15:47:58.258+0000] {logging_mixin.py:190} INFO - [2025-05-19T15:47:58.258+0000] {override.py:1912} INFO - Created Permission View: can delete on DAG Run:dataset_with_extra_by_yield
[2025-05-19T15:47:58.261+0000] {logging_mixin.py:190} INFO - [2025-05-19T15:47:58.261+0000] {override.py:1912} INFO - Created Permission View: can read on DAG Run:dataset_with_extra_by_yield
[2025-05-19T15:47:58.266+0000] {logging_mixin.py:190} INFO - [2025-05-19T15:47:58.266+0000] {override.py:1912} INFO - Created Permission View: can delete on DAG:dataset_with_extra_by_context
[2025-05-19T15:47:58.269+0000] {logging_mixin.py:190} INFO - [2025-05-19T15:47:58.269+0000] {override.py:1912} INFO - Created Permission View: can read on DAG:dataset_with_extra_by_context
[2025-05-19T15:47:58.272+0000] {logging_mixin.py:190} INFO - [2025-05-19T15:47:58.272+0000] {override.py:1912} INFO - Created Permission View: can edit on DAG:dataset_with_extra_by_context
[2025-05-19T15:47:58.275+0000] {logging_mixin.py:190} INFO - [2025-05-19T15:47:58.274+0000] {override.py:1912} INFO - Created Permission View: menu access on DAG Run:dataset_with_extra_by_context
[2025-05-19T15:47:58.277+0000] {logging_mixin.py:190} INFO - [2025-05-19T15:47:58.277+0000] {override.py:1912} INFO - Created Permission View: can create on DAG Run:dataset_with_extra_by_context
[2025-05-19T15:47:58.280+0000] {logging_mixin.py:190} INFO - [2025-05-19T15:47:58.280+0000] {override.py:1912} INFO - Created Permission View: can delete on DAG Run:dataset_with_extra_by_context
[2025-05-19T15:47:58.283+0000] {logging_mixin.py:190} INFO - [2025-05-19T15:47:58.283+0000] {override.py:1912} INFO - Created Permission View: can read on DAG Run:dataset_with_extra_by_context
[2025-05-19T15:47:58.289+0000] {logging_mixin.py:190} INFO - [2025-05-19T15:47:58.289+0000] {override.py:1912} INFO - Created Permission View: can delete on DAG:dataset_with_extra_from_classic_operator
[2025-05-19T15:47:58.291+0000] {logging_mixin.py:190} INFO - [2025-05-19T15:47:58.291+0000] {override.py:1912} INFO - Created Permission View: can read on DAG:dataset_with_extra_from_classic_operator
[2025-05-19T15:47:58.295+0000] {logging_mixin.py:190} INFO - [2025-05-19T15:47:58.294+0000] {override.py:1912} INFO - Created Permission View: can edit on DAG:dataset_with_extra_from_classic_operator
[2025-05-19T15:47:58.298+0000] {logging_mixin.py:190} INFO - [2025-05-19T15:47:58.298+0000] {override.py:1912} INFO - Created Permission View: menu access on DAG Run:dataset_with_extra_from_classic_operator
[2025-05-19T15:47:58.302+0000] {logging_mixin.py:190} INFO - [2025-05-19T15:47:58.302+0000] {override.py:1912} INFO - Created Permission View: can create on DAG Run:dataset_with_extra_from_classic_operator
[2025-05-19T15:47:58.307+0000] {logging_mixin.py:190} INFO - [2025-05-19T15:47:58.307+0000] {override.py:1912} INFO - Created Permission View: can delete on DAG Run:dataset_with_extra_from_classic_operator
[2025-05-19T15:47:58.310+0000] {logging_mixin.py:190} INFO - [2025-05-19T15:47:58.310+0000] {override.py:1912} INFO - Created Permission View: can read on DAG Run:dataset_with_extra_from_classic_operator
[2025-05-19T15:47:58.310+0000] {logging_mixin.py:190} INFO - [2025-05-19T15:47:58.310+0000] {dag.py:3239} INFO - Sync 3 DAGs
[2025-05-19T15:47:58.317+0000] {logging_mixin.py:190} INFO - [2025-05-19T15:47:58.317+0000] {dag.py:3262} INFO - Creating ORM DAG for dataset_with_extra_from_classic_operator
[2025-05-19T15:47:58.317+0000] {logging_mixin.py:190} INFO - [2025-05-19T15:47:58.317+0000] {dag.py:3262} INFO - Creating ORM DAG for dataset_with_extra_by_context
[2025-05-19T15:47:58.317+0000] {logging_mixin.py:190} INFO - [2025-05-19T15:47:58.317+0000] {dag.py:3262} INFO - Creating ORM DAG for dataset_with_extra_by_yield
[2025-05-19T15:47:58.323+0000] {logging_mixin.py:190} INFO - [2025-05-19T15:47:58.323+0000] {dag.py:4180} INFO - Setting next_dagrun for dataset_with_extra_by_context to 2025-05-18 00:00:00+00:00, run_after=2025-05-19 00:00:00+00:00
[2025-05-19T15:47:58.324+0000] {logging_mixin.py:190} INFO - [2025-05-19T15:47:58.324+0000] {dag.py:4180} INFO - Setting next_dagrun for dataset_with_extra_by_yield to 2025-05-18 00:00:00+00:00, run_after=2025-05-19 00:00:00+00:00
[2025-05-19T15:47:58.325+0000] {logging_mixin.py:190} INFO - [2025-05-19T15:47:58.324+0000] {dag.py:4180} INFO - Setting next_dagrun for dataset_with_extra_from_classic_operator to 2025-05-18 00:00:00+00:00, run_after=2025-05-19 00:00:00+00:00
[2025-05-19T15:47:58.335+0000] {processor.py:208} INFO - Processing /home/airflow/.local/lib/python3.12/site-packages/airflow/example_dags/example_outlet_event_extra.py took 0.461 seconds
[2025-05-19T15:48:28.392+0000] {processor.py:186} INFO - Started process (PID=115) to work on /home/airflow/.local/lib/python3.12/site-packages/airflow/example_dags/example_outlet_event_extra.py
[2025-05-19T15:48:28.393+0000] {processor.py:914} INFO - Processing file /home/airflow/.local/lib/python3.12/site-packages/airflow/example_dags/example_outlet_event_extra.py for tasks to queue
[2025-05-19T15:48:28.394+0000] {logging_mixin.py:190} INFO - [2025-05-19T15:48:28.394+0000] {dagbag.py:588} INFO - Filling up the DagBag from /home/airflow/.local/lib/python3.12/site-packages/airflow/example_dags/example_outlet_event_extra.py
[2025-05-19T15:48:28.686+0000] {processor.py:925} INFO - DAG(s) 'dataset_with_extra_from_classic_operator', 'dataset_with_extra_by_context', 'dataset_with_extra_by_yield' retrieved from /home/airflow/.local/lib/python3.12/site-packages/airflow/example_dags/example_outlet_event_extra.py
[2025-05-19T15:48:28.700+0000] {logging_mixin.py:190} INFO - [2025-05-19T15:48:28.700+0000] {dag.py:3239} INFO - Sync 3 DAGs
[2025-05-19T15:48:28.715+0000] {logging_mixin.py:190} INFO - [2025-05-19T15:48:28.715+0000] {dag.py:4180} INFO - Setting next_dagrun for dataset_with_extra_by_context to 2025-05-18 00:00:00+00:00, run_after=2025-05-19 00:00:00+00:00
[2025-05-19T15:48:28.718+0000] {logging_mixin.py:190} INFO - [2025-05-19T15:48:28.718+0000] {dag.py:4180} INFO - Setting next_dagrun for dataset_with_extra_by_yield to 2025-05-18 00:00:00+00:00, run_after=2025-05-19 00:00:00+00:00
[2025-05-19T15:48:28.719+0000] {logging_mixin.py:190} INFO - [2025-05-19T15:48:28.719+0000] {dag.py:4180} INFO - Setting next_dagrun for dataset_with_extra_from_classic_operator to 2025-05-18 00:00:00+00:00, run_after=2025-05-19 00:00:00+00:00
[2025-05-19T15:48:28.729+0000] {processor.py:208} INFO - Processing /home/airflow/.local/lib/python3.12/site-packages/airflow/example_dags/example_outlet_event_extra.py took 0.340 seconds
[2025-05-19T15:48:58.945+0000] {processor.py:186} INFO - Started process (PID=172) to work on /home/airflow/.local/lib/python3.12/site-packages/airflow/example_dags/example_outlet_event_extra.py
[2025-05-19T15:48:58.946+0000] {processor.py:914} INFO - Processing file /home/airflow/.local/lib/python3.12/site-packages/airflow/example_dags/example_outlet_event_extra.py for tasks to queue
[2025-05-19T15:48:58.947+0000] {logging_mixin.py:190} INFO - [2025-05-19T15:48:58.947+0000] {dagbag.py:588} INFO - Filling up the DagBag from /home/airflow/.local/lib/python3.12/site-packages/airflow/example_dags/example_outlet_event_extra.py
[2025-05-19T15:48:59.278+0000] {processor.py:925} INFO - DAG(s) 'dataset_with_extra_by_yield', 'dataset_with_extra_by_context', 'dataset_with_extra_from_classic_operator' retrieved from /home/airflow/.local/lib/python3.12/site-packages/airflow/example_dags/example_outlet_event_extra.py
[2025-05-19T15:48:59.289+0000] {logging_mixin.py:190} INFO - [2025-05-19T15:48:59.288+0000] {dag.py:3239} INFO - Sync 3 DAGs
[2025-05-19T15:48:59.301+0000] {logging_mixin.py:190} INFO - [2025-05-19T15:48:59.300+0000] {dag.py:4180} INFO - Setting next_dagrun for dataset_with_extra_by_context to 2025-05-18 00:00:00+00:00, run_after=2025-05-19 00:00:00+00:00
[2025-05-19T15:48:59.303+0000] {logging_mixin.py:190} INFO - [2025-05-19T15:48:59.303+0000] {dag.py:4180} INFO - Setting next_dagrun for dataset_with_extra_by_yield to 2025-05-18 00:00:00+00:00, run_after=2025-05-19 00:00:00+00:00
[2025-05-19T15:48:59.306+0000] {logging_mixin.py:190} INFO - [2025-05-19T15:48:59.306+0000] {dag.py:4180} INFO - Setting next_dagrun for dataset_with_extra_from_classic_operator to 2025-05-18 00:00:00+00:00, run_after=2025-05-19 00:00:00+00:00
[2025-05-19T15:48:59.319+0000] {processor.py:208} INFO - Processing /home/airflow/.local/lib/python3.12/site-packages/airflow/example_dags/example_outlet_event_extra.py took 0.376 seconds
[2025-05-19T15:49:29.691+0000] {processor.py:186} INFO - Started process (PID=229) to work on /home/airflow/.local/lib/python3.12/site-packages/airflow/example_dags/example_outlet_event_extra.py
[2025-05-19T15:49:29.691+0000] {processor.py:914} INFO - Processing file /home/airflow/.local/lib/python3.12/site-packages/airflow/example_dags/example_outlet_event_extra.py for tasks to queue
[2025-05-19T15:49:29.692+0000] {logging_mixin.py:190} INFO - [2025-05-19T15:49:29.692+0000] {dagbag.py:588} INFO - Filling up the DagBag from /home/airflow/.local/lib/python3.12/site-packages/airflow/example_dags/example_outlet_event_extra.py
[2025-05-19T15:49:30.012+0000] {processor.py:925} INFO - DAG(s) 'dataset_with_extra_from_classic_operator', 'dataset_with_extra_by_yield', 'dataset_with_extra_by_context' retrieved from /home/airflow/.local/lib/python3.12/site-packages/airflow/example_dags/example_outlet_event_extra.py
[2025-05-19T15:49:30.025+0000] {logging_mixin.py:190} INFO - [2025-05-19T15:49:30.024+0000] {dag.py:3239} INFO - Sync 3 DAGs
[2025-05-19T15:49:30.034+0000] {logging_mixin.py:190} INFO - [2025-05-19T15:49:30.034+0000] {dag.py:4180} INFO - Setting next_dagrun for dataset_with_extra_by_context to 2025-05-18 00:00:00+00:00, run_after=2025-05-19 00:00:00+00:00
[2025-05-19T15:49:30.037+0000] {logging_mixin.py:190} INFO - [2025-05-19T15:49:30.037+0000] {dag.py:4180} INFO - Setting next_dagrun for dataset_with_extra_by_yield to 2025-05-18 00:00:00+00:00, run_after=2025-05-19 00:00:00+00:00
[2025-05-19T15:49:30.038+0000] {logging_mixin.py:190} INFO - [2025-05-19T15:49:30.038+0000] {dag.py:4180} INFO - Setting next_dagrun for dataset_with_extra_from_classic_operator to 2025-05-18 00:00:00+00:00, run_after=2025-05-19 00:00:00+00:00
[2025-05-19T15:49:30.049+0000] {processor.py:208} INFO - Processing /home/airflow/.local/lib/python3.12/site-packages/airflow/example_dags/example_outlet_event_extra.py took 0.361 seconds
[2025-05-19T15:50:00.620+0000] {processor.py:186} INFO - Started process (PID=286) to work on /home/airflow/.local/lib/python3.12/site-packages/airflow/example_dags/example_outlet_event_extra.py
[2025-05-19T15:50:00.624+0000] {processor.py:914} INFO - Processing file /home/airflow/.local/lib/python3.12/site-packages/airflow/example_dags/example_outlet_event_extra.py for tasks to queue
[2025-05-19T15:50:00.625+0000] {logging_mixin.py:190} INFO - [2025-05-19T15:50:00.625+0000] {dagbag.py:588} INFO - Filling up the DagBag from /home/airflow/.local/lib/python3.12/site-packages/airflow/example_dags/example_outlet_event_extra.py
[2025-05-19T15:50:00.913+0000] {processor.py:925} INFO - DAG(s) 'dataset_with_extra_from_classic_operator', 'dataset_with_extra_by_context', 'dataset_with_extra_by_yield' retrieved from /home/airflow/.local/lib/python3.12/site-packages/airflow/example_dags/example_outlet_event_extra.py
[2025-05-19T15:50:00.925+0000] {logging_mixin.py:190} INFO - [2025-05-19T15:50:00.925+0000] {dag.py:3239} INFO - Sync 3 DAGs
[2025-05-19T15:50:00.938+0000] {logging_mixin.py:190} INFO - [2025-05-19T15:50:00.938+0000] {dag.py:4180} INFO - Setting next_dagrun for dataset_with_extra_by_context to 2025-05-18 00:00:00+00:00, run_after=2025-05-19 00:00:00+00:00
[2025-05-19T15:50:00.940+0000] {logging_mixin.py:190} INFO - [2025-05-19T15:50:00.940+0000] {dag.py:4180} INFO - Setting next_dagrun for dataset_with_extra_by_yield to 2025-05-18 00:00:00+00:00, run_after=2025-05-19 00:00:00+00:00
[2025-05-19T15:50:00.942+0000] {logging_mixin.py:190} INFO - [2025-05-19T15:50:00.942+0000] {dag.py:4180} INFO - Setting next_dagrun for dataset_with_extra_from_classic_operator to 2025-05-18 00:00:00+00:00, run_after=2025-05-19 00:00:00+00:00
[2025-05-19T15:50:00.952+0000] {processor.py:208} INFO - Processing /home/airflow/.local/lib/python3.12/site-packages/airflow/example_dags/example_outlet_event_extra.py took 0.335 seconds
[2025-05-19T15:50:31.326+0000] {processor.py:186} INFO - Started process (PID=343) to work on /home/airflow/.local/lib/python3.12/site-packages/airflow/example_dags/example_outlet_event_extra.py
[2025-05-19T15:50:31.326+0000] {processor.py:914} INFO - Processing file /home/airflow/.local/lib/python3.12/site-packages/airflow/example_dags/example_outlet_event_extra.py for tasks to queue
[2025-05-19T15:50:31.328+0000] {logging_mixin.py:190} INFO - [2025-05-19T15:50:31.328+0000] {dagbag.py:588} INFO - Filling up the DagBag from /home/airflow/.local/lib/python3.12/site-packages/airflow/example_dags/example_outlet_event_extra.py
[2025-05-19T15:50:31.598+0000] {processor.py:925} INFO - DAG(s) 'dataset_with_extra_by_context', 'dataset_with_extra_by_yield', 'dataset_with_extra_from_classic_operator' retrieved from /home/airflow/.local/lib/python3.12/site-packages/airflow/example_dags/example_outlet_event_extra.py
[2025-05-19T15:50:31.609+0000] {logging_mixin.py:190} INFO - [2025-05-19T15:50:31.609+0000] {dag.py:3239} INFO - Sync 3 DAGs
[2025-05-19T15:50:31.619+0000] {logging_mixin.py:190} INFO - [2025-05-19T15:50:31.619+0000] {dag.py:4180} INFO - Setting next_dagrun for dataset_with_extra_by_context to 2025-05-18 00:00:00+00:00, run_after=2025-05-19 00:00:00+00:00
[2025-05-19T15:50:31.622+0000] {logging_mixin.py:190} INFO - [2025-05-19T15:50:31.621+0000] {dag.py:4180} INFO - Setting next_dagrun for dataset_with_extra_by_yield to 2025-05-18 00:00:00+00:00, run_after=2025-05-19 00:00:00+00:00
[2025-05-19T15:50:31.623+0000] {logging_mixin.py:190} INFO - [2025-05-19T15:50:31.623+0000] {dag.py:4180} INFO - Setting next_dagrun for dataset_with_extra_from_classic_operator to 2025-05-18 00:00:00+00:00, run_after=2025-05-19 00:00:00+00:00
[2025-05-19T15:50:31.632+0000] {processor.py:208} INFO - Processing /home/airflow/.local/lib/python3.12/site-packages/airflow/example_dags/example_outlet_event_extra.py took 0.309 seconds
[2025-05-19T15:51:01.974+0000] {processor.py:186} INFO - Started process (PID=400) to work on /home/airflow/.local/lib/python3.12/site-packages/airflow/example_dags/example_outlet_event_extra.py
[2025-05-19T15:51:01.978+0000] {processor.py:914} INFO - Processing file /home/airflow/.local/lib/python3.12/site-packages/airflow/example_dags/example_outlet_event_extra.py for tasks to queue
[2025-05-19T15:51:01.979+0000] {logging_mixin.py:190} INFO - [2025-05-19T15:51:01.979+0000] {dagbag.py:588} INFO - Filling up the DagBag from /home/airflow/.local/lib/python3.12/site-packages/airflow/example_dags/example_outlet_event_extra.py
[2025-05-19T15:51:02.252+0000] {processor.py:925} INFO - DAG(s) 'dataset_with_extra_by_yield', 'dataset_with_extra_from_classic_operator', 'dataset_with_extra_by_context' retrieved from /home/airflow/.local/lib/python3.12/site-packages/airflow/example_dags/example_outlet_event_extra.py
[2025-05-19T15:51:02.263+0000] {logging_mixin.py:190} INFO - [2025-05-19T15:51:02.263+0000] {dag.py:3239} INFO - Sync 3 DAGs
[2025-05-19T15:51:02.274+0000] {logging_mixin.py:190} INFO - [2025-05-19T15:51:02.274+0000] {dag.py:4180} INFO - Setting next_dagrun for dataset_with_extra_by_context to 2025-05-18 00:00:00+00:00, run_after=2025-05-19 00:00:00+00:00
[2025-05-19T15:51:02.279+0000] {logging_mixin.py:190} INFO - [2025-05-19T15:51:02.279+0000] {dag.py:4180} INFO - Setting next_dagrun for dataset_with_extra_by_yield to 2025-05-18 00:00:00+00:00, run_after=2025-05-19 00:00:00+00:00
[2025-05-19T15:51:02.280+0000] {logging_mixin.py:190} INFO - [2025-05-19T15:51:02.280+0000] {dag.py:4180} INFO - Setting next_dagrun for dataset_with_extra_from_classic_operator to 2025-05-18 00:00:00+00:00, run_after=2025-05-19 00:00:00+00:00
[2025-05-19T15:51:02.290+0000] {processor.py:208} INFO - Processing /home/airflow/.local/lib/python3.12/site-packages/airflow/example_dags/example_outlet_event_extra.py took 0.318 seconds
[2025-05-19T15:51:32.764+0000] {processor.py:186} INFO - Started process (PID=457) to work on /home/airflow/.local/lib/python3.12/site-packages/airflow/example_dags/example_outlet_event_extra.py
[2025-05-19T15:51:32.765+0000] {processor.py:914} INFO - Processing file /home/airflow/.local/lib/python3.12/site-packages/airflow/example_dags/example_outlet_event_extra.py for tasks to queue
[2025-05-19T15:51:32.766+0000] {logging_mixin.py:190} INFO - [2025-05-19T15:51:32.766+0000] {dagbag.py:588} INFO - Filling up the DagBag from /home/airflow/.local/lib/python3.12/site-packages/airflow/example_dags/example_outlet_event_extra.py
[2025-05-19T15:51:33.044+0000] {processor.py:925} INFO - DAG(s) 'dataset_with_extra_from_classic_operator', 'dataset_with_extra_by_context', 'dataset_with_extra_by_yield' retrieved from /home/airflow/.local/lib/python3.12/site-packages/airflow/example_dags/example_outlet_event_extra.py
[2025-05-19T15:51:33.054+0000] {logging_mixin.py:190} INFO - [2025-05-19T15:51:33.054+0000] {dag.py:3239} INFO - Sync 3 DAGs
[2025-05-19T15:51:33.064+0000] {logging_mixin.py:190} INFO - [2025-05-19T15:51:33.064+0000] {dag.py:4180} INFO - Setting next_dagrun for dataset_with_extra_by_context to 2025-05-18 00:00:00+00:00, run_after=2025-05-19 00:00:00+00:00
[2025-05-19T15:51:33.069+0000] {logging_mixin.py:190} INFO - [2025-05-19T15:51:33.068+0000] {dag.py:4180} INFO - Setting next_dagrun for dataset_with_extra_by_yield to 2025-05-18 00:00:00+00:00, run_after=2025-05-19 00:00:00+00:00
[2025-05-19T15:51:33.070+0000] {logging_mixin.py:190} INFO - [2025-05-19T15:51:33.070+0000] {dag.py:4180} INFO - Setting next_dagrun for dataset_with_extra_from_classic_operator to 2025-05-18 00:00:00+00:00, run_after=2025-05-19 00:00:00+00:00
[2025-05-19T15:51:33.079+0000] {processor.py:208} INFO - Processing /home/airflow/.local/lib/python3.12/site-packages/airflow/example_dags/example_outlet_event_extra.py took 0.318 seconds
[2025-05-19T15:52:03.291+0000] {processor.py:186} INFO - Started process (PID=514) to work on /home/airflow/.local/lib/python3.12/site-packages/airflow/example_dags/example_outlet_event_extra.py
[2025-05-19T15:52:03.291+0000] {processor.py:914} INFO - Processing file /home/airflow/.local/lib/python3.12/site-packages/airflow/example_dags/example_outlet_event_extra.py for tasks to queue
[2025-05-19T15:52:03.293+0000] {logging_mixin.py:190} INFO - [2025-05-19T15:52:03.293+0000] {dagbag.py:588} INFO - Filling up the DagBag from /home/airflow/.local/lib/python3.12/site-packages/airflow/example_dags/example_outlet_event_extra.py
[2025-05-19T15:52:03.666+0000] {processor.py:925} INFO - DAG(s) 'dataset_with_extra_by_context', 'dataset_with_extra_by_yield', 'dataset_with_extra_from_classic_operator' retrieved from /home/airflow/.local/lib/python3.12/site-packages/airflow/example_dags/example_outlet_event_extra.py
[2025-05-19T15:52:03.677+0000] {logging_mixin.py:190} INFO - [2025-05-19T15:52:03.677+0000] {dag.py:3239} INFO - Sync 3 DAGs
[2025-05-19T15:52:03.690+0000] {logging_mixin.py:190} INFO - [2025-05-19T15:52:03.689+0000] {dag.py:4180} INFO - Setting next_dagrun for dataset_with_extra_by_context to 2025-05-18 00:00:00+00:00, run_after=2025-05-19 00:00:00+00:00
[2025-05-19T15:52:03.692+0000] {logging_mixin.py:190} INFO - [2025-05-19T15:52:03.692+0000] {dag.py:4180} INFO - Setting next_dagrun for dataset_with_extra_by_yield to 2025-05-18 00:00:00+00:00, run_after=2025-05-19 00:00:00+00:00
[2025-05-19T15:52:03.694+0000] {logging_mixin.py:190} INFO - [2025-05-19T15:52:03.694+0000] {dag.py:4180} INFO - Setting next_dagrun for dataset_with_extra_from_classic_operator to 2025-05-18 00:00:00+00:00, run_after=2025-05-19 00:00:00+00:00
[2025-05-19T15:52:03.704+0000] {processor.py:208} INFO - Processing /home/airflow/.local/lib/python3.12/site-packages/airflow/example_dags/example_outlet_event_extra.py took 0.416 seconds
[2025-05-19T15:52:34.437+0000] {processor.py:186} INFO - Started process (PID=571) to work on /home/airflow/.local/lib/python3.12/site-packages/airflow/example_dags/example_outlet_event_extra.py
[2025-05-19T15:52:34.439+0000] {processor.py:914} INFO - Processing file /home/airflow/.local/lib/python3.12/site-packages/airflow/example_dags/example_outlet_event_extra.py for tasks to queue
[2025-05-19T15:52:34.440+0000] {logging_mixin.py:190} INFO - [2025-05-19T15:52:34.440+0000] {dagbag.py:588} INFO - Filling up the DagBag from /home/airflow/.local/lib/python3.12/site-packages/airflow/example_dags/example_outlet_event_extra.py
[2025-05-19T15:52:34.805+0000] {processor.py:925} INFO - DAG(s) 'dataset_with_extra_by_yield', 'dataset_with_extra_from_classic_operator', 'dataset_with_extra_by_context' retrieved from /home/airflow/.local/lib/python3.12/site-packages/airflow/example_dags/example_outlet_event_extra.py
[2025-05-19T15:52:34.820+0000] {logging_mixin.py:190} INFO - [2025-05-19T15:52:34.820+0000] {dag.py:3239} INFO - Sync 3 DAGs
[2025-05-19T15:52:34.831+0000] {logging_mixin.py:190} INFO - [2025-05-19T15:52:34.831+0000] {dag.py:4180} INFO - Setting next_dagrun for dataset_with_extra_by_context to 2025-05-18 00:00:00+00:00, run_after=2025-05-19 00:00:00+00:00
[2025-05-19T15:52:34.834+0000] {logging_mixin.py:190} INFO - [2025-05-19T15:52:34.834+0000] {dag.py:4180} INFO - Setting next_dagrun for dataset_with_extra_by_yield to 2025-05-18 00:00:00+00:00, run_after=2025-05-19 00:00:00+00:00
[2025-05-19T15:52:34.836+0000] {logging_mixin.py:190} INFO - [2025-05-19T15:52:34.836+0000] {dag.py:4180} INFO - Setting next_dagrun for dataset_with_extra_from_classic_operator to 2025-05-18 00:00:00+00:00, run_after=2025-05-19 00:00:00+00:00
[2025-05-19T15:52:34.846+0000] {processor.py:208} INFO - Processing /home/airflow/.local/lib/python3.12/site-packages/airflow/example_dags/example_outlet_event_extra.py took 0.413 seconds
[2025-05-19T15:53:05.024+0000] {processor.py:186} INFO - Started process (PID=630) to work on /home/airflow/.local/lib/python3.12/site-packages/airflow/example_dags/example_outlet_event_extra.py
[2025-05-19T15:53:05.025+0000] {processor.py:914} INFO - Processing file /home/airflow/.local/lib/python3.12/site-packages/airflow/example_dags/example_outlet_event_extra.py for tasks to queue
[2025-05-19T15:53:05.027+0000] {logging_mixin.py:190} INFO - [2025-05-19T15:53:05.027+0000] {dagbag.py:588} INFO - Filling up the DagBag from /home/airflow/.local/lib/python3.12/site-packages/airflow/example_dags/example_outlet_event_extra.py
[2025-05-19T15:53:05.365+0000] {processor.py:925} INFO - DAG(s) 'dataset_with_extra_by_context', 'dataset_with_extra_from_classic_operator', 'dataset_with_extra_by_yield' retrieved from /home/airflow/.local/lib/python3.12/site-packages/airflow/example_dags/example_outlet_event_extra.py
[2025-05-19T15:53:05.384+0000] {logging_mixin.py:190} INFO - [2025-05-19T15:53:05.384+0000] {dag.py:3239} INFO - Sync 3 DAGs
[2025-05-19T15:53:05.397+0000] {logging_mixin.py:190} INFO - [2025-05-19T15:53:05.397+0000] {dag.py:4180} INFO - Setting next_dagrun for dataset_with_extra_by_context to 2025-05-18 00:00:00+00:00, run_after=2025-05-19 00:00:00+00:00
[2025-05-19T15:53:05.400+0000] {logging_mixin.py:190} INFO - [2025-05-19T15:53:05.400+0000] {dag.py:4180} INFO - Setting next_dagrun for dataset_with_extra_by_yield to 2025-05-18 00:00:00+00:00, run_after=2025-05-19 00:00:00+00:00
[2025-05-19T15:53:05.404+0000] {logging_mixin.py:190} INFO - [2025-05-19T15:53:05.404+0000] {dag.py:4180} INFO - Setting next_dagrun for dataset_with_extra_from_classic_operator to 2025-05-18 00:00:00+00:00, run_after=2025-05-19 00:00:00+00:00
[2025-05-19T15:53:05.415+0000] {processor.py:208} INFO - Processing /home/airflow/.local/lib/python3.12/site-packages/airflow/example_dags/example_outlet_event_extra.py took 0.398 seconds
[2025-05-19T15:53:35.881+0000] {processor.py:186} INFO - Started process (PID=685) to work on /home/airflow/.local/lib/python3.12/site-packages/airflow/example_dags/example_outlet_event_extra.py
[2025-05-19T15:53:35.883+0000] {processor.py:914} INFO - Processing file /home/airflow/.local/lib/python3.12/site-packages/airflow/example_dags/example_outlet_event_extra.py for tasks to queue
[2025-05-19T15:53:35.884+0000] {logging_mixin.py:190} INFO - [2025-05-19T15:53:35.884+0000] {dagbag.py:588} INFO - Filling up the DagBag from /home/airflow/.local/lib/python3.12/site-packages/airflow/example_dags/example_outlet_event_extra.py
[2025-05-19T15:53:36.172+0000] {processor.py:925} INFO - DAG(s) 'dataset_with_extra_from_classic_operator', 'dataset_with_extra_by_context', 'dataset_with_extra_by_yield' retrieved from /home/airflow/.local/lib/python3.12/site-packages/airflow/example_dags/example_outlet_event_extra.py
[2025-05-19T15:53:36.185+0000] {logging_mixin.py:190} INFO - [2025-05-19T15:53:36.185+0000] {dag.py:3239} INFO - Sync 3 DAGs
[2025-05-19T15:53:36.198+0000] {logging_mixin.py:190} INFO - [2025-05-19T15:53:36.198+0000] {dag.py:4180} INFO - Setting next_dagrun for dataset_with_extra_by_context to 2025-05-18 00:00:00+00:00, run_after=2025-05-19 00:00:00+00:00
[2025-05-19T15:53:36.200+0000] {logging_mixin.py:190} INFO - [2025-05-19T15:53:36.200+0000] {dag.py:4180} INFO - Setting next_dagrun for dataset_with_extra_by_yield to 2025-05-18 00:00:00+00:00, run_after=2025-05-19 00:00:00+00:00
[2025-05-19T15:53:36.202+0000] {logging_mixin.py:190} INFO - [2025-05-19T15:53:36.202+0000] {dag.py:4180} INFO - Setting next_dagrun for dataset_with_extra_from_classic_operator to 2025-05-18 00:00:00+00:00, run_after=2025-05-19 00:00:00+00:00
[2025-05-19T15:53:36.214+0000] {processor.py:208} INFO - Processing /home/airflow/.local/lib/python3.12/site-packages/airflow/example_dags/example_outlet_event_extra.py took 0.337 seconds
[2025-05-19T15:54:07.154+0000] {processor.py:186} INFO - Started process (PID=742) to work on /home/airflow/.local/lib/python3.12/site-packages/airflow/example_dags/example_outlet_event_extra.py
[2025-05-19T15:54:07.156+0000] {processor.py:914} INFO - Processing file /home/airflow/.local/lib/python3.12/site-packages/airflow/example_dags/example_outlet_event_extra.py for tasks to queue
[2025-05-19T15:54:07.157+0000] {logging_mixin.py:190} INFO - [2025-05-19T15:54:07.157+0000] {dagbag.py:588} INFO - Filling up the DagBag from /home/airflow/.local/lib/python3.12/site-packages/airflow/example_dags/example_outlet_event_extra.py
[2025-05-19T15:54:07.446+0000] {processor.py:925} INFO - DAG(s) 'dataset_with_extra_by_context', 'dataset_with_extra_by_yield', 'dataset_with_extra_from_classic_operator' retrieved from /home/airflow/.local/lib/python3.12/site-packages/airflow/example_dags/example_outlet_event_extra.py
[2025-05-19T15:54:07.459+0000] {logging_mixin.py:190} INFO - [2025-05-19T15:54:07.459+0000] {dag.py:3239} INFO - Sync 3 DAGs
[2025-05-19T15:54:07.470+0000] {logging_mixin.py:190} INFO - [2025-05-19T15:54:07.470+0000] {dag.py:4180} INFO - Setting next_dagrun for dataset_with_extra_by_context to 2025-05-18 00:00:00+00:00, run_after=2025-05-19 00:00:00+00:00
[2025-05-19T15:54:07.473+0000] {logging_mixin.py:190} INFO - [2025-05-19T15:54:07.473+0000] {dag.py:4180} INFO - Setting next_dagrun for dataset_with_extra_by_yield to 2025-05-18 00:00:00+00:00, run_after=2025-05-19 00:00:00+00:00
[2025-05-19T15:54:07.474+0000] {logging_mixin.py:190} INFO - [2025-05-19T15:54:07.474+0000] {dag.py:4180} INFO - Setting next_dagrun for dataset_with_extra_from_classic_operator to 2025-05-18 00:00:00+00:00, run_after=2025-05-19 00:00:00+00:00
[2025-05-19T15:54:07.488+0000] {processor.py:208} INFO - Processing /home/airflow/.local/lib/python3.12/site-packages/airflow/example_dags/example_outlet_event_extra.py took 0.338 seconds
[2025-05-19T15:54:38.372+0000] {processor.py:186} INFO - Started process (PID=799) to work on /home/airflow/.local/lib/python3.12/site-packages/airflow/example_dags/example_outlet_event_extra.py
[2025-05-19T15:54:38.374+0000] {processor.py:914} INFO - Processing file /home/airflow/.local/lib/python3.12/site-packages/airflow/example_dags/example_outlet_event_extra.py for tasks to queue
[2025-05-19T15:54:38.376+0000] {logging_mixin.py:190} INFO - [2025-05-19T15:54:38.375+0000] {dagbag.py:588} INFO - Filling up the DagBag from /home/airflow/.local/lib/python3.12/site-packages/airflow/example_dags/example_outlet_event_extra.py
[2025-05-19T15:54:38.718+0000] {processor.py:925} INFO - DAG(s) 'dataset_with_extra_from_classic_operator', 'dataset_with_extra_by_context', 'dataset_with_extra_by_yield' retrieved from /home/airflow/.local/lib/python3.12/site-packages/airflow/example_dags/example_outlet_event_extra.py
[2025-05-19T15:54:38.735+0000] {logging_mixin.py:190} INFO - [2025-05-19T15:54:38.735+0000] {dag.py:3239} INFO - Sync 3 DAGs
[2025-05-19T15:54:38.748+0000] {logging_mixin.py:190} INFO - [2025-05-19T15:54:38.748+0000] {dag.py:4180} INFO - Setting next_dagrun for dataset_with_extra_by_context to 2025-05-18 00:00:00+00:00, run_after=2025-05-19 00:00:00+00:00
[2025-05-19T15:54:38.752+0000] {logging_mixin.py:190} INFO - [2025-05-19T15:54:38.752+0000] {dag.py:4180} INFO - Setting next_dagrun for dataset_with_extra_by_yield to 2025-05-18 00:00:00+00:00, run_after=2025-05-19 00:00:00+00:00
[2025-05-19T15:54:38.753+0000] {logging_mixin.py:190} INFO - [2025-05-19T15:54:38.753+0000] {dag.py:4180} INFO - Setting next_dagrun for dataset_with_extra_from_classic_operator to 2025-05-18 00:00:00+00:00, run_after=2025-05-19 00:00:00+00:00
[2025-05-19T15:54:38.791+0000] {processor.py:208} INFO - Processing /home/airflow/.local/lib/python3.12/site-packages/airflow/example_dags/example_outlet_event_extra.py took 0.423 seconds
[2025-05-19T15:55:09.767+0000] {processor.py:186} INFO - Started process (PID=856) to work on /home/airflow/.local/lib/python3.12/site-packages/airflow/example_dags/example_outlet_event_extra.py
[2025-05-19T15:55:09.770+0000] {processor.py:914} INFO - Processing file /home/airflow/.local/lib/python3.12/site-packages/airflow/example_dags/example_outlet_event_extra.py for tasks to queue
[2025-05-19T15:55:09.771+0000] {logging_mixin.py:190} INFO - [2025-05-19T15:55:09.771+0000] {dagbag.py:588} INFO - Filling up the DagBag from /home/airflow/.local/lib/python3.12/site-packages/airflow/example_dags/example_outlet_event_extra.py
[2025-05-19T15:55:10.072+0000] {processor.py:925} INFO - DAG(s) 'dataset_with_extra_from_classic_operator', 'dataset_with_extra_by_yield', 'dataset_with_extra_by_context' retrieved from /home/airflow/.local/lib/python3.12/site-packages/airflow/example_dags/example_outlet_event_extra.py
[2025-05-19T15:55:10.083+0000] {logging_mixin.py:190} INFO - [2025-05-19T15:55:10.083+0000] {dag.py:3239} INFO - Sync 3 DAGs
[2025-05-19T15:55:10.093+0000] {logging_mixin.py:190} INFO - [2025-05-19T15:55:10.093+0000] {dag.py:4180} INFO - Setting next_dagrun for dataset_with_extra_by_context to 2025-05-18 00:00:00+00:00, run_after=2025-05-19 00:00:00+00:00
[2025-05-19T15:55:10.096+0000] {logging_mixin.py:190} INFO - [2025-05-19T15:55:10.096+0000] {dag.py:4180} INFO - Setting next_dagrun for dataset_with_extra_by_yield to 2025-05-18 00:00:00+00:00, run_after=2025-05-19 00:00:00+00:00
[2025-05-19T15:55:10.097+0000] {logging_mixin.py:190} INFO - [2025-05-19T15:55:10.097+0000] {dag.py:4180} INFO - Setting next_dagrun for dataset_with_extra_from_classic_operator to 2025-05-18 00:00:00+00:00, run_after=2025-05-19 00:00:00+00:00
[2025-05-19T15:55:10.110+0000] {processor.py:208} INFO - Processing /home/airflow/.local/lib/python3.12/site-packages/airflow/example_dags/example_outlet_event_extra.py took 0.346 seconds
[2025-05-19T15:55:40.678+0000] {processor.py:186} INFO - Started process (PID=913) to work on /home/airflow/.local/lib/python3.12/site-packages/airflow/example_dags/example_outlet_event_extra.py
[2025-05-19T15:55:40.679+0000] {processor.py:914} INFO - Processing file /home/airflow/.local/lib/python3.12/site-packages/airflow/example_dags/example_outlet_event_extra.py for tasks to queue
[2025-05-19T15:55:40.680+0000] {logging_mixin.py:190} INFO - [2025-05-19T15:55:40.680+0000] {dagbag.py:588} INFO - Filling up the DagBag from /home/airflow/.local/lib/python3.12/site-packages/airflow/example_dags/example_outlet_event_extra.py
[2025-05-19T15:55:40.966+0000] {processor.py:925} INFO - DAG(s) 'dataset_with_extra_by_context', 'dataset_with_extra_by_yield', 'dataset_with_extra_from_classic_operator' retrieved from /home/airflow/.local/lib/python3.12/site-packages/airflow/example_dags/example_outlet_event_extra.py
[2025-05-19T15:55:40.981+0000] {logging_mixin.py:190} INFO - [2025-05-19T15:55:40.981+0000] {dag.py:3239} INFO - Sync 3 DAGs
[2025-05-19T15:55:40.992+0000] {logging_mixin.py:190} INFO - [2025-05-19T15:55:40.992+0000] {dag.py:4180} INFO - Setting next_dagrun for dataset_with_extra_by_context to 2025-05-18 00:00:00+00:00, run_after=2025-05-19 00:00:00+00:00
[2025-05-19T15:55:40.994+0000] {logging_mixin.py:190} INFO - [2025-05-19T15:55:40.994+0000] {dag.py:4180} INFO - Setting next_dagrun for dataset_with_extra_by_yield to 2025-05-18 00:00:00+00:00, run_after=2025-05-19 00:00:00+00:00
[2025-05-19T15:55:40.997+0000] {logging_mixin.py:190} INFO - [2025-05-19T15:55:40.996+0000] {dag.py:4180} INFO - Setting next_dagrun for dataset_with_extra_from_classic_operator to 2025-05-18 00:00:00+00:00, run_after=2025-05-19 00:00:00+00:00
[2025-05-19T15:55:41.007+0000] {processor.py:208} INFO - Processing /home/airflow/.local/lib/python3.12/site-packages/airflow/example_dags/example_outlet_event_extra.py took 0.333 seconds
[2025-05-19T15:56:11.757+0000] {processor.py:186} INFO - Started process (PID=970) to work on /home/airflow/.local/lib/python3.12/site-packages/airflow/example_dags/example_outlet_event_extra.py
[2025-05-19T15:56:11.757+0000] {processor.py:914} INFO - Processing file /home/airflow/.local/lib/python3.12/site-packages/airflow/example_dags/example_outlet_event_extra.py for tasks to queue
[2025-05-19T15:56:11.759+0000] {logging_mixin.py:190} INFO - [2025-05-19T15:56:11.758+0000] {dagbag.py:588} INFO - Filling up the DagBag from /home/airflow/.local/lib/python3.12/site-packages/airflow/example_dags/example_outlet_event_extra.py
[2025-05-19T15:56:12.053+0000] {processor.py:925} INFO - DAG(s) 'dataset_with_extra_by_context', 'dataset_with_extra_from_classic_operator', 'dataset_with_extra_by_yield' retrieved from /home/airflow/.local/lib/python3.12/site-packages/airflow/example_dags/example_outlet_event_extra.py
[2025-05-19T15:56:12.068+0000] {logging_mixin.py:190} INFO - [2025-05-19T15:56:12.068+0000] {dag.py:3239} INFO - Sync 3 DAGs
[2025-05-19T15:56:12.079+0000] {logging_mixin.py:190} INFO - [2025-05-19T15:56:12.078+0000] {dag.py:4180} INFO - Setting next_dagrun for dataset_with_extra_by_context to 2025-05-18 00:00:00+00:00, run_after=2025-05-19 00:00:00+00:00
[2025-05-19T15:56:12.081+0000] {logging_mixin.py:190} INFO - [2025-05-19T15:56:12.081+0000] {dag.py:4180} INFO - Setting next_dagrun for dataset_with_extra_by_yield to 2025-05-18 00:00:00+00:00, run_after=2025-05-19 00:00:00+00:00
[2025-05-19T15:56:12.085+0000] {logging_mixin.py:190} INFO - [2025-05-19T15:56:12.085+0000] {dag.py:4180} INFO - Setting next_dagrun for dataset_with_extra_from_classic_operator to 2025-05-18 00:00:00+00:00, run_after=2025-05-19 00:00:00+00:00
[2025-05-19T15:56:12.098+0000] {processor.py:208} INFO - Processing /home/airflow/.local/lib/python3.12/site-packages/airflow/example_dags/example_outlet_event_extra.py took 0.344 seconds
[2025-05-19T15:56:42.662+0000] {processor.py:186} INFO - Started process (PID=1027) to work on /home/airflow/.local/lib/python3.12/site-packages/airflow/example_dags/example_outlet_event_extra.py
[2025-05-19T15:56:42.663+0000] {processor.py:914} INFO - Processing file /home/airflow/.local/lib/python3.12/site-packages/airflow/example_dags/example_outlet_event_extra.py for tasks to queue
[2025-05-19T15:56:42.665+0000] {logging_mixin.py:190} INFO - [2025-05-19T15:56:42.665+0000] {dagbag.py:588} INFO - Filling up the DagBag from /home/airflow/.local/lib/python3.12/site-packages/airflow/example_dags/example_outlet_event_extra.py
[2025-05-19T15:56:42.948+0000] {processor.py:925} INFO - DAG(s) 'dataset_with_extra_by_yield', 'dataset_with_extra_by_context', 'dataset_with_extra_from_classic_operator' retrieved from /home/airflow/.local/lib/python3.12/site-packages/airflow/example_dags/example_outlet_event_extra.py
[2025-05-19T15:56:42.964+0000] {logging_mixin.py:190} INFO - [2025-05-19T15:56:42.964+0000] {dag.py:3239} INFO - Sync 3 DAGs
[2025-05-19T15:56:42.976+0000] {logging_mixin.py:190} INFO - [2025-05-19T15:56:42.976+0000] {dag.py:4180} INFO - Setting next_dagrun for dataset_with_extra_by_context to 2025-05-18 00:00:00+00:00, run_after=2025-05-19 00:00:00+00:00
[2025-05-19T15:56:42.979+0000] {logging_mixin.py:190} INFO - [2025-05-19T15:56:42.979+0000] {dag.py:4180} INFO - Setting next_dagrun for dataset_with_extra_by_yield to 2025-05-18 00:00:00+00:00, run_after=2025-05-19 00:00:00+00:00
[2025-05-19T15:56:42.982+0000] {logging_mixin.py:190} INFO - [2025-05-19T15:56:42.982+0000] {dag.py:4180} INFO - Setting next_dagrun for dataset_with_extra_from_classic_operator to 2025-05-18 00:00:00+00:00, run_after=2025-05-19 00:00:00+00:00
[2025-05-19T15:56:42.993+0000] {processor.py:208} INFO - Processing /home/airflow/.local/lib/python3.12/site-packages/airflow/example_dags/example_outlet_event_extra.py took 0.334 seconds
[2025-05-19T15:57:13.665+0000] {processor.py:186} INFO - Started process (PID=1084) to work on /home/airflow/.local/lib/python3.12/site-packages/airflow/example_dags/example_outlet_event_extra.py
[2025-05-19T15:57:13.666+0000] {processor.py:914} INFO - Processing file /home/airflow/.local/lib/python3.12/site-packages/airflow/example_dags/example_outlet_event_extra.py for tasks to queue
[2025-05-19T15:57:13.668+0000] {logging_mixin.py:190} INFO - [2025-05-19T15:57:13.667+0000] {dagbag.py:588} INFO - Filling up the DagBag from /home/airflow/.local/lib/python3.12/site-packages/airflow/example_dags/example_outlet_event_extra.py
[2025-05-19T15:57:13.955+0000] {processor.py:925} INFO - DAG(s) 'dataset_with_extra_by_context', 'dataset_with_extra_by_yield', 'dataset_with_extra_from_classic_operator' retrieved from /home/airflow/.local/lib/python3.12/site-packages/airflow/example_dags/example_outlet_event_extra.py
[2025-05-19T15:57:13.969+0000] {logging_mixin.py:190} INFO - [2025-05-19T15:57:13.969+0000] {dag.py:3239} INFO - Sync 3 DAGs
[2025-05-19T15:57:13.980+0000] {logging_mixin.py:190} INFO - [2025-05-19T15:57:13.980+0000] {dag.py:4180} INFO - Setting next_dagrun for dataset_with_extra_by_context to 2025-05-18 00:00:00+00:00, run_after=2025-05-19 00:00:00+00:00
[2025-05-19T15:57:13.983+0000] {logging_mixin.py:190} INFO - [2025-05-19T15:57:13.983+0000] {dag.py:4180} INFO - Setting next_dagrun for dataset_with_extra_by_yield to 2025-05-18 00:00:00+00:00, run_after=2025-05-19 00:00:00+00:00
[2025-05-19T15:57:13.984+0000] {logging_mixin.py:190} INFO - [2025-05-19T15:57:13.984+0000] {dag.py:4180} INFO - Setting next_dagrun for dataset_with_extra_from_classic_operator to 2025-05-18 00:00:00+00:00, run_after=2025-05-19 00:00:00+00:00
[2025-05-19T15:57:13.995+0000] {processor.py:208} INFO - Processing /home/airflow/.local/lib/python3.12/site-packages/airflow/example_dags/example_outlet_event_extra.py took 0.333 seconds
[2025-05-19T15:57:44.587+0000] {processor.py:186} INFO - Started process (PID=1141) to work on /home/airflow/.local/lib/python3.12/site-packages/airflow/example_dags/example_outlet_event_extra.py
[2025-05-19T15:57:44.589+0000] {processor.py:914} INFO - Processing file /home/airflow/.local/lib/python3.12/site-packages/airflow/example_dags/example_outlet_event_extra.py for tasks to queue
[2025-05-19T15:57:44.590+0000] {logging_mixin.py:190} INFO - [2025-05-19T15:57:44.590+0000] {dagbag.py:588} INFO - Filling up the DagBag from /home/airflow/.local/lib/python3.12/site-packages/airflow/example_dags/example_outlet_event_extra.py
[2025-05-19T15:57:44.877+0000] {processor.py:925} INFO - DAG(s) 'dataset_with_extra_from_classic_operator', 'dataset_with_extra_by_yield', 'dataset_with_extra_by_context' retrieved from /home/airflow/.local/lib/python3.12/site-packages/airflow/example_dags/example_outlet_event_extra.py
[2025-05-19T15:57:44.888+0000] {logging_mixin.py:190} INFO - [2025-05-19T15:57:44.888+0000] {dag.py:3239} INFO - Sync 3 DAGs
[2025-05-19T15:57:44.898+0000] {logging_mixin.py:190} INFO - [2025-05-19T15:57:44.898+0000] {dag.py:4180} INFO - Setting next_dagrun for dataset_with_extra_by_context to 2025-05-18 00:00:00+00:00, run_after=2025-05-19 00:00:00+00:00
[2025-05-19T15:57:44.901+0000] {logging_mixin.py:190} INFO - [2025-05-19T15:57:44.901+0000] {dag.py:4180} INFO - Setting next_dagrun for dataset_with_extra_by_yield to 2025-05-18 00:00:00+00:00, run_after=2025-05-19 00:00:00+00:00
[2025-05-19T15:57:44.902+0000] {logging_mixin.py:190} INFO - [2025-05-19T15:57:44.902+0000] {dag.py:4180} INFO - Setting next_dagrun for dataset_with_extra_from_classic_operator to 2025-05-18 00:00:00+00:00, run_after=2025-05-19 00:00:00+00:00
[2025-05-19T15:57:44.915+0000] {processor.py:208} INFO - Processing /home/airflow/.local/lib/python3.12/site-packages/airflow/example_dags/example_outlet_event_extra.py took 0.331 seconds
[2025-05-19T15:58:15.553+0000] {processor.py:186} INFO - Started process (PID=1198) to work on /home/airflow/.local/lib/python3.12/site-packages/airflow/example_dags/example_outlet_event_extra.py
[2025-05-19T15:58:15.554+0000] {processor.py:914} INFO - Processing file /home/airflow/.local/lib/python3.12/site-packages/airflow/example_dags/example_outlet_event_extra.py for tasks to queue
[2025-05-19T15:58:15.556+0000] {logging_mixin.py:190} INFO - [2025-05-19T15:58:15.556+0000] {dagbag.py:588} INFO - Filling up the DagBag from /home/airflow/.local/lib/python3.12/site-packages/airflow/example_dags/example_outlet_event_extra.py
[2025-05-19T15:58:15.852+0000] {processor.py:925} INFO - DAG(s) 'dataset_with_extra_by_context', 'dataset_with_extra_by_yield', 'dataset_with_extra_from_classic_operator' retrieved from /home/airflow/.local/lib/python3.12/site-packages/airflow/example_dags/example_outlet_event_extra.py
[2025-05-19T15:58:15.862+0000] {logging_mixin.py:190} INFO - [2025-05-19T15:58:15.862+0000] {dag.py:3239} INFO - Sync 3 DAGs
[2025-05-19T15:58:15.874+0000] {logging_mixin.py:190} INFO - [2025-05-19T15:58:15.874+0000] {dag.py:4180} INFO - Setting next_dagrun for dataset_with_extra_by_context to 2025-05-18 00:00:00+00:00, run_after=2025-05-19 00:00:00+00:00
[2025-05-19T15:58:15.877+0000] {logging_mixin.py:190} INFO - [2025-05-19T15:58:15.877+0000] {dag.py:4180} INFO - Setting next_dagrun for dataset_with_extra_by_yield to 2025-05-18 00:00:00+00:00, run_after=2025-05-19 00:00:00+00:00
[2025-05-19T15:58:15.879+0000] {logging_mixin.py:190} INFO - [2025-05-19T15:58:15.879+0000] {dag.py:4180} INFO - Setting next_dagrun for dataset_with_extra_from_classic_operator to 2025-05-18 00:00:00+00:00, run_after=2025-05-19 00:00:00+00:00
[2025-05-19T15:58:15.888+0000] {processor.py:208} INFO - Processing /home/airflow/.local/lib/python3.12/site-packages/airflow/example_dags/example_outlet_event_extra.py took 0.339 seconds
[2025-05-19T15:58:46.398+0000] {processor.py:186} INFO - Started process (PID=1259) to work on /home/airflow/.local/lib/python3.12/site-packages/airflow/example_dags/example_outlet_event_extra.py
[2025-05-19T15:58:46.399+0000] {processor.py:914} INFO - Processing file /home/airflow/.local/lib/python3.12/site-packages/airflow/example_dags/example_outlet_event_extra.py for tasks to queue
[2025-05-19T15:58:46.400+0000] {logging_mixin.py:190} INFO - [2025-05-19T15:58:46.400+0000] {dagbag.py:588} INFO - Filling up the DagBag from /home/airflow/.local/lib/python3.12/site-packages/airflow/example_dags/example_outlet_event_extra.py
[2025-05-19T15:58:46.685+0000] {processor.py:925} INFO - DAG(s) 'dataset_with_extra_by_yield', 'dataset_with_extra_from_classic_operator', 'dataset_with_extra_by_context' retrieved from /home/airflow/.local/lib/python3.12/site-packages/airflow/example_dags/example_outlet_event_extra.py
[2025-05-19T15:58:46.697+0000] {logging_mixin.py:190} INFO - [2025-05-19T15:58:46.697+0000] {dag.py:3239} INFO - Sync 3 DAGs
[2025-05-19T15:58:46.706+0000] {logging_mixin.py:190} INFO - [2025-05-19T15:58:46.706+0000] {dag.py:4180} INFO - Setting next_dagrun for dataset_with_extra_by_context to 2025-05-18 00:00:00+00:00, run_after=2025-05-19 00:00:00+00:00
[2025-05-19T15:58:46.709+0000] {logging_mixin.py:190} INFO - [2025-05-19T15:58:46.709+0000] {dag.py:4180} INFO - Setting next_dagrun for dataset_with_extra_by_yield to 2025-05-18 00:00:00+00:00, run_after=2025-05-19 00:00:00+00:00
[2025-05-19T15:58:46.710+0000] {logging_mixin.py:190} INFO - [2025-05-19T15:58:46.710+0000] {dag.py:4180} INFO - Setting next_dagrun for dataset_with_extra_from_classic_operator to 2025-05-18 00:00:00+00:00, run_after=2025-05-19 00:00:00+00:00
[2025-05-19T15:58:46.722+0000] {processor.py:208} INFO - Processing /home/airflow/.local/lib/python3.12/site-packages/airflow/example_dags/example_outlet_event_extra.py took 0.328 seconds
[2025-05-19T15:59:17.479+0000] {processor.py:186} INFO - Started process (PID=1319) to work on /home/airflow/.local/lib/python3.12/site-packages/airflow/example_dags/example_outlet_event_extra.py
[2025-05-19T15:59:17.479+0000] {processor.py:914} INFO - Processing file /home/airflow/.local/lib/python3.12/site-packages/airflow/example_dags/example_outlet_event_extra.py for tasks to queue
[2025-05-19T15:59:17.481+0000] {logging_mixin.py:190} INFO - [2025-05-19T15:59:17.481+0000] {dagbag.py:588} INFO - Filling up the DagBag from /home/airflow/.local/lib/python3.12/site-packages/airflow/example_dags/example_outlet_event_extra.py
[2025-05-19T15:59:17.759+0000] {processor.py:925} INFO - DAG(s) 'dataset_with_extra_from_classic_operator', 'dataset_with_extra_by_context', 'dataset_with_extra_by_yield' retrieved from /home/airflow/.local/lib/python3.12/site-packages/airflow/example_dags/example_outlet_event_extra.py
[2025-05-19T15:59:17.774+0000] {logging_mixin.py:190} INFO - [2025-05-19T15:59:17.774+0000] {dag.py:3239} INFO - Sync 3 DAGs
[2025-05-19T15:59:17.784+0000] {logging_mixin.py:190} INFO - [2025-05-19T15:59:17.784+0000] {dag.py:4180} INFO - Setting next_dagrun for dataset_with_extra_by_context to 2025-05-18 00:00:00+00:00, run_after=2025-05-19 00:00:00+00:00
[2025-05-19T15:59:17.786+0000] {logging_mixin.py:190} INFO - [2025-05-19T15:59:17.786+0000] {dag.py:4180} INFO - Setting next_dagrun for dataset_with_extra_by_yield to 2025-05-18 00:00:00+00:00, run_after=2025-05-19 00:00:00+00:00
[2025-05-19T15:59:17.787+0000] {logging_mixin.py:190} INFO - [2025-05-19T15:59:17.787+0000] {dag.py:4180} INFO - Setting next_dagrun for dataset_with_extra_from_classic_operator to 2025-05-18 00:00:00+00:00, run_after=2025-05-19 00:00:00+00:00
[2025-05-19T15:59:17.797+0000] {processor.py:208} INFO - Processing /home/airflow/.local/lib/python3.12/site-packages/airflow/example_dags/example_outlet_event_extra.py took 0.321 seconds
[2025-05-19T15:59:48.469+0000] {processor.py:186} INFO - Started process (PID=1376) to work on /home/airflow/.local/lib/python3.12/site-packages/airflow/example_dags/example_outlet_event_extra.py
[2025-05-19T15:59:48.470+0000] {processor.py:914} INFO - Processing file /home/airflow/.local/lib/python3.12/site-packages/airflow/example_dags/example_outlet_event_extra.py for tasks to queue
[2025-05-19T15:59:48.471+0000] {logging_mixin.py:190} INFO - [2025-05-19T15:59:48.471+0000] {dagbag.py:588} INFO - Filling up the DagBag from /home/airflow/.local/lib/python3.12/site-packages/airflow/example_dags/example_outlet_event_extra.py
[2025-05-19T15:59:48.754+0000] {processor.py:925} INFO - DAG(s) 'dataset_with_extra_by_yield', 'dataset_with_extra_by_context', 'dataset_with_extra_from_classic_operator' retrieved from /home/airflow/.local/lib/python3.12/site-packages/airflow/example_dags/example_outlet_event_extra.py
[2025-05-19T15:59:48.775+0000] {logging_mixin.py:190} INFO - [2025-05-19T15:59:48.775+0000] {dag.py:3239} INFO - Sync 3 DAGs
[2025-05-19T15:59:48.786+0000] {logging_mixin.py:190} INFO - [2025-05-19T15:59:48.786+0000] {dag.py:4180} INFO - Setting next_dagrun for dataset_with_extra_by_context to 2025-05-18 00:00:00+00:00, run_after=2025-05-19 00:00:00+00:00
[2025-05-19T15:59:48.788+0000] {logging_mixin.py:190} INFO - [2025-05-19T15:59:48.788+0000] {dag.py:4180} INFO - Setting next_dagrun for dataset_with_extra_by_yield to 2025-05-18 00:00:00+00:00, run_after=2025-05-19 00:00:00+00:00
[2025-05-19T15:59:48.789+0000] {logging_mixin.py:190} INFO - [2025-05-19T15:59:48.789+0000] {dag.py:4180} INFO - Setting next_dagrun for dataset_with_extra_from_classic_operator to 2025-05-18 00:00:00+00:00, run_after=2025-05-19 00:00:00+00:00
[2025-05-19T15:59:48.798+0000] {processor.py:208} INFO - Processing /home/airflow/.local/lib/python3.12/site-packages/airflow/example_dags/example_outlet_event_extra.py took 0.333 seconds
[2025-05-19T16:00:19.451+0000] {processor.py:186} INFO - Started process (PID=1433) to work on /home/airflow/.local/lib/python3.12/site-packages/airflow/example_dags/example_outlet_event_extra.py
[2025-05-19T16:00:19.452+0000] {processor.py:914} INFO - Processing file /home/airflow/.local/lib/python3.12/site-packages/airflow/example_dags/example_outlet_event_extra.py for tasks to queue
[2025-05-19T16:00:19.454+0000] {logging_mixin.py:190} INFO - [2025-05-19T16:00:19.453+0000] {dagbag.py:588} INFO - Filling up the DagBag from /home/airflow/.local/lib/python3.12/site-packages/airflow/example_dags/example_outlet_event_extra.py
[2025-05-19T16:00:19.768+0000] {processor.py:925} INFO - DAG(s) 'dataset_with_extra_by_yield', 'dataset_with_extra_by_context', 'dataset_with_extra_from_classic_operator' retrieved from /home/airflow/.local/lib/python3.12/site-packages/airflow/example_dags/example_outlet_event_extra.py
[2025-05-19T16:00:19.804+0000] {logging_mixin.py:190} INFO - [2025-05-19T16:00:19.803+0000] {dag.py:3239} INFO - Sync 3 DAGs
[2025-05-19T16:00:19.819+0000] {logging_mixin.py:190} INFO - [2025-05-19T16:00:19.818+0000] {dag.py:4180} INFO - Setting next_dagrun for dataset_with_extra_by_context to 2025-05-18 00:00:00+00:00, run_after=2025-05-19 00:00:00+00:00
[2025-05-19T16:00:19.821+0000] {logging_mixin.py:190} INFO - [2025-05-19T16:00:19.821+0000] {dag.py:4180} INFO - Setting next_dagrun for dataset_with_extra_by_yield to 2025-05-18 00:00:00+00:00, run_after=2025-05-19 00:00:00+00:00
[2025-05-19T16:00:19.822+0000] {logging_mixin.py:190} INFO - [2025-05-19T16:00:19.822+0000] {dag.py:4180} INFO - Setting next_dagrun for dataset_with_extra_from_classic_operator to 2025-05-18 00:00:00+00:00, run_after=2025-05-19 00:00:00+00:00
[2025-05-19T16:00:19.831+0000] {processor.py:208} INFO - Processing /home/airflow/.local/lib/python3.12/site-packages/airflow/example_dags/example_outlet_event_extra.py took 0.384 seconds
[2025-05-19T16:00:50.559+0000] {processor.py:186} INFO - Started process (PID=1490) to work on /home/airflow/.local/lib/python3.12/site-packages/airflow/example_dags/example_outlet_event_extra.py
[2025-05-19T16:00:50.562+0000] {processor.py:914} INFO - Processing file /home/airflow/.local/lib/python3.12/site-packages/airflow/example_dags/example_outlet_event_extra.py for tasks to queue
[2025-05-19T16:00:50.563+0000] {logging_mixin.py:190} INFO - [2025-05-19T16:00:50.563+0000] {dagbag.py:588} INFO - Filling up the DagBag from /home/airflow/.local/lib/python3.12/site-packages/airflow/example_dags/example_outlet_event_extra.py
[2025-05-19T16:00:50.849+0000] {processor.py:925} INFO - DAG(s) 'dataset_with_extra_from_classic_operator', 'dataset_with_extra_by_yield', 'dataset_with_extra_by_context' retrieved from /home/airflow/.local/lib/python3.12/site-packages/airflow/example_dags/example_outlet_event_extra.py
[2025-05-19T16:00:50.860+0000] {logging_mixin.py:190} INFO - [2025-05-19T16:00:50.860+0000] {dag.py:3239} INFO - Sync 3 DAGs
[2025-05-19T16:00:50.873+0000] {logging_mixin.py:190} INFO - [2025-05-19T16:00:50.873+0000] {dag.py:4180} INFO - Setting next_dagrun for dataset_with_extra_by_context to 2025-05-18 00:00:00+00:00, run_after=2025-05-19 00:00:00+00:00
[2025-05-19T16:00:50.875+0000] {logging_mixin.py:190} INFO - [2025-05-19T16:00:50.875+0000] {dag.py:4180} INFO - Setting next_dagrun for dataset_with_extra_by_yield to 2025-05-18 00:00:00+00:00, run_after=2025-05-19 00:00:00+00:00
[2025-05-19T16:00:50.876+0000] {logging_mixin.py:190} INFO - [2025-05-19T16:00:50.876+0000] {dag.py:4180} INFO - Setting next_dagrun for dataset_with_extra_from_classic_operator to 2025-05-18 00:00:00+00:00, run_after=2025-05-19 00:00:00+00:00
[2025-05-19T16:00:50.886+0000] {processor.py:208} INFO - Processing /home/airflow/.local/lib/python3.12/site-packages/airflow/example_dags/example_outlet_event_extra.py took 0.330 seconds
[2025-05-19T16:01:21.497+0000] {processor.py:186} INFO - Started process (PID=1547) to work on /home/airflow/.local/lib/python3.12/site-packages/airflow/example_dags/example_outlet_event_extra.py
[2025-05-19T16:01:21.497+0000] {processor.py:914} INFO - Processing file /home/airflow/.local/lib/python3.12/site-packages/airflow/example_dags/example_outlet_event_extra.py for tasks to queue
[2025-05-19T16:01:21.499+0000] {logging_mixin.py:190} INFO - [2025-05-19T16:01:21.499+0000] {dagbag.py:588} INFO - Filling up the DagBag from /home/airflow/.local/lib/python3.12/site-packages/airflow/example_dags/example_outlet_event_extra.py
[2025-05-19T16:01:21.775+0000] {processor.py:925} INFO - DAG(s) 'dataset_with_extra_by_context', 'dataset_with_extra_from_classic_operator', 'dataset_with_extra_by_yield' retrieved from /home/airflow/.local/lib/python3.12/site-packages/airflow/example_dags/example_outlet_event_extra.py
[2025-05-19T16:01:21.792+0000] {logging_mixin.py:190} INFO - [2025-05-19T16:01:21.791+0000] {dag.py:3239} INFO - Sync 3 DAGs
[2025-05-19T16:01:21.802+0000] {logging_mixin.py:190} INFO - [2025-05-19T16:01:21.802+0000] {dag.py:4180} INFO - Setting next_dagrun for dataset_with_extra_by_context to 2025-05-18 00:00:00+00:00, run_after=2025-05-19 00:00:00+00:00
[2025-05-19T16:01:21.804+0000] {logging_mixin.py:190} INFO - [2025-05-19T16:01:21.804+0000] {dag.py:4180} INFO - Setting next_dagrun for dataset_with_extra_by_yield to 2025-05-18 00:00:00+00:00, run_after=2025-05-19 00:00:00+00:00
[2025-05-19T16:01:21.805+0000] {logging_mixin.py:190} INFO - [2025-05-19T16:01:21.805+0000] {dag.py:4180} INFO - Setting next_dagrun for dataset_with_extra_from_classic_operator to 2025-05-18 00:00:00+00:00, run_after=2025-05-19 00:00:00+00:00
[2025-05-19T16:01:21.815+0000] {processor.py:208} INFO - Processing /home/airflow/.local/lib/python3.12/site-packages/airflow/example_dags/example_outlet_event_extra.py took 0.321 seconds
[2025-05-19T16:01:52.387+0000] {processor.py:186} INFO - Started process (PID=1604) to work on /home/airflow/.local/lib/python3.12/site-packages/airflow/example_dags/example_outlet_event_extra.py
[2025-05-19T16:01:52.390+0000] {processor.py:914} INFO - Processing file /home/airflow/.local/lib/python3.12/site-packages/airflow/example_dags/example_outlet_event_extra.py for tasks to queue
[2025-05-19T16:01:52.392+0000] {logging_mixin.py:190} INFO - [2025-05-19T16:01:52.392+0000] {dagbag.py:588} INFO - Filling up the DagBag from /home/airflow/.local/lib/python3.12/site-packages/airflow/example_dags/example_outlet_event_extra.py
[2025-05-19T16:01:52.682+0000] {processor.py:925} INFO - DAG(s) 'dataset_with_extra_by_yield', 'dataset_with_extra_by_context', 'dataset_with_extra_from_classic_operator' retrieved from /home/airflow/.local/lib/python3.12/site-packages/airflow/example_dags/example_outlet_event_extra.py
[2025-05-19T16:01:52.700+0000] {logging_mixin.py:190} INFO - [2025-05-19T16:01:52.700+0000] {dag.py:3239} INFO - Sync 3 DAGs
[2025-05-19T16:01:52.711+0000] {logging_mixin.py:190} INFO - [2025-05-19T16:01:52.711+0000] {dag.py:4180} INFO - Setting next_dagrun for dataset_with_extra_by_context to 2025-05-18 00:00:00+00:00, run_after=2025-05-19 00:00:00+00:00
[2025-05-19T16:01:52.713+0000] {logging_mixin.py:190} INFO - [2025-05-19T16:01:52.713+0000] {dag.py:4180} INFO - Setting next_dagrun for dataset_with_extra_by_yield to 2025-05-18 00:00:00+00:00, run_after=2025-05-19 00:00:00+00:00
[2025-05-19T16:01:52.714+0000] {logging_mixin.py:190} INFO - [2025-05-19T16:01:52.714+0000] {dag.py:4180} INFO - Setting next_dagrun for dataset_with_extra_from_classic_operator to 2025-05-18 00:00:00+00:00, run_after=2025-05-19 00:00:00+00:00
[2025-05-19T16:01:52.723+0000] {processor.py:208} INFO - Processing /home/airflow/.local/lib/python3.12/site-packages/airflow/example_dags/example_outlet_event_extra.py took 0.340 seconds
[2025-05-19T16:02:23.120+0000] {processor.py:186} INFO - Started process (PID=1661) to work on /home/airflow/.local/lib/python3.12/site-packages/airflow/example_dags/example_outlet_event_extra.py
[2025-05-19T16:02:23.122+0000] {processor.py:914} INFO - Processing file /home/airflow/.local/lib/python3.12/site-packages/airflow/example_dags/example_outlet_event_extra.py for tasks to queue
[2025-05-19T16:02:23.123+0000] {logging_mixin.py:190} INFO - [2025-05-19T16:02:23.123+0000] {dagbag.py:588} INFO - Filling up the DagBag from /home/airflow/.local/lib/python3.12/site-packages/airflow/example_dags/example_outlet_event_extra.py
[2025-05-19T16:02:23.415+0000] {processor.py:925} INFO - DAG(s) 'dataset_with_extra_by_context', 'dataset_with_extra_by_yield', 'dataset_with_extra_from_classic_operator' retrieved from /home/airflow/.local/lib/python3.12/site-packages/airflow/example_dags/example_outlet_event_extra.py
[2025-05-19T16:02:23.435+0000] {logging_mixin.py:190} INFO - [2025-05-19T16:02:23.435+0000] {dag.py:3239} INFO - Sync 3 DAGs
[2025-05-19T16:02:23.446+0000] {logging_mixin.py:190} INFO - [2025-05-19T16:02:23.446+0000] {dag.py:4180} INFO - Setting next_dagrun for dataset_with_extra_by_context to 2025-05-18 00:00:00+00:00, run_after=2025-05-19 00:00:00+00:00
[2025-05-19T16:02:23.448+0000] {logging_mixin.py:190} INFO - [2025-05-19T16:02:23.448+0000] {dag.py:4180} INFO - Setting next_dagrun for dataset_with_extra_by_yield to 2025-05-18 00:00:00+00:00, run_after=2025-05-19 00:00:00+00:00
[2025-05-19T16:02:23.449+0000] {logging_mixin.py:190} INFO - [2025-05-19T16:02:23.449+0000] {dag.py:4180} INFO - Setting next_dagrun for dataset_with_extra_from_classic_operator to 2025-05-18 00:00:00+00:00, run_after=2025-05-19 00:00:00+00:00
[2025-05-19T16:02:23.459+0000] {processor.py:208} INFO - Processing /home/airflow/.local/lib/python3.12/site-packages/airflow/example_dags/example_outlet_event_extra.py took 0.344 seconds
[2025-05-19T16:02:54.131+0000] {processor.py:186} INFO - Started process (PID=1718) to work on /home/airflow/.local/lib/python3.12/site-packages/airflow/example_dags/example_outlet_event_extra.py
[2025-05-19T16:02:54.132+0000] {processor.py:914} INFO - Processing file /home/airflow/.local/lib/python3.12/site-packages/airflow/example_dags/example_outlet_event_extra.py for tasks to queue
[2025-05-19T16:02:54.134+0000] {logging_mixin.py:190} INFO - [2025-05-19T16:02:54.133+0000] {dagbag.py:588} INFO - Filling up the DagBag from /home/airflow/.local/lib/python3.12/site-packages/airflow/example_dags/example_outlet_event_extra.py
[2025-05-19T16:02:54.409+0000] {processor.py:925} INFO - DAG(s) 'dataset_with_extra_by_yield', 'dataset_with_extra_by_context', 'dataset_with_extra_from_classic_operator' retrieved from /home/airflow/.local/lib/python3.12/site-packages/airflow/example_dags/example_outlet_event_extra.py
[2025-05-19T16:02:54.425+0000] {logging_mixin.py:190} INFO - [2025-05-19T16:02:54.425+0000] {dag.py:3239} INFO - Sync 3 DAGs
[2025-05-19T16:02:54.440+0000] {logging_mixin.py:190} INFO - [2025-05-19T16:02:54.440+0000] {dag.py:4180} INFO - Setting next_dagrun for dataset_with_extra_by_context to 2025-05-18 00:00:00+00:00, run_after=2025-05-19 00:00:00+00:00
[2025-05-19T16:02:54.442+0000] {logging_mixin.py:190} INFO - [2025-05-19T16:02:54.442+0000] {dag.py:4180} INFO - Setting next_dagrun for dataset_with_extra_by_yield to 2025-05-18 00:00:00+00:00, run_after=2025-05-19 00:00:00+00:00
[2025-05-19T16:02:54.443+0000] {logging_mixin.py:190} INFO - [2025-05-19T16:02:54.443+0000] {dag.py:4180} INFO - Setting next_dagrun for dataset_with_extra_from_classic_operator to 2025-05-18 00:00:00+00:00, run_after=2025-05-19 00:00:00+00:00
[2025-05-19T16:02:54.452+0000] {processor.py:208} INFO - Processing /home/airflow/.local/lib/python3.12/site-packages/airflow/example_dags/example_outlet_event_extra.py took 0.324 seconds
[2025-05-19T16:03:25.115+0000] {processor.py:186} INFO - Started process (PID=1775) to work on /home/airflow/.local/lib/python3.12/site-packages/airflow/example_dags/example_outlet_event_extra.py
[2025-05-19T16:03:25.118+0000] {processor.py:914} INFO - Processing file /home/airflow/.local/lib/python3.12/site-packages/airflow/example_dags/example_outlet_event_extra.py for tasks to queue
[2025-05-19T16:03:25.119+0000] {logging_mixin.py:190} INFO - [2025-05-19T16:03:25.119+0000] {dagbag.py:588} INFO - Filling up the DagBag from /home/airflow/.local/lib/python3.12/site-packages/airflow/example_dags/example_outlet_event_extra.py
[2025-05-19T16:03:25.407+0000] {processor.py:925} INFO - DAG(s) 'dataset_with_extra_by_yield', 'dataset_with_extra_from_classic_operator', 'dataset_with_extra_by_context' retrieved from /home/airflow/.local/lib/python3.12/site-packages/airflow/example_dags/example_outlet_event_extra.py
[2025-05-19T16:03:25.421+0000] {logging_mixin.py:190} INFO - [2025-05-19T16:03:25.421+0000] {dag.py:3239} INFO - Sync 3 DAGs
[2025-05-19T16:03:25.432+0000] {logging_mixin.py:190} INFO - [2025-05-19T16:03:25.432+0000] {dag.py:4180} INFO - Setting next_dagrun for dataset_with_extra_by_context to 2025-05-18 00:00:00+00:00, run_after=2025-05-19 00:00:00+00:00
[2025-05-19T16:03:25.434+0000] {logging_mixin.py:190} INFO - [2025-05-19T16:03:25.434+0000] {dag.py:4180} INFO - Setting next_dagrun for dataset_with_extra_by_yield to 2025-05-18 00:00:00+00:00, run_after=2025-05-19 00:00:00+00:00
[2025-05-19T16:03:25.435+0000] {logging_mixin.py:190} INFO - [2025-05-19T16:03:25.435+0000] {dag.py:4180} INFO - Setting next_dagrun for dataset_with_extra_from_classic_operator to 2025-05-18 00:00:00+00:00, run_after=2025-05-19 00:00:00+00:00
[2025-05-19T16:03:25.445+0000] {processor.py:208} INFO - Processing /home/airflow/.local/lib/python3.12/site-packages/airflow/example_dags/example_outlet_event_extra.py took 0.334 seconds
[2025-05-19T16:03:56.066+0000] {processor.py:186} INFO - Started process (PID=1832) to work on /home/airflow/.local/lib/python3.12/site-packages/airflow/example_dags/example_outlet_event_extra.py
[2025-05-19T16:03:56.066+0000] {processor.py:914} INFO - Processing file /home/airflow/.local/lib/python3.12/site-packages/airflow/example_dags/example_outlet_event_extra.py for tasks to queue
[2025-05-19T16:03:56.068+0000] {logging_mixin.py:190} INFO - [2025-05-19T16:03:56.068+0000] {dagbag.py:588} INFO - Filling up the DagBag from /home/airflow/.local/lib/python3.12/site-packages/airflow/example_dags/example_outlet_event_extra.py
[2025-05-19T16:03:56.367+0000] {processor.py:925} INFO - DAG(s) 'dataset_with_extra_by_yield', 'dataset_with_extra_by_context', 'dataset_with_extra_from_classic_operator' retrieved from /home/airflow/.local/lib/python3.12/site-packages/airflow/example_dags/example_outlet_event_extra.py
[2025-05-19T16:03:56.380+0000] {logging_mixin.py:190} INFO - [2025-05-19T16:03:56.380+0000] {dag.py:3239} INFO - Sync 3 DAGs
[2025-05-19T16:03:56.391+0000] {logging_mixin.py:190} INFO - [2025-05-19T16:03:56.391+0000] {dag.py:4180} INFO - Setting next_dagrun for dataset_with_extra_by_context to 2025-05-18 00:00:00+00:00, run_after=2025-05-19 00:00:00+00:00
[2025-05-19T16:03:56.394+0000] {logging_mixin.py:190} INFO - [2025-05-19T16:03:56.394+0000] {dag.py:4180} INFO - Setting next_dagrun for dataset_with_extra_by_yield to 2025-05-18 00:00:00+00:00, run_after=2025-05-19 00:00:00+00:00
[2025-05-19T16:03:56.395+0000] {logging_mixin.py:190} INFO - [2025-05-19T16:03:56.395+0000] {dag.py:4180} INFO - Setting next_dagrun for dataset_with_extra_from_classic_operator to 2025-05-18 00:00:00+00:00, run_after=2025-05-19 00:00:00+00:00
[2025-05-19T16:03:56.404+0000] {processor.py:208} INFO - Processing /home/airflow/.local/lib/python3.12/site-packages/airflow/example_dags/example_outlet_event_extra.py took 0.341 seconds
[2025-05-19T16:04:26.755+0000] {processor.py:186} INFO - Started process (PID=1889) to work on /home/airflow/.local/lib/python3.12/site-packages/airflow/example_dags/example_outlet_event_extra.py
[2025-05-19T16:04:26.755+0000] {processor.py:914} INFO - Processing file /home/airflow/.local/lib/python3.12/site-packages/airflow/example_dags/example_outlet_event_extra.py for tasks to queue
[2025-05-19T16:04:26.757+0000] {logging_mixin.py:190} INFO - [2025-05-19T16:04:26.757+0000] {dagbag.py:588} INFO - Filling up the DagBag from /home/airflow/.local/lib/python3.12/site-packages/airflow/example_dags/example_outlet_event_extra.py
[2025-05-19T16:04:27.032+0000] {processor.py:925} INFO - DAG(s) 'dataset_with_extra_by_context', 'dataset_with_extra_from_classic_operator', 'dataset_with_extra_by_yield' retrieved from /home/airflow/.local/lib/python3.12/site-packages/airflow/example_dags/example_outlet_event_extra.py
[2025-05-19T16:04:27.047+0000] {logging_mixin.py:190} INFO - [2025-05-19T16:04:27.046+0000] {dag.py:3239} INFO - Sync 3 DAGs
[2025-05-19T16:04:27.061+0000] {logging_mixin.py:190} INFO - [2025-05-19T16:04:27.061+0000] {dag.py:4180} INFO - Setting next_dagrun for dataset_with_extra_by_context to 2025-05-18 00:00:00+00:00, run_after=2025-05-19 00:00:00+00:00
[2025-05-19T16:04:27.065+0000] {logging_mixin.py:190} INFO - [2025-05-19T16:04:27.064+0000] {dag.py:4180} INFO - Setting next_dagrun for dataset_with_extra_by_yield to 2025-05-18 00:00:00+00:00, run_after=2025-05-19 00:00:00+00:00
[2025-05-19T16:04:27.066+0000] {logging_mixin.py:190} INFO - [2025-05-19T16:04:27.066+0000] {dag.py:4180} INFO - Setting next_dagrun for dataset_with_extra_from_classic_operator to 2025-05-18 00:00:00+00:00, run_after=2025-05-19 00:00:00+00:00
[2025-05-19T16:04:27.076+0000] {processor.py:208} INFO - Processing /home/airflow/.local/lib/python3.12/site-packages/airflow/example_dags/example_outlet_event_extra.py took 0.324 seconds
[2025-05-19T16:04:57.374+0000] {processor.py:186} INFO - Started process (PID=1945) to work on /home/airflow/.local/lib/python3.12/site-packages/airflow/example_dags/example_outlet_event_extra.py
[2025-05-19T16:04:57.375+0000] {processor.py:914} INFO - Processing file /home/airflow/.local/lib/python3.12/site-packages/airflow/example_dags/example_outlet_event_extra.py for tasks to queue
[2025-05-19T16:04:57.376+0000] {logging_mixin.py:190} INFO - [2025-05-19T16:04:57.376+0000] {dagbag.py:588} INFO - Filling up the DagBag from /home/airflow/.local/lib/python3.12/site-packages/airflow/example_dags/example_outlet_event_extra.py
[2025-05-19T16:04:57.750+0000] {processor.py:925} INFO - DAG(s) 'dataset_with_extra_by_yield', 'dataset_with_extra_from_classic_operator', 'dataset_with_extra_by_context' retrieved from /home/airflow/.local/lib/python3.12/site-packages/airflow/example_dags/example_outlet_event_extra.py
[2025-05-19T16:04:57.765+0000] {logging_mixin.py:190} INFO - [2025-05-19T16:04:57.765+0000] {dag.py:3239} INFO - Sync 3 DAGs
[2025-05-19T16:04:57.780+0000] {logging_mixin.py:190} INFO - [2025-05-19T16:04:57.780+0000] {dag.py:4180} INFO - Setting next_dagrun for dataset_with_extra_by_context to 2025-05-18 00:00:00+00:00, run_after=2025-05-19 00:00:00+00:00
[2025-05-19T16:04:57.783+0000] {logging_mixin.py:190} INFO - [2025-05-19T16:04:57.782+0000] {dag.py:4180} INFO - Setting next_dagrun for dataset_with_extra_by_yield to 2025-05-18 00:00:00+00:00, run_after=2025-05-19 00:00:00+00:00
[2025-05-19T16:04:57.785+0000] {logging_mixin.py:190} INFO - [2025-05-19T16:04:57.785+0000] {dag.py:4180} INFO - Setting next_dagrun for dataset_with_extra_from_classic_operator to 2025-05-18 00:00:00+00:00, run_after=2025-05-19 00:00:00+00:00
[2025-05-19T16:04:57.803+0000] {processor.py:208} INFO - Processing /home/airflow/.local/lib/python3.12/site-packages/airflow/example_dags/example_outlet_event_extra.py took 0.432 seconds
