[2025-05-19T15:47:55.329+0000] {processor.py:186} INFO - Started process (PID=37) to work on /home/airflow/.local/lib/python3.12/site-packages/airflow/example_dags/example_bash_operator.py
[2025-05-19T15:47:55.333+0000] {processor.py:914} INFO - Processing file /home/airflow/.local/lib/python3.12/site-packages/airflow/example_dags/example_bash_operator.py for tasks to queue
[2025-05-19T15:47:55.334+0000] {logging_mixin.py:190} INFO - [2025-05-19T15:47:55.334+0000] {dagbag.py:588} INFO - Filling up the DagBag from /home/airflow/.local/lib/python3.12/site-packages/airflow/example_dags/example_bash_operator.py
[2025-05-19T15:47:55.346+0000] {processor.py:925} INFO - DAG(s) 'example_bash_operator' retrieved from /home/airflow/.local/lib/python3.12/site-packages/airflow/example_dags/example_bash_operator.py
[2025-05-19T15:47:55.431+0000] {logging_mixin.py:190} INFO - [2025-05-19T15:47:55.430+0000] {override.py:1912} INFO - Created Permission View: can delete on DAG:example_bash_operator
[2025-05-19T15:47:55.437+0000] {logging_mixin.py:190} INFO - [2025-05-19T15:47:55.437+0000] {override.py:1912} INFO - Created Permission View: can read on DAG:example_bash_operator
[2025-05-19T15:47:55.440+0000] {logging_mixin.py:190} INFO - [2025-05-19T15:47:55.440+0000] {override.py:1912} INFO - Created Permission View: can edit on DAG:example_bash_operator
[2025-05-19T15:47:55.444+0000] {logging_mixin.py:190} INFO - [2025-05-19T15:47:55.444+0000] {override.py:1912} INFO - Created Permission View: menu access on DAG Run:example_bash_operator
[2025-05-19T15:47:55.450+0000] {logging_mixin.py:190} INFO - [2025-05-19T15:47:55.449+0000] {override.py:1912} INFO - Created Permission View: can create on DAG Run:example_bash_operator
[2025-05-19T15:47:55.453+0000] {logging_mixin.py:190} INFO - [2025-05-19T15:47:55.453+0000] {override.py:1912} INFO - Created Permission View: can delete on DAG Run:example_bash_operator
[2025-05-19T15:47:55.459+0000] {logging_mixin.py:190} INFO - [2025-05-19T15:47:55.459+0000] {override.py:1912} INFO - Created Permission View: can read on DAG Run:example_bash_operator
[2025-05-19T15:47:55.462+0000] {logging_mixin.py:190} INFO - [2025-05-19T15:47:55.462+0000] {dag.py:3239} INFO - Sync 1 DAGs
[2025-05-19T15:47:55.472+0000] {logging_mixin.py:190} INFO - [2025-05-19T15:47:55.472+0000] {dag.py:3262} INFO - Creating ORM DAG for example_bash_operator
[2025-05-19T15:47:55.481+0000] {logging_mixin.py:190} INFO - [2025-05-19T15:47:55.480+0000] {dag.py:4180} INFO - Setting next_dagrun for example_bash_operator to 2025-05-18 00:00:00+00:00, run_after=2025-05-19 00:00:00+00:00
[2025-05-19T15:47:55.500+0000] {processor.py:208} INFO - Processing /home/airflow/.local/lib/python3.12/site-packages/airflow/example_dags/example_bash_operator.py took 0.175 seconds
[2025-05-19T15:48:26.199+0000] {processor.py:186} INFO - Started process (PID=94) to work on /home/airflow/.local/lib/python3.12/site-packages/airflow/example_dags/example_bash_operator.py
[2025-05-19T15:48:26.202+0000] {processor.py:914} INFO - Processing file /home/airflow/.local/lib/python3.12/site-packages/airflow/example_dags/example_bash_operator.py for tasks to queue
[2025-05-19T15:48:26.204+0000] {logging_mixin.py:190} INFO - [2025-05-19T15:48:26.204+0000] {dagbag.py:588} INFO - Filling up the DagBag from /home/airflow/.local/lib/python3.12/site-packages/airflow/example_dags/example_bash_operator.py
[2025-05-19T15:48:26.213+0000] {processor.py:925} INFO - DAG(s) 'example_bash_operator' retrieved from /home/airflow/.local/lib/python3.12/site-packages/airflow/example_dags/example_bash_operator.py
[2025-05-19T15:48:26.226+0000] {logging_mixin.py:190} INFO - [2025-05-19T15:48:26.226+0000] {dag.py:3239} INFO - Sync 1 DAGs
[2025-05-19T15:48:26.238+0000] {logging_mixin.py:190} INFO - [2025-05-19T15:48:26.238+0000] {dag.py:4180} INFO - Setting next_dagrun for example_bash_operator to 2025-05-18 00:00:00+00:00, run_after=2025-05-19 00:00:00+00:00
[2025-05-19T15:48:26.247+0000] {processor.py:208} INFO - Processing /home/airflow/.local/lib/python3.12/site-packages/airflow/example_dags/example_bash_operator.py took 0.051 seconds
[2025-05-19T15:48:57.134+0000] {processor.py:186} INFO - Started process (PID=151) to work on /home/airflow/.local/lib/python3.12/site-packages/airflow/example_dags/example_bash_operator.py
[2025-05-19T15:48:57.137+0000] {processor.py:914} INFO - Processing file /home/airflow/.local/lib/python3.12/site-packages/airflow/example_dags/example_bash_operator.py for tasks to queue
[2025-05-19T15:48:57.138+0000] {logging_mixin.py:190} INFO - [2025-05-19T15:48:57.138+0000] {dagbag.py:588} INFO - Filling up the DagBag from /home/airflow/.local/lib/python3.12/site-packages/airflow/example_dags/example_bash_operator.py
[2025-05-19T15:48:57.147+0000] {processor.py:925} INFO - DAG(s) 'example_bash_operator' retrieved from /home/airflow/.local/lib/python3.12/site-packages/airflow/example_dags/example_bash_operator.py
[2025-05-19T15:48:57.160+0000] {logging_mixin.py:190} INFO - [2025-05-19T15:48:57.160+0000] {dag.py:3239} INFO - Sync 1 DAGs
[2025-05-19T15:48:57.171+0000] {logging_mixin.py:190} INFO - [2025-05-19T15:48:57.171+0000] {dag.py:4180} INFO - Setting next_dagrun for example_bash_operator to 2025-05-18 00:00:00+00:00, run_after=2025-05-19 00:00:00+00:00
[2025-05-19T15:48:57.179+0000] {processor.py:208} INFO - Processing /home/airflow/.local/lib/python3.12/site-packages/airflow/example_dags/example_bash_operator.py took 0.049 seconds
[2025-05-19T15:49:27.922+0000] {processor.py:186} INFO - Started process (PID=208) to work on /home/airflow/.local/lib/python3.12/site-packages/airflow/example_dags/example_bash_operator.py
[2025-05-19T15:49:27.924+0000] {processor.py:914} INFO - Processing file /home/airflow/.local/lib/python3.12/site-packages/airflow/example_dags/example_bash_operator.py for tasks to queue
[2025-05-19T15:49:27.925+0000] {logging_mixin.py:190} INFO - [2025-05-19T15:49:27.925+0000] {dagbag.py:588} INFO - Filling up the DagBag from /home/airflow/.local/lib/python3.12/site-packages/airflow/example_dags/example_bash_operator.py
[2025-05-19T15:49:27.934+0000] {processor.py:925} INFO - DAG(s) 'example_bash_operator' retrieved from /home/airflow/.local/lib/python3.12/site-packages/airflow/example_dags/example_bash_operator.py
[2025-05-19T15:49:27.949+0000] {logging_mixin.py:190} INFO - [2025-05-19T15:49:27.949+0000] {dag.py:3239} INFO - Sync 1 DAGs
[2025-05-19T15:49:27.960+0000] {logging_mixin.py:190} INFO - [2025-05-19T15:49:27.960+0000] {dag.py:4180} INFO - Setting next_dagrun for example_bash_operator to 2025-05-18 00:00:00+00:00, run_after=2025-05-19 00:00:00+00:00
[2025-05-19T15:49:27.969+0000] {processor.py:208} INFO - Processing /home/airflow/.local/lib/python3.12/site-packages/airflow/example_dags/example_bash_operator.py took 0.050 seconds
[2025-05-19T15:49:58.740+0000] {processor.py:186} INFO - Started process (PID=265) to work on /home/airflow/.local/lib/python3.12/site-packages/airflow/example_dags/example_bash_operator.py
[2025-05-19T15:49:58.741+0000] {processor.py:914} INFO - Processing file /home/airflow/.local/lib/python3.12/site-packages/airflow/example_dags/example_bash_operator.py for tasks to queue
[2025-05-19T15:49:58.742+0000] {logging_mixin.py:190} INFO - [2025-05-19T15:49:58.742+0000] {dagbag.py:588} INFO - Filling up the DagBag from /home/airflow/.local/lib/python3.12/site-packages/airflow/example_dags/example_bash_operator.py
[2025-05-19T15:49:58.749+0000] {processor.py:925} INFO - DAG(s) 'example_bash_operator' retrieved from /home/airflow/.local/lib/python3.12/site-packages/airflow/example_dags/example_bash_operator.py
[2025-05-19T15:49:58.763+0000] {logging_mixin.py:190} INFO - [2025-05-19T15:49:58.763+0000] {dag.py:3239} INFO - Sync 1 DAGs
[2025-05-19T15:49:58.777+0000] {logging_mixin.py:190} INFO - [2025-05-19T15:49:58.777+0000] {dag.py:4180} INFO - Setting next_dagrun for example_bash_operator to 2025-05-18 00:00:00+00:00, run_after=2025-05-19 00:00:00+00:00
[2025-05-19T15:49:58.789+0000] {processor.py:208} INFO - Processing /home/airflow/.local/lib/python3.12/site-packages/airflow/example_dags/example_bash_operator.py took 0.053 seconds
[2025-05-19T15:50:29.568+0000] {processor.py:186} INFO - Started process (PID=322) to work on /home/airflow/.local/lib/python3.12/site-packages/airflow/example_dags/example_bash_operator.py
[2025-05-19T15:50:29.568+0000] {processor.py:914} INFO - Processing file /home/airflow/.local/lib/python3.12/site-packages/airflow/example_dags/example_bash_operator.py for tasks to queue
[2025-05-19T15:50:29.572+0000] {logging_mixin.py:190} INFO - [2025-05-19T15:50:29.572+0000] {dagbag.py:588} INFO - Filling up the DagBag from /home/airflow/.local/lib/python3.12/site-packages/airflow/example_dags/example_bash_operator.py
[2025-05-19T15:50:29.580+0000] {processor.py:925} INFO - DAG(s) 'example_bash_operator' retrieved from /home/airflow/.local/lib/python3.12/site-packages/airflow/example_dags/example_bash_operator.py
[2025-05-19T15:50:29.593+0000] {logging_mixin.py:190} INFO - [2025-05-19T15:50:29.593+0000] {dag.py:3239} INFO - Sync 1 DAGs
[2025-05-19T15:50:29.603+0000] {logging_mixin.py:190} INFO - [2025-05-19T15:50:29.603+0000] {dag.py:4180} INFO - Setting next_dagrun for example_bash_operator to 2025-05-18 00:00:00+00:00, run_after=2025-05-19 00:00:00+00:00
[2025-05-19T15:50:29.612+0000] {processor.py:208} INFO - Processing /home/airflow/.local/lib/python3.12/site-packages/airflow/example_dags/example_bash_operator.py took 0.047 seconds
[2025-05-19T15:51:00.211+0000] {processor.py:186} INFO - Started process (PID=379) to work on /home/airflow/.local/lib/python3.12/site-packages/airflow/example_dags/example_bash_operator.py
[2025-05-19T15:51:00.214+0000] {processor.py:914} INFO - Processing file /home/airflow/.local/lib/python3.12/site-packages/airflow/example_dags/example_bash_operator.py for tasks to queue
[2025-05-19T15:51:00.215+0000] {logging_mixin.py:190} INFO - [2025-05-19T15:51:00.215+0000] {dagbag.py:588} INFO - Filling up the DagBag from /home/airflow/.local/lib/python3.12/site-packages/airflow/example_dags/example_bash_operator.py
[2025-05-19T15:51:00.222+0000] {processor.py:925} INFO - DAG(s) 'example_bash_operator' retrieved from /home/airflow/.local/lib/python3.12/site-packages/airflow/example_dags/example_bash_operator.py
[2025-05-19T15:51:00.234+0000] {logging_mixin.py:190} INFO - [2025-05-19T15:51:00.234+0000] {dag.py:3239} INFO - Sync 1 DAGs
[2025-05-19T15:51:00.246+0000] {logging_mixin.py:190} INFO - [2025-05-19T15:51:00.245+0000] {dag.py:4180} INFO - Setting next_dagrun for example_bash_operator to 2025-05-18 00:00:00+00:00, run_after=2025-05-19 00:00:00+00:00
[2025-05-19T15:51:00.255+0000] {processor.py:208} INFO - Processing /home/airflow/.local/lib/python3.12/site-packages/airflow/example_dags/example_bash_operator.py took 0.047 seconds
[2025-05-19T15:51:30.711+0000] {processor.py:186} INFO - Started process (PID=436) to work on /home/airflow/.local/lib/python3.12/site-packages/airflow/example_dags/example_bash_operator.py
[2025-05-19T15:51:30.712+0000] {processor.py:914} INFO - Processing file /home/airflow/.local/lib/python3.12/site-packages/airflow/example_dags/example_bash_operator.py for tasks to queue
[2025-05-19T15:51:30.713+0000] {logging_mixin.py:190} INFO - [2025-05-19T15:51:30.713+0000] {dagbag.py:588} INFO - Filling up the DagBag from /home/airflow/.local/lib/python3.12/site-packages/airflow/example_dags/example_bash_operator.py
[2025-05-19T15:51:30.720+0000] {processor.py:925} INFO - DAG(s) 'example_bash_operator' retrieved from /home/airflow/.local/lib/python3.12/site-packages/airflow/example_dags/example_bash_operator.py
[2025-05-19T15:51:30.732+0000] {logging_mixin.py:190} INFO - [2025-05-19T15:51:30.732+0000] {dag.py:3239} INFO - Sync 1 DAGs
[2025-05-19T15:51:30.746+0000] {logging_mixin.py:190} INFO - [2025-05-19T15:51:30.746+0000] {dag.py:4180} INFO - Setting next_dagrun for example_bash_operator to 2025-05-18 00:00:00+00:00, run_after=2025-05-19 00:00:00+00:00
[2025-05-19T15:51:30.756+0000] {processor.py:208} INFO - Processing /home/airflow/.local/lib/python3.12/site-packages/airflow/example_dags/example_bash_operator.py took 0.048 seconds
[2025-05-19T15:52:01.406+0000] {processor.py:186} INFO - Started process (PID=493) to work on /home/airflow/.local/lib/python3.12/site-packages/airflow/example_dags/example_bash_operator.py
[2025-05-19T15:52:01.406+0000] {processor.py:914} INFO - Processing file /home/airflow/.local/lib/python3.12/site-packages/airflow/example_dags/example_bash_operator.py for tasks to queue
[2025-05-19T15:52:01.408+0000] {logging_mixin.py:190} INFO - [2025-05-19T15:52:01.408+0000] {dagbag.py:588} INFO - Filling up the DagBag from /home/airflow/.local/lib/python3.12/site-packages/airflow/example_dags/example_bash_operator.py
[2025-05-19T15:52:01.415+0000] {processor.py:925} INFO - DAG(s) 'example_bash_operator' retrieved from /home/airflow/.local/lib/python3.12/site-packages/airflow/example_dags/example_bash_operator.py
[2025-05-19T15:52:01.428+0000] {logging_mixin.py:190} INFO - [2025-05-19T15:52:01.428+0000] {dag.py:3239} INFO - Sync 1 DAGs
[2025-05-19T15:52:01.439+0000] {logging_mixin.py:190} INFO - [2025-05-19T15:52:01.439+0000] {dag.py:4180} INFO - Setting next_dagrun for example_bash_operator to 2025-05-18 00:00:00+00:00, run_after=2025-05-19 00:00:00+00:00
[2025-05-19T15:52:01.448+0000] {processor.py:208} INFO - Processing /home/airflow/.local/lib/python3.12/site-packages/airflow/example_dags/example_bash_operator.py took 0.045 seconds
[2025-05-19T15:52:31.486+0000] {processor.py:186} INFO - Started process (PID=550) to work on /home/airflow/.local/lib/python3.12/site-packages/airflow/example_dags/example_bash_operator.py
[2025-05-19T15:52:31.489+0000] {processor.py:914} INFO - Processing file /home/airflow/.local/lib/python3.12/site-packages/airflow/example_dags/example_bash_operator.py for tasks to queue
[2025-05-19T15:52:31.491+0000] {logging_mixin.py:190} INFO - [2025-05-19T15:52:31.490+0000] {dagbag.py:588} INFO - Filling up the DagBag from /home/airflow/.local/lib/python3.12/site-packages/airflow/example_dags/example_bash_operator.py
[2025-05-19T15:52:31.497+0000] {processor.py:925} INFO - DAG(s) 'example_bash_operator' retrieved from /home/airflow/.local/lib/python3.12/site-packages/airflow/example_dags/example_bash_operator.py
[2025-05-19T15:52:31.509+0000] {logging_mixin.py:190} INFO - [2025-05-19T15:52:31.509+0000] {dag.py:3239} INFO - Sync 1 DAGs
[2025-05-19T15:52:31.521+0000] {logging_mixin.py:190} INFO - [2025-05-19T15:52:31.521+0000] {dag.py:4180} INFO - Setting next_dagrun for example_bash_operator to 2025-05-18 00:00:00+00:00, run_after=2025-05-19 00:00:00+00:00
[2025-05-19T15:52:31.530+0000] {processor.py:208} INFO - Processing /home/airflow/.local/lib/python3.12/site-packages/airflow/example_dags/example_bash_operator.py took 0.046 seconds
[2025-05-19T15:53:02.640+0000] {processor.py:186} INFO - Started process (PID=607) to work on /home/airflow/.local/lib/python3.12/site-packages/airflow/example_dags/example_bash_operator.py
[2025-05-19T15:53:02.643+0000] {processor.py:914} INFO - Processing file /home/airflow/.local/lib/python3.12/site-packages/airflow/example_dags/example_bash_operator.py for tasks to queue
[2025-05-19T15:53:02.645+0000] {logging_mixin.py:190} INFO - [2025-05-19T15:53:02.644+0000] {dagbag.py:588} INFO - Filling up the DagBag from /home/airflow/.local/lib/python3.12/site-packages/airflow/example_dags/example_bash_operator.py
[2025-05-19T15:53:02.664+0000] {processor.py:925} INFO - DAG(s) 'example_bash_operator' retrieved from /home/airflow/.local/lib/python3.12/site-packages/airflow/example_dags/example_bash_operator.py
[2025-05-19T15:53:02.681+0000] {logging_mixin.py:190} INFO - [2025-05-19T15:53:02.681+0000] {dag.py:3239} INFO - Sync 1 DAGs
[2025-05-19T15:53:02.700+0000] {logging_mixin.py:190} INFO - [2025-05-19T15:53:02.699+0000] {dag.py:4180} INFO - Setting next_dagrun for example_bash_operator to 2025-05-18 00:00:00+00:00, run_after=2025-05-19 00:00:00+00:00
[2025-05-19T15:53:02.713+0000] {processor.py:208} INFO - Processing /home/airflow/.local/lib/python3.12/site-packages/airflow/example_dags/example_bash_operator.py took 0.079 seconds
[2025-05-19T15:53:32.897+0000] {processor.py:186} INFO - Started process (PID=664) to work on /home/airflow/.local/lib/python3.12/site-packages/airflow/example_dags/example_bash_operator.py
[2025-05-19T15:53:32.898+0000] {processor.py:914} INFO - Processing file /home/airflow/.local/lib/python3.12/site-packages/airflow/example_dags/example_bash_operator.py for tasks to queue
[2025-05-19T15:53:32.899+0000] {logging_mixin.py:190} INFO - [2025-05-19T15:53:32.899+0000] {dagbag.py:588} INFO - Filling up the DagBag from /home/airflow/.local/lib/python3.12/site-packages/airflow/example_dags/example_bash_operator.py
[2025-05-19T15:53:32.907+0000] {processor.py:925} INFO - DAG(s) 'example_bash_operator' retrieved from /home/airflow/.local/lib/python3.12/site-packages/airflow/example_dags/example_bash_operator.py
[2025-05-19T15:53:32.923+0000] {logging_mixin.py:190} INFO - [2025-05-19T15:53:32.923+0000] {dag.py:3239} INFO - Sync 1 DAGs
[2025-05-19T15:53:32.937+0000] {logging_mixin.py:190} INFO - [2025-05-19T15:53:32.937+0000] {dag.py:4180} INFO - Setting next_dagrun for example_bash_operator to 2025-05-18 00:00:00+00:00, run_after=2025-05-19 00:00:00+00:00
[2025-05-19T15:53:32.948+0000] {processor.py:208} INFO - Processing /home/airflow/.local/lib/python3.12/site-packages/airflow/example_dags/example_bash_operator.py took 0.054 seconds
[2025-05-19T15:54:03.845+0000] {processor.py:186} INFO - Started process (PID=721) to work on /home/airflow/.local/lib/python3.12/site-packages/airflow/example_dags/example_bash_operator.py
[2025-05-19T15:54:03.845+0000] {processor.py:914} INFO - Processing file /home/airflow/.local/lib/python3.12/site-packages/airflow/example_dags/example_bash_operator.py for tasks to queue
[2025-05-19T15:54:03.847+0000] {logging_mixin.py:190} INFO - [2025-05-19T15:54:03.847+0000] {dagbag.py:588} INFO - Filling up the DagBag from /home/airflow/.local/lib/python3.12/site-packages/airflow/example_dags/example_bash_operator.py
[2025-05-19T15:54:03.860+0000] {processor.py:925} INFO - DAG(s) 'example_bash_operator' retrieved from /home/airflow/.local/lib/python3.12/site-packages/airflow/example_dags/example_bash_operator.py
[2025-05-19T15:54:03.878+0000] {logging_mixin.py:190} INFO - [2025-05-19T15:54:03.878+0000] {dag.py:3239} INFO - Sync 1 DAGs
[2025-05-19T15:54:03.891+0000] {logging_mixin.py:190} INFO - [2025-05-19T15:54:03.891+0000] {dag.py:4180} INFO - Setting next_dagrun for example_bash_operator to 2025-05-18 00:00:00+00:00, run_after=2025-05-19 00:00:00+00:00
[2025-05-19T15:54:03.904+0000] {processor.py:208} INFO - Processing /home/airflow/.local/lib/python3.12/site-packages/airflow/example_dags/example_bash_operator.py took 0.063 seconds
[2025-05-19T15:54:34.081+0000] {processor.py:186} INFO - Started process (PID=778) to work on /home/airflow/.local/lib/python3.12/site-packages/airflow/example_dags/example_bash_operator.py
[2025-05-19T15:54:34.081+0000] {processor.py:914} INFO - Processing file /home/airflow/.local/lib/python3.12/site-packages/airflow/example_dags/example_bash_operator.py for tasks to queue
[2025-05-19T15:54:34.083+0000] {logging_mixin.py:190} INFO - [2025-05-19T15:54:34.083+0000] {dagbag.py:588} INFO - Filling up the DagBag from /home/airflow/.local/lib/python3.12/site-packages/airflow/example_dags/example_bash_operator.py
[2025-05-19T15:54:34.093+0000] {processor.py:925} INFO - DAG(s) 'example_bash_operator' retrieved from /home/airflow/.local/lib/python3.12/site-packages/airflow/example_dags/example_bash_operator.py
[2025-05-19T15:54:34.107+0000] {logging_mixin.py:190} INFO - [2025-05-19T15:54:34.107+0000] {dag.py:3239} INFO - Sync 1 DAGs
[2025-05-19T15:54:34.122+0000] {logging_mixin.py:190} INFO - [2025-05-19T15:54:34.122+0000] {dag.py:4180} INFO - Setting next_dagrun for example_bash_operator to 2025-05-18 00:00:00+00:00, run_after=2025-05-19 00:00:00+00:00
[2025-05-19T15:54:34.140+0000] {processor.py:208} INFO - Processing /home/airflow/.local/lib/python3.12/site-packages/airflow/example_dags/example_bash_operator.py took 0.063 seconds
[2025-05-19T15:55:04.566+0000] {processor.py:186} INFO - Started process (PID=835) to work on /home/airflow/.local/lib/python3.12/site-packages/airflow/example_dags/example_bash_operator.py
[2025-05-19T15:55:04.567+0000] {processor.py:914} INFO - Processing file /home/airflow/.local/lib/python3.12/site-packages/airflow/example_dags/example_bash_operator.py for tasks to queue
[2025-05-19T15:55:04.568+0000] {logging_mixin.py:190} INFO - [2025-05-19T15:55:04.568+0000] {dagbag.py:588} INFO - Filling up the DagBag from /home/airflow/.local/lib/python3.12/site-packages/airflow/example_dags/example_bash_operator.py
[2025-05-19T15:55:04.577+0000] {processor.py:925} INFO - DAG(s) 'example_bash_operator' retrieved from /home/airflow/.local/lib/python3.12/site-packages/airflow/example_dags/example_bash_operator.py
[2025-05-19T15:55:04.591+0000] {logging_mixin.py:190} INFO - [2025-05-19T15:55:04.591+0000] {dag.py:3239} INFO - Sync 1 DAGs
[2025-05-19T15:55:04.605+0000] {logging_mixin.py:190} INFO - [2025-05-19T15:55:04.604+0000] {dag.py:4180} INFO - Setting next_dagrun for example_bash_operator to 2025-05-18 00:00:00+00:00, run_after=2025-05-19 00:00:00+00:00
[2025-05-19T15:55:04.615+0000] {processor.py:208} INFO - Processing /home/airflow/.local/lib/python3.12/site-packages/airflow/example_dags/example_bash_operator.py took 0.052 seconds
[2025-05-19T15:55:35.588+0000] {processor.py:186} INFO - Started process (PID=892) to work on /home/airflow/.local/lib/python3.12/site-packages/airflow/example_dags/example_bash_operator.py
[2025-05-19T15:55:35.590+0000] {processor.py:914} INFO - Processing file /home/airflow/.local/lib/python3.12/site-packages/airflow/example_dags/example_bash_operator.py for tasks to queue
[2025-05-19T15:55:35.591+0000] {logging_mixin.py:190} INFO - [2025-05-19T15:55:35.591+0000] {dagbag.py:588} INFO - Filling up the DagBag from /home/airflow/.local/lib/python3.12/site-packages/airflow/example_dags/example_bash_operator.py
[2025-05-19T15:55:35.599+0000] {processor.py:925} INFO - DAG(s) 'example_bash_operator' retrieved from /home/airflow/.local/lib/python3.12/site-packages/airflow/example_dags/example_bash_operator.py
[2025-05-19T15:55:35.613+0000] {logging_mixin.py:190} INFO - [2025-05-19T15:55:35.613+0000] {dag.py:3239} INFO - Sync 1 DAGs
[2025-05-19T15:55:35.627+0000] {logging_mixin.py:190} INFO - [2025-05-19T15:55:35.626+0000] {dag.py:4180} INFO - Setting next_dagrun for example_bash_operator to 2025-05-18 00:00:00+00:00, run_after=2025-05-19 00:00:00+00:00
[2025-05-19T15:55:35.639+0000] {processor.py:208} INFO - Processing /home/airflow/.local/lib/python3.12/site-packages/airflow/example_dags/example_bash_operator.py took 0.054 seconds
[2025-05-19T15:56:06.565+0000] {processor.py:186} INFO - Started process (PID=949) to work on /home/airflow/.local/lib/python3.12/site-packages/airflow/example_dags/example_bash_operator.py
[2025-05-19T15:56:06.566+0000] {processor.py:914} INFO - Processing file /home/airflow/.local/lib/python3.12/site-packages/airflow/example_dags/example_bash_operator.py for tasks to queue
[2025-05-19T15:56:06.569+0000] {logging_mixin.py:190} INFO - [2025-05-19T15:56:06.569+0000] {dagbag.py:588} INFO - Filling up the DagBag from /home/airflow/.local/lib/python3.12/site-packages/airflow/example_dags/example_bash_operator.py
[2025-05-19T15:56:06.578+0000] {processor.py:925} INFO - DAG(s) 'example_bash_operator' retrieved from /home/airflow/.local/lib/python3.12/site-packages/airflow/example_dags/example_bash_operator.py
[2025-05-19T15:56:06.592+0000] {logging_mixin.py:190} INFO - [2025-05-19T15:56:06.591+0000] {dag.py:3239} INFO - Sync 1 DAGs
[2025-05-19T15:56:06.604+0000] {logging_mixin.py:190} INFO - [2025-05-19T15:56:06.604+0000] {dag.py:4180} INFO - Setting next_dagrun for example_bash_operator to 2025-05-18 00:00:00+00:00, run_after=2025-05-19 00:00:00+00:00
[2025-05-19T15:56:06.613+0000] {processor.py:208} INFO - Processing /home/airflow/.local/lib/python3.12/site-packages/airflow/example_dags/example_bash_operator.py took 0.061 seconds
[2025-05-19T15:56:37.631+0000] {processor.py:186} INFO - Started process (PID=1006) to work on /home/airflow/.local/lib/python3.12/site-packages/airflow/example_dags/example_bash_operator.py
[2025-05-19T15:56:37.632+0000] {processor.py:914} INFO - Processing file /home/airflow/.local/lib/python3.12/site-packages/airflow/example_dags/example_bash_operator.py for tasks to queue
[2025-05-19T15:56:37.635+0000] {logging_mixin.py:190} INFO - [2025-05-19T15:56:37.635+0000] {dagbag.py:588} INFO - Filling up the DagBag from /home/airflow/.local/lib/python3.12/site-packages/airflow/example_dags/example_bash_operator.py
[2025-05-19T15:56:37.644+0000] {processor.py:925} INFO - DAG(s) 'example_bash_operator' retrieved from /home/airflow/.local/lib/python3.12/site-packages/airflow/example_dags/example_bash_operator.py
[2025-05-19T15:56:37.661+0000] {logging_mixin.py:190} INFO - [2025-05-19T15:56:37.661+0000] {dag.py:3239} INFO - Sync 1 DAGs
[2025-05-19T15:56:37.675+0000] {logging_mixin.py:190} INFO - [2025-05-19T15:56:37.675+0000] {dag.py:4180} INFO - Setting next_dagrun for example_bash_operator to 2025-05-18 00:00:00+00:00, run_after=2025-05-19 00:00:00+00:00
[2025-05-19T15:56:37.686+0000] {processor.py:208} INFO - Processing /home/airflow/.local/lib/python3.12/site-packages/airflow/example_dags/example_bash_operator.py took 0.059 seconds
[2025-05-19T15:57:08.556+0000] {processor.py:186} INFO - Started process (PID=1063) to work on /home/airflow/.local/lib/python3.12/site-packages/airflow/example_dags/example_bash_operator.py
[2025-05-19T15:57:08.557+0000] {processor.py:914} INFO - Processing file /home/airflow/.local/lib/python3.12/site-packages/airflow/example_dags/example_bash_operator.py for tasks to queue
[2025-05-19T15:57:08.559+0000] {logging_mixin.py:190} INFO - [2025-05-19T15:57:08.559+0000] {dagbag.py:588} INFO - Filling up the DagBag from /home/airflow/.local/lib/python3.12/site-packages/airflow/example_dags/example_bash_operator.py
[2025-05-19T15:57:08.570+0000] {processor.py:925} INFO - DAG(s) 'example_bash_operator' retrieved from /home/airflow/.local/lib/python3.12/site-packages/airflow/example_dags/example_bash_operator.py
[2025-05-19T15:57:08.583+0000] {logging_mixin.py:190} INFO - [2025-05-19T15:57:08.583+0000] {dag.py:3239} INFO - Sync 1 DAGs
[2025-05-19T15:57:08.595+0000] {logging_mixin.py:190} INFO - [2025-05-19T15:57:08.595+0000] {dag.py:4180} INFO - Setting next_dagrun for example_bash_operator to 2025-05-18 00:00:00+00:00, run_after=2025-05-19 00:00:00+00:00
[2025-05-19T15:57:08.604+0000] {processor.py:208} INFO - Processing /home/airflow/.local/lib/python3.12/site-packages/airflow/example_dags/example_bash_operator.py took 0.051 seconds
[2025-05-19T15:57:39.500+0000] {processor.py:186} INFO - Started process (PID=1120) to work on /home/airflow/.local/lib/python3.12/site-packages/airflow/example_dags/example_bash_operator.py
[2025-05-19T15:57:39.501+0000] {processor.py:914} INFO - Processing file /home/airflow/.local/lib/python3.12/site-packages/airflow/example_dags/example_bash_operator.py for tasks to queue
[2025-05-19T15:57:39.502+0000] {logging_mixin.py:190} INFO - [2025-05-19T15:57:39.502+0000] {dagbag.py:588} INFO - Filling up the DagBag from /home/airflow/.local/lib/python3.12/site-packages/airflow/example_dags/example_bash_operator.py
[2025-05-19T15:57:39.509+0000] {processor.py:925} INFO - DAG(s) 'example_bash_operator' retrieved from /home/airflow/.local/lib/python3.12/site-packages/airflow/example_dags/example_bash_operator.py
[2025-05-19T15:57:39.523+0000] {logging_mixin.py:190} INFO - [2025-05-19T15:57:39.523+0000] {dag.py:3239} INFO - Sync 1 DAGs
[2025-05-19T15:57:39.535+0000] {logging_mixin.py:190} INFO - [2025-05-19T15:57:39.535+0000] {dag.py:4180} INFO - Setting next_dagrun for example_bash_operator to 2025-05-18 00:00:00+00:00, run_after=2025-05-19 00:00:00+00:00
[2025-05-19T15:57:39.546+0000] {processor.py:208} INFO - Processing /home/airflow/.local/lib/python3.12/site-packages/airflow/example_dags/example_bash_operator.py took 0.049 seconds
[2025-05-19T15:58:10.416+0000] {processor.py:186} INFO - Started process (PID=1177) to work on /home/airflow/.local/lib/python3.12/site-packages/airflow/example_dags/example_bash_operator.py
[2025-05-19T15:58:10.417+0000] {processor.py:914} INFO - Processing file /home/airflow/.local/lib/python3.12/site-packages/airflow/example_dags/example_bash_operator.py for tasks to queue
[2025-05-19T15:58:10.419+0000] {logging_mixin.py:190} INFO - [2025-05-19T15:58:10.418+0000] {dagbag.py:588} INFO - Filling up the DagBag from /home/airflow/.local/lib/python3.12/site-packages/airflow/example_dags/example_bash_operator.py
[2025-05-19T15:58:10.427+0000] {processor.py:925} INFO - DAG(s) 'example_bash_operator' retrieved from /home/airflow/.local/lib/python3.12/site-packages/airflow/example_dags/example_bash_operator.py
[2025-05-19T15:58:10.441+0000] {logging_mixin.py:190} INFO - [2025-05-19T15:58:10.441+0000] {dag.py:3239} INFO - Sync 1 DAGs
[2025-05-19T15:58:10.455+0000] {logging_mixin.py:190} INFO - [2025-05-19T15:58:10.455+0000] {dag.py:4180} INFO - Setting next_dagrun for example_bash_operator to 2025-05-18 00:00:00+00:00, run_after=2025-05-19 00:00:00+00:00
[2025-05-19T15:58:10.467+0000] {processor.py:208} INFO - Processing /home/airflow/.local/lib/python3.12/site-packages/airflow/example_dags/example_bash_operator.py took 0.055 seconds
[2025-05-19T15:58:41.306+0000] {processor.py:186} INFO - Started process (PID=1234) to work on /home/airflow/.local/lib/python3.12/site-packages/airflow/example_dags/example_bash_operator.py
[2025-05-19T15:58:41.307+0000] {processor.py:914} INFO - Processing file /home/airflow/.local/lib/python3.12/site-packages/airflow/example_dags/example_bash_operator.py for tasks to queue
[2025-05-19T15:58:41.308+0000] {logging_mixin.py:190} INFO - [2025-05-19T15:58:41.308+0000] {dagbag.py:588} INFO - Filling up the DagBag from /home/airflow/.local/lib/python3.12/site-packages/airflow/example_dags/example_bash_operator.py
[2025-05-19T15:58:41.316+0000] {processor.py:925} INFO - DAG(s) 'example_bash_operator' retrieved from /home/airflow/.local/lib/python3.12/site-packages/airflow/example_dags/example_bash_operator.py
[2025-05-19T15:58:41.329+0000] {logging_mixin.py:190} INFO - [2025-05-19T15:58:41.329+0000] {dag.py:3239} INFO - Sync 1 DAGs
[2025-05-19T15:58:41.340+0000] {logging_mixin.py:190} INFO - [2025-05-19T15:58:41.340+0000] {dag.py:4180} INFO - Setting next_dagrun for example_bash_operator to 2025-05-18 00:00:00+00:00, run_after=2025-05-19 00:00:00+00:00
[2025-05-19T15:58:41.349+0000] {processor.py:208} INFO - Processing /home/airflow/.local/lib/python3.12/site-packages/airflow/example_dags/example_bash_operator.py took 0.046 seconds
[2025-05-19T15:59:12.113+0000] {processor.py:186} INFO - Started process (PID=1291) to work on /home/airflow/.local/lib/python3.12/site-packages/airflow/example_dags/example_bash_operator.py
[2025-05-19T15:59:12.114+0000] {processor.py:914} INFO - Processing file /home/airflow/.local/lib/python3.12/site-packages/airflow/example_dags/example_bash_operator.py for tasks to queue
[2025-05-19T15:59:12.115+0000] {logging_mixin.py:190} INFO - [2025-05-19T15:59:12.115+0000] {dagbag.py:588} INFO - Filling up the DagBag from /home/airflow/.local/lib/python3.12/site-packages/airflow/example_dags/example_bash_operator.py
[2025-05-19T15:59:12.129+0000] {processor.py:925} INFO - DAG(s) 'example_bash_operator' retrieved from /home/airflow/.local/lib/python3.12/site-packages/airflow/example_dags/example_bash_operator.py
[2025-05-19T15:59:12.143+0000] {logging_mixin.py:190} INFO - [2025-05-19T15:59:12.143+0000] {dag.py:3239} INFO - Sync 1 DAGs
[2025-05-19T15:59:12.155+0000] {logging_mixin.py:190} INFO - [2025-05-19T15:59:12.155+0000] {dag.py:4180} INFO - Setting next_dagrun for example_bash_operator to 2025-05-18 00:00:00+00:00, run_after=2025-05-19 00:00:00+00:00
[2025-05-19T15:59:12.163+0000] {processor.py:208} INFO - Processing /home/airflow/.local/lib/python3.12/site-packages/airflow/example_dags/example_bash_operator.py took 0.053 seconds
[2025-05-19T15:59:43.129+0000] {processor.py:186} INFO - Started process (PID=1348) to work on /home/airflow/.local/lib/python3.12/site-packages/airflow/example_dags/example_bash_operator.py
[2025-05-19T15:59:43.131+0000] {processor.py:914} INFO - Processing file /home/airflow/.local/lib/python3.12/site-packages/airflow/example_dags/example_bash_operator.py for tasks to queue
[2025-05-19T15:59:43.136+0000] {logging_mixin.py:190} INFO - [2025-05-19T15:59:43.136+0000] {dagbag.py:588} INFO - Filling up the DagBag from /home/airflow/.local/lib/python3.12/site-packages/airflow/example_dags/example_bash_operator.py
[2025-05-19T15:59:43.145+0000] {processor.py:925} INFO - DAG(s) 'example_bash_operator' retrieved from /home/airflow/.local/lib/python3.12/site-packages/airflow/example_dags/example_bash_operator.py
[2025-05-19T15:59:43.164+0000] {logging_mixin.py:190} INFO - [2025-05-19T15:59:43.164+0000] {dag.py:3239} INFO - Sync 1 DAGs
[2025-05-19T15:59:43.184+0000] {logging_mixin.py:190} INFO - [2025-05-19T15:59:43.184+0000] {dag.py:4180} INFO - Setting next_dagrun for example_bash_operator to 2025-05-18 00:00:00+00:00, run_after=2025-05-19 00:00:00+00:00
[2025-05-19T15:59:43.197+0000] {processor.py:208} INFO - Processing /home/airflow/.local/lib/python3.12/site-packages/airflow/example_dags/example_bash_operator.py took 0.073 seconds
[2025-05-19T16:00:14.172+0000] {processor.py:186} INFO - Started process (PID=1405) to work on /home/airflow/.local/lib/python3.12/site-packages/airflow/example_dags/example_bash_operator.py
[2025-05-19T16:00:14.176+0000] {processor.py:914} INFO - Processing file /home/airflow/.local/lib/python3.12/site-packages/airflow/example_dags/example_bash_operator.py for tasks to queue
[2025-05-19T16:00:14.177+0000] {logging_mixin.py:190} INFO - [2025-05-19T16:00:14.177+0000] {dagbag.py:588} INFO - Filling up the DagBag from /home/airflow/.local/lib/python3.12/site-packages/airflow/example_dags/example_bash_operator.py
[2025-05-19T16:00:14.184+0000] {processor.py:925} INFO - DAG(s) 'example_bash_operator' retrieved from /home/airflow/.local/lib/python3.12/site-packages/airflow/example_dags/example_bash_operator.py
[2025-05-19T16:00:14.202+0000] {logging_mixin.py:190} INFO - [2025-05-19T16:00:14.201+0000] {dag.py:3239} INFO - Sync 1 DAGs
[2025-05-19T16:00:14.215+0000] {logging_mixin.py:190} INFO - [2025-05-19T16:00:14.215+0000] {dag.py:4180} INFO - Setting next_dagrun for example_bash_operator to 2025-05-18 00:00:00+00:00, run_after=2025-05-19 00:00:00+00:00
[2025-05-19T16:00:14.225+0000] {processor.py:208} INFO - Processing /home/airflow/.local/lib/python3.12/site-packages/airflow/example_dags/example_bash_operator.py took 0.056 seconds
[2025-05-19T16:00:45.195+0000] {processor.py:186} INFO - Started process (PID=1462) to work on /home/airflow/.local/lib/python3.12/site-packages/airflow/example_dags/example_bash_operator.py
[2025-05-19T16:00:45.196+0000] {processor.py:914} INFO - Processing file /home/airflow/.local/lib/python3.12/site-packages/airflow/example_dags/example_bash_operator.py for tasks to queue
[2025-05-19T16:00:45.198+0000] {logging_mixin.py:190} INFO - [2025-05-19T16:00:45.197+0000] {dagbag.py:588} INFO - Filling up the DagBag from /home/airflow/.local/lib/python3.12/site-packages/airflow/example_dags/example_bash_operator.py
[2025-05-19T16:00:45.206+0000] {processor.py:925} INFO - DAG(s) 'example_bash_operator' retrieved from /home/airflow/.local/lib/python3.12/site-packages/airflow/example_dags/example_bash_operator.py
[2025-05-19T16:00:45.220+0000] {logging_mixin.py:190} INFO - [2025-05-19T16:00:45.220+0000] {dag.py:3239} INFO - Sync 1 DAGs
[2025-05-19T16:00:45.235+0000] {logging_mixin.py:190} INFO - [2025-05-19T16:00:45.235+0000] {dag.py:4180} INFO - Setting next_dagrun for example_bash_operator to 2025-05-18 00:00:00+00:00, run_after=2025-05-19 00:00:00+00:00
[2025-05-19T16:00:45.247+0000] {processor.py:208} INFO - Processing /home/airflow/.local/lib/python3.12/site-packages/airflow/example_dags/example_bash_operator.py took 0.056 seconds
[2025-05-19T16:01:15.272+0000] {processor.py:186} INFO - Started process (PID=1519) to work on /home/airflow/.local/lib/python3.12/site-packages/airflow/example_dags/example_bash_operator.py
[2025-05-19T16:01:15.273+0000] {processor.py:914} INFO - Processing file /home/airflow/.local/lib/python3.12/site-packages/airflow/example_dags/example_bash_operator.py for tasks to queue
[2025-05-19T16:01:15.275+0000] {logging_mixin.py:190} INFO - [2025-05-19T16:01:15.275+0000] {dagbag.py:588} INFO - Filling up the DagBag from /home/airflow/.local/lib/python3.12/site-packages/airflow/example_dags/example_bash_operator.py
[2025-05-19T16:01:15.281+0000] {processor.py:925} INFO - DAG(s) 'example_bash_operator' retrieved from /home/airflow/.local/lib/python3.12/site-packages/airflow/example_dags/example_bash_operator.py
[2025-05-19T16:01:15.295+0000] {logging_mixin.py:190} INFO - [2025-05-19T16:01:15.295+0000] {dag.py:3239} INFO - Sync 1 DAGs
[2025-05-19T16:01:15.307+0000] {logging_mixin.py:190} INFO - [2025-05-19T16:01:15.307+0000] {dag.py:4180} INFO - Setting next_dagrun for example_bash_operator to 2025-05-18 00:00:00+00:00, run_after=2025-05-19 00:00:00+00:00
[2025-05-19T16:01:15.315+0000] {processor.py:208} INFO - Processing /home/airflow/.local/lib/python3.12/site-packages/airflow/example_dags/example_bash_operator.py took 0.046 seconds
[2025-05-19T16:01:46.209+0000] {processor.py:186} INFO - Started process (PID=1576) to work on /home/airflow/.local/lib/python3.12/site-packages/airflow/example_dags/example_bash_operator.py
[2025-05-19T16:01:46.209+0000] {processor.py:914} INFO - Processing file /home/airflow/.local/lib/python3.12/site-packages/airflow/example_dags/example_bash_operator.py for tasks to queue
[2025-05-19T16:01:46.211+0000] {logging_mixin.py:190} INFO - [2025-05-19T16:01:46.211+0000] {dagbag.py:588} INFO - Filling up the DagBag from /home/airflow/.local/lib/python3.12/site-packages/airflow/example_dags/example_bash_operator.py
[2025-05-19T16:01:46.219+0000] {processor.py:925} INFO - DAG(s) 'example_bash_operator' retrieved from /home/airflow/.local/lib/python3.12/site-packages/airflow/example_dags/example_bash_operator.py
[2025-05-19T16:01:46.233+0000] {logging_mixin.py:190} INFO - [2025-05-19T16:01:46.233+0000] {dag.py:3239} INFO - Sync 1 DAGs
[2025-05-19T16:01:46.245+0000] {logging_mixin.py:190} INFO - [2025-05-19T16:01:46.245+0000] {dag.py:4180} INFO - Setting next_dagrun for example_bash_operator to 2025-05-18 00:00:00+00:00, run_after=2025-05-19 00:00:00+00:00
[2025-05-19T16:01:46.254+0000] {processor.py:208} INFO - Processing /home/airflow/.local/lib/python3.12/site-packages/airflow/example_dags/example_bash_operator.py took 0.049 seconds
[2025-05-19T16:02:16.902+0000] {processor.py:186} INFO - Started process (PID=1633) to work on /home/airflow/.local/lib/python3.12/site-packages/airflow/example_dags/example_bash_operator.py
[2025-05-19T16:02:16.905+0000] {processor.py:914} INFO - Processing file /home/airflow/.local/lib/python3.12/site-packages/airflow/example_dags/example_bash_operator.py for tasks to queue
[2025-05-19T16:02:16.907+0000] {logging_mixin.py:190} INFO - [2025-05-19T16:02:16.907+0000] {dagbag.py:588} INFO - Filling up the DagBag from /home/airflow/.local/lib/python3.12/site-packages/airflow/example_dags/example_bash_operator.py
[2025-05-19T16:02:16.914+0000] {processor.py:925} INFO - DAG(s) 'example_bash_operator' retrieved from /home/airflow/.local/lib/python3.12/site-packages/airflow/example_dags/example_bash_operator.py
[2025-05-19T16:02:16.931+0000] {logging_mixin.py:190} INFO - [2025-05-19T16:02:16.931+0000] {dag.py:3239} INFO - Sync 1 DAGs
[2025-05-19T16:02:16.945+0000] {logging_mixin.py:190} INFO - [2025-05-19T16:02:16.945+0000] {dag.py:4180} INFO - Setting next_dagrun for example_bash_operator to 2025-05-18 00:00:00+00:00, run_after=2025-05-19 00:00:00+00:00
[2025-05-19T16:02:16.956+0000] {processor.py:208} INFO - Processing /home/airflow/.local/lib/python3.12/site-packages/airflow/example_dags/example_bash_operator.py took 0.057 seconds
[2025-05-19T16:02:47.807+0000] {processor.py:186} INFO - Started process (PID=1690) to work on /home/airflow/.local/lib/python3.12/site-packages/airflow/example_dags/example_bash_operator.py
[2025-05-19T16:02:47.808+0000] {processor.py:914} INFO - Processing file /home/airflow/.local/lib/python3.12/site-packages/airflow/example_dags/example_bash_operator.py for tasks to queue
[2025-05-19T16:02:47.809+0000] {logging_mixin.py:190} INFO - [2025-05-19T16:02:47.809+0000] {dagbag.py:588} INFO - Filling up the DagBag from /home/airflow/.local/lib/python3.12/site-packages/airflow/example_dags/example_bash_operator.py
[2025-05-19T16:02:47.818+0000] {processor.py:925} INFO - DAG(s) 'example_bash_operator' retrieved from /home/airflow/.local/lib/python3.12/site-packages/airflow/example_dags/example_bash_operator.py
[2025-05-19T16:02:47.835+0000] {logging_mixin.py:190} INFO - [2025-05-19T16:02:47.835+0000] {dag.py:3239} INFO - Sync 1 DAGs
[2025-05-19T16:02:47.848+0000] {logging_mixin.py:190} INFO - [2025-05-19T16:02:47.848+0000] {dag.py:4180} INFO - Setting next_dagrun for example_bash_operator to 2025-05-18 00:00:00+00:00, run_after=2025-05-19 00:00:00+00:00
[2025-05-19T16:02:47.857+0000] {processor.py:208} INFO - Processing /home/airflow/.local/lib/python3.12/site-packages/airflow/example_dags/example_bash_operator.py took 0.055 seconds
[2025-05-19T16:03:18.892+0000] {processor.py:186} INFO - Started process (PID=1747) to work on /home/airflow/.local/lib/python3.12/site-packages/airflow/example_dags/example_bash_operator.py
[2025-05-19T16:03:18.892+0000] {processor.py:914} INFO - Processing file /home/airflow/.local/lib/python3.12/site-packages/airflow/example_dags/example_bash_operator.py for tasks to queue
[2025-05-19T16:03:18.894+0000] {logging_mixin.py:190} INFO - [2025-05-19T16:03:18.893+0000] {dagbag.py:588} INFO - Filling up the DagBag from /home/airflow/.local/lib/python3.12/site-packages/airflow/example_dags/example_bash_operator.py
[2025-05-19T16:03:18.900+0000] {processor.py:925} INFO - DAG(s) 'example_bash_operator' retrieved from /home/airflow/.local/lib/python3.12/site-packages/airflow/example_dags/example_bash_operator.py
[2025-05-19T16:03:18.913+0000] {logging_mixin.py:190} INFO - [2025-05-19T16:03:18.913+0000] {dag.py:3239} INFO - Sync 1 DAGs
[2025-05-19T16:03:18.927+0000] {logging_mixin.py:190} INFO - [2025-05-19T16:03:18.927+0000] {dag.py:4180} INFO - Setting next_dagrun for example_bash_operator to 2025-05-18 00:00:00+00:00, run_after=2025-05-19 00:00:00+00:00
[2025-05-19T16:03:18.935+0000] {processor.py:208} INFO - Processing /home/airflow/.local/lib/python3.12/site-packages/airflow/example_dags/example_bash_operator.py took 0.048 seconds
[2025-05-19T16:03:49.679+0000] {processor.py:186} INFO - Started process (PID=1804) to work on /home/airflow/.local/lib/python3.12/site-packages/airflow/example_dags/example_bash_operator.py
[2025-05-19T16:03:49.682+0000] {processor.py:914} INFO - Processing file /home/airflow/.local/lib/python3.12/site-packages/airflow/example_dags/example_bash_operator.py for tasks to queue
[2025-05-19T16:03:49.683+0000] {logging_mixin.py:190} INFO - [2025-05-19T16:03:49.683+0000] {dagbag.py:588} INFO - Filling up the DagBag from /home/airflow/.local/lib/python3.12/site-packages/airflow/example_dags/example_bash_operator.py
[2025-05-19T16:03:49.693+0000] {processor.py:925} INFO - DAG(s) 'example_bash_operator' retrieved from /home/airflow/.local/lib/python3.12/site-packages/airflow/example_dags/example_bash_operator.py
[2025-05-19T16:03:49.711+0000] {logging_mixin.py:190} INFO - [2025-05-19T16:03:49.711+0000] {dag.py:3239} INFO - Sync 1 DAGs
[2025-05-19T16:03:49.727+0000] {logging_mixin.py:190} INFO - [2025-05-19T16:03:49.726+0000] {dag.py:4180} INFO - Setting next_dagrun for example_bash_operator to 2025-05-18 00:00:00+00:00, run_after=2025-05-19 00:00:00+00:00
[2025-05-19T16:03:49.740+0000] {processor.py:208} INFO - Processing /home/airflow/.local/lib/python3.12/site-packages/airflow/example_dags/example_bash_operator.py took 0.065 seconds
[2025-05-19T16:04:20.599+0000] {processor.py:186} INFO - Started process (PID=1861) to work on /home/airflow/.local/lib/python3.12/site-packages/airflow/example_dags/example_bash_operator.py
[2025-05-19T16:04:20.600+0000] {processor.py:914} INFO - Processing file /home/airflow/.local/lib/python3.12/site-packages/airflow/example_dags/example_bash_operator.py for tasks to queue
[2025-05-19T16:04:20.601+0000] {logging_mixin.py:190} INFO - [2025-05-19T16:04:20.601+0000] {dagbag.py:588} INFO - Filling up the DagBag from /home/airflow/.local/lib/python3.12/site-packages/airflow/example_dags/example_bash_operator.py
[2025-05-19T16:04:20.608+0000] {processor.py:925} INFO - DAG(s) 'example_bash_operator' retrieved from /home/airflow/.local/lib/python3.12/site-packages/airflow/example_dags/example_bash_operator.py
[2025-05-19T16:04:20.621+0000] {logging_mixin.py:190} INFO - [2025-05-19T16:04:20.621+0000] {dag.py:3239} INFO - Sync 1 DAGs
[2025-05-19T16:04:20.633+0000] {logging_mixin.py:190} INFO - [2025-05-19T16:04:20.633+0000] {dag.py:4180} INFO - Setting next_dagrun for example_bash_operator to 2025-05-18 00:00:00+00:00, run_after=2025-05-19 00:00:00+00:00
[2025-05-19T16:04:20.642+0000] {processor.py:208} INFO - Processing /home/airflow/.local/lib/python3.12/site-packages/airflow/example_dags/example_bash_operator.py took 0.047 seconds
[2025-05-19T16:04:51.243+0000] {processor.py:186} INFO - Started process (PID=1918) to work on /home/airflow/.local/lib/python3.12/site-packages/airflow/example_dags/example_bash_operator.py
[2025-05-19T16:04:51.246+0000] {processor.py:914} INFO - Processing file /home/airflow/.local/lib/python3.12/site-packages/airflow/example_dags/example_bash_operator.py for tasks to queue
[2025-05-19T16:04:51.247+0000] {logging_mixin.py:190} INFO - [2025-05-19T16:04:51.247+0000] {dagbag.py:588} INFO - Filling up the DagBag from /home/airflow/.local/lib/python3.12/site-packages/airflow/example_dags/example_bash_operator.py
[2025-05-19T16:04:51.255+0000] {processor.py:925} INFO - DAG(s) 'example_bash_operator' retrieved from /home/airflow/.local/lib/python3.12/site-packages/airflow/example_dags/example_bash_operator.py
[2025-05-19T16:04:51.267+0000] {logging_mixin.py:190} INFO - [2025-05-19T16:04:51.267+0000] {dag.py:3239} INFO - Sync 1 DAGs
[2025-05-19T16:04:51.280+0000] {logging_mixin.py:190} INFO - [2025-05-19T16:04:51.280+0000] {dag.py:4180} INFO - Setting next_dagrun for example_bash_operator to 2025-05-18 00:00:00+00:00, run_after=2025-05-19 00:00:00+00:00
[2025-05-19T16:04:51.290+0000] {processor.py:208} INFO - Processing /home/airflow/.local/lib/python3.12/site-packages/airflow/example_dags/example_bash_operator.py took 0.050 seconds
