[2025-05-19T15:47:57.449+0000] {processor.py:186} INFO - Started process (PID=54) to work on /home/airflow/.local/lib/python3.12/site-packages/airflow/example_dags/example_branch_operator.py
[2025-05-19T15:47:57.449+0000] {processor.py:914} INFO - Processing file /home/airflow/.local/lib/python3.12/site-packages/airflow/example_dags/example_branch_operator.py for tasks to queue
[2025-05-19T15:47:57.452+0000] {logging_mixin.py:190} INFO - [2025-05-19T15:47:57.452+0000] {dagbag.py:588} INFO - Filling up the DagBag from /home/airflow/.local/lib/python3.12/site-packages/airflow/example_dags/example_branch_operator.py
[2025-05-19T15:47:57.469+0000] {processor.py:925} INFO - DAG(s) 'example_branch_operator' retrieved from /home/airflow/.local/lib/python3.12/site-packages/airflow/example_dags/example_branch_operator.py
[2025-05-19T15:47:57.533+0000] {logging_mixin.py:190} INFO - [2025-05-19T15:47:57.533+0000] {override.py:1912} INFO - Created Permission View: can delete on DAG:example_branch_operator
[2025-05-19T15:47:57.538+0000] {logging_mixin.py:190} INFO - [2025-05-19T15:47:57.537+0000] {override.py:1912} INFO - Created Permission View: can read on DAG:example_branch_operator
[2025-05-19T15:47:57.540+0000] {logging_mixin.py:190} INFO - [2025-05-19T15:47:57.540+0000] {override.py:1912} INFO - Created Permission View: can edit on DAG:example_branch_operator
[2025-05-19T15:47:57.545+0000] {logging_mixin.py:190} INFO - [2025-05-19T15:47:57.544+0000] {override.py:1912} INFO - Created Permission View: menu access on DAG Run:example_branch_operator
[2025-05-19T15:47:57.548+0000] {logging_mixin.py:190} INFO - [2025-05-19T15:47:57.548+0000] {override.py:1912} INFO - Created Permission View: can create on DAG Run:example_branch_operator
[2025-05-19T15:47:57.552+0000] {logging_mixin.py:190} INFO - [2025-05-19T15:47:57.552+0000] {override.py:1912} INFO - Created Permission View: can delete on DAG Run:example_branch_operator
[2025-05-19T15:47:57.555+0000] {logging_mixin.py:190} INFO - [2025-05-19T15:47:57.555+0000] {override.py:1912} INFO - Created Permission View: can read on DAG Run:example_branch_operator
[2025-05-19T15:47:57.555+0000] {logging_mixin.py:190} INFO - [2025-05-19T15:47:57.555+0000] {dag.py:3239} INFO - Sync 1 DAGs
[2025-05-19T15:47:57.565+0000] {logging_mixin.py:190} INFO - [2025-05-19T15:47:57.565+0000] {dag.py:3262} INFO - Creating ORM DAG for example_branch_operator
[2025-05-19T15:47:57.572+0000] {logging_mixin.py:190} INFO - [2025-05-19T15:47:57.572+0000] {dag.py:4180} INFO - Setting next_dagrun for example_branch_operator to 2025-05-18 00:00:00+00:00, run_after=2025-05-19 00:00:00+00:00
[2025-05-19T15:47:57.583+0000] {processor.py:208} INFO - Processing /home/airflow/.local/lib/python3.12/site-packages/airflow/example_dags/example_branch_operator.py took 0.139 seconds
[2025-05-19T15:48:27.660+0000] {processor.py:186} INFO - Started process (PID=110) to work on /home/airflow/.local/lib/python3.12/site-packages/airflow/example_dags/example_branch_operator.py
[2025-05-19T15:48:27.661+0000] {processor.py:914} INFO - Processing file /home/airflow/.local/lib/python3.12/site-packages/airflow/example_dags/example_branch_operator.py for tasks to queue
[2025-05-19T15:48:27.662+0000] {logging_mixin.py:190} INFO - [2025-05-19T15:48:27.662+0000] {dagbag.py:588} INFO - Filling up the DagBag from /home/airflow/.local/lib/python3.12/site-packages/airflow/example_dags/example_branch_operator.py
[2025-05-19T15:48:27.672+0000] {processor.py:925} INFO - DAG(s) 'example_branch_operator' retrieved from /home/airflow/.local/lib/python3.12/site-packages/airflow/example_dags/example_branch_operator.py
[2025-05-19T15:48:27.688+0000] {logging_mixin.py:190} INFO - [2025-05-19T15:48:27.688+0000] {dag.py:3239} INFO - Sync 1 DAGs
[2025-05-19T15:48:27.700+0000] {logging_mixin.py:190} INFO - [2025-05-19T15:48:27.700+0000] {dag.py:4180} INFO - Setting next_dagrun for example_branch_operator to 2025-05-18 00:00:00+00:00, run_after=2025-05-19 00:00:00+00:00
[2025-05-19T15:48:27.709+0000] {processor.py:208} INFO - Processing /home/airflow/.local/lib/python3.12/site-packages/airflow/example_dags/example_branch_operator.py took 0.052 seconds
[2025-05-19T15:48:58.836+0000] {processor.py:186} INFO - Started process (PID=168) to work on /home/airflow/.local/lib/python3.12/site-packages/airflow/example_dags/example_branch_operator.py
[2025-05-19T15:48:58.837+0000] {processor.py:914} INFO - Processing file /home/airflow/.local/lib/python3.12/site-packages/airflow/example_dags/example_branch_operator.py for tasks to queue
[2025-05-19T15:48:58.838+0000] {logging_mixin.py:190} INFO - [2025-05-19T15:48:58.838+0000] {dagbag.py:588} INFO - Filling up the DagBag from /home/airflow/.local/lib/python3.12/site-packages/airflow/example_dags/example_branch_operator.py
[2025-05-19T15:48:58.848+0000] {processor.py:925} INFO - DAG(s) 'example_branch_operator' retrieved from /home/airflow/.local/lib/python3.12/site-packages/airflow/example_dags/example_branch_operator.py
[2025-05-19T15:48:58.862+0000] {logging_mixin.py:190} INFO - [2025-05-19T15:48:58.862+0000] {dag.py:3239} INFO - Sync 1 DAGs
[2025-05-19T15:48:58.873+0000] {logging_mixin.py:190} INFO - [2025-05-19T15:48:58.873+0000] {dag.py:4180} INFO - Setting next_dagrun for example_branch_operator to 2025-05-18 00:00:00+00:00, run_after=2025-05-19 00:00:00+00:00
[2025-05-19T15:48:58.881+0000] {processor.py:208} INFO - Processing /home/airflow/.local/lib/python3.12/site-packages/airflow/example_dags/example_branch_operator.py took 0.048 seconds
[2025-05-19T15:49:29.572+0000] {processor.py:186} INFO - Started process (PID=225) to work on /home/airflow/.local/lib/python3.12/site-packages/airflow/example_dags/example_branch_operator.py
[2025-05-19T15:49:29.572+0000] {processor.py:914} INFO - Processing file /home/airflow/.local/lib/python3.12/site-packages/airflow/example_dags/example_branch_operator.py for tasks to queue
[2025-05-19T15:49:29.576+0000] {logging_mixin.py:190} INFO - [2025-05-19T15:49:29.576+0000] {dagbag.py:588} INFO - Filling up the DagBag from /home/airflow/.local/lib/python3.12/site-packages/airflow/example_dags/example_branch_operator.py
[2025-05-19T15:49:29.584+0000] {processor.py:925} INFO - DAG(s) 'example_branch_operator' retrieved from /home/airflow/.local/lib/python3.12/site-packages/airflow/example_dags/example_branch_operator.py
[2025-05-19T15:49:29.598+0000] {logging_mixin.py:190} INFO - [2025-05-19T15:49:29.598+0000] {dag.py:3239} INFO - Sync 1 DAGs
[2025-05-19T15:49:29.611+0000] {logging_mixin.py:190} INFO - [2025-05-19T15:49:29.611+0000] {dag.py:4180} INFO - Setting next_dagrun for example_branch_operator to 2025-05-18 00:00:00+00:00, run_after=2025-05-19 00:00:00+00:00
[2025-05-19T15:49:29.620+0000] {processor.py:208} INFO - Processing /home/airflow/.local/lib/python3.12/site-packages/airflow/example_dags/example_branch_operator.py took 0.052 seconds
[2025-05-19T15:50:00.510+0000] {processor.py:186} INFO - Started process (PID=282) to work on /home/airflow/.local/lib/python3.12/site-packages/airflow/example_dags/example_branch_operator.py
[2025-05-19T15:50:00.512+0000] {processor.py:914} INFO - Processing file /home/airflow/.local/lib/python3.12/site-packages/airflow/example_dags/example_branch_operator.py for tasks to queue
[2025-05-19T15:50:00.513+0000] {logging_mixin.py:190} INFO - [2025-05-19T15:50:00.513+0000] {dagbag.py:588} INFO - Filling up the DagBag from /home/airflow/.local/lib/python3.12/site-packages/airflow/example_dags/example_branch_operator.py
[2025-05-19T15:50:00.523+0000] {processor.py:925} INFO - DAG(s) 'example_branch_operator' retrieved from /home/airflow/.local/lib/python3.12/site-packages/airflow/example_dags/example_branch_operator.py
[2025-05-19T15:50:00.537+0000] {logging_mixin.py:190} INFO - [2025-05-19T15:50:00.537+0000] {dag.py:3239} INFO - Sync 1 DAGs
[2025-05-19T15:50:00.547+0000] {logging_mixin.py:190} INFO - [2025-05-19T15:50:00.547+0000] {dag.py:4180} INFO - Setting next_dagrun for example_branch_operator to 2025-05-18 00:00:00+00:00, run_after=2025-05-19 00:00:00+00:00
[2025-05-19T15:50:00.555+0000] {processor.py:208} INFO - Processing /home/airflow/.local/lib/python3.12/site-packages/airflow/example_dags/example_branch_operator.py took 0.049 seconds
[2025-05-19T15:50:31.209+0000] {processor.py:186} INFO - Started process (PID=339) to work on /home/airflow/.local/lib/python3.12/site-packages/airflow/example_dags/example_branch_operator.py
[2025-05-19T15:50:31.210+0000] {processor.py:914} INFO - Processing file /home/airflow/.local/lib/python3.12/site-packages/airflow/example_dags/example_branch_operator.py for tasks to queue
[2025-05-19T15:50:31.211+0000] {logging_mixin.py:190} INFO - [2025-05-19T15:50:31.211+0000] {dagbag.py:588} INFO - Filling up the DagBag from /home/airflow/.local/lib/python3.12/site-packages/airflow/example_dags/example_branch_operator.py
[2025-05-19T15:50:31.220+0000] {processor.py:925} INFO - DAG(s) 'example_branch_operator' retrieved from /home/airflow/.local/lib/python3.12/site-packages/airflow/example_dags/example_branch_operator.py
[2025-05-19T15:50:31.235+0000] {logging_mixin.py:190} INFO - [2025-05-19T15:50:31.235+0000] {dag.py:3239} INFO - Sync 1 DAGs
[2025-05-19T15:50:31.246+0000] {logging_mixin.py:190} INFO - [2025-05-19T15:50:31.246+0000] {dag.py:4180} INFO - Setting next_dagrun for example_branch_operator to 2025-05-18 00:00:00+00:00, run_after=2025-05-19 00:00:00+00:00
[2025-05-19T15:50:31.256+0000] {processor.py:208} INFO - Processing /home/airflow/.local/lib/python3.12/site-packages/airflow/example_dags/example_branch_operator.py took 0.050 seconds
[2025-05-19T15:51:01.873+0000] {processor.py:186} INFO - Started process (PID=396) to work on /home/airflow/.local/lib/python3.12/site-packages/airflow/example_dags/example_branch_operator.py
[2025-05-19T15:51:01.873+0000] {processor.py:914} INFO - Processing file /home/airflow/.local/lib/python3.12/site-packages/airflow/example_dags/example_branch_operator.py for tasks to queue
[2025-05-19T15:51:01.875+0000] {logging_mixin.py:190} INFO - [2025-05-19T15:51:01.875+0000] {dagbag.py:588} INFO - Filling up the DagBag from /home/airflow/.local/lib/python3.12/site-packages/airflow/example_dags/example_branch_operator.py
[2025-05-19T15:51:01.883+0000] {processor.py:925} INFO - DAG(s) 'example_branch_operator' retrieved from /home/airflow/.local/lib/python3.12/site-packages/airflow/example_dags/example_branch_operator.py
[2025-05-19T15:51:01.896+0000] {logging_mixin.py:190} INFO - [2025-05-19T15:51:01.896+0000] {dag.py:3239} INFO - Sync 1 DAGs
[2025-05-19T15:51:01.907+0000] {logging_mixin.py:190} INFO - [2025-05-19T15:51:01.907+0000] {dag.py:4180} INFO - Setting next_dagrun for example_branch_operator to 2025-05-18 00:00:00+00:00, run_after=2025-05-19 00:00:00+00:00
[2025-05-19T15:51:01.915+0000] {processor.py:208} INFO - Processing /home/airflow/.local/lib/python3.12/site-packages/airflow/example_dags/example_branch_operator.py took 0.045 seconds
[2025-05-19T15:51:32.410+0000] {processor.py:186} INFO - Started process (PID=453) to work on /home/airflow/.local/lib/python3.12/site-packages/airflow/example_dags/example_branch_operator.py
[2025-05-19T15:51:32.411+0000] {processor.py:914} INFO - Processing file /home/airflow/.local/lib/python3.12/site-packages/airflow/example_dags/example_branch_operator.py for tasks to queue
[2025-05-19T15:51:32.412+0000] {logging_mixin.py:190} INFO - [2025-05-19T15:51:32.412+0000] {dagbag.py:588} INFO - Filling up the DagBag from /home/airflow/.local/lib/python3.12/site-packages/airflow/example_dags/example_branch_operator.py
[2025-05-19T15:51:32.421+0000] {processor.py:925} INFO - DAG(s) 'example_branch_operator' retrieved from /home/airflow/.local/lib/python3.12/site-packages/airflow/example_dags/example_branch_operator.py
[2025-05-19T15:51:32.434+0000] {logging_mixin.py:190} INFO - [2025-05-19T15:51:32.434+0000] {dag.py:3239} INFO - Sync 1 DAGs
[2025-05-19T15:51:32.445+0000] {logging_mixin.py:190} INFO - [2025-05-19T15:51:32.444+0000] {dag.py:4180} INFO - Setting next_dagrun for example_branch_operator to 2025-05-18 00:00:00+00:00, run_after=2025-05-19 00:00:00+00:00
[2025-05-19T15:51:32.452+0000] {processor.py:208} INFO - Processing /home/airflow/.local/lib/python3.12/site-packages/airflow/example_dags/example_branch_operator.py took 0.046 seconds
[2025-05-19T15:52:03.140+0000] {processor.py:186} INFO - Started process (PID=510) to work on /home/airflow/.local/lib/python3.12/site-packages/airflow/example_dags/example_branch_operator.py
[2025-05-19T15:52:03.143+0000] {processor.py:914} INFO - Processing file /home/airflow/.local/lib/python3.12/site-packages/airflow/example_dags/example_branch_operator.py for tasks to queue
[2025-05-19T15:52:03.144+0000] {logging_mixin.py:190} INFO - [2025-05-19T15:52:03.144+0000] {dagbag.py:588} INFO - Filling up the DagBag from /home/airflow/.local/lib/python3.12/site-packages/airflow/example_dags/example_branch_operator.py
[2025-05-19T15:52:03.153+0000] {processor.py:925} INFO - DAG(s) 'example_branch_operator' retrieved from /home/airflow/.local/lib/python3.12/site-packages/airflow/example_dags/example_branch_operator.py
[2025-05-19T15:52:03.167+0000] {logging_mixin.py:190} INFO - [2025-05-19T15:52:03.167+0000] {dag.py:3239} INFO - Sync 1 DAGs
[2025-05-19T15:52:03.183+0000] {logging_mixin.py:190} INFO - [2025-05-19T15:52:03.183+0000] {dag.py:4180} INFO - Setting next_dagrun for example_branch_operator to 2025-05-18 00:00:00+00:00, run_after=2025-05-19 00:00:00+00:00
[2025-05-19T15:52:03.193+0000] {processor.py:208} INFO - Processing /home/airflow/.local/lib/python3.12/site-packages/airflow/example_dags/example_branch_operator.py took 0.056 seconds
[2025-05-19T15:52:34.173+0000] {processor.py:186} INFO - Started process (PID=567) to work on /home/airflow/.local/lib/python3.12/site-packages/airflow/example_dags/example_branch_operator.py
[2025-05-19T15:52:34.174+0000] {processor.py:914} INFO - Processing file /home/airflow/.local/lib/python3.12/site-packages/airflow/example_dags/example_branch_operator.py for tasks to queue
[2025-05-19T15:52:34.175+0000] {logging_mixin.py:190} INFO - [2025-05-19T15:52:34.175+0000] {dagbag.py:588} INFO - Filling up the DagBag from /home/airflow/.local/lib/python3.12/site-packages/airflow/example_dags/example_branch_operator.py
[2025-05-19T15:52:34.185+0000] {processor.py:925} INFO - DAG(s) 'example_branch_operator' retrieved from /home/airflow/.local/lib/python3.12/site-packages/airflow/example_dags/example_branch_operator.py
[2025-05-19T15:52:34.200+0000] {logging_mixin.py:190} INFO - [2025-05-19T15:52:34.200+0000] {dag.py:3239} INFO - Sync 1 DAGs
[2025-05-19T15:52:34.215+0000] {logging_mixin.py:190} INFO - [2025-05-19T15:52:34.215+0000] {dag.py:4180} INFO - Setting next_dagrun for example_branch_operator to 2025-05-18 00:00:00+00:00, run_after=2025-05-19 00:00:00+00:00
[2025-05-19T15:52:34.224+0000] {processor.py:208} INFO - Processing /home/airflow/.local/lib/python3.12/site-packages/airflow/example_dags/example_branch_operator.py took 0.054 seconds
[2025-05-19T15:53:04.273+0000] {processor.py:186} INFO - Started process (PID=623) to work on /home/airflow/.local/lib/python3.12/site-packages/airflow/example_dags/example_branch_operator.py
[2025-05-19T15:53:04.273+0000] {processor.py:914} INFO - Processing file /home/airflow/.local/lib/python3.12/site-packages/airflow/example_dags/example_branch_operator.py for tasks to queue
[2025-05-19T15:53:04.274+0000] {logging_mixin.py:190} INFO - [2025-05-19T15:53:04.274+0000] {dagbag.py:588} INFO - Filling up the DagBag from /home/airflow/.local/lib/python3.12/site-packages/airflow/example_dags/example_branch_operator.py
[2025-05-19T15:53:04.283+0000] {processor.py:925} INFO - DAG(s) 'example_branch_operator' retrieved from /home/airflow/.local/lib/python3.12/site-packages/airflow/example_dags/example_branch_operator.py
[2025-05-19T15:53:04.297+0000] {logging_mixin.py:190} INFO - [2025-05-19T15:53:04.297+0000] {dag.py:3239} INFO - Sync 1 DAGs
[2025-05-19T15:53:04.307+0000] {logging_mixin.py:190} INFO - [2025-05-19T15:53:04.307+0000] {dag.py:4180} INFO - Setting next_dagrun for example_branch_operator to 2025-05-18 00:00:00+00:00, run_after=2025-05-19 00:00:00+00:00
[2025-05-19T15:53:04.315+0000] {processor.py:208} INFO - Processing /home/airflow/.local/lib/python3.12/site-packages/airflow/example_dags/example_branch_operator.py took 0.046 seconds
[2025-05-19T15:53:34.348+0000] {processor.py:186} INFO - Started process (PID=680) to work on /home/airflow/.local/lib/python3.12/site-packages/airflow/example_dags/example_branch_operator.py
[2025-05-19T15:53:34.349+0000] {processor.py:914} INFO - Processing file /home/airflow/.local/lib/python3.12/site-packages/airflow/example_dags/example_branch_operator.py for tasks to queue
[2025-05-19T15:53:34.350+0000] {logging_mixin.py:190} INFO - [2025-05-19T15:53:34.350+0000] {dagbag.py:588} INFO - Filling up the DagBag from /home/airflow/.local/lib/python3.12/site-packages/airflow/example_dags/example_branch_operator.py
[2025-05-19T15:53:34.358+0000] {processor.py:925} INFO - DAG(s) 'example_branch_operator' retrieved from /home/airflow/.local/lib/python3.12/site-packages/airflow/example_dags/example_branch_operator.py
[2025-05-19T15:53:34.374+0000] {logging_mixin.py:190} INFO - [2025-05-19T15:53:34.374+0000] {dag.py:3239} INFO - Sync 1 DAGs
[2025-05-19T15:53:34.385+0000] {logging_mixin.py:190} INFO - [2025-05-19T15:53:34.385+0000] {dag.py:4180} INFO - Setting next_dagrun for example_branch_operator to 2025-05-18 00:00:00+00:00, run_after=2025-05-19 00:00:00+00:00
[2025-05-19T15:53:34.393+0000] {processor.py:208} INFO - Processing /home/airflow/.local/lib/python3.12/site-packages/airflow/example_dags/example_branch_operator.py took 0.048 seconds
[2025-05-19T15:54:04.559+0000] {processor.py:186} INFO - Started process (PID=737) to work on /home/airflow/.local/lib/python3.12/site-packages/airflow/example_dags/example_branch_operator.py
[2025-05-19T15:54:04.561+0000] {processor.py:914} INFO - Processing file /home/airflow/.local/lib/python3.12/site-packages/airflow/example_dags/example_branch_operator.py for tasks to queue
[2025-05-19T15:54:04.562+0000] {logging_mixin.py:190} INFO - [2025-05-19T15:54:04.562+0000] {dagbag.py:588} INFO - Filling up the DagBag from /home/airflow/.local/lib/python3.12/site-packages/airflow/example_dags/example_branch_operator.py
[2025-05-19T15:54:04.571+0000] {processor.py:925} INFO - DAG(s) 'example_branch_operator' retrieved from /home/airflow/.local/lib/python3.12/site-packages/airflow/example_dags/example_branch_operator.py
[2025-05-19T15:54:04.584+0000] {logging_mixin.py:190} INFO - [2025-05-19T15:54:04.584+0000] {dag.py:3239} INFO - Sync 1 DAGs
[2025-05-19T15:54:04.595+0000] {logging_mixin.py:190} INFO - [2025-05-19T15:54:04.595+0000] {dag.py:4180} INFO - Setting next_dagrun for example_branch_operator to 2025-05-18 00:00:00+00:00, run_after=2025-05-19 00:00:00+00:00
[2025-05-19T15:54:04.603+0000] {processor.py:208} INFO - Processing /home/airflow/.local/lib/python3.12/site-packages/airflow/example_dags/example_branch_operator.py took 0.048 seconds
[2025-05-19T15:54:34.793+0000] {processor.py:186} INFO - Started process (PID=794) to work on /home/airflow/.local/lib/python3.12/site-packages/airflow/example_dags/example_branch_operator.py
[2025-05-19T15:54:34.794+0000] {processor.py:914} INFO - Processing file /home/airflow/.local/lib/python3.12/site-packages/airflow/example_dags/example_branch_operator.py for tasks to queue
[2025-05-19T15:54:34.796+0000] {logging_mixin.py:190} INFO - [2025-05-19T15:54:34.796+0000] {dagbag.py:588} INFO - Filling up the DagBag from /home/airflow/.local/lib/python3.12/site-packages/airflow/example_dags/example_branch_operator.py
[2025-05-19T15:54:34.807+0000] {processor.py:925} INFO - DAG(s) 'example_branch_operator' retrieved from /home/airflow/.local/lib/python3.12/site-packages/airflow/example_dags/example_branch_operator.py
[2025-05-19T15:54:34.822+0000] {logging_mixin.py:190} INFO - [2025-05-19T15:54:34.821+0000] {dag.py:3239} INFO - Sync 1 DAGs
[2025-05-19T15:54:34.835+0000] {logging_mixin.py:190} INFO - [2025-05-19T15:54:34.835+0000] {dag.py:4180} INFO - Setting next_dagrun for example_branch_operator to 2025-05-18 00:00:00+00:00, run_after=2025-05-19 00:00:00+00:00
[2025-05-19T15:54:34.843+0000] {processor.py:208} INFO - Processing /home/airflow/.local/lib/python3.12/site-packages/airflow/example_dags/example_branch_operator.py took 0.054 seconds
[2025-05-19T15:55:05.187+0000] {processor.py:186} INFO - Started process (PID=851) to work on /home/airflow/.local/lib/python3.12/site-packages/airflow/example_dags/example_branch_operator.py
[2025-05-19T15:55:05.187+0000] {processor.py:914} INFO - Processing file /home/airflow/.local/lib/python3.12/site-packages/airflow/example_dags/example_branch_operator.py for tasks to queue
[2025-05-19T15:55:05.189+0000] {logging_mixin.py:190} INFO - [2025-05-19T15:55:05.188+0000] {dagbag.py:588} INFO - Filling up the DagBag from /home/airflow/.local/lib/python3.12/site-packages/airflow/example_dags/example_branch_operator.py
[2025-05-19T15:55:05.197+0000] {processor.py:925} INFO - DAG(s) 'example_branch_operator' retrieved from /home/airflow/.local/lib/python3.12/site-packages/airflow/example_dags/example_branch_operator.py
[2025-05-19T15:55:05.210+0000] {logging_mixin.py:190} INFO - [2025-05-19T15:55:05.210+0000] {dag.py:3239} INFO - Sync 1 DAGs
[2025-05-19T15:55:05.222+0000] {logging_mixin.py:190} INFO - [2025-05-19T15:55:05.222+0000] {dag.py:4180} INFO - Setting next_dagrun for example_branch_operator to 2025-05-18 00:00:00+00:00, run_after=2025-05-19 00:00:00+00:00
[2025-05-19T15:55:05.229+0000] {processor.py:208} INFO - Processing /home/airflow/.local/lib/python3.12/site-packages/airflow/example_dags/example_branch_operator.py took 0.046 seconds
[2025-05-19T15:55:36.171+0000] {processor.py:186} INFO - Started process (PID=908) to work on /home/airflow/.local/lib/python3.12/site-packages/airflow/example_dags/example_branch_operator.py
[2025-05-19T15:55:36.173+0000] {processor.py:914} INFO - Processing file /home/airflow/.local/lib/python3.12/site-packages/airflow/example_dags/example_branch_operator.py for tasks to queue
[2025-05-19T15:55:36.174+0000] {logging_mixin.py:190} INFO - [2025-05-19T15:55:36.174+0000] {dagbag.py:588} INFO - Filling up the DagBag from /home/airflow/.local/lib/python3.12/site-packages/airflow/example_dags/example_branch_operator.py
[2025-05-19T15:55:36.182+0000] {processor.py:925} INFO - DAG(s) 'example_branch_operator' retrieved from /home/airflow/.local/lib/python3.12/site-packages/airflow/example_dags/example_branch_operator.py
[2025-05-19T15:55:36.195+0000] {logging_mixin.py:190} INFO - [2025-05-19T15:55:36.195+0000] {dag.py:3239} INFO - Sync 1 DAGs
[2025-05-19T15:55:36.206+0000] {logging_mixin.py:190} INFO - [2025-05-19T15:55:36.206+0000] {dag.py:4180} INFO - Setting next_dagrun for example_branch_operator to 2025-05-18 00:00:00+00:00, run_after=2025-05-19 00:00:00+00:00
[2025-05-19T15:55:36.214+0000] {processor.py:208} INFO - Processing /home/airflow/.local/lib/python3.12/site-packages/airflow/example_dags/example_branch_operator.py took 0.046 seconds
[2025-05-19T15:56:07.106+0000] {processor.py:186} INFO - Started process (PID=965) to work on /home/airflow/.local/lib/python3.12/site-packages/airflow/example_dags/example_branch_operator.py
[2025-05-19T15:56:07.107+0000] {processor.py:914} INFO - Processing file /home/airflow/.local/lib/python3.12/site-packages/airflow/example_dags/example_branch_operator.py for tasks to queue
[2025-05-19T15:56:07.108+0000] {logging_mixin.py:190} INFO - [2025-05-19T15:56:07.108+0000] {dagbag.py:588} INFO - Filling up the DagBag from /home/airflow/.local/lib/python3.12/site-packages/airflow/example_dags/example_branch_operator.py
[2025-05-19T15:56:07.116+0000] {processor.py:925} INFO - DAG(s) 'example_branch_operator' retrieved from /home/airflow/.local/lib/python3.12/site-packages/airflow/example_dags/example_branch_operator.py
[2025-05-19T15:56:07.129+0000] {logging_mixin.py:190} INFO - [2025-05-19T15:56:07.129+0000] {dag.py:3239} INFO - Sync 1 DAGs
[2025-05-19T15:56:07.139+0000] {logging_mixin.py:190} INFO - [2025-05-19T15:56:07.139+0000] {dag.py:4180} INFO - Setting next_dagrun for example_branch_operator to 2025-05-18 00:00:00+00:00, run_after=2025-05-19 00:00:00+00:00
[2025-05-19T15:56:07.146+0000] {processor.py:208} INFO - Processing /home/airflow/.local/lib/python3.12/site-packages/airflow/example_dags/example_branch_operator.py took 0.043 seconds
[2025-05-19T15:56:38.136+0000] {processor.py:186} INFO - Started process (PID=1022) to work on /home/airflow/.local/lib/python3.12/site-packages/airflow/example_dags/example_branch_operator.py
[2025-05-19T15:56:38.136+0000] {processor.py:914} INFO - Processing file /home/airflow/.local/lib/python3.12/site-packages/airflow/example_dags/example_branch_operator.py for tasks to queue
[2025-05-19T15:56:38.138+0000] {logging_mixin.py:190} INFO - [2025-05-19T15:56:38.138+0000] {dagbag.py:588} INFO - Filling up the DagBag from /home/airflow/.local/lib/python3.12/site-packages/airflow/example_dags/example_branch_operator.py
[2025-05-19T15:56:38.147+0000] {processor.py:925} INFO - DAG(s) 'example_branch_operator' retrieved from /home/airflow/.local/lib/python3.12/site-packages/airflow/example_dags/example_branch_operator.py
[2025-05-19T15:56:38.166+0000] {logging_mixin.py:190} INFO - [2025-05-19T15:56:38.166+0000] {dag.py:3239} INFO - Sync 1 DAGs
[2025-05-19T15:56:38.178+0000] {logging_mixin.py:190} INFO - [2025-05-19T15:56:38.177+0000] {dag.py:4180} INFO - Setting next_dagrun for example_branch_operator to 2025-05-18 00:00:00+00:00, run_after=2025-05-19 00:00:00+00:00
[2025-05-19T15:56:38.187+0000] {processor.py:208} INFO - Processing /home/airflow/.local/lib/python3.12/site-packages/airflow/example_dags/example_branch_operator.py took 0.055 seconds
[2025-05-19T15:57:09.056+0000] {processor.py:186} INFO - Started process (PID=1079) to work on /home/airflow/.local/lib/python3.12/site-packages/airflow/example_dags/example_branch_operator.py
[2025-05-19T15:57:09.058+0000] {processor.py:914} INFO - Processing file /home/airflow/.local/lib/python3.12/site-packages/airflow/example_dags/example_branch_operator.py for tasks to queue
[2025-05-19T15:57:09.059+0000] {logging_mixin.py:190} INFO - [2025-05-19T15:57:09.059+0000] {dagbag.py:588} INFO - Filling up the DagBag from /home/airflow/.local/lib/python3.12/site-packages/airflow/example_dags/example_branch_operator.py
[2025-05-19T15:57:09.068+0000] {processor.py:925} INFO - DAG(s) 'example_branch_operator' retrieved from /home/airflow/.local/lib/python3.12/site-packages/airflow/example_dags/example_branch_operator.py
[2025-05-19T15:57:09.081+0000] {logging_mixin.py:190} INFO - [2025-05-19T15:57:09.081+0000] {dag.py:3239} INFO - Sync 1 DAGs
[2025-05-19T15:57:09.094+0000] {logging_mixin.py:190} INFO - [2025-05-19T15:57:09.093+0000] {dag.py:4180} INFO - Setting next_dagrun for example_branch_operator to 2025-05-18 00:00:00+00:00, run_after=2025-05-19 00:00:00+00:00
[2025-05-19T15:57:09.102+0000] {processor.py:208} INFO - Processing /home/airflow/.local/lib/python3.12/site-packages/airflow/example_dags/example_branch_operator.py took 0.049 seconds
[2025-05-19T15:57:40.039+0000] {processor.py:186} INFO - Started process (PID=1136) to work on /home/airflow/.local/lib/python3.12/site-packages/airflow/example_dags/example_branch_operator.py
[2025-05-19T15:57:40.039+0000] {processor.py:914} INFO - Processing file /home/airflow/.local/lib/python3.12/site-packages/airflow/example_dags/example_branch_operator.py for tasks to queue
[2025-05-19T15:57:40.041+0000] {logging_mixin.py:190} INFO - [2025-05-19T15:57:40.041+0000] {dagbag.py:588} INFO - Filling up the DagBag from /home/airflow/.local/lib/python3.12/site-packages/airflow/example_dags/example_branch_operator.py
[2025-05-19T15:57:40.050+0000] {processor.py:925} INFO - DAG(s) 'example_branch_operator' retrieved from /home/airflow/.local/lib/python3.12/site-packages/airflow/example_dags/example_branch_operator.py
[2025-05-19T15:57:40.063+0000] {logging_mixin.py:190} INFO - [2025-05-19T15:57:40.063+0000] {dag.py:3239} INFO - Sync 1 DAGs
[2025-05-19T15:57:40.074+0000] {logging_mixin.py:190} INFO - [2025-05-19T15:57:40.074+0000] {dag.py:4180} INFO - Setting next_dagrun for example_branch_operator to 2025-05-18 00:00:00+00:00, run_after=2025-05-19 00:00:00+00:00
[2025-05-19T15:57:40.082+0000] {processor.py:208} INFO - Processing /home/airflow/.local/lib/python3.12/site-packages/airflow/example_dags/example_branch_operator.py took 0.047 seconds
[2025-05-19T15:58:10.883+0000] {processor.py:186} INFO - Started process (PID=1193) to work on /home/airflow/.local/lib/python3.12/site-packages/airflow/example_dags/example_branch_operator.py
[2025-05-19T15:58:10.884+0000] {processor.py:914} INFO - Processing file /home/airflow/.local/lib/python3.12/site-packages/airflow/example_dags/example_branch_operator.py for tasks to queue
[2025-05-19T15:58:10.885+0000] {logging_mixin.py:190} INFO - [2025-05-19T15:58:10.885+0000] {dagbag.py:588} INFO - Filling up the DagBag from /home/airflow/.local/lib/python3.12/site-packages/airflow/example_dags/example_branch_operator.py
[2025-05-19T15:58:10.896+0000] {processor.py:925} INFO - DAG(s) 'example_branch_operator' retrieved from /home/airflow/.local/lib/python3.12/site-packages/airflow/example_dags/example_branch_operator.py
[2025-05-19T15:58:10.909+0000] {logging_mixin.py:190} INFO - [2025-05-19T15:58:10.909+0000] {dag.py:3239} INFO - Sync 1 DAGs
[2025-05-19T15:58:10.920+0000] {logging_mixin.py:190} INFO - [2025-05-19T15:58:10.920+0000] {dag.py:4180} INFO - Setting next_dagrun for example_branch_operator to 2025-05-18 00:00:00+00:00, run_after=2025-05-19 00:00:00+00:00
[2025-05-19T15:58:10.928+0000] {processor.py:208} INFO - Processing /home/airflow/.local/lib/python3.12/site-packages/airflow/example_dags/example_branch_operator.py took 0.048 seconds
[2025-05-19T15:58:41.780+0000] {processor.py:186} INFO - Started process (PID=1250) to work on /home/airflow/.local/lib/python3.12/site-packages/airflow/example_dags/example_branch_operator.py
[2025-05-19T15:58:41.781+0000] {processor.py:914} INFO - Processing file /home/airflow/.local/lib/python3.12/site-packages/airflow/example_dags/example_branch_operator.py for tasks to queue
[2025-05-19T15:58:41.782+0000] {logging_mixin.py:190} INFO - [2025-05-19T15:58:41.782+0000] {dagbag.py:588} INFO - Filling up the DagBag from /home/airflow/.local/lib/python3.12/site-packages/airflow/example_dags/example_branch_operator.py
[2025-05-19T15:58:41.790+0000] {processor.py:925} INFO - DAG(s) 'example_branch_operator' retrieved from /home/airflow/.local/lib/python3.12/site-packages/airflow/example_dags/example_branch_operator.py
[2025-05-19T15:58:41.803+0000] {logging_mixin.py:190} INFO - [2025-05-19T15:58:41.803+0000] {dag.py:3239} INFO - Sync 1 DAGs
[2025-05-19T15:58:41.814+0000] {logging_mixin.py:190} INFO - [2025-05-19T15:58:41.814+0000] {dag.py:4180} INFO - Setting next_dagrun for example_branch_operator to 2025-05-18 00:00:00+00:00, run_after=2025-05-19 00:00:00+00:00
[2025-05-19T15:58:41.822+0000] {processor.py:208} INFO - Processing /home/airflow/.local/lib/python3.12/site-packages/airflow/example_dags/example_branch_operator.py took 0.045 seconds
[2025-05-19T15:59:12.608+0000] {processor.py:186} INFO - Started process (PID=1307) to work on /home/airflow/.local/lib/python3.12/site-packages/airflow/example_dags/example_branch_operator.py
[2025-05-19T15:59:12.609+0000] {processor.py:914} INFO - Processing file /home/airflow/.local/lib/python3.12/site-packages/airflow/example_dags/example_branch_operator.py for tasks to queue
[2025-05-19T15:59:12.610+0000] {logging_mixin.py:190} INFO - [2025-05-19T15:59:12.610+0000] {dagbag.py:588} INFO - Filling up the DagBag from /home/airflow/.local/lib/python3.12/site-packages/airflow/example_dags/example_branch_operator.py
[2025-05-19T15:59:12.618+0000] {processor.py:925} INFO - DAG(s) 'example_branch_operator' retrieved from /home/airflow/.local/lib/python3.12/site-packages/airflow/example_dags/example_branch_operator.py
[2025-05-19T15:59:12.632+0000] {logging_mixin.py:190} INFO - [2025-05-19T15:59:12.632+0000] {dag.py:3239} INFO - Sync 1 DAGs
[2025-05-19T15:59:12.642+0000] {logging_mixin.py:190} INFO - [2025-05-19T15:59:12.642+0000] {dag.py:4180} INFO - Setting next_dagrun for example_branch_operator to 2025-05-18 00:00:00+00:00, run_after=2025-05-19 00:00:00+00:00
[2025-05-19T15:59:12.650+0000] {processor.py:208} INFO - Processing /home/airflow/.local/lib/python3.12/site-packages/airflow/example_dags/example_branch_operator.py took 0.045 seconds
[2025-05-19T15:59:43.726+0000] {processor.py:186} INFO - Started process (PID=1364) to work on /home/airflow/.local/lib/python3.12/site-packages/airflow/example_dags/example_branch_operator.py
[2025-05-19T15:59:43.727+0000] {processor.py:914} INFO - Processing file /home/airflow/.local/lib/python3.12/site-packages/airflow/example_dags/example_branch_operator.py for tasks to queue
[2025-05-19T15:59:43.728+0000] {logging_mixin.py:190} INFO - [2025-05-19T15:59:43.728+0000] {dagbag.py:588} INFO - Filling up the DagBag from /home/airflow/.local/lib/python3.12/site-packages/airflow/example_dags/example_branch_operator.py
[2025-05-19T15:59:43.737+0000] {processor.py:925} INFO - DAG(s) 'example_branch_operator' retrieved from /home/airflow/.local/lib/python3.12/site-packages/airflow/example_dags/example_branch_operator.py
[2025-05-19T15:59:43.751+0000] {logging_mixin.py:190} INFO - [2025-05-19T15:59:43.751+0000] {dag.py:3239} INFO - Sync 1 DAGs
[2025-05-19T15:59:43.763+0000] {logging_mixin.py:190} INFO - [2025-05-19T15:59:43.762+0000] {dag.py:4180} INFO - Setting next_dagrun for example_branch_operator to 2025-05-18 00:00:00+00:00, run_after=2025-05-19 00:00:00+00:00
[2025-05-19T15:59:43.771+0000] {processor.py:208} INFO - Processing /home/airflow/.local/lib/python3.12/site-packages/airflow/example_dags/example_branch_operator.py took 0.048 seconds
[2025-05-19T16:00:14.678+0000] {processor.py:186} INFO - Started process (PID=1421) to work on /home/airflow/.local/lib/python3.12/site-packages/airflow/example_dags/example_branch_operator.py
[2025-05-19T16:00:14.678+0000] {processor.py:914} INFO - Processing file /home/airflow/.local/lib/python3.12/site-packages/airflow/example_dags/example_branch_operator.py for tasks to queue
[2025-05-19T16:00:14.679+0000] {logging_mixin.py:190} INFO - [2025-05-19T16:00:14.679+0000] {dagbag.py:588} INFO - Filling up the DagBag from /home/airflow/.local/lib/python3.12/site-packages/airflow/example_dags/example_branch_operator.py
[2025-05-19T16:00:14.688+0000] {processor.py:925} INFO - DAG(s) 'example_branch_operator' retrieved from /home/airflow/.local/lib/python3.12/site-packages/airflow/example_dags/example_branch_operator.py
[2025-05-19T16:00:14.701+0000] {logging_mixin.py:190} INFO - [2025-05-19T16:00:14.701+0000] {dag.py:3239} INFO - Sync 1 DAGs
[2025-05-19T16:00:14.711+0000] {logging_mixin.py:190} INFO - [2025-05-19T16:00:14.711+0000] {dag.py:4180} INFO - Setting next_dagrun for example_branch_operator to 2025-05-18 00:00:00+00:00, run_after=2025-05-19 00:00:00+00:00
[2025-05-19T16:00:14.719+0000] {processor.py:208} INFO - Processing /home/airflow/.local/lib/python3.12/site-packages/airflow/example_dags/example_branch_operator.py took 0.044 seconds
[2025-05-19T16:00:45.690+0000] {processor.py:186} INFO - Started process (PID=1478) to work on /home/airflow/.local/lib/python3.12/site-packages/airflow/example_dags/example_branch_operator.py
[2025-05-19T16:00:45.690+0000] {processor.py:914} INFO - Processing file /home/airflow/.local/lib/python3.12/site-packages/airflow/example_dags/example_branch_operator.py for tasks to queue
[2025-05-19T16:00:45.692+0000] {logging_mixin.py:190} INFO - [2025-05-19T16:00:45.692+0000] {dagbag.py:588} INFO - Filling up the DagBag from /home/airflow/.local/lib/python3.12/site-packages/airflow/example_dags/example_branch_operator.py
[2025-05-19T16:00:45.702+0000] {processor.py:925} INFO - DAG(s) 'example_branch_operator' retrieved from /home/airflow/.local/lib/python3.12/site-packages/airflow/example_dags/example_branch_operator.py
[2025-05-19T16:00:45.715+0000] {logging_mixin.py:190} INFO - [2025-05-19T16:00:45.715+0000] {dag.py:3239} INFO - Sync 1 DAGs
[2025-05-19T16:00:45.727+0000] {logging_mixin.py:190} INFO - [2025-05-19T16:00:45.727+0000] {dag.py:4180} INFO - Setting next_dagrun for example_branch_operator to 2025-05-18 00:00:00+00:00, run_after=2025-05-19 00:00:00+00:00
[2025-05-19T16:00:45.736+0000] {processor.py:208} INFO - Processing /home/airflow/.local/lib/python3.12/site-packages/airflow/example_dags/example_branch_operator.py took 0.050 seconds
[2025-05-19T16:01:15.775+0000] {processor.py:186} INFO - Started process (PID=1535) to work on /home/airflow/.local/lib/python3.12/site-packages/airflow/example_dags/example_branch_operator.py
[2025-05-19T16:01:15.777+0000] {processor.py:914} INFO - Processing file /home/airflow/.local/lib/python3.12/site-packages/airflow/example_dags/example_branch_operator.py for tasks to queue
[2025-05-19T16:01:15.779+0000] {logging_mixin.py:190} INFO - [2025-05-19T16:01:15.778+0000] {dagbag.py:588} INFO - Filling up the DagBag from /home/airflow/.local/lib/python3.12/site-packages/airflow/example_dags/example_branch_operator.py
[2025-05-19T16:01:15.787+0000] {processor.py:925} INFO - DAG(s) 'example_branch_operator' retrieved from /home/airflow/.local/lib/python3.12/site-packages/airflow/example_dags/example_branch_operator.py
[2025-05-19T16:01:15.801+0000] {logging_mixin.py:190} INFO - [2025-05-19T16:01:15.801+0000] {dag.py:3239} INFO - Sync 1 DAGs
[2025-05-19T16:01:15.814+0000] {logging_mixin.py:190} INFO - [2025-05-19T16:01:15.814+0000] {dag.py:4180} INFO - Setting next_dagrun for example_branch_operator to 2025-05-18 00:00:00+00:00, run_after=2025-05-19 00:00:00+00:00
[2025-05-19T16:01:15.822+0000] {processor.py:208} INFO - Processing /home/airflow/.local/lib/python3.12/site-packages/airflow/example_dags/example_branch_operator.py took 0.050 seconds
[2025-05-19T16:01:46.713+0000] {processor.py:186} INFO - Started process (PID=1592) to work on /home/airflow/.local/lib/python3.12/site-packages/airflow/example_dags/example_branch_operator.py
[2025-05-19T16:01:46.714+0000] {processor.py:914} INFO - Processing file /home/airflow/.local/lib/python3.12/site-packages/airflow/example_dags/example_branch_operator.py for tasks to queue
[2025-05-19T16:01:46.715+0000] {logging_mixin.py:190} INFO - [2025-05-19T16:01:46.715+0000] {dagbag.py:588} INFO - Filling up the DagBag from /home/airflow/.local/lib/python3.12/site-packages/airflow/example_dags/example_branch_operator.py
[2025-05-19T16:01:46.724+0000] {processor.py:925} INFO - DAG(s) 'example_branch_operator' retrieved from /home/airflow/.local/lib/python3.12/site-packages/airflow/example_dags/example_branch_operator.py
[2025-05-19T16:01:46.739+0000] {logging_mixin.py:190} INFO - [2025-05-19T16:01:46.739+0000] {dag.py:3239} INFO - Sync 1 DAGs
[2025-05-19T16:01:46.750+0000] {logging_mixin.py:190} INFO - [2025-05-19T16:01:46.750+0000] {dag.py:4180} INFO - Setting next_dagrun for example_branch_operator to 2025-05-18 00:00:00+00:00, run_after=2025-05-19 00:00:00+00:00
[2025-05-19T16:01:46.760+0000] {processor.py:208} INFO - Processing /home/airflow/.local/lib/python3.12/site-packages/airflow/example_dags/example_branch_operator.py took 0.050 seconds
[2025-05-19T16:02:17.412+0000] {processor.py:186} INFO - Started process (PID=1649) to work on /home/airflow/.local/lib/python3.12/site-packages/airflow/example_dags/example_branch_operator.py
[2025-05-19T16:02:17.413+0000] {processor.py:914} INFO - Processing file /home/airflow/.local/lib/python3.12/site-packages/airflow/example_dags/example_branch_operator.py for tasks to queue
[2025-05-19T16:02:17.414+0000] {logging_mixin.py:190} INFO - [2025-05-19T16:02:17.414+0000] {dagbag.py:588} INFO - Filling up the DagBag from /home/airflow/.local/lib/python3.12/site-packages/airflow/example_dags/example_branch_operator.py
[2025-05-19T16:02:17.423+0000] {processor.py:925} INFO - DAG(s) 'example_branch_operator' retrieved from /home/airflow/.local/lib/python3.12/site-packages/airflow/example_dags/example_branch_operator.py
[2025-05-19T16:02:17.438+0000] {logging_mixin.py:190} INFO - [2025-05-19T16:02:17.438+0000] {dag.py:3239} INFO - Sync 1 DAGs
[2025-05-19T16:02:17.450+0000] {logging_mixin.py:190} INFO - [2025-05-19T16:02:17.450+0000] {dag.py:4180} INFO - Setting next_dagrun for example_branch_operator to 2025-05-18 00:00:00+00:00, run_after=2025-05-19 00:00:00+00:00
[2025-05-19T16:02:17.458+0000] {processor.py:208} INFO - Processing /home/airflow/.local/lib/python3.12/site-packages/airflow/example_dags/example_branch_operator.py took 0.050 seconds
[2025-05-19T16:02:48.282+0000] {processor.py:186} INFO - Started process (PID=1706) to work on /home/airflow/.local/lib/python3.12/site-packages/airflow/example_dags/example_branch_operator.py
[2025-05-19T16:02:48.286+0000] {processor.py:914} INFO - Processing file /home/airflow/.local/lib/python3.12/site-packages/airflow/example_dags/example_branch_operator.py for tasks to queue
[2025-05-19T16:02:48.287+0000] {logging_mixin.py:190} INFO - [2025-05-19T16:02:48.287+0000] {dagbag.py:588} INFO - Filling up the DagBag from /home/airflow/.local/lib/python3.12/site-packages/airflow/example_dags/example_branch_operator.py
[2025-05-19T16:02:48.296+0000] {processor.py:925} INFO - DAG(s) 'example_branch_operator' retrieved from /home/airflow/.local/lib/python3.12/site-packages/airflow/example_dags/example_branch_operator.py
[2025-05-19T16:02:48.311+0000] {logging_mixin.py:190} INFO - [2025-05-19T16:02:48.311+0000] {dag.py:3239} INFO - Sync 1 DAGs
[2025-05-19T16:02:48.323+0000] {logging_mixin.py:190} INFO - [2025-05-19T16:02:48.323+0000] {dag.py:4180} INFO - Setting next_dagrun for example_branch_operator to 2025-05-18 00:00:00+00:00, run_after=2025-05-19 00:00:00+00:00
[2025-05-19T16:02:48.331+0000] {processor.py:208} INFO - Processing /home/airflow/.local/lib/python3.12/site-packages/airflow/example_dags/example_branch_operator.py took 0.052 seconds
[2025-05-19T16:03:19.399+0000] {processor.py:186} INFO - Started process (PID=1763) to work on /home/airflow/.local/lib/python3.12/site-packages/airflow/example_dags/example_branch_operator.py
[2025-05-19T16:03:19.399+0000] {processor.py:914} INFO - Processing file /home/airflow/.local/lib/python3.12/site-packages/airflow/example_dags/example_branch_operator.py for tasks to queue
[2025-05-19T16:03:19.401+0000] {logging_mixin.py:190} INFO - [2025-05-19T16:03:19.400+0000] {dagbag.py:588} INFO - Filling up the DagBag from /home/airflow/.local/lib/python3.12/site-packages/airflow/example_dags/example_branch_operator.py
[2025-05-19T16:03:19.410+0000] {processor.py:925} INFO - DAG(s) 'example_branch_operator' retrieved from /home/airflow/.local/lib/python3.12/site-packages/airflow/example_dags/example_branch_operator.py
[2025-05-19T16:03:19.425+0000] {logging_mixin.py:190} INFO - [2025-05-19T16:03:19.425+0000] {dag.py:3239} INFO - Sync 1 DAGs
[2025-05-19T16:03:19.437+0000] {logging_mixin.py:190} INFO - [2025-05-19T16:03:19.437+0000] {dag.py:4180} INFO - Setting next_dagrun for example_branch_operator to 2025-05-18 00:00:00+00:00, run_after=2025-05-19 00:00:00+00:00
[2025-05-19T16:03:19.447+0000] {processor.py:208} INFO - Processing /home/airflow/.local/lib/python3.12/site-packages/airflow/example_dags/example_branch_operator.py took 0.051 seconds
[2025-05-19T16:03:50.190+0000] {processor.py:186} INFO - Started process (PID=1820) to work on /home/airflow/.local/lib/python3.12/site-packages/airflow/example_dags/example_branch_operator.py
[2025-05-19T16:03:50.190+0000] {processor.py:914} INFO - Processing file /home/airflow/.local/lib/python3.12/site-packages/airflow/example_dags/example_branch_operator.py for tasks to queue
[2025-05-19T16:03:50.192+0000] {logging_mixin.py:190} INFO - [2025-05-19T16:03:50.191+0000] {dagbag.py:588} INFO - Filling up the DagBag from /home/airflow/.local/lib/python3.12/site-packages/airflow/example_dags/example_branch_operator.py
[2025-05-19T16:03:50.200+0000] {processor.py:925} INFO - DAG(s) 'example_branch_operator' retrieved from /home/airflow/.local/lib/python3.12/site-packages/airflow/example_dags/example_branch_operator.py
[2025-05-19T16:03:50.216+0000] {logging_mixin.py:190} INFO - [2025-05-19T16:03:50.215+0000] {dag.py:3239} INFO - Sync 1 DAGs
[2025-05-19T16:03:50.226+0000] {logging_mixin.py:190} INFO - [2025-05-19T16:03:50.226+0000] {dag.py:4180} INFO - Setting next_dagrun for example_branch_operator to 2025-05-18 00:00:00+00:00, run_after=2025-05-19 00:00:00+00:00
[2025-05-19T16:03:50.234+0000] {processor.py:208} INFO - Processing /home/airflow/.local/lib/python3.12/site-packages/airflow/example_dags/example_branch_operator.py took 0.048 seconds
[2025-05-19T16:04:21.059+0000] {processor.py:186} INFO - Started process (PID=1877) to work on /home/airflow/.local/lib/python3.12/site-packages/airflow/example_dags/example_branch_operator.py
[2025-05-19T16:04:21.060+0000] {processor.py:914} INFO - Processing file /home/airflow/.local/lib/python3.12/site-packages/airflow/example_dags/example_branch_operator.py for tasks to queue
[2025-05-19T16:04:21.061+0000] {logging_mixin.py:190} INFO - [2025-05-19T16:04:21.061+0000] {dagbag.py:588} INFO - Filling up the DagBag from /home/airflow/.local/lib/python3.12/site-packages/airflow/example_dags/example_branch_operator.py
[2025-05-19T16:04:21.070+0000] {processor.py:925} INFO - DAG(s) 'example_branch_operator' retrieved from /home/airflow/.local/lib/python3.12/site-packages/airflow/example_dags/example_branch_operator.py
[2025-05-19T16:04:21.085+0000] {logging_mixin.py:190} INFO - [2025-05-19T16:04:21.085+0000] {dag.py:3239} INFO - Sync 1 DAGs
[2025-05-19T16:04:21.096+0000] {logging_mixin.py:190} INFO - [2025-05-19T16:04:21.096+0000] {dag.py:4180} INFO - Setting next_dagrun for example_branch_operator to 2025-05-18 00:00:00+00:00, run_after=2025-05-19 00:00:00+00:00
[2025-05-19T16:04:21.103+0000] {processor.py:208} INFO - Processing /home/airflow/.local/lib/python3.12/site-packages/airflow/example_dags/example_branch_operator.py took 0.047 seconds
[2025-05-19T16:04:51.699+0000] {processor.py:186} INFO - Started process (PID=1934) to work on /home/airflow/.local/lib/python3.12/site-packages/airflow/example_dags/example_branch_operator.py
[2025-05-19T16:04:51.700+0000] {processor.py:914} INFO - Processing file /home/airflow/.local/lib/python3.12/site-packages/airflow/example_dags/example_branch_operator.py for tasks to queue
[2025-05-19T16:04:51.701+0000] {logging_mixin.py:190} INFO - [2025-05-19T16:04:51.701+0000] {dagbag.py:588} INFO - Filling up the DagBag from /home/airflow/.local/lib/python3.12/site-packages/airflow/example_dags/example_branch_operator.py
[2025-05-19T16:04:51.710+0000] {processor.py:925} INFO - DAG(s) 'example_branch_operator' retrieved from /home/airflow/.local/lib/python3.12/site-packages/airflow/example_dags/example_branch_operator.py
[2025-05-19T16:04:51.722+0000] {logging_mixin.py:190} INFO - [2025-05-19T16:04:51.722+0000] {dag.py:3239} INFO - Sync 1 DAGs
[2025-05-19T16:04:51.734+0000] {logging_mixin.py:190} INFO - [2025-05-19T16:04:51.734+0000] {dag.py:4180} INFO - Setting next_dagrun for example_branch_operator to 2025-05-18 00:00:00+00:00, run_after=2025-05-19 00:00:00+00:00
[2025-05-19T16:04:51.743+0000] {processor.py:208} INFO - Processing /home/airflow/.local/lib/python3.12/site-packages/airflow/example_dags/example_branch_operator.py took 0.047 seconds
