[2025-05-19T15:47:59.188+0000] {processor.py:186} INFO - Started process (PID=70) to work on /home/airflow/.local/lib/python3.12/site-packages/airflow/example_dags/example_subdag_operator.py
[2025-05-19T15:47:59.189+0000] {processor.py:914} INFO - Processing file /home/airflow/.local/lib/python3.12/site-packages/airflow/example_dags/example_subdag_operator.py for tasks to queue
[2025-05-19T15:47:59.190+0000] {logging_mixin.py:190} INFO - [2025-05-19T15:47:59.190+0000] {dagbag.py:588} INFO - Filling up the DagBag from /home/airflow/.local/lib/python3.12/site-packages/airflow/example_dags/example_subdag_operator.py
[2025-05-19T15:47:59.208+0000] {processor.py:925} INFO - DAG(s) 'example_subdag_operator.section-1', 'example_subdag_operator.section-2', 'example_subdag_operator' retrieved from /home/airflow/.local/lib/python3.12/site-packages/airflow/example_dags/example_subdag_operator.py
[2025-05-19T15:47:59.274+0000] {logging_mixin.py:190} INFO - [2025-05-19T15:47:59.273+0000] {override.py:1912} INFO - Created Permission View: can delete on DAG:example_subdag_operator
[2025-05-19T15:47:59.279+0000] {logging_mixin.py:190} INFO - [2025-05-19T15:47:59.279+0000] {override.py:1912} INFO - Created Permission View: can read on DAG:example_subdag_operator
[2025-05-19T15:47:59.282+0000] {logging_mixin.py:190} INFO - [2025-05-19T15:47:59.282+0000] {override.py:1912} INFO - Created Permission View: can edit on DAG:example_subdag_operator
[2025-05-19T15:47:59.285+0000] {logging_mixin.py:190} INFO - [2025-05-19T15:47:59.284+0000] {override.py:1912} INFO - Created Permission View: menu access on DAG Run:example_subdag_operator
[2025-05-19T15:47:59.287+0000] {logging_mixin.py:190} INFO - [2025-05-19T15:47:59.287+0000] {override.py:1912} INFO - Created Permission View: can create on DAG Run:example_subdag_operator
[2025-05-19T15:47:59.290+0000] {logging_mixin.py:190} INFO - [2025-05-19T15:47:59.289+0000] {override.py:1912} INFO - Created Permission View: can delete on DAG Run:example_subdag_operator
[2025-05-19T15:47:59.293+0000] {logging_mixin.py:190} INFO - [2025-05-19T15:47:59.293+0000] {override.py:1912} INFO - Created Permission View: can read on DAG Run:example_subdag_operator
[2025-05-19T15:47:59.293+0000] {logging_mixin.py:190} INFO - [2025-05-19T15:47:59.293+0000] {dag.py:3239} INFO - Sync 3 DAGs
[2025-05-19T15:47:59.299+0000] {logging_mixin.py:190} INFO - [2025-05-19T15:47:59.299+0000] {dag.py:3262} INFO - Creating ORM DAG for example_subdag_operator.section-1
[2025-05-19T15:47:59.299+0000] {logging_mixin.py:190} INFO - [2025-05-19T15:47:59.299+0000] {dag.py:3262} INFO - Creating ORM DAG for example_subdag_operator.section-2
[2025-05-19T15:47:59.300+0000] {logging_mixin.py:190} INFO - [2025-05-19T15:47:59.299+0000] {dag.py:3262} INFO - Creating ORM DAG for example_subdag_operator
[2025-05-19T15:47:59.304+0000] {logging_mixin.py:190} INFO - [2025-05-19T15:47:59.304+0000] {dag.py:4180} INFO - Setting next_dagrun for example_subdag_operator to 2022-01-01 00:00:00+00:00, run_after=2022-01-01 00:00:00+00:00
[2025-05-19T15:47:59.304+0000] {logging_mixin.py:190} INFO - [2025-05-19T15:47:59.304+0000] {dag.py:4180} INFO - Setting next_dagrun for example_subdag_operator.section-1 to None, run_after=None
[2025-05-19T15:47:59.305+0000] {logging_mixin.py:190} INFO - [2025-05-19T15:47:59.305+0000] {dag.py:4180} INFO - Setting next_dagrun for example_subdag_operator.section-2 to None, run_after=None
[2025-05-19T15:47:59.309+0000] {logging_mixin.py:190} INFO - [2025-05-19T15:47:59.309+0000] {dag.py:3239} INFO - Sync 2 DAGs
[2025-05-19T15:47:59.312+0000] {logging_mixin.py:190} INFO - [2025-05-19T15:47:59.311+0000] {dag.py:4180} INFO - Setting next_dagrun for example_subdag_operator.section-1 to None, run_after=None
[2025-05-19T15:47:59.314+0000] {logging_mixin.py:190} INFO - [2025-05-19T15:47:59.314+0000] {dag.py:4180} INFO - Setting next_dagrun for example_subdag_operator.section-2 to None, run_after=None
[2025-05-19T15:47:59.320+0000] {processor.py:208} INFO - Processing /home/airflow/.local/lib/python3.12/site-packages/airflow/example_dags/example_subdag_operator.py took 0.135 seconds
[2025-05-19T15:48:29.952+0000] {processor.py:186} INFO - Started process (PID=127) to work on /home/airflow/.local/lib/python3.12/site-packages/airflow/example_dags/example_subdag_operator.py
[2025-05-19T15:48:29.953+0000] {processor.py:914} INFO - Processing file /home/airflow/.local/lib/python3.12/site-packages/airflow/example_dags/example_subdag_operator.py for tasks to queue
[2025-05-19T15:48:29.955+0000] {logging_mixin.py:190} INFO - [2025-05-19T15:48:29.954+0000] {dagbag.py:588} INFO - Filling up the DagBag from /home/airflow/.local/lib/python3.12/site-packages/airflow/example_dags/example_subdag_operator.py
[2025-05-19T15:48:29.970+0000] {processor.py:925} INFO - DAG(s) 'example_subdag_operator.section-1', 'example_subdag_operator.section-2', 'example_subdag_operator' retrieved from /home/airflow/.local/lib/python3.12/site-packages/airflow/example_dags/example_subdag_operator.py
[2025-05-19T15:48:29.978+0000] {logging_mixin.py:190} INFO - [2025-05-19T15:48:29.978+0000] {dag.py:3239} INFO - Sync 3 DAGs
[2025-05-19T15:48:29.990+0000] {logging_mixin.py:190} INFO - [2025-05-19T15:48:29.990+0000] {dag.py:4180} INFO - Setting next_dagrun for example_subdag_operator to 2022-01-01 00:00:00+00:00, run_after=2022-01-01 00:00:00+00:00
[2025-05-19T15:48:29.992+0000] {logging_mixin.py:190} INFO - [2025-05-19T15:48:29.992+0000] {dag.py:4180} INFO - Setting next_dagrun for example_subdag_operator.section-1 to None, run_after=None
[2025-05-19T15:48:29.993+0000] {logging_mixin.py:190} INFO - [2025-05-19T15:48:29.993+0000] {dag.py:4180} INFO - Setting next_dagrun for example_subdag_operator.section-2 to None, run_after=None
[2025-05-19T15:48:29.997+0000] {logging_mixin.py:190} INFO - [2025-05-19T15:48:29.997+0000] {dag.py:3239} INFO - Sync 2 DAGs
[2025-05-19T15:48:30.000+0000] {logging_mixin.py:190} INFO - [2025-05-19T15:48:30.000+0000] {dag.py:4180} INFO - Setting next_dagrun for example_subdag_operator.section-1 to None, run_after=None
[2025-05-19T15:48:30.000+0000] {logging_mixin.py:190} INFO - [2025-05-19T15:48:30.000+0000] {dag.py:4180} INFO - Setting next_dagrun for example_subdag_operator.section-2 to None, run_after=None
[2025-05-19T15:48:30.006+0000] {processor.py:208} INFO - Processing /home/airflow/.local/lib/python3.12/site-packages/airflow/example_dags/example_subdag_operator.py took 0.058 seconds
[2025-05-19T15:49:00.704+0000] {processor.py:186} INFO - Started process (PID=184) to work on /home/airflow/.local/lib/python3.12/site-packages/airflow/example_dags/example_subdag_operator.py
[2025-05-19T15:49:00.705+0000] {processor.py:914} INFO - Processing file /home/airflow/.local/lib/python3.12/site-packages/airflow/example_dags/example_subdag_operator.py for tasks to queue
[2025-05-19T15:49:00.707+0000] {logging_mixin.py:190} INFO - [2025-05-19T15:49:00.707+0000] {dagbag.py:588} INFO - Filling up the DagBag from /home/airflow/.local/lib/python3.12/site-packages/airflow/example_dags/example_subdag_operator.py
[2025-05-19T15:49:00.724+0000] {processor.py:925} INFO - DAG(s) 'example_subdag_operator.section-1', 'example_subdag_operator.section-2', 'example_subdag_operator' retrieved from /home/airflow/.local/lib/python3.12/site-packages/airflow/example_dags/example_subdag_operator.py
[2025-05-19T15:49:00.733+0000] {logging_mixin.py:190} INFO - [2025-05-19T15:49:00.733+0000] {dag.py:3239} INFO - Sync 3 DAGs
[2025-05-19T15:49:00.745+0000] {logging_mixin.py:190} INFO - [2025-05-19T15:49:00.745+0000] {dag.py:4180} INFO - Setting next_dagrun for example_subdag_operator to 2022-01-01 00:00:00+00:00, run_after=2022-01-01 00:00:00+00:00
[2025-05-19T15:49:00.748+0000] {logging_mixin.py:190} INFO - [2025-05-19T15:49:00.748+0000] {dag.py:4180} INFO - Setting next_dagrun for example_subdag_operator.section-1 to None, run_after=None
[2025-05-19T15:49:00.750+0000] {logging_mixin.py:190} INFO - [2025-05-19T15:49:00.750+0000] {dag.py:4180} INFO - Setting next_dagrun for example_subdag_operator.section-2 to None, run_after=None
[2025-05-19T15:49:00.755+0000] {logging_mixin.py:190} INFO - [2025-05-19T15:49:00.755+0000] {dag.py:3239} INFO - Sync 2 DAGs
[2025-05-19T15:49:00.762+0000] {logging_mixin.py:190} INFO - [2025-05-19T15:49:00.761+0000] {dag.py:4180} INFO - Setting next_dagrun for example_subdag_operator.section-1 to None, run_after=None
[2025-05-19T15:49:00.762+0000] {logging_mixin.py:190} INFO - [2025-05-19T15:49:00.762+0000] {dag.py:4180} INFO - Setting next_dagrun for example_subdag_operator.section-2 to None, run_after=None
[2025-05-19T15:49:00.771+0000] {processor.py:208} INFO - Processing /home/airflow/.local/lib/python3.12/site-packages/airflow/example_dags/example_subdag_operator.py took 0.071 seconds
[2025-05-19T15:49:31.457+0000] {processor.py:186} INFO - Started process (PID=241) to work on /home/airflow/.local/lib/python3.12/site-packages/airflow/example_dags/example_subdag_operator.py
[2025-05-19T15:49:31.458+0000] {processor.py:914} INFO - Processing file /home/airflow/.local/lib/python3.12/site-packages/airflow/example_dags/example_subdag_operator.py for tasks to queue
[2025-05-19T15:49:31.460+0000] {logging_mixin.py:190} INFO - [2025-05-19T15:49:31.459+0000] {dagbag.py:588} INFO - Filling up the DagBag from /home/airflow/.local/lib/python3.12/site-packages/airflow/example_dags/example_subdag_operator.py
[2025-05-19T15:49:31.475+0000] {processor.py:925} INFO - DAG(s) 'example_subdag_operator.section-1', 'example_subdag_operator.section-2', 'example_subdag_operator' retrieved from /home/airflow/.local/lib/python3.12/site-packages/airflow/example_dags/example_subdag_operator.py
[2025-05-19T15:49:31.483+0000] {logging_mixin.py:190} INFO - [2025-05-19T15:49:31.483+0000] {dag.py:3239} INFO - Sync 3 DAGs
[2025-05-19T15:49:31.495+0000] {logging_mixin.py:190} INFO - [2025-05-19T15:49:31.494+0000] {dag.py:4180} INFO - Setting next_dagrun for example_subdag_operator to 2022-01-01 00:00:00+00:00, run_after=2022-01-01 00:00:00+00:00
[2025-05-19T15:49:31.496+0000] {logging_mixin.py:190} INFO - [2025-05-19T15:49:31.496+0000] {dag.py:4180} INFO - Setting next_dagrun for example_subdag_operator.section-1 to None, run_after=None
[2025-05-19T15:49:31.497+0000] {logging_mixin.py:190} INFO - [2025-05-19T15:49:31.497+0000] {dag.py:4180} INFO - Setting next_dagrun for example_subdag_operator.section-2 to None, run_after=None
[2025-05-19T15:49:31.500+0000] {logging_mixin.py:190} INFO - [2025-05-19T15:49:31.500+0000] {dag.py:3239} INFO - Sync 2 DAGs
[2025-05-19T15:49:31.502+0000] {logging_mixin.py:190} INFO - [2025-05-19T15:49:31.502+0000] {dag.py:4180} INFO - Setting next_dagrun for example_subdag_operator.section-1 to None, run_after=None
[2025-05-19T15:49:31.502+0000] {logging_mixin.py:190} INFO - [2025-05-19T15:49:31.502+0000] {dag.py:4180} INFO - Setting next_dagrun for example_subdag_operator.section-2 to None, run_after=None
[2025-05-19T15:49:31.508+0000] {processor.py:208} INFO - Processing /home/airflow/.local/lib/python3.12/site-packages/airflow/example_dags/example_subdag_operator.py took 0.055 seconds
[2025-05-19T15:50:02.352+0000] {processor.py:186} INFO - Started process (PID=298) to work on /home/airflow/.local/lib/python3.12/site-packages/airflow/example_dags/example_subdag_operator.py
[2025-05-19T15:50:02.353+0000] {processor.py:914} INFO - Processing file /home/airflow/.local/lib/python3.12/site-packages/airflow/example_dags/example_subdag_operator.py for tasks to queue
[2025-05-19T15:50:02.354+0000] {logging_mixin.py:190} INFO - [2025-05-19T15:50:02.354+0000] {dagbag.py:588} INFO - Filling up the DagBag from /home/airflow/.local/lib/python3.12/site-packages/airflow/example_dags/example_subdag_operator.py
[2025-05-19T15:50:02.368+0000] {processor.py:925} INFO - DAG(s) 'example_subdag_operator.section-1', 'example_subdag_operator.section-2', 'example_subdag_operator' retrieved from /home/airflow/.local/lib/python3.12/site-packages/airflow/example_dags/example_subdag_operator.py
[2025-05-19T15:50:02.375+0000] {logging_mixin.py:190} INFO - [2025-05-19T15:50:02.375+0000] {dag.py:3239} INFO - Sync 3 DAGs
[2025-05-19T15:50:02.388+0000] {logging_mixin.py:190} INFO - [2025-05-19T15:50:02.388+0000] {dag.py:4180} INFO - Setting next_dagrun for example_subdag_operator to 2022-01-01 00:00:00+00:00, run_after=2022-01-01 00:00:00+00:00
[2025-05-19T15:50:02.390+0000] {logging_mixin.py:190} INFO - [2025-05-19T15:50:02.390+0000] {dag.py:4180} INFO - Setting next_dagrun for example_subdag_operator.section-1 to None, run_after=None
[2025-05-19T15:50:02.391+0000] {logging_mixin.py:190} INFO - [2025-05-19T15:50:02.391+0000] {dag.py:4180} INFO - Setting next_dagrun for example_subdag_operator.section-2 to None, run_after=None
[2025-05-19T15:50:02.395+0000] {logging_mixin.py:190} INFO - [2025-05-19T15:50:02.395+0000] {dag.py:3239} INFO - Sync 2 DAGs
[2025-05-19T15:50:02.399+0000] {logging_mixin.py:190} INFO - [2025-05-19T15:50:02.398+0000] {dag.py:4180} INFO - Setting next_dagrun for example_subdag_operator.section-1 to None, run_after=None
[2025-05-19T15:50:02.399+0000] {logging_mixin.py:190} INFO - [2025-05-19T15:50:02.399+0000] {dag.py:4180} INFO - Setting next_dagrun for example_subdag_operator.section-2 to None, run_after=None
[2025-05-19T15:50:02.406+0000] {processor.py:208} INFO - Processing /home/airflow/.local/lib/python3.12/site-packages/airflow/example_dags/example_subdag_operator.py took 0.057 seconds
[2025-05-19T15:50:33.049+0000] {processor.py:186} INFO - Started process (PID=355) to work on /home/airflow/.local/lib/python3.12/site-packages/airflow/example_dags/example_subdag_operator.py
[2025-05-19T15:50:33.049+0000] {processor.py:914} INFO - Processing file /home/airflow/.local/lib/python3.12/site-packages/airflow/example_dags/example_subdag_operator.py for tasks to queue
[2025-05-19T15:50:33.051+0000] {logging_mixin.py:190} INFO - [2025-05-19T15:50:33.051+0000] {dagbag.py:588} INFO - Filling up the DagBag from /home/airflow/.local/lib/python3.12/site-packages/airflow/example_dags/example_subdag_operator.py
[2025-05-19T15:50:33.068+0000] {processor.py:925} INFO - DAG(s) 'example_subdag_operator.section-1', 'example_subdag_operator.section-2', 'example_subdag_operator' retrieved from /home/airflow/.local/lib/python3.12/site-packages/airflow/example_dags/example_subdag_operator.py
[2025-05-19T15:50:33.075+0000] {logging_mixin.py:190} INFO - [2025-05-19T15:50:33.075+0000] {dag.py:3239} INFO - Sync 3 DAGs
[2025-05-19T15:50:33.087+0000] {logging_mixin.py:190} INFO - [2025-05-19T15:50:33.087+0000] {dag.py:4180} INFO - Setting next_dagrun for example_subdag_operator to 2022-01-01 00:00:00+00:00, run_after=2022-01-01 00:00:00+00:00
[2025-05-19T15:50:33.089+0000] {logging_mixin.py:190} INFO - [2025-05-19T15:50:33.089+0000] {dag.py:4180} INFO - Setting next_dagrun for example_subdag_operator.section-1 to None, run_after=None
[2025-05-19T15:50:33.089+0000] {logging_mixin.py:190} INFO - [2025-05-19T15:50:33.089+0000] {dag.py:4180} INFO - Setting next_dagrun for example_subdag_operator.section-2 to None, run_after=None
[2025-05-19T15:50:33.094+0000] {logging_mixin.py:190} INFO - [2025-05-19T15:50:33.093+0000] {dag.py:3239} INFO - Sync 2 DAGs
[2025-05-19T15:50:33.097+0000] {logging_mixin.py:190} INFO - [2025-05-19T15:50:33.097+0000] {dag.py:4180} INFO - Setting next_dagrun for example_subdag_operator.section-1 to None, run_after=None
[2025-05-19T15:50:33.097+0000] {logging_mixin.py:190} INFO - [2025-05-19T15:50:33.097+0000] {dag.py:4180} INFO - Setting next_dagrun for example_subdag_operator.section-2 to None, run_after=None
[2025-05-19T15:50:33.103+0000] {processor.py:208} INFO - Processing /home/airflow/.local/lib/python3.12/site-packages/airflow/example_dags/example_subdag_operator.py took 0.057 seconds
[2025-05-19T15:51:03.669+0000] {processor.py:186} INFO - Started process (PID=412) to work on /home/airflow/.local/lib/python3.12/site-packages/airflow/example_dags/example_subdag_operator.py
[2025-05-19T15:51:03.669+0000] {processor.py:914} INFO - Processing file /home/airflow/.local/lib/python3.12/site-packages/airflow/example_dags/example_subdag_operator.py for tasks to queue
[2025-05-19T15:51:03.671+0000] {logging_mixin.py:190} INFO - [2025-05-19T15:51:03.670+0000] {dagbag.py:588} INFO - Filling up the DagBag from /home/airflow/.local/lib/python3.12/site-packages/airflow/example_dags/example_subdag_operator.py
[2025-05-19T15:51:03.685+0000] {processor.py:925} INFO - DAG(s) 'example_subdag_operator.section-1', 'example_subdag_operator.section-2', 'example_subdag_operator' retrieved from /home/airflow/.local/lib/python3.12/site-packages/airflow/example_dags/example_subdag_operator.py
[2025-05-19T15:51:03.691+0000] {logging_mixin.py:190} INFO - [2025-05-19T15:51:03.691+0000] {dag.py:3239} INFO - Sync 3 DAGs
[2025-05-19T15:51:03.703+0000] {logging_mixin.py:190} INFO - [2025-05-19T15:51:03.703+0000] {dag.py:4180} INFO - Setting next_dagrun for example_subdag_operator to 2022-01-01 00:00:00+00:00, run_after=2022-01-01 00:00:00+00:00
[2025-05-19T15:51:03.705+0000] {logging_mixin.py:190} INFO - [2025-05-19T15:51:03.705+0000] {dag.py:4180} INFO - Setting next_dagrun for example_subdag_operator.section-1 to None, run_after=None
[2025-05-19T15:51:03.706+0000] {logging_mixin.py:190} INFO - [2025-05-19T15:51:03.706+0000] {dag.py:4180} INFO - Setting next_dagrun for example_subdag_operator.section-2 to None, run_after=None
[2025-05-19T15:51:03.710+0000] {logging_mixin.py:190} INFO - [2025-05-19T15:51:03.710+0000] {dag.py:3239} INFO - Sync 2 DAGs
[2025-05-19T15:51:03.713+0000] {logging_mixin.py:190} INFO - [2025-05-19T15:51:03.713+0000] {dag.py:4180} INFO - Setting next_dagrun for example_subdag_operator.section-1 to None, run_after=None
[2025-05-19T15:51:03.713+0000] {logging_mixin.py:190} INFO - [2025-05-19T15:51:03.713+0000] {dag.py:4180} INFO - Setting next_dagrun for example_subdag_operator.section-2 to None, run_after=None
[2025-05-19T15:51:03.720+0000] {processor.py:208} INFO - Processing /home/airflow/.local/lib/python3.12/site-packages/airflow/example_dags/example_subdag_operator.py took 0.055 seconds
[2025-05-19T15:51:34.339+0000] {processor.py:186} INFO - Started process (PID=469) to work on /home/airflow/.local/lib/python3.12/site-packages/airflow/example_dags/example_subdag_operator.py
[2025-05-19T15:51:34.340+0000] {processor.py:914} INFO - Processing file /home/airflow/.local/lib/python3.12/site-packages/airflow/example_dags/example_subdag_operator.py for tasks to queue
[2025-05-19T15:51:34.341+0000] {logging_mixin.py:190} INFO - [2025-05-19T15:51:34.341+0000] {dagbag.py:588} INFO - Filling up the DagBag from /home/airflow/.local/lib/python3.12/site-packages/airflow/example_dags/example_subdag_operator.py
[2025-05-19T15:51:34.356+0000] {processor.py:925} INFO - DAG(s) 'example_subdag_operator.section-1', 'example_subdag_operator.section-2', 'example_subdag_operator' retrieved from /home/airflow/.local/lib/python3.12/site-packages/airflow/example_dags/example_subdag_operator.py
[2025-05-19T15:51:34.365+0000] {logging_mixin.py:190} INFO - [2025-05-19T15:51:34.364+0000] {dag.py:3239} INFO - Sync 3 DAGs
[2025-05-19T15:51:34.377+0000] {logging_mixin.py:190} INFO - [2025-05-19T15:51:34.376+0000] {dag.py:4180} INFO - Setting next_dagrun for example_subdag_operator to 2022-01-01 00:00:00+00:00, run_after=2022-01-01 00:00:00+00:00
[2025-05-19T15:51:34.379+0000] {logging_mixin.py:190} INFO - [2025-05-19T15:51:34.379+0000] {dag.py:4180} INFO - Setting next_dagrun for example_subdag_operator.section-1 to None, run_after=None
[2025-05-19T15:51:34.379+0000] {logging_mixin.py:190} INFO - [2025-05-19T15:51:34.379+0000] {dag.py:4180} INFO - Setting next_dagrun for example_subdag_operator.section-2 to None, run_after=None
[2025-05-19T15:51:34.383+0000] {logging_mixin.py:190} INFO - [2025-05-19T15:51:34.383+0000] {dag.py:3239} INFO - Sync 2 DAGs
[2025-05-19T15:51:34.386+0000] {logging_mixin.py:190} INFO - [2025-05-19T15:51:34.386+0000] {dag.py:4180} INFO - Setting next_dagrun for example_subdag_operator.section-1 to None, run_after=None
[2025-05-19T15:51:34.386+0000] {logging_mixin.py:190} INFO - [2025-05-19T15:51:34.386+0000] {dag.py:4180} INFO - Setting next_dagrun for example_subdag_operator.section-2 to None, run_after=None
[2025-05-19T15:51:34.393+0000] {processor.py:208} INFO - Processing /home/airflow/.local/lib/python3.12/site-packages/airflow/example_dags/example_subdag_operator.py took 0.057 seconds
[2025-05-19T15:52:05.050+0000] {processor.py:186} INFO - Started process (PID=526) to work on /home/airflow/.local/lib/python3.12/site-packages/airflow/example_dags/example_subdag_operator.py
[2025-05-19T15:52:05.051+0000] {processor.py:914} INFO - Processing file /home/airflow/.local/lib/python3.12/site-packages/airflow/example_dags/example_subdag_operator.py for tasks to queue
[2025-05-19T15:52:05.052+0000] {logging_mixin.py:190} INFO - [2025-05-19T15:52:05.052+0000] {dagbag.py:588} INFO - Filling up the DagBag from /home/airflow/.local/lib/python3.12/site-packages/airflow/example_dags/example_subdag_operator.py
[2025-05-19T15:52:05.069+0000] {processor.py:925} INFO - DAG(s) 'example_subdag_operator.section-1', 'example_subdag_operator.section-2', 'example_subdag_operator' retrieved from /home/airflow/.local/lib/python3.12/site-packages/airflow/example_dags/example_subdag_operator.py
[2025-05-19T15:52:05.078+0000] {logging_mixin.py:190} INFO - [2025-05-19T15:52:05.078+0000] {dag.py:3239} INFO - Sync 3 DAGs
[2025-05-19T15:52:05.091+0000] {logging_mixin.py:190} INFO - [2025-05-19T15:52:05.091+0000] {dag.py:4180} INFO - Setting next_dagrun for example_subdag_operator to 2022-01-01 00:00:00+00:00, run_after=2022-01-01 00:00:00+00:00
[2025-05-19T15:52:05.094+0000] {logging_mixin.py:190} INFO - [2025-05-19T15:52:05.093+0000] {dag.py:4180} INFO - Setting next_dagrun for example_subdag_operator.section-1 to None, run_after=None
[2025-05-19T15:52:05.094+0000] {logging_mixin.py:190} INFO - [2025-05-19T15:52:05.094+0000] {dag.py:4180} INFO - Setting next_dagrun for example_subdag_operator.section-2 to None, run_after=None
[2025-05-19T15:52:05.099+0000] {logging_mixin.py:190} INFO - [2025-05-19T15:52:05.099+0000] {dag.py:3239} INFO - Sync 2 DAGs
[2025-05-19T15:52:05.101+0000] {logging_mixin.py:190} INFO - [2025-05-19T15:52:05.101+0000] {dag.py:4180} INFO - Setting next_dagrun for example_subdag_operator.section-1 to None, run_after=None
[2025-05-19T15:52:05.102+0000] {logging_mixin.py:190} INFO - [2025-05-19T15:52:05.102+0000] {dag.py:4180} INFO - Setting next_dagrun for example_subdag_operator.section-2 to None, run_after=None
[2025-05-19T15:52:05.108+0000] {processor.py:208} INFO - Processing /home/airflow/.local/lib/python3.12/site-packages/airflow/example_dags/example_subdag_operator.py took 0.062 seconds
[2025-05-19T15:52:36.086+0000] {processor.py:186} INFO - Started process (PID=583) to work on /home/airflow/.local/lib/python3.12/site-packages/airflow/example_dags/example_subdag_operator.py
[2025-05-19T15:52:36.089+0000] {processor.py:914} INFO - Processing file /home/airflow/.local/lib/python3.12/site-packages/airflow/example_dags/example_subdag_operator.py for tasks to queue
[2025-05-19T15:52:36.091+0000] {logging_mixin.py:190} INFO - [2025-05-19T15:52:36.091+0000] {dagbag.py:588} INFO - Filling up the DagBag from /home/airflow/.local/lib/python3.12/site-packages/airflow/example_dags/example_subdag_operator.py
[2025-05-19T15:52:36.110+0000] {processor.py:925} INFO - DAG(s) 'example_subdag_operator.section-1', 'example_subdag_operator.section-2', 'example_subdag_operator' retrieved from /home/airflow/.local/lib/python3.12/site-packages/airflow/example_dags/example_subdag_operator.py
[2025-05-19T15:52:36.120+0000] {logging_mixin.py:190} INFO - [2025-05-19T15:52:36.119+0000] {dag.py:3239} INFO - Sync 3 DAGs
[2025-05-19T15:52:36.134+0000] {logging_mixin.py:190} INFO - [2025-05-19T15:52:36.134+0000] {dag.py:4180} INFO - Setting next_dagrun for example_subdag_operator to 2022-01-01 00:00:00+00:00, run_after=2022-01-01 00:00:00+00:00
[2025-05-19T15:52:36.137+0000] {logging_mixin.py:190} INFO - [2025-05-19T15:52:36.137+0000] {dag.py:4180} INFO - Setting next_dagrun for example_subdag_operator.section-1 to None, run_after=None
[2025-05-19T15:52:36.138+0000] {logging_mixin.py:190} INFO - [2025-05-19T15:52:36.138+0000] {dag.py:4180} INFO - Setting next_dagrun for example_subdag_operator.section-2 to None, run_after=None
[2025-05-19T15:52:36.142+0000] {logging_mixin.py:190} INFO - [2025-05-19T15:52:36.142+0000] {dag.py:3239} INFO - Sync 2 DAGs
[2025-05-19T15:52:36.151+0000] {logging_mixin.py:190} INFO - [2025-05-19T15:52:36.151+0000] {dag.py:4180} INFO - Setting next_dagrun for example_subdag_operator.section-1 to None, run_after=None
[2025-05-19T15:52:36.151+0000] {logging_mixin.py:190} INFO - [2025-05-19T15:52:36.151+0000] {dag.py:4180} INFO - Setting next_dagrun for example_subdag_operator.section-2 to None, run_after=None
[2025-05-19T15:52:36.160+0000] {processor.py:208} INFO - Processing /home/airflow/.local/lib/python3.12/site-packages/airflow/example_dags/example_subdag_operator.py took 0.079 seconds
[2025-05-19T15:53:06.564+0000] {processor.py:186} INFO - Started process (PID=639) to work on /home/airflow/.local/lib/python3.12/site-packages/airflow/example_dags/example_subdag_operator.py
[2025-05-19T15:53:06.567+0000] {processor.py:914} INFO - Processing file /home/airflow/.local/lib/python3.12/site-packages/airflow/example_dags/example_subdag_operator.py for tasks to queue
[2025-05-19T15:53:06.569+0000] {logging_mixin.py:190} INFO - [2025-05-19T15:53:06.569+0000] {dagbag.py:588} INFO - Filling up the DagBag from /home/airflow/.local/lib/python3.12/site-packages/airflow/example_dags/example_subdag_operator.py
[2025-05-19T15:53:06.589+0000] {processor.py:925} INFO - DAG(s) 'example_subdag_operator.section-1', 'example_subdag_operator.section-2', 'example_subdag_operator' retrieved from /home/airflow/.local/lib/python3.12/site-packages/airflow/example_dags/example_subdag_operator.py
[2025-05-19T15:53:06.598+0000] {logging_mixin.py:190} INFO - [2025-05-19T15:53:06.598+0000] {dag.py:3239} INFO - Sync 3 DAGs
[2025-05-19T15:53:06.610+0000] {logging_mixin.py:190} INFO - [2025-05-19T15:53:06.610+0000] {dag.py:4180} INFO - Setting next_dagrun for example_subdag_operator to 2022-01-01 00:00:00+00:00, run_after=2022-01-01 00:00:00+00:00
[2025-05-19T15:53:06.613+0000] {logging_mixin.py:190} INFO - [2025-05-19T15:53:06.613+0000] {dag.py:4180} INFO - Setting next_dagrun for example_subdag_operator.section-1 to None, run_after=None
[2025-05-19T15:53:06.616+0000] {logging_mixin.py:190} INFO - [2025-05-19T15:53:06.616+0000] {dag.py:4180} INFO - Setting next_dagrun for example_subdag_operator.section-2 to None, run_after=None
[2025-05-19T15:53:06.620+0000] {logging_mixin.py:190} INFO - [2025-05-19T15:53:06.620+0000] {dag.py:3239} INFO - Sync 2 DAGs
[2025-05-19T15:53:06.623+0000] {logging_mixin.py:190} INFO - [2025-05-19T15:53:06.623+0000] {dag.py:4180} INFO - Setting next_dagrun for example_subdag_operator.section-1 to None, run_after=None
[2025-05-19T15:53:06.623+0000] {logging_mixin.py:190} INFO - [2025-05-19T15:53:06.623+0000] {dag.py:4180} INFO - Setting next_dagrun for example_subdag_operator.section-2 to None, run_after=None
[2025-05-19T15:53:06.629+0000] {processor.py:208} INFO - Processing /home/airflow/.local/lib/python3.12/site-packages/airflow/example_dags/example_subdag_operator.py took 0.072 seconds
[2025-05-19T15:53:37.372+0000] {processor.py:186} INFO - Started process (PID=697) to work on /home/airflow/.local/lib/python3.12/site-packages/airflow/example_dags/example_subdag_operator.py
[2025-05-19T15:53:37.373+0000] {processor.py:914} INFO - Processing file /home/airflow/.local/lib/python3.12/site-packages/airflow/example_dags/example_subdag_operator.py for tasks to queue
[2025-05-19T15:53:37.378+0000] {logging_mixin.py:190} INFO - [2025-05-19T15:53:37.378+0000] {dagbag.py:588} INFO - Filling up the DagBag from /home/airflow/.local/lib/python3.12/site-packages/airflow/example_dags/example_subdag_operator.py
[2025-05-19T15:53:37.396+0000] {processor.py:925} INFO - DAG(s) 'example_subdag_operator.section-1', 'example_subdag_operator.section-2', 'example_subdag_operator' retrieved from /home/airflow/.local/lib/python3.12/site-packages/airflow/example_dags/example_subdag_operator.py
[2025-05-19T15:53:37.405+0000] {logging_mixin.py:190} INFO - [2025-05-19T15:53:37.405+0000] {dag.py:3239} INFO - Sync 3 DAGs
[2025-05-19T15:53:37.416+0000] {logging_mixin.py:190} INFO - [2025-05-19T15:53:37.416+0000] {dag.py:4180} INFO - Setting next_dagrun for example_subdag_operator to 2022-01-01 00:00:00+00:00, run_after=2022-01-01 00:00:00+00:00
[2025-05-19T15:53:37.418+0000] {logging_mixin.py:190} INFO - [2025-05-19T15:53:37.418+0000] {dag.py:4180} INFO - Setting next_dagrun for example_subdag_operator.section-1 to None, run_after=None
[2025-05-19T15:53:37.419+0000] {logging_mixin.py:190} INFO - [2025-05-19T15:53:37.419+0000] {dag.py:4180} INFO - Setting next_dagrun for example_subdag_operator.section-2 to None, run_after=None
[2025-05-19T15:53:37.422+0000] {logging_mixin.py:190} INFO - [2025-05-19T15:53:37.422+0000] {dag.py:3239} INFO - Sync 2 DAGs
[2025-05-19T15:53:37.425+0000] {logging_mixin.py:190} INFO - [2025-05-19T15:53:37.425+0000] {dag.py:4180} INFO - Setting next_dagrun for example_subdag_operator.section-1 to None, run_after=None
[2025-05-19T15:53:37.426+0000] {logging_mixin.py:190} INFO - [2025-05-19T15:53:37.425+0000] {dag.py:4180} INFO - Setting next_dagrun for example_subdag_operator.section-2 to None, run_after=None
[2025-05-19T15:53:37.431+0000] {processor.py:208} INFO - Processing /home/airflow/.local/lib/python3.12/site-packages/airflow/example_dags/example_subdag_operator.py took 0.066 seconds
[2025-05-19T15:54:07.623+0000] {processor.py:186} INFO - Started process (PID=753) to work on /home/airflow/.local/lib/python3.12/site-packages/airflow/example_dags/example_subdag_operator.py
[2025-05-19T15:54:07.624+0000] {processor.py:914} INFO - Processing file /home/airflow/.local/lib/python3.12/site-packages/airflow/example_dags/example_subdag_operator.py for tasks to queue
[2025-05-19T15:54:07.625+0000] {logging_mixin.py:190} INFO - [2025-05-19T15:54:07.625+0000] {dagbag.py:588} INFO - Filling up the DagBag from /home/airflow/.local/lib/python3.12/site-packages/airflow/example_dags/example_subdag_operator.py
[2025-05-19T15:54:07.639+0000] {processor.py:925} INFO - DAG(s) 'example_subdag_operator.section-1', 'example_subdag_operator.section-2', 'example_subdag_operator' retrieved from /home/airflow/.local/lib/python3.12/site-packages/airflow/example_dags/example_subdag_operator.py
[2025-05-19T15:54:07.645+0000] {logging_mixin.py:190} INFO - [2025-05-19T15:54:07.645+0000] {dag.py:3239} INFO - Sync 3 DAGs
[2025-05-19T15:54:07.655+0000] {logging_mixin.py:190} INFO - [2025-05-19T15:54:07.655+0000] {dag.py:4180} INFO - Setting next_dagrun for example_subdag_operator to 2022-01-01 00:00:00+00:00, run_after=2022-01-01 00:00:00+00:00
[2025-05-19T15:54:07.657+0000] {logging_mixin.py:190} INFO - [2025-05-19T15:54:07.657+0000] {dag.py:4180} INFO - Setting next_dagrun for example_subdag_operator.section-1 to None, run_after=None
[2025-05-19T15:54:07.657+0000] {logging_mixin.py:190} INFO - [2025-05-19T15:54:07.657+0000] {dag.py:4180} INFO - Setting next_dagrun for example_subdag_operator.section-2 to None, run_after=None
[2025-05-19T15:54:07.661+0000] {logging_mixin.py:190} INFO - [2025-05-19T15:54:07.660+0000] {dag.py:3239} INFO - Sync 2 DAGs
[2025-05-19T15:54:07.663+0000] {logging_mixin.py:190} INFO - [2025-05-19T15:54:07.663+0000] {dag.py:4180} INFO - Setting next_dagrun for example_subdag_operator.section-1 to None, run_after=None
[2025-05-19T15:54:07.663+0000] {logging_mixin.py:190} INFO - [2025-05-19T15:54:07.663+0000] {dag.py:4180} INFO - Setting next_dagrun for example_subdag_operator.section-2 to None, run_after=None
[2025-05-19T15:54:07.667+0000] {processor.py:208} INFO - Processing /home/airflow/.local/lib/python3.12/site-packages/airflow/example_dags/example_subdag_operator.py took 0.047 seconds
[2025-05-19T15:54:38.916+0000] {processor.py:186} INFO - Started process (PID=810) to work on /home/airflow/.local/lib/python3.12/site-packages/airflow/example_dags/example_subdag_operator.py
[2025-05-19T15:54:38.917+0000] {processor.py:914} INFO - Processing file /home/airflow/.local/lib/python3.12/site-packages/airflow/example_dags/example_subdag_operator.py for tasks to queue
[2025-05-19T15:54:38.918+0000] {logging_mixin.py:190} INFO - [2025-05-19T15:54:38.918+0000] {dagbag.py:588} INFO - Filling up the DagBag from /home/airflow/.local/lib/python3.12/site-packages/airflow/example_dags/example_subdag_operator.py
[2025-05-19T15:54:38.935+0000] {processor.py:925} INFO - DAG(s) 'example_subdag_operator.section-1', 'example_subdag_operator.section-2', 'example_subdag_operator' retrieved from /home/airflow/.local/lib/python3.12/site-packages/airflow/example_dags/example_subdag_operator.py
[2025-05-19T15:54:38.943+0000] {logging_mixin.py:190} INFO - [2025-05-19T15:54:38.942+0000] {dag.py:3239} INFO - Sync 3 DAGs
[2025-05-19T15:54:38.954+0000] {logging_mixin.py:190} INFO - [2025-05-19T15:54:38.954+0000] {dag.py:4180} INFO - Setting next_dagrun for example_subdag_operator to 2022-01-01 00:00:00+00:00, run_after=2022-01-01 00:00:00+00:00
[2025-05-19T15:54:38.956+0000] {logging_mixin.py:190} INFO - [2025-05-19T15:54:38.956+0000] {dag.py:4180} INFO - Setting next_dagrun for example_subdag_operator.section-1 to None, run_after=None
[2025-05-19T15:54:38.957+0000] {logging_mixin.py:190} INFO - [2025-05-19T15:54:38.957+0000] {dag.py:4180} INFO - Setting next_dagrun for example_subdag_operator.section-2 to None, run_after=None
[2025-05-19T15:54:38.961+0000] {logging_mixin.py:190} INFO - [2025-05-19T15:54:38.961+0000] {dag.py:3239} INFO - Sync 2 DAGs
[2025-05-19T15:54:38.965+0000] {logging_mixin.py:190} INFO - [2025-05-19T15:54:38.964+0000] {dag.py:4180} INFO - Setting next_dagrun for example_subdag_operator.section-1 to None, run_after=None
[2025-05-19T15:54:38.965+0000] {logging_mixin.py:190} INFO - [2025-05-19T15:54:38.965+0000] {dag.py:4180} INFO - Setting next_dagrun for example_subdag_operator.section-2 to None, run_after=None
[2025-05-19T15:54:38.973+0000] {processor.py:208} INFO - Processing /home/airflow/.local/lib/python3.12/site-packages/airflow/example_dags/example_subdag_operator.py took 0.060 seconds
[2025-05-19T15:55:10.248+0000] {processor.py:186} INFO - Started process (PID=867) to work on /home/airflow/.local/lib/python3.12/site-packages/airflow/example_dags/example_subdag_operator.py
[2025-05-19T15:55:10.249+0000] {processor.py:914} INFO - Processing file /home/airflow/.local/lib/python3.12/site-packages/airflow/example_dags/example_subdag_operator.py for tasks to queue
[2025-05-19T15:55:10.250+0000] {logging_mixin.py:190} INFO - [2025-05-19T15:55:10.250+0000] {dagbag.py:588} INFO - Filling up the DagBag from /home/airflow/.local/lib/python3.12/site-packages/airflow/example_dags/example_subdag_operator.py
[2025-05-19T15:55:10.263+0000] {processor.py:925} INFO - DAG(s) 'example_subdag_operator.section-1', 'example_subdag_operator.section-2', 'example_subdag_operator' retrieved from /home/airflow/.local/lib/python3.12/site-packages/airflow/example_dags/example_subdag_operator.py
[2025-05-19T15:55:10.270+0000] {logging_mixin.py:190} INFO - [2025-05-19T15:55:10.270+0000] {dag.py:3239} INFO - Sync 3 DAGs
[2025-05-19T15:55:10.280+0000] {logging_mixin.py:190} INFO - [2025-05-19T15:55:10.280+0000] {dag.py:4180} INFO - Setting next_dagrun for example_subdag_operator to 2022-01-01 00:00:00+00:00, run_after=2022-01-01 00:00:00+00:00
[2025-05-19T15:55:10.282+0000] {logging_mixin.py:190} INFO - [2025-05-19T15:55:10.282+0000] {dag.py:4180} INFO - Setting next_dagrun for example_subdag_operator.section-1 to None, run_after=None
[2025-05-19T15:55:10.282+0000] {logging_mixin.py:190} INFO - [2025-05-19T15:55:10.282+0000] {dag.py:4180} INFO - Setting next_dagrun for example_subdag_operator.section-2 to None, run_after=None
[2025-05-19T15:55:10.285+0000] {logging_mixin.py:190} INFO - [2025-05-19T15:55:10.285+0000] {dag.py:3239} INFO - Sync 2 DAGs
[2025-05-19T15:55:10.287+0000] {logging_mixin.py:190} INFO - [2025-05-19T15:55:10.287+0000] {dag.py:4180} INFO - Setting next_dagrun for example_subdag_operator.section-1 to None, run_after=None
[2025-05-19T15:55:10.288+0000] {logging_mixin.py:190} INFO - [2025-05-19T15:55:10.287+0000] {dag.py:4180} INFO - Setting next_dagrun for example_subdag_operator.section-2 to None, run_after=None
[2025-05-19T15:55:10.292+0000] {processor.py:208} INFO - Processing /home/airflow/.local/lib/python3.12/site-packages/airflow/example_dags/example_subdag_operator.py took 0.047 seconds
[2025-05-19T15:55:41.207+0000] {processor.py:186} INFO - Started process (PID=925) to work on /home/airflow/.local/lib/python3.12/site-packages/airflow/example_dags/example_subdag_operator.py
[2025-05-19T15:55:41.208+0000] {processor.py:914} INFO - Processing file /home/airflow/.local/lib/python3.12/site-packages/airflow/example_dags/example_subdag_operator.py for tasks to queue
[2025-05-19T15:55:41.209+0000] {logging_mixin.py:190} INFO - [2025-05-19T15:55:41.209+0000] {dagbag.py:588} INFO - Filling up the DagBag from /home/airflow/.local/lib/python3.12/site-packages/airflow/example_dags/example_subdag_operator.py
[2025-05-19T15:55:41.224+0000] {processor.py:925} INFO - DAG(s) 'example_subdag_operator.section-1', 'example_subdag_operator.section-2', 'example_subdag_operator' retrieved from /home/airflow/.local/lib/python3.12/site-packages/airflow/example_dags/example_subdag_operator.py
[2025-05-19T15:55:41.232+0000] {logging_mixin.py:190} INFO - [2025-05-19T15:55:41.231+0000] {dag.py:3239} INFO - Sync 3 DAGs
[2025-05-19T15:55:41.243+0000] {logging_mixin.py:190} INFO - [2025-05-19T15:55:41.243+0000] {dag.py:4180} INFO - Setting next_dagrun for example_subdag_operator to 2022-01-01 00:00:00+00:00, run_after=2022-01-01 00:00:00+00:00
[2025-05-19T15:55:41.246+0000] {logging_mixin.py:190} INFO - [2025-05-19T15:55:41.246+0000] {dag.py:4180} INFO - Setting next_dagrun for example_subdag_operator.section-1 to None, run_after=None
[2025-05-19T15:55:41.247+0000] {logging_mixin.py:190} INFO - [2025-05-19T15:55:41.247+0000] {dag.py:4180} INFO - Setting next_dagrun for example_subdag_operator.section-2 to None, run_after=None
[2025-05-19T15:55:41.252+0000] {logging_mixin.py:190} INFO - [2025-05-19T15:55:41.252+0000] {dag.py:3239} INFO - Sync 2 DAGs
[2025-05-19T15:55:41.256+0000] {logging_mixin.py:190} INFO - [2025-05-19T15:55:41.256+0000] {dag.py:4180} INFO - Setting next_dagrun for example_subdag_operator.section-1 to None, run_after=None
[2025-05-19T15:55:41.257+0000] {logging_mixin.py:190} INFO - [2025-05-19T15:55:41.257+0000] {dag.py:4180} INFO - Setting next_dagrun for example_subdag_operator.section-2 to None, run_after=None
[2025-05-19T15:55:41.268+0000] {processor.py:208} INFO - Processing /home/airflow/.local/lib/python3.12/site-packages/airflow/example_dags/example_subdag_operator.py took 0.064 seconds
[2025-05-19T15:56:12.326+0000] {processor.py:186} INFO - Started process (PID=982) to work on /home/airflow/.local/lib/python3.12/site-packages/airflow/example_dags/example_subdag_operator.py
[2025-05-19T15:56:12.326+0000] {processor.py:914} INFO - Processing file /home/airflow/.local/lib/python3.12/site-packages/airflow/example_dags/example_subdag_operator.py for tasks to queue
[2025-05-19T15:56:12.327+0000] {logging_mixin.py:190} INFO - [2025-05-19T15:56:12.327+0000] {dagbag.py:588} INFO - Filling up the DagBag from /home/airflow/.local/lib/python3.12/site-packages/airflow/example_dags/example_subdag_operator.py
[2025-05-19T15:56:12.341+0000] {processor.py:925} INFO - DAG(s) 'example_subdag_operator.section-1', 'example_subdag_operator.section-2', 'example_subdag_operator' retrieved from /home/airflow/.local/lib/python3.12/site-packages/airflow/example_dags/example_subdag_operator.py
[2025-05-19T15:56:12.354+0000] {logging_mixin.py:190} INFO - [2025-05-19T15:56:12.353+0000] {dag.py:3239} INFO - Sync 3 DAGs
[2025-05-19T15:56:12.366+0000] {logging_mixin.py:190} INFO - [2025-05-19T15:56:12.366+0000] {dag.py:4180} INFO - Setting next_dagrun for example_subdag_operator to 2022-01-01 00:00:00+00:00, run_after=2022-01-01 00:00:00+00:00
[2025-05-19T15:56:12.370+0000] {logging_mixin.py:190} INFO - [2025-05-19T15:56:12.370+0000] {dag.py:4180} INFO - Setting next_dagrun for example_subdag_operator.section-1 to None, run_after=None
[2025-05-19T15:56:12.372+0000] {logging_mixin.py:190} INFO - [2025-05-19T15:56:12.372+0000] {dag.py:4180} INFO - Setting next_dagrun for example_subdag_operator.section-2 to None, run_after=None
[2025-05-19T15:56:12.379+0000] {logging_mixin.py:190} INFO - [2025-05-19T15:56:12.378+0000] {dag.py:3239} INFO - Sync 2 DAGs
[2025-05-19T15:56:12.384+0000] {logging_mixin.py:190} INFO - [2025-05-19T15:56:12.384+0000] {dag.py:4180} INFO - Setting next_dagrun for example_subdag_operator.section-1 to None, run_after=None
[2025-05-19T15:56:12.386+0000] {logging_mixin.py:190} INFO - [2025-05-19T15:56:12.386+0000] {dag.py:4180} INFO - Setting next_dagrun for example_subdag_operator.section-2 to None, run_after=None
[2025-05-19T15:56:12.393+0000] {processor.py:208} INFO - Processing /home/airflow/.local/lib/python3.12/site-packages/airflow/example_dags/example_subdag_operator.py took 0.071 seconds
[2025-05-19T15:56:43.436+0000] {processor.py:186} INFO - Started process (PID=1039) to work on /home/airflow/.local/lib/python3.12/site-packages/airflow/example_dags/example_subdag_operator.py
[2025-05-19T15:56:43.438+0000] {processor.py:914} INFO - Processing file /home/airflow/.local/lib/python3.12/site-packages/airflow/example_dags/example_subdag_operator.py for tasks to queue
[2025-05-19T15:56:43.439+0000] {logging_mixin.py:190} INFO - [2025-05-19T15:56:43.439+0000] {dagbag.py:588} INFO - Filling up the DagBag from /home/airflow/.local/lib/python3.12/site-packages/airflow/example_dags/example_subdag_operator.py
[2025-05-19T15:56:43.452+0000] {processor.py:925} INFO - DAG(s) 'example_subdag_operator.section-1', 'example_subdag_operator.section-2', 'example_subdag_operator' retrieved from /home/airflow/.local/lib/python3.12/site-packages/airflow/example_dags/example_subdag_operator.py
[2025-05-19T15:56:43.459+0000] {logging_mixin.py:190} INFO - [2025-05-19T15:56:43.459+0000] {dag.py:3239} INFO - Sync 3 DAGs
[2025-05-19T15:56:43.468+0000] {logging_mixin.py:190} INFO - [2025-05-19T15:56:43.468+0000] {dag.py:4180} INFO - Setting next_dagrun for example_subdag_operator to 2022-01-01 00:00:00+00:00, run_after=2022-01-01 00:00:00+00:00
[2025-05-19T15:56:43.470+0000] {logging_mixin.py:190} INFO - [2025-05-19T15:56:43.470+0000] {dag.py:4180} INFO - Setting next_dagrun for example_subdag_operator.section-1 to None, run_after=None
[2025-05-19T15:56:43.470+0000] {logging_mixin.py:190} INFO - [2025-05-19T15:56:43.470+0000] {dag.py:4180} INFO - Setting next_dagrun for example_subdag_operator.section-2 to None, run_after=None
[2025-05-19T15:56:43.473+0000] {logging_mixin.py:190} INFO - [2025-05-19T15:56:43.473+0000] {dag.py:3239} INFO - Sync 2 DAGs
[2025-05-19T15:56:43.476+0000] {logging_mixin.py:190} INFO - [2025-05-19T15:56:43.476+0000] {dag.py:4180} INFO - Setting next_dagrun for example_subdag_operator.section-1 to None, run_after=None
[2025-05-19T15:56:43.476+0000] {logging_mixin.py:190} INFO - [2025-05-19T15:56:43.476+0000] {dag.py:4180} INFO - Setting next_dagrun for example_subdag_operator.section-2 to None, run_after=None
[2025-05-19T15:56:43.480+0000] {processor.py:208} INFO - Processing /home/airflow/.local/lib/python3.12/site-packages/airflow/example_dags/example_subdag_operator.py took 0.048 seconds
[2025-05-19T15:57:14.214+0000] {processor.py:186} INFO - Started process (PID=1096) to work on /home/airflow/.local/lib/python3.12/site-packages/airflow/example_dags/example_subdag_operator.py
[2025-05-19T15:57:14.215+0000] {processor.py:914} INFO - Processing file /home/airflow/.local/lib/python3.12/site-packages/airflow/example_dags/example_subdag_operator.py for tasks to queue
[2025-05-19T15:57:14.216+0000] {logging_mixin.py:190} INFO - [2025-05-19T15:57:14.216+0000] {dagbag.py:588} INFO - Filling up the DagBag from /home/airflow/.local/lib/python3.12/site-packages/airflow/example_dags/example_subdag_operator.py
[2025-05-19T15:57:14.230+0000] {processor.py:925} INFO - DAG(s) 'example_subdag_operator.section-1', 'example_subdag_operator.section-2', 'example_subdag_operator' retrieved from /home/airflow/.local/lib/python3.12/site-packages/airflow/example_dags/example_subdag_operator.py
[2025-05-19T15:57:14.237+0000] {logging_mixin.py:190} INFO - [2025-05-19T15:57:14.237+0000] {dag.py:3239} INFO - Sync 3 DAGs
[2025-05-19T15:57:14.248+0000] {logging_mixin.py:190} INFO - [2025-05-19T15:57:14.248+0000] {dag.py:4180} INFO - Setting next_dagrun for example_subdag_operator to 2022-01-01 00:00:00+00:00, run_after=2022-01-01 00:00:00+00:00
[2025-05-19T15:57:14.250+0000] {logging_mixin.py:190} INFO - [2025-05-19T15:57:14.249+0000] {dag.py:4180} INFO - Setting next_dagrun for example_subdag_operator.section-1 to None, run_after=None
[2025-05-19T15:57:14.251+0000] {logging_mixin.py:190} INFO - [2025-05-19T15:57:14.250+0000] {dag.py:4180} INFO - Setting next_dagrun for example_subdag_operator.section-2 to None, run_after=None
[2025-05-19T15:57:14.254+0000] {logging_mixin.py:190} INFO - [2025-05-19T15:57:14.254+0000] {dag.py:3239} INFO - Sync 2 DAGs
[2025-05-19T15:57:14.258+0000] {logging_mixin.py:190} INFO - [2025-05-19T15:57:14.258+0000] {dag.py:4180} INFO - Setting next_dagrun for example_subdag_operator.section-1 to None, run_after=None
[2025-05-19T15:57:14.258+0000] {logging_mixin.py:190} INFO - [2025-05-19T15:57:14.258+0000] {dag.py:4180} INFO - Setting next_dagrun for example_subdag_operator.section-2 to None, run_after=None
[2025-05-19T15:57:14.263+0000] {processor.py:208} INFO - Processing /home/airflow/.local/lib/python3.12/site-packages/airflow/example_dags/example_subdag_operator.py took 0.052 seconds
[2025-05-19T15:57:45.180+0000] {processor.py:186} INFO - Started process (PID=1153) to work on /home/airflow/.local/lib/python3.12/site-packages/airflow/example_dags/example_subdag_operator.py
[2025-05-19T15:57:45.181+0000] {processor.py:914} INFO - Processing file /home/airflow/.local/lib/python3.12/site-packages/airflow/example_dags/example_subdag_operator.py for tasks to queue
[2025-05-19T15:57:45.183+0000] {logging_mixin.py:190} INFO - [2025-05-19T15:57:45.182+0000] {dagbag.py:588} INFO - Filling up the DagBag from /home/airflow/.local/lib/python3.12/site-packages/airflow/example_dags/example_subdag_operator.py
[2025-05-19T15:57:45.201+0000] {processor.py:925} INFO - DAG(s) 'example_subdag_operator.section-1', 'example_subdag_operator.section-2', 'example_subdag_operator' retrieved from /home/airflow/.local/lib/python3.12/site-packages/airflow/example_dags/example_subdag_operator.py
[2025-05-19T15:57:45.211+0000] {logging_mixin.py:190} INFO - [2025-05-19T15:57:45.211+0000] {dag.py:3239} INFO - Sync 3 DAGs
[2025-05-19T15:57:45.222+0000] {logging_mixin.py:190} INFO - [2025-05-19T15:57:45.222+0000] {dag.py:4180} INFO - Setting next_dagrun for example_subdag_operator to 2022-01-01 00:00:00+00:00, run_after=2022-01-01 00:00:00+00:00
[2025-05-19T15:57:45.224+0000] {logging_mixin.py:190} INFO - [2025-05-19T15:57:45.224+0000] {dag.py:4180} INFO - Setting next_dagrun for example_subdag_operator.section-1 to None, run_after=None
[2025-05-19T15:57:45.225+0000] {logging_mixin.py:190} INFO - [2025-05-19T15:57:45.225+0000] {dag.py:4180} INFO - Setting next_dagrun for example_subdag_operator.section-2 to None, run_after=None
[2025-05-19T15:57:45.228+0000] {logging_mixin.py:190} INFO - [2025-05-19T15:57:45.228+0000] {dag.py:3239} INFO - Sync 2 DAGs
[2025-05-19T15:57:45.231+0000] {logging_mixin.py:190} INFO - [2025-05-19T15:57:45.231+0000] {dag.py:4180} INFO - Setting next_dagrun for example_subdag_operator.section-1 to None, run_after=None
[2025-05-19T15:57:45.231+0000] {logging_mixin.py:190} INFO - [2025-05-19T15:57:45.231+0000] {dag.py:4180} INFO - Setting next_dagrun for example_subdag_operator.section-2 to None, run_after=None
[2025-05-19T15:57:45.237+0000] {processor.py:208} INFO - Processing /home/airflow/.local/lib/python3.12/site-packages/airflow/example_dags/example_subdag_operator.py took 0.060 seconds
[2025-05-19T15:58:16.109+0000] {processor.py:186} INFO - Started process (PID=1210) to work on /home/airflow/.local/lib/python3.12/site-packages/airflow/example_dags/example_subdag_operator.py
[2025-05-19T15:58:16.109+0000] {processor.py:914} INFO - Processing file /home/airflow/.local/lib/python3.12/site-packages/airflow/example_dags/example_subdag_operator.py for tasks to queue
[2025-05-19T15:58:16.111+0000] {logging_mixin.py:190} INFO - [2025-05-19T15:58:16.111+0000] {dagbag.py:588} INFO - Filling up the DagBag from /home/airflow/.local/lib/python3.12/site-packages/airflow/example_dags/example_subdag_operator.py
[2025-05-19T15:58:16.126+0000] {processor.py:925} INFO - DAG(s) 'example_subdag_operator.section-1', 'example_subdag_operator.section-2', 'example_subdag_operator' retrieved from /home/airflow/.local/lib/python3.12/site-packages/airflow/example_dags/example_subdag_operator.py
[2025-05-19T15:58:16.135+0000] {logging_mixin.py:190} INFO - [2025-05-19T15:58:16.135+0000] {dag.py:3239} INFO - Sync 3 DAGs
[2025-05-19T15:58:16.147+0000] {logging_mixin.py:190} INFO - [2025-05-19T15:58:16.147+0000] {dag.py:4180} INFO - Setting next_dagrun for example_subdag_operator to 2022-01-01 00:00:00+00:00, run_after=2022-01-01 00:00:00+00:00
[2025-05-19T15:58:16.149+0000] {logging_mixin.py:190} INFO - [2025-05-19T15:58:16.149+0000] {dag.py:4180} INFO - Setting next_dagrun for example_subdag_operator.section-1 to None, run_after=None
[2025-05-19T15:58:16.150+0000] {logging_mixin.py:190} INFO - [2025-05-19T15:58:16.150+0000] {dag.py:4180} INFO - Setting next_dagrun for example_subdag_operator.section-2 to None, run_after=None
[2025-05-19T15:58:16.154+0000] {logging_mixin.py:190} INFO - [2025-05-19T15:58:16.154+0000] {dag.py:3239} INFO - Sync 2 DAGs
[2025-05-19T15:58:16.156+0000] {logging_mixin.py:190} INFO - [2025-05-19T15:58:16.156+0000] {dag.py:4180} INFO - Setting next_dagrun for example_subdag_operator.section-1 to None, run_after=None
[2025-05-19T15:58:16.156+0000] {logging_mixin.py:190} INFO - [2025-05-19T15:58:16.156+0000] {dag.py:4180} INFO - Setting next_dagrun for example_subdag_operator.section-2 to None, run_after=None
[2025-05-19T15:58:16.161+0000] {processor.py:208} INFO - Processing /home/airflow/.local/lib/python3.12/site-packages/airflow/example_dags/example_subdag_operator.py took 0.056 seconds
[2025-05-19T15:58:46.920+0000] {processor.py:186} INFO - Started process (PID=1267) to work on /home/airflow/.local/lib/python3.12/site-packages/airflow/example_dags/example_subdag_operator.py
[2025-05-19T15:58:46.921+0000] {processor.py:914} INFO - Processing file /home/airflow/.local/lib/python3.12/site-packages/airflow/example_dags/example_subdag_operator.py for tasks to queue
[2025-05-19T15:58:46.923+0000] {logging_mixin.py:190} INFO - [2025-05-19T15:58:46.923+0000] {dagbag.py:588} INFO - Filling up the DagBag from /home/airflow/.local/lib/python3.12/site-packages/airflow/example_dags/example_subdag_operator.py
[2025-05-19T15:58:46.946+0000] {processor.py:925} INFO - DAG(s) 'example_subdag_operator.section-1', 'example_subdag_operator.section-2', 'example_subdag_operator' retrieved from /home/airflow/.local/lib/python3.12/site-packages/airflow/example_dags/example_subdag_operator.py
[2025-05-19T15:58:46.962+0000] {logging_mixin.py:190} INFO - [2025-05-19T15:58:46.962+0000] {dag.py:3239} INFO - Sync 3 DAGs
[2025-05-19T15:58:46.976+0000] {logging_mixin.py:190} INFO - [2025-05-19T15:58:46.976+0000] {dag.py:4180} INFO - Setting next_dagrun for example_subdag_operator to 2022-01-01 00:00:00+00:00, run_after=2022-01-01 00:00:00+00:00
[2025-05-19T15:58:46.978+0000] {logging_mixin.py:190} INFO - [2025-05-19T15:58:46.978+0000] {dag.py:4180} INFO - Setting next_dagrun for example_subdag_operator.section-1 to None, run_after=None
[2025-05-19T15:58:46.979+0000] {logging_mixin.py:190} INFO - [2025-05-19T15:58:46.979+0000] {dag.py:4180} INFO - Setting next_dagrun for example_subdag_operator.section-2 to None, run_after=None
[2025-05-19T15:58:46.983+0000] {logging_mixin.py:190} INFO - [2025-05-19T15:58:46.983+0000] {dag.py:3239} INFO - Sync 2 DAGs
[2025-05-19T15:58:46.986+0000] {logging_mixin.py:190} INFO - [2025-05-19T15:58:46.986+0000] {dag.py:4180} INFO - Setting next_dagrun for example_subdag_operator.section-1 to None, run_after=None
[2025-05-19T15:58:46.986+0000] {logging_mixin.py:190} INFO - [2025-05-19T15:58:46.986+0000] {dag.py:4180} INFO - Setting next_dagrun for example_subdag_operator.section-2 to None, run_after=None
[2025-05-19T15:58:46.991+0000] {processor.py:208} INFO - Processing /home/airflow/.local/lib/python3.12/site-packages/airflow/example_dags/example_subdag_operator.py took 0.076 seconds
[2025-05-19T15:59:17.903+0000] {processor.py:186} INFO - Started process (PID=1324) to work on /home/airflow/.local/lib/python3.12/site-packages/airflow/example_dags/example_subdag_operator.py
[2025-05-19T15:59:17.905+0000] {processor.py:914} INFO - Processing file /home/airflow/.local/lib/python3.12/site-packages/airflow/example_dags/example_subdag_operator.py for tasks to queue
[2025-05-19T15:59:17.906+0000] {logging_mixin.py:190} INFO - [2025-05-19T15:59:17.906+0000] {dagbag.py:588} INFO - Filling up the DagBag from /home/airflow/.local/lib/python3.12/site-packages/airflow/example_dags/example_subdag_operator.py
[2025-05-19T15:59:17.921+0000] {processor.py:925} INFO - DAG(s) 'example_subdag_operator.section-1', 'example_subdag_operator.section-2', 'example_subdag_operator' retrieved from /home/airflow/.local/lib/python3.12/site-packages/airflow/example_dags/example_subdag_operator.py
[2025-05-19T15:59:17.929+0000] {logging_mixin.py:190} INFO - [2025-05-19T15:59:17.929+0000] {dag.py:3239} INFO - Sync 3 DAGs
[2025-05-19T15:59:17.941+0000] {logging_mixin.py:190} INFO - [2025-05-19T15:59:17.941+0000] {dag.py:4180} INFO - Setting next_dagrun for example_subdag_operator to 2022-01-01 00:00:00+00:00, run_after=2022-01-01 00:00:00+00:00
[2025-05-19T15:59:17.942+0000] {logging_mixin.py:190} INFO - [2025-05-19T15:59:17.942+0000] {dag.py:4180} INFO - Setting next_dagrun for example_subdag_operator.section-1 to None, run_after=None
[2025-05-19T15:59:17.943+0000] {logging_mixin.py:190} INFO - [2025-05-19T15:59:17.943+0000] {dag.py:4180} INFO - Setting next_dagrun for example_subdag_operator.section-2 to None, run_after=None
[2025-05-19T15:59:17.947+0000] {logging_mixin.py:190} INFO - [2025-05-19T15:59:17.946+0000] {dag.py:3239} INFO - Sync 2 DAGs
[2025-05-19T15:59:17.949+0000] {logging_mixin.py:190} INFO - [2025-05-19T15:59:17.949+0000] {dag.py:4180} INFO - Setting next_dagrun for example_subdag_operator.section-1 to None, run_after=None
[2025-05-19T15:59:17.949+0000] {logging_mixin.py:190} INFO - [2025-05-19T15:59:17.949+0000] {dag.py:4180} INFO - Setting next_dagrun for example_subdag_operator.section-2 to None, run_after=None
[2025-05-19T15:59:17.954+0000] {processor.py:208} INFO - Processing /home/airflow/.local/lib/python3.12/site-packages/airflow/example_dags/example_subdag_operator.py took 0.054 seconds
[2025-05-19T15:59:48.914+0000] {processor.py:186} INFO - Started process (PID=1381) to work on /home/airflow/.local/lib/python3.12/site-packages/airflow/example_dags/example_subdag_operator.py
[2025-05-19T15:59:48.915+0000] {processor.py:914} INFO - Processing file /home/airflow/.local/lib/python3.12/site-packages/airflow/example_dags/example_subdag_operator.py for tasks to queue
[2025-05-19T15:59:48.919+0000] {logging_mixin.py:190} INFO - [2025-05-19T15:59:48.919+0000] {dagbag.py:588} INFO - Filling up the DagBag from /home/airflow/.local/lib/python3.12/site-packages/airflow/example_dags/example_subdag_operator.py
[2025-05-19T15:59:48.934+0000] {processor.py:925} INFO - DAG(s) 'example_subdag_operator.section-1', 'example_subdag_operator.section-2', 'example_subdag_operator' retrieved from /home/airflow/.local/lib/python3.12/site-packages/airflow/example_dags/example_subdag_operator.py
[2025-05-19T15:59:48.941+0000] {logging_mixin.py:190} INFO - [2025-05-19T15:59:48.941+0000] {dag.py:3239} INFO - Sync 3 DAGs
[2025-05-19T15:59:48.952+0000] {logging_mixin.py:190} INFO - [2025-05-19T15:59:48.952+0000] {dag.py:4180} INFO - Setting next_dagrun for example_subdag_operator to 2022-01-01 00:00:00+00:00, run_after=2022-01-01 00:00:00+00:00
[2025-05-19T15:59:48.953+0000] {logging_mixin.py:190} INFO - [2025-05-19T15:59:48.953+0000] {dag.py:4180} INFO - Setting next_dagrun for example_subdag_operator.section-1 to None, run_after=None
[2025-05-19T15:59:48.954+0000] {logging_mixin.py:190} INFO - [2025-05-19T15:59:48.954+0000] {dag.py:4180} INFO - Setting next_dagrun for example_subdag_operator.section-2 to None, run_after=None
[2025-05-19T15:59:48.957+0000] {logging_mixin.py:190} INFO - [2025-05-19T15:59:48.957+0000] {dag.py:3239} INFO - Sync 2 DAGs
[2025-05-19T15:59:48.959+0000] {logging_mixin.py:190} INFO - [2025-05-19T15:59:48.959+0000] {dag.py:4180} INFO - Setting next_dagrun for example_subdag_operator.section-1 to None, run_after=None
[2025-05-19T15:59:48.959+0000] {logging_mixin.py:190} INFO - [2025-05-19T15:59:48.959+0000] {dag.py:4180} INFO - Setting next_dagrun for example_subdag_operator.section-2 to None, run_after=None
[2025-05-19T15:59:48.965+0000] {processor.py:208} INFO - Processing /home/airflow/.local/lib/python3.12/site-packages/airflow/example_dags/example_subdag_operator.py took 0.054 seconds
[2025-05-19T16:00:19.943+0000] {processor.py:186} INFO - Started process (PID=1438) to work on /home/airflow/.local/lib/python3.12/site-packages/airflow/example_dags/example_subdag_operator.py
[2025-05-19T16:00:19.944+0000] {processor.py:914} INFO - Processing file /home/airflow/.local/lib/python3.12/site-packages/airflow/example_dags/example_subdag_operator.py for tasks to queue
[2025-05-19T16:00:19.947+0000] {logging_mixin.py:190} INFO - [2025-05-19T16:00:19.947+0000] {dagbag.py:588} INFO - Filling up the DagBag from /home/airflow/.local/lib/python3.12/site-packages/airflow/example_dags/example_subdag_operator.py
[2025-05-19T16:00:19.963+0000] {processor.py:925} INFO - DAG(s) 'example_subdag_operator.section-1', 'example_subdag_operator.section-2', 'example_subdag_operator' retrieved from /home/airflow/.local/lib/python3.12/site-packages/airflow/example_dags/example_subdag_operator.py
[2025-05-19T16:00:19.972+0000] {logging_mixin.py:190} INFO - [2025-05-19T16:00:19.971+0000] {dag.py:3239} INFO - Sync 3 DAGs
[2025-05-19T16:00:19.984+0000] {logging_mixin.py:190} INFO - [2025-05-19T16:00:19.983+0000] {dag.py:4180} INFO - Setting next_dagrun for example_subdag_operator to 2022-01-01 00:00:00+00:00, run_after=2022-01-01 00:00:00+00:00
[2025-05-19T16:00:19.986+0000] {logging_mixin.py:190} INFO - [2025-05-19T16:00:19.986+0000] {dag.py:4180} INFO - Setting next_dagrun for example_subdag_operator.section-1 to None, run_after=None
[2025-05-19T16:00:19.987+0000] {logging_mixin.py:190} INFO - [2025-05-19T16:00:19.987+0000] {dag.py:4180} INFO - Setting next_dagrun for example_subdag_operator.section-2 to None, run_after=None
[2025-05-19T16:00:19.993+0000] {logging_mixin.py:190} INFO - [2025-05-19T16:00:19.992+0000] {dag.py:3239} INFO - Sync 2 DAGs
[2025-05-19T16:00:19.996+0000] {logging_mixin.py:190} INFO - [2025-05-19T16:00:19.996+0000] {dag.py:4180} INFO - Setting next_dagrun for example_subdag_operator.section-1 to None, run_after=None
[2025-05-19T16:00:19.997+0000] {logging_mixin.py:190} INFO - [2025-05-19T16:00:19.997+0000] {dag.py:4180} INFO - Setting next_dagrun for example_subdag_operator.section-2 to None, run_after=None
[2025-05-19T16:00:20.004+0000] {processor.py:208} INFO - Processing /home/airflow/.local/lib/python3.12/site-packages/airflow/example_dags/example_subdag_operator.py took 0.064 seconds
[2025-05-19T16:00:50.999+0000] {processor.py:186} INFO - Started process (PID=1495) to work on /home/airflow/.local/lib/python3.12/site-packages/airflow/example_dags/example_subdag_operator.py
[2025-05-19T16:00:51.000+0000] {processor.py:914} INFO - Processing file /home/airflow/.local/lib/python3.12/site-packages/airflow/example_dags/example_subdag_operator.py for tasks to queue
[2025-05-19T16:00:51.003+0000] {logging_mixin.py:190} INFO - [2025-05-19T16:00:51.003+0000] {dagbag.py:588} INFO - Filling up the DagBag from /home/airflow/.local/lib/python3.12/site-packages/airflow/example_dags/example_subdag_operator.py
[2025-05-19T16:00:51.022+0000] {processor.py:925} INFO - DAG(s) 'example_subdag_operator.section-1', 'example_subdag_operator.section-2', 'example_subdag_operator' retrieved from /home/airflow/.local/lib/python3.12/site-packages/airflow/example_dags/example_subdag_operator.py
[2025-05-19T16:00:51.030+0000] {logging_mixin.py:190} INFO - [2025-05-19T16:00:51.030+0000] {dag.py:3239} INFO - Sync 3 DAGs
[2025-05-19T16:00:51.041+0000] {logging_mixin.py:190} INFO - [2025-05-19T16:00:51.041+0000] {dag.py:4180} INFO - Setting next_dagrun for example_subdag_operator to 2022-01-01 00:00:00+00:00, run_after=2022-01-01 00:00:00+00:00
[2025-05-19T16:00:51.043+0000] {logging_mixin.py:190} INFO - [2025-05-19T16:00:51.043+0000] {dag.py:4180} INFO - Setting next_dagrun for example_subdag_operator.section-1 to None, run_after=None
[2025-05-19T16:00:51.044+0000] {logging_mixin.py:190} INFO - [2025-05-19T16:00:51.044+0000] {dag.py:4180} INFO - Setting next_dagrun for example_subdag_operator.section-2 to None, run_after=None
[2025-05-19T16:00:51.047+0000] {logging_mixin.py:190} INFO - [2025-05-19T16:00:51.047+0000] {dag.py:3239} INFO - Sync 2 DAGs
[2025-05-19T16:00:51.049+0000] {logging_mixin.py:190} INFO - [2025-05-19T16:00:51.049+0000] {dag.py:4180} INFO - Setting next_dagrun for example_subdag_operator.section-1 to None, run_after=None
[2025-05-19T16:00:51.050+0000] {logging_mixin.py:190} INFO - [2025-05-19T16:00:51.050+0000] {dag.py:4180} INFO - Setting next_dagrun for example_subdag_operator.section-2 to None, run_after=None
[2025-05-19T16:00:51.055+0000] {processor.py:208} INFO - Processing /home/airflow/.local/lib/python3.12/site-packages/airflow/example_dags/example_subdag_operator.py took 0.059 seconds
[2025-05-19T16:01:21.928+0000] {processor.py:186} INFO - Started process (PID=1552) to work on /home/airflow/.local/lib/python3.12/site-packages/airflow/example_dags/example_subdag_operator.py
[2025-05-19T16:01:21.928+0000] {processor.py:914} INFO - Processing file /home/airflow/.local/lib/python3.12/site-packages/airflow/example_dags/example_subdag_operator.py for tasks to queue
[2025-05-19T16:01:21.931+0000] {logging_mixin.py:190} INFO - [2025-05-19T16:01:21.931+0000] {dagbag.py:588} INFO - Filling up the DagBag from /home/airflow/.local/lib/python3.12/site-packages/airflow/example_dags/example_subdag_operator.py
[2025-05-19T16:01:21.944+0000] {processor.py:925} INFO - DAG(s) 'example_subdag_operator.section-1', 'example_subdag_operator.section-2', 'example_subdag_operator' retrieved from /home/airflow/.local/lib/python3.12/site-packages/airflow/example_dags/example_subdag_operator.py
[2025-05-19T16:01:21.951+0000] {logging_mixin.py:190} INFO - [2025-05-19T16:01:21.951+0000] {dag.py:3239} INFO - Sync 3 DAGs
[2025-05-19T16:01:21.961+0000] {logging_mixin.py:190} INFO - [2025-05-19T16:01:21.961+0000] {dag.py:4180} INFO - Setting next_dagrun for example_subdag_operator to 2022-01-01 00:00:00+00:00, run_after=2022-01-01 00:00:00+00:00
[2025-05-19T16:01:21.964+0000] {logging_mixin.py:190} INFO - [2025-05-19T16:01:21.964+0000] {dag.py:4180} INFO - Setting next_dagrun for example_subdag_operator.section-1 to None, run_after=None
[2025-05-19T16:01:21.965+0000] {logging_mixin.py:190} INFO - [2025-05-19T16:01:21.965+0000] {dag.py:4180} INFO - Setting next_dagrun for example_subdag_operator.section-2 to None, run_after=None
[2025-05-19T16:01:21.969+0000] {logging_mixin.py:190} INFO - [2025-05-19T16:01:21.969+0000] {dag.py:3239} INFO - Sync 2 DAGs
[2025-05-19T16:01:21.971+0000] {logging_mixin.py:190} INFO - [2025-05-19T16:01:21.971+0000] {dag.py:4180} INFO - Setting next_dagrun for example_subdag_operator.section-1 to None, run_after=None
[2025-05-19T16:01:21.972+0000] {logging_mixin.py:190} INFO - [2025-05-19T16:01:21.972+0000] {dag.py:4180} INFO - Setting next_dagrun for example_subdag_operator.section-2 to None, run_after=None
[2025-05-19T16:01:21.977+0000] {processor.py:208} INFO - Processing /home/airflow/.local/lib/python3.12/site-packages/airflow/example_dags/example_subdag_operator.py took 0.053 seconds
[2025-05-19T16:01:52.847+0000] {processor.py:186} INFO - Started process (PID=1609) to work on /home/airflow/.local/lib/python3.12/site-packages/airflow/example_dags/example_subdag_operator.py
[2025-05-19T16:01:52.847+0000] {processor.py:914} INFO - Processing file /home/airflow/.local/lib/python3.12/site-packages/airflow/example_dags/example_subdag_operator.py for tasks to queue
[2025-05-19T16:01:52.849+0000] {logging_mixin.py:190} INFO - [2025-05-19T16:01:52.849+0000] {dagbag.py:588} INFO - Filling up the DagBag from /home/airflow/.local/lib/python3.12/site-packages/airflow/example_dags/example_subdag_operator.py
[2025-05-19T16:01:52.865+0000] {processor.py:925} INFO - DAG(s) 'example_subdag_operator.section-1', 'example_subdag_operator.section-2', 'example_subdag_operator' retrieved from /home/airflow/.local/lib/python3.12/site-packages/airflow/example_dags/example_subdag_operator.py
[2025-05-19T16:01:52.872+0000] {logging_mixin.py:190} INFO - [2025-05-19T16:01:52.872+0000] {dag.py:3239} INFO - Sync 3 DAGs
[2025-05-19T16:01:52.885+0000] {logging_mixin.py:190} INFO - [2025-05-19T16:01:52.885+0000] {dag.py:4180} INFO - Setting next_dagrun for example_subdag_operator to 2022-01-01 00:00:00+00:00, run_after=2022-01-01 00:00:00+00:00
[2025-05-19T16:01:52.888+0000] {logging_mixin.py:190} INFO - [2025-05-19T16:01:52.888+0000] {dag.py:4180} INFO - Setting next_dagrun for example_subdag_operator.section-1 to None, run_after=None
[2025-05-19T16:01:52.889+0000] {logging_mixin.py:190} INFO - [2025-05-19T16:01:52.889+0000] {dag.py:4180} INFO - Setting next_dagrun for example_subdag_operator.section-2 to None, run_after=None
[2025-05-19T16:01:52.892+0000] {logging_mixin.py:190} INFO - [2025-05-19T16:01:52.892+0000] {dag.py:3239} INFO - Sync 2 DAGs
[2025-05-19T16:01:52.895+0000] {logging_mixin.py:190} INFO - [2025-05-19T16:01:52.895+0000] {dag.py:4180} INFO - Setting next_dagrun for example_subdag_operator.section-1 to None, run_after=None
[2025-05-19T16:01:52.896+0000] {logging_mixin.py:190} INFO - [2025-05-19T16:01:52.896+0000] {dag.py:4180} INFO - Setting next_dagrun for example_subdag_operator.section-2 to None, run_after=None
[2025-05-19T16:01:52.901+0000] {processor.py:208} INFO - Processing /home/airflow/.local/lib/python3.12/site-packages/airflow/example_dags/example_subdag_operator.py took 0.058 seconds
[2025-05-19T16:02:23.565+0000] {processor.py:186} INFO - Started process (PID=1666) to work on /home/airflow/.local/lib/python3.12/site-packages/airflow/example_dags/example_subdag_operator.py
[2025-05-19T16:02:23.568+0000] {processor.py:914} INFO - Processing file /home/airflow/.local/lib/python3.12/site-packages/airflow/example_dags/example_subdag_operator.py for tasks to queue
[2025-05-19T16:02:23.569+0000] {logging_mixin.py:190} INFO - [2025-05-19T16:02:23.569+0000] {dagbag.py:588} INFO - Filling up the DagBag from /home/airflow/.local/lib/python3.12/site-packages/airflow/example_dags/example_subdag_operator.py
[2025-05-19T16:02:23.583+0000] {processor.py:925} INFO - DAG(s) 'example_subdag_operator.section-1', 'example_subdag_operator.section-2', 'example_subdag_operator' retrieved from /home/airflow/.local/lib/python3.12/site-packages/airflow/example_dags/example_subdag_operator.py
[2025-05-19T16:02:23.591+0000] {logging_mixin.py:190} INFO - [2025-05-19T16:02:23.591+0000] {dag.py:3239} INFO - Sync 3 DAGs
[2025-05-19T16:02:23.605+0000] {logging_mixin.py:190} INFO - [2025-05-19T16:02:23.605+0000] {dag.py:4180} INFO - Setting next_dagrun for example_subdag_operator to 2022-01-01 00:00:00+00:00, run_after=2022-01-01 00:00:00+00:00
[2025-05-19T16:02:23.607+0000] {logging_mixin.py:190} INFO - [2025-05-19T16:02:23.607+0000] {dag.py:4180} INFO - Setting next_dagrun for example_subdag_operator.section-1 to None, run_after=None
[2025-05-19T16:02:23.608+0000] {logging_mixin.py:190} INFO - [2025-05-19T16:02:23.608+0000] {dag.py:4180} INFO - Setting next_dagrun for example_subdag_operator.section-2 to None, run_after=None
[2025-05-19T16:02:23.612+0000] {logging_mixin.py:190} INFO - [2025-05-19T16:02:23.612+0000] {dag.py:3239} INFO - Sync 2 DAGs
[2025-05-19T16:02:23.615+0000] {logging_mixin.py:190} INFO - [2025-05-19T16:02:23.615+0000] {dag.py:4180} INFO - Setting next_dagrun for example_subdag_operator.section-1 to None, run_after=None
[2025-05-19T16:02:23.615+0000] {logging_mixin.py:190} INFO - [2025-05-19T16:02:23.615+0000] {dag.py:4180} INFO - Setting next_dagrun for example_subdag_operator.section-2 to None, run_after=None
[2025-05-19T16:02:23.621+0000] {processor.py:208} INFO - Processing /home/airflow/.local/lib/python3.12/site-packages/airflow/example_dags/example_subdag_operator.py took 0.059 seconds
[2025-05-19T16:02:54.568+0000] {processor.py:186} INFO - Started process (PID=1723) to work on /home/airflow/.local/lib/python3.12/site-packages/airflow/example_dags/example_subdag_operator.py
[2025-05-19T16:02:54.569+0000] {processor.py:914} INFO - Processing file /home/airflow/.local/lib/python3.12/site-packages/airflow/example_dags/example_subdag_operator.py for tasks to queue
[2025-05-19T16:02:54.570+0000] {logging_mixin.py:190} INFO - [2025-05-19T16:02:54.570+0000] {dagbag.py:588} INFO - Filling up the DagBag from /home/airflow/.local/lib/python3.12/site-packages/airflow/example_dags/example_subdag_operator.py
[2025-05-19T16:02:54.584+0000] {processor.py:925} INFO - DAG(s) 'example_subdag_operator.section-1', 'example_subdag_operator.section-2', 'example_subdag_operator' retrieved from /home/airflow/.local/lib/python3.12/site-packages/airflow/example_dags/example_subdag_operator.py
[2025-05-19T16:02:54.591+0000] {logging_mixin.py:190} INFO - [2025-05-19T16:02:54.591+0000] {dag.py:3239} INFO - Sync 3 DAGs
[2025-05-19T16:02:54.602+0000] {logging_mixin.py:190} INFO - [2025-05-19T16:02:54.602+0000] {dag.py:4180} INFO - Setting next_dagrun for example_subdag_operator to 2022-01-01 00:00:00+00:00, run_after=2022-01-01 00:00:00+00:00
[2025-05-19T16:02:54.604+0000] {logging_mixin.py:190} INFO - [2025-05-19T16:02:54.604+0000] {dag.py:4180} INFO - Setting next_dagrun for example_subdag_operator.section-1 to None, run_after=None
[2025-05-19T16:02:54.605+0000] {logging_mixin.py:190} INFO - [2025-05-19T16:02:54.605+0000] {dag.py:4180} INFO - Setting next_dagrun for example_subdag_operator.section-2 to None, run_after=None
[2025-05-19T16:02:54.608+0000] {logging_mixin.py:190} INFO - [2025-05-19T16:02:54.608+0000] {dag.py:3239} INFO - Sync 2 DAGs
[2025-05-19T16:02:54.610+0000] {logging_mixin.py:190} INFO - [2025-05-19T16:02:54.610+0000] {dag.py:4180} INFO - Setting next_dagrun for example_subdag_operator.section-1 to None, run_after=None
[2025-05-19T16:02:54.611+0000] {logging_mixin.py:190} INFO - [2025-05-19T16:02:54.611+0000] {dag.py:4180} INFO - Setting next_dagrun for example_subdag_operator.section-2 to None, run_after=None
[2025-05-19T16:02:54.617+0000] {processor.py:208} INFO - Processing /home/airflow/.local/lib/python3.12/site-packages/airflow/example_dags/example_subdag_operator.py took 0.053 seconds
[2025-05-19T16:03:25.571+0000] {processor.py:186} INFO - Started process (PID=1780) to work on /home/airflow/.local/lib/python3.12/site-packages/airflow/example_dags/example_subdag_operator.py
[2025-05-19T16:03:25.571+0000] {processor.py:914} INFO - Processing file /home/airflow/.local/lib/python3.12/site-packages/airflow/example_dags/example_subdag_operator.py for tasks to queue
[2025-05-19T16:03:25.573+0000] {logging_mixin.py:190} INFO - [2025-05-19T16:03:25.572+0000] {dagbag.py:588} INFO - Filling up the DagBag from /home/airflow/.local/lib/python3.12/site-packages/airflow/example_dags/example_subdag_operator.py
[2025-05-19T16:03:25.586+0000] {processor.py:925} INFO - DAG(s) 'example_subdag_operator.section-1', 'example_subdag_operator.section-2', 'example_subdag_operator' retrieved from /home/airflow/.local/lib/python3.12/site-packages/airflow/example_dags/example_subdag_operator.py
[2025-05-19T16:03:25.592+0000] {logging_mixin.py:190} INFO - [2025-05-19T16:03:25.592+0000] {dag.py:3239} INFO - Sync 3 DAGs
[2025-05-19T16:03:25.602+0000] {logging_mixin.py:190} INFO - [2025-05-19T16:03:25.602+0000] {dag.py:4180} INFO - Setting next_dagrun for example_subdag_operator to 2022-01-01 00:00:00+00:00, run_after=2022-01-01 00:00:00+00:00
[2025-05-19T16:03:25.604+0000] {logging_mixin.py:190} INFO - [2025-05-19T16:03:25.604+0000] {dag.py:4180} INFO - Setting next_dagrun for example_subdag_operator.section-1 to None, run_after=None
[2025-05-19T16:03:25.605+0000] {logging_mixin.py:190} INFO - [2025-05-19T16:03:25.604+0000] {dag.py:4180} INFO - Setting next_dagrun for example_subdag_operator.section-2 to None, run_after=None
[2025-05-19T16:03:25.608+0000] {logging_mixin.py:190} INFO - [2025-05-19T16:03:25.608+0000] {dag.py:3239} INFO - Sync 2 DAGs
[2025-05-19T16:03:25.610+0000] {logging_mixin.py:190} INFO - [2025-05-19T16:03:25.610+0000] {dag.py:4180} INFO - Setting next_dagrun for example_subdag_operator.section-1 to None, run_after=None
[2025-05-19T16:03:25.610+0000] {logging_mixin.py:190} INFO - [2025-05-19T16:03:25.610+0000] {dag.py:4180} INFO - Setting next_dagrun for example_subdag_operator.section-2 to None, run_after=None
[2025-05-19T16:03:25.615+0000] {processor.py:208} INFO - Processing /home/airflow/.local/lib/python3.12/site-packages/airflow/example_dags/example_subdag_operator.py took 0.047 seconds
[2025-05-19T16:03:56.523+0000] {processor.py:186} INFO - Started process (PID=1837) to work on /home/airflow/.local/lib/python3.12/site-packages/airflow/example_dags/example_subdag_operator.py
[2025-05-19T16:03:56.524+0000] {processor.py:914} INFO - Processing file /home/airflow/.local/lib/python3.12/site-packages/airflow/example_dags/example_subdag_operator.py for tasks to queue
[2025-05-19T16:03:56.526+0000] {logging_mixin.py:190} INFO - [2025-05-19T16:03:56.525+0000] {dagbag.py:588} INFO - Filling up the DagBag from /home/airflow/.local/lib/python3.12/site-packages/airflow/example_dags/example_subdag_operator.py
[2025-05-19T16:03:56.541+0000] {processor.py:925} INFO - DAG(s) 'example_subdag_operator.section-1', 'example_subdag_operator.section-2', 'example_subdag_operator' retrieved from /home/airflow/.local/lib/python3.12/site-packages/airflow/example_dags/example_subdag_operator.py
[2025-05-19T16:03:56.549+0000] {logging_mixin.py:190} INFO - [2025-05-19T16:03:56.548+0000] {dag.py:3239} INFO - Sync 3 DAGs
[2025-05-19T16:03:56.560+0000] {logging_mixin.py:190} INFO - [2025-05-19T16:03:56.560+0000] {dag.py:4180} INFO - Setting next_dagrun for example_subdag_operator to 2022-01-01 00:00:00+00:00, run_after=2022-01-01 00:00:00+00:00
[2025-05-19T16:03:56.562+0000] {logging_mixin.py:190} INFO - [2025-05-19T16:03:56.561+0000] {dag.py:4180} INFO - Setting next_dagrun for example_subdag_operator.section-1 to None, run_after=None
[2025-05-19T16:03:56.562+0000] {logging_mixin.py:190} INFO - [2025-05-19T16:03:56.562+0000] {dag.py:4180} INFO - Setting next_dagrun for example_subdag_operator.section-2 to None, run_after=None
[2025-05-19T16:03:56.566+0000] {logging_mixin.py:190} INFO - [2025-05-19T16:03:56.566+0000] {dag.py:3239} INFO - Sync 2 DAGs
[2025-05-19T16:03:56.568+0000] {logging_mixin.py:190} INFO - [2025-05-19T16:03:56.568+0000] {dag.py:4180} INFO - Setting next_dagrun for example_subdag_operator.section-1 to None, run_after=None
[2025-05-19T16:03:56.568+0000] {logging_mixin.py:190} INFO - [2025-05-19T16:03:56.568+0000] {dag.py:4180} INFO - Setting next_dagrun for example_subdag_operator.section-2 to None, run_after=None
[2025-05-19T16:03:56.574+0000] {processor.py:208} INFO - Processing /home/airflow/.local/lib/python3.12/site-packages/airflow/example_dags/example_subdag_operator.py took 0.054 seconds
[2025-05-19T16:04:27.190+0000] {processor.py:186} INFO - Started process (PID=1894) to work on /home/airflow/.local/lib/python3.12/site-packages/airflow/example_dags/example_subdag_operator.py
[2025-05-19T16:04:27.192+0000] {processor.py:914} INFO - Processing file /home/airflow/.local/lib/python3.12/site-packages/airflow/example_dags/example_subdag_operator.py for tasks to queue
[2025-05-19T16:04:27.194+0000] {logging_mixin.py:190} INFO - [2025-05-19T16:04:27.193+0000] {dagbag.py:588} INFO - Filling up the DagBag from /home/airflow/.local/lib/python3.12/site-packages/airflow/example_dags/example_subdag_operator.py
[2025-05-19T16:04:27.209+0000] {processor.py:925} INFO - DAG(s) 'example_subdag_operator.section-1', 'example_subdag_operator.section-2', 'example_subdag_operator' retrieved from /home/airflow/.local/lib/python3.12/site-packages/airflow/example_dags/example_subdag_operator.py
[2025-05-19T16:04:27.216+0000] {logging_mixin.py:190} INFO - [2025-05-19T16:04:27.216+0000] {dag.py:3239} INFO - Sync 3 DAGs
[2025-05-19T16:04:27.226+0000] {logging_mixin.py:190} INFO - [2025-05-19T16:04:27.226+0000] {dag.py:4180} INFO - Setting next_dagrun for example_subdag_operator to 2022-01-01 00:00:00+00:00, run_after=2022-01-01 00:00:00+00:00
[2025-05-19T16:04:27.228+0000] {logging_mixin.py:190} INFO - [2025-05-19T16:04:27.228+0000] {dag.py:4180} INFO - Setting next_dagrun for example_subdag_operator.section-1 to None, run_after=None
[2025-05-19T16:04:27.229+0000] {logging_mixin.py:190} INFO - [2025-05-19T16:04:27.228+0000] {dag.py:4180} INFO - Setting next_dagrun for example_subdag_operator.section-2 to None, run_after=None
[2025-05-19T16:04:27.232+0000] {logging_mixin.py:190} INFO - [2025-05-19T16:04:27.232+0000] {dag.py:3239} INFO - Sync 2 DAGs
[2025-05-19T16:04:27.235+0000] {logging_mixin.py:190} INFO - [2025-05-19T16:04:27.235+0000] {dag.py:4180} INFO - Setting next_dagrun for example_subdag_operator.section-1 to None, run_after=None
[2025-05-19T16:04:27.235+0000] {logging_mixin.py:190} INFO - [2025-05-19T16:04:27.235+0000] {dag.py:4180} INFO - Setting next_dagrun for example_subdag_operator.section-2 to None, run_after=None
[2025-05-19T16:04:27.241+0000] {processor.py:208} INFO - Processing /home/airflow/.local/lib/python3.12/site-packages/airflow/example_dags/example_subdag_operator.py took 0.054 seconds
[2025-05-19T16:04:58.021+0000] {processor.py:186} INFO - Started process (PID=1951) to work on /home/airflow/.local/lib/python3.12/site-packages/airflow/example_dags/example_subdag_operator.py
[2025-05-19T16:04:58.027+0000] {processor.py:914} INFO - Processing file /home/airflow/.local/lib/python3.12/site-packages/airflow/example_dags/example_subdag_operator.py for tasks to queue
[2025-05-19T16:04:58.029+0000] {logging_mixin.py:190} INFO - [2025-05-19T16:04:58.029+0000] {dagbag.py:588} INFO - Filling up the DagBag from /home/airflow/.local/lib/python3.12/site-packages/airflow/example_dags/example_subdag_operator.py
[2025-05-19T16:04:58.044+0000] {processor.py:925} INFO - DAG(s) 'example_subdag_operator.section-1', 'example_subdag_operator.section-2', 'example_subdag_operator' retrieved from /home/airflow/.local/lib/python3.12/site-packages/airflow/example_dags/example_subdag_operator.py
[2025-05-19T16:04:58.055+0000] {logging_mixin.py:190} INFO - [2025-05-19T16:04:58.055+0000] {dag.py:3239} INFO - Sync 3 DAGs
[2025-05-19T16:04:58.071+0000] {logging_mixin.py:190} INFO - [2025-05-19T16:04:58.071+0000] {dag.py:4180} INFO - Setting next_dagrun for example_subdag_operator to 2022-01-01 00:00:00+00:00, run_after=2022-01-01 00:00:00+00:00
[2025-05-19T16:04:58.073+0000] {logging_mixin.py:190} INFO - [2025-05-19T16:04:58.073+0000] {dag.py:4180} INFO - Setting next_dagrun for example_subdag_operator.section-1 to None, run_after=None
[2025-05-19T16:04:58.074+0000] {logging_mixin.py:190} INFO - [2025-05-19T16:04:58.074+0000] {dag.py:4180} INFO - Setting next_dagrun for example_subdag_operator.section-2 to None, run_after=None
[2025-05-19T16:04:58.080+0000] {logging_mixin.py:190} INFO - [2025-05-19T16:04:58.080+0000] {dag.py:3239} INFO - Sync 2 DAGs
[2025-05-19T16:04:58.083+0000] {logging_mixin.py:190} INFO - [2025-05-19T16:04:58.083+0000] {dag.py:4180} INFO - Setting next_dagrun for example_subdag_operator.section-1 to None, run_after=None
[2025-05-19T16:04:58.084+0000] {logging_mixin.py:190} INFO - [2025-05-19T16:04:58.084+0000] {dag.py:4180} INFO - Setting next_dagrun for example_subdag_operator.section-2 to None, run_after=None
[2025-05-19T16:04:58.089+0000] {processor.py:208} INFO - Processing /home/airflow/.local/lib/python3.12/site-packages/airflow/example_dags/example_subdag_operator.py took 0.071 seconds
