[2025-05-19T15:47:58.585+0000] {processor.py:186} INFO - Started process (PID=66) to work on /home/airflow/.local/lib/python3.12/site-packages/airflow/example_dags/example_dataset_alias.py
[2025-05-19T15:47:58.586+0000] {processor.py:914} INFO - Processing file /home/airflow/.local/lib/python3.12/site-packages/airflow/example_dags/example_dataset_alias.py for tasks to queue
[2025-05-19T15:47:58.587+0000] {logging_mixin.py:190} INFO - [2025-05-19T15:47:58.587+0000] {dagbag.py:588} INFO - Filling up the DagBag from /home/airflow/.local/lib/python3.12/site-packages/airflow/example_dags/example_dataset_alias.py
[2025-05-19T15:47:59.012+0000] {processor.py:925} INFO - DAG(s) 'dataset_alias_example_alias_consumer', 'dataset_s3_bucket_consumer', 'dataset_alias_example_alias_producer', 'dataset_s3_bucket_producer' retrieved from /home/airflow/.local/lib/python3.12/site-packages/airflow/example_dags/example_dataset_alias.py
[2025-05-19T15:47:59.050+0000] {logging_mixin.py:190} INFO - [2025-05-19T15:47:59.050+0000] {override.py:1912} INFO - Created Permission View: can delete on DAG:dataset_alias_example_alias_consumer
[2025-05-19T15:47:59.055+0000] {logging_mixin.py:190} INFO - [2025-05-19T15:47:59.055+0000] {override.py:1912} INFO - Created Permission View: can read on DAG:dataset_alias_example_alias_consumer
[2025-05-19T15:47:59.059+0000] {logging_mixin.py:190} INFO - [2025-05-19T15:47:59.059+0000] {override.py:1912} INFO - Created Permission View: can edit on DAG:dataset_alias_example_alias_consumer
[2025-05-19T15:47:59.062+0000] {logging_mixin.py:190} INFO - [2025-05-19T15:47:59.062+0000] {override.py:1912} INFO - Created Permission View: menu access on DAG Run:dataset_alias_example_alias_consumer
[2025-05-19T15:47:59.068+0000] {logging_mixin.py:190} INFO - [2025-05-19T15:47:59.068+0000] {override.py:1912} INFO - Created Permission View: can create on DAG Run:dataset_alias_example_alias_consumer
[2025-05-19T15:47:59.072+0000] {logging_mixin.py:190} INFO - [2025-05-19T15:47:59.072+0000] {override.py:1912} INFO - Created Permission View: can delete on DAG Run:dataset_alias_example_alias_consumer
[2025-05-19T15:47:59.076+0000] {logging_mixin.py:190} INFO - [2025-05-19T15:47:59.076+0000] {override.py:1912} INFO - Created Permission View: can read on DAG Run:dataset_alias_example_alias_consumer
[2025-05-19T15:47:59.082+0000] {logging_mixin.py:190} INFO - [2025-05-19T15:47:59.082+0000] {override.py:1912} INFO - Created Permission View: can delete on DAG:dataset_s3_bucket_consumer
[2025-05-19T15:47:59.086+0000] {logging_mixin.py:190} INFO - [2025-05-19T15:47:59.086+0000] {override.py:1912} INFO - Created Permission View: can read on DAG:dataset_s3_bucket_consumer
[2025-05-19T15:47:59.089+0000] {logging_mixin.py:190} INFO - [2025-05-19T15:47:59.089+0000] {override.py:1912} INFO - Created Permission View: can edit on DAG:dataset_s3_bucket_consumer
[2025-05-19T15:47:59.092+0000] {logging_mixin.py:190} INFO - [2025-05-19T15:47:59.092+0000] {override.py:1912} INFO - Created Permission View: menu access on DAG Run:dataset_s3_bucket_consumer
[2025-05-19T15:47:59.095+0000] {logging_mixin.py:190} INFO - [2025-05-19T15:47:59.095+0000] {override.py:1912} INFO - Created Permission View: can create on DAG Run:dataset_s3_bucket_consumer
[2025-05-19T15:47:59.099+0000] {logging_mixin.py:190} INFO - [2025-05-19T15:47:59.099+0000] {override.py:1912} INFO - Created Permission View: can delete on DAG Run:dataset_s3_bucket_consumer
[2025-05-19T15:47:59.102+0000] {logging_mixin.py:190} INFO - [2025-05-19T15:47:59.102+0000] {override.py:1912} INFO - Created Permission View: can read on DAG Run:dataset_s3_bucket_consumer
[2025-05-19T15:47:59.108+0000] {logging_mixin.py:190} INFO - [2025-05-19T15:47:59.108+0000] {override.py:1912} INFO - Created Permission View: can delete on DAG:dataset_alias_example_alias_producer
[2025-05-19T15:47:59.111+0000] {logging_mixin.py:190} INFO - [2025-05-19T15:47:59.111+0000] {override.py:1912} INFO - Created Permission View: can read on DAG:dataset_alias_example_alias_producer
[2025-05-19T15:47:59.114+0000] {logging_mixin.py:190} INFO - [2025-05-19T15:47:59.114+0000] {override.py:1912} INFO - Created Permission View: can edit on DAG:dataset_alias_example_alias_producer
[2025-05-19T15:47:59.117+0000] {logging_mixin.py:190} INFO - [2025-05-19T15:47:59.117+0000] {override.py:1912} INFO - Created Permission View: menu access on DAG Run:dataset_alias_example_alias_producer
[2025-05-19T15:47:59.122+0000] {logging_mixin.py:190} INFO - [2025-05-19T15:47:59.121+0000] {override.py:1912} INFO - Created Permission View: can create on DAG Run:dataset_alias_example_alias_producer
[2025-05-19T15:47:59.126+0000] {logging_mixin.py:190} INFO - [2025-05-19T15:47:59.126+0000] {override.py:1912} INFO - Created Permission View: can delete on DAG Run:dataset_alias_example_alias_producer
[2025-05-19T15:47:59.130+0000] {logging_mixin.py:190} INFO - [2025-05-19T15:47:59.130+0000] {override.py:1912} INFO - Created Permission View: can read on DAG Run:dataset_alias_example_alias_producer
[2025-05-19T15:47:59.138+0000] {logging_mixin.py:190} INFO - [2025-05-19T15:47:59.138+0000] {override.py:1912} INFO - Created Permission View: can delete on DAG:dataset_s3_bucket_producer
[2025-05-19T15:47:59.141+0000] {logging_mixin.py:190} INFO - [2025-05-19T15:47:59.141+0000] {override.py:1912} INFO - Created Permission View: can read on DAG:dataset_s3_bucket_producer
[2025-05-19T15:47:59.144+0000] {logging_mixin.py:190} INFO - [2025-05-19T15:47:59.144+0000] {override.py:1912} INFO - Created Permission View: can edit on DAG:dataset_s3_bucket_producer
[2025-05-19T15:47:59.147+0000] {logging_mixin.py:190} INFO - [2025-05-19T15:47:59.147+0000] {override.py:1912} INFO - Created Permission View: menu access on DAG Run:dataset_s3_bucket_producer
[2025-05-19T15:47:59.150+0000] {logging_mixin.py:190} INFO - [2025-05-19T15:47:59.150+0000] {override.py:1912} INFO - Created Permission View: can create on DAG Run:dataset_s3_bucket_producer
[2025-05-19T15:47:59.153+0000] {logging_mixin.py:190} INFO - [2025-05-19T15:47:59.153+0000] {override.py:1912} INFO - Created Permission View: can delete on DAG Run:dataset_s3_bucket_producer
[2025-05-19T15:47:59.156+0000] {logging_mixin.py:190} INFO - [2025-05-19T15:47:59.156+0000] {override.py:1912} INFO - Created Permission View: can read on DAG Run:dataset_s3_bucket_producer
[2025-05-19T15:47:59.156+0000] {logging_mixin.py:190} INFO - [2025-05-19T15:47:59.156+0000] {dag.py:3239} INFO - Sync 4 DAGs
[2025-05-19T15:47:59.162+0000] {logging_mixin.py:190} INFO - [2025-05-19T15:47:59.162+0000] {dag.py:3262} INFO - Creating ORM DAG for dataset_alias_example_alias_producer
[2025-05-19T15:47:59.162+0000] {logging_mixin.py:190} INFO - [2025-05-19T15:47:59.162+0000] {dag.py:3262} INFO - Creating ORM DAG for dataset_alias_example_alias_consumer
[2025-05-19T15:47:59.162+0000] {logging_mixin.py:190} INFO - [2025-05-19T15:47:59.162+0000] {dag.py:3262} INFO - Creating ORM DAG for dataset_s3_bucket_consumer
[2025-05-19T15:47:59.163+0000] {logging_mixin.py:190} INFO - [2025-05-19T15:47:59.163+0000] {dag.py:3262} INFO - Creating ORM DAG for dataset_s3_bucket_producer
[2025-05-19T15:47:59.167+0000] {logging_mixin.py:190} INFO - [2025-05-19T15:47:59.167+0000] {dag.py:4180} INFO - Setting next_dagrun for dataset_alias_example_alias_consumer to None, run_after=None
[2025-05-19T15:47:59.167+0000] {logging_mixin.py:190} INFO - [2025-05-19T15:47:59.167+0000] {dag.py:4180} INFO - Setting next_dagrun for dataset_alias_example_alias_producer to None, run_after=None
[2025-05-19T15:47:59.168+0000] {logging_mixin.py:190} INFO - [2025-05-19T15:47:59.168+0000] {dag.py:4180} INFO - Setting next_dagrun for dataset_s3_bucket_consumer to None, run_after=None
[2025-05-19T15:47:59.168+0000] {logging_mixin.py:190} INFO - [2025-05-19T15:47:59.168+0000] {dag.py:4180} INFO - Setting next_dagrun for dataset_s3_bucket_producer to None, run_after=None
[2025-05-19T15:47:59.190+0000] {processor.py:208} INFO - Processing /home/airflow/.local/lib/python3.12/site-packages/airflow/example_dags/example_dataset_alias.py took 0.608 seconds
[2025-05-19T15:48:29.761+0000] {processor.py:186} INFO - Started process (PID=123) to work on /home/airflow/.local/lib/python3.12/site-packages/airflow/example_dags/example_dataset_alias.py
[2025-05-19T15:48:29.762+0000] {processor.py:914} INFO - Processing file /home/airflow/.local/lib/python3.12/site-packages/airflow/example_dags/example_dataset_alias.py for tasks to queue
[2025-05-19T15:48:29.764+0000] {logging_mixin.py:190} INFO - [2025-05-19T15:48:29.764+0000] {dagbag.py:588} INFO - Filling up the DagBag from /home/airflow/.local/lib/python3.12/site-packages/airflow/example_dags/example_dataset_alias.py
[2025-05-19T15:48:30.086+0000] {processor.py:925} INFO - DAG(s) 'dataset_alias_example_alias_consumer', 'dataset_alias_example_alias_producer', 'dataset_s3_bucket_producer', 'dataset_s3_bucket_consumer' retrieved from /home/airflow/.local/lib/python3.12/site-packages/airflow/example_dags/example_dataset_alias.py
[2025-05-19T15:48:30.098+0000] {logging_mixin.py:190} INFO - [2025-05-19T15:48:30.097+0000] {dag.py:3239} INFO - Sync 4 DAGs
[2025-05-19T15:48:30.108+0000] {logging_mixin.py:190} INFO - [2025-05-19T15:48:30.108+0000] {dag.py:4180} INFO - Setting next_dagrun for dataset_alias_example_alias_consumer to None, run_after=None
[2025-05-19T15:48:30.109+0000] {logging_mixin.py:190} INFO - [2025-05-19T15:48:30.109+0000] {dag.py:4180} INFO - Setting next_dagrun for dataset_alias_example_alias_producer to None, run_after=None
[2025-05-19T15:48:30.110+0000] {logging_mixin.py:190} INFO - [2025-05-19T15:48:30.110+0000] {dag.py:4180} INFO - Setting next_dagrun for dataset_s3_bucket_consumer to None, run_after=None
[2025-05-19T15:48:30.111+0000] {logging_mixin.py:190} INFO - [2025-05-19T15:48:30.110+0000] {dag.py:4180} INFO - Setting next_dagrun for dataset_s3_bucket_producer to None, run_after=None
[2025-05-19T15:48:30.120+0000] {processor.py:208} INFO - Processing /home/airflow/.local/lib/python3.12/site-packages/airflow/example_dags/example_dataset_alias.py took 0.365 seconds
[2025-05-19T15:49:00.509+0000] {processor.py:186} INFO - Started process (PID=180) to work on /home/airflow/.local/lib/python3.12/site-packages/airflow/example_dags/example_dataset_alias.py
[2025-05-19T15:49:00.511+0000] {processor.py:914} INFO - Processing file /home/airflow/.local/lib/python3.12/site-packages/airflow/example_dags/example_dataset_alias.py for tasks to queue
[2025-05-19T15:49:00.514+0000] {logging_mixin.py:190} INFO - [2025-05-19T15:49:00.513+0000] {dagbag.py:588} INFO - Filling up the DagBag from /home/airflow/.local/lib/python3.12/site-packages/airflow/example_dags/example_dataset_alias.py
[2025-05-19T15:49:00.834+0000] {processor.py:925} INFO - DAG(s) 'dataset_s3_bucket_consumer', 'dataset_alias_example_alias_consumer', 'dataset_s3_bucket_producer', 'dataset_alias_example_alias_producer' retrieved from /home/airflow/.local/lib/python3.12/site-packages/airflow/example_dags/example_dataset_alias.py
[2025-05-19T15:49:00.844+0000] {logging_mixin.py:190} INFO - [2025-05-19T15:49:00.844+0000] {dag.py:3239} INFO - Sync 4 DAGs
[2025-05-19T15:49:00.854+0000] {logging_mixin.py:190} INFO - [2025-05-19T15:49:00.854+0000] {dag.py:4180} INFO - Setting next_dagrun for dataset_alias_example_alias_consumer to None, run_after=None
[2025-05-19T15:49:00.855+0000] {logging_mixin.py:190} INFO - [2025-05-19T15:49:00.855+0000] {dag.py:4180} INFO - Setting next_dagrun for dataset_alias_example_alias_producer to None, run_after=None
[2025-05-19T15:49:00.856+0000] {logging_mixin.py:190} INFO - [2025-05-19T15:49:00.856+0000] {dag.py:4180} INFO - Setting next_dagrun for dataset_s3_bucket_consumer to None, run_after=None
[2025-05-19T15:49:00.857+0000] {logging_mixin.py:190} INFO - [2025-05-19T15:49:00.857+0000] {dag.py:4180} INFO - Setting next_dagrun for dataset_s3_bucket_producer to None, run_after=None
[2025-05-19T15:49:00.866+0000] {processor.py:208} INFO - Processing /home/airflow/.local/lib/python3.12/site-packages/airflow/example_dags/example_dataset_alias.py took 0.366 seconds
[2025-05-19T15:49:31.281+0000] {processor.py:186} INFO - Started process (PID=237) to work on /home/airflow/.local/lib/python3.12/site-packages/airflow/example_dags/example_dataset_alias.py
[2025-05-19T15:49:31.282+0000] {processor.py:914} INFO - Processing file /home/airflow/.local/lib/python3.12/site-packages/airflow/example_dags/example_dataset_alias.py for tasks to queue
[2025-05-19T15:49:31.284+0000] {logging_mixin.py:190} INFO - [2025-05-19T15:49:31.284+0000] {dagbag.py:588} INFO - Filling up the DagBag from /home/airflow/.local/lib/python3.12/site-packages/airflow/example_dags/example_dataset_alias.py
[2025-05-19T15:49:31.582+0000] {processor.py:925} INFO - DAG(s) 'dataset_alias_example_alias_consumer', 'dataset_alias_example_alias_producer', 'dataset_s3_bucket_producer', 'dataset_s3_bucket_consumer' retrieved from /home/airflow/.local/lib/python3.12/site-packages/airflow/example_dags/example_dataset_alias.py
[2025-05-19T15:49:31.594+0000] {logging_mixin.py:190} INFO - [2025-05-19T15:49:31.594+0000] {dag.py:3239} INFO - Sync 4 DAGs
[2025-05-19T15:49:31.604+0000] {logging_mixin.py:190} INFO - [2025-05-19T15:49:31.604+0000] {dag.py:4180} INFO - Setting next_dagrun for dataset_alias_example_alias_consumer to None, run_after=None
[2025-05-19T15:49:31.605+0000] {logging_mixin.py:190} INFO - [2025-05-19T15:49:31.605+0000] {dag.py:4180} INFO - Setting next_dagrun for dataset_alias_example_alias_producer to None, run_after=None
[2025-05-19T15:49:31.606+0000] {logging_mixin.py:190} INFO - [2025-05-19T15:49:31.606+0000] {dag.py:4180} INFO - Setting next_dagrun for dataset_s3_bucket_consumer to None, run_after=None
[2025-05-19T15:49:31.607+0000] {logging_mixin.py:190} INFO - [2025-05-19T15:49:31.607+0000] {dag.py:4180} INFO - Setting next_dagrun for dataset_s3_bucket_producer to None, run_after=None
[2025-05-19T15:49:31.615+0000] {processor.py:208} INFO - Processing /home/airflow/.local/lib/python3.12/site-packages/airflow/example_dags/example_dataset_alias.py took 0.340 seconds
[2025-05-19T15:50:02.169+0000] {processor.py:186} INFO - Started process (PID=294) to work on /home/airflow/.local/lib/python3.12/site-packages/airflow/example_dags/example_dataset_alias.py
[2025-05-19T15:50:02.171+0000] {processor.py:914} INFO - Processing file /home/airflow/.local/lib/python3.12/site-packages/airflow/example_dags/example_dataset_alias.py for tasks to queue
[2025-05-19T15:50:02.174+0000] {logging_mixin.py:190} INFO - [2025-05-19T15:50:02.173+0000] {dagbag.py:588} INFO - Filling up the DagBag from /home/airflow/.local/lib/python3.12/site-packages/airflow/example_dags/example_dataset_alias.py
[2025-05-19T15:50:02.480+0000] {processor.py:925} INFO - DAG(s) 'dataset_alias_example_alias_producer', 'dataset_s3_bucket_consumer', 'dataset_s3_bucket_producer', 'dataset_alias_example_alias_consumer' retrieved from /home/airflow/.local/lib/python3.12/site-packages/airflow/example_dags/example_dataset_alias.py
[2025-05-19T15:50:02.489+0000] {logging_mixin.py:190} INFO - [2025-05-19T15:50:02.489+0000] {dag.py:3239} INFO - Sync 4 DAGs
[2025-05-19T15:50:02.499+0000] {logging_mixin.py:190} INFO - [2025-05-19T15:50:02.499+0000] {dag.py:4180} INFO - Setting next_dagrun for dataset_alias_example_alias_consumer to None, run_after=None
[2025-05-19T15:50:02.500+0000] {logging_mixin.py:190} INFO - [2025-05-19T15:50:02.500+0000] {dag.py:4180} INFO - Setting next_dagrun for dataset_alias_example_alias_producer to None, run_after=None
[2025-05-19T15:50:02.501+0000] {logging_mixin.py:190} INFO - [2025-05-19T15:50:02.501+0000] {dag.py:4180} INFO - Setting next_dagrun for dataset_s3_bucket_consumer to None, run_after=None
[2025-05-19T15:50:02.501+0000] {logging_mixin.py:190} INFO - [2025-05-19T15:50:02.501+0000] {dag.py:4180} INFO - Setting next_dagrun for dataset_s3_bucket_producer to None, run_after=None
[2025-05-19T15:50:02.511+0000] {processor.py:208} INFO - Processing /home/airflow/.local/lib/python3.12/site-packages/airflow/example_dags/example_dataset_alias.py took 0.350 seconds
[2025-05-19T15:50:32.876+0000] {processor.py:186} INFO - Started process (PID=351) to work on /home/airflow/.local/lib/python3.12/site-packages/airflow/example_dags/example_dataset_alias.py
[2025-05-19T15:50:32.877+0000] {processor.py:914} INFO - Processing file /home/airflow/.local/lib/python3.12/site-packages/airflow/example_dags/example_dataset_alias.py for tasks to queue
[2025-05-19T15:50:32.880+0000] {logging_mixin.py:190} INFO - [2025-05-19T15:50:32.880+0000] {dagbag.py:588} INFO - Filling up the DagBag from /home/airflow/.local/lib/python3.12/site-packages/airflow/example_dags/example_dataset_alias.py
[2025-05-19T15:50:33.181+0000] {processor.py:925} INFO - DAG(s) 'dataset_alias_example_alias_consumer', 'dataset_s3_bucket_consumer', 'dataset_alias_example_alias_producer', 'dataset_s3_bucket_producer' retrieved from /home/airflow/.local/lib/python3.12/site-packages/airflow/example_dags/example_dataset_alias.py
[2025-05-19T15:50:33.192+0000] {logging_mixin.py:190} INFO - [2025-05-19T15:50:33.192+0000] {dag.py:3239} INFO - Sync 4 DAGs
[2025-05-19T15:50:33.201+0000] {logging_mixin.py:190} INFO - [2025-05-19T15:50:33.201+0000] {dag.py:4180} INFO - Setting next_dagrun for dataset_alias_example_alias_consumer to None, run_after=None
[2025-05-19T15:50:33.202+0000] {logging_mixin.py:190} INFO - [2025-05-19T15:50:33.202+0000] {dag.py:4180} INFO - Setting next_dagrun for dataset_alias_example_alias_producer to None, run_after=None
[2025-05-19T15:50:33.203+0000] {logging_mixin.py:190} INFO - [2025-05-19T15:50:33.203+0000] {dag.py:4180} INFO - Setting next_dagrun for dataset_s3_bucket_consumer to None, run_after=None
[2025-05-19T15:50:33.204+0000] {logging_mixin.py:190} INFO - [2025-05-19T15:50:33.204+0000] {dag.py:4180} INFO - Setting next_dagrun for dataset_s3_bucket_producer to None, run_after=None
[2025-05-19T15:50:33.213+0000] {processor.py:208} INFO - Processing /home/airflow/.local/lib/python3.12/site-packages/airflow/example_dags/example_dataset_alias.py took 0.344 seconds
[2025-05-19T15:51:03.504+0000] {processor.py:186} INFO - Started process (PID=408) to work on /home/airflow/.local/lib/python3.12/site-packages/airflow/example_dags/example_dataset_alias.py
[2025-05-19T15:51:03.505+0000] {processor.py:914} INFO - Processing file /home/airflow/.local/lib/python3.12/site-packages/airflow/example_dags/example_dataset_alias.py for tasks to queue
[2025-05-19T15:51:03.508+0000] {logging_mixin.py:190} INFO - [2025-05-19T15:51:03.507+0000] {dagbag.py:588} INFO - Filling up the DagBag from /home/airflow/.local/lib/python3.12/site-packages/airflow/example_dags/example_dataset_alias.py
[2025-05-19T15:51:03.802+0000] {processor.py:925} INFO - DAG(s) 'dataset_s3_bucket_consumer', 'dataset_s3_bucket_producer', 'dataset_alias_example_alias_producer', 'dataset_alias_example_alias_consumer' retrieved from /home/airflow/.local/lib/python3.12/site-packages/airflow/example_dags/example_dataset_alias.py
[2025-05-19T15:51:03.813+0000] {logging_mixin.py:190} INFO - [2025-05-19T15:51:03.812+0000] {dag.py:3239} INFO - Sync 4 DAGs
[2025-05-19T15:51:03.823+0000] {logging_mixin.py:190} INFO - [2025-05-19T15:51:03.823+0000] {dag.py:4180} INFO - Setting next_dagrun for dataset_alias_example_alias_consumer to None, run_after=None
[2025-05-19T15:51:03.825+0000] {logging_mixin.py:190} INFO - [2025-05-19T15:51:03.825+0000] {dag.py:4180} INFO - Setting next_dagrun for dataset_alias_example_alias_producer to None, run_after=None
[2025-05-19T15:51:03.826+0000] {logging_mixin.py:190} INFO - [2025-05-19T15:51:03.826+0000] {dag.py:4180} INFO - Setting next_dagrun for dataset_s3_bucket_consumer to None, run_after=None
[2025-05-19T15:51:03.828+0000] {logging_mixin.py:190} INFO - [2025-05-19T15:51:03.828+0000] {dag.py:4180} INFO - Setting next_dagrun for dataset_s3_bucket_producer to None, run_after=None
[2025-05-19T15:51:03.838+0000] {processor.py:208} INFO - Processing /home/airflow/.local/lib/python3.12/site-packages/airflow/example_dags/example_dataset_alias.py took 0.341 seconds
[2025-05-19T15:51:34.160+0000] {processor.py:186} INFO - Started process (PID=465) to work on /home/airflow/.local/lib/python3.12/site-packages/airflow/example_dags/example_dataset_alias.py
[2025-05-19T15:51:34.162+0000] {processor.py:914} INFO - Processing file /home/airflow/.local/lib/python3.12/site-packages/airflow/example_dags/example_dataset_alias.py for tasks to queue
[2025-05-19T15:51:34.164+0000] {logging_mixin.py:190} INFO - [2025-05-19T15:51:34.164+0000] {dagbag.py:588} INFO - Filling up the DagBag from /home/airflow/.local/lib/python3.12/site-packages/airflow/example_dags/example_dataset_alias.py
[2025-05-19T15:51:34.476+0000] {processor.py:925} INFO - DAG(s) 'dataset_alias_example_alias_producer', 'dataset_s3_bucket_producer', 'dataset_alias_example_alias_consumer', 'dataset_s3_bucket_consumer' retrieved from /home/airflow/.local/lib/python3.12/site-packages/airflow/example_dags/example_dataset_alias.py
[2025-05-19T15:51:34.484+0000] {logging_mixin.py:190} INFO - [2025-05-19T15:51:34.484+0000] {dag.py:3239} INFO - Sync 4 DAGs
[2025-05-19T15:51:34.494+0000] {logging_mixin.py:190} INFO - [2025-05-19T15:51:34.494+0000] {dag.py:4180} INFO - Setting next_dagrun for dataset_alias_example_alias_consumer to None, run_after=None
[2025-05-19T15:51:34.496+0000] {logging_mixin.py:190} INFO - [2025-05-19T15:51:34.496+0000] {dag.py:4180} INFO - Setting next_dagrun for dataset_alias_example_alias_producer to None, run_after=None
[2025-05-19T15:51:34.497+0000] {logging_mixin.py:190} INFO - [2025-05-19T15:51:34.496+0000] {dag.py:4180} INFO - Setting next_dagrun for dataset_s3_bucket_consumer to None, run_after=None
[2025-05-19T15:51:34.497+0000] {logging_mixin.py:190} INFO - [2025-05-19T15:51:34.497+0000] {dag.py:4180} INFO - Setting next_dagrun for dataset_s3_bucket_producer to None, run_after=None
[2025-05-19T15:51:34.507+0000] {processor.py:208} INFO - Processing /home/airflow/.local/lib/python3.12/site-packages/airflow/example_dags/example_dataset_alias.py took 0.355 seconds
[2025-05-19T15:52:04.858+0000] {processor.py:186} INFO - Started process (PID=522) to work on /home/airflow/.local/lib/python3.12/site-packages/airflow/example_dags/example_dataset_alias.py
[2025-05-19T15:52:04.859+0000] {processor.py:914} INFO - Processing file /home/airflow/.local/lib/python3.12/site-packages/airflow/example_dags/example_dataset_alias.py for tasks to queue
[2025-05-19T15:52:04.860+0000] {logging_mixin.py:190} INFO - [2025-05-19T15:52:04.860+0000] {dagbag.py:588} INFO - Filling up the DagBag from /home/airflow/.local/lib/python3.12/site-packages/airflow/example_dags/example_dataset_alias.py
[2025-05-19T15:52:05.191+0000] {processor.py:925} INFO - DAG(s) 'dataset_s3_bucket_consumer', 'dataset_alias_example_alias_producer', 'dataset_alias_example_alias_consumer', 'dataset_s3_bucket_producer' retrieved from /home/airflow/.local/lib/python3.12/site-packages/airflow/example_dags/example_dataset_alias.py
[2025-05-19T15:52:05.202+0000] {logging_mixin.py:190} INFO - [2025-05-19T15:52:05.201+0000] {dag.py:3239} INFO - Sync 4 DAGs
[2025-05-19T15:52:05.211+0000] {logging_mixin.py:190} INFO - [2025-05-19T15:52:05.211+0000] {dag.py:4180} INFO - Setting next_dagrun for dataset_alias_example_alias_consumer to None, run_after=None
[2025-05-19T15:52:05.212+0000] {logging_mixin.py:190} INFO - [2025-05-19T15:52:05.212+0000] {dag.py:4180} INFO - Setting next_dagrun for dataset_alias_example_alias_producer to None, run_after=None
[2025-05-19T15:52:05.214+0000] {logging_mixin.py:190} INFO - [2025-05-19T15:52:05.214+0000] {dag.py:4180} INFO - Setting next_dagrun for dataset_s3_bucket_consumer to None, run_after=None
[2025-05-19T15:52:05.215+0000] {logging_mixin.py:190} INFO - [2025-05-19T15:52:05.215+0000] {dag.py:4180} INFO - Setting next_dagrun for dataset_s3_bucket_producer to None, run_after=None
[2025-05-19T15:52:05.229+0000] {processor.py:208} INFO - Processing /home/airflow/.local/lib/python3.12/site-packages/airflow/example_dags/example_dataset_alias.py took 0.374 seconds
[2025-05-19T15:52:36.079+0000] {processor.py:186} INFO - Started process (PID=582) to work on /home/airflow/.local/lib/python3.12/site-packages/airflow/example_dags/example_dataset_alias.py
[2025-05-19T15:52:36.080+0000] {processor.py:914} INFO - Processing file /home/airflow/.local/lib/python3.12/site-packages/airflow/example_dags/example_dataset_alias.py for tasks to queue
[2025-05-19T15:52:36.082+0000] {logging_mixin.py:190} INFO - [2025-05-19T15:52:36.082+0000] {dagbag.py:588} INFO - Filling up the DagBag from /home/airflow/.local/lib/python3.12/site-packages/airflow/example_dags/example_dataset_alias.py
[2025-05-19T15:52:36.522+0000] {processor.py:925} INFO - DAG(s) 'dataset_alias_example_alias_consumer', 'dataset_s3_bucket_consumer', 'dataset_s3_bucket_producer', 'dataset_alias_example_alias_producer' retrieved from /home/airflow/.local/lib/python3.12/site-packages/airflow/example_dags/example_dataset_alias.py
[2025-05-19T15:52:36.534+0000] {logging_mixin.py:190} INFO - [2025-05-19T15:52:36.534+0000] {dag.py:3239} INFO - Sync 4 DAGs
[2025-05-19T15:52:36.546+0000] {logging_mixin.py:190} INFO - [2025-05-19T15:52:36.546+0000] {dag.py:4180} INFO - Setting next_dagrun for dataset_alias_example_alias_consumer to None, run_after=None
[2025-05-19T15:52:36.548+0000] {logging_mixin.py:190} INFO - [2025-05-19T15:52:36.548+0000] {dag.py:4180} INFO - Setting next_dagrun for dataset_alias_example_alias_producer to None, run_after=None
[2025-05-19T15:52:36.549+0000] {logging_mixin.py:190} INFO - [2025-05-19T15:52:36.549+0000] {dag.py:4180} INFO - Setting next_dagrun for dataset_s3_bucket_consumer to None, run_after=None
[2025-05-19T15:52:36.550+0000] {logging_mixin.py:190} INFO - [2025-05-19T15:52:36.550+0000] {dag.py:4180} INFO - Setting next_dagrun for dataset_s3_bucket_producer to None, run_after=None
[2025-05-19T15:52:36.562+0000] {processor.py:208} INFO - Processing /home/airflow/.local/lib/python3.12/site-packages/airflow/example_dags/example_dataset_alias.py took 0.487 seconds
[2025-05-19T15:53:06.624+0000] {processor.py:186} INFO - Started process (PID=641) to work on /home/airflow/.local/lib/python3.12/site-packages/airflow/example_dags/example_dataset_alias.py
[2025-05-19T15:53:06.625+0000] {processor.py:914} INFO - Processing file /home/airflow/.local/lib/python3.12/site-packages/airflow/example_dags/example_dataset_alias.py for tasks to queue
[2025-05-19T15:53:06.626+0000] {logging_mixin.py:190} INFO - [2025-05-19T15:53:06.626+0000] {dagbag.py:588} INFO - Filling up the DagBag from /home/airflow/.local/lib/python3.12/site-packages/airflow/example_dags/example_dataset_alias.py
[2025-05-19T15:53:06.931+0000] {processor.py:925} INFO - DAG(s) 'dataset_alias_example_alias_producer', 'dataset_s3_bucket_consumer', 'dataset_alias_example_alias_consumer', 'dataset_s3_bucket_producer' retrieved from /home/airflow/.local/lib/python3.12/site-packages/airflow/example_dags/example_dataset_alias.py
[2025-05-19T15:53:06.946+0000] {logging_mixin.py:190} INFO - [2025-05-19T15:53:06.946+0000] {dag.py:3239} INFO - Sync 4 DAGs
[2025-05-19T15:53:06.961+0000] {logging_mixin.py:190} INFO - [2025-05-19T15:53:06.961+0000] {dag.py:4180} INFO - Setting next_dagrun for dataset_alias_example_alias_consumer to None, run_after=None
[2025-05-19T15:53:06.963+0000] {logging_mixin.py:190} INFO - [2025-05-19T15:53:06.963+0000] {dag.py:4180} INFO - Setting next_dagrun for dataset_alias_example_alias_producer to None, run_after=None
[2025-05-19T15:53:06.964+0000] {logging_mixin.py:190} INFO - [2025-05-19T15:53:06.964+0000] {dag.py:4180} INFO - Setting next_dagrun for dataset_s3_bucket_consumer to None, run_after=None
[2025-05-19T15:53:06.965+0000] {logging_mixin.py:190} INFO - [2025-05-19T15:53:06.965+0000] {dag.py:4180} INFO - Setting next_dagrun for dataset_s3_bucket_producer to None, run_after=None
[2025-05-19T15:53:06.978+0000] {processor.py:208} INFO - Processing /home/airflow/.local/lib/python3.12/site-packages/airflow/example_dags/example_dataset_alias.py took 0.357 seconds
[2025-05-19T15:53:37.370+0000] {processor.py:186} INFO - Started process (PID=696) to work on /home/airflow/.local/lib/python3.12/site-packages/airflow/example_dags/example_dataset_alias.py
[2025-05-19T15:53:37.371+0000] {processor.py:914} INFO - Processing file /home/airflow/.local/lib/python3.12/site-packages/airflow/example_dags/example_dataset_alias.py for tasks to queue
[2025-05-19T15:53:37.373+0000] {logging_mixin.py:190} INFO - [2025-05-19T15:53:37.373+0000] {dagbag.py:588} INFO - Filling up the DagBag from /home/airflow/.local/lib/python3.12/site-packages/airflow/example_dags/example_dataset_alias.py
[2025-05-19T15:53:37.666+0000] {processor.py:925} INFO - DAG(s) 'dataset_alias_example_alias_consumer', 'dataset_alias_example_alias_producer', 'dataset_s3_bucket_producer', 'dataset_s3_bucket_consumer' retrieved from /home/airflow/.local/lib/python3.12/site-packages/airflow/example_dags/example_dataset_alias.py
[2025-05-19T15:53:37.678+0000] {logging_mixin.py:190} INFO - [2025-05-19T15:53:37.677+0000] {dag.py:3239} INFO - Sync 4 DAGs
[2025-05-19T15:53:37.689+0000] {logging_mixin.py:190} INFO - [2025-05-19T15:53:37.689+0000] {dag.py:4180} INFO - Setting next_dagrun for dataset_alias_example_alias_consumer to None, run_after=None
[2025-05-19T15:53:37.690+0000] {logging_mixin.py:190} INFO - [2025-05-19T15:53:37.690+0000] {dag.py:4180} INFO - Setting next_dagrun for dataset_alias_example_alias_producer to None, run_after=None
[2025-05-19T15:53:37.691+0000] {logging_mixin.py:190} INFO - [2025-05-19T15:53:37.691+0000] {dag.py:4180} INFO - Setting next_dagrun for dataset_s3_bucket_consumer to None, run_after=None
[2025-05-19T15:53:37.692+0000] {logging_mixin.py:190} INFO - [2025-05-19T15:53:37.692+0000] {dag.py:4180} INFO - Setting next_dagrun for dataset_s3_bucket_producer to None, run_after=None
[2025-05-19T15:53:37.702+0000] {processor.py:208} INFO - Processing /home/airflow/.local/lib/python3.12/site-packages/airflow/example_dags/example_dataset_alias.py took 0.339 seconds
[2025-05-19T15:54:07.722+0000] {processor.py:186} INFO - Started process (PID=755) to work on /home/airflow/.local/lib/python3.12/site-packages/airflow/example_dags/example_dataset_alias.py
[2025-05-19T15:54:07.722+0000] {processor.py:914} INFO - Processing file /home/airflow/.local/lib/python3.12/site-packages/airflow/example_dags/example_dataset_alias.py for tasks to queue
[2025-05-19T15:54:07.723+0000] {logging_mixin.py:190} INFO - [2025-05-19T15:54:07.723+0000] {dagbag.py:588} INFO - Filling up the DagBag from /home/airflow/.local/lib/python3.12/site-packages/airflow/example_dags/example_dataset_alias.py
[2025-05-19T15:54:07.985+0000] {processor.py:925} INFO - DAG(s) 'dataset_alias_example_alias_producer', 'dataset_s3_bucket_consumer', 'dataset_s3_bucket_producer', 'dataset_alias_example_alias_consumer' retrieved from /home/airflow/.local/lib/python3.12/site-packages/airflow/example_dags/example_dataset_alias.py
[2025-05-19T15:54:07.993+0000] {logging_mixin.py:190} INFO - [2025-05-19T15:54:07.993+0000] {dag.py:3239} INFO - Sync 4 DAGs
[2025-05-19T15:54:08.003+0000] {logging_mixin.py:190} INFO - [2025-05-19T15:54:08.002+0000] {dag.py:4180} INFO - Setting next_dagrun for dataset_alias_example_alias_consumer to None, run_after=None
[2025-05-19T15:54:08.004+0000] {logging_mixin.py:190} INFO - [2025-05-19T15:54:08.003+0000] {dag.py:4180} INFO - Setting next_dagrun for dataset_alias_example_alias_producer to None, run_after=None
[2025-05-19T15:54:08.004+0000] {logging_mixin.py:190} INFO - [2025-05-19T15:54:08.004+0000] {dag.py:4180} INFO - Setting next_dagrun for dataset_s3_bucket_consumer to None, run_after=None
[2025-05-19T15:54:08.005+0000] {logging_mixin.py:190} INFO - [2025-05-19T15:54:08.005+0000] {dag.py:4180} INFO - Setting next_dagrun for dataset_s3_bucket_producer to None, run_after=None
[2025-05-19T15:54:08.013+0000] {processor.py:208} INFO - Processing /home/airflow/.local/lib/python3.12/site-packages/airflow/example_dags/example_dataset_alias.py took 0.294 seconds
[2025-05-19T15:54:38.986+0000] {processor.py:186} INFO - Started process (PID=812) to work on /home/airflow/.local/lib/python3.12/site-packages/airflow/example_dags/example_dataset_alias.py
[2025-05-19T15:54:38.986+0000] {processor.py:914} INFO - Processing file /home/airflow/.local/lib/python3.12/site-packages/airflow/example_dags/example_dataset_alias.py for tasks to queue
[2025-05-19T15:54:38.988+0000] {logging_mixin.py:190} INFO - [2025-05-19T15:54:38.987+0000] {dagbag.py:588} INFO - Filling up the DagBag from /home/airflow/.local/lib/python3.12/site-packages/airflow/example_dags/example_dataset_alias.py
[2025-05-19T15:54:39.361+0000] {processor.py:925} INFO - DAG(s) 'dataset_alias_example_alias_producer', 'dataset_alias_example_alias_consumer', 'dataset_s3_bucket_consumer', 'dataset_s3_bucket_producer' retrieved from /home/airflow/.local/lib/python3.12/site-packages/airflow/example_dags/example_dataset_alias.py
[2025-05-19T15:54:39.372+0000] {logging_mixin.py:190} INFO - [2025-05-19T15:54:39.372+0000] {dag.py:3239} INFO - Sync 4 DAGs
[2025-05-19T15:54:39.386+0000] {logging_mixin.py:190} INFO - [2025-05-19T15:54:39.386+0000] {dag.py:4180} INFO - Setting next_dagrun for dataset_alias_example_alias_consumer to None, run_after=None
[2025-05-19T15:54:39.388+0000] {logging_mixin.py:190} INFO - [2025-05-19T15:54:39.388+0000] {dag.py:4180} INFO - Setting next_dagrun for dataset_alias_example_alias_producer to None, run_after=None
[2025-05-19T15:54:39.388+0000] {logging_mixin.py:190} INFO - [2025-05-19T15:54:39.388+0000] {dag.py:4180} INFO - Setting next_dagrun for dataset_s3_bucket_consumer to None, run_after=None
[2025-05-19T15:54:39.389+0000] {logging_mixin.py:190} INFO - [2025-05-19T15:54:39.389+0000] {dag.py:4180} INFO - Setting next_dagrun for dataset_s3_bucket_producer to None, run_after=None
[2025-05-19T15:54:39.399+0000] {processor.py:208} INFO - Processing /home/airflow/.local/lib/python3.12/site-packages/airflow/example_dags/example_dataset_alias.py took 0.416 seconds
[2025-05-19T15:55:10.345+0000] {processor.py:186} INFO - Started process (PID=869) to work on /home/airflow/.local/lib/python3.12/site-packages/airflow/example_dags/example_dataset_alias.py
[2025-05-19T15:55:10.346+0000] {processor.py:914} INFO - Processing file /home/airflow/.local/lib/python3.12/site-packages/airflow/example_dags/example_dataset_alias.py for tasks to queue
[2025-05-19T15:55:10.347+0000] {logging_mixin.py:190} INFO - [2025-05-19T15:55:10.347+0000] {dagbag.py:588} INFO - Filling up the DagBag from /home/airflow/.local/lib/python3.12/site-packages/airflow/example_dags/example_dataset_alias.py
[2025-05-19T15:55:10.629+0000] {processor.py:925} INFO - DAG(s) 'dataset_alias_example_alias_consumer', 'dataset_s3_bucket_consumer', 'dataset_s3_bucket_producer', 'dataset_alias_example_alias_producer' retrieved from /home/airflow/.local/lib/python3.12/site-packages/airflow/example_dags/example_dataset_alias.py
[2025-05-19T15:55:10.641+0000] {logging_mixin.py:190} INFO - [2025-05-19T15:55:10.641+0000] {dag.py:3239} INFO - Sync 4 DAGs
[2025-05-19T15:55:10.654+0000] {logging_mixin.py:190} INFO - [2025-05-19T15:55:10.654+0000] {dag.py:4180} INFO - Setting next_dagrun for dataset_alias_example_alias_consumer to None, run_after=None
[2025-05-19T15:55:10.656+0000] {logging_mixin.py:190} INFO - [2025-05-19T15:55:10.656+0000] {dag.py:4180} INFO - Setting next_dagrun for dataset_alias_example_alias_producer to None, run_after=None
[2025-05-19T15:55:10.658+0000] {logging_mixin.py:190} INFO - [2025-05-19T15:55:10.658+0000] {dag.py:4180} INFO - Setting next_dagrun for dataset_s3_bucket_consumer to None, run_after=None
[2025-05-19T15:55:10.661+0000] {logging_mixin.py:190} INFO - [2025-05-19T15:55:10.661+0000] {dag.py:4180} INFO - Setting next_dagrun for dataset_s3_bucket_producer to None, run_after=None
[2025-05-19T15:55:10.675+0000] {processor.py:208} INFO - Processing /home/airflow/.local/lib/python3.12/site-packages/airflow/example_dags/example_dataset_alias.py took 0.332 seconds
[2025-05-19T15:55:41.088+0000] {processor.py:186} INFO - Started process (PID=922) to work on /home/airflow/.local/lib/python3.12/site-packages/airflow/example_dags/example_dataset_alias.py
[2025-05-19T15:55:41.089+0000] {processor.py:914} INFO - Processing file /home/airflow/.local/lib/python3.12/site-packages/airflow/example_dags/example_dataset_alias.py for tasks to queue
[2025-05-19T15:55:41.090+0000] {logging_mixin.py:190} INFO - [2025-05-19T15:55:41.090+0000] {dagbag.py:588} INFO - Filling up the DagBag from /home/airflow/.local/lib/python3.12/site-packages/airflow/example_dags/example_dataset_alias.py
[2025-05-19T15:55:41.398+0000] {processor.py:925} INFO - DAG(s) 'dataset_s3_bucket_consumer', 'dataset_alias_example_alias_producer', 'dataset_alias_example_alias_consumer', 'dataset_s3_bucket_producer' retrieved from /home/airflow/.local/lib/python3.12/site-packages/airflow/example_dags/example_dataset_alias.py
[2025-05-19T15:55:41.411+0000] {logging_mixin.py:190} INFO - [2025-05-19T15:55:41.410+0000] {dag.py:3239} INFO - Sync 4 DAGs
[2025-05-19T15:55:41.420+0000] {logging_mixin.py:190} INFO - [2025-05-19T15:55:41.420+0000] {dag.py:4180} INFO - Setting next_dagrun for dataset_alias_example_alias_consumer to None, run_after=None
[2025-05-19T15:55:41.423+0000] {logging_mixin.py:190} INFO - [2025-05-19T15:55:41.423+0000] {dag.py:4180} INFO - Setting next_dagrun for dataset_alias_example_alias_producer to None, run_after=None
[2025-05-19T15:55:41.424+0000] {logging_mixin.py:190} INFO - [2025-05-19T15:55:41.424+0000] {dag.py:4180} INFO - Setting next_dagrun for dataset_s3_bucket_consumer to None, run_after=None
[2025-05-19T15:55:41.425+0000] {logging_mixin.py:190} INFO - [2025-05-19T15:55:41.425+0000] {dag.py:4180} INFO - Setting next_dagrun for dataset_s3_bucket_producer to None, run_after=None
[2025-05-19T15:55:41.435+0000] {processor.py:208} INFO - Processing /home/airflow/.local/lib/python3.12/site-packages/airflow/example_dags/example_dataset_alias.py took 0.351 seconds
[2025-05-19T15:56:12.215+0000] {processor.py:186} INFO - Started process (PID=979) to work on /home/airflow/.local/lib/python3.12/site-packages/airflow/example_dags/example_dataset_alias.py
[2025-05-19T15:56:12.217+0000] {processor.py:914} INFO - Processing file /home/airflow/.local/lib/python3.12/site-packages/airflow/example_dags/example_dataset_alias.py for tasks to queue
[2025-05-19T15:56:12.219+0000] {logging_mixin.py:190} INFO - [2025-05-19T15:56:12.219+0000] {dagbag.py:588} INFO - Filling up the DagBag from /home/airflow/.local/lib/python3.12/site-packages/airflow/example_dags/example_dataset_alias.py
[2025-05-19T15:56:12.524+0000] {processor.py:925} INFO - DAG(s) 'dataset_s3_bucket_producer', 'dataset_s3_bucket_consumer', 'dataset_alias_example_alias_producer', 'dataset_alias_example_alias_consumer' retrieved from /home/airflow/.local/lib/python3.12/site-packages/airflow/example_dags/example_dataset_alias.py
[2025-05-19T15:56:12.538+0000] {logging_mixin.py:190} INFO - [2025-05-19T15:56:12.538+0000] {dag.py:3239} INFO - Sync 4 DAGs
[2025-05-19T15:56:12.548+0000] {logging_mixin.py:190} INFO - [2025-05-19T15:56:12.548+0000] {dag.py:4180} INFO - Setting next_dagrun for dataset_alias_example_alias_consumer to None, run_after=None
[2025-05-19T15:56:12.550+0000] {logging_mixin.py:190} INFO - [2025-05-19T15:56:12.550+0000] {dag.py:4180} INFO - Setting next_dagrun for dataset_alias_example_alias_producer to None, run_after=None
[2025-05-19T15:56:12.552+0000] {logging_mixin.py:190} INFO - [2025-05-19T15:56:12.551+0000] {dag.py:4180} INFO - Setting next_dagrun for dataset_s3_bucket_consumer to None, run_after=None
[2025-05-19T15:56:12.553+0000] {logging_mixin.py:190} INFO - [2025-05-19T15:56:12.553+0000] {dag.py:4180} INFO - Setting next_dagrun for dataset_s3_bucket_producer to None, run_after=None
[2025-05-19T15:56:12.564+0000] {processor.py:208} INFO - Processing /home/airflow/.local/lib/python3.12/site-packages/airflow/example_dags/example_dataset_alias.py took 0.353 seconds
[2025-05-19T15:56:43.060+0000] {processor.py:186} INFO - Started process (PID=1036) to work on /home/airflow/.local/lib/python3.12/site-packages/airflow/example_dags/example_dataset_alias.py
[2025-05-19T15:56:43.061+0000] {processor.py:914} INFO - Processing file /home/airflow/.local/lib/python3.12/site-packages/airflow/example_dags/example_dataset_alias.py for tasks to queue
[2025-05-19T15:56:43.062+0000] {logging_mixin.py:190} INFO - [2025-05-19T15:56:43.062+0000] {dagbag.py:588} INFO - Filling up the DagBag from /home/airflow/.local/lib/python3.12/site-packages/airflow/example_dags/example_dataset_alias.py
[2025-05-19T15:56:43.325+0000] {processor.py:925} INFO - DAG(s) 'dataset_alias_example_alias_producer', 'dataset_alias_example_alias_consumer', 'dataset_s3_bucket_consumer', 'dataset_s3_bucket_producer' retrieved from /home/airflow/.local/lib/python3.12/site-packages/airflow/example_dags/example_dataset_alias.py
[2025-05-19T15:56:43.334+0000] {logging_mixin.py:190} INFO - [2025-05-19T15:56:43.334+0000] {dag.py:3239} INFO - Sync 4 DAGs
[2025-05-19T15:56:43.342+0000] {logging_mixin.py:190} INFO - [2025-05-19T15:56:43.342+0000] {dag.py:4180} INFO - Setting next_dagrun for dataset_alias_example_alias_consumer to None, run_after=None
[2025-05-19T15:56:43.344+0000] {logging_mixin.py:190} INFO - [2025-05-19T15:56:43.344+0000] {dag.py:4180} INFO - Setting next_dagrun for dataset_alias_example_alias_producer to None, run_after=None
[2025-05-19T15:56:43.344+0000] {logging_mixin.py:190} INFO - [2025-05-19T15:56:43.344+0000] {dag.py:4180} INFO - Setting next_dagrun for dataset_s3_bucket_consumer to None, run_after=None
[2025-05-19T15:56:43.345+0000] {logging_mixin.py:190} INFO - [2025-05-19T15:56:43.345+0000] {dag.py:4180} INFO - Setting next_dagrun for dataset_s3_bucket_producer to None, run_after=None
[2025-05-19T15:56:43.353+0000] {processor.py:208} INFO - Processing /home/airflow/.local/lib/python3.12/site-packages/airflow/example_dags/example_dataset_alias.py took 0.295 seconds
[2025-05-19T15:57:14.110+0000] {processor.py:186} INFO - Started process (PID=1093) to work on /home/airflow/.local/lib/python3.12/site-packages/airflow/example_dags/example_dataset_alias.py
[2025-05-19T15:57:14.112+0000] {processor.py:914} INFO - Processing file /home/airflow/.local/lib/python3.12/site-packages/airflow/example_dags/example_dataset_alias.py for tasks to queue
[2025-05-19T15:57:14.114+0000] {logging_mixin.py:190} INFO - [2025-05-19T15:57:14.114+0000] {dagbag.py:588} INFO - Filling up the DagBag from /home/airflow/.local/lib/python3.12/site-packages/airflow/example_dags/example_dataset_alias.py
[2025-05-19T15:57:14.410+0000] {processor.py:925} INFO - DAG(s) 'dataset_alias_example_alias_producer', 'dataset_alias_example_alias_consumer', 'dataset_s3_bucket_consumer', 'dataset_s3_bucket_producer' retrieved from /home/airflow/.local/lib/python3.12/site-packages/airflow/example_dags/example_dataset_alias.py
[2025-05-19T15:57:14.421+0000] {logging_mixin.py:190} INFO - [2025-05-19T15:57:14.420+0000] {dag.py:3239} INFO - Sync 4 DAGs
[2025-05-19T15:57:14.432+0000] {logging_mixin.py:190} INFO - [2025-05-19T15:57:14.431+0000] {dag.py:4180} INFO - Setting next_dagrun for dataset_alias_example_alias_consumer to None, run_after=None
[2025-05-19T15:57:14.434+0000] {logging_mixin.py:190} INFO - [2025-05-19T15:57:14.434+0000] {dag.py:4180} INFO - Setting next_dagrun for dataset_alias_example_alias_producer to None, run_after=None
[2025-05-19T15:57:14.436+0000] {logging_mixin.py:190} INFO - [2025-05-19T15:57:14.436+0000] {dag.py:4180} INFO - Setting next_dagrun for dataset_s3_bucket_consumer to None, run_after=None
[2025-05-19T15:57:14.437+0000] {logging_mixin.py:190} INFO - [2025-05-19T15:57:14.437+0000] {dag.py:4180} INFO - Setting next_dagrun for dataset_s3_bucket_producer to None, run_after=None
[2025-05-19T15:57:14.446+0000] {processor.py:208} INFO - Processing /home/airflow/.local/lib/python3.12/site-packages/airflow/example_dags/example_dataset_alias.py took 0.340 seconds
[2025-05-19T15:57:44.948+0000] {processor.py:186} INFO - Started process (PID=1149) to work on /home/airflow/.local/lib/python3.12/site-packages/airflow/example_dags/example_dataset_alias.py
[2025-05-19T15:57:44.949+0000] {processor.py:914} INFO - Processing file /home/airflow/.local/lib/python3.12/site-packages/airflow/example_dags/example_dataset_alias.py for tasks to queue
[2025-05-19T15:57:44.951+0000] {logging_mixin.py:190} INFO - [2025-05-19T15:57:44.950+0000] {dagbag.py:588} INFO - Filling up the DagBag from /home/airflow/.local/lib/python3.12/site-packages/airflow/example_dags/example_dataset_alias.py
[2025-05-19T15:57:45.260+0000] {processor.py:925} INFO - DAG(s) 'dataset_s3_bucket_producer', 'dataset_s3_bucket_consumer', 'dataset_alias_example_alias_consumer', 'dataset_alias_example_alias_producer' retrieved from /home/airflow/.local/lib/python3.12/site-packages/airflow/example_dags/example_dataset_alias.py
[2025-05-19T15:57:45.273+0000] {logging_mixin.py:190} INFO - [2025-05-19T15:57:45.272+0000] {dag.py:3239} INFO - Sync 4 DAGs
[2025-05-19T15:57:45.283+0000] {logging_mixin.py:190} INFO - [2025-05-19T15:57:45.282+0000] {dag.py:4180} INFO - Setting next_dagrun for dataset_alias_example_alias_consumer to None, run_after=None
[2025-05-19T15:57:45.285+0000] {logging_mixin.py:190} INFO - [2025-05-19T15:57:45.284+0000] {dag.py:4180} INFO - Setting next_dagrun for dataset_alias_example_alias_producer to None, run_after=None
[2025-05-19T15:57:45.287+0000] {logging_mixin.py:190} INFO - [2025-05-19T15:57:45.287+0000] {dag.py:4180} INFO - Setting next_dagrun for dataset_s3_bucket_consumer to None, run_after=None
[2025-05-19T15:57:45.288+0000] {logging_mixin.py:190} INFO - [2025-05-19T15:57:45.287+0000] {dag.py:4180} INFO - Setting next_dagrun for dataset_s3_bucket_producer to None, run_after=None
[2025-05-19T15:57:45.298+0000] {processor.py:208} INFO - Processing /home/airflow/.local/lib/python3.12/site-packages/airflow/example_dags/example_dataset_alias.py took 0.353 seconds
[2025-05-19T15:58:15.910+0000] {processor.py:186} INFO - Started process (PID=1206) to work on /home/airflow/.local/lib/python3.12/site-packages/airflow/example_dags/example_dataset_alias.py
[2025-05-19T15:58:15.910+0000] {processor.py:914} INFO - Processing file /home/airflow/.local/lib/python3.12/site-packages/airflow/example_dags/example_dataset_alias.py for tasks to queue
[2025-05-19T15:58:15.912+0000] {logging_mixin.py:190} INFO - [2025-05-19T15:58:15.912+0000] {dagbag.py:588} INFO - Filling up the DagBag from /home/airflow/.local/lib/python3.12/site-packages/airflow/example_dags/example_dataset_alias.py
[2025-05-19T15:58:16.202+0000] {processor.py:925} INFO - DAG(s) 'dataset_alias_example_alias_producer', 'dataset_s3_bucket_producer', 'dataset_s3_bucket_consumer', 'dataset_alias_example_alias_consumer' retrieved from /home/airflow/.local/lib/python3.12/site-packages/airflow/example_dags/example_dataset_alias.py
[2025-05-19T15:58:16.211+0000] {logging_mixin.py:190} INFO - [2025-05-19T15:58:16.211+0000] {dag.py:3239} INFO - Sync 4 DAGs
[2025-05-19T15:58:16.223+0000] {logging_mixin.py:190} INFO - [2025-05-19T15:58:16.223+0000] {dag.py:4180} INFO - Setting next_dagrun for dataset_alias_example_alias_consumer to None, run_after=None
[2025-05-19T15:58:16.227+0000] {logging_mixin.py:190} INFO - [2025-05-19T15:58:16.227+0000] {dag.py:4180} INFO - Setting next_dagrun for dataset_alias_example_alias_producer to None, run_after=None
[2025-05-19T15:58:16.228+0000] {logging_mixin.py:190} INFO - [2025-05-19T15:58:16.228+0000] {dag.py:4180} INFO - Setting next_dagrun for dataset_s3_bucket_consumer to None, run_after=None
[2025-05-19T15:58:16.229+0000] {logging_mixin.py:190} INFO - [2025-05-19T15:58:16.229+0000] {dag.py:4180} INFO - Setting next_dagrun for dataset_s3_bucket_producer to None, run_after=None
[2025-05-19T15:58:16.240+0000] {processor.py:208} INFO - Processing /home/airflow/.local/lib/python3.12/site-packages/airflow/example_dags/example_dataset_alias.py took 0.333 seconds
[2025-05-19T15:58:46.573+0000] {processor.py:186} INFO - Started process (PID=1263) to work on /home/airflow/.local/lib/python3.12/site-packages/airflow/example_dags/example_dataset_alias.py
[2025-05-19T15:58:46.574+0000] {processor.py:914} INFO - Processing file /home/airflow/.local/lib/python3.12/site-packages/airflow/example_dags/example_dataset_alias.py for tasks to queue
[2025-05-19T15:58:46.576+0000] {logging_mixin.py:190} INFO - [2025-05-19T15:58:46.576+0000] {dagbag.py:588} INFO - Filling up the DagBag from /home/airflow/.local/lib/python3.12/site-packages/airflow/example_dags/example_dataset_alias.py
[2025-05-19T15:58:46.878+0000] {processor.py:925} INFO - DAG(s) 'dataset_s3_bucket_consumer', 'dataset_alias_example_alias_producer', 'dataset_alias_example_alias_consumer', 'dataset_s3_bucket_producer' retrieved from /home/airflow/.local/lib/python3.12/site-packages/airflow/example_dags/example_dataset_alias.py
[2025-05-19T15:58:46.891+0000] {logging_mixin.py:190} INFO - [2025-05-19T15:58:46.890+0000] {dag.py:3239} INFO - Sync 4 DAGs
[2025-05-19T15:58:46.904+0000] {logging_mixin.py:190} INFO - [2025-05-19T15:58:46.904+0000] {dag.py:4180} INFO - Setting next_dagrun for dataset_alias_example_alias_consumer to None, run_after=None
[2025-05-19T15:58:46.908+0000] {logging_mixin.py:190} INFO - [2025-05-19T15:58:46.908+0000] {dag.py:4180} INFO - Setting next_dagrun for dataset_alias_example_alias_producer to None, run_after=None
[2025-05-19T15:58:46.909+0000] {logging_mixin.py:190} INFO - [2025-05-19T15:58:46.909+0000] {dag.py:4180} INFO - Setting next_dagrun for dataset_s3_bucket_consumer to None, run_after=None
[2025-05-19T15:58:46.910+0000] {logging_mixin.py:190} INFO - [2025-05-19T15:58:46.910+0000] {dag.py:4180} INFO - Setting next_dagrun for dataset_s3_bucket_producer to None, run_after=None
[2025-05-19T15:58:46.925+0000] {processor.py:208} INFO - Processing /home/airflow/.local/lib/python3.12/site-packages/airflow/example_dags/example_dataset_alias.py took 0.355 seconds
[2025-05-19T15:59:17.501+0000] {processor.py:186} INFO - Started process (PID=1320) to work on /home/airflow/.local/lib/python3.12/site-packages/airflow/example_dags/example_dataset_alias.py
[2025-05-19T15:59:17.502+0000] {processor.py:914} INFO - Processing file /home/airflow/.local/lib/python3.12/site-packages/airflow/example_dags/example_dataset_alias.py for tasks to queue
[2025-05-19T15:59:17.503+0000] {logging_mixin.py:190} INFO - [2025-05-19T15:59:17.503+0000] {dagbag.py:588} INFO - Filling up the DagBag from /home/airflow/.local/lib/python3.12/site-packages/airflow/example_dags/example_dataset_alias.py
[2025-05-19T15:59:17.780+0000] {processor.py:925} INFO - DAG(s) 'dataset_alias_example_alias_producer', 'dataset_s3_bucket_consumer', 'dataset_alias_example_alias_consumer', 'dataset_s3_bucket_producer' retrieved from /home/airflow/.local/lib/python3.12/site-packages/airflow/example_dags/example_dataset_alias.py
[2025-05-19T15:59:17.790+0000] {logging_mixin.py:190} INFO - [2025-05-19T15:59:17.790+0000] {dag.py:3239} INFO - Sync 4 DAGs
[2025-05-19T15:59:17.800+0000] {logging_mixin.py:190} INFO - [2025-05-19T15:59:17.800+0000] {dag.py:4180} INFO - Setting next_dagrun for dataset_alias_example_alias_consumer to None, run_after=None
[2025-05-19T15:59:17.804+0000] {logging_mixin.py:190} INFO - [2025-05-19T15:59:17.804+0000] {dag.py:4180} INFO - Setting next_dagrun for dataset_alias_example_alias_producer to None, run_after=None
[2025-05-19T15:59:17.805+0000] {logging_mixin.py:190} INFO - [2025-05-19T15:59:17.805+0000] {dag.py:4180} INFO - Setting next_dagrun for dataset_s3_bucket_consumer to None, run_after=None
[2025-05-19T15:59:17.806+0000] {logging_mixin.py:190} INFO - [2025-05-19T15:59:17.806+0000] {dag.py:4180} INFO - Setting next_dagrun for dataset_s3_bucket_producer to None, run_after=None
[2025-05-19T15:59:17.817+0000] {processor.py:208} INFO - Processing /home/airflow/.local/lib/python3.12/site-packages/airflow/example_dags/example_dataset_alias.py took 0.319 seconds
[2025-05-19T15:59:48.496+0000] {processor.py:186} INFO - Started process (PID=1377) to work on /home/airflow/.local/lib/python3.12/site-packages/airflow/example_dags/example_dataset_alias.py
[2025-05-19T15:59:48.496+0000] {processor.py:914} INFO - Processing file /home/airflow/.local/lib/python3.12/site-packages/airflow/example_dags/example_dataset_alias.py for tasks to queue
[2025-05-19T15:59:48.498+0000] {logging_mixin.py:190} INFO - [2025-05-19T15:59:48.498+0000] {dagbag.py:588} INFO - Filling up the DagBag from /home/airflow/.local/lib/python3.12/site-packages/airflow/example_dags/example_dataset_alias.py
[2025-05-19T15:59:48.786+0000] {processor.py:925} INFO - DAG(s) 'dataset_s3_bucket_consumer', 'dataset_s3_bucket_producer', 'dataset_alias_example_alias_consumer', 'dataset_alias_example_alias_producer' retrieved from /home/airflow/.local/lib/python3.12/site-packages/airflow/example_dags/example_dataset_alias.py
[2025-05-19T15:59:48.796+0000] {logging_mixin.py:190} INFO - [2025-05-19T15:59:48.796+0000] {dag.py:3239} INFO - Sync 4 DAGs
[2025-05-19T15:59:48.806+0000] {logging_mixin.py:190} INFO - [2025-05-19T15:59:48.806+0000] {dag.py:4180} INFO - Setting next_dagrun for dataset_alias_example_alias_consumer to None, run_after=None
[2025-05-19T15:59:48.808+0000] {logging_mixin.py:190} INFO - [2025-05-19T15:59:48.808+0000] {dag.py:4180} INFO - Setting next_dagrun for dataset_alias_example_alias_producer to None, run_after=None
[2025-05-19T15:59:48.810+0000] {logging_mixin.py:190} INFO - [2025-05-19T15:59:48.810+0000] {dag.py:4180} INFO - Setting next_dagrun for dataset_s3_bucket_consumer to None, run_after=None
[2025-05-19T15:59:48.812+0000] {logging_mixin.py:190} INFO - [2025-05-19T15:59:48.812+0000] {dag.py:4180} INFO - Setting next_dagrun for dataset_s3_bucket_producer to None, run_after=None
[2025-05-19T15:59:48.821+0000] {processor.py:208} INFO - Processing /home/airflow/.local/lib/python3.12/site-packages/airflow/example_dags/example_dataset_alias.py took 0.329 seconds
[2025-05-19T16:00:19.477+0000] {processor.py:186} INFO - Started process (PID=1434) to work on /home/airflow/.local/lib/python3.12/site-packages/airflow/example_dags/example_dataset_alias.py
[2025-05-19T16:00:19.478+0000] {processor.py:914} INFO - Processing file /home/airflow/.local/lib/python3.12/site-packages/airflow/example_dags/example_dataset_alias.py for tasks to queue
[2025-05-19T16:00:19.479+0000] {logging_mixin.py:190} INFO - [2025-05-19T16:00:19.479+0000] {dagbag.py:588} INFO - Filling up the DagBag from /home/airflow/.local/lib/python3.12/site-packages/airflow/example_dags/example_dataset_alias.py
[2025-05-19T16:00:19.805+0000] {processor.py:925} INFO - DAG(s) 'dataset_s3_bucket_producer', 'dataset_alias_example_alias_consumer', 'dataset_s3_bucket_consumer', 'dataset_alias_example_alias_producer' retrieved from /home/airflow/.local/lib/python3.12/site-packages/airflow/example_dags/example_dataset_alias.py
[2025-05-19T16:00:19.821+0000] {logging_mixin.py:190} INFO - [2025-05-19T16:00:19.820+0000] {dag.py:3239} INFO - Sync 4 DAGs
[2025-05-19T16:00:19.831+0000] {logging_mixin.py:190} INFO - [2025-05-19T16:00:19.831+0000] {dag.py:4180} INFO - Setting next_dagrun for dataset_alias_example_alias_consumer to None, run_after=None
[2025-05-19T16:00:19.832+0000] {logging_mixin.py:190} INFO - [2025-05-19T16:00:19.832+0000] {dag.py:4180} INFO - Setting next_dagrun for dataset_alias_example_alias_producer to None, run_after=None
[2025-05-19T16:00:19.833+0000] {logging_mixin.py:190} INFO - [2025-05-19T16:00:19.833+0000] {dag.py:4180} INFO - Setting next_dagrun for dataset_s3_bucket_consumer to None, run_after=None
[2025-05-19T16:00:19.834+0000] {logging_mixin.py:190} INFO - [2025-05-19T16:00:19.834+0000] {dag.py:4180} INFO - Setting next_dagrun for dataset_s3_bucket_producer to None, run_after=None
[2025-05-19T16:00:19.843+0000] {processor.py:208} INFO - Processing /home/airflow/.local/lib/python3.12/site-packages/airflow/example_dags/example_dataset_alias.py took 0.369 seconds
[2025-05-19T16:00:50.576+0000] {processor.py:186} INFO - Started process (PID=1491) to work on /home/airflow/.local/lib/python3.12/site-packages/airflow/example_dags/example_dataset_alias.py
[2025-05-19T16:00:50.577+0000] {processor.py:914} INFO - Processing file /home/airflow/.local/lib/python3.12/site-packages/airflow/example_dags/example_dataset_alias.py for tasks to queue
[2025-05-19T16:00:50.579+0000] {logging_mixin.py:190} INFO - [2025-05-19T16:00:50.579+0000] {dagbag.py:588} INFO - Filling up the DagBag from /home/airflow/.local/lib/python3.12/site-packages/airflow/example_dags/example_dataset_alias.py
[2025-05-19T16:00:50.876+0000] {processor.py:925} INFO - DAG(s) 'dataset_s3_bucket_consumer', 'dataset_alias_example_alias_producer', 'dataset_alias_example_alias_consumer', 'dataset_s3_bucket_producer' retrieved from /home/airflow/.local/lib/python3.12/site-packages/airflow/example_dags/example_dataset_alias.py
[2025-05-19T16:00:50.886+0000] {logging_mixin.py:190} INFO - [2025-05-19T16:00:50.886+0000] {dag.py:3239} INFO - Sync 4 DAGs
[2025-05-19T16:00:50.900+0000] {logging_mixin.py:190} INFO - [2025-05-19T16:00:50.900+0000] {dag.py:4180} INFO - Setting next_dagrun for dataset_alias_example_alias_consumer to None, run_after=None
[2025-05-19T16:00:50.902+0000] {logging_mixin.py:190} INFO - [2025-05-19T16:00:50.901+0000] {dag.py:4180} INFO - Setting next_dagrun for dataset_alias_example_alias_producer to None, run_after=None
[2025-05-19T16:00:50.902+0000] {logging_mixin.py:190} INFO - [2025-05-19T16:00:50.902+0000] {dag.py:4180} INFO - Setting next_dagrun for dataset_s3_bucket_consumer to None, run_after=None
[2025-05-19T16:00:50.903+0000] {logging_mixin.py:190} INFO - [2025-05-19T16:00:50.903+0000] {dag.py:4180} INFO - Setting next_dagrun for dataset_s3_bucket_producer to None, run_after=None
[2025-05-19T16:00:50.913+0000] {processor.py:208} INFO - Processing /home/airflow/.local/lib/python3.12/site-packages/airflow/example_dags/example_dataset_alias.py took 0.340 seconds
[2025-05-19T16:01:21.517+0000] {processor.py:186} INFO - Started process (PID=1548) to work on /home/airflow/.local/lib/python3.12/site-packages/airflow/example_dags/example_dataset_alias.py
[2025-05-19T16:01:21.518+0000] {processor.py:914} INFO - Processing file /home/airflow/.local/lib/python3.12/site-packages/airflow/example_dags/example_dataset_alias.py for tasks to queue
[2025-05-19T16:01:21.519+0000] {logging_mixin.py:190} INFO - [2025-05-19T16:01:21.519+0000] {dagbag.py:588} INFO - Filling up the DagBag from /home/airflow/.local/lib/python3.12/site-packages/airflow/example_dags/example_dataset_alias.py
[2025-05-19T16:01:21.800+0000] {processor.py:925} INFO - DAG(s) 'dataset_alias_example_alias_consumer', 'dataset_s3_bucket_producer', 'dataset_s3_bucket_consumer', 'dataset_alias_example_alias_producer' retrieved from /home/airflow/.local/lib/python3.12/site-packages/airflow/example_dags/example_dataset_alias.py
[2025-05-19T16:01:21.809+0000] {logging_mixin.py:190} INFO - [2025-05-19T16:01:21.809+0000] {dag.py:3239} INFO - Sync 4 DAGs
[2025-05-19T16:01:21.818+0000] {logging_mixin.py:190} INFO - [2025-05-19T16:01:21.818+0000] {dag.py:4180} INFO - Setting next_dagrun for dataset_alias_example_alias_consumer to None, run_after=None
[2025-05-19T16:01:21.822+0000] {logging_mixin.py:190} INFO - [2025-05-19T16:01:21.822+0000] {dag.py:4180} INFO - Setting next_dagrun for dataset_alias_example_alias_producer to None, run_after=None
[2025-05-19T16:01:21.823+0000] {logging_mixin.py:190} INFO - [2025-05-19T16:01:21.823+0000] {dag.py:4180} INFO - Setting next_dagrun for dataset_s3_bucket_consumer to None, run_after=None
[2025-05-19T16:01:21.824+0000] {logging_mixin.py:190} INFO - [2025-05-19T16:01:21.824+0000] {dag.py:4180} INFO - Setting next_dagrun for dataset_s3_bucket_producer to None, run_after=None
[2025-05-19T16:01:21.835+0000] {processor.py:208} INFO - Processing /home/airflow/.local/lib/python3.12/site-packages/airflow/example_dags/example_dataset_alias.py took 0.321 seconds
[2025-05-19T16:01:52.417+0000] {processor.py:186} INFO - Started process (PID=1605) to work on /home/airflow/.local/lib/python3.12/site-packages/airflow/example_dags/example_dataset_alias.py
[2025-05-19T16:01:52.418+0000] {processor.py:914} INFO - Processing file /home/airflow/.local/lib/python3.12/site-packages/airflow/example_dags/example_dataset_alias.py for tasks to queue
[2025-05-19T16:01:52.420+0000] {logging_mixin.py:190} INFO - [2025-05-19T16:01:52.420+0000] {dagbag.py:588} INFO - Filling up the DagBag from /home/airflow/.local/lib/python3.12/site-packages/airflow/example_dags/example_dataset_alias.py
[2025-05-19T16:01:52.711+0000] {processor.py:925} INFO - DAG(s) 'dataset_s3_bucket_producer', 'dataset_alias_example_alias_producer', 'dataset_s3_bucket_consumer', 'dataset_alias_example_alias_consumer' retrieved from /home/airflow/.local/lib/python3.12/site-packages/airflow/example_dags/example_dataset_alias.py
[2025-05-19T16:01:52.721+0000] {logging_mixin.py:190} INFO - [2025-05-19T16:01:52.721+0000] {dag.py:3239} INFO - Sync 4 DAGs
[2025-05-19T16:01:52.741+0000] {logging_mixin.py:190} INFO - [2025-05-19T16:01:52.740+0000] {dag.py:4180} INFO - Setting next_dagrun for dataset_alias_example_alias_consumer to None, run_after=None
[2025-05-19T16:01:52.744+0000] {logging_mixin.py:190} INFO - [2025-05-19T16:01:52.743+0000] {dag.py:4180} INFO - Setting next_dagrun for dataset_alias_example_alias_producer to None, run_after=None
[2025-05-19T16:01:52.745+0000] {logging_mixin.py:190} INFO - [2025-05-19T16:01:52.745+0000] {dag.py:4180} INFO - Setting next_dagrun for dataset_s3_bucket_consumer to None, run_after=None
[2025-05-19T16:01:52.748+0000] {logging_mixin.py:190} INFO - [2025-05-19T16:01:52.748+0000] {dag.py:4180} INFO - Setting next_dagrun for dataset_s3_bucket_producer to None, run_after=None
[2025-05-19T16:01:52.759+0000] {processor.py:208} INFO - Processing /home/airflow/.local/lib/python3.12/site-packages/airflow/example_dags/example_dataset_alias.py took 0.345 seconds
[2025-05-19T16:02:23.147+0000] {processor.py:186} INFO - Started process (PID=1662) to work on /home/airflow/.local/lib/python3.12/site-packages/airflow/example_dags/example_dataset_alias.py
[2025-05-19T16:02:23.148+0000] {processor.py:914} INFO - Processing file /home/airflow/.local/lib/python3.12/site-packages/airflow/example_dags/example_dataset_alias.py for tasks to queue
[2025-05-19T16:02:23.149+0000] {logging_mixin.py:190} INFO - [2025-05-19T16:02:23.149+0000] {dagbag.py:588} INFO - Filling up the DagBag from /home/airflow/.local/lib/python3.12/site-packages/airflow/example_dags/example_dataset_alias.py
[2025-05-19T16:02:23.443+0000] {processor.py:925} INFO - DAG(s) 'dataset_alias_example_alias_producer', 'dataset_s3_bucket_producer', 'dataset_s3_bucket_consumer', 'dataset_alias_example_alias_consumer' retrieved from /home/airflow/.local/lib/python3.12/site-packages/airflow/example_dags/example_dataset_alias.py
[2025-05-19T16:02:23.452+0000] {logging_mixin.py:190} INFO - [2025-05-19T16:02:23.452+0000] {dag.py:3239} INFO - Sync 4 DAGs
[2025-05-19T16:02:23.464+0000] {logging_mixin.py:190} INFO - [2025-05-19T16:02:23.463+0000] {dag.py:4180} INFO - Setting next_dagrun for dataset_alias_example_alias_consumer to None, run_after=None
[2025-05-19T16:02:23.468+0000] {logging_mixin.py:190} INFO - [2025-05-19T16:02:23.468+0000] {dag.py:4180} INFO - Setting next_dagrun for dataset_alias_example_alias_producer to None, run_after=None
[2025-05-19T16:02:23.469+0000] {logging_mixin.py:190} INFO - [2025-05-19T16:02:23.469+0000] {dag.py:4180} INFO - Setting next_dagrun for dataset_s3_bucket_consumer to None, run_after=None
[2025-05-19T16:02:23.471+0000] {logging_mixin.py:190} INFO - [2025-05-19T16:02:23.470+0000] {dag.py:4180} INFO - Setting next_dagrun for dataset_s3_bucket_producer to None, run_after=None
[2025-05-19T16:02:23.484+0000] {processor.py:208} INFO - Processing /home/airflow/.local/lib/python3.12/site-packages/airflow/example_dags/example_dataset_alias.py took 0.340 seconds
[2025-05-19T16:02:54.163+0000] {processor.py:186} INFO - Started process (PID=1719) to work on /home/airflow/.local/lib/python3.12/site-packages/airflow/example_dags/example_dataset_alias.py
[2025-05-19T16:02:54.163+0000] {processor.py:914} INFO - Processing file /home/airflow/.local/lib/python3.12/site-packages/airflow/example_dags/example_dataset_alias.py for tasks to queue
[2025-05-19T16:02:54.165+0000] {logging_mixin.py:190} INFO - [2025-05-19T16:02:54.165+0000] {dagbag.py:588} INFO - Filling up the DagBag from /home/airflow/.local/lib/python3.12/site-packages/airflow/example_dags/example_dataset_alias.py
[2025-05-19T16:02:54.445+0000] {processor.py:925} INFO - DAG(s) 'dataset_s3_bucket_producer', 'dataset_s3_bucket_consumer', 'dataset_alias_example_alias_producer', 'dataset_alias_example_alias_consumer' retrieved from /home/airflow/.local/lib/python3.12/site-packages/airflow/example_dags/example_dataset_alias.py
[2025-05-19T16:02:54.457+0000] {logging_mixin.py:190} INFO - [2025-05-19T16:02:54.456+0000] {dag.py:3239} INFO - Sync 4 DAGs
[2025-05-19T16:02:54.469+0000] {logging_mixin.py:190} INFO - [2025-05-19T16:02:54.468+0000] {dag.py:4180} INFO - Setting next_dagrun for dataset_alias_example_alias_consumer to None, run_after=None
[2025-05-19T16:02:54.470+0000] {logging_mixin.py:190} INFO - [2025-05-19T16:02:54.470+0000] {dag.py:4180} INFO - Setting next_dagrun for dataset_alias_example_alias_producer to None, run_after=None
[2025-05-19T16:02:54.471+0000] {logging_mixin.py:190} INFO - [2025-05-19T16:02:54.471+0000] {dag.py:4180} INFO - Setting next_dagrun for dataset_s3_bucket_consumer to None, run_after=None
[2025-05-19T16:02:54.472+0000] {logging_mixin.py:190} INFO - [2025-05-19T16:02:54.472+0000] {dag.py:4180} INFO - Setting next_dagrun for dataset_s3_bucket_producer to None, run_after=None
[2025-05-19T16:02:54.482+0000] {processor.py:208} INFO - Processing /home/airflow/.local/lib/python3.12/site-packages/airflow/example_dags/example_dataset_alias.py took 0.322 seconds
[2025-05-19T16:03:25.148+0000] {processor.py:186} INFO - Started process (PID=1776) to work on /home/airflow/.local/lib/python3.12/site-packages/airflow/example_dags/example_dataset_alias.py
[2025-05-19T16:03:25.149+0000] {processor.py:914} INFO - Processing file /home/airflow/.local/lib/python3.12/site-packages/airflow/example_dags/example_dataset_alias.py for tasks to queue
[2025-05-19T16:03:25.150+0000] {logging_mixin.py:190} INFO - [2025-05-19T16:03:25.150+0000] {dagbag.py:588} INFO - Filling up the DagBag from /home/airflow/.local/lib/python3.12/site-packages/airflow/example_dags/example_dataset_alias.py
[2025-05-19T16:03:25.466+0000] {processor.py:925} INFO - DAG(s) 'dataset_alias_example_alias_consumer', 'dataset_s3_bucket_consumer', 'dataset_alias_example_alias_producer', 'dataset_s3_bucket_producer' retrieved from /home/airflow/.local/lib/python3.12/site-packages/airflow/example_dags/example_dataset_alias.py
[2025-05-19T16:03:25.479+0000] {logging_mixin.py:190} INFO - [2025-05-19T16:03:25.478+0000] {dag.py:3239} INFO - Sync 4 DAGs
[2025-05-19T16:03:25.490+0000] {logging_mixin.py:190} INFO - [2025-05-19T16:03:25.490+0000] {dag.py:4180} INFO - Setting next_dagrun for dataset_alias_example_alias_consumer to None, run_after=None
[2025-05-19T16:03:25.492+0000] {logging_mixin.py:190} INFO - [2025-05-19T16:03:25.492+0000] {dag.py:4180} INFO - Setting next_dagrun for dataset_alias_example_alias_producer to None, run_after=None
[2025-05-19T16:03:25.493+0000] {logging_mixin.py:190} INFO - [2025-05-19T16:03:25.493+0000] {dag.py:4180} INFO - Setting next_dagrun for dataset_s3_bucket_consumer to None, run_after=None
[2025-05-19T16:03:25.494+0000] {logging_mixin.py:190} INFO - [2025-05-19T16:03:25.494+0000] {dag.py:4180} INFO - Setting next_dagrun for dataset_s3_bucket_producer to None, run_after=None
[2025-05-19T16:03:25.503+0000] {processor.py:208} INFO - Processing /home/airflow/.local/lib/python3.12/site-packages/airflow/example_dags/example_dataset_alias.py took 0.358 seconds
[2025-05-19T16:03:56.100+0000] {processor.py:186} INFO - Started process (PID=1833) to work on /home/airflow/.local/lib/python3.12/site-packages/airflow/example_dags/example_dataset_alias.py
[2025-05-19T16:03:56.100+0000] {processor.py:914} INFO - Processing file /home/airflow/.local/lib/python3.12/site-packages/airflow/example_dags/example_dataset_alias.py for tasks to queue
[2025-05-19T16:03:56.102+0000] {logging_mixin.py:190} INFO - [2025-05-19T16:03:56.102+0000] {dagbag.py:588} INFO - Filling up the DagBag from /home/airflow/.local/lib/python3.12/site-packages/airflow/example_dags/example_dataset_alias.py
[2025-05-19T16:03:56.397+0000] {processor.py:925} INFO - DAG(s) 'dataset_alias_example_alias_consumer', 'dataset_s3_bucket_consumer', 'dataset_s3_bucket_producer', 'dataset_alias_example_alias_producer' retrieved from /home/airflow/.local/lib/python3.12/site-packages/airflow/example_dags/example_dataset_alias.py
[2025-05-19T16:03:56.408+0000] {logging_mixin.py:190} INFO - [2025-05-19T16:03:56.408+0000] {dag.py:3239} INFO - Sync 4 DAGs
[2025-05-19T16:03:56.421+0000] {logging_mixin.py:190} INFO - [2025-05-19T16:03:56.421+0000] {dag.py:4180} INFO - Setting next_dagrun for dataset_alias_example_alias_consumer to None, run_after=None
[2025-05-19T16:03:56.422+0000] {logging_mixin.py:190} INFO - [2025-05-19T16:03:56.422+0000] {dag.py:4180} INFO - Setting next_dagrun for dataset_alias_example_alias_producer to None, run_after=None
[2025-05-19T16:03:56.423+0000] {logging_mixin.py:190} INFO - [2025-05-19T16:03:56.423+0000] {dag.py:4180} INFO - Setting next_dagrun for dataset_s3_bucket_consumer to None, run_after=None
[2025-05-19T16:03:56.426+0000] {logging_mixin.py:190} INFO - [2025-05-19T16:03:56.426+0000] {dag.py:4180} INFO - Setting next_dagrun for dataset_s3_bucket_producer to None, run_after=None
[2025-05-19T16:03:56.438+0000] {processor.py:208} INFO - Processing /home/airflow/.local/lib/python3.12/site-packages/airflow/example_dags/example_dataset_alias.py took 0.341 seconds
[2025-05-19T16:04:26.787+0000] {processor.py:186} INFO - Started process (PID=1890) to work on /home/airflow/.local/lib/python3.12/site-packages/airflow/example_dags/example_dataset_alias.py
[2025-05-19T16:04:26.787+0000] {processor.py:914} INFO - Processing file /home/airflow/.local/lib/python3.12/site-packages/airflow/example_dags/example_dataset_alias.py for tasks to queue
[2025-05-19T16:04:26.789+0000] {logging_mixin.py:190} INFO - [2025-05-19T16:04:26.789+0000] {dagbag.py:588} INFO - Filling up the DagBag from /home/airflow/.local/lib/python3.12/site-packages/airflow/example_dags/example_dataset_alias.py
[2025-05-19T16:04:27.068+0000] {processor.py:925} INFO - DAG(s) 'dataset_s3_bucket_producer', 'dataset_alias_example_alias_consumer', 'dataset_s3_bucket_consumer', 'dataset_alias_example_alias_producer' retrieved from /home/airflow/.local/lib/python3.12/site-packages/airflow/example_dags/example_dataset_alias.py
[2025-05-19T16:04:27.079+0000] {logging_mixin.py:190} INFO - [2025-05-19T16:04:27.079+0000] {dag.py:3239} INFO - Sync 4 DAGs
[2025-05-19T16:04:27.093+0000] {logging_mixin.py:190} INFO - [2025-05-19T16:04:27.093+0000] {dag.py:4180} INFO - Setting next_dagrun for dataset_alias_example_alias_consumer to None, run_after=None
[2025-05-19T16:04:27.094+0000] {logging_mixin.py:190} INFO - [2025-05-19T16:04:27.094+0000] {dag.py:4180} INFO - Setting next_dagrun for dataset_alias_example_alias_producer to None, run_after=None
[2025-05-19T16:04:27.095+0000] {logging_mixin.py:190} INFO - [2025-05-19T16:04:27.095+0000] {dag.py:4180} INFO - Setting next_dagrun for dataset_s3_bucket_consumer to None, run_after=None
[2025-05-19T16:04:27.096+0000] {logging_mixin.py:190} INFO - [2025-05-19T16:04:27.096+0000] {dag.py:4180} INFO - Setting next_dagrun for dataset_s3_bucket_producer to None, run_after=None
[2025-05-19T16:04:27.108+0000] {processor.py:208} INFO - Processing /home/airflow/.local/lib/python3.12/site-packages/airflow/example_dags/example_dataset_alias.py took 0.324 seconds
[2025-05-19T16:04:57.475+0000] {processor.py:186} INFO - Started process (PID=1947) to work on /home/airflow/.local/lib/python3.12/site-packages/airflow/example_dags/example_dataset_alias.py
[2025-05-19T16:04:57.475+0000] {processor.py:914} INFO - Processing file /home/airflow/.local/lib/python3.12/site-packages/airflow/example_dags/example_dataset_alias.py for tasks to queue
[2025-05-19T16:04:57.476+0000] {logging_mixin.py:190} INFO - [2025-05-19T16:04:57.476+0000] {dagbag.py:588} INFO - Filling up the DagBag from /home/airflow/.local/lib/python3.12/site-packages/airflow/example_dags/example_dataset_alias.py
[2025-05-19T16:04:57.917+0000] {processor.py:925} INFO - DAG(s) 'dataset_alias_example_alias_producer', 'dataset_alias_example_alias_consumer', 'dataset_s3_bucket_producer', 'dataset_s3_bucket_consumer' retrieved from /home/airflow/.local/lib/python3.12/site-packages/airflow/example_dags/example_dataset_alias.py
[2025-05-19T16:04:57.929+0000] {logging_mixin.py:190} INFO - [2025-05-19T16:04:57.929+0000] {dag.py:3239} INFO - Sync 4 DAGs
[2025-05-19T16:04:57.951+0000] {logging_mixin.py:190} INFO - [2025-05-19T16:04:57.951+0000] {dag.py:4180} INFO - Setting next_dagrun for dataset_alias_example_alias_consumer to None, run_after=None
[2025-05-19T16:04:57.955+0000] {logging_mixin.py:190} INFO - [2025-05-19T16:04:57.955+0000] {dag.py:4180} INFO - Setting next_dagrun for dataset_alias_example_alias_producer to None, run_after=None
[2025-05-19T16:04:57.956+0000] {logging_mixin.py:190} INFO - [2025-05-19T16:04:57.956+0000] {dag.py:4180} INFO - Setting next_dagrun for dataset_s3_bucket_consumer to None, run_after=None
[2025-05-19T16:04:57.957+0000] {logging_mixin.py:190} INFO - [2025-05-19T16:04:57.957+0000] {dag.py:4180} INFO - Setting next_dagrun for dataset_s3_bucket_producer to None, run_after=None
[2025-05-19T16:04:57.970+0000] {processor.py:208} INFO - Processing /home/airflow/.local/lib/python3.12/site-packages/airflow/example_dags/example_dataset_alias.py took 0.499 seconds
