[2025-05-19T15:47:55.673+0000] {processor.py:186} INFO - Started process (PID=40) to work on /home/airflow/.local/lib/python3.12/site-packages/airflow/example_dags/example_external_task_marker_dag.py
[2025-05-19T15:47:55.673+0000] {processor.py:914} INFO - Processing file /home/airflow/.local/lib/python3.12/site-packages/airflow/example_dags/example_external_task_marker_dag.py for tasks to queue
[2025-05-19T15:47:55.679+0000] {logging_mixin.py:190} INFO - [2025-05-19T15:47:55.678+0000] {dagbag.py:588} INFO - Filling up the DagBag from /home/airflow/.local/lib/python3.12/site-packages/airflow/example_dags/example_external_task_marker_dag.py
[2025-05-19T15:47:55.695+0000] {processor.py:925} INFO - DAG(s) 'example_external_task_marker_parent', 'example_external_task_marker_child' retrieved from /home/airflow/.local/lib/python3.12/site-packages/airflow/example_dags/example_external_task_marker_dag.py
[2025-05-19T15:47:55.789+0000] {logging_mixin.py:190} INFO - [2025-05-19T15:47:55.788+0000] {override.py:1912} INFO - Created Permission View: can delete on DAG:example_external_task_marker_parent
[2025-05-19T15:47:55.798+0000] {logging_mixin.py:190} INFO - [2025-05-19T15:47:55.798+0000] {override.py:1912} INFO - Created Permission View: can read on DAG:example_external_task_marker_parent
[2025-05-19T15:47:55.802+0000] {logging_mixin.py:190} INFO - [2025-05-19T15:47:55.802+0000] {override.py:1912} INFO - Created Permission View: can edit on DAG:example_external_task_marker_parent
[2025-05-19T15:47:55.810+0000] {logging_mixin.py:190} INFO - [2025-05-19T15:47:55.810+0000] {override.py:1912} INFO - Created Permission View: menu access on DAG Run:example_external_task_marker_parent
[2025-05-19T15:47:55.814+0000] {logging_mixin.py:190} INFO - [2025-05-19T15:47:55.814+0000] {override.py:1912} INFO - Created Permission View: can create on DAG Run:example_external_task_marker_parent
[2025-05-19T15:47:55.818+0000] {logging_mixin.py:190} INFO - [2025-05-19T15:47:55.818+0000] {override.py:1912} INFO - Created Permission View: can delete on DAG Run:example_external_task_marker_parent
[2025-05-19T15:47:55.822+0000] {logging_mixin.py:190} INFO - [2025-05-19T15:47:55.821+0000] {override.py:1912} INFO - Created Permission View: can read on DAG Run:example_external_task_marker_parent
[2025-05-19T15:47:55.829+0000] {logging_mixin.py:190} INFO - [2025-05-19T15:47:55.829+0000] {override.py:1912} INFO - Created Permission View: can delete on DAG:example_external_task_marker_child
[2025-05-19T15:47:55.832+0000] {logging_mixin.py:190} INFO - [2025-05-19T15:47:55.832+0000] {override.py:1912} INFO - Created Permission View: can read on DAG:example_external_task_marker_child
[2025-05-19T15:47:55.836+0000] {logging_mixin.py:190} INFO - [2025-05-19T15:47:55.836+0000] {override.py:1912} INFO - Created Permission View: can edit on DAG:example_external_task_marker_child
[2025-05-19T15:47:55.840+0000] {logging_mixin.py:190} INFO - [2025-05-19T15:47:55.840+0000] {override.py:1912} INFO - Created Permission View: menu access on DAG Run:example_external_task_marker_child
[2025-05-19T15:47:55.844+0000] {logging_mixin.py:190} INFO - [2025-05-19T15:47:55.844+0000] {override.py:1912} INFO - Created Permission View: can create on DAG Run:example_external_task_marker_child
[2025-05-19T15:47:55.847+0000] {logging_mixin.py:190} INFO - [2025-05-19T15:47:55.847+0000] {override.py:1912} INFO - Created Permission View: can delete on DAG Run:example_external_task_marker_child
[2025-05-19T15:47:55.850+0000] {logging_mixin.py:190} INFO - [2025-05-19T15:47:55.850+0000] {override.py:1912} INFO - Created Permission View: can read on DAG Run:example_external_task_marker_child
[2025-05-19T15:47:55.851+0000] {logging_mixin.py:190} INFO - [2025-05-19T15:47:55.851+0000] {dag.py:3239} INFO - Sync 2 DAGs
[2025-05-19T15:47:55.860+0000] {logging_mixin.py:190} INFO - [2025-05-19T15:47:55.859+0000] {dag.py:3262} INFO - Creating ORM DAG for example_external_task_marker_child
[2025-05-19T15:47:55.860+0000] {logging_mixin.py:190} INFO - [2025-05-19T15:47:55.860+0000] {dag.py:3262} INFO - Creating ORM DAG for example_external_task_marker_parent
[2025-05-19T15:47:55.861+0000] {logging_mixin.py:190} INFO - [2025-05-19T15:47:55.860+0000] {dag.py:4180} INFO - Setting next_dagrun for example_external_task_marker_child to None, run_after=None
[2025-05-19T15:47:55.861+0000] {logging_mixin.py:190} INFO - [2025-05-19T15:47:55.861+0000] {dag.py:4180} INFO - Setting next_dagrun for example_external_task_marker_parent to None, run_after=None
[2025-05-19T15:47:55.874+0000] {processor.py:208} INFO - Processing /home/airflow/.local/lib/python3.12/site-packages/airflow/example_dags/example_external_task_marker_dag.py took 0.206 seconds
[2025-05-19T15:48:26.305+0000] {processor.py:186} INFO - Started process (PID=97) to work on /home/airflow/.local/lib/python3.12/site-packages/airflow/example_dags/example_external_task_marker_dag.py
[2025-05-19T15:48:26.305+0000] {processor.py:914} INFO - Processing file /home/airflow/.local/lib/python3.12/site-packages/airflow/example_dags/example_external_task_marker_dag.py for tasks to queue
[2025-05-19T15:48:26.307+0000] {logging_mixin.py:190} INFO - [2025-05-19T15:48:26.307+0000] {dagbag.py:588} INFO - Filling up the DagBag from /home/airflow/.local/lib/python3.12/site-packages/airflow/example_dags/example_external_task_marker_dag.py
[2025-05-19T15:48:26.312+0000] {processor.py:925} INFO - DAG(s) 'example_external_task_marker_child', 'example_external_task_marker_parent' retrieved from /home/airflow/.local/lib/python3.12/site-packages/airflow/example_dags/example_external_task_marker_dag.py
[2025-05-19T15:48:26.324+0000] {logging_mixin.py:190} INFO - [2025-05-19T15:48:26.324+0000] {dag.py:3239} INFO - Sync 2 DAGs
[2025-05-19T15:48:26.330+0000] {logging_mixin.py:190} INFO - [2025-05-19T15:48:26.330+0000] {dag.py:4180} INFO - Setting next_dagrun for example_external_task_marker_child to None, run_after=None
[2025-05-19T15:48:26.332+0000] {logging_mixin.py:190} INFO - [2025-05-19T15:48:26.332+0000] {dag.py:4180} INFO - Setting next_dagrun for example_external_task_marker_parent to None, run_after=None
[2025-05-19T15:48:26.340+0000] {processor.py:208} INFO - Processing /home/airflow/.local/lib/python3.12/site-packages/airflow/example_dags/example_external_task_marker_dag.py took 0.039 seconds
[2025-05-19T15:48:57.205+0000] {processor.py:186} INFO - Started process (PID=154) to work on /home/airflow/.local/lib/python3.12/site-packages/airflow/example_dags/example_external_task_marker_dag.py
[2025-05-19T15:48:57.207+0000] {processor.py:914} INFO - Processing file /home/airflow/.local/lib/python3.12/site-packages/airflow/example_dags/example_external_task_marker_dag.py for tasks to queue
[2025-05-19T15:48:57.212+0000] {logging_mixin.py:190} INFO - [2025-05-19T15:48:57.212+0000] {dagbag.py:588} INFO - Filling up the DagBag from /home/airflow/.local/lib/python3.12/site-packages/airflow/example_dags/example_external_task_marker_dag.py
[2025-05-19T15:48:57.217+0000] {processor.py:925} INFO - DAG(s) 'example_external_task_marker_parent', 'example_external_task_marker_child' retrieved from /home/airflow/.local/lib/python3.12/site-packages/airflow/example_dags/example_external_task_marker_dag.py
[2025-05-19T15:48:57.228+0000] {logging_mixin.py:190} INFO - [2025-05-19T15:48:57.228+0000] {dag.py:3239} INFO - Sync 2 DAGs
[2025-05-19T15:48:57.237+0000] {logging_mixin.py:190} INFO - [2025-05-19T15:48:57.236+0000] {dag.py:4180} INFO - Setting next_dagrun for example_external_task_marker_child to None, run_after=None
[2025-05-19T15:48:57.239+0000] {logging_mixin.py:190} INFO - [2025-05-19T15:48:57.239+0000] {dag.py:4180} INFO - Setting next_dagrun for example_external_task_marker_parent to None, run_after=None
[2025-05-19T15:48:57.247+0000] {processor.py:208} INFO - Processing /home/airflow/.local/lib/python3.12/site-packages/airflow/example_dags/example_external_task_marker_dag.py took 0.046 seconds
[2025-05-19T15:49:27.993+0000] {processor.py:186} INFO - Started process (PID=211) to work on /home/airflow/.local/lib/python3.12/site-packages/airflow/example_dags/example_external_task_marker_dag.py
[2025-05-19T15:49:27.994+0000] {processor.py:914} INFO - Processing file /home/airflow/.local/lib/python3.12/site-packages/airflow/example_dags/example_external_task_marker_dag.py for tasks to queue
[2025-05-19T15:49:27.995+0000] {logging_mixin.py:190} INFO - [2025-05-19T15:49:27.995+0000] {dagbag.py:588} INFO - Filling up the DagBag from /home/airflow/.local/lib/python3.12/site-packages/airflow/example_dags/example_external_task_marker_dag.py
[2025-05-19T15:49:28.000+0000] {processor.py:925} INFO - DAG(s) 'example_external_task_marker_parent', 'example_external_task_marker_child' retrieved from /home/airflow/.local/lib/python3.12/site-packages/airflow/example_dags/example_external_task_marker_dag.py
[2025-05-19T15:49:28.014+0000] {logging_mixin.py:190} INFO - [2025-05-19T15:49:28.014+0000] {dag.py:3239} INFO - Sync 2 DAGs
[2025-05-19T15:49:28.020+0000] {logging_mixin.py:190} INFO - [2025-05-19T15:49:28.020+0000] {dag.py:4180} INFO - Setting next_dagrun for example_external_task_marker_child to None, run_after=None
[2025-05-19T15:49:28.022+0000] {logging_mixin.py:190} INFO - [2025-05-19T15:49:28.022+0000] {dag.py:4180} INFO - Setting next_dagrun for example_external_task_marker_parent to None, run_after=None
[2025-05-19T15:49:28.031+0000] {processor.py:208} INFO - Processing /home/airflow/.local/lib/python3.12/site-packages/airflow/example_dags/example_external_task_marker_dag.py took 0.041 seconds
[2025-05-19T15:49:58.848+0000] {processor.py:186} INFO - Started process (PID=268) to work on /home/airflow/.local/lib/python3.12/site-packages/airflow/example_dags/example_external_task_marker_dag.py
[2025-05-19T15:49:58.852+0000] {processor.py:914} INFO - Processing file /home/airflow/.local/lib/python3.12/site-packages/airflow/example_dags/example_external_task_marker_dag.py for tasks to queue
[2025-05-19T15:49:58.853+0000] {logging_mixin.py:190} INFO - [2025-05-19T15:49:58.853+0000] {dagbag.py:588} INFO - Filling up the DagBag from /home/airflow/.local/lib/python3.12/site-packages/airflow/example_dags/example_external_task_marker_dag.py
[2025-05-19T15:49:58.858+0000] {processor.py:925} INFO - DAG(s) 'example_external_task_marker_parent', 'example_external_task_marker_child' retrieved from /home/airflow/.local/lib/python3.12/site-packages/airflow/example_dags/example_external_task_marker_dag.py
[2025-05-19T15:49:58.871+0000] {logging_mixin.py:190} INFO - [2025-05-19T15:49:58.871+0000] {dag.py:3239} INFO - Sync 2 DAGs
[2025-05-19T15:49:58.878+0000] {logging_mixin.py:190} INFO - [2025-05-19T15:49:58.878+0000] {dag.py:4180} INFO - Setting next_dagrun for example_external_task_marker_child to None, run_after=None
[2025-05-19T15:49:58.880+0000] {logging_mixin.py:190} INFO - [2025-05-19T15:49:58.880+0000] {dag.py:4180} INFO - Setting next_dagrun for example_external_task_marker_parent to None, run_after=None
[2025-05-19T15:49:58.888+0000] {processor.py:208} INFO - Processing /home/airflow/.local/lib/python3.12/site-packages/airflow/example_dags/example_external_task_marker_dag.py took 0.045 seconds
[2025-05-19T15:50:29.635+0000] {processor.py:186} INFO - Started process (PID=325) to work on /home/airflow/.local/lib/python3.12/site-packages/airflow/example_dags/example_external_task_marker_dag.py
[2025-05-19T15:50:29.636+0000] {processor.py:914} INFO - Processing file /home/airflow/.local/lib/python3.12/site-packages/airflow/example_dags/example_external_task_marker_dag.py for tasks to queue
[2025-05-19T15:50:29.637+0000] {logging_mixin.py:190} INFO - [2025-05-19T15:50:29.637+0000] {dagbag.py:588} INFO - Filling up the DagBag from /home/airflow/.local/lib/python3.12/site-packages/airflow/example_dags/example_external_task_marker_dag.py
[2025-05-19T15:50:29.642+0000] {processor.py:925} INFO - DAG(s) 'example_external_task_marker_child', 'example_external_task_marker_parent' retrieved from /home/airflow/.local/lib/python3.12/site-packages/airflow/example_dags/example_external_task_marker_dag.py
[2025-05-19T15:50:29.656+0000] {logging_mixin.py:190} INFO - [2025-05-19T15:50:29.656+0000] {dag.py:3239} INFO - Sync 2 DAGs
[2025-05-19T15:50:29.664+0000] {logging_mixin.py:190} INFO - [2025-05-19T15:50:29.664+0000] {dag.py:4180} INFO - Setting next_dagrun for example_external_task_marker_child to None, run_after=None
[2025-05-19T15:50:29.666+0000] {logging_mixin.py:190} INFO - [2025-05-19T15:50:29.666+0000] {dag.py:4180} INFO - Setting next_dagrun for example_external_task_marker_parent to None, run_after=None
[2025-05-19T15:50:29.678+0000] {processor.py:208} INFO - Processing /home/airflow/.local/lib/python3.12/site-packages/airflow/example_dags/example_external_task_marker_dag.py took 0.046 seconds
[2025-05-19T15:51:00.299+0000] {processor.py:186} INFO - Started process (PID=382) to work on /home/airflow/.local/lib/python3.12/site-packages/airflow/example_dags/example_external_task_marker_dag.py
[2025-05-19T15:51:00.300+0000] {processor.py:914} INFO - Processing file /home/airflow/.local/lib/python3.12/site-packages/airflow/example_dags/example_external_task_marker_dag.py for tasks to queue
[2025-05-19T15:51:00.301+0000] {logging_mixin.py:190} INFO - [2025-05-19T15:51:00.301+0000] {dagbag.py:588} INFO - Filling up the DagBag from /home/airflow/.local/lib/python3.12/site-packages/airflow/example_dags/example_external_task_marker_dag.py
[2025-05-19T15:51:00.306+0000] {processor.py:925} INFO - DAG(s) 'example_external_task_marker_child', 'example_external_task_marker_parent' retrieved from /home/airflow/.local/lib/python3.12/site-packages/airflow/example_dags/example_external_task_marker_dag.py
[2025-05-19T15:51:00.318+0000] {logging_mixin.py:190} INFO - [2025-05-19T15:51:00.317+0000] {dag.py:3239} INFO - Sync 2 DAGs
[2025-05-19T15:51:00.325+0000] {logging_mixin.py:190} INFO - [2025-05-19T15:51:00.325+0000] {dag.py:4180} INFO - Setting next_dagrun for example_external_task_marker_child to None, run_after=None
[2025-05-19T15:51:00.327+0000] {logging_mixin.py:190} INFO - [2025-05-19T15:51:00.327+0000] {dag.py:4180} INFO - Setting next_dagrun for example_external_task_marker_parent to None, run_after=None
[2025-05-19T15:51:00.335+0000] {processor.py:208} INFO - Processing /home/airflow/.local/lib/python3.12/site-packages/airflow/example_dags/example_external_task_marker_dag.py took 0.039 seconds
[2025-05-19T15:51:30.810+0000] {processor.py:186} INFO - Started process (PID=439) to work on /home/airflow/.local/lib/python3.12/site-packages/airflow/example_dags/example_external_task_marker_dag.py
[2025-05-19T15:51:30.811+0000] {processor.py:914} INFO - Processing file /home/airflow/.local/lib/python3.12/site-packages/airflow/example_dags/example_external_task_marker_dag.py for tasks to queue
[2025-05-19T15:51:30.816+0000] {logging_mixin.py:190} INFO - [2025-05-19T15:51:30.815+0000] {dagbag.py:588} INFO - Filling up the DagBag from /home/airflow/.local/lib/python3.12/site-packages/airflow/example_dags/example_external_task_marker_dag.py
[2025-05-19T15:51:30.821+0000] {processor.py:925} INFO - DAG(s) 'example_external_task_marker_parent', 'example_external_task_marker_child' retrieved from /home/airflow/.local/lib/python3.12/site-packages/airflow/example_dags/example_external_task_marker_dag.py
[2025-05-19T15:51:30.832+0000] {logging_mixin.py:190} INFO - [2025-05-19T15:51:30.832+0000] {dag.py:3239} INFO - Sync 2 DAGs
[2025-05-19T15:51:30.839+0000] {logging_mixin.py:190} INFO - [2025-05-19T15:51:30.839+0000] {dag.py:4180} INFO - Setting next_dagrun for example_external_task_marker_child to None, run_after=None
[2025-05-19T15:51:30.841+0000] {logging_mixin.py:190} INFO - [2025-05-19T15:51:30.841+0000] {dag.py:4180} INFO - Setting next_dagrun for example_external_task_marker_parent to None, run_after=None
[2025-05-19T15:51:30.849+0000] {processor.py:208} INFO - Processing /home/airflow/.local/lib/python3.12/site-packages/airflow/example_dags/example_external_task_marker_dag.py took 0.043 seconds
[2025-05-19T15:52:01.516+0000] {processor.py:186} INFO - Started process (PID=496) to work on /home/airflow/.local/lib/python3.12/site-packages/airflow/example_dags/example_external_task_marker_dag.py
[2025-05-19T15:52:01.517+0000] {processor.py:914} INFO - Processing file /home/airflow/.local/lib/python3.12/site-packages/airflow/example_dags/example_external_task_marker_dag.py for tasks to queue
[2025-05-19T15:52:01.519+0000] {logging_mixin.py:190} INFO - [2025-05-19T15:52:01.519+0000] {dagbag.py:588} INFO - Filling up the DagBag from /home/airflow/.local/lib/python3.12/site-packages/airflow/example_dags/example_external_task_marker_dag.py
[2025-05-19T15:52:01.524+0000] {processor.py:925} INFO - DAG(s) 'example_external_task_marker_parent', 'example_external_task_marker_child' retrieved from /home/airflow/.local/lib/python3.12/site-packages/airflow/example_dags/example_external_task_marker_dag.py
[2025-05-19T15:52:01.540+0000] {logging_mixin.py:190} INFO - [2025-05-19T15:52:01.539+0000] {dag.py:3239} INFO - Sync 2 DAGs
[2025-05-19T15:52:01.547+0000] {logging_mixin.py:190} INFO - [2025-05-19T15:52:01.547+0000] {dag.py:4180} INFO - Setting next_dagrun for example_external_task_marker_child to None, run_after=None
[2025-05-19T15:52:01.550+0000] {logging_mixin.py:190} INFO - [2025-05-19T15:52:01.549+0000] {dag.py:4180} INFO - Setting next_dagrun for example_external_task_marker_parent to None, run_after=None
[2025-05-19T15:52:01.559+0000] {processor.py:208} INFO - Processing /home/airflow/.local/lib/python3.12/site-packages/airflow/example_dags/example_external_task_marker_dag.py took 0.046 seconds
[2025-05-19T15:52:31.598+0000] {processor.py:186} INFO - Started process (PID=553) to work on /home/airflow/.local/lib/python3.12/site-packages/airflow/example_dags/example_external_task_marker_dag.py
[2025-05-19T15:52:31.599+0000] {processor.py:914} INFO - Processing file /home/airflow/.local/lib/python3.12/site-packages/airflow/example_dags/example_external_task_marker_dag.py for tasks to queue
[2025-05-19T15:52:31.600+0000] {logging_mixin.py:190} INFO - [2025-05-19T15:52:31.600+0000] {dagbag.py:588} INFO - Filling up the DagBag from /home/airflow/.local/lib/python3.12/site-packages/airflow/example_dags/example_external_task_marker_dag.py
[2025-05-19T15:52:31.605+0000] {processor.py:925} INFO - DAG(s) 'example_external_task_marker_parent', 'example_external_task_marker_child' retrieved from /home/airflow/.local/lib/python3.12/site-packages/airflow/example_dags/example_external_task_marker_dag.py
[2025-05-19T15:52:31.617+0000] {logging_mixin.py:190} INFO - [2025-05-19T15:52:31.617+0000] {dag.py:3239} INFO - Sync 2 DAGs
[2025-05-19T15:52:31.624+0000] {logging_mixin.py:190} INFO - [2025-05-19T15:52:31.624+0000] {dag.py:4180} INFO - Setting next_dagrun for example_external_task_marker_child to None, run_after=None
[2025-05-19T15:52:31.626+0000] {logging_mixin.py:190} INFO - [2025-05-19T15:52:31.626+0000] {dag.py:4180} INFO - Setting next_dagrun for example_external_task_marker_parent to None, run_after=None
[2025-05-19T15:52:31.634+0000] {processor.py:208} INFO - Processing /home/airflow/.local/lib/python3.12/site-packages/airflow/example_dags/example_external_task_marker_dag.py took 0.039 seconds
[2025-05-19T15:53:02.775+0000] {processor.py:186} INFO - Started process (PID=610) to work on /home/airflow/.local/lib/python3.12/site-packages/airflow/example_dags/example_external_task_marker_dag.py
[2025-05-19T15:53:02.776+0000] {processor.py:914} INFO - Processing file /home/airflow/.local/lib/python3.12/site-packages/airflow/example_dags/example_external_task_marker_dag.py for tasks to queue
[2025-05-19T15:53:02.778+0000] {logging_mixin.py:190} INFO - [2025-05-19T15:53:02.777+0000] {dagbag.py:588} INFO - Filling up the DagBag from /home/airflow/.local/lib/python3.12/site-packages/airflow/example_dags/example_external_task_marker_dag.py
[2025-05-19T15:53:02.782+0000] {processor.py:925} INFO - DAG(s) 'example_external_task_marker_parent', 'example_external_task_marker_child' retrieved from /home/airflow/.local/lib/python3.12/site-packages/airflow/example_dags/example_external_task_marker_dag.py
[2025-05-19T15:53:02.801+0000] {logging_mixin.py:190} INFO - [2025-05-19T15:53:02.801+0000] {dag.py:3239} INFO - Sync 2 DAGs
[2025-05-19T15:53:02.812+0000] {logging_mixin.py:190} INFO - [2025-05-19T15:53:02.812+0000] {dag.py:4180} INFO - Setting next_dagrun for example_external_task_marker_child to None, run_after=None
[2025-05-19T15:53:02.815+0000] {logging_mixin.py:190} INFO - [2025-05-19T15:53:02.815+0000] {dag.py:4180} INFO - Setting next_dagrun for example_external_task_marker_parent to None, run_after=None
[2025-05-19T15:53:02.828+0000] {processor.py:208} INFO - Processing /home/airflow/.local/lib/python3.12/site-packages/airflow/example_dags/example_external_task_marker_dag.py took 0.058 seconds
[2025-05-19T15:53:32.974+0000] {processor.py:186} INFO - Started process (PID=667) to work on /home/airflow/.local/lib/python3.12/site-packages/airflow/example_dags/example_external_task_marker_dag.py
[2025-05-19T15:53:32.974+0000] {processor.py:914} INFO - Processing file /home/airflow/.local/lib/python3.12/site-packages/airflow/example_dags/example_external_task_marker_dag.py for tasks to queue
[2025-05-19T15:53:32.976+0000] {logging_mixin.py:190} INFO - [2025-05-19T15:53:32.976+0000] {dagbag.py:588} INFO - Filling up the DagBag from /home/airflow/.local/lib/python3.12/site-packages/airflow/example_dags/example_external_task_marker_dag.py
[2025-05-19T15:53:32.984+0000] {processor.py:925} INFO - DAG(s) 'example_external_task_marker_child', 'example_external_task_marker_parent' retrieved from /home/airflow/.local/lib/python3.12/site-packages/airflow/example_dags/example_external_task_marker_dag.py
[2025-05-19T15:53:32.997+0000] {logging_mixin.py:190} INFO - [2025-05-19T15:53:32.997+0000] {dag.py:3239} INFO - Sync 2 DAGs
[2025-05-19T15:53:33.006+0000] {logging_mixin.py:190} INFO - [2025-05-19T15:53:33.006+0000] {dag.py:4180} INFO - Setting next_dagrun for example_external_task_marker_child to None, run_after=None
[2025-05-19T15:53:33.009+0000] {logging_mixin.py:190} INFO - [2025-05-19T15:53:33.008+0000] {dag.py:4180} INFO - Setting next_dagrun for example_external_task_marker_parent to None, run_after=None
[2025-05-19T15:53:33.017+0000] {processor.py:208} INFO - Processing /home/airflow/.local/lib/python3.12/site-packages/airflow/example_dags/example_external_task_marker_dag.py took 0.046 seconds
[2025-05-19T15:54:03.978+0000] {processor.py:186} INFO - Started process (PID=724) to work on /home/airflow/.local/lib/python3.12/site-packages/airflow/example_dags/example_external_task_marker_dag.py
[2025-05-19T15:54:03.980+0000] {processor.py:914} INFO - Processing file /home/airflow/.local/lib/python3.12/site-packages/airflow/example_dags/example_external_task_marker_dag.py for tasks to queue
[2025-05-19T15:54:03.982+0000] {logging_mixin.py:190} INFO - [2025-05-19T15:54:03.982+0000] {dagbag.py:588} INFO - Filling up the DagBag from /home/airflow/.local/lib/python3.12/site-packages/airflow/example_dags/example_external_task_marker_dag.py
[2025-05-19T15:54:03.989+0000] {processor.py:925} INFO - DAG(s) 'example_external_task_marker_child', 'example_external_task_marker_parent' retrieved from /home/airflow/.local/lib/python3.12/site-packages/airflow/example_dags/example_external_task_marker_dag.py
[2025-05-19T15:54:04.022+0000] {logging_mixin.py:190} INFO - [2025-05-19T15:54:04.022+0000] {dag.py:3239} INFO - Sync 2 DAGs
[2025-05-19T15:54:04.032+0000] {logging_mixin.py:190} INFO - [2025-05-19T15:54:04.032+0000] {dag.py:4180} INFO - Setting next_dagrun for example_external_task_marker_child to None, run_after=None
[2025-05-19T15:54:04.035+0000] {logging_mixin.py:190} INFO - [2025-05-19T15:54:04.035+0000] {dag.py:4180} INFO - Setting next_dagrun for example_external_task_marker_parent to None, run_after=None
[2025-05-19T15:54:04.047+0000] {processor.py:208} INFO - Processing /home/airflow/.local/lib/python3.12/site-packages/airflow/example_dags/example_external_task_marker_dag.py took 0.073 seconds
[2025-05-19T15:54:34.212+0000] {processor.py:186} INFO - Started process (PID=781) to work on /home/airflow/.local/lib/python3.12/site-packages/airflow/example_dags/example_external_task_marker_dag.py
[2025-05-19T15:54:34.214+0000] {processor.py:914} INFO - Processing file /home/airflow/.local/lib/python3.12/site-packages/airflow/example_dags/example_external_task_marker_dag.py for tasks to queue
[2025-05-19T15:54:34.216+0000] {logging_mixin.py:190} INFO - [2025-05-19T15:54:34.216+0000] {dagbag.py:588} INFO - Filling up the DagBag from /home/airflow/.local/lib/python3.12/site-packages/airflow/example_dags/example_external_task_marker_dag.py
[2025-05-19T15:54:34.221+0000] {processor.py:925} INFO - DAG(s) 'example_external_task_marker_parent', 'example_external_task_marker_child' retrieved from /home/airflow/.local/lib/python3.12/site-packages/airflow/example_dags/example_external_task_marker_dag.py
[2025-05-19T15:54:34.236+0000] {logging_mixin.py:190} INFO - [2025-05-19T15:54:34.236+0000] {dag.py:3239} INFO - Sync 2 DAGs
[2025-05-19T15:54:34.243+0000] {logging_mixin.py:190} INFO - [2025-05-19T15:54:34.243+0000] {dag.py:4180} INFO - Setting next_dagrun for example_external_task_marker_child to None, run_after=None
[2025-05-19T15:54:34.245+0000] {logging_mixin.py:190} INFO - [2025-05-19T15:54:34.245+0000] {dag.py:4180} INFO - Setting next_dagrun for example_external_task_marker_parent to None, run_after=None
[2025-05-19T15:54:34.254+0000] {processor.py:208} INFO - Processing /home/airflow/.local/lib/python3.12/site-packages/airflow/example_dags/example_external_task_marker_dag.py took 0.045 seconds
[2025-05-19T15:55:04.694+0000] {processor.py:186} INFO - Started process (PID=838) to work on /home/airflow/.local/lib/python3.12/site-packages/airflow/example_dags/example_external_task_marker_dag.py
[2025-05-19T15:55:04.695+0000] {processor.py:914} INFO - Processing file /home/airflow/.local/lib/python3.12/site-packages/airflow/example_dags/example_external_task_marker_dag.py for tasks to queue
[2025-05-19T15:55:04.696+0000] {logging_mixin.py:190} INFO - [2025-05-19T15:55:04.696+0000] {dagbag.py:588} INFO - Filling up the DagBag from /home/airflow/.local/lib/python3.12/site-packages/airflow/example_dags/example_external_task_marker_dag.py
[2025-05-19T15:55:04.700+0000] {processor.py:925} INFO - DAG(s) 'example_external_task_marker_child', 'example_external_task_marker_parent' retrieved from /home/airflow/.local/lib/python3.12/site-packages/airflow/example_dags/example_external_task_marker_dag.py
[2025-05-19T15:55:04.712+0000] {logging_mixin.py:190} INFO - [2025-05-19T15:55:04.712+0000] {dag.py:3239} INFO - Sync 2 DAGs
[2025-05-19T15:55:04.719+0000] {logging_mixin.py:190} INFO - [2025-05-19T15:55:04.719+0000] {dag.py:4180} INFO - Setting next_dagrun for example_external_task_marker_child to None, run_after=None
[2025-05-19T15:55:04.721+0000] {logging_mixin.py:190} INFO - [2025-05-19T15:55:04.721+0000] {dag.py:4180} INFO - Setting next_dagrun for example_external_task_marker_parent to None, run_after=None
[2025-05-19T15:55:04.728+0000] {processor.py:208} INFO - Processing /home/airflow/.local/lib/python3.12/site-packages/airflow/example_dags/example_external_task_marker_dag.py took 0.037 seconds
[2025-05-19T15:55:35.699+0000] {processor.py:186} INFO - Started process (PID=895) to work on /home/airflow/.local/lib/python3.12/site-packages/airflow/example_dags/example_external_task_marker_dag.py
[2025-05-19T15:55:35.701+0000] {processor.py:914} INFO - Processing file /home/airflow/.local/lib/python3.12/site-packages/airflow/example_dags/example_external_task_marker_dag.py for tasks to queue
[2025-05-19T15:55:35.702+0000] {logging_mixin.py:190} INFO - [2025-05-19T15:55:35.702+0000] {dagbag.py:588} INFO - Filling up the DagBag from /home/airflow/.local/lib/python3.12/site-packages/airflow/example_dags/example_external_task_marker_dag.py
[2025-05-19T15:55:35.708+0000] {processor.py:925} INFO - DAG(s) 'example_external_task_marker_parent', 'example_external_task_marker_child' retrieved from /home/airflow/.local/lib/python3.12/site-packages/airflow/example_dags/example_external_task_marker_dag.py
[2025-05-19T15:55:35.726+0000] {logging_mixin.py:190} INFO - [2025-05-19T15:55:35.726+0000] {dag.py:3239} INFO - Sync 2 DAGs
[2025-05-19T15:55:35.736+0000] {logging_mixin.py:190} INFO - [2025-05-19T15:55:35.736+0000] {dag.py:4180} INFO - Setting next_dagrun for example_external_task_marker_child to None, run_after=None
[2025-05-19T15:55:35.741+0000] {logging_mixin.py:190} INFO - [2025-05-19T15:55:35.740+0000] {dag.py:4180} INFO - Setting next_dagrun for example_external_task_marker_parent to None, run_after=None
[2025-05-19T15:55:35.758+0000] {processor.py:208} INFO - Processing /home/airflow/.local/lib/python3.12/site-packages/airflow/example_dags/example_external_task_marker_dag.py took 0.063 seconds
[2025-05-19T15:56:06.673+0000] {processor.py:186} INFO - Started process (PID=952) to work on /home/airflow/.local/lib/python3.12/site-packages/airflow/example_dags/example_external_task_marker_dag.py
[2025-05-19T15:56:06.674+0000] {processor.py:914} INFO - Processing file /home/airflow/.local/lib/python3.12/site-packages/airflow/example_dags/example_external_task_marker_dag.py for tasks to queue
[2025-05-19T15:56:06.675+0000] {logging_mixin.py:190} INFO - [2025-05-19T15:56:06.675+0000] {dagbag.py:588} INFO - Filling up the DagBag from /home/airflow/.local/lib/python3.12/site-packages/airflow/example_dags/example_external_task_marker_dag.py
[2025-05-19T15:56:06.680+0000] {processor.py:925} INFO - DAG(s) 'example_external_task_marker_parent', 'example_external_task_marker_child' retrieved from /home/airflow/.local/lib/python3.12/site-packages/airflow/example_dags/example_external_task_marker_dag.py
[2025-05-19T15:56:06.692+0000] {logging_mixin.py:190} INFO - [2025-05-19T15:56:06.692+0000] {dag.py:3239} INFO - Sync 2 DAGs
[2025-05-19T15:56:06.699+0000] {logging_mixin.py:190} INFO - [2025-05-19T15:56:06.699+0000] {dag.py:4180} INFO - Setting next_dagrun for example_external_task_marker_child to None, run_after=None
[2025-05-19T15:56:06.701+0000] {logging_mixin.py:190} INFO - [2025-05-19T15:56:06.701+0000] {dag.py:4180} INFO - Setting next_dagrun for example_external_task_marker_parent to None, run_after=None
[2025-05-19T15:56:06.709+0000] {processor.py:208} INFO - Processing /home/airflow/.local/lib/python3.12/site-packages/airflow/example_dags/example_external_task_marker_dag.py took 0.039 seconds
[2025-05-19T15:56:37.750+0000] {processor.py:186} INFO - Started process (PID=1009) to work on /home/airflow/.local/lib/python3.12/site-packages/airflow/example_dags/example_external_task_marker_dag.py
[2025-05-19T15:56:37.751+0000] {processor.py:914} INFO - Processing file /home/airflow/.local/lib/python3.12/site-packages/airflow/example_dags/example_external_task_marker_dag.py for tasks to queue
[2025-05-19T15:56:37.754+0000] {logging_mixin.py:190} INFO - [2025-05-19T15:56:37.754+0000] {dagbag.py:588} INFO - Filling up the DagBag from /home/airflow/.local/lib/python3.12/site-packages/airflow/example_dags/example_external_task_marker_dag.py
[2025-05-19T15:56:37.759+0000] {processor.py:925} INFO - DAG(s) 'example_external_task_marker_child', 'example_external_task_marker_parent' retrieved from /home/airflow/.local/lib/python3.12/site-packages/airflow/example_dags/example_external_task_marker_dag.py
[2025-05-19T15:56:37.772+0000] {logging_mixin.py:190} INFO - [2025-05-19T15:56:37.772+0000] {dag.py:3239} INFO - Sync 2 DAGs
[2025-05-19T15:56:37.780+0000] {logging_mixin.py:190} INFO - [2025-05-19T15:56:37.780+0000] {dag.py:4180} INFO - Setting next_dagrun for example_external_task_marker_child to None, run_after=None
[2025-05-19T15:56:37.785+0000] {logging_mixin.py:190} INFO - [2025-05-19T15:56:37.785+0000] {dag.py:4180} INFO - Setting next_dagrun for example_external_task_marker_parent to None, run_after=None
[2025-05-19T15:56:37.794+0000] {processor.py:208} INFO - Processing /home/airflow/.local/lib/python3.12/site-packages/airflow/example_dags/example_external_task_marker_dag.py took 0.047 seconds
[2025-05-19T15:57:08.661+0000] {processor.py:186} INFO - Started process (PID=1066) to work on /home/airflow/.local/lib/python3.12/site-packages/airflow/example_dags/example_external_task_marker_dag.py
[2025-05-19T15:57:08.662+0000] {processor.py:914} INFO - Processing file /home/airflow/.local/lib/python3.12/site-packages/airflow/example_dags/example_external_task_marker_dag.py for tasks to queue
[2025-05-19T15:57:08.664+0000] {logging_mixin.py:190} INFO - [2025-05-19T15:57:08.663+0000] {dagbag.py:588} INFO - Filling up the DagBag from /home/airflow/.local/lib/python3.12/site-packages/airflow/example_dags/example_external_task_marker_dag.py
[2025-05-19T15:57:08.668+0000] {processor.py:925} INFO - DAG(s) 'example_external_task_marker_child', 'example_external_task_marker_parent' retrieved from /home/airflow/.local/lib/python3.12/site-packages/airflow/example_dags/example_external_task_marker_dag.py
[2025-05-19T15:57:08.681+0000] {logging_mixin.py:190} INFO - [2025-05-19T15:57:08.681+0000] {dag.py:3239} INFO - Sync 2 DAGs
[2025-05-19T15:57:08.689+0000] {logging_mixin.py:190} INFO - [2025-05-19T15:57:08.689+0000] {dag.py:4180} INFO - Setting next_dagrun for example_external_task_marker_child to None, run_after=None
[2025-05-19T15:57:08.691+0000] {logging_mixin.py:190} INFO - [2025-05-19T15:57:08.691+0000] {dag.py:4180} INFO - Setting next_dagrun for example_external_task_marker_parent to None, run_after=None
[2025-05-19T15:57:08.702+0000] {processor.py:208} INFO - Processing /home/airflow/.local/lib/python3.12/site-packages/airflow/example_dags/example_external_task_marker_dag.py took 0.044 seconds
[2025-05-19T15:57:39.586+0000] {processor.py:186} INFO - Started process (PID=1123) to work on /home/airflow/.local/lib/python3.12/site-packages/airflow/example_dags/example_external_task_marker_dag.py
[2025-05-19T15:57:39.588+0000] {processor.py:914} INFO - Processing file /home/airflow/.local/lib/python3.12/site-packages/airflow/example_dags/example_external_task_marker_dag.py for tasks to queue
[2025-05-19T15:57:39.589+0000] {logging_mixin.py:190} INFO - [2025-05-19T15:57:39.589+0000] {dagbag.py:588} INFO - Filling up the DagBag from /home/airflow/.local/lib/python3.12/site-packages/airflow/example_dags/example_external_task_marker_dag.py
[2025-05-19T15:57:39.594+0000] {processor.py:925} INFO - DAG(s) 'example_external_task_marker_child', 'example_external_task_marker_parent' retrieved from /home/airflow/.local/lib/python3.12/site-packages/airflow/example_dags/example_external_task_marker_dag.py
[2025-05-19T15:57:39.606+0000] {logging_mixin.py:190} INFO - [2025-05-19T15:57:39.606+0000] {dag.py:3239} INFO - Sync 2 DAGs
[2025-05-19T15:57:39.614+0000] {logging_mixin.py:190} INFO - [2025-05-19T15:57:39.614+0000] {dag.py:4180} INFO - Setting next_dagrun for example_external_task_marker_child to None, run_after=None
[2025-05-19T15:57:39.616+0000] {logging_mixin.py:190} INFO - [2025-05-19T15:57:39.616+0000] {dag.py:4180} INFO - Setting next_dagrun for example_external_task_marker_parent to None, run_after=None
[2025-05-19T15:57:39.626+0000] {processor.py:208} INFO - Processing /home/airflow/.local/lib/python3.12/site-packages/airflow/example_dags/example_external_task_marker_dag.py took 0.043 seconds
[2025-05-19T15:58:10.532+0000] {processor.py:186} INFO - Started process (PID=1180) to work on /home/airflow/.local/lib/python3.12/site-packages/airflow/example_dags/example_external_task_marker_dag.py
[2025-05-19T15:58:10.533+0000] {processor.py:914} INFO - Processing file /home/airflow/.local/lib/python3.12/site-packages/airflow/example_dags/example_external_task_marker_dag.py for tasks to queue
[2025-05-19T15:58:10.534+0000] {logging_mixin.py:190} INFO - [2025-05-19T15:58:10.534+0000] {dagbag.py:588} INFO - Filling up the DagBag from /home/airflow/.local/lib/python3.12/site-packages/airflow/example_dags/example_external_task_marker_dag.py
[2025-05-19T15:58:10.539+0000] {processor.py:925} INFO - DAG(s) 'example_external_task_marker_parent', 'example_external_task_marker_child' retrieved from /home/airflow/.local/lib/python3.12/site-packages/airflow/example_dags/example_external_task_marker_dag.py
[2025-05-19T15:58:10.551+0000] {logging_mixin.py:190} INFO - [2025-05-19T15:58:10.551+0000] {dag.py:3239} INFO - Sync 2 DAGs
[2025-05-19T15:58:10.558+0000] {logging_mixin.py:190} INFO - [2025-05-19T15:58:10.558+0000] {dag.py:4180} INFO - Setting next_dagrun for example_external_task_marker_child to None, run_after=None
[2025-05-19T15:58:10.560+0000] {logging_mixin.py:190} INFO - [2025-05-19T15:58:10.560+0000] {dag.py:4180} INFO - Setting next_dagrun for example_external_task_marker_parent to None, run_after=None
[2025-05-19T15:58:10.567+0000] {processor.py:208} INFO - Processing /home/airflow/.local/lib/python3.12/site-packages/airflow/example_dags/example_external_task_marker_dag.py took 0.038 seconds
[2025-05-19T15:58:41.381+0000] {processor.py:186} INFO - Started process (PID=1237) to work on /home/airflow/.local/lib/python3.12/site-packages/airflow/example_dags/example_external_task_marker_dag.py
[2025-05-19T15:58:41.383+0000] {processor.py:914} INFO - Processing file /home/airflow/.local/lib/python3.12/site-packages/airflow/example_dags/example_external_task_marker_dag.py for tasks to queue
[2025-05-19T15:58:41.388+0000] {logging_mixin.py:190} INFO - [2025-05-19T15:58:41.388+0000] {dagbag.py:588} INFO - Filling up the DagBag from /home/airflow/.local/lib/python3.12/site-packages/airflow/example_dags/example_external_task_marker_dag.py
[2025-05-19T15:58:41.393+0000] {processor.py:925} INFO - DAG(s) 'example_external_task_marker_parent', 'example_external_task_marker_child' retrieved from /home/airflow/.local/lib/python3.12/site-packages/airflow/example_dags/example_external_task_marker_dag.py
[2025-05-19T15:58:41.405+0000] {logging_mixin.py:190} INFO - [2025-05-19T15:58:41.405+0000] {dag.py:3239} INFO - Sync 2 DAGs
[2025-05-19T15:58:41.413+0000] {logging_mixin.py:190} INFO - [2025-05-19T15:58:41.413+0000] {dag.py:4180} INFO - Setting next_dagrun for example_external_task_marker_child to None, run_after=None
[2025-05-19T15:58:41.415+0000] {logging_mixin.py:190} INFO - [2025-05-19T15:58:41.415+0000] {dag.py:4180} INFO - Setting next_dagrun for example_external_task_marker_parent to None, run_after=None
[2025-05-19T15:58:41.423+0000] {processor.py:208} INFO - Processing /home/airflow/.local/lib/python3.12/site-packages/airflow/example_dags/example_external_task_marker_dag.py took 0.046 seconds
[2025-05-19T15:59:12.195+0000] {processor.py:186} INFO - Started process (PID=1294) to work on /home/airflow/.local/lib/python3.12/site-packages/airflow/example_dags/example_external_task_marker_dag.py
[2025-05-19T15:59:12.198+0000] {processor.py:914} INFO - Processing file /home/airflow/.local/lib/python3.12/site-packages/airflow/example_dags/example_external_task_marker_dag.py for tasks to queue
[2025-05-19T15:59:12.200+0000] {logging_mixin.py:190} INFO - [2025-05-19T15:59:12.199+0000] {dagbag.py:588} INFO - Filling up the DagBag from /home/airflow/.local/lib/python3.12/site-packages/airflow/example_dags/example_external_task_marker_dag.py
[2025-05-19T15:59:12.206+0000] {processor.py:925} INFO - DAG(s) 'example_external_task_marker_parent', 'example_external_task_marker_child' retrieved from /home/airflow/.local/lib/python3.12/site-packages/airflow/example_dags/example_external_task_marker_dag.py
[2025-05-19T15:59:12.221+0000] {logging_mixin.py:190} INFO - [2025-05-19T15:59:12.221+0000] {dag.py:3239} INFO - Sync 2 DAGs
[2025-05-19T15:59:12.229+0000] {logging_mixin.py:190} INFO - [2025-05-19T15:59:12.229+0000] {dag.py:4180} INFO - Setting next_dagrun for example_external_task_marker_child to None, run_after=None
[2025-05-19T15:59:12.231+0000] {logging_mixin.py:190} INFO - [2025-05-19T15:59:12.231+0000] {dag.py:4180} INFO - Setting next_dagrun for example_external_task_marker_parent to None, run_after=None
[2025-05-19T15:59:12.239+0000] {processor.py:208} INFO - Processing /home/airflow/.local/lib/python3.12/site-packages/airflow/example_dags/example_external_task_marker_dag.py took 0.047 seconds
[2025-05-19T15:59:43.262+0000] {processor.py:186} INFO - Started process (PID=1351) to work on /home/airflow/.local/lib/python3.12/site-packages/airflow/example_dags/example_external_task_marker_dag.py
[2025-05-19T15:59:43.263+0000] {processor.py:914} INFO - Processing file /home/airflow/.local/lib/python3.12/site-packages/airflow/example_dags/example_external_task_marker_dag.py for tasks to queue
[2025-05-19T15:59:43.265+0000] {logging_mixin.py:190} INFO - [2025-05-19T15:59:43.265+0000] {dagbag.py:588} INFO - Filling up the DagBag from /home/airflow/.local/lib/python3.12/site-packages/airflow/example_dags/example_external_task_marker_dag.py
[2025-05-19T15:59:43.272+0000] {processor.py:925} INFO - DAG(s) 'example_external_task_marker_parent', 'example_external_task_marker_child' retrieved from /home/airflow/.local/lib/python3.12/site-packages/airflow/example_dags/example_external_task_marker_dag.py
[2025-05-19T15:59:43.289+0000] {logging_mixin.py:190} INFO - [2025-05-19T15:59:43.289+0000] {dag.py:3239} INFO - Sync 2 DAGs
[2025-05-19T15:59:43.298+0000] {logging_mixin.py:190} INFO - [2025-05-19T15:59:43.298+0000] {dag.py:4180} INFO - Setting next_dagrun for example_external_task_marker_child to None, run_after=None
[2025-05-19T15:59:43.300+0000] {logging_mixin.py:190} INFO - [2025-05-19T15:59:43.300+0000] {dag.py:4180} INFO - Setting next_dagrun for example_external_task_marker_parent to None, run_after=None
[2025-05-19T15:59:43.310+0000] {processor.py:208} INFO - Processing /home/airflow/.local/lib/python3.12/site-packages/airflow/example_dags/example_external_task_marker_dag.py took 0.053 seconds
[2025-05-19T16:00:14.274+0000] {processor.py:186} INFO - Started process (PID=1408) to work on /home/airflow/.local/lib/python3.12/site-packages/airflow/example_dags/example_external_task_marker_dag.py
[2025-05-19T16:00:14.275+0000] {processor.py:914} INFO - Processing file /home/airflow/.local/lib/python3.12/site-packages/airflow/example_dags/example_external_task_marker_dag.py for tasks to queue
[2025-05-19T16:00:14.276+0000] {logging_mixin.py:190} INFO - [2025-05-19T16:00:14.276+0000] {dagbag.py:588} INFO - Filling up the DagBag from /home/airflow/.local/lib/python3.12/site-packages/airflow/example_dags/example_external_task_marker_dag.py
[2025-05-19T16:00:14.280+0000] {processor.py:925} INFO - DAG(s) 'example_external_task_marker_child', 'example_external_task_marker_parent' retrieved from /home/airflow/.local/lib/python3.12/site-packages/airflow/example_dags/example_external_task_marker_dag.py
[2025-05-19T16:00:14.296+0000] {logging_mixin.py:190} INFO - [2025-05-19T16:00:14.296+0000] {dag.py:3239} INFO - Sync 2 DAGs
[2025-05-19T16:00:14.304+0000] {logging_mixin.py:190} INFO - [2025-05-19T16:00:14.304+0000] {dag.py:4180} INFO - Setting next_dagrun for example_external_task_marker_child to None, run_after=None
[2025-05-19T16:00:14.306+0000] {logging_mixin.py:190} INFO - [2025-05-19T16:00:14.306+0000] {dag.py:4180} INFO - Setting next_dagrun for example_external_task_marker_parent to None, run_after=None
[2025-05-19T16:00:14.314+0000] {processor.py:208} INFO - Processing /home/airflow/.local/lib/python3.12/site-packages/airflow/example_dags/example_external_task_marker_dag.py took 0.043 seconds
[2025-05-19T16:00:45.306+0000] {processor.py:186} INFO - Started process (PID=1465) to work on /home/airflow/.local/lib/python3.12/site-packages/airflow/example_dags/example_external_task_marker_dag.py
[2025-05-19T16:00:45.309+0000] {processor.py:914} INFO - Processing file /home/airflow/.local/lib/python3.12/site-packages/airflow/example_dags/example_external_task_marker_dag.py for tasks to queue
[2025-05-19T16:00:45.311+0000] {logging_mixin.py:190} INFO - [2025-05-19T16:00:45.311+0000] {dagbag.py:588} INFO - Filling up the DagBag from /home/airflow/.local/lib/python3.12/site-packages/airflow/example_dags/example_external_task_marker_dag.py
[2025-05-19T16:00:45.317+0000] {processor.py:925} INFO - DAG(s) 'example_external_task_marker_parent', 'example_external_task_marker_child' retrieved from /home/airflow/.local/lib/python3.12/site-packages/airflow/example_dags/example_external_task_marker_dag.py
[2025-05-19T16:00:45.329+0000] {logging_mixin.py:190} INFO - [2025-05-19T16:00:45.329+0000] {dag.py:3239} INFO - Sync 2 DAGs
[2025-05-19T16:00:45.337+0000] {logging_mixin.py:190} INFO - [2025-05-19T16:00:45.337+0000] {dag.py:4180} INFO - Setting next_dagrun for example_external_task_marker_child to None, run_after=None
[2025-05-19T16:00:45.340+0000] {logging_mixin.py:190} INFO - [2025-05-19T16:00:45.339+0000] {dag.py:4180} INFO - Setting next_dagrun for example_external_task_marker_parent to None, run_after=None
[2025-05-19T16:00:45.348+0000] {processor.py:208} INFO - Processing /home/airflow/.local/lib/python3.12/site-packages/airflow/example_dags/example_external_task_marker_dag.py took 0.045 seconds
[2025-05-19T16:01:15.418+0000] {processor.py:186} INFO - Started process (PID=1522) to work on /home/airflow/.local/lib/python3.12/site-packages/airflow/example_dags/example_external_task_marker_dag.py
[2025-05-19T16:01:15.418+0000] {processor.py:914} INFO - Processing file /home/airflow/.local/lib/python3.12/site-packages/airflow/example_dags/example_external_task_marker_dag.py for tasks to queue
[2025-05-19T16:01:15.420+0000] {logging_mixin.py:190} INFO - [2025-05-19T16:01:15.420+0000] {dagbag.py:588} INFO - Filling up the DagBag from /home/airflow/.local/lib/python3.12/site-packages/airflow/example_dags/example_external_task_marker_dag.py
[2025-05-19T16:01:15.424+0000] {processor.py:925} INFO - DAG(s) 'example_external_task_marker_parent', 'example_external_task_marker_child' retrieved from /home/airflow/.local/lib/python3.12/site-packages/airflow/example_dags/example_external_task_marker_dag.py
[2025-05-19T16:01:15.436+0000] {logging_mixin.py:190} INFO - [2025-05-19T16:01:15.436+0000] {dag.py:3239} INFO - Sync 2 DAGs
[2025-05-19T16:01:15.444+0000] {logging_mixin.py:190} INFO - [2025-05-19T16:01:15.444+0000] {dag.py:4180} INFO - Setting next_dagrun for example_external_task_marker_child to None, run_after=None
[2025-05-19T16:01:15.446+0000] {logging_mixin.py:190} INFO - [2025-05-19T16:01:15.446+0000] {dag.py:4180} INFO - Setting next_dagrun for example_external_task_marker_parent to None, run_after=None
[2025-05-19T16:01:15.453+0000] {processor.py:208} INFO - Processing /home/airflow/.local/lib/python3.12/site-packages/airflow/example_dags/example_external_task_marker_dag.py took 0.039 seconds
[2025-05-19T16:01:46.290+0000] {processor.py:186} INFO - Started process (PID=1579) to work on /home/airflow/.local/lib/python3.12/site-packages/airflow/example_dags/example_external_task_marker_dag.py
[2025-05-19T16:01:46.293+0000] {processor.py:914} INFO - Processing file /home/airflow/.local/lib/python3.12/site-packages/airflow/example_dags/example_external_task_marker_dag.py for tasks to queue
[2025-05-19T16:01:46.298+0000] {logging_mixin.py:190} INFO - [2025-05-19T16:01:46.297+0000] {dagbag.py:588} INFO - Filling up the DagBag from /home/airflow/.local/lib/python3.12/site-packages/airflow/example_dags/example_external_task_marker_dag.py
[2025-05-19T16:01:46.303+0000] {processor.py:925} INFO - DAG(s) 'example_external_task_marker_child', 'example_external_task_marker_parent' retrieved from /home/airflow/.local/lib/python3.12/site-packages/airflow/example_dags/example_external_task_marker_dag.py
[2025-05-19T16:01:46.317+0000] {logging_mixin.py:190} INFO - [2025-05-19T16:01:46.317+0000] {dag.py:3239} INFO - Sync 2 DAGs
[2025-05-19T16:01:46.326+0000] {logging_mixin.py:190} INFO - [2025-05-19T16:01:46.326+0000] {dag.py:4180} INFO - Setting next_dagrun for example_external_task_marker_child to None, run_after=None
[2025-05-19T16:01:46.329+0000] {logging_mixin.py:190} INFO - [2025-05-19T16:01:46.329+0000] {dag.py:4180} INFO - Setting next_dagrun for example_external_task_marker_parent to None, run_after=None
[2025-05-19T16:01:46.337+0000] {processor.py:208} INFO - Processing /home/airflow/.local/lib/python3.12/site-packages/airflow/example_dags/example_external_task_marker_dag.py took 0.050 seconds
[2025-05-19T16:02:17.006+0000] {processor.py:186} INFO - Started process (PID=1636) to work on /home/airflow/.local/lib/python3.12/site-packages/airflow/example_dags/example_external_task_marker_dag.py
[2025-05-19T16:02:17.007+0000] {processor.py:914} INFO - Processing file /home/airflow/.local/lib/python3.12/site-packages/airflow/example_dags/example_external_task_marker_dag.py for tasks to queue
[2025-05-19T16:02:17.009+0000] {logging_mixin.py:190} INFO - [2025-05-19T16:02:17.009+0000] {dagbag.py:588} INFO - Filling up the DagBag from /home/airflow/.local/lib/python3.12/site-packages/airflow/example_dags/example_external_task_marker_dag.py
[2025-05-19T16:02:17.014+0000] {processor.py:925} INFO - DAG(s) 'example_external_task_marker_child', 'example_external_task_marker_parent' retrieved from /home/airflow/.local/lib/python3.12/site-packages/airflow/example_dags/example_external_task_marker_dag.py
[2025-05-19T16:02:17.029+0000] {logging_mixin.py:190} INFO - [2025-05-19T16:02:17.029+0000] {dag.py:3239} INFO - Sync 2 DAGs
[2025-05-19T16:02:17.036+0000] {logging_mixin.py:190} INFO - [2025-05-19T16:02:17.036+0000] {dag.py:4180} INFO - Setting next_dagrun for example_external_task_marker_child to None, run_after=None
[2025-05-19T16:02:17.038+0000] {logging_mixin.py:190} INFO - [2025-05-19T16:02:17.038+0000] {dag.py:4180} INFO - Setting next_dagrun for example_external_task_marker_parent to None, run_after=None
[2025-05-19T16:02:17.047+0000] {processor.py:208} INFO - Processing /home/airflow/.local/lib/python3.12/site-packages/airflow/example_dags/example_external_task_marker_dag.py took 0.044 seconds
[2025-05-19T16:02:47.892+0000] {processor.py:186} INFO - Started process (PID=1693) to work on /home/airflow/.local/lib/python3.12/site-packages/airflow/example_dags/example_external_task_marker_dag.py
[2025-05-19T16:02:47.892+0000] {processor.py:914} INFO - Processing file /home/airflow/.local/lib/python3.12/site-packages/airflow/example_dags/example_external_task_marker_dag.py for tasks to queue
[2025-05-19T16:02:47.896+0000] {logging_mixin.py:190} INFO - [2025-05-19T16:02:47.896+0000] {dagbag.py:588} INFO - Filling up the DagBag from /home/airflow/.local/lib/python3.12/site-packages/airflow/example_dags/example_external_task_marker_dag.py
[2025-05-19T16:02:47.901+0000] {processor.py:925} INFO - DAG(s) 'example_external_task_marker_child', 'example_external_task_marker_parent' retrieved from /home/airflow/.local/lib/python3.12/site-packages/airflow/example_dags/example_external_task_marker_dag.py
[2025-05-19T16:02:47.915+0000] {logging_mixin.py:190} INFO - [2025-05-19T16:02:47.915+0000] {dag.py:3239} INFO - Sync 2 DAGs
[2025-05-19T16:02:47.925+0000] {logging_mixin.py:190} INFO - [2025-05-19T16:02:47.925+0000] {dag.py:4180} INFO - Setting next_dagrun for example_external_task_marker_child to None, run_after=None
[2025-05-19T16:02:47.927+0000] {logging_mixin.py:190} INFO - [2025-05-19T16:02:47.927+0000] {dag.py:4180} INFO - Setting next_dagrun for example_external_task_marker_parent to None, run_after=None
[2025-05-19T16:02:47.936+0000] {processor.py:208} INFO - Processing /home/airflow/.local/lib/python3.12/site-packages/airflow/example_dags/example_external_task_marker_dag.py took 0.047 seconds
[2025-05-19T16:03:18.996+0000] {processor.py:186} INFO - Started process (PID=1750) to work on /home/airflow/.local/lib/python3.12/site-packages/airflow/example_dags/example_external_task_marker_dag.py
[2025-05-19T16:03:18.997+0000] {processor.py:914} INFO - Processing file /home/airflow/.local/lib/python3.12/site-packages/airflow/example_dags/example_external_task_marker_dag.py for tasks to queue
[2025-05-19T16:03:18.999+0000] {logging_mixin.py:190} INFO - [2025-05-19T16:03:18.999+0000] {dagbag.py:588} INFO - Filling up the DagBag from /home/airflow/.local/lib/python3.12/site-packages/airflow/example_dags/example_external_task_marker_dag.py
[2025-05-19T16:03:19.004+0000] {processor.py:925} INFO - DAG(s) 'example_external_task_marker_child', 'example_external_task_marker_parent' retrieved from /home/airflow/.local/lib/python3.12/site-packages/airflow/example_dags/example_external_task_marker_dag.py
[2025-05-19T16:03:19.016+0000] {logging_mixin.py:190} INFO - [2025-05-19T16:03:19.016+0000] {dag.py:3239} INFO - Sync 2 DAGs
[2025-05-19T16:03:19.023+0000] {logging_mixin.py:190} INFO - [2025-05-19T16:03:19.023+0000] {dag.py:4180} INFO - Setting next_dagrun for example_external_task_marker_child to None, run_after=None
[2025-05-19T16:03:19.025+0000] {logging_mixin.py:190} INFO - [2025-05-19T16:03:19.025+0000] {dag.py:4180} INFO - Setting next_dagrun for example_external_task_marker_parent to None, run_after=None
[2025-05-19T16:03:19.032+0000] {processor.py:208} INFO - Processing /home/airflow/.local/lib/python3.12/site-packages/airflow/example_dags/example_external_task_marker_dag.py took 0.040 seconds
[2025-05-19T16:03:49.810+0000] {processor.py:186} INFO - Started process (PID=1807) to work on /home/airflow/.local/lib/python3.12/site-packages/airflow/example_dags/example_external_task_marker_dag.py
[2025-05-19T16:03:49.813+0000] {processor.py:914} INFO - Processing file /home/airflow/.local/lib/python3.12/site-packages/airflow/example_dags/example_external_task_marker_dag.py for tasks to queue
[2025-05-19T16:03:49.814+0000] {logging_mixin.py:190} INFO - [2025-05-19T16:03:49.814+0000] {dagbag.py:588} INFO - Filling up the DagBag from /home/airflow/.local/lib/python3.12/site-packages/airflow/example_dags/example_external_task_marker_dag.py
[2025-05-19T16:03:49.819+0000] {processor.py:925} INFO - DAG(s) 'example_external_task_marker_child', 'example_external_task_marker_parent' retrieved from /home/airflow/.local/lib/python3.12/site-packages/airflow/example_dags/example_external_task_marker_dag.py
[2025-05-19T16:03:49.830+0000] {logging_mixin.py:190} INFO - [2025-05-19T16:03:49.830+0000] {dag.py:3239} INFO - Sync 2 DAGs
[2025-05-19T16:03:49.837+0000] {logging_mixin.py:190} INFO - [2025-05-19T16:03:49.837+0000] {dag.py:4180} INFO - Setting next_dagrun for example_external_task_marker_child to None, run_after=None
[2025-05-19T16:03:49.839+0000] {logging_mixin.py:190} INFO - [2025-05-19T16:03:49.839+0000] {dag.py:4180} INFO - Setting next_dagrun for example_external_task_marker_parent to None, run_after=None
[2025-05-19T16:03:49.848+0000] {processor.py:208} INFO - Processing /home/airflow/.local/lib/python3.12/site-packages/airflow/example_dags/example_external_task_marker_dag.py took 0.042 seconds
[2025-05-19T16:04:20.688+0000] {processor.py:186} INFO - Started process (PID=1864) to work on /home/airflow/.local/lib/python3.12/site-packages/airflow/example_dags/example_external_task_marker_dag.py
[2025-05-19T16:04:20.689+0000] {processor.py:914} INFO - Processing file /home/airflow/.local/lib/python3.12/site-packages/airflow/example_dags/example_external_task_marker_dag.py for tasks to queue
[2025-05-19T16:04:20.690+0000] {logging_mixin.py:190} INFO - [2025-05-19T16:04:20.690+0000] {dagbag.py:588} INFO - Filling up the DagBag from /home/airflow/.local/lib/python3.12/site-packages/airflow/example_dags/example_external_task_marker_dag.py
[2025-05-19T16:04:20.695+0000] {processor.py:925} INFO - DAG(s) 'example_external_task_marker_parent', 'example_external_task_marker_child' retrieved from /home/airflow/.local/lib/python3.12/site-packages/airflow/example_dags/example_external_task_marker_dag.py
[2025-05-19T16:04:20.710+0000] {logging_mixin.py:190} INFO - [2025-05-19T16:04:20.710+0000] {dag.py:3239} INFO - Sync 2 DAGs
[2025-05-19T16:04:20.719+0000] {logging_mixin.py:190} INFO - [2025-05-19T16:04:20.719+0000] {dag.py:4180} INFO - Setting next_dagrun for example_external_task_marker_child to None, run_after=None
[2025-05-19T16:04:20.722+0000] {logging_mixin.py:190} INFO - [2025-05-19T16:04:20.721+0000] {dag.py:4180} INFO - Setting next_dagrun for example_external_task_marker_parent to None, run_after=None
[2025-05-19T16:04:20.730+0000] {processor.py:208} INFO - Processing /home/airflow/.local/lib/python3.12/site-packages/airflow/example_dags/example_external_task_marker_dag.py took 0.045 seconds
[2025-05-19T16:04:51.320+0000] {processor.py:186} INFO - Started process (PID=1921) to work on /home/airflow/.local/lib/python3.12/site-packages/airflow/example_dags/example_external_task_marker_dag.py
[2025-05-19T16:04:51.323+0000] {processor.py:914} INFO - Processing file /home/airflow/.local/lib/python3.12/site-packages/airflow/example_dags/example_external_task_marker_dag.py for tasks to queue
[2025-05-19T16:04:51.325+0000] {logging_mixin.py:190} INFO - [2025-05-19T16:04:51.325+0000] {dagbag.py:588} INFO - Filling up the DagBag from /home/airflow/.local/lib/python3.12/site-packages/airflow/example_dags/example_external_task_marker_dag.py
[2025-05-19T16:04:51.330+0000] {processor.py:925} INFO - DAG(s) 'example_external_task_marker_parent', 'example_external_task_marker_child' retrieved from /home/airflow/.local/lib/python3.12/site-packages/airflow/example_dags/example_external_task_marker_dag.py
[2025-05-19T16:04:51.343+0000] {logging_mixin.py:190} INFO - [2025-05-19T16:04:51.343+0000] {dag.py:3239} INFO - Sync 2 DAGs
[2025-05-19T16:04:51.350+0000] {logging_mixin.py:190} INFO - [2025-05-19T16:04:51.350+0000] {dag.py:4180} INFO - Setting next_dagrun for example_external_task_marker_child to None, run_after=None
[2025-05-19T16:04:51.353+0000] {logging_mixin.py:190} INFO - [2025-05-19T16:04:51.353+0000] {dag.py:4180} INFO - Setting next_dagrun for example_external_task_marker_parent to None, run_after=None
[2025-05-19T16:04:51.362+0000] {processor.py:208} INFO - Processing /home/airflow/.local/lib/python3.12/site-packages/airflow/example_dags/example_external_task_marker_dag.py took 0.046 seconds
