[2025-05-19T15:48:00.285+0000] {processor.py:186} INFO - Started process (PID=80) to work on /home/airflow/.local/lib/python3.12/site-packages/airflow/example_dags/example_task_group.py
[2025-05-19T15:48:00.286+0000] {processor.py:914} INFO - Processing file /home/airflow/.local/lib/python3.12/site-packages/airflow/example_dags/example_task_group.py for tasks to queue
[2025-05-19T15:48:00.287+0000] {logging_mixin.py:190} INFO - [2025-05-19T15:48:00.287+0000] {dagbag.py:588} INFO - Filling up the DagBag from /home/airflow/.local/lib/python3.12/site-packages/airflow/example_dags/example_task_group.py
[2025-05-19T15:48:00.293+0000] {processor.py:925} INFO - DAG(s) 'example_task_group' retrieved from /home/airflow/.local/lib/python3.12/site-packages/airflow/example_dags/example_task_group.py
[2025-05-19T15:48:00.351+0000] {logging_mixin.py:190} INFO - [2025-05-19T15:48:00.351+0000] {override.py:1912} INFO - Created Permission View: can delete on DAG:example_task_group
[2025-05-19T15:48:00.358+0000] {logging_mixin.py:190} INFO - [2025-05-19T15:48:00.358+0000] {override.py:1912} INFO - Created Permission View: can read on DAG:example_task_group
[2025-05-19T15:48:00.361+0000] {logging_mixin.py:190} INFO - [2025-05-19T15:48:00.361+0000] {override.py:1912} INFO - Created Permission View: can edit on DAG:example_task_group
[2025-05-19T15:48:00.364+0000] {logging_mixin.py:190} INFO - [2025-05-19T15:48:00.364+0000] {override.py:1912} INFO - Created Permission View: menu access on DAG Run:example_task_group
[2025-05-19T15:48:00.367+0000] {logging_mixin.py:190} INFO - [2025-05-19T15:48:00.367+0000] {override.py:1912} INFO - Created Permission View: can create on DAG Run:example_task_group
[2025-05-19T15:48:00.372+0000] {logging_mixin.py:190} INFO - [2025-05-19T15:48:00.372+0000] {override.py:1912} INFO - Created Permission View: can delete on DAG Run:example_task_group
[2025-05-19T15:48:00.375+0000] {logging_mixin.py:190} INFO - [2025-05-19T15:48:00.375+0000] {override.py:1912} INFO - Created Permission View: can read on DAG Run:example_task_group
[2025-05-19T15:48:00.375+0000] {logging_mixin.py:190} INFO - [2025-05-19T15:48:00.375+0000] {dag.py:3239} INFO - Sync 1 DAGs
[2025-05-19T15:48:00.381+0000] {logging_mixin.py:190} INFO - [2025-05-19T15:48:00.381+0000] {dag.py:3262} INFO - Creating ORM DAG for example_task_group
[2025-05-19T15:48:00.382+0000] {logging_mixin.py:190} INFO - [2025-05-19T15:48:00.382+0000] {dag.py:4180} INFO - Setting next_dagrun for example_task_group to None, run_after=None
[2025-05-19T15:48:00.389+0000] {processor.py:208} INFO - Processing /home/airflow/.local/lib/python3.12/site-packages/airflow/example_dags/example_task_group.py took 0.107 seconds
[2025-05-19T15:48:30.458+0000] {processor.py:186} INFO - Started process (PID=137) to work on /home/airflow/.local/lib/python3.12/site-packages/airflow/example_dags/example_task_group.py
[2025-05-19T15:48:30.460+0000] {processor.py:914} INFO - Processing file /home/airflow/.local/lib/python3.12/site-packages/airflow/example_dags/example_task_group.py for tasks to queue
[2025-05-19T15:48:30.462+0000] {logging_mixin.py:190} INFO - [2025-05-19T15:48:30.461+0000] {dagbag.py:588} INFO - Filling up the DagBag from /home/airflow/.local/lib/python3.12/site-packages/airflow/example_dags/example_task_group.py
[2025-05-19T15:48:30.466+0000] {processor.py:925} INFO - DAG(s) 'example_task_group' retrieved from /home/airflow/.local/lib/python3.12/site-packages/airflow/example_dags/example_task_group.py
[2025-05-19T15:48:30.477+0000] {logging_mixin.py:190} INFO - [2025-05-19T15:48:30.477+0000] {dag.py:3239} INFO - Sync 1 DAGs
[2025-05-19T15:48:30.483+0000] {logging_mixin.py:190} INFO - [2025-05-19T15:48:30.483+0000] {dag.py:4180} INFO - Setting next_dagrun for example_task_group to None, run_after=None
[2025-05-19T15:48:30.491+0000] {processor.py:208} INFO - Processing /home/airflow/.local/lib/python3.12/site-packages/airflow/example_dags/example_task_group.py took 0.037 seconds
[2025-05-19T15:49:01.205+0000] {processor.py:186} INFO - Started process (PID=194) to work on /home/airflow/.local/lib/python3.12/site-packages/airflow/example_dags/example_task_group.py
[2025-05-19T15:49:01.206+0000] {processor.py:914} INFO - Processing file /home/airflow/.local/lib/python3.12/site-packages/airflow/example_dags/example_task_group.py for tasks to queue
[2025-05-19T15:49:01.208+0000] {logging_mixin.py:190} INFO - [2025-05-19T15:49:01.208+0000] {dagbag.py:588} INFO - Filling up the DagBag from /home/airflow/.local/lib/python3.12/site-packages/airflow/example_dags/example_task_group.py
[2025-05-19T15:49:01.213+0000] {processor.py:925} INFO - DAG(s) 'example_task_group' retrieved from /home/airflow/.local/lib/python3.12/site-packages/airflow/example_dags/example_task_group.py
[2025-05-19T15:49:01.225+0000] {logging_mixin.py:190} INFO - [2025-05-19T15:49:01.225+0000] {dag.py:3239} INFO - Sync 1 DAGs
[2025-05-19T15:49:01.232+0000] {logging_mixin.py:190} INFO - [2025-05-19T15:49:01.232+0000] {dag.py:4180} INFO - Setting next_dagrun for example_task_group to None, run_after=None
[2025-05-19T15:49:01.243+0000] {processor.py:208} INFO - Processing /home/airflow/.local/lib/python3.12/site-packages/airflow/example_dags/example_task_group.py took 0.041 seconds
[2025-05-19T15:49:31.948+0000] {processor.py:186} INFO - Started process (PID=251) to work on /home/airflow/.local/lib/python3.12/site-packages/airflow/example_dags/example_task_group.py
[2025-05-19T15:49:31.948+0000] {processor.py:914} INFO - Processing file /home/airflow/.local/lib/python3.12/site-packages/airflow/example_dags/example_task_group.py for tasks to queue
[2025-05-19T15:49:31.950+0000] {logging_mixin.py:190} INFO - [2025-05-19T15:49:31.949+0000] {dagbag.py:588} INFO - Filling up the DagBag from /home/airflow/.local/lib/python3.12/site-packages/airflow/example_dags/example_task_group.py
[2025-05-19T15:49:31.954+0000] {processor.py:925} INFO - DAG(s) 'example_task_group' retrieved from /home/airflow/.local/lib/python3.12/site-packages/airflow/example_dags/example_task_group.py
[2025-05-19T15:49:31.966+0000] {logging_mixin.py:190} INFO - [2025-05-19T15:49:31.966+0000] {dag.py:3239} INFO - Sync 1 DAGs
[2025-05-19T15:49:31.973+0000] {logging_mixin.py:190} INFO - [2025-05-19T15:49:31.973+0000] {dag.py:4180} INFO - Setting next_dagrun for example_task_group to None, run_after=None
[2025-05-19T15:49:31.981+0000] {processor.py:208} INFO - Processing /home/airflow/.local/lib/python3.12/site-packages/airflow/example_dags/example_task_group.py took 0.037 seconds
[2025-05-19T15:50:02.869+0000] {processor.py:186} INFO - Started process (PID=308) to work on /home/airflow/.local/lib/python3.12/site-packages/airflow/example_dags/example_task_group.py
[2025-05-19T15:50:02.870+0000] {processor.py:914} INFO - Processing file /home/airflow/.local/lib/python3.12/site-packages/airflow/example_dags/example_task_group.py for tasks to queue
[2025-05-19T15:50:02.872+0000] {logging_mixin.py:190} INFO - [2025-05-19T15:50:02.872+0000] {dagbag.py:588} INFO - Filling up the DagBag from /home/airflow/.local/lib/python3.12/site-packages/airflow/example_dags/example_task_group.py
[2025-05-19T15:50:02.877+0000] {processor.py:925} INFO - DAG(s) 'example_task_group' retrieved from /home/airflow/.local/lib/python3.12/site-packages/airflow/example_dags/example_task_group.py
[2025-05-19T15:50:02.890+0000] {logging_mixin.py:190} INFO - [2025-05-19T15:50:02.890+0000] {dag.py:3239} INFO - Sync 1 DAGs
[2025-05-19T15:50:02.897+0000] {logging_mixin.py:190} INFO - [2025-05-19T15:50:02.897+0000] {dag.py:4180} INFO - Setting next_dagrun for example_task_group to None, run_after=None
[2025-05-19T15:50:02.907+0000] {processor.py:208} INFO - Processing /home/airflow/.local/lib/python3.12/site-packages/airflow/example_dags/example_task_group.py took 0.041 seconds
[2025-05-19T15:50:33.544+0000] {processor.py:186} INFO - Started process (PID=365) to work on /home/airflow/.local/lib/python3.12/site-packages/airflow/example_dags/example_task_group.py
[2025-05-19T15:50:33.545+0000] {processor.py:914} INFO - Processing file /home/airflow/.local/lib/python3.12/site-packages/airflow/example_dags/example_task_group.py for tasks to queue
[2025-05-19T15:50:33.546+0000] {logging_mixin.py:190} INFO - [2025-05-19T15:50:33.546+0000] {dagbag.py:588} INFO - Filling up the DagBag from /home/airflow/.local/lib/python3.12/site-packages/airflow/example_dags/example_task_group.py
[2025-05-19T15:50:33.551+0000] {processor.py:925} INFO - DAG(s) 'example_task_group' retrieved from /home/airflow/.local/lib/python3.12/site-packages/airflow/example_dags/example_task_group.py
[2025-05-19T15:50:33.562+0000] {logging_mixin.py:190} INFO - [2025-05-19T15:50:33.562+0000] {dag.py:3239} INFO - Sync 1 DAGs
[2025-05-19T15:50:33.569+0000] {logging_mixin.py:190} INFO - [2025-05-19T15:50:33.568+0000] {dag.py:4180} INFO - Setting next_dagrun for example_task_group to None, run_after=None
[2025-05-19T15:50:33.576+0000] {processor.py:208} INFO - Processing /home/airflow/.local/lib/python3.12/site-packages/airflow/example_dags/example_task_group.py took 0.036 seconds
[2025-05-19T15:51:04.063+0000] {processor.py:186} INFO - Started process (PID=422) to work on /home/airflow/.local/lib/python3.12/site-packages/airflow/example_dags/example_task_group.py
[2025-05-19T15:51:04.064+0000] {processor.py:914} INFO - Processing file /home/airflow/.local/lib/python3.12/site-packages/airflow/example_dags/example_task_group.py for tasks to queue
[2025-05-19T15:51:04.065+0000] {logging_mixin.py:190} INFO - [2025-05-19T15:51:04.065+0000] {dagbag.py:588} INFO - Filling up the DagBag from /home/airflow/.local/lib/python3.12/site-packages/airflow/example_dags/example_task_group.py
[2025-05-19T15:51:04.070+0000] {processor.py:925} INFO - DAG(s) 'example_task_group' retrieved from /home/airflow/.local/lib/python3.12/site-packages/airflow/example_dags/example_task_group.py
[2025-05-19T15:51:04.081+0000] {logging_mixin.py:190} INFO - [2025-05-19T15:51:04.081+0000] {dag.py:3239} INFO - Sync 1 DAGs
[2025-05-19T15:51:04.087+0000] {logging_mixin.py:190} INFO - [2025-05-19T15:51:04.087+0000] {dag.py:4180} INFO - Setting next_dagrun for example_task_group to None, run_after=None
[2025-05-19T15:51:04.096+0000] {processor.py:208} INFO - Processing /home/airflow/.local/lib/python3.12/site-packages/airflow/example_dags/example_task_group.py took 0.036 seconds
[2025-05-19T15:51:34.665+0000] {processor.py:186} INFO - Started process (PID=478) to work on /home/airflow/.local/lib/python3.12/site-packages/airflow/example_dags/example_task_group.py
[2025-05-19T15:51:34.669+0000] {processor.py:914} INFO - Processing file /home/airflow/.local/lib/python3.12/site-packages/airflow/example_dags/example_task_group.py for tasks to queue
[2025-05-19T15:51:34.670+0000] {logging_mixin.py:190} INFO - [2025-05-19T15:51:34.670+0000] {dagbag.py:588} INFO - Filling up the DagBag from /home/airflow/.local/lib/python3.12/site-packages/airflow/example_dags/example_task_group.py
[2025-05-19T15:51:34.675+0000] {processor.py:925} INFO - DAG(s) 'example_task_group' retrieved from /home/airflow/.local/lib/python3.12/site-packages/airflow/example_dags/example_task_group.py
[2025-05-19T15:51:34.686+0000] {logging_mixin.py:190} INFO - [2025-05-19T15:51:34.686+0000] {dag.py:3239} INFO - Sync 1 DAGs
[2025-05-19T15:51:34.694+0000] {logging_mixin.py:190} INFO - [2025-05-19T15:51:34.694+0000] {dag.py:4180} INFO - Setting next_dagrun for example_task_group to None, run_after=None
[2025-05-19T15:51:34.703+0000] {processor.py:208} INFO - Processing /home/airflow/.local/lib/python3.12/site-packages/airflow/example_dags/example_task_group.py took 0.041 seconds
[2025-05-19T15:52:05.434+0000] {processor.py:186} INFO - Started process (PID=535) to work on /home/airflow/.local/lib/python3.12/site-packages/airflow/example_dags/example_task_group.py
[2025-05-19T15:52:05.435+0000] {processor.py:914} INFO - Processing file /home/airflow/.local/lib/python3.12/site-packages/airflow/example_dags/example_task_group.py for tasks to queue
[2025-05-19T15:52:05.436+0000] {logging_mixin.py:190} INFO - [2025-05-19T15:52:05.436+0000] {dagbag.py:588} INFO - Filling up the DagBag from /home/airflow/.local/lib/python3.12/site-packages/airflow/example_dags/example_task_group.py
[2025-05-19T15:52:05.441+0000] {processor.py:925} INFO - DAG(s) 'example_task_group' retrieved from /home/airflow/.local/lib/python3.12/site-packages/airflow/example_dags/example_task_group.py
[2025-05-19T15:52:05.453+0000] {logging_mixin.py:190} INFO - [2025-05-19T15:52:05.453+0000] {dag.py:3239} INFO - Sync 1 DAGs
[2025-05-19T15:52:05.460+0000] {logging_mixin.py:190} INFO - [2025-05-19T15:52:05.460+0000] {dag.py:4180} INFO - Setting next_dagrun for example_task_group to None, run_after=None
[2025-05-19T15:52:05.469+0000] {processor.py:208} INFO - Processing /home/airflow/.local/lib/python3.12/site-packages/airflow/example_dags/example_task_group.py took 0.039 seconds
[2025-05-19T15:52:36.849+0000] {processor.py:186} INFO - Started process (PID=593) to work on /home/airflow/.local/lib/python3.12/site-packages/airflow/example_dags/example_task_group.py
[2025-05-19T15:52:36.849+0000] {processor.py:914} INFO - Processing file /home/airflow/.local/lib/python3.12/site-packages/airflow/example_dags/example_task_group.py for tasks to queue
[2025-05-19T15:52:36.851+0000] {logging_mixin.py:190} INFO - [2025-05-19T15:52:36.850+0000] {dagbag.py:588} INFO - Filling up the DagBag from /home/airflow/.local/lib/python3.12/site-packages/airflow/example_dags/example_task_group.py
[2025-05-19T15:52:36.856+0000] {processor.py:925} INFO - DAG(s) 'example_task_group' retrieved from /home/airflow/.local/lib/python3.12/site-packages/airflow/example_dags/example_task_group.py
[2025-05-19T15:52:36.871+0000] {logging_mixin.py:190} INFO - [2025-05-19T15:52:36.871+0000] {dag.py:3239} INFO - Sync 1 DAGs
[2025-05-19T15:52:36.878+0000] {logging_mixin.py:190} INFO - [2025-05-19T15:52:36.878+0000] {dag.py:4180} INFO - Setting next_dagrun for example_task_group to None, run_after=None
[2025-05-19T15:52:36.888+0000] {processor.py:208} INFO - Processing /home/airflow/.local/lib/python3.12/site-packages/airflow/example_dags/example_task_group.py took 0.042 seconds
[2025-05-19T15:53:07.177+0000] {processor.py:186} INFO - Started process (PID=650) to work on /home/airflow/.local/lib/python3.12/site-packages/airflow/example_dags/example_task_group.py
[2025-05-19T15:53:07.179+0000] {processor.py:914} INFO - Processing file /home/airflow/.local/lib/python3.12/site-packages/airflow/example_dags/example_task_group.py for tasks to queue
[2025-05-19T15:53:07.180+0000] {logging_mixin.py:190} INFO - [2025-05-19T15:53:07.180+0000] {dagbag.py:588} INFO - Filling up the DagBag from /home/airflow/.local/lib/python3.12/site-packages/airflow/example_dags/example_task_group.py
[2025-05-19T15:53:07.185+0000] {processor.py:925} INFO - DAG(s) 'example_task_group' retrieved from /home/airflow/.local/lib/python3.12/site-packages/airflow/example_dags/example_task_group.py
[2025-05-19T15:53:07.196+0000] {logging_mixin.py:190} INFO - [2025-05-19T15:53:07.196+0000] {dag.py:3239} INFO - Sync 1 DAGs
[2025-05-19T15:53:07.203+0000] {logging_mixin.py:190} INFO - [2025-05-19T15:53:07.203+0000] {dag.py:4180} INFO - Setting next_dagrun for example_task_group to None, run_after=None
[2025-05-19T15:53:07.214+0000] {processor.py:208} INFO - Processing /home/airflow/.local/lib/python3.12/site-packages/airflow/example_dags/example_task_group.py took 0.040 seconds
[2025-05-19T15:53:38.001+0000] {processor.py:186} INFO - Started process (PID=707) to work on /home/airflow/.local/lib/python3.12/site-packages/airflow/example_dags/example_task_group.py
[2025-05-19T15:53:38.002+0000] {processor.py:914} INFO - Processing file /home/airflow/.local/lib/python3.12/site-packages/airflow/example_dags/example_task_group.py for tasks to queue
[2025-05-19T15:53:38.003+0000] {logging_mixin.py:190} INFO - [2025-05-19T15:53:38.003+0000] {dagbag.py:588} INFO - Filling up the DagBag from /home/airflow/.local/lib/python3.12/site-packages/airflow/example_dags/example_task_group.py
[2025-05-19T15:53:38.008+0000] {processor.py:925} INFO - DAG(s) 'example_task_group' retrieved from /home/airflow/.local/lib/python3.12/site-packages/airflow/example_dags/example_task_group.py
[2025-05-19T15:53:38.021+0000] {logging_mixin.py:190} INFO - [2025-05-19T15:53:38.021+0000] {dag.py:3239} INFO - Sync 1 DAGs
[2025-05-19T15:53:38.028+0000] {logging_mixin.py:190} INFO - [2025-05-19T15:53:38.028+0000] {dag.py:4180} INFO - Setting next_dagrun for example_task_group to None, run_after=None
[2025-05-19T15:53:38.038+0000] {processor.py:208} INFO - Processing /home/airflow/.local/lib/python3.12/site-packages/airflow/example_dags/example_task_group.py took 0.040 seconds
[2025-05-19T15:54:08.391+0000] {processor.py:186} INFO - Started process (PID=764) to work on /home/airflow/.local/lib/python3.12/site-packages/airflow/example_dags/example_task_group.py
[2025-05-19T15:54:08.392+0000] {processor.py:914} INFO - Processing file /home/airflow/.local/lib/python3.12/site-packages/airflow/example_dags/example_task_group.py for tasks to queue
[2025-05-19T15:54:08.393+0000] {logging_mixin.py:190} INFO - [2025-05-19T15:54:08.393+0000] {dagbag.py:588} INFO - Filling up the DagBag from /home/airflow/.local/lib/python3.12/site-packages/airflow/example_dags/example_task_group.py
[2025-05-19T15:54:08.398+0000] {processor.py:925} INFO - DAG(s) 'example_task_group' retrieved from /home/airflow/.local/lib/python3.12/site-packages/airflow/example_dags/example_task_group.py
[2025-05-19T15:54:08.409+0000] {logging_mixin.py:190} INFO - [2025-05-19T15:54:08.409+0000] {dag.py:3239} INFO - Sync 1 DAGs
[2025-05-19T15:54:08.416+0000] {logging_mixin.py:190} INFO - [2025-05-19T15:54:08.416+0000] {dag.py:4180} INFO - Setting next_dagrun for example_task_group to None, run_after=None
[2025-05-19T15:54:08.425+0000] {processor.py:208} INFO - Processing /home/airflow/.local/lib/python3.12/site-packages/airflow/example_dags/example_task_group.py took 0.037 seconds
[2025-05-19T15:54:39.827+0000] {processor.py:186} INFO - Started process (PID=821) to work on /home/airflow/.local/lib/python3.12/site-packages/airflow/example_dags/example_task_group.py
[2025-05-19T15:54:39.827+0000] {processor.py:914} INFO - Processing file /home/airflow/.local/lib/python3.12/site-packages/airflow/example_dags/example_task_group.py for tasks to queue
[2025-05-19T15:54:39.829+0000] {logging_mixin.py:190} INFO - [2025-05-19T15:54:39.828+0000] {dagbag.py:588} INFO - Filling up the DagBag from /home/airflow/.local/lib/python3.12/site-packages/airflow/example_dags/example_task_group.py
[2025-05-19T15:54:39.833+0000] {processor.py:925} INFO - DAG(s) 'example_task_group' retrieved from /home/airflow/.local/lib/python3.12/site-packages/airflow/example_dags/example_task_group.py
[2025-05-19T15:54:39.845+0000] {logging_mixin.py:190} INFO - [2025-05-19T15:54:39.845+0000] {dag.py:3239} INFO - Sync 1 DAGs
[2025-05-19T15:54:39.852+0000] {logging_mixin.py:190} INFO - [2025-05-19T15:54:39.852+0000] {dag.py:4180} INFO - Setting next_dagrun for example_task_group to None, run_after=None
[2025-05-19T15:54:39.861+0000] {processor.py:208} INFO - Processing /home/airflow/.local/lib/python3.12/site-packages/airflow/example_dags/example_task_group.py took 0.038 seconds
[2025-05-19T15:55:10.900+0000] {processor.py:186} INFO - Started process (PID=878) to work on /home/airflow/.local/lib/python3.12/site-packages/airflow/example_dags/example_task_group.py
[2025-05-19T15:55:10.902+0000] {processor.py:914} INFO - Processing file /home/airflow/.local/lib/python3.12/site-packages/airflow/example_dags/example_task_group.py for tasks to queue
[2025-05-19T15:55:10.904+0000] {logging_mixin.py:190} INFO - [2025-05-19T15:55:10.904+0000] {dagbag.py:588} INFO - Filling up the DagBag from /home/airflow/.local/lib/python3.12/site-packages/airflow/example_dags/example_task_group.py
[2025-05-19T15:55:10.909+0000] {processor.py:925} INFO - DAG(s) 'example_task_group' retrieved from /home/airflow/.local/lib/python3.12/site-packages/airflow/example_dags/example_task_group.py
[2025-05-19T15:55:10.919+0000] {logging_mixin.py:190} INFO - [2025-05-19T15:55:10.919+0000] {dag.py:3239} INFO - Sync 1 DAGs
[2025-05-19T15:55:10.927+0000] {logging_mixin.py:190} INFO - [2025-05-19T15:55:10.927+0000] {dag.py:4180} INFO - Setting next_dagrun for example_task_group to None, run_after=None
[2025-05-19T15:55:10.936+0000] {processor.py:208} INFO - Processing /home/airflow/.local/lib/python3.12/site-packages/airflow/example_dags/example_task_group.py took 0.039 seconds
[2025-05-19T15:55:41.766+0000] {processor.py:186} INFO - Started process (PID=935) to work on /home/airflow/.local/lib/python3.12/site-packages/airflow/example_dags/example_task_group.py
[2025-05-19T15:55:41.766+0000] {processor.py:914} INFO - Processing file /home/airflow/.local/lib/python3.12/site-packages/airflow/example_dags/example_task_group.py for tasks to queue
[2025-05-19T15:55:41.767+0000] {logging_mixin.py:190} INFO - [2025-05-19T15:55:41.767+0000] {dagbag.py:588} INFO - Filling up the DagBag from /home/airflow/.local/lib/python3.12/site-packages/airflow/example_dags/example_task_group.py
[2025-05-19T15:55:41.772+0000] {processor.py:925} INFO - DAG(s) 'example_task_group' retrieved from /home/airflow/.local/lib/python3.12/site-packages/airflow/example_dags/example_task_group.py
[2025-05-19T15:55:41.786+0000] {logging_mixin.py:190} INFO - [2025-05-19T15:55:41.786+0000] {dag.py:3239} INFO - Sync 1 DAGs
[2025-05-19T15:55:41.794+0000] {logging_mixin.py:190} INFO - [2025-05-19T15:55:41.794+0000] {dag.py:4180} INFO - Setting next_dagrun for example_task_group to None, run_after=None
[2025-05-19T15:55:41.803+0000] {processor.py:208} INFO - Processing /home/airflow/.local/lib/python3.12/site-packages/airflow/example_dags/example_task_group.py took 0.040 seconds
[2025-05-19T15:56:12.883+0000] {processor.py:186} INFO - Started process (PID=992) to work on /home/airflow/.local/lib/python3.12/site-packages/airflow/example_dags/example_task_group.py
[2025-05-19T15:56:12.886+0000] {processor.py:914} INFO - Processing file /home/airflow/.local/lib/python3.12/site-packages/airflow/example_dags/example_task_group.py for tasks to queue
[2025-05-19T15:56:12.888+0000] {logging_mixin.py:190} INFO - [2025-05-19T15:56:12.887+0000] {dagbag.py:588} INFO - Filling up the DagBag from /home/airflow/.local/lib/python3.12/site-packages/airflow/example_dags/example_task_group.py
[2025-05-19T15:56:12.892+0000] {processor.py:925} INFO - DAG(s) 'example_task_group' retrieved from /home/airflow/.local/lib/python3.12/site-packages/airflow/example_dags/example_task_group.py
[2025-05-19T15:56:12.904+0000] {logging_mixin.py:190} INFO - [2025-05-19T15:56:12.904+0000] {dag.py:3239} INFO - Sync 1 DAGs
[2025-05-19T15:56:12.911+0000] {logging_mixin.py:190} INFO - [2025-05-19T15:56:12.911+0000] {dag.py:4180} INFO - Setting next_dagrun for example_task_group to None, run_after=None
[2025-05-19T15:56:12.921+0000] {processor.py:208} INFO - Processing /home/airflow/.local/lib/python3.12/site-packages/airflow/example_dags/example_task_group.py took 0.041 seconds
[2025-05-19T15:56:43.866+0000] {processor.py:186} INFO - Started process (PID=1049) to work on /home/airflow/.local/lib/python3.12/site-packages/airflow/example_dags/example_task_group.py
[2025-05-19T15:56:43.867+0000] {processor.py:914} INFO - Processing file /home/airflow/.local/lib/python3.12/site-packages/airflow/example_dags/example_task_group.py for tasks to queue
[2025-05-19T15:56:43.870+0000] {logging_mixin.py:190} INFO - [2025-05-19T15:56:43.869+0000] {dagbag.py:588} INFO - Filling up the DagBag from /home/airflow/.local/lib/python3.12/site-packages/airflow/example_dags/example_task_group.py
[2025-05-19T15:56:43.875+0000] {processor.py:925} INFO - DAG(s) 'example_task_group' retrieved from /home/airflow/.local/lib/python3.12/site-packages/airflow/example_dags/example_task_group.py
[2025-05-19T15:56:43.888+0000] {logging_mixin.py:190} INFO - [2025-05-19T15:56:43.887+0000] {dag.py:3239} INFO - Sync 1 DAGs
[2025-05-19T15:56:43.895+0000] {logging_mixin.py:190} INFO - [2025-05-19T15:56:43.895+0000] {dag.py:4180} INFO - Setting next_dagrun for example_task_group to None, run_after=None
[2025-05-19T15:56:43.905+0000] {processor.py:208} INFO - Processing /home/airflow/.local/lib/python3.12/site-packages/airflow/example_dags/example_task_group.py took 0.042 seconds
[2025-05-19T15:57:14.766+0000] {processor.py:186} INFO - Started process (PID=1106) to work on /home/airflow/.local/lib/python3.12/site-packages/airflow/example_dags/example_task_group.py
[2025-05-19T15:57:14.766+0000] {processor.py:914} INFO - Processing file /home/airflow/.local/lib/python3.12/site-packages/airflow/example_dags/example_task_group.py for tasks to queue
[2025-05-19T15:57:14.767+0000] {logging_mixin.py:190} INFO - [2025-05-19T15:57:14.767+0000] {dagbag.py:588} INFO - Filling up the DagBag from /home/airflow/.local/lib/python3.12/site-packages/airflow/example_dags/example_task_group.py
[2025-05-19T15:57:14.772+0000] {processor.py:925} INFO - DAG(s) 'example_task_group' retrieved from /home/airflow/.local/lib/python3.12/site-packages/airflow/example_dags/example_task_group.py
[2025-05-19T15:57:14.784+0000] {logging_mixin.py:190} INFO - [2025-05-19T15:57:14.784+0000] {dag.py:3239} INFO - Sync 1 DAGs
[2025-05-19T15:57:14.791+0000] {logging_mixin.py:190} INFO - [2025-05-19T15:57:14.791+0000] {dag.py:4180} INFO - Setting next_dagrun for example_task_group to None, run_after=None
[2025-05-19T15:57:14.801+0000] {processor.py:208} INFO - Processing /home/airflow/.local/lib/python3.12/site-packages/airflow/example_dags/example_task_group.py took 0.038 seconds
[2025-05-19T15:57:45.673+0000] {processor.py:186} INFO - Started process (PID=1163) to work on /home/airflow/.local/lib/python3.12/site-packages/airflow/example_dags/example_task_group.py
[2025-05-19T15:57:45.674+0000] {processor.py:914} INFO - Processing file /home/airflow/.local/lib/python3.12/site-packages/airflow/example_dags/example_task_group.py for tasks to queue
[2025-05-19T15:57:45.676+0000] {logging_mixin.py:190} INFO - [2025-05-19T15:57:45.676+0000] {dagbag.py:588} INFO - Filling up the DagBag from /home/airflow/.local/lib/python3.12/site-packages/airflow/example_dags/example_task_group.py
[2025-05-19T15:57:45.681+0000] {processor.py:925} INFO - DAG(s) 'example_task_group' retrieved from /home/airflow/.local/lib/python3.12/site-packages/airflow/example_dags/example_task_group.py
[2025-05-19T15:57:45.695+0000] {logging_mixin.py:190} INFO - [2025-05-19T15:57:45.695+0000] {dag.py:3239} INFO - Sync 1 DAGs
[2025-05-19T15:57:45.703+0000] {logging_mixin.py:190} INFO - [2025-05-19T15:57:45.703+0000] {dag.py:4180} INFO - Setting next_dagrun for example_task_group to None, run_after=None
[2025-05-19T15:57:45.715+0000] {processor.py:208} INFO - Processing /home/airflow/.local/lib/python3.12/site-packages/airflow/example_dags/example_task_group.py took 0.046 seconds
[2025-05-19T15:58:16.581+0000] {processor.py:186} INFO - Started process (PID=1220) to work on /home/airflow/.local/lib/python3.12/site-packages/airflow/example_dags/example_task_group.py
[2025-05-19T15:58:16.586+0000] {processor.py:914} INFO - Processing file /home/airflow/.local/lib/python3.12/site-packages/airflow/example_dags/example_task_group.py for tasks to queue
[2025-05-19T15:58:16.587+0000] {logging_mixin.py:190} INFO - [2025-05-19T15:58:16.587+0000] {dagbag.py:588} INFO - Filling up the DagBag from /home/airflow/.local/lib/python3.12/site-packages/airflow/example_dags/example_task_group.py
[2025-05-19T15:58:16.596+0000] {processor.py:925} INFO - DAG(s) 'example_task_group' retrieved from /home/airflow/.local/lib/python3.12/site-packages/airflow/example_dags/example_task_group.py
[2025-05-19T15:58:16.607+0000] {logging_mixin.py:190} INFO - [2025-05-19T15:58:16.607+0000] {dag.py:3239} INFO - Sync 1 DAGs
[2025-05-19T15:58:16.614+0000] {logging_mixin.py:190} INFO - [2025-05-19T15:58:16.614+0000] {dag.py:4180} INFO - Setting next_dagrun for example_task_group to None, run_after=None
[2025-05-19T15:58:16.624+0000] {processor.py:208} INFO - Processing /home/airflow/.local/lib/python3.12/site-packages/airflow/example_dags/example_task_group.py took 0.046 seconds
[2025-05-19T15:58:47.390+0000] {processor.py:186} INFO - Started process (PID=1277) to work on /home/airflow/.local/lib/python3.12/site-packages/airflow/example_dags/example_task_group.py
[2025-05-19T15:58:47.390+0000] {processor.py:914} INFO - Processing file /home/airflow/.local/lib/python3.12/site-packages/airflow/example_dags/example_task_group.py for tasks to queue
[2025-05-19T15:58:47.393+0000] {logging_mixin.py:190} INFO - [2025-05-19T15:58:47.392+0000] {dagbag.py:588} INFO - Filling up the DagBag from /home/airflow/.local/lib/python3.12/site-packages/airflow/example_dags/example_task_group.py
[2025-05-19T15:58:47.397+0000] {processor.py:925} INFO - DAG(s) 'example_task_group' retrieved from /home/airflow/.local/lib/python3.12/site-packages/airflow/example_dags/example_task_group.py
[2025-05-19T15:58:47.407+0000] {logging_mixin.py:190} INFO - [2025-05-19T15:58:47.407+0000] {dag.py:3239} INFO - Sync 1 DAGs
[2025-05-19T15:58:47.414+0000] {logging_mixin.py:190} INFO - [2025-05-19T15:58:47.414+0000] {dag.py:4180} INFO - Setting next_dagrun for example_task_group to None, run_after=None
[2025-05-19T15:58:47.423+0000] {processor.py:208} INFO - Processing /home/airflow/.local/lib/python3.12/site-packages/airflow/example_dags/example_task_group.py took 0.036 seconds
[2025-05-19T15:59:18.316+0000] {processor.py:186} INFO - Started process (PID=1334) to work on /home/airflow/.local/lib/python3.12/site-packages/airflow/example_dags/example_task_group.py
[2025-05-19T15:59:18.319+0000] {processor.py:914} INFO - Processing file /home/airflow/.local/lib/python3.12/site-packages/airflow/example_dags/example_task_group.py for tasks to queue
[2025-05-19T15:59:18.321+0000] {logging_mixin.py:190} INFO - [2025-05-19T15:59:18.321+0000] {dagbag.py:588} INFO - Filling up the DagBag from /home/airflow/.local/lib/python3.12/site-packages/airflow/example_dags/example_task_group.py
[2025-05-19T15:59:18.326+0000] {processor.py:925} INFO - DAG(s) 'example_task_group' retrieved from /home/airflow/.local/lib/python3.12/site-packages/airflow/example_dags/example_task_group.py
[2025-05-19T15:59:18.337+0000] {logging_mixin.py:190} INFO - [2025-05-19T15:59:18.337+0000] {dag.py:3239} INFO - Sync 1 DAGs
[2025-05-19T15:59:18.344+0000] {logging_mixin.py:190} INFO - [2025-05-19T15:59:18.344+0000] {dag.py:4180} INFO - Setting next_dagrun for example_task_group to None, run_after=None
[2025-05-19T15:59:18.353+0000] {processor.py:208} INFO - Processing /home/airflow/.local/lib/python3.12/site-packages/airflow/example_dags/example_task_group.py took 0.041 seconds
[2025-05-19T15:59:49.473+0000] {processor.py:186} INFO - Started process (PID=1391) to work on /home/airflow/.local/lib/python3.12/site-packages/airflow/example_dags/example_task_group.py
[2025-05-19T15:59:49.477+0000] {processor.py:914} INFO - Processing file /home/airflow/.local/lib/python3.12/site-packages/airflow/example_dags/example_task_group.py for tasks to queue
[2025-05-19T15:59:49.478+0000] {logging_mixin.py:190} INFO - [2025-05-19T15:59:49.478+0000] {dagbag.py:588} INFO - Filling up the DagBag from /home/airflow/.local/lib/python3.12/site-packages/airflow/example_dags/example_task_group.py
[2025-05-19T15:59:49.483+0000] {processor.py:925} INFO - DAG(s) 'example_task_group' retrieved from /home/airflow/.local/lib/python3.12/site-packages/airflow/example_dags/example_task_group.py
[2025-05-19T15:59:49.496+0000] {logging_mixin.py:190} INFO - [2025-05-19T15:59:49.496+0000] {dag.py:3239} INFO - Sync 1 DAGs
[2025-05-19T15:59:49.504+0000] {logging_mixin.py:190} INFO - [2025-05-19T15:59:49.504+0000] {dag.py:4180} INFO - Setting next_dagrun for example_task_group to None, run_after=None
[2025-05-19T15:59:49.514+0000] {processor.py:208} INFO - Processing /home/airflow/.local/lib/python3.12/site-packages/airflow/example_dags/example_task_group.py took 0.046 seconds
[2025-05-19T16:00:20.543+0000] {processor.py:186} INFO - Started process (PID=1448) to work on /home/airflow/.local/lib/python3.12/site-packages/airflow/example_dags/example_task_group.py
[2025-05-19T16:00:20.545+0000] {processor.py:914} INFO - Processing file /home/airflow/.local/lib/python3.12/site-packages/airflow/example_dags/example_task_group.py for tasks to queue
[2025-05-19T16:00:20.546+0000] {logging_mixin.py:190} INFO - [2025-05-19T16:00:20.546+0000] {dagbag.py:588} INFO - Filling up the DagBag from /home/airflow/.local/lib/python3.12/site-packages/airflow/example_dags/example_task_group.py
[2025-05-19T16:00:20.555+0000] {processor.py:925} INFO - DAG(s) 'example_task_group' retrieved from /home/airflow/.local/lib/python3.12/site-packages/airflow/example_dags/example_task_group.py
[2025-05-19T16:00:20.566+0000] {logging_mixin.py:190} INFO - [2025-05-19T16:00:20.565+0000] {dag.py:3239} INFO - Sync 1 DAGs
[2025-05-19T16:00:20.572+0000] {logging_mixin.py:190} INFO - [2025-05-19T16:00:20.572+0000] {dag.py:4180} INFO - Setting next_dagrun for example_task_group to None, run_after=None
[2025-05-19T16:00:20.581+0000] {processor.py:208} INFO - Processing /home/airflow/.local/lib/python3.12/site-packages/airflow/example_dags/example_task_group.py took 0.041 seconds
[2025-05-19T16:00:51.634+0000] {processor.py:186} INFO - Started process (PID=1505) to work on /home/airflow/.local/lib/python3.12/site-packages/airflow/example_dags/example_task_group.py
[2025-05-19T16:00:51.634+0000] {processor.py:914} INFO - Processing file /home/airflow/.local/lib/python3.12/site-packages/airflow/example_dags/example_task_group.py for tasks to queue
[2025-05-19T16:00:51.636+0000] {logging_mixin.py:190} INFO - [2025-05-19T16:00:51.635+0000] {dagbag.py:588} INFO - Filling up the DagBag from /home/airflow/.local/lib/python3.12/site-packages/airflow/example_dags/example_task_group.py
[2025-05-19T16:00:51.641+0000] {processor.py:925} INFO - DAG(s) 'example_task_group' retrieved from /home/airflow/.local/lib/python3.12/site-packages/airflow/example_dags/example_task_group.py
[2025-05-19T16:00:51.652+0000] {logging_mixin.py:190} INFO - [2025-05-19T16:00:51.652+0000] {dag.py:3239} INFO - Sync 1 DAGs
[2025-05-19T16:00:51.659+0000] {logging_mixin.py:190} INFO - [2025-05-19T16:00:51.659+0000] {dag.py:4180} INFO - Setting next_dagrun for example_task_group to None, run_after=None
[2025-05-19T16:00:51.668+0000] {processor.py:208} INFO - Processing /home/airflow/.local/lib/python3.12/site-packages/airflow/example_dags/example_task_group.py took 0.037 seconds
[2025-05-19T16:01:22.497+0000] {processor.py:186} INFO - Started process (PID=1562) to work on /home/airflow/.local/lib/python3.12/site-packages/airflow/example_dags/example_task_group.py
[2025-05-19T16:01:22.497+0000] {processor.py:914} INFO - Processing file /home/airflow/.local/lib/python3.12/site-packages/airflow/example_dags/example_task_group.py for tasks to queue
[2025-05-19T16:01:22.498+0000] {logging_mixin.py:190} INFO - [2025-05-19T16:01:22.498+0000] {dagbag.py:588} INFO - Filling up the DagBag from /home/airflow/.local/lib/python3.12/site-packages/airflow/example_dags/example_task_group.py
[2025-05-19T16:01:22.503+0000] {processor.py:925} INFO - DAG(s) 'example_task_group' retrieved from /home/airflow/.local/lib/python3.12/site-packages/airflow/example_dags/example_task_group.py
[2025-05-19T16:01:22.514+0000] {logging_mixin.py:190} INFO - [2025-05-19T16:01:22.514+0000] {dag.py:3239} INFO - Sync 1 DAGs
[2025-05-19T16:01:22.520+0000] {logging_mixin.py:190} INFO - [2025-05-19T16:01:22.520+0000] {dag.py:4180} INFO - Setting next_dagrun for example_task_group to None, run_after=None
[2025-05-19T16:01:22.529+0000] {processor.py:208} INFO - Processing /home/airflow/.local/lib/python3.12/site-packages/airflow/example_dags/example_task_group.py took 0.035 seconds
[2025-05-19T16:01:53.271+0000] {processor.py:186} INFO - Started process (PID=1619) to work on /home/airflow/.local/lib/python3.12/site-packages/airflow/example_dags/example_task_group.py
[2025-05-19T16:01:53.271+0000] {processor.py:914} INFO - Processing file /home/airflow/.local/lib/python3.12/site-packages/airflow/example_dags/example_task_group.py for tasks to queue
[2025-05-19T16:01:53.273+0000] {logging_mixin.py:190} INFO - [2025-05-19T16:01:53.272+0000] {dagbag.py:588} INFO - Filling up the DagBag from /home/airflow/.local/lib/python3.12/site-packages/airflow/example_dags/example_task_group.py
[2025-05-19T16:01:53.281+0000] {processor.py:925} INFO - DAG(s) 'example_task_group' retrieved from /home/airflow/.local/lib/python3.12/site-packages/airflow/example_dags/example_task_group.py
[2025-05-19T16:01:53.293+0000] {logging_mixin.py:190} INFO - [2025-05-19T16:01:53.293+0000] {dag.py:3239} INFO - Sync 1 DAGs
[2025-05-19T16:01:53.300+0000] {logging_mixin.py:190} INFO - [2025-05-19T16:01:53.300+0000] {dag.py:4180} INFO - Setting next_dagrun for example_task_group to None, run_after=None
[2025-05-19T16:01:53.310+0000] {processor.py:208} INFO - Processing /home/airflow/.local/lib/python3.12/site-packages/airflow/example_dags/example_task_group.py took 0.042 seconds
[2025-05-19T16:02:23.980+0000] {processor.py:186} INFO - Started process (PID=1676) to work on /home/airflow/.local/lib/python3.12/site-packages/airflow/example_dags/example_task_group.py
[2025-05-19T16:02:23.980+0000] {processor.py:914} INFO - Processing file /home/airflow/.local/lib/python3.12/site-packages/airflow/example_dags/example_task_group.py for tasks to queue
[2025-05-19T16:02:23.981+0000] {logging_mixin.py:190} INFO - [2025-05-19T16:02:23.981+0000] {dagbag.py:588} INFO - Filling up the DagBag from /home/airflow/.local/lib/python3.12/site-packages/airflow/example_dags/example_task_group.py
[2025-05-19T16:02:23.986+0000] {processor.py:925} INFO - DAG(s) 'example_task_group' retrieved from /home/airflow/.local/lib/python3.12/site-packages/airflow/example_dags/example_task_group.py
[2025-05-19T16:02:23.998+0000] {logging_mixin.py:190} INFO - [2025-05-19T16:02:23.998+0000] {dag.py:3239} INFO - Sync 1 DAGs
[2025-05-19T16:02:24.005+0000] {logging_mixin.py:190} INFO - [2025-05-19T16:02:24.005+0000] {dag.py:4180} INFO - Setting next_dagrun for example_task_group to None, run_after=None
[2025-05-19T16:02:24.014+0000] {processor.py:208} INFO - Processing /home/airflow/.local/lib/python3.12/site-packages/airflow/example_dags/example_task_group.py took 0.039 seconds
[2025-05-19T16:02:55.137+0000] {processor.py:186} INFO - Started process (PID=1733) to work on /home/airflow/.local/lib/python3.12/site-packages/airflow/example_dags/example_task_group.py
[2025-05-19T16:02:55.139+0000] {processor.py:914} INFO - Processing file /home/airflow/.local/lib/python3.12/site-packages/airflow/example_dags/example_task_group.py for tasks to queue
[2025-05-19T16:02:55.141+0000] {logging_mixin.py:190} INFO - [2025-05-19T16:02:55.140+0000] {dagbag.py:588} INFO - Filling up the DagBag from /home/airflow/.local/lib/python3.12/site-packages/airflow/example_dags/example_task_group.py
[2025-05-19T16:02:55.148+0000] {processor.py:925} INFO - DAG(s) 'example_task_group' retrieved from /home/airflow/.local/lib/python3.12/site-packages/airflow/example_dags/example_task_group.py
[2025-05-19T16:02:55.159+0000] {logging_mixin.py:190} INFO - [2025-05-19T16:02:55.158+0000] {dag.py:3239} INFO - Sync 1 DAGs
[2025-05-19T16:02:55.165+0000] {logging_mixin.py:190} INFO - [2025-05-19T16:02:55.165+0000] {dag.py:4180} INFO - Setting next_dagrun for example_task_group to None, run_after=None
[2025-05-19T16:02:55.174+0000] {processor.py:208} INFO - Processing /home/airflow/.local/lib/python3.12/site-packages/airflow/example_dags/example_task_group.py took 0.040 seconds
[2025-05-19T16:03:26.006+0000] {processor.py:186} INFO - Started process (PID=1790) to work on /home/airflow/.local/lib/python3.12/site-packages/airflow/example_dags/example_task_group.py
[2025-05-19T16:03:26.010+0000] {processor.py:914} INFO - Processing file /home/airflow/.local/lib/python3.12/site-packages/airflow/example_dags/example_task_group.py for tasks to queue
[2025-05-19T16:03:26.011+0000] {logging_mixin.py:190} INFO - [2025-05-19T16:03:26.011+0000] {dagbag.py:588} INFO - Filling up the DagBag from /home/airflow/.local/lib/python3.12/site-packages/airflow/example_dags/example_task_group.py
[2025-05-19T16:03:26.016+0000] {processor.py:925} INFO - DAG(s) 'example_task_group' retrieved from /home/airflow/.local/lib/python3.12/site-packages/airflow/example_dags/example_task_group.py
[2025-05-19T16:03:26.031+0000] {logging_mixin.py:190} INFO - [2025-05-19T16:03:26.030+0000] {dag.py:3239} INFO - Sync 1 DAGs
[2025-05-19T16:03:26.038+0000] {logging_mixin.py:190} INFO - [2025-05-19T16:03:26.038+0000] {dag.py:4180} INFO - Setting next_dagrun for example_task_group to None, run_after=None
[2025-05-19T16:03:26.048+0000] {processor.py:208} INFO - Processing /home/airflow/.local/lib/python3.12/site-packages/airflow/example_dags/example_task_group.py took 0.045 seconds
[2025-05-19T16:03:56.947+0000] {processor.py:186} INFO - Started process (PID=1847) to work on /home/airflow/.local/lib/python3.12/site-packages/airflow/example_dags/example_task_group.py
[2025-05-19T16:03:56.948+0000] {processor.py:914} INFO - Processing file /home/airflow/.local/lib/python3.12/site-packages/airflow/example_dags/example_task_group.py for tasks to queue
[2025-05-19T16:03:56.949+0000] {logging_mixin.py:190} INFO - [2025-05-19T16:03:56.949+0000] {dagbag.py:588} INFO - Filling up the DagBag from /home/airflow/.local/lib/python3.12/site-packages/airflow/example_dags/example_task_group.py
[2025-05-19T16:03:56.954+0000] {processor.py:925} INFO - DAG(s) 'example_task_group' retrieved from /home/airflow/.local/lib/python3.12/site-packages/airflow/example_dags/example_task_group.py
[2025-05-19T16:03:56.967+0000] {logging_mixin.py:190} INFO - [2025-05-19T16:03:56.967+0000] {dag.py:3239} INFO - Sync 1 DAGs
[2025-05-19T16:03:56.975+0000] {logging_mixin.py:190} INFO - [2025-05-19T16:03:56.974+0000] {dag.py:4180} INFO - Setting next_dagrun for example_task_group to None, run_after=None
[2025-05-19T16:03:56.985+0000] {processor.py:208} INFO - Processing /home/airflow/.local/lib/python3.12/site-packages/airflow/example_dags/example_task_group.py took 0.041 seconds
[2025-05-19T16:04:27.628+0000] {processor.py:186} INFO - Started process (PID=1904) to work on /home/airflow/.local/lib/python3.12/site-packages/airflow/example_dags/example_task_group.py
[2025-05-19T16:04:27.629+0000] {processor.py:914} INFO - Processing file /home/airflow/.local/lib/python3.12/site-packages/airflow/example_dags/example_task_group.py for tasks to queue
[2025-05-19T16:04:27.630+0000] {logging_mixin.py:190} INFO - [2025-05-19T16:04:27.630+0000] {dagbag.py:588} INFO - Filling up the DagBag from /home/airflow/.local/lib/python3.12/site-packages/airflow/example_dags/example_task_group.py
[2025-05-19T16:04:27.634+0000] {processor.py:925} INFO - DAG(s) 'example_task_group' retrieved from /home/airflow/.local/lib/python3.12/site-packages/airflow/example_dags/example_task_group.py
[2025-05-19T16:04:27.645+0000] {logging_mixin.py:190} INFO - [2025-05-19T16:04:27.645+0000] {dag.py:3239} INFO - Sync 1 DAGs
[2025-05-19T16:04:27.652+0000] {logging_mixin.py:190} INFO - [2025-05-19T16:04:27.651+0000] {dag.py:4180} INFO - Setting next_dagrun for example_task_group to None, run_after=None
[2025-05-19T16:04:27.660+0000] {processor.py:208} INFO - Processing /home/airflow/.local/lib/python3.12/site-packages/airflow/example_dags/example_task_group.py took 0.034 seconds
[2025-05-19T16:04:58.618+0000] {processor.py:186} INFO - Started process (PID=1961) to work on /home/airflow/.local/lib/python3.12/site-packages/airflow/example_dags/example_task_group.py
[2025-05-19T16:04:58.619+0000] {processor.py:914} INFO - Processing file /home/airflow/.local/lib/python3.12/site-packages/airflow/example_dags/example_task_group.py for tasks to queue
[2025-05-19T16:04:58.621+0000] {logging_mixin.py:190} INFO - [2025-05-19T16:04:58.620+0000] {dagbag.py:588} INFO - Filling up the DagBag from /home/airflow/.local/lib/python3.12/site-packages/airflow/example_dags/example_task_group.py
[2025-05-19T16:04:58.626+0000] {processor.py:925} INFO - DAG(s) 'example_task_group' retrieved from /home/airflow/.local/lib/python3.12/site-packages/airflow/example_dags/example_task_group.py
[2025-05-19T16:04:58.638+0000] {logging_mixin.py:190} INFO - [2025-05-19T16:04:58.638+0000] {dag.py:3239} INFO - Sync 1 DAGs
[2025-05-19T16:04:58.645+0000] {logging_mixin.py:190} INFO - [2025-05-19T16:04:58.645+0000] {dag.py:4180} INFO - Setting next_dagrun for example_task_group to None, run_after=None
[2025-05-19T16:04:58.655+0000] {processor.py:208} INFO - Processing /home/airflow/.local/lib/python3.12/site-packages/airflow/example_dags/example_task_group.py took 0.040 seconds
