[2025-05-19T15:47:57.759+0000] {processor.py:186} INFO - Started process (PID=57) to work on /home/airflow/.local/lib/python3.12/site-packages/airflow/example_dags/example_bash_decorator.py
[2025-05-19T15:47:57.759+0000] {processor.py:914} INFO - Processing file /home/airflow/.local/lib/python3.12/site-packages/airflow/example_dags/example_bash_decorator.py for tasks to queue
[2025-05-19T15:47:57.760+0000] {logging_mixin.py:190} INFO - [2025-05-19T15:47:57.760+0000] {dagbag.py:588} INFO - Filling up the DagBag from /home/airflow/.local/lib/python3.12/site-packages/airflow/example_dags/example_bash_decorator.py
[2025-05-19T15:47:57.769+0000] {processor.py:925} INFO - DAG(s) 'example_bash_decorator' retrieved from /home/airflow/.local/lib/python3.12/site-packages/airflow/example_dags/example_bash_decorator.py
[2025-05-19T15:47:57.827+0000] {logging_mixin.py:190} INFO - [2025-05-19T15:47:57.826+0000] {override.py:1912} INFO - Created Permission View: can delete on DAG:example_bash_decorator
[2025-05-19T15:47:57.834+0000] {logging_mixin.py:190} INFO - [2025-05-19T15:47:57.833+0000] {override.py:1912} INFO - Created Permission View: can read on DAG:example_bash_decorator
[2025-05-19T15:47:57.837+0000] {logging_mixin.py:190} INFO - [2025-05-19T15:47:57.837+0000] {override.py:1912} INFO - Created Permission View: can edit on DAG:example_bash_decorator
[2025-05-19T15:47:57.839+0000] {logging_mixin.py:190} INFO - [2025-05-19T15:47:57.839+0000] {override.py:1912} INFO - Created Permission View: menu access on DAG Run:example_bash_decorator
[2025-05-19T15:47:57.842+0000] {logging_mixin.py:190} INFO - [2025-05-19T15:47:57.842+0000] {override.py:1912} INFO - Created Permission View: can create on DAG Run:example_bash_decorator
[2025-05-19T15:47:57.844+0000] {logging_mixin.py:190} INFO - [2025-05-19T15:47:57.844+0000] {override.py:1912} INFO - Created Permission View: can delete on DAG Run:example_bash_decorator
[2025-05-19T15:47:57.846+0000] {logging_mixin.py:190} INFO - [2025-05-19T15:47:57.846+0000] {override.py:1912} INFO - Created Permission View: can read on DAG Run:example_bash_decorator
[2025-05-19T15:47:57.847+0000] {logging_mixin.py:190} INFO - [2025-05-19T15:47:57.847+0000] {dag.py:3239} INFO - Sync 1 DAGs
[2025-05-19T15:47:57.853+0000] {logging_mixin.py:190} INFO - [2025-05-19T15:47:57.853+0000] {dag.py:3262} INFO - Creating ORM DAG for example_bash_decorator
[2025-05-19T15:47:57.853+0000] {logging_mixin.py:190} INFO - [2025-05-19T15:47:57.853+0000] {dag.py:4180} INFO - Setting next_dagrun for example_bash_decorator to None, run_after=None
[2025-05-19T15:47:57.861+0000] {processor.py:208} INFO - Processing /home/airflow/.local/lib/python3.12/site-packages/airflow/example_dags/example_bash_decorator.py took 0.106 seconds
[2025-05-19T15:48:28.119+0000] {processor.py:186} INFO - Started process (PID=114) to work on /home/airflow/.local/lib/python3.12/site-packages/airflow/example_dags/example_bash_decorator.py
[2025-05-19T15:48:28.120+0000] {processor.py:914} INFO - Processing file /home/airflow/.local/lib/python3.12/site-packages/airflow/example_dags/example_bash_decorator.py for tasks to queue
[2025-05-19T15:48:28.121+0000] {logging_mixin.py:190} INFO - [2025-05-19T15:48:28.121+0000] {dagbag.py:588} INFO - Filling up the DagBag from /home/airflow/.local/lib/python3.12/site-packages/airflow/example_dags/example_bash_decorator.py
[2025-05-19T15:48:28.129+0000] {processor.py:925} INFO - DAG(s) 'example_bash_decorator' retrieved from /home/airflow/.local/lib/python3.12/site-packages/airflow/example_dags/example_bash_decorator.py
[2025-05-19T15:48:28.140+0000] {logging_mixin.py:190} INFO - [2025-05-19T15:48:28.140+0000] {dag.py:3239} INFO - Sync 1 DAGs
[2025-05-19T15:48:28.147+0000] {logging_mixin.py:190} INFO - [2025-05-19T15:48:28.147+0000] {dag.py:4180} INFO - Setting next_dagrun for example_bash_decorator to None, run_after=None
[2025-05-19T15:48:28.156+0000] {processor.py:208} INFO - Processing /home/airflow/.local/lib/python3.12/site-packages/airflow/example_dags/example_bash_decorator.py took 0.040 seconds
[2025-05-19T15:48:58.896+0000] {processor.py:186} INFO - Started process (PID=170) to work on /home/airflow/.local/lib/python3.12/site-packages/airflow/example_dags/example_bash_decorator.py
[2025-05-19T15:48:58.899+0000] {processor.py:914} INFO - Processing file /home/airflow/.local/lib/python3.12/site-packages/airflow/example_dags/example_bash_decorator.py for tasks to queue
[2025-05-19T15:48:58.900+0000] {logging_mixin.py:190} INFO - [2025-05-19T15:48:58.900+0000] {dagbag.py:588} INFO - Filling up the DagBag from /home/airflow/.local/lib/python3.12/site-packages/airflow/example_dags/example_bash_decorator.py
[2025-05-19T15:48:58.907+0000] {processor.py:925} INFO - DAG(s) 'example_bash_decorator' retrieved from /home/airflow/.local/lib/python3.12/site-packages/airflow/example_dags/example_bash_decorator.py
[2025-05-19T15:48:58.918+0000] {logging_mixin.py:190} INFO - [2025-05-19T15:48:58.918+0000] {dag.py:3239} INFO - Sync 1 DAGs
[2025-05-19T15:48:58.924+0000] {logging_mixin.py:190} INFO - [2025-05-19T15:48:58.924+0000] {dag.py:4180} INFO - Setting next_dagrun for example_bash_decorator to None, run_after=None
[2025-05-19T15:48:58.932+0000] {processor.py:208} INFO - Processing /home/airflow/.local/lib/python3.12/site-packages/airflow/example_dags/example_bash_decorator.py took 0.039 seconds
[2025-05-19T15:49:29.639+0000] {processor.py:186} INFO - Started process (PID=227) to work on /home/airflow/.local/lib/python3.12/site-packages/airflow/example_dags/example_bash_decorator.py
[2025-05-19T15:49:29.640+0000] {processor.py:914} INFO - Processing file /home/airflow/.local/lib/python3.12/site-packages/airflow/example_dags/example_bash_decorator.py for tasks to queue
[2025-05-19T15:49:29.641+0000] {logging_mixin.py:190} INFO - [2025-05-19T15:49:29.641+0000] {dagbag.py:588} INFO - Filling up the DagBag from /home/airflow/.local/lib/python3.12/site-packages/airflow/example_dags/example_bash_decorator.py
[2025-05-19T15:49:29.649+0000] {processor.py:925} INFO - DAG(s) 'example_bash_decorator' retrieved from /home/airflow/.local/lib/python3.12/site-packages/airflow/example_dags/example_bash_decorator.py
[2025-05-19T15:49:29.660+0000] {logging_mixin.py:190} INFO - [2025-05-19T15:49:29.660+0000] {dag.py:3239} INFO - Sync 1 DAGs
[2025-05-19T15:49:29.667+0000] {logging_mixin.py:190} INFO - [2025-05-19T15:49:29.667+0000] {dag.py:4180} INFO - Setting next_dagrun for example_bash_decorator to None, run_after=None
[2025-05-19T15:49:29.678+0000] {processor.py:208} INFO - Processing /home/airflow/.local/lib/python3.12/site-packages/airflow/example_dags/example_bash_decorator.py took 0.041 seconds
[2025-05-19T15:50:00.568+0000] {processor.py:186} INFO - Started process (PID=284) to work on /home/airflow/.local/lib/python3.12/site-packages/airflow/example_dags/example_bash_decorator.py
[2025-05-19T15:50:00.569+0000] {processor.py:914} INFO - Processing file /home/airflow/.local/lib/python3.12/site-packages/airflow/example_dags/example_bash_decorator.py for tasks to queue
[2025-05-19T15:50:00.570+0000] {logging_mixin.py:190} INFO - [2025-05-19T15:50:00.570+0000] {dagbag.py:588} INFO - Filling up the DagBag from /home/airflow/.local/lib/python3.12/site-packages/airflow/example_dags/example_bash_decorator.py
[2025-05-19T15:50:00.578+0000] {processor.py:925} INFO - DAG(s) 'example_bash_decorator' retrieved from /home/airflow/.local/lib/python3.12/site-packages/airflow/example_dags/example_bash_decorator.py
[2025-05-19T15:50:00.590+0000] {logging_mixin.py:190} INFO - [2025-05-19T15:50:00.590+0000] {dag.py:3239} INFO - Sync 1 DAGs
[2025-05-19T15:50:00.596+0000] {logging_mixin.py:190} INFO - [2025-05-19T15:50:00.596+0000] {dag.py:4180} INFO - Setting next_dagrun for example_bash_decorator to None, run_after=None
[2025-05-19T15:50:00.604+0000] {processor.py:208} INFO - Processing /home/airflow/.local/lib/python3.12/site-packages/airflow/example_dags/example_bash_decorator.py took 0.039 seconds
[2025-05-19T15:50:31.275+0000] {processor.py:186} INFO - Started process (PID=341) to work on /home/airflow/.local/lib/python3.12/site-packages/airflow/example_dags/example_bash_decorator.py
[2025-05-19T15:50:31.276+0000] {processor.py:914} INFO - Processing file /home/airflow/.local/lib/python3.12/site-packages/airflow/example_dags/example_bash_decorator.py for tasks to queue
[2025-05-19T15:50:31.278+0000] {logging_mixin.py:190} INFO - [2025-05-19T15:50:31.278+0000] {dagbag.py:588} INFO - Filling up the DagBag from /home/airflow/.local/lib/python3.12/site-packages/airflow/example_dags/example_bash_decorator.py
[2025-05-19T15:50:31.286+0000] {processor.py:925} INFO - DAG(s) 'example_bash_decorator' retrieved from /home/airflow/.local/lib/python3.12/site-packages/airflow/example_dags/example_bash_decorator.py
[2025-05-19T15:50:31.297+0000] {logging_mixin.py:190} INFO - [2025-05-19T15:50:31.297+0000] {dag.py:3239} INFO - Sync 1 DAGs
[2025-05-19T15:50:31.304+0000] {logging_mixin.py:190} INFO - [2025-05-19T15:50:31.304+0000] {dag.py:4180} INFO - Setting next_dagrun for example_bash_decorator to None, run_after=None
[2025-05-19T15:50:31.312+0000] {processor.py:208} INFO - Processing /home/airflow/.local/lib/python3.12/site-packages/airflow/example_dags/example_bash_decorator.py took 0.041 seconds
[2025-05-19T15:51:01.927+0000] {processor.py:186} INFO - Started process (PID=398) to work on /home/airflow/.local/lib/python3.12/site-packages/airflow/example_dags/example_bash_decorator.py
[2025-05-19T15:51:01.927+0000] {processor.py:914} INFO - Processing file /home/airflow/.local/lib/python3.12/site-packages/airflow/example_dags/example_bash_decorator.py for tasks to queue
[2025-05-19T15:51:01.928+0000] {logging_mixin.py:190} INFO - [2025-05-19T15:51:01.928+0000] {dagbag.py:588} INFO - Filling up the DagBag from /home/airflow/.local/lib/python3.12/site-packages/airflow/example_dags/example_bash_decorator.py
[2025-05-19T15:51:01.936+0000] {processor.py:925} INFO - DAG(s) 'example_bash_decorator' retrieved from /home/airflow/.local/lib/python3.12/site-packages/airflow/example_dags/example_bash_decorator.py
[2025-05-19T15:51:01.946+0000] {logging_mixin.py:190} INFO - [2025-05-19T15:51:01.946+0000] {dag.py:3239} INFO - Sync 1 DAGs
[2025-05-19T15:51:01.953+0000] {logging_mixin.py:190} INFO - [2025-05-19T15:51:01.952+0000] {dag.py:4180} INFO - Setting next_dagrun for example_bash_decorator to None, run_after=None
[2025-05-19T15:51:01.960+0000] {processor.py:208} INFO - Processing /home/airflow/.local/lib/python3.12/site-packages/airflow/example_dags/example_bash_decorator.py took 0.036 seconds
[2025-05-19T15:51:32.764+0000] {processor.py:186} INFO - Started process (PID=456) to work on /home/airflow/.local/lib/python3.12/site-packages/airflow/example_dags/example_bash_decorator.py
[2025-05-19T15:51:32.765+0000] {processor.py:914} INFO - Processing file /home/airflow/.local/lib/python3.12/site-packages/airflow/example_dags/example_bash_decorator.py for tasks to queue
[2025-05-19T15:51:32.766+0000] {logging_mixin.py:190} INFO - [2025-05-19T15:51:32.766+0000] {dagbag.py:588} INFO - Filling up the DagBag from /home/airflow/.local/lib/python3.12/site-packages/airflow/example_dags/example_bash_decorator.py
[2025-05-19T15:51:32.773+0000] {processor.py:925} INFO - DAG(s) 'example_bash_decorator' retrieved from /home/airflow/.local/lib/python3.12/site-packages/airflow/example_dags/example_bash_decorator.py
[2025-05-19T15:51:32.784+0000] {logging_mixin.py:190} INFO - [2025-05-19T15:51:32.784+0000] {dag.py:3239} INFO - Sync 1 DAGs
[2025-05-19T15:51:32.791+0000] {logging_mixin.py:190} INFO - [2025-05-19T15:51:32.791+0000] {dag.py:4180} INFO - Setting next_dagrun for example_bash_decorator to None, run_after=None
[2025-05-19T15:51:32.800+0000] {processor.py:208} INFO - Processing /home/airflow/.local/lib/python3.12/site-packages/airflow/example_dags/example_bash_decorator.py took 0.038 seconds
[2025-05-19T15:52:03.240+0000] {processor.py:186} INFO - Started process (PID=513) to work on /home/airflow/.local/lib/python3.12/site-packages/airflow/example_dags/example_bash_decorator.py
[2025-05-19T15:52:03.241+0000] {processor.py:914} INFO - Processing file /home/airflow/.local/lib/python3.12/site-packages/airflow/example_dags/example_bash_decorator.py for tasks to queue
[2025-05-19T15:52:03.242+0000] {logging_mixin.py:190} INFO - [2025-05-19T15:52:03.242+0000] {dagbag.py:588} INFO - Filling up the DagBag from /home/airflow/.local/lib/python3.12/site-packages/airflow/example_dags/example_bash_decorator.py
[2025-05-19T15:52:03.250+0000] {processor.py:925} INFO - DAG(s) 'example_bash_decorator' retrieved from /home/airflow/.local/lib/python3.12/site-packages/airflow/example_dags/example_bash_decorator.py
[2025-05-19T15:52:03.262+0000] {logging_mixin.py:190} INFO - [2025-05-19T15:52:03.262+0000] {dag.py:3239} INFO - Sync 1 DAGs
[2025-05-19T15:52:03.268+0000] {logging_mixin.py:190} INFO - [2025-05-19T15:52:03.268+0000] {dag.py:4180} INFO - Setting next_dagrun for example_bash_decorator to None, run_after=None
[2025-05-19T15:52:03.277+0000] {processor.py:208} INFO - Processing /home/airflow/.local/lib/python3.12/site-packages/airflow/example_dags/example_bash_decorator.py took 0.040 seconds
[2025-05-19T15:52:34.372+0000] {processor.py:186} INFO - Started process (PID=570) to work on /home/airflow/.local/lib/python3.12/site-packages/airflow/example_dags/example_bash_decorator.py
[2025-05-19T15:52:34.377+0000] {processor.py:914} INFO - Processing file /home/airflow/.local/lib/python3.12/site-packages/airflow/example_dags/example_bash_decorator.py for tasks to queue
[2025-05-19T15:52:34.379+0000] {logging_mixin.py:190} INFO - [2025-05-19T15:52:34.379+0000] {dagbag.py:588} INFO - Filling up the DagBag from /home/airflow/.local/lib/python3.12/site-packages/airflow/example_dags/example_bash_decorator.py
[2025-05-19T15:52:34.387+0000] {processor.py:925} INFO - DAG(s) 'example_bash_decorator' retrieved from /home/airflow/.local/lib/python3.12/site-packages/airflow/example_dags/example_bash_decorator.py
[2025-05-19T15:52:34.400+0000] {logging_mixin.py:190} INFO - [2025-05-19T15:52:34.400+0000] {dag.py:3239} INFO - Sync 1 DAGs
[2025-05-19T15:52:34.407+0000] {logging_mixin.py:190} INFO - [2025-05-19T15:52:34.407+0000] {dag.py:4180} INFO - Setting next_dagrun for example_bash_decorator to None, run_after=None
[2025-05-19T15:52:34.416+0000] {processor.py:208} INFO - Processing /home/airflow/.local/lib/python3.12/site-packages/airflow/example_dags/example_bash_decorator.py took 0.047 seconds
[2025-05-19T15:53:04.845+0000] {processor.py:186} INFO - Started process (PID=627) to work on /home/airflow/.local/lib/python3.12/site-packages/airflow/example_dags/example_bash_decorator.py
[2025-05-19T15:53:04.845+0000] {processor.py:914} INFO - Processing file /home/airflow/.local/lib/python3.12/site-packages/airflow/example_dags/example_bash_decorator.py for tasks to queue
[2025-05-19T15:53:04.847+0000] {logging_mixin.py:190} INFO - [2025-05-19T15:53:04.846+0000] {dagbag.py:588} INFO - Filling up the DagBag from /home/airflow/.local/lib/python3.12/site-packages/airflow/example_dags/example_bash_decorator.py
[2025-05-19T15:53:04.854+0000] {processor.py:925} INFO - DAG(s) 'example_bash_decorator' retrieved from /home/airflow/.local/lib/python3.12/site-packages/airflow/example_dags/example_bash_decorator.py
[2025-05-19T15:53:04.866+0000] {logging_mixin.py:190} INFO - [2025-05-19T15:53:04.865+0000] {dag.py:3239} INFO - Sync 1 DAGs
[2025-05-19T15:53:04.872+0000] {logging_mixin.py:190} INFO - [2025-05-19T15:53:04.872+0000] {dag.py:4180} INFO - Setting next_dagrun for example_bash_decorator to None, run_after=None
[2025-05-19T15:53:04.882+0000] {processor.py:208} INFO - Processing /home/airflow/.local/lib/python3.12/site-packages/airflow/example_dags/example_bash_decorator.py took 0.040 seconds
[2025-05-19T15:53:35.840+0000] {processor.py:186} INFO - Started process (PID=684) to work on /home/airflow/.local/lib/python3.12/site-packages/airflow/example_dags/example_bash_decorator.py
[2025-05-19T15:53:35.842+0000] {processor.py:914} INFO - Processing file /home/airflow/.local/lib/python3.12/site-packages/airflow/example_dags/example_bash_decorator.py for tasks to queue
[2025-05-19T15:53:35.843+0000] {logging_mixin.py:190} INFO - [2025-05-19T15:53:35.843+0000] {dagbag.py:588} INFO - Filling up the DagBag from /home/airflow/.local/lib/python3.12/site-packages/airflow/example_dags/example_bash_decorator.py
[2025-05-19T15:53:35.852+0000] {processor.py:925} INFO - DAG(s) 'example_bash_decorator' retrieved from /home/airflow/.local/lib/python3.12/site-packages/airflow/example_dags/example_bash_decorator.py
[2025-05-19T15:53:35.864+0000] {logging_mixin.py:190} INFO - [2025-05-19T15:53:35.864+0000] {dag.py:3239} INFO - Sync 1 DAGs
[2025-05-19T15:53:35.871+0000] {logging_mixin.py:190} INFO - [2025-05-19T15:53:35.871+0000] {dag.py:4180} INFO - Setting next_dagrun for example_bash_decorator to None, run_after=None
[2025-05-19T15:53:35.880+0000] {processor.py:208} INFO - Processing /home/airflow/.local/lib/python3.12/site-packages/airflow/example_dags/example_bash_decorator.py took 0.043 seconds
[2025-05-19T15:54:07.126+0000] {processor.py:186} INFO - Started process (PID=741) to work on /home/airflow/.local/lib/python3.12/site-packages/airflow/example_dags/example_bash_decorator.py
[2025-05-19T15:54:07.128+0000] {processor.py:914} INFO - Processing file /home/airflow/.local/lib/python3.12/site-packages/airflow/example_dags/example_bash_decorator.py for tasks to queue
[2025-05-19T15:54:07.130+0000] {logging_mixin.py:190} INFO - [2025-05-19T15:54:07.129+0000] {dagbag.py:588} INFO - Filling up the DagBag from /home/airflow/.local/lib/python3.12/site-packages/airflow/example_dags/example_bash_decorator.py
[2025-05-19T15:54:07.138+0000] {processor.py:925} INFO - DAG(s) 'example_bash_decorator' retrieved from /home/airflow/.local/lib/python3.12/site-packages/airflow/example_dags/example_bash_decorator.py
[2025-05-19T15:54:07.151+0000] {logging_mixin.py:190} INFO - [2025-05-19T15:54:07.151+0000] {dag.py:3239} INFO - Sync 1 DAGs
[2025-05-19T15:54:07.158+0000] {logging_mixin.py:190} INFO - [2025-05-19T15:54:07.157+0000] {dag.py:4180} INFO - Setting next_dagrun for example_bash_decorator to None, run_after=None
[2025-05-19T15:54:07.169+0000] {processor.py:208} INFO - Processing /home/airflow/.local/lib/python3.12/site-packages/airflow/example_dags/example_bash_decorator.py took 0.046 seconds
[2025-05-19T15:54:38.331+0000] {processor.py:186} INFO - Started process (PID=798) to work on /home/airflow/.local/lib/python3.12/site-packages/airflow/example_dags/example_bash_decorator.py
[2025-05-19T15:54:38.333+0000] {processor.py:914} INFO - Processing file /home/airflow/.local/lib/python3.12/site-packages/airflow/example_dags/example_bash_decorator.py for tasks to queue
[2025-05-19T15:54:38.334+0000] {logging_mixin.py:190} INFO - [2025-05-19T15:54:38.334+0000] {dagbag.py:588} INFO - Filling up the DagBag from /home/airflow/.local/lib/python3.12/site-packages/airflow/example_dags/example_bash_decorator.py
[2025-05-19T15:54:38.342+0000] {processor.py:925} INFO - DAG(s) 'example_bash_decorator' retrieved from /home/airflow/.local/lib/python3.12/site-packages/airflow/example_dags/example_bash_decorator.py
[2025-05-19T15:54:38.355+0000] {logging_mixin.py:190} INFO - [2025-05-19T15:54:38.355+0000] {dag.py:3239} INFO - Sync 1 DAGs
[2025-05-19T15:54:38.362+0000] {logging_mixin.py:190} INFO - [2025-05-19T15:54:38.361+0000] {dag.py:4180} INFO - Setting next_dagrun for example_bash_decorator to None, run_after=None
[2025-05-19T15:54:38.371+0000] {processor.py:208} INFO - Processing /home/airflow/.local/lib/python3.12/site-packages/airflow/example_dags/example_bash_decorator.py took 0.043 seconds
[2025-05-19T15:55:09.742+0000] {processor.py:186} INFO - Started process (PID=855) to work on /home/airflow/.local/lib/python3.12/site-packages/airflow/example_dags/example_bash_decorator.py
[2025-05-19T15:55:09.743+0000] {processor.py:914} INFO - Processing file /home/airflow/.local/lib/python3.12/site-packages/airflow/example_dags/example_bash_decorator.py for tasks to queue
[2025-05-19T15:55:09.745+0000] {logging_mixin.py:190} INFO - [2025-05-19T15:55:09.744+0000] {dagbag.py:588} INFO - Filling up the DagBag from /home/airflow/.local/lib/python3.12/site-packages/airflow/example_dags/example_bash_decorator.py
[2025-05-19T15:55:09.752+0000] {processor.py:925} INFO - DAG(s) 'example_bash_decorator' retrieved from /home/airflow/.local/lib/python3.12/site-packages/airflow/example_dags/example_bash_decorator.py
[2025-05-19T15:55:09.766+0000] {logging_mixin.py:190} INFO - [2025-05-19T15:55:09.766+0000] {dag.py:3239} INFO - Sync 1 DAGs
[2025-05-19T15:55:09.773+0000] {logging_mixin.py:190} INFO - [2025-05-19T15:55:09.773+0000] {dag.py:4180} INFO - Setting next_dagrun for example_bash_decorator to None, run_after=None
[2025-05-19T15:55:09.784+0000] {processor.py:208} INFO - Processing /home/airflow/.local/lib/python3.12/site-packages/airflow/example_dags/example_bash_decorator.py took 0.045 seconds
[2025-05-19T15:55:40.635+0000] {processor.py:186} INFO - Started process (PID=912) to work on /home/airflow/.local/lib/python3.12/site-packages/airflow/example_dags/example_bash_decorator.py
[2025-05-19T15:55:40.636+0000] {processor.py:914} INFO - Processing file /home/airflow/.local/lib/python3.12/site-packages/airflow/example_dags/example_bash_decorator.py for tasks to queue
[2025-05-19T15:55:40.637+0000] {logging_mixin.py:190} INFO - [2025-05-19T15:55:40.637+0000] {dagbag.py:588} INFO - Filling up the DagBag from /home/airflow/.local/lib/python3.12/site-packages/airflow/example_dags/example_bash_decorator.py
[2025-05-19T15:55:40.645+0000] {processor.py:925} INFO - DAG(s) 'example_bash_decorator' retrieved from /home/airflow/.local/lib/python3.12/site-packages/airflow/example_dags/example_bash_decorator.py
[2025-05-19T15:55:40.659+0000] {logging_mixin.py:190} INFO - [2025-05-19T15:55:40.659+0000] {dag.py:3239} INFO - Sync 1 DAGs
[2025-05-19T15:55:40.665+0000] {logging_mixin.py:190} INFO - [2025-05-19T15:55:40.665+0000] {dag.py:4180} INFO - Setting next_dagrun for example_bash_decorator to None, run_after=None
[2025-05-19T15:55:40.674+0000] {processor.py:208} INFO - Processing /home/airflow/.local/lib/python3.12/site-packages/airflow/example_dags/example_bash_decorator.py took 0.043 seconds
[2025-05-19T15:56:11.727+0000] {processor.py:186} INFO - Started process (PID=969) to work on /home/airflow/.local/lib/python3.12/site-packages/airflow/example_dags/example_bash_decorator.py
[2025-05-19T15:56:11.729+0000] {processor.py:914} INFO - Processing file /home/airflow/.local/lib/python3.12/site-packages/airflow/example_dags/example_bash_decorator.py for tasks to queue
[2025-05-19T15:56:11.730+0000] {logging_mixin.py:190} INFO - [2025-05-19T15:56:11.730+0000] {dagbag.py:588} INFO - Filling up the DagBag from /home/airflow/.local/lib/python3.12/site-packages/airflow/example_dags/example_bash_decorator.py
[2025-05-19T15:56:11.739+0000] {processor.py:925} INFO - DAG(s) 'example_bash_decorator' retrieved from /home/airflow/.local/lib/python3.12/site-packages/airflow/example_dags/example_bash_decorator.py
[2025-05-19T15:56:11.753+0000] {logging_mixin.py:190} INFO - [2025-05-19T15:56:11.753+0000] {dag.py:3239} INFO - Sync 1 DAGs
[2025-05-19T15:56:11.760+0000] {logging_mixin.py:190} INFO - [2025-05-19T15:56:11.760+0000] {dag.py:4180} INFO - Setting next_dagrun for example_bash_decorator to None, run_after=None
[2025-05-19T15:56:11.771+0000] {processor.py:208} INFO - Processing /home/airflow/.local/lib/python3.12/site-packages/airflow/example_dags/example_bash_decorator.py took 0.048 seconds
[2025-05-19T15:56:42.623+0000] {processor.py:186} INFO - Started process (PID=1026) to work on /home/airflow/.local/lib/python3.12/site-packages/airflow/example_dags/example_bash_decorator.py
[2025-05-19T15:56:42.623+0000] {processor.py:914} INFO - Processing file /home/airflow/.local/lib/python3.12/site-packages/airflow/example_dags/example_bash_decorator.py for tasks to queue
[2025-05-19T15:56:42.627+0000] {logging_mixin.py:190} INFO - [2025-05-19T15:56:42.627+0000] {dagbag.py:588} INFO - Filling up the DagBag from /home/airflow/.local/lib/python3.12/site-packages/airflow/example_dags/example_bash_decorator.py
[2025-05-19T15:56:42.635+0000] {processor.py:925} INFO - DAG(s) 'example_bash_decorator' retrieved from /home/airflow/.local/lib/python3.12/site-packages/airflow/example_dags/example_bash_decorator.py
[2025-05-19T15:56:42.650+0000] {logging_mixin.py:190} INFO - [2025-05-19T15:56:42.650+0000] {dag.py:3239} INFO - Sync 1 DAGs
[2025-05-19T15:56:42.657+0000] {logging_mixin.py:190} INFO - [2025-05-19T15:56:42.657+0000] {dag.py:4180} INFO - Setting next_dagrun for example_bash_decorator to None, run_after=None
[2025-05-19T15:56:42.666+0000] {processor.py:208} INFO - Processing /home/airflow/.local/lib/python3.12/site-packages/airflow/example_dags/example_bash_decorator.py took 0.047 seconds
[2025-05-19T15:57:13.636+0000] {processor.py:186} INFO - Started process (PID=1083) to work on /home/airflow/.local/lib/python3.12/site-packages/airflow/example_dags/example_bash_decorator.py
[2025-05-19T15:57:13.637+0000] {processor.py:914} INFO - Processing file /home/airflow/.local/lib/python3.12/site-packages/airflow/example_dags/example_bash_decorator.py for tasks to queue
[2025-05-19T15:57:13.638+0000] {logging_mixin.py:190} INFO - [2025-05-19T15:57:13.638+0000] {dagbag.py:588} INFO - Filling up the DagBag from /home/airflow/.local/lib/python3.12/site-packages/airflow/example_dags/example_bash_decorator.py
[2025-05-19T15:57:13.645+0000] {processor.py:925} INFO - DAG(s) 'example_bash_decorator' retrieved from /home/airflow/.local/lib/python3.12/site-packages/airflow/example_dags/example_bash_decorator.py
[2025-05-19T15:57:13.658+0000] {logging_mixin.py:190} INFO - [2025-05-19T15:57:13.657+0000] {dag.py:3239} INFO - Sync 1 DAGs
[2025-05-19T15:57:13.664+0000] {logging_mixin.py:190} INFO - [2025-05-19T15:57:13.664+0000] {dag.py:4180} INFO - Setting next_dagrun for example_bash_decorator to None, run_after=None
[2025-05-19T15:57:13.675+0000] {processor.py:208} INFO - Processing /home/airflow/.local/lib/python3.12/site-packages/airflow/example_dags/example_bash_decorator.py took 0.043 seconds
[2025-05-19T15:57:44.559+0000] {processor.py:186} INFO - Started process (PID=1140) to work on /home/airflow/.local/lib/python3.12/site-packages/airflow/example_dags/example_bash_decorator.py
[2025-05-19T15:57:44.560+0000] {processor.py:914} INFO - Processing file /home/airflow/.local/lib/python3.12/site-packages/airflow/example_dags/example_bash_decorator.py for tasks to queue
[2025-05-19T15:57:44.562+0000] {logging_mixin.py:190} INFO - [2025-05-19T15:57:44.562+0000] {dagbag.py:588} INFO - Filling up the DagBag from /home/airflow/.local/lib/python3.12/site-packages/airflow/example_dags/example_bash_decorator.py
[2025-05-19T15:57:44.570+0000] {processor.py:925} INFO - DAG(s) 'example_bash_decorator' retrieved from /home/airflow/.local/lib/python3.12/site-packages/airflow/example_dags/example_bash_decorator.py
[2025-05-19T15:57:44.584+0000] {logging_mixin.py:190} INFO - [2025-05-19T15:57:44.584+0000] {dag.py:3239} INFO - Sync 1 DAGs
[2025-05-19T15:57:44.596+0000] {logging_mixin.py:190} INFO - [2025-05-19T15:57:44.596+0000] {dag.py:4180} INFO - Setting next_dagrun for example_bash_decorator to None, run_after=None
[2025-05-19T15:57:44.606+0000] {processor.py:208} INFO - Processing /home/airflow/.local/lib/python3.12/site-packages/airflow/example_dags/example_bash_decorator.py took 0.053 seconds
[2025-05-19T15:58:15.520+0000] {processor.py:186} INFO - Started process (PID=1197) to work on /home/airflow/.local/lib/python3.12/site-packages/airflow/example_dags/example_bash_decorator.py
[2025-05-19T15:58:15.520+0000] {processor.py:914} INFO - Processing file /home/airflow/.local/lib/python3.12/site-packages/airflow/example_dags/example_bash_decorator.py for tasks to queue
[2025-05-19T15:58:15.521+0000] {logging_mixin.py:190} INFO - [2025-05-19T15:58:15.521+0000] {dagbag.py:588} INFO - Filling up the DagBag from /home/airflow/.local/lib/python3.12/site-packages/airflow/example_dags/example_bash_decorator.py
[2025-05-19T15:58:15.530+0000] {processor.py:925} INFO - DAG(s) 'example_bash_decorator' retrieved from /home/airflow/.local/lib/python3.12/site-packages/airflow/example_dags/example_bash_decorator.py
[2025-05-19T15:58:15.543+0000] {logging_mixin.py:190} INFO - [2025-05-19T15:58:15.543+0000] {dag.py:3239} INFO - Sync 1 DAGs
[2025-05-19T15:58:15.551+0000] {logging_mixin.py:190} INFO - [2025-05-19T15:58:15.551+0000] {dag.py:4180} INFO - Setting next_dagrun for example_bash_decorator to None, run_after=None
[2025-05-19T15:58:15.560+0000] {processor.py:208} INFO - Processing /home/airflow/.local/lib/python3.12/site-packages/airflow/example_dags/example_bash_decorator.py took 0.044 seconds
[2025-05-19T15:58:46.239+0000] {processor.py:186} INFO - Started process (PID=1254) to work on /home/airflow/.local/lib/python3.12/site-packages/airflow/example_dags/example_bash_decorator.py
[2025-05-19T15:58:46.240+0000] {processor.py:914} INFO - Processing file /home/airflow/.local/lib/python3.12/site-packages/airflow/example_dags/example_bash_decorator.py for tasks to queue
[2025-05-19T15:58:46.241+0000] {logging_mixin.py:190} INFO - [2025-05-19T15:58:46.241+0000] {dagbag.py:588} INFO - Filling up the DagBag from /home/airflow/.local/lib/python3.12/site-packages/airflow/example_dags/example_bash_decorator.py
[2025-05-19T15:58:46.250+0000] {processor.py:925} INFO - DAG(s) 'example_bash_decorator' retrieved from /home/airflow/.local/lib/python3.12/site-packages/airflow/example_dags/example_bash_decorator.py
[2025-05-19T15:58:46.263+0000] {logging_mixin.py:190} INFO - [2025-05-19T15:58:46.263+0000] {dag.py:3239} INFO - Sync 1 DAGs
[2025-05-19T15:58:46.271+0000] {logging_mixin.py:190} INFO - [2025-05-19T15:58:46.271+0000] {dag.py:4180} INFO - Setting next_dagrun for example_bash_decorator to None, run_after=None
[2025-05-19T15:58:46.280+0000] {processor.py:208} INFO - Processing /home/airflow/.local/lib/python3.12/site-packages/airflow/example_dags/example_bash_decorator.py took 0.045 seconds
[2025-05-19T15:59:17.243+0000] {processor.py:186} INFO - Started process (PID=1311) to work on /home/airflow/.local/lib/python3.12/site-packages/airflow/example_dags/example_bash_decorator.py
[2025-05-19T15:59:17.245+0000] {processor.py:914} INFO - Processing file /home/airflow/.local/lib/python3.12/site-packages/airflow/example_dags/example_bash_decorator.py for tasks to queue
[2025-05-19T15:59:17.246+0000] {logging_mixin.py:190} INFO - [2025-05-19T15:59:17.246+0000] {dagbag.py:588} INFO - Filling up the DagBag from /home/airflow/.local/lib/python3.12/site-packages/airflow/example_dags/example_bash_decorator.py
[2025-05-19T15:59:17.255+0000] {processor.py:925} INFO - DAG(s) 'example_bash_decorator' retrieved from /home/airflow/.local/lib/python3.12/site-packages/airflow/example_dags/example_bash_decorator.py
[2025-05-19T15:59:17.268+0000] {logging_mixin.py:190} INFO - [2025-05-19T15:59:17.268+0000] {dag.py:3239} INFO - Sync 1 DAGs
[2025-05-19T15:59:17.276+0000] {logging_mixin.py:190} INFO - [2025-05-19T15:59:17.276+0000] {dag.py:4180} INFO - Setting next_dagrun for example_bash_decorator to None, run_after=None
[2025-05-19T15:59:17.285+0000] {processor.py:208} INFO - Processing /home/airflow/.local/lib/python3.12/site-packages/airflow/example_dags/example_bash_decorator.py took 0.046 seconds
[2025-05-19T15:59:48.247+0000] {processor.py:186} INFO - Started process (PID=1368) to work on /home/airflow/.local/lib/python3.12/site-packages/airflow/example_dags/example_bash_decorator.py
[2025-05-19T15:59:48.248+0000] {processor.py:914} INFO - Processing file /home/airflow/.local/lib/python3.12/site-packages/airflow/example_dags/example_bash_decorator.py for tasks to queue
[2025-05-19T15:59:48.250+0000] {logging_mixin.py:190} INFO - [2025-05-19T15:59:48.249+0000] {dagbag.py:588} INFO - Filling up the DagBag from /home/airflow/.local/lib/python3.12/site-packages/airflow/example_dags/example_bash_decorator.py
[2025-05-19T15:59:48.257+0000] {processor.py:925} INFO - DAG(s) 'example_bash_decorator' retrieved from /home/airflow/.local/lib/python3.12/site-packages/airflow/example_dags/example_bash_decorator.py
[2025-05-19T15:59:48.270+0000] {logging_mixin.py:190} INFO - [2025-05-19T15:59:48.269+0000] {dag.py:3239} INFO - Sync 1 DAGs
[2025-05-19T15:59:48.278+0000] {logging_mixin.py:190} INFO - [2025-05-19T15:59:48.278+0000] {dag.py:4180} INFO - Setting next_dagrun for example_bash_decorator to None, run_after=None
[2025-05-19T15:59:48.287+0000] {processor.py:208} INFO - Processing /home/airflow/.local/lib/python3.12/site-packages/airflow/example_dags/example_bash_decorator.py took 0.043 seconds
[2025-05-19T16:00:19.126+0000] {processor.py:186} INFO - Started process (PID=1425) to work on /home/airflow/.local/lib/python3.12/site-packages/airflow/example_dags/example_bash_decorator.py
[2025-05-19T16:00:19.127+0000] {processor.py:914} INFO - Processing file /home/airflow/.local/lib/python3.12/site-packages/airflow/example_dags/example_bash_decorator.py for tasks to queue
[2025-05-19T16:00:19.128+0000] {logging_mixin.py:190} INFO - [2025-05-19T16:00:19.128+0000] {dagbag.py:588} INFO - Filling up the DagBag from /home/airflow/.local/lib/python3.12/site-packages/airflow/example_dags/example_bash_decorator.py
[2025-05-19T16:00:19.136+0000] {processor.py:925} INFO - DAG(s) 'example_bash_decorator' retrieved from /home/airflow/.local/lib/python3.12/site-packages/airflow/example_dags/example_bash_decorator.py
[2025-05-19T16:00:19.154+0000] {logging_mixin.py:190} INFO - [2025-05-19T16:00:19.154+0000] {dag.py:3239} INFO - Sync 1 DAGs
[2025-05-19T16:00:19.170+0000] {logging_mixin.py:190} INFO - [2025-05-19T16:00:19.170+0000] {dag.py:4180} INFO - Setting next_dagrun for example_bash_decorator to None, run_after=None
[2025-05-19T16:00:19.186+0000] {processor.py:208} INFO - Processing /home/airflow/.local/lib/python3.12/site-packages/airflow/example_dags/example_bash_decorator.py took 0.062 seconds
[2025-05-19T16:00:50.288+0000] {processor.py:186} INFO - Started process (PID=1482) to work on /home/airflow/.local/lib/python3.12/site-packages/airflow/example_dags/example_bash_decorator.py
[2025-05-19T16:00:50.289+0000] {processor.py:914} INFO - Processing file /home/airflow/.local/lib/python3.12/site-packages/airflow/example_dags/example_bash_decorator.py for tasks to queue
[2025-05-19T16:00:50.292+0000] {logging_mixin.py:190} INFO - [2025-05-19T16:00:50.291+0000] {dagbag.py:588} INFO - Filling up the DagBag from /home/airflow/.local/lib/python3.12/site-packages/airflow/example_dags/example_bash_decorator.py
[2025-05-19T16:00:50.299+0000] {processor.py:925} INFO - DAG(s) 'example_bash_decorator' retrieved from /home/airflow/.local/lib/python3.12/site-packages/airflow/example_dags/example_bash_decorator.py
[2025-05-19T16:00:50.312+0000] {logging_mixin.py:190} INFO - [2025-05-19T16:00:50.312+0000] {dag.py:3239} INFO - Sync 1 DAGs
[2025-05-19T16:00:50.320+0000] {logging_mixin.py:190} INFO - [2025-05-19T16:00:50.320+0000] {dag.py:4180} INFO - Setting next_dagrun for example_bash_decorator to None, run_after=None
[2025-05-19T16:00:50.331+0000] {processor.py:208} INFO - Processing /home/airflow/.local/lib/python3.12/site-packages/airflow/example_dags/example_bash_decorator.py took 0.046 seconds
[2025-05-19T16:01:21.256+0000] {processor.py:186} INFO - Started process (PID=1539) to work on /home/airflow/.local/lib/python3.12/site-packages/airflow/example_dags/example_bash_decorator.py
[2025-05-19T16:01:21.256+0000] {processor.py:914} INFO - Processing file /home/airflow/.local/lib/python3.12/site-packages/airflow/example_dags/example_bash_decorator.py for tasks to queue
[2025-05-19T16:01:21.258+0000] {logging_mixin.py:190} INFO - [2025-05-19T16:01:21.257+0000] {dagbag.py:588} INFO - Filling up the DagBag from /home/airflow/.local/lib/python3.12/site-packages/airflow/example_dags/example_bash_decorator.py
[2025-05-19T16:01:21.266+0000] {processor.py:925} INFO - DAG(s) 'example_bash_decorator' retrieved from /home/airflow/.local/lib/python3.12/site-packages/airflow/example_dags/example_bash_decorator.py
[2025-05-19T16:01:21.282+0000] {logging_mixin.py:190} INFO - [2025-05-19T16:01:21.282+0000] {dag.py:3239} INFO - Sync 1 DAGs
[2025-05-19T16:01:21.289+0000] {logging_mixin.py:190} INFO - [2025-05-19T16:01:21.289+0000] {dag.py:4180} INFO - Setting next_dagrun for example_bash_decorator to None, run_after=None
[2025-05-19T16:01:21.298+0000] {processor.py:208} INFO - Processing /home/airflow/.local/lib/python3.12/site-packages/airflow/example_dags/example_bash_decorator.py took 0.045 seconds
[2025-05-19T16:01:52.149+0000] {processor.py:186} INFO - Started process (PID=1596) to work on /home/airflow/.local/lib/python3.12/site-packages/airflow/example_dags/example_bash_decorator.py
[2025-05-19T16:01:52.152+0000] {processor.py:914} INFO - Processing file /home/airflow/.local/lib/python3.12/site-packages/airflow/example_dags/example_bash_decorator.py for tasks to queue
[2025-05-19T16:01:52.154+0000] {logging_mixin.py:190} INFO - [2025-05-19T16:01:52.154+0000] {dagbag.py:588} INFO - Filling up the DagBag from /home/airflow/.local/lib/python3.12/site-packages/airflow/example_dags/example_bash_decorator.py
[2025-05-19T16:01:52.162+0000] {processor.py:925} INFO - DAG(s) 'example_bash_decorator' retrieved from /home/airflow/.local/lib/python3.12/site-packages/airflow/example_dags/example_bash_decorator.py
[2025-05-19T16:01:52.173+0000] {logging_mixin.py:190} INFO - [2025-05-19T16:01:52.173+0000] {dag.py:3239} INFO - Sync 1 DAGs
[2025-05-19T16:01:52.182+0000] {logging_mixin.py:190} INFO - [2025-05-19T16:01:52.182+0000] {dag.py:4180} INFO - Setting next_dagrun for example_bash_decorator to None, run_after=None
[2025-05-19T16:01:52.193+0000] {processor.py:208} INFO - Processing /home/airflow/.local/lib/python3.12/site-packages/airflow/example_dags/example_bash_decorator.py took 0.047 seconds
[2025-05-19T16:02:22.884+0000] {processor.py:186} INFO - Started process (PID=1653) to work on /home/airflow/.local/lib/python3.12/site-packages/airflow/example_dags/example_bash_decorator.py
[2025-05-19T16:02:22.886+0000] {processor.py:914} INFO - Processing file /home/airflow/.local/lib/python3.12/site-packages/airflow/example_dags/example_bash_decorator.py for tasks to queue
[2025-05-19T16:02:22.888+0000] {logging_mixin.py:190} INFO - [2025-05-19T16:02:22.888+0000] {dagbag.py:588} INFO - Filling up the DagBag from /home/airflow/.local/lib/python3.12/site-packages/airflow/example_dags/example_bash_decorator.py
[2025-05-19T16:02:22.895+0000] {processor.py:925} INFO - DAG(s) 'example_bash_decorator' retrieved from /home/airflow/.local/lib/python3.12/site-packages/airflow/example_dags/example_bash_decorator.py
[2025-05-19T16:02:22.908+0000] {logging_mixin.py:190} INFO - [2025-05-19T16:02:22.908+0000] {dag.py:3239} INFO - Sync 1 DAGs
[2025-05-19T16:02:22.915+0000] {logging_mixin.py:190} INFO - [2025-05-19T16:02:22.915+0000] {dag.py:4180} INFO - Setting next_dagrun for example_bash_decorator to None, run_after=None
[2025-05-19T16:02:22.924+0000] {processor.py:208} INFO - Processing /home/airflow/.local/lib/python3.12/site-packages/airflow/example_dags/example_bash_decorator.py took 0.043 seconds
[2025-05-19T16:02:53.907+0000] {processor.py:186} INFO - Started process (PID=1710) to work on /home/airflow/.local/lib/python3.12/site-packages/airflow/example_dags/example_bash_decorator.py
[2025-05-19T16:02:53.907+0000] {processor.py:914} INFO - Processing file /home/airflow/.local/lib/python3.12/site-packages/airflow/example_dags/example_bash_decorator.py for tasks to queue
[2025-05-19T16:02:53.909+0000] {logging_mixin.py:190} INFO - [2025-05-19T16:02:53.908+0000] {dagbag.py:588} INFO - Filling up the DagBag from /home/airflow/.local/lib/python3.12/site-packages/airflow/example_dags/example_bash_decorator.py
[2025-05-19T16:02:53.917+0000] {processor.py:925} INFO - DAG(s) 'example_bash_decorator' retrieved from /home/airflow/.local/lib/python3.12/site-packages/airflow/example_dags/example_bash_decorator.py
[2025-05-19T16:02:53.930+0000] {logging_mixin.py:190} INFO - [2025-05-19T16:02:53.929+0000] {dag.py:3239} INFO - Sync 1 DAGs
[2025-05-19T16:02:53.936+0000] {logging_mixin.py:190} INFO - [2025-05-19T16:02:53.936+0000] {dag.py:4180} INFO - Setting next_dagrun for example_bash_decorator to None, run_after=None
[2025-05-19T16:02:53.945+0000] {processor.py:208} INFO - Processing /home/airflow/.local/lib/python3.12/site-packages/airflow/example_dags/example_bash_decorator.py took 0.042 seconds
[2025-05-19T16:03:24.886+0000] {processor.py:186} INFO - Started process (PID=1767) to work on /home/airflow/.local/lib/python3.12/site-packages/airflow/example_dags/example_bash_decorator.py
[2025-05-19T16:03:24.886+0000] {processor.py:914} INFO - Processing file /home/airflow/.local/lib/python3.12/site-packages/airflow/example_dags/example_bash_decorator.py for tasks to queue
[2025-05-19T16:03:24.888+0000] {logging_mixin.py:190} INFO - [2025-05-19T16:03:24.887+0000] {dagbag.py:588} INFO - Filling up the DagBag from /home/airflow/.local/lib/python3.12/site-packages/airflow/example_dags/example_bash_decorator.py
[2025-05-19T16:03:24.895+0000] {processor.py:925} INFO - DAG(s) 'example_bash_decorator' retrieved from /home/airflow/.local/lib/python3.12/site-packages/airflow/example_dags/example_bash_decorator.py
[2025-05-19T16:03:24.907+0000] {logging_mixin.py:190} INFO - [2025-05-19T16:03:24.906+0000] {dag.py:3239} INFO - Sync 1 DAGs
[2025-05-19T16:03:24.914+0000] {logging_mixin.py:190} INFO - [2025-05-19T16:03:24.913+0000] {dag.py:4180} INFO - Setting next_dagrun for example_bash_decorator to None, run_after=None
[2025-05-19T16:03:24.923+0000] {processor.py:208} INFO - Processing /home/airflow/.local/lib/python3.12/site-packages/airflow/example_dags/example_bash_decorator.py took 0.040 seconds
[2025-05-19T16:03:55.808+0000] {processor.py:186} INFO - Started process (PID=1824) to work on /home/airflow/.local/lib/python3.12/site-packages/airflow/example_dags/example_bash_decorator.py
[2025-05-19T16:03:55.817+0000] {processor.py:914} INFO - Processing file /home/airflow/.local/lib/python3.12/site-packages/airflow/example_dags/example_bash_decorator.py for tasks to queue
[2025-05-19T16:03:55.820+0000] {logging_mixin.py:190} INFO - [2025-05-19T16:03:55.820+0000] {dagbag.py:588} INFO - Filling up the DagBag from /home/airflow/.local/lib/python3.12/site-packages/airflow/example_dags/example_bash_decorator.py
[2025-05-19T16:03:55.829+0000] {processor.py:925} INFO - DAG(s) 'example_bash_decorator' retrieved from /home/airflow/.local/lib/python3.12/site-packages/airflow/example_dags/example_bash_decorator.py
[2025-05-19T16:03:55.841+0000] {logging_mixin.py:190} INFO - [2025-05-19T16:03:55.841+0000] {dag.py:3239} INFO - Sync 1 DAGs
[2025-05-19T16:03:55.849+0000] {logging_mixin.py:190} INFO - [2025-05-19T16:03:55.849+0000] {dag.py:4180} INFO - Setting next_dagrun for example_bash_decorator to None, run_after=None
[2025-05-19T16:03:55.861+0000] {processor.py:208} INFO - Processing /home/airflow/.local/lib/python3.12/site-packages/airflow/example_dags/example_bash_decorator.py took 0.065 seconds
[2025-05-19T16:04:26.522+0000] {processor.py:186} INFO - Started process (PID=1881) to work on /home/airflow/.local/lib/python3.12/site-packages/airflow/example_dags/example_bash_decorator.py
[2025-05-19T16:04:26.524+0000] {processor.py:914} INFO - Processing file /home/airflow/.local/lib/python3.12/site-packages/airflow/example_dags/example_bash_decorator.py for tasks to queue
[2025-05-19T16:04:26.525+0000] {logging_mixin.py:190} INFO - [2025-05-19T16:04:26.525+0000] {dagbag.py:588} INFO - Filling up the DagBag from /home/airflow/.local/lib/python3.12/site-packages/airflow/example_dags/example_bash_decorator.py
[2025-05-19T16:04:26.533+0000] {processor.py:925} INFO - DAG(s) 'example_bash_decorator' retrieved from /home/airflow/.local/lib/python3.12/site-packages/airflow/example_dags/example_bash_decorator.py
[2025-05-19T16:04:26.545+0000] {logging_mixin.py:190} INFO - [2025-05-19T16:04:26.544+0000] {dag.py:3239} INFO - Sync 1 DAGs
[2025-05-19T16:04:26.551+0000] {logging_mixin.py:190} INFO - [2025-05-19T16:04:26.551+0000] {dag.py:4180} INFO - Setting next_dagrun for example_bash_decorator to None, run_after=None
[2025-05-19T16:04:26.560+0000] {processor.py:208} INFO - Processing /home/airflow/.local/lib/python3.12/site-packages/airflow/example_dags/example_bash_decorator.py took 0.042 seconds
[2025-05-19T16:04:57.164+0000] {processor.py:186} INFO - Started process (PID=1938) to work on /home/airflow/.local/lib/python3.12/site-packages/airflow/example_dags/example_bash_decorator.py
[2025-05-19T16:04:57.165+0000] {processor.py:914} INFO - Processing file /home/airflow/.local/lib/python3.12/site-packages/airflow/example_dags/example_bash_decorator.py for tasks to queue
[2025-05-19T16:04:57.169+0000] {logging_mixin.py:190} INFO - [2025-05-19T16:04:57.169+0000] {dagbag.py:588} INFO - Filling up the DagBag from /home/airflow/.local/lib/python3.12/site-packages/airflow/example_dags/example_bash_decorator.py
[2025-05-19T16:04:57.176+0000] {processor.py:925} INFO - DAG(s) 'example_bash_decorator' retrieved from /home/airflow/.local/lib/python3.12/site-packages/airflow/example_dags/example_bash_decorator.py
[2025-05-19T16:04:57.192+0000] {logging_mixin.py:190} INFO - [2025-05-19T16:04:57.192+0000] {dag.py:3239} INFO - Sync 1 DAGs
[2025-05-19T16:04:57.199+0000] {logging_mixin.py:190} INFO - [2025-05-19T16:04:57.199+0000] {dag.py:4180} INFO - Setting next_dagrun for example_bash_decorator to None, run_after=None
[2025-05-19T16:04:57.210+0000] {processor.py:208} INFO - Processing /home/airflow/.local/lib/python3.12/site-packages/airflow/example_dags/example_bash_decorator.py took 0.050 seconds
