[2025-05-19T15:47:57.638+0000] {processor.py:186} INFO - Started process (PID=56) to work on /home/airflow/.local/lib/python3.12/site-packages/airflow/example_dags/example_latest_only.py
[2025-05-19T15:47:57.639+0000] {processor.py:914} INFO - Processing file /home/airflow/.local/lib/python3.12/site-packages/airflow/example_dags/example_latest_only.py for tasks to queue
[2025-05-19T15:47:57.641+0000] {logging_mixin.py:190} INFO - [2025-05-19T15:47:57.640+0000] {dagbag.py:588} INFO - Filling up the DagBag from /home/airflow/.local/lib/python3.12/site-packages/airflow/example_dags/example_latest_only.py
[2025-05-19T15:47:57.645+0000] {processor.py:925} INFO - DAG(s) 'latest_only' retrieved from /home/airflow/.local/lib/python3.12/site-packages/airflow/example_dags/example_latest_only.py
[2025-05-19T15:47:57.703+0000] {logging_mixin.py:190} INFO - [2025-05-19T15:47:57.703+0000] {override.py:1912} INFO - Created Permission View: can delete on DAG:latest_only
[2025-05-19T15:47:57.710+0000] {logging_mixin.py:190} INFO - [2025-05-19T15:47:57.710+0000] {override.py:1912} INFO - Created Permission View: can read on DAG:latest_only
[2025-05-19T15:47:57.714+0000] {logging_mixin.py:190} INFO - [2025-05-19T15:47:57.714+0000] {override.py:1912} INFO - Created Permission View: can edit on DAG:latest_only
[2025-05-19T15:47:57.717+0000] {logging_mixin.py:190} INFO - [2025-05-19T15:47:57.717+0000] {override.py:1912} INFO - Created Permission View: menu access on DAG Run:latest_only
[2025-05-19T15:47:57.721+0000] {logging_mixin.py:190} INFO - [2025-05-19T15:47:57.720+0000] {override.py:1912} INFO - Created Permission View: can create on DAG Run:latest_only
[2025-05-19T15:47:57.723+0000] {logging_mixin.py:190} INFO - [2025-05-19T15:47:57.723+0000] {override.py:1912} INFO - Created Permission View: can delete on DAG Run:latest_only
[2025-05-19T15:47:57.725+0000] {logging_mixin.py:190} INFO - [2025-05-19T15:47:57.725+0000] {override.py:1912} INFO - Created Permission View: can read on DAG Run:latest_only
[2025-05-19T15:47:57.725+0000] {logging_mixin.py:190} INFO - [2025-05-19T15:47:57.725+0000] {dag.py:3239} INFO - Sync 1 DAGs
[2025-05-19T15:47:57.732+0000] {logging_mixin.py:190} INFO - [2025-05-19T15:47:57.732+0000] {dag.py:3262} INFO - Creating ORM DAG for latest_only
[2025-05-19T15:47:57.736+0000] {logging_mixin.py:190} INFO - [2025-05-19T15:47:57.736+0000] {dag.py:4180} INFO - Setting next_dagrun for latest_only to 2025-05-19 08:00:00+00:00, run_after=2025-05-19 12:00:00+00:00
[2025-05-19T15:47:57.744+0000] {processor.py:208} INFO - Processing /home/airflow/.local/lib/python3.12/site-packages/airflow/example_dags/example_latest_only.py took 0.110 seconds
[2025-05-19T15:48:28.065+0000] {processor.py:186} INFO - Started process (PID=113) to work on /home/airflow/.local/lib/python3.12/site-packages/airflow/example_dags/example_latest_only.py
[2025-05-19T15:48:28.066+0000] {processor.py:914} INFO - Processing file /home/airflow/.local/lib/python3.12/site-packages/airflow/example_dags/example_latest_only.py for tasks to queue
[2025-05-19T15:48:28.068+0000] {logging_mixin.py:190} INFO - [2025-05-19T15:48:28.067+0000] {dagbag.py:588} INFO - Filling up the DagBag from /home/airflow/.local/lib/python3.12/site-packages/airflow/example_dags/example_latest_only.py
[2025-05-19T15:48:28.071+0000] {processor.py:925} INFO - DAG(s) 'latest_only' retrieved from /home/airflow/.local/lib/python3.12/site-packages/airflow/example_dags/example_latest_only.py
[2025-05-19T15:48:28.084+0000] {logging_mixin.py:190} INFO - [2025-05-19T15:48:28.084+0000] {dag.py:3239} INFO - Sync 1 DAGs
[2025-05-19T15:48:28.096+0000] {logging_mixin.py:190} INFO - [2025-05-19T15:48:28.096+0000] {dag.py:4180} INFO - Setting next_dagrun for latest_only to 2025-05-19 08:00:00+00:00, run_after=2025-05-19 12:00:00+00:00
[2025-05-19T15:48:28.105+0000] {processor.py:208} INFO - Processing /home/airflow/.local/lib/python3.12/site-packages/airflow/example_dags/example_latest_only.py took 0.042 seconds
[2025-05-19T15:48:58.851+0000] {processor.py:186} INFO - Started process (PID=169) to work on /home/airflow/.local/lib/python3.12/site-packages/airflow/example_dags/example_latest_only.py
[2025-05-19T15:48:58.852+0000] {processor.py:914} INFO - Processing file /home/airflow/.local/lib/python3.12/site-packages/airflow/example_dags/example_latest_only.py for tasks to queue
[2025-05-19T15:48:58.853+0000] {logging_mixin.py:190} INFO - [2025-05-19T15:48:58.853+0000] {dagbag.py:588} INFO - Filling up the DagBag from /home/airflow/.local/lib/python3.12/site-packages/airflow/example_dags/example_latest_only.py
[2025-05-19T15:48:58.858+0000] {processor.py:925} INFO - DAG(s) 'latest_only' retrieved from /home/airflow/.local/lib/python3.12/site-packages/airflow/example_dags/example_latest_only.py
[2025-05-19T15:48:58.868+0000] {logging_mixin.py:190} INFO - [2025-05-19T15:48:58.867+0000] {dag.py:3239} INFO - Sync 1 DAGs
[2025-05-19T15:48:58.880+0000] {logging_mixin.py:190} INFO - [2025-05-19T15:48:58.880+0000] {dag.py:4180} INFO - Setting next_dagrun for latest_only to 2025-05-19 08:00:00+00:00, run_after=2025-05-19 12:00:00+00:00
[2025-05-19T15:48:58.889+0000] {processor.py:208} INFO - Processing /home/airflow/.local/lib/python3.12/site-packages/airflow/example_dags/example_latest_only.py took 0.042 seconds
[2025-05-19T15:49:29.609+0000] {processor.py:186} INFO - Started process (PID=226) to work on /home/airflow/.local/lib/python3.12/site-packages/airflow/example_dags/example_latest_only.py
[2025-05-19T15:49:29.610+0000] {processor.py:914} INFO - Processing file /home/airflow/.local/lib/python3.12/site-packages/airflow/example_dags/example_latest_only.py for tasks to queue
[2025-05-19T15:49:29.611+0000] {logging_mixin.py:190} INFO - [2025-05-19T15:49:29.611+0000] {dagbag.py:588} INFO - Filling up the DagBag from /home/airflow/.local/lib/python3.12/site-packages/airflow/example_dags/example_latest_only.py
[2025-05-19T15:49:29.615+0000] {processor.py:925} INFO - DAG(s) 'latest_only' retrieved from /home/airflow/.local/lib/python3.12/site-packages/airflow/example_dags/example_latest_only.py
[2025-05-19T15:49:29.626+0000] {logging_mixin.py:190} INFO - [2025-05-19T15:49:29.626+0000] {dag.py:3239} INFO - Sync 1 DAGs
[2025-05-19T15:49:29.637+0000] {logging_mixin.py:190} INFO - [2025-05-19T15:49:29.637+0000] {dag.py:4180} INFO - Setting next_dagrun for latest_only to 2025-05-19 08:00:00+00:00, run_after=2025-05-19 12:00:00+00:00
[2025-05-19T15:49:29.646+0000] {processor.py:208} INFO - Processing /home/airflow/.local/lib/python3.12/site-packages/airflow/example_dags/example_latest_only.py took 0.039 seconds
[2025-05-19T15:50:00.520+0000] {processor.py:186} INFO - Started process (PID=283) to work on /home/airflow/.local/lib/python3.12/site-packages/airflow/example_dags/example_latest_only.py
[2025-05-19T15:50:00.521+0000] {processor.py:914} INFO - Processing file /home/airflow/.local/lib/python3.12/site-packages/airflow/example_dags/example_latest_only.py for tasks to queue
[2025-05-19T15:50:00.522+0000] {logging_mixin.py:190} INFO - [2025-05-19T15:50:00.522+0000] {dagbag.py:588} INFO - Filling up the DagBag from /home/airflow/.local/lib/python3.12/site-packages/airflow/example_dags/example_latest_only.py
[2025-05-19T15:50:00.526+0000] {processor.py:925} INFO - DAG(s) 'latest_only' retrieved from /home/airflow/.local/lib/python3.12/site-packages/airflow/example_dags/example_latest_only.py
[2025-05-19T15:50:00.537+0000] {logging_mixin.py:190} INFO - [2025-05-19T15:50:00.537+0000] {dag.py:3239} INFO - Sync 1 DAGs
[2025-05-19T15:50:00.547+0000] {logging_mixin.py:190} INFO - [2025-05-19T15:50:00.547+0000] {dag.py:4180} INFO - Setting next_dagrun for latest_only to 2025-05-19 08:00:00+00:00, run_after=2025-05-19 12:00:00+00:00
[2025-05-19T15:50:00.556+0000] {processor.py:208} INFO - Processing /home/airflow/.local/lib/python3.12/site-packages/airflow/example_dags/example_latest_only.py took 0.039 seconds
[2025-05-19T15:50:31.252+0000] {processor.py:186} INFO - Started process (PID=340) to work on /home/airflow/.local/lib/python3.12/site-packages/airflow/example_dags/example_latest_only.py
[2025-05-19T15:50:31.253+0000] {processor.py:914} INFO - Processing file /home/airflow/.local/lib/python3.12/site-packages/airflow/example_dags/example_latest_only.py for tasks to queue
[2025-05-19T15:50:31.255+0000] {logging_mixin.py:190} INFO - [2025-05-19T15:50:31.254+0000] {dagbag.py:588} INFO - Filling up the DagBag from /home/airflow/.local/lib/python3.12/site-packages/airflow/example_dags/example_latest_only.py
[2025-05-19T15:50:31.259+0000] {processor.py:925} INFO - DAG(s) 'latest_only' retrieved from /home/airflow/.local/lib/python3.12/site-packages/airflow/example_dags/example_latest_only.py
[2025-05-19T15:50:31.272+0000] {logging_mixin.py:190} INFO - [2025-05-19T15:50:31.272+0000] {dag.py:3239} INFO - Sync 1 DAGs
[2025-05-19T15:50:31.284+0000] {logging_mixin.py:190} INFO - [2025-05-19T15:50:31.283+0000] {dag.py:4180} INFO - Setting next_dagrun for latest_only to 2025-05-19 08:00:00+00:00, run_after=2025-05-19 12:00:00+00:00
[2025-05-19T15:50:31.292+0000] {processor.py:208} INFO - Processing /home/airflow/.local/lib/python3.12/site-packages/airflow/example_dags/example_latest_only.py took 0.043 seconds
[2025-05-19T15:51:01.873+0000] {processor.py:186} INFO - Started process (PID=397) to work on /home/airflow/.local/lib/python3.12/site-packages/airflow/example_dags/example_latest_only.py
[2025-05-19T15:51:01.873+0000] {processor.py:914} INFO - Processing file /home/airflow/.local/lib/python3.12/site-packages/airflow/example_dags/example_latest_only.py for tasks to queue
[2025-05-19T15:51:01.874+0000] {logging_mixin.py:190} INFO - [2025-05-19T15:51:01.874+0000] {dagbag.py:588} INFO - Filling up the DagBag from /home/airflow/.local/lib/python3.12/site-packages/airflow/example_dags/example_latest_only.py
[2025-05-19T15:51:01.879+0000] {processor.py:925} INFO - DAG(s) 'latest_only' retrieved from /home/airflow/.local/lib/python3.12/site-packages/airflow/example_dags/example_latest_only.py
[2025-05-19T15:51:01.890+0000] {logging_mixin.py:190} INFO - [2025-05-19T15:51:01.890+0000] {dag.py:3239} INFO - Sync 1 DAGs
[2025-05-19T15:51:01.903+0000] {logging_mixin.py:190} INFO - [2025-05-19T15:51:01.903+0000] {dag.py:4180} INFO - Setting next_dagrun for latest_only to 2025-05-19 08:00:00+00:00, run_after=2025-05-19 12:00:00+00:00
[2025-05-19T15:51:01.912+0000] {processor.py:208} INFO - Processing /home/airflow/.local/lib/python3.12/site-packages/airflow/example_dags/example_latest_only.py took 0.042 seconds
[2025-05-19T15:51:32.410+0000] {processor.py:186} INFO - Started process (PID=454) to work on /home/airflow/.local/lib/python3.12/site-packages/airflow/example_dags/example_latest_only.py
[2025-05-19T15:51:32.411+0000] {processor.py:914} INFO - Processing file /home/airflow/.local/lib/python3.12/site-packages/airflow/example_dags/example_latest_only.py for tasks to queue
[2025-05-19T15:51:32.412+0000] {logging_mixin.py:190} INFO - [2025-05-19T15:51:32.412+0000] {dagbag.py:588} INFO - Filling up the DagBag from /home/airflow/.local/lib/python3.12/site-packages/airflow/example_dags/example_latest_only.py
[2025-05-19T15:51:32.416+0000] {processor.py:925} INFO - DAG(s) 'latest_only' retrieved from /home/airflow/.local/lib/python3.12/site-packages/airflow/example_dags/example_latest_only.py
[2025-05-19T15:51:32.426+0000] {logging_mixin.py:190} INFO - [2025-05-19T15:51:32.426+0000] {dag.py:3239} INFO - Sync 1 DAGs
[2025-05-19T15:51:32.441+0000] {logging_mixin.py:190} INFO - [2025-05-19T15:51:32.441+0000] {dag.py:4180} INFO - Setting next_dagrun for latest_only to 2025-05-19 08:00:00+00:00, run_after=2025-05-19 12:00:00+00:00
[2025-05-19T15:51:32.450+0000] {processor.py:208} INFO - Processing /home/airflow/.local/lib/python3.12/site-packages/airflow/example_dags/example_latest_only.py took 0.043 seconds
[2025-05-19T15:52:03.185+0000] {processor.py:186} INFO - Started process (PID=511) to work on /home/airflow/.local/lib/python3.12/site-packages/airflow/example_dags/example_latest_only.py
[2025-05-19T15:52:03.186+0000] {processor.py:914} INFO - Processing file /home/airflow/.local/lib/python3.12/site-packages/airflow/example_dags/example_latest_only.py for tasks to queue
[2025-05-19T15:52:03.188+0000] {logging_mixin.py:190} INFO - [2025-05-19T15:52:03.188+0000] {dagbag.py:588} INFO - Filling up the DagBag from /home/airflow/.local/lib/python3.12/site-packages/airflow/example_dags/example_latest_only.py
[2025-05-19T15:52:03.192+0000] {processor.py:925} INFO - DAG(s) 'latest_only' retrieved from /home/airflow/.local/lib/python3.12/site-packages/airflow/example_dags/example_latest_only.py
[2025-05-19T15:52:03.203+0000] {logging_mixin.py:190} INFO - [2025-05-19T15:52:03.203+0000] {dag.py:3239} INFO - Sync 1 DAGs
[2025-05-19T15:52:03.216+0000] {logging_mixin.py:190} INFO - [2025-05-19T15:52:03.216+0000] {dag.py:4180} INFO - Setting next_dagrun for latest_only to 2025-05-19 08:00:00+00:00, run_after=2025-05-19 12:00:00+00:00
[2025-05-19T15:52:03.226+0000] {processor.py:208} INFO - Processing /home/airflow/.local/lib/python3.12/site-packages/airflow/example_dags/example_latest_only.py took 0.044 seconds
[2025-05-19T15:52:34.316+0000] {processor.py:186} INFO - Started process (PID=569) to work on /home/airflow/.local/lib/python3.12/site-packages/airflow/example_dags/example_latest_only.py
[2025-05-19T15:52:34.317+0000] {processor.py:914} INFO - Processing file /home/airflow/.local/lib/python3.12/site-packages/airflow/example_dags/example_latest_only.py for tasks to queue
[2025-05-19T15:52:34.318+0000] {logging_mixin.py:190} INFO - [2025-05-19T15:52:34.318+0000] {dagbag.py:588} INFO - Filling up the DagBag from /home/airflow/.local/lib/python3.12/site-packages/airflow/example_dags/example_latest_only.py
[2025-05-19T15:52:34.322+0000] {processor.py:925} INFO - DAG(s) 'latest_only' retrieved from /home/airflow/.local/lib/python3.12/site-packages/airflow/example_dags/example_latest_only.py
[2025-05-19T15:52:34.334+0000] {logging_mixin.py:190} INFO - [2025-05-19T15:52:34.334+0000] {dag.py:3239} INFO - Sync 1 DAGs
[2025-05-19T15:52:34.346+0000] {logging_mixin.py:190} INFO - [2025-05-19T15:52:34.346+0000] {dag.py:4180} INFO - Setting next_dagrun for latest_only to 2025-05-19 08:00:00+00:00, run_after=2025-05-19 12:00:00+00:00
[2025-05-19T15:52:34.355+0000] {processor.py:208} INFO - Processing /home/airflow/.local/lib/python3.12/site-packages/airflow/example_dags/example_latest_only.py took 0.041 seconds
[2025-05-19T15:53:04.788+0000] {processor.py:186} INFO - Started process (PID=626) to work on /home/airflow/.local/lib/python3.12/site-packages/airflow/example_dags/example_latest_only.py
[2025-05-19T15:53:04.792+0000] {processor.py:914} INFO - Processing file /home/airflow/.local/lib/python3.12/site-packages/airflow/example_dags/example_latest_only.py for tasks to queue
[2025-05-19T15:53:04.793+0000] {logging_mixin.py:190} INFO - [2025-05-19T15:53:04.793+0000] {dagbag.py:588} INFO - Filling up the DagBag from /home/airflow/.local/lib/python3.12/site-packages/airflow/example_dags/example_latest_only.py
[2025-05-19T15:53:04.797+0000] {processor.py:925} INFO - DAG(s) 'latest_only' retrieved from /home/airflow/.local/lib/python3.12/site-packages/airflow/example_dags/example_latest_only.py
[2025-05-19T15:53:04.808+0000] {logging_mixin.py:190} INFO - [2025-05-19T15:53:04.808+0000] {dag.py:3239} INFO - Sync 1 DAGs
[2025-05-19T15:53:04.820+0000] {logging_mixin.py:190} INFO - [2025-05-19T15:53:04.819+0000] {dag.py:4180} INFO - Setting next_dagrun for latest_only to 2025-05-19 08:00:00+00:00, run_after=2025-05-19 12:00:00+00:00
[2025-05-19T15:53:04.828+0000] {processor.py:208} INFO - Processing /home/airflow/.local/lib/python3.12/site-packages/airflow/example_dags/example_latest_only.py took 0.043 seconds
[2025-05-19T15:53:35.825+0000] {processor.py:186} INFO - Started process (PID=683) to work on /home/airflow/.local/lib/python3.12/site-packages/airflow/example_dags/example_latest_only.py
[2025-05-19T15:53:35.827+0000] {processor.py:914} INFO - Processing file /home/airflow/.local/lib/python3.12/site-packages/airflow/example_dags/example_latest_only.py for tasks to queue
[2025-05-19T15:53:35.828+0000] {logging_mixin.py:190} INFO - [2025-05-19T15:53:35.828+0000] {dagbag.py:588} INFO - Filling up the DagBag from /home/airflow/.local/lib/python3.12/site-packages/airflow/example_dags/example_latest_only.py
[2025-05-19T15:53:35.832+0000] {processor.py:925} INFO - DAG(s) 'latest_only' retrieved from /home/airflow/.local/lib/python3.12/site-packages/airflow/example_dags/example_latest_only.py
[2025-05-19T15:53:35.842+0000] {logging_mixin.py:190} INFO - [2025-05-19T15:53:35.842+0000] {dag.py:3239} INFO - Sync 1 DAGs
[2025-05-19T15:53:35.854+0000] {logging_mixin.py:190} INFO - [2025-05-19T15:53:35.854+0000] {dag.py:4180} INFO - Setting next_dagrun for latest_only to 2025-05-19 08:00:00+00:00, run_after=2025-05-19 12:00:00+00:00
[2025-05-19T15:53:35.862+0000] {processor.py:208} INFO - Processing /home/airflow/.local/lib/python3.12/site-packages/airflow/example_dags/example_latest_only.py took 0.040 seconds
[2025-05-19T15:54:07.096+0000] {processor.py:186} INFO - Started process (PID=740) to work on /home/airflow/.local/lib/python3.12/site-packages/airflow/example_dags/example_latest_only.py
[2025-05-19T15:54:07.097+0000] {processor.py:914} INFO - Processing file /home/airflow/.local/lib/python3.12/site-packages/airflow/example_dags/example_latest_only.py for tasks to queue
[2025-05-19T15:54:07.098+0000] {logging_mixin.py:190} INFO - [2025-05-19T15:54:07.098+0000] {dagbag.py:588} INFO - Filling up the DagBag from /home/airflow/.local/lib/python3.12/site-packages/airflow/example_dags/example_latest_only.py
[2025-05-19T15:54:07.103+0000] {processor.py:925} INFO - DAG(s) 'latest_only' retrieved from /home/airflow/.local/lib/python3.12/site-packages/airflow/example_dags/example_latest_only.py
[2025-05-19T15:54:07.117+0000] {logging_mixin.py:190} INFO - [2025-05-19T15:54:07.117+0000] {dag.py:3239} INFO - Sync 1 DAGs
[2025-05-19T15:54:07.129+0000] {logging_mixin.py:190} INFO - [2025-05-19T15:54:07.129+0000] {dag.py:4180} INFO - Setting next_dagrun for latest_only to 2025-05-19 08:00:00+00:00, run_after=2025-05-19 12:00:00+00:00
[2025-05-19T15:54:07.139+0000] {processor.py:208} INFO - Processing /home/airflow/.local/lib/python3.12/site-packages/airflow/example_dags/example_latest_only.py took 0.047 seconds
[2025-05-19T15:54:38.303+0000] {processor.py:186} INFO - Started process (PID=797) to work on /home/airflow/.local/lib/python3.12/site-packages/airflow/example_dags/example_latest_only.py
[2025-05-19T15:54:38.304+0000] {processor.py:914} INFO - Processing file /home/airflow/.local/lib/python3.12/site-packages/airflow/example_dags/example_latest_only.py for tasks to queue
[2025-05-19T15:54:38.305+0000] {logging_mixin.py:190} INFO - [2025-05-19T15:54:38.305+0000] {dagbag.py:588} INFO - Filling up the DagBag from /home/airflow/.local/lib/python3.12/site-packages/airflow/example_dags/example_latest_only.py
[2025-05-19T15:54:38.310+0000] {processor.py:925} INFO - DAG(s) 'latest_only' retrieved from /home/airflow/.local/lib/python3.12/site-packages/airflow/example_dags/example_latest_only.py
[2025-05-19T15:54:38.322+0000] {logging_mixin.py:190} INFO - [2025-05-19T15:54:38.322+0000] {dag.py:3239} INFO - Sync 1 DAGs
[2025-05-19T15:54:38.335+0000] {logging_mixin.py:190} INFO - [2025-05-19T15:54:38.335+0000] {dag.py:4180} INFO - Setting next_dagrun for latest_only to 2025-05-19 08:00:00+00:00, run_after=2025-05-19 12:00:00+00:00
[2025-05-19T15:54:38.349+0000] {processor.py:208} INFO - Processing /home/airflow/.local/lib/python3.12/site-packages/airflow/example_dags/example_latest_only.py took 0.050 seconds
[2025-05-19T15:55:09.711+0000] {processor.py:186} INFO - Started process (PID=854) to work on /home/airflow/.local/lib/python3.12/site-packages/airflow/example_dags/example_latest_only.py
[2025-05-19T15:55:09.712+0000] {processor.py:914} INFO - Processing file /home/airflow/.local/lib/python3.12/site-packages/airflow/example_dags/example_latest_only.py for tasks to queue
[2025-05-19T15:55:09.714+0000] {logging_mixin.py:190} INFO - [2025-05-19T15:55:09.714+0000] {dagbag.py:588} INFO - Filling up the DagBag from /home/airflow/.local/lib/python3.12/site-packages/airflow/example_dags/example_latest_only.py
[2025-05-19T15:55:09.718+0000] {processor.py:925} INFO - DAG(s) 'latest_only' retrieved from /home/airflow/.local/lib/python3.12/site-packages/airflow/example_dags/example_latest_only.py
[2025-05-19T15:55:09.730+0000] {logging_mixin.py:190} INFO - [2025-05-19T15:55:09.729+0000] {dag.py:3239} INFO - Sync 1 DAGs
[2025-05-19T15:55:09.741+0000] {logging_mixin.py:190} INFO - [2025-05-19T15:55:09.741+0000] {dag.py:4180} INFO - Setting next_dagrun for latest_only to 2025-05-19 08:00:00+00:00, run_after=2025-05-19 12:00:00+00:00
[2025-05-19T15:55:09.751+0000] {processor.py:208} INFO - Processing /home/airflow/.local/lib/python3.12/site-packages/airflow/example_dags/example_latest_only.py took 0.043 seconds
[2025-05-19T15:55:40.615+0000] {processor.py:186} INFO - Started process (PID=911) to work on /home/airflow/.local/lib/python3.12/site-packages/airflow/example_dags/example_latest_only.py
[2025-05-19T15:55:40.616+0000] {processor.py:914} INFO - Processing file /home/airflow/.local/lib/python3.12/site-packages/airflow/example_dags/example_latest_only.py for tasks to queue
[2025-05-19T15:55:40.618+0000] {logging_mixin.py:190} INFO - [2025-05-19T15:55:40.617+0000] {dagbag.py:588} INFO - Filling up the DagBag from /home/airflow/.local/lib/python3.12/site-packages/airflow/example_dags/example_latest_only.py
[2025-05-19T15:55:40.622+0000] {processor.py:925} INFO - DAG(s) 'latest_only' retrieved from /home/airflow/.local/lib/python3.12/site-packages/airflow/example_dags/example_latest_only.py
[2025-05-19T15:55:40.632+0000] {logging_mixin.py:190} INFO - [2025-05-19T15:55:40.632+0000] {dag.py:3239} INFO - Sync 1 DAGs
[2025-05-19T15:55:40.643+0000] {logging_mixin.py:190} INFO - [2025-05-19T15:55:40.643+0000] {dag.py:4180} INFO - Setting next_dagrun for latest_only to 2025-05-19 08:00:00+00:00, run_after=2025-05-19 12:00:00+00:00
[2025-05-19T15:55:40.661+0000] {processor.py:208} INFO - Processing /home/airflow/.local/lib/python3.12/site-packages/airflow/example_dags/example_latest_only.py took 0.050 seconds
[2025-05-19T15:56:11.694+0000] {processor.py:186} INFO - Started process (PID=968) to work on /home/airflow/.local/lib/python3.12/site-packages/airflow/example_dags/example_latest_only.py
[2025-05-19T15:56:11.695+0000] {processor.py:914} INFO - Processing file /home/airflow/.local/lib/python3.12/site-packages/airflow/example_dags/example_latest_only.py for tasks to queue
[2025-05-19T15:56:11.698+0000] {logging_mixin.py:190} INFO - [2025-05-19T15:56:11.697+0000] {dagbag.py:588} INFO - Filling up the DagBag from /home/airflow/.local/lib/python3.12/site-packages/airflow/example_dags/example_latest_only.py
[2025-05-19T15:56:11.703+0000] {processor.py:925} INFO - DAG(s) 'latest_only' retrieved from /home/airflow/.local/lib/python3.12/site-packages/airflow/example_dags/example_latest_only.py
[2025-05-19T15:56:11.717+0000] {logging_mixin.py:190} INFO - [2025-05-19T15:56:11.717+0000] {dag.py:3239} INFO - Sync 1 DAGs
[2025-05-19T15:56:11.729+0000] {logging_mixin.py:190} INFO - [2025-05-19T15:56:11.729+0000] {dag.py:4180} INFO - Setting next_dagrun for latest_only to 2025-05-19 08:00:00+00:00, run_after=2025-05-19 12:00:00+00:00
[2025-05-19T15:56:11.740+0000] {processor.py:208} INFO - Processing /home/airflow/.local/lib/python3.12/site-packages/airflow/example_dags/example_latest_only.py took 0.050 seconds
[2025-05-19T15:56:42.611+0000] {processor.py:186} INFO - Started process (PID=1025) to work on /home/airflow/.local/lib/python3.12/site-packages/airflow/example_dags/example_latest_only.py
[2025-05-19T15:56:42.612+0000] {processor.py:914} INFO - Processing file /home/airflow/.local/lib/python3.12/site-packages/airflow/example_dags/example_latest_only.py for tasks to queue
[2025-05-19T15:56:42.613+0000] {logging_mixin.py:190} INFO - [2025-05-19T15:56:42.613+0000] {dagbag.py:588} INFO - Filling up the DagBag from /home/airflow/.local/lib/python3.12/site-packages/airflow/example_dags/example_latest_only.py
[2025-05-19T15:56:42.617+0000] {processor.py:925} INFO - DAG(s) 'latest_only' retrieved from /home/airflow/.local/lib/python3.12/site-packages/airflow/example_dags/example_latest_only.py
[2025-05-19T15:56:42.628+0000] {logging_mixin.py:190} INFO - [2025-05-19T15:56:42.628+0000] {dag.py:3239} INFO - Sync 1 DAGs
[2025-05-19T15:56:42.639+0000] {logging_mixin.py:190} INFO - [2025-05-19T15:56:42.639+0000] {dag.py:4180} INFO - Setting next_dagrun for latest_only to 2025-05-19 08:00:00+00:00, run_after=2025-05-19 12:00:00+00:00
[2025-05-19T15:56:42.648+0000] {processor.py:208} INFO - Processing /home/airflow/.local/lib/python3.12/site-packages/airflow/example_dags/example_latest_only.py took 0.039 seconds
[2025-05-19T15:57:13.608+0000] {processor.py:186} INFO - Started process (PID=1082) to work on /home/airflow/.local/lib/python3.12/site-packages/airflow/example_dags/example_latest_only.py
[2025-05-19T15:57:13.609+0000] {processor.py:914} INFO - Processing file /home/airflow/.local/lib/python3.12/site-packages/airflow/example_dags/example_latest_only.py for tasks to queue
[2025-05-19T15:57:13.611+0000] {logging_mixin.py:190} INFO - [2025-05-19T15:57:13.611+0000] {dagbag.py:588} INFO - Filling up the DagBag from /home/airflow/.local/lib/python3.12/site-packages/airflow/example_dags/example_latest_only.py
[2025-05-19T15:57:13.616+0000] {processor.py:925} INFO - DAG(s) 'latest_only' retrieved from /home/airflow/.local/lib/python3.12/site-packages/airflow/example_dags/example_latest_only.py
[2025-05-19T15:57:13.628+0000] {logging_mixin.py:190} INFO - [2025-05-19T15:57:13.627+0000] {dag.py:3239} INFO - Sync 1 DAGs
[2025-05-19T15:57:13.639+0000] {logging_mixin.py:190} INFO - [2025-05-19T15:57:13.639+0000] {dag.py:4180} INFO - Setting next_dagrun for latest_only to 2025-05-19 08:00:00+00:00, run_after=2025-05-19 12:00:00+00:00
[2025-05-19T15:57:13.650+0000] {processor.py:208} INFO - Processing /home/airflow/.local/lib/python3.12/site-packages/airflow/example_dags/example_latest_only.py took 0.045 seconds
[2025-05-19T15:57:44.521+0000] {processor.py:186} INFO - Started process (PID=1139) to work on /home/airflow/.local/lib/python3.12/site-packages/airflow/example_dags/example_latest_only.py
[2025-05-19T15:57:44.523+0000] {processor.py:914} INFO - Processing file /home/airflow/.local/lib/python3.12/site-packages/airflow/example_dags/example_latest_only.py for tasks to queue
[2025-05-19T15:57:44.524+0000] {logging_mixin.py:190} INFO - [2025-05-19T15:57:44.524+0000] {dagbag.py:588} INFO - Filling up the DagBag from /home/airflow/.local/lib/python3.12/site-packages/airflow/example_dags/example_latest_only.py
[2025-05-19T15:57:44.530+0000] {processor.py:925} INFO - DAG(s) 'latest_only' retrieved from /home/airflow/.local/lib/python3.12/site-packages/airflow/example_dags/example_latest_only.py
[2025-05-19T15:57:44.546+0000] {logging_mixin.py:190} INFO - [2025-05-19T15:57:44.546+0000] {dag.py:3239} INFO - Sync 1 DAGs
[2025-05-19T15:57:44.561+0000] {logging_mixin.py:190} INFO - [2025-05-19T15:57:44.561+0000] {dag.py:4180} INFO - Setting next_dagrun for latest_only to 2025-05-19 08:00:00+00:00, run_after=2025-05-19 12:00:00+00:00
[2025-05-19T15:57:44.573+0000] {processor.py:208} INFO - Processing /home/airflow/.local/lib/python3.12/site-packages/airflow/example_dags/example_latest_only.py took 0.055 seconds
[2025-05-19T15:58:15.490+0000] {processor.py:186} INFO - Started process (PID=1196) to work on /home/airflow/.local/lib/python3.12/site-packages/airflow/example_dags/example_latest_only.py
[2025-05-19T15:58:15.492+0000] {processor.py:914} INFO - Processing file /home/airflow/.local/lib/python3.12/site-packages/airflow/example_dags/example_latest_only.py for tasks to queue
[2025-05-19T15:58:15.493+0000] {logging_mixin.py:190} INFO - [2025-05-19T15:58:15.493+0000] {dagbag.py:588} INFO - Filling up the DagBag from /home/airflow/.local/lib/python3.12/site-packages/airflow/example_dags/example_latest_only.py
[2025-05-19T15:58:15.498+0000] {processor.py:925} INFO - DAG(s) 'latest_only' retrieved from /home/airflow/.local/lib/python3.12/site-packages/airflow/example_dags/example_latest_only.py
[2025-05-19T15:58:15.510+0000] {logging_mixin.py:190} INFO - [2025-05-19T15:58:15.509+0000] {dag.py:3239} INFO - Sync 1 DAGs
[2025-05-19T15:58:15.522+0000] {logging_mixin.py:190} INFO - [2025-05-19T15:58:15.522+0000] {dag.py:4180} INFO - Setting next_dagrun for latest_only to 2025-05-19 08:00:00+00:00, run_after=2025-05-19 12:00:00+00:00
[2025-05-19T15:58:15.536+0000] {processor.py:208} INFO - Processing /home/airflow/.local/lib/python3.12/site-packages/airflow/example_dags/example_latest_only.py took 0.050 seconds
[2025-05-19T15:58:46.206+0000] {processor.py:186} INFO - Started process (PID=1253) to work on /home/airflow/.local/lib/python3.12/site-packages/airflow/example_dags/example_latest_only.py
[2025-05-19T15:58:46.207+0000] {processor.py:914} INFO - Processing file /home/airflow/.local/lib/python3.12/site-packages/airflow/example_dags/example_latest_only.py for tasks to queue
[2025-05-19T15:58:46.208+0000] {logging_mixin.py:190} INFO - [2025-05-19T15:58:46.208+0000] {dagbag.py:588} INFO - Filling up the DagBag from /home/airflow/.local/lib/python3.12/site-packages/airflow/example_dags/example_latest_only.py
[2025-05-19T15:58:46.212+0000] {processor.py:925} INFO - DAG(s) 'latest_only' retrieved from /home/airflow/.local/lib/python3.12/site-packages/airflow/example_dags/example_latest_only.py
[2025-05-19T15:58:46.225+0000] {logging_mixin.py:190} INFO - [2025-05-19T15:58:46.224+0000] {dag.py:3239} INFO - Sync 1 DAGs
[2025-05-19T15:58:46.240+0000] {logging_mixin.py:190} INFO - [2025-05-19T15:58:46.240+0000] {dag.py:4180} INFO - Setting next_dagrun for latest_only to 2025-05-19 08:00:00+00:00, run_after=2025-05-19 12:00:00+00:00
[2025-05-19T15:58:46.251+0000] {processor.py:208} INFO - Processing /home/airflow/.local/lib/python3.12/site-packages/airflow/example_dags/example_latest_only.py took 0.048 seconds
[2025-05-19T15:59:17.214+0000] {processor.py:186} INFO - Started process (PID=1310) to work on /home/airflow/.local/lib/python3.12/site-packages/airflow/example_dags/example_latest_only.py
[2025-05-19T15:59:17.215+0000] {processor.py:914} INFO - Processing file /home/airflow/.local/lib/python3.12/site-packages/airflow/example_dags/example_latest_only.py for tasks to queue
[2025-05-19T15:59:17.216+0000] {logging_mixin.py:190} INFO - [2025-05-19T15:59:17.216+0000] {dagbag.py:588} INFO - Filling up the DagBag from /home/airflow/.local/lib/python3.12/site-packages/airflow/example_dags/example_latest_only.py
[2025-05-19T15:59:17.220+0000] {processor.py:925} INFO - DAG(s) 'latest_only' retrieved from /home/airflow/.local/lib/python3.12/site-packages/airflow/example_dags/example_latest_only.py
[2025-05-19T15:59:17.232+0000] {logging_mixin.py:190} INFO - [2025-05-19T15:59:17.232+0000] {dag.py:3239} INFO - Sync 1 DAGs
[2025-05-19T15:59:17.246+0000] {logging_mixin.py:190} INFO - [2025-05-19T15:59:17.245+0000] {dag.py:4180} INFO - Setting next_dagrun for latest_only to 2025-05-19 08:00:00+00:00, run_after=2025-05-19 12:00:00+00:00
[2025-05-19T15:59:17.256+0000] {processor.py:208} INFO - Processing /home/airflow/.local/lib/python3.12/site-packages/airflow/example_dags/example_latest_only.py took 0.046 seconds
[2025-05-19T15:59:48.218+0000] {processor.py:186} INFO - Started process (PID=1367) to work on /home/airflow/.local/lib/python3.12/site-packages/airflow/example_dags/example_latest_only.py
[2025-05-19T15:59:48.219+0000] {processor.py:914} INFO - Processing file /home/airflow/.local/lib/python3.12/site-packages/airflow/example_dags/example_latest_only.py for tasks to queue
[2025-05-19T15:59:48.221+0000] {logging_mixin.py:190} INFO - [2025-05-19T15:59:48.221+0000] {dagbag.py:588} INFO - Filling up the DagBag from /home/airflow/.local/lib/python3.12/site-packages/airflow/example_dags/example_latest_only.py
[2025-05-19T15:59:48.226+0000] {processor.py:925} INFO - DAG(s) 'latest_only' retrieved from /home/airflow/.local/lib/python3.12/site-packages/airflow/example_dags/example_latest_only.py
[2025-05-19T15:59:48.236+0000] {logging_mixin.py:190} INFO - [2025-05-19T15:59:48.236+0000] {dag.py:3239} INFO - Sync 1 DAGs
[2025-05-19T15:59:48.248+0000] {logging_mixin.py:190} INFO - [2025-05-19T15:59:48.248+0000] {dag.py:4180} INFO - Setting next_dagrun for latest_only to 2025-05-19 08:00:00+00:00, run_after=2025-05-19 12:00:00+00:00
[2025-05-19T15:59:48.258+0000] {processor.py:208} INFO - Processing /home/airflow/.local/lib/python3.12/site-packages/airflow/example_dags/example_latest_only.py took 0.043 seconds
[2025-05-19T16:00:19.100+0000] {processor.py:186} INFO - Started process (PID=1424) to work on /home/airflow/.local/lib/python3.12/site-packages/airflow/example_dags/example_latest_only.py
[2025-05-19T16:00:19.101+0000] {processor.py:914} INFO - Processing file /home/airflow/.local/lib/python3.12/site-packages/airflow/example_dags/example_latest_only.py for tasks to queue
[2025-05-19T16:00:19.102+0000] {logging_mixin.py:190} INFO - [2025-05-19T16:00:19.102+0000] {dagbag.py:588} INFO - Filling up the DagBag from /home/airflow/.local/lib/python3.12/site-packages/airflow/example_dags/example_latest_only.py
[2025-05-19T16:00:19.106+0000] {processor.py:925} INFO - DAG(s) 'latest_only' retrieved from /home/airflow/.local/lib/python3.12/site-packages/airflow/example_dags/example_latest_only.py
[2025-05-19T16:00:19.119+0000] {logging_mixin.py:190} INFO - [2025-05-19T16:00:19.119+0000] {dag.py:3239} INFO - Sync 1 DAGs
[2025-05-19T16:00:19.131+0000] {logging_mixin.py:190} INFO - [2025-05-19T16:00:19.131+0000] {dag.py:4180} INFO - Setting next_dagrun for latest_only to 2025-05-19 12:00:00+00:00, run_after=2025-05-19 16:00:00+00:00
[2025-05-19T16:00:19.141+0000] {processor.py:208} INFO - Processing /home/airflow/.local/lib/python3.12/site-packages/airflow/example_dags/example_latest_only.py took 0.044 seconds
[2025-05-19T16:00:50.256+0000] {processor.py:186} INFO - Started process (PID=1481) to work on /home/airflow/.local/lib/python3.12/site-packages/airflow/example_dags/example_latest_only.py
[2025-05-19T16:00:50.257+0000] {processor.py:914} INFO - Processing file /home/airflow/.local/lib/python3.12/site-packages/airflow/example_dags/example_latest_only.py for tasks to queue
[2025-05-19T16:00:50.259+0000] {logging_mixin.py:190} INFO - [2025-05-19T16:00:50.259+0000] {dagbag.py:588} INFO - Filling up the DagBag from /home/airflow/.local/lib/python3.12/site-packages/airflow/example_dags/example_latest_only.py
[2025-05-19T16:00:50.264+0000] {processor.py:925} INFO - DAG(s) 'latest_only' retrieved from /home/airflow/.local/lib/python3.12/site-packages/airflow/example_dags/example_latest_only.py
[2025-05-19T16:00:50.275+0000] {logging_mixin.py:190} INFO - [2025-05-19T16:00:50.275+0000] {dag.py:3239} INFO - Sync 1 DAGs
[2025-05-19T16:00:50.292+0000] {logging_mixin.py:190} INFO - [2025-05-19T16:00:50.292+0000] {dag.py:4180} INFO - Setting next_dagrun for latest_only to 2025-05-19 12:00:00+00:00, run_after=2025-05-19 16:00:00+00:00
[2025-05-19T16:00:50.304+0000] {processor.py:208} INFO - Processing /home/airflow/.local/lib/python3.12/site-packages/airflow/example_dags/example_latest_only.py took 0.051 seconds
[2025-05-19T16:01:21.227+0000] {processor.py:186} INFO - Started process (PID=1538) to work on /home/airflow/.local/lib/python3.12/site-packages/airflow/example_dags/example_latest_only.py
[2025-05-19T16:01:21.227+0000] {processor.py:914} INFO - Processing file /home/airflow/.local/lib/python3.12/site-packages/airflow/example_dags/example_latest_only.py for tasks to queue
[2025-05-19T16:01:21.230+0000] {logging_mixin.py:190} INFO - [2025-05-19T16:01:21.230+0000] {dagbag.py:588} INFO - Filling up the DagBag from /home/airflow/.local/lib/python3.12/site-packages/airflow/example_dags/example_latest_only.py
[2025-05-19T16:01:21.235+0000] {processor.py:925} INFO - DAG(s) 'latest_only' retrieved from /home/airflow/.local/lib/python3.12/site-packages/airflow/example_dags/example_latest_only.py
[2025-05-19T16:01:21.245+0000] {logging_mixin.py:190} INFO - [2025-05-19T16:01:21.245+0000] {dag.py:3239} INFO - Sync 1 DAGs
[2025-05-19T16:01:21.257+0000] {logging_mixin.py:190} INFO - [2025-05-19T16:01:21.257+0000] {dag.py:4180} INFO - Setting next_dagrun for latest_only to 2025-05-19 12:00:00+00:00, run_after=2025-05-19 16:00:00+00:00
[2025-05-19T16:01:21.266+0000] {processor.py:208} INFO - Processing /home/airflow/.local/lib/python3.12/site-packages/airflow/example_dags/example_latest_only.py took 0.043 seconds
[2025-05-19T16:01:52.131+0000] {processor.py:186} INFO - Started process (PID=1595) to work on /home/airflow/.local/lib/python3.12/site-packages/airflow/example_dags/example_latest_only.py
[2025-05-19T16:01:52.132+0000] {processor.py:914} INFO - Processing file /home/airflow/.local/lib/python3.12/site-packages/airflow/example_dags/example_latest_only.py for tasks to queue
[2025-05-19T16:01:52.133+0000] {logging_mixin.py:190} INFO - [2025-05-19T16:01:52.133+0000] {dagbag.py:588} INFO - Filling up the DagBag from /home/airflow/.local/lib/python3.12/site-packages/airflow/example_dags/example_latest_only.py
[2025-05-19T16:01:52.138+0000] {processor.py:925} INFO - DAG(s) 'latest_only' retrieved from /home/airflow/.local/lib/python3.12/site-packages/airflow/example_dags/example_latest_only.py
[2025-05-19T16:01:52.148+0000] {logging_mixin.py:190} INFO - [2025-05-19T16:01:52.148+0000] {dag.py:3239} INFO - Sync 1 DAGs
[2025-05-19T16:01:52.159+0000] {logging_mixin.py:190} INFO - [2025-05-19T16:01:52.159+0000] {dag.py:4180} INFO - Setting next_dagrun for latest_only to 2025-05-19 12:00:00+00:00, run_after=2025-05-19 16:00:00+00:00
[2025-05-19T16:01:52.171+0000] {processor.py:208} INFO - Processing /home/airflow/.local/lib/python3.12/site-packages/airflow/example_dags/example_latest_only.py took 0.043 seconds
[2025-05-19T16:02:22.854+0000] {processor.py:186} INFO - Started process (PID=1652) to work on /home/airflow/.local/lib/python3.12/site-packages/airflow/example_dags/example_latest_only.py
[2025-05-19T16:02:22.854+0000] {processor.py:914} INFO - Processing file /home/airflow/.local/lib/python3.12/site-packages/airflow/example_dags/example_latest_only.py for tasks to queue
[2025-05-19T16:02:22.857+0000] {logging_mixin.py:190} INFO - [2025-05-19T16:02:22.857+0000] {dagbag.py:588} INFO - Filling up the DagBag from /home/airflow/.local/lib/python3.12/site-packages/airflow/example_dags/example_latest_only.py
[2025-05-19T16:02:22.862+0000] {processor.py:925} INFO - DAG(s) 'latest_only' retrieved from /home/airflow/.local/lib/python3.12/site-packages/airflow/example_dags/example_latest_only.py
[2025-05-19T16:02:22.873+0000] {logging_mixin.py:190} INFO - [2025-05-19T16:02:22.873+0000] {dag.py:3239} INFO - Sync 1 DAGs
[2025-05-19T16:02:22.884+0000] {logging_mixin.py:190} INFO - [2025-05-19T16:02:22.884+0000] {dag.py:4180} INFO - Setting next_dagrun for latest_only to 2025-05-19 12:00:00+00:00, run_after=2025-05-19 16:00:00+00:00
[2025-05-19T16:02:22.894+0000] {processor.py:208} INFO - Processing /home/airflow/.local/lib/python3.12/site-packages/airflow/example_dags/example_latest_only.py took 0.043 seconds
[2025-05-19T16:02:53.875+0000] {processor.py:186} INFO - Started process (PID=1709) to work on /home/airflow/.local/lib/python3.12/site-packages/airflow/example_dags/example_latest_only.py
[2025-05-19T16:02:53.876+0000] {processor.py:914} INFO - Processing file /home/airflow/.local/lib/python3.12/site-packages/airflow/example_dags/example_latest_only.py for tasks to queue
[2025-05-19T16:02:53.878+0000] {logging_mixin.py:190} INFO - [2025-05-19T16:02:53.878+0000] {dagbag.py:588} INFO - Filling up the DagBag from /home/airflow/.local/lib/python3.12/site-packages/airflow/example_dags/example_latest_only.py
[2025-05-19T16:02:53.882+0000] {processor.py:925} INFO - DAG(s) 'latest_only' retrieved from /home/airflow/.local/lib/python3.12/site-packages/airflow/example_dags/example_latest_only.py
[2025-05-19T16:02:53.894+0000] {logging_mixin.py:190} INFO - [2025-05-19T16:02:53.894+0000] {dag.py:3239} INFO - Sync 1 DAGs
[2025-05-19T16:02:53.907+0000] {logging_mixin.py:190} INFO - [2025-05-19T16:02:53.907+0000] {dag.py:4180} INFO - Setting next_dagrun for latest_only to 2025-05-19 12:00:00+00:00, run_after=2025-05-19 16:00:00+00:00
[2025-05-19T16:02:53.917+0000] {processor.py:208} INFO - Processing /home/airflow/.local/lib/python3.12/site-packages/airflow/example_dags/example_latest_only.py took 0.045 seconds
[2025-05-19T16:03:24.861+0000] {processor.py:186} INFO - Started process (PID=1766) to work on /home/airflow/.local/lib/python3.12/site-packages/airflow/example_dags/example_latest_only.py
[2025-05-19T16:03:24.861+0000] {processor.py:914} INFO - Processing file /home/airflow/.local/lib/python3.12/site-packages/airflow/example_dags/example_latest_only.py for tasks to queue
[2025-05-19T16:03:24.863+0000] {logging_mixin.py:190} INFO - [2025-05-19T16:03:24.863+0000] {dagbag.py:588} INFO - Filling up the DagBag from /home/airflow/.local/lib/python3.12/site-packages/airflow/example_dags/example_latest_only.py
[2025-05-19T16:03:24.868+0000] {processor.py:925} INFO - DAG(s) 'latest_only' retrieved from /home/airflow/.local/lib/python3.12/site-packages/airflow/example_dags/example_latest_only.py
[2025-05-19T16:03:24.879+0000] {logging_mixin.py:190} INFO - [2025-05-19T16:03:24.879+0000] {dag.py:3239} INFO - Sync 1 DAGs
[2025-05-19T16:03:24.892+0000] {logging_mixin.py:190} INFO - [2025-05-19T16:03:24.892+0000] {dag.py:4180} INFO - Setting next_dagrun for latest_only to 2025-05-19 12:00:00+00:00, run_after=2025-05-19 16:00:00+00:00
[2025-05-19T16:03:24.900+0000] {processor.py:208} INFO - Processing /home/airflow/.local/lib/python3.12/site-packages/airflow/example_dags/example_latest_only.py took 0.043 seconds
[2025-05-19T16:03:55.772+0000] {processor.py:186} INFO - Started process (PID=1823) to work on /home/airflow/.local/lib/python3.12/site-packages/airflow/example_dags/example_latest_only.py
[2025-05-19T16:03:55.773+0000] {processor.py:914} INFO - Processing file /home/airflow/.local/lib/python3.12/site-packages/airflow/example_dags/example_latest_only.py for tasks to queue
[2025-05-19T16:03:55.775+0000] {logging_mixin.py:190} INFO - [2025-05-19T16:03:55.775+0000] {dagbag.py:588} INFO - Filling up the DagBag from /home/airflow/.local/lib/python3.12/site-packages/airflow/example_dags/example_latest_only.py
[2025-05-19T16:03:55.780+0000] {processor.py:925} INFO - DAG(s) 'latest_only' retrieved from /home/airflow/.local/lib/python3.12/site-packages/airflow/example_dags/example_latest_only.py
[2025-05-19T16:03:55.798+0000] {logging_mixin.py:190} INFO - [2025-05-19T16:03:55.798+0000] {dag.py:3239} INFO - Sync 1 DAGs
[2025-05-19T16:03:55.829+0000] {logging_mixin.py:190} INFO - [2025-05-19T16:03:55.829+0000] {dag.py:4180} INFO - Setting next_dagrun for latest_only to 2025-05-19 12:00:00+00:00, run_after=2025-05-19 16:00:00+00:00
[2025-05-19T16:03:55.838+0000] {processor.py:208} INFO - Processing /home/airflow/.local/lib/python3.12/site-packages/airflow/example_dags/example_latest_only.py took 0.072 seconds
[2025-05-19T16:04:26.500+0000] {processor.py:186} INFO - Started process (PID=1880) to work on /home/airflow/.local/lib/python3.12/site-packages/airflow/example_dags/example_latest_only.py
[2025-05-19T16:04:26.501+0000] {processor.py:914} INFO - Processing file /home/airflow/.local/lib/python3.12/site-packages/airflow/example_dags/example_latest_only.py for tasks to queue
[2025-05-19T16:04:26.502+0000] {logging_mixin.py:190} INFO - [2025-05-19T16:04:26.502+0000] {dagbag.py:588} INFO - Filling up the DagBag from /home/airflow/.local/lib/python3.12/site-packages/airflow/example_dags/example_latest_only.py
[2025-05-19T16:04:26.506+0000] {processor.py:925} INFO - DAG(s) 'latest_only' retrieved from /home/airflow/.local/lib/python3.12/site-packages/airflow/example_dags/example_latest_only.py
[2025-05-19T16:04:26.519+0000] {logging_mixin.py:190} INFO - [2025-05-19T16:04:26.519+0000] {dag.py:3239} INFO - Sync 1 DAGs
[2025-05-19T16:04:26.531+0000] {logging_mixin.py:190} INFO - [2025-05-19T16:04:26.530+0000] {dag.py:4180} INFO - Setting next_dagrun for latest_only to 2025-05-19 12:00:00+00:00, run_after=2025-05-19 16:00:00+00:00
[2025-05-19T16:04:26.542+0000] {processor.py:208} INFO - Processing /home/airflow/.local/lib/python3.12/site-packages/airflow/example_dags/example_latest_only.py took 0.045 seconds
[2025-05-19T16:04:57.132+0000] {processor.py:186} INFO - Started process (PID=1937) to work on /home/airflow/.local/lib/python3.12/site-packages/airflow/example_dags/example_latest_only.py
[2025-05-19T16:04:57.133+0000] {processor.py:914} INFO - Processing file /home/airflow/.local/lib/python3.12/site-packages/airflow/example_dags/example_latest_only.py for tasks to queue
[2025-05-19T16:04:57.134+0000] {logging_mixin.py:190} INFO - [2025-05-19T16:04:57.134+0000] {dagbag.py:588} INFO - Filling up the DagBag from /home/airflow/.local/lib/python3.12/site-packages/airflow/example_dags/example_latest_only.py
[2025-05-19T16:04:57.138+0000] {processor.py:925} INFO - DAG(s) 'latest_only' retrieved from /home/airflow/.local/lib/python3.12/site-packages/airflow/example_dags/example_latest_only.py
[2025-05-19T16:04:57.149+0000] {logging_mixin.py:190} INFO - [2025-05-19T16:04:57.149+0000] {dag.py:3239} INFO - Sync 1 DAGs
[2025-05-19T16:04:57.163+0000] {logging_mixin.py:190} INFO - [2025-05-19T16:04:57.163+0000] {dag.py:4180} INFO - Setting next_dagrun for latest_only to 2025-05-19 12:00:00+00:00, run_after=2025-05-19 16:00:00+00:00
[2025-05-19T16:04:57.173+0000] {processor.py:208} INFO - Processing /home/airflow/.local/lib/python3.12/site-packages/airflow/example_dags/example_latest_only.py took 0.045 seconds
