[2025-05-19T15:47:56.924+0000] {processor.py:186} INFO - Started process (PID=50) to work on /home/airflow/.local/lib/python3.12/site-packages/airflow/example_dags/example_branch_python_dop_operator_3.py
[2025-05-19T15:47:56.924+0000] {processor.py:914} INFO - Processing file /home/airflow/.local/lib/python3.12/site-packages/airflow/example_dags/example_branch_python_dop_operator_3.py for tasks to queue
[2025-05-19T15:47:56.926+0000] {logging_mixin.py:190} INFO - [2025-05-19T15:47:56.925+0000] {dagbag.py:588} INFO - Filling up the DagBag from /home/airflow/.local/lib/python3.12/site-packages/airflow/example_dags/example_branch_python_dop_operator_3.py
[2025-05-19T15:47:56.933+0000] {processor.py:925} INFO - DAG(s) 'example_branch_dop_operator_v3' retrieved from /home/airflow/.local/lib/python3.12/site-packages/airflow/example_dags/example_branch_python_dop_operator_3.py
[2025-05-19T15:47:56.991+0000] {logging_mixin.py:190} INFO - [2025-05-19T15:47:56.990+0000] {override.py:1912} INFO - Created Permission View: can delete on DAG:example_branch_dop_operator_v3
[2025-05-19T15:47:56.996+0000] {logging_mixin.py:190} INFO - [2025-05-19T15:47:56.996+0000] {override.py:1912} INFO - Created Permission View: can read on DAG:example_branch_dop_operator_v3
[2025-05-19T15:47:57.000+0000] {logging_mixin.py:190} INFO - [2025-05-19T15:47:56.999+0000] {override.py:1912} INFO - Created Permission View: can edit on DAG:example_branch_dop_operator_v3
[2025-05-19T15:47:57.003+0000] {logging_mixin.py:190} INFO - [2025-05-19T15:47:57.003+0000] {override.py:1912} INFO - Created Permission View: menu access on DAG Run:example_branch_dop_operator_v3
[2025-05-19T15:47:57.006+0000] {logging_mixin.py:190} INFO - [2025-05-19T15:47:57.006+0000] {override.py:1912} INFO - Created Permission View: can create on DAG Run:example_branch_dop_operator_v3
[2025-05-19T15:47:57.011+0000] {logging_mixin.py:190} INFO - [2025-05-19T15:47:57.010+0000] {override.py:1912} INFO - Created Permission View: can delete on DAG Run:example_branch_dop_operator_v3
[2025-05-19T15:47:57.014+0000] {logging_mixin.py:190} INFO - [2025-05-19T15:47:57.014+0000] {override.py:1912} INFO - Created Permission View: can read on DAG Run:example_branch_dop_operator_v3
[2025-05-19T15:47:57.014+0000] {logging_mixin.py:190} INFO - [2025-05-19T15:47:57.014+0000] {dag.py:3239} INFO - Sync 1 DAGs
[2025-05-19T15:47:57.024+0000] {logging_mixin.py:190} INFO - [2025-05-19T15:47:57.024+0000] {dag.py:3262} INFO - Creating ORM DAG for example_branch_dop_operator_v3
[2025-05-19T15:47:57.036+0000] {logging_mixin.py:190} INFO - [2025-05-19T15:47:57.035+0000] {dag.py:4180} INFO - Setting next_dagrun for example_branch_dop_operator_v3 to 2025-05-19 15:46:00+00:00, run_after=2025-05-19 15:47:00+00:00
[2025-05-19T15:47:57.045+0000] {processor.py:208} INFO - Processing /home/airflow/.local/lib/python3.12/site-packages/airflow/example_dags/example_branch_python_dop_operator_3.py took 0.125 seconds
[2025-05-19T15:48:27.545+0000] {processor.py:186} INFO - Started process (PID=106) to work on /home/airflow/.local/lib/python3.12/site-packages/airflow/example_dags/example_branch_python_dop_operator_3.py
[2025-05-19T15:48:27.546+0000] {processor.py:914} INFO - Processing file /home/airflow/.local/lib/python3.12/site-packages/airflow/example_dags/example_branch_python_dop_operator_3.py for tasks to queue
[2025-05-19T15:48:27.547+0000] {logging_mixin.py:190} INFO - [2025-05-19T15:48:27.547+0000] {dagbag.py:588} INFO - Filling up the DagBag from /home/airflow/.local/lib/python3.12/site-packages/airflow/example_dags/example_branch_python_dop_operator_3.py
[2025-05-19T15:48:27.554+0000] {processor.py:925} INFO - DAG(s) 'example_branch_dop_operator_v3' retrieved from /home/airflow/.local/lib/python3.12/site-packages/airflow/example_dags/example_branch_python_dop_operator_3.py
[2025-05-19T15:48:27.564+0000] {logging_mixin.py:190} INFO - [2025-05-19T15:48:27.564+0000] {dag.py:3239} INFO - Sync 1 DAGs
[2025-05-19T15:48:27.577+0000] {logging_mixin.py:190} INFO - [2025-05-19T15:48:27.577+0000] {dag.py:4180} INFO - Setting next_dagrun for example_branch_dop_operator_v3 to 2025-05-19 15:47:00+00:00, run_after=2025-05-19 15:48:00+00:00
[2025-05-19T15:48:27.588+0000] {processor.py:208} INFO - Processing /home/airflow/.local/lib/python3.12/site-packages/airflow/example_dags/example_branch_python_dop_operator_3.py took 0.046 seconds
[2025-05-19T15:48:58.600+0000] {processor.py:186} INFO - Started process (PID=164) to work on /home/airflow/.local/lib/python3.12/site-packages/airflow/example_dags/example_branch_python_dop_operator_3.py
[2025-05-19T15:48:58.600+0000] {processor.py:914} INFO - Processing file /home/airflow/.local/lib/python3.12/site-packages/airflow/example_dags/example_branch_python_dop_operator_3.py for tasks to queue
[2025-05-19T15:48:58.602+0000] {logging_mixin.py:190} INFO - [2025-05-19T15:48:58.602+0000] {dagbag.py:588} INFO - Filling up the DagBag from /home/airflow/.local/lib/python3.12/site-packages/airflow/example_dags/example_branch_python_dop_operator_3.py
[2025-05-19T15:48:58.608+0000] {processor.py:925} INFO - DAG(s) 'example_branch_dop_operator_v3' retrieved from /home/airflow/.local/lib/python3.12/site-packages/airflow/example_dags/example_branch_python_dop_operator_3.py
[2025-05-19T15:48:58.620+0000] {logging_mixin.py:190} INFO - [2025-05-19T15:48:58.620+0000] {dag.py:3239} INFO - Sync 1 DAGs
[2025-05-19T15:48:58.636+0000] {logging_mixin.py:190} INFO - [2025-05-19T15:48:58.635+0000] {dag.py:4180} INFO - Setting next_dagrun for example_branch_dop_operator_v3 to 2025-05-19 15:47:00+00:00, run_after=2025-05-19 15:48:00+00:00
[2025-05-19T15:48:58.645+0000] {processor.py:208} INFO - Processing /home/airflow/.local/lib/python3.12/site-packages/airflow/example_dags/example_branch_python_dop_operator_3.py took 0.050 seconds
[2025-05-19T15:49:29.401+0000] {processor.py:186} INFO - Started process (PID=221) to work on /home/airflow/.local/lib/python3.12/site-packages/airflow/example_dags/example_branch_python_dop_operator_3.py
[2025-05-19T15:49:29.402+0000] {processor.py:914} INFO - Processing file /home/airflow/.local/lib/python3.12/site-packages/airflow/example_dags/example_branch_python_dop_operator_3.py for tasks to queue
[2025-05-19T15:49:29.403+0000] {logging_mixin.py:190} INFO - [2025-05-19T15:49:29.403+0000] {dagbag.py:588} INFO - Filling up the DagBag from /home/airflow/.local/lib/python3.12/site-packages/airflow/example_dags/example_branch_python_dop_operator_3.py
[2025-05-19T15:49:29.410+0000] {processor.py:925} INFO - DAG(s) 'example_branch_dop_operator_v3' retrieved from /home/airflow/.local/lib/python3.12/site-packages/airflow/example_dags/example_branch_python_dop_operator_3.py
[2025-05-19T15:49:29.420+0000] {logging_mixin.py:190} INFO - [2025-05-19T15:49:29.420+0000] {dag.py:3239} INFO - Sync 1 DAGs
[2025-05-19T15:49:29.431+0000] {logging_mixin.py:190} INFO - [2025-05-19T15:49:29.431+0000] {dag.py:4180} INFO - Setting next_dagrun for example_branch_dop_operator_v3 to 2025-05-19 15:48:00+00:00, run_after=2025-05-19 15:49:00+00:00
[2025-05-19T15:49:29.441+0000] {processor.py:208} INFO - Processing /home/airflow/.local/lib/python3.12/site-packages/airflow/example_dags/example_branch_python_dop_operator_3.py took 0.043 seconds
[2025-05-19T15:50:00.270+0000] {processor.py:186} INFO - Started process (PID=278) to work on /home/airflow/.local/lib/python3.12/site-packages/airflow/example_dags/example_branch_python_dop_operator_3.py
[2025-05-19T15:50:00.271+0000] {processor.py:914} INFO - Processing file /home/airflow/.local/lib/python3.12/site-packages/airflow/example_dags/example_branch_python_dop_operator_3.py for tasks to queue
[2025-05-19T15:50:00.272+0000] {logging_mixin.py:190} INFO - [2025-05-19T15:50:00.272+0000] {dagbag.py:588} INFO - Filling up the DagBag from /home/airflow/.local/lib/python3.12/site-packages/airflow/example_dags/example_branch_python_dop_operator_3.py
[2025-05-19T15:50:00.280+0000] {processor.py:925} INFO - DAG(s) 'example_branch_dop_operator_v3' retrieved from /home/airflow/.local/lib/python3.12/site-packages/airflow/example_dags/example_branch_python_dop_operator_3.py
[2025-05-19T15:50:00.293+0000] {logging_mixin.py:190} INFO - [2025-05-19T15:50:00.293+0000] {dag.py:3239} INFO - Sync 1 DAGs
[2025-05-19T15:50:00.309+0000] {logging_mixin.py:190} INFO - [2025-05-19T15:50:00.309+0000] {dag.py:4180} INFO - Setting next_dagrun for example_branch_dop_operator_v3 to 2025-05-19 15:49:00+00:00, run_after=2025-05-19 15:50:00+00:00
[2025-05-19T15:50:00.322+0000] {processor.py:208} INFO - Processing /home/airflow/.local/lib/python3.12/site-packages/airflow/example_dags/example_branch_python_dop_operator_3.py took 0.061 seconds
[2025-05-19T15:50:31.035+0000] {processor.py:186} INFO - Started process (PID=335) to work on /home/airflow/.local/lib/python3.12/site-packages/airflow/example_dags/example_branch_python_dop_operator_3.py
[2025-05-19T15:50:31.036+0000] {processor.py:914} INFO - Processing file /home/airflow/.local/lib/python3.12/site-packages/airflow/example_dags/example_branch_python_dop_operator_3.py for tasks to queue
[2025-05-19T15:50:31.037+0000] {logging_mixin.py:190} INFO - [2025-05-19T15:50:31.037+0000] {dagbag.py:588} INFO - Filling up the DagBag from /home/airflow/.local/lib/python3.12/site-packages/airflow/example_dags/example_branch_python_dop_operator_3.py
[2025-05-19T15:50:31.044+0000] {processor.py:925} INFO - DAG(s) 'example_branch_dop_operator_v3' retrieved from /home/airflow/.local/lib/python3.12/site-packages/airflow/example_dags/example_branch_python_dop_operator_3.py
[2025-05-19T15:50:31.054+0000] {logging_mixin.py:190} INFO - [2025-05-19T15:50:31.054+0000] {dag.py:3239} INFO - Sync 1 DAGs
[2025-05-19T15:50:31.067+0000] {logging_mixin.py:190} INFO - [2025-05-19T15:50:31.067+0000] {dag.py:4180} INFO - Setting next_dagrun for example_branch_dop_operator_v3 to 2025-05-19 15:49:00+00:00, run_after=2025-05-19 15:50:00+00:00
[2025-05-19T15:50:31.077+0000] {processor.py:208} INFO - Processing /home/airflow/.local/lib/python3.12/site-packages/airflow/example_dags/example_branch_python_dop_operator_3.py took 0.045 seconds
[2025-05-19T15:51:01.669+0000] {processor.py:186} INFO - Started process (PID=392) to work on /home/airflow/.local/lib/python3.12/site-packages/airflow/example_dags/example_branch_python_dop_operator_3.py
[2025-05-19T15:51:01.670+0000] {processor.py:914} INFO - Processing file /home/airflow/.local/lib/python3.12/site-packages/airflow/example_dags/example_branch_python_dop_operator_3.py for tasks to queue
[2025-05-19T15:51:01.671+0000] {logging_mixin.py:190} INFO - [2025-05-19T15:51:01.671+0000] {dagbag.py:588} INFO - Filling up the DagBag from /home/airflow/.local/lib/python3.12/site-packages/airflow/example_dags/example_branch_python_dop_operator_3.py
[2025-05-19T15:51:01.676+0000] {processor.py:925} INFO - DAG(s) 'example_branch_dop_operator_v3' retrieved from /home/airflow/.local/lib/python3.12/site-packages/airflow/example_dags/example_branch_python_dop_operator_3.py
[2025-05-19T15:51:01.686+0000] {logging_mixin.py:190} INFO - [2025-05-19T15:51:01.686+0000] {dag.py:3239} INFO - Sync 1 DAGs
[2025-05-19T15:51:01.698+0000] {logging_mixin.py:190} INFO - [2025-05-19T15:51:01.698+0000] {dag.py:4180} INFO - Setting next_dagrun for example_branch_dop_operator_v3 to 2025-05-19 15:50:00+00:00, run_after=2025-05-19 15:51:00+00:00
[2025-05-19T15:51:01.707+0000] {processor.py:208} INFO - Processing /home/airflow/.local/lib/python3.12/site-packages/airflow/example_dags/example_branch_python_dop_operator_3.py took 0.041 seconds
[2025-05-19T15:51:32.198+0000] {processor.py:186} INFO - Started process (PID=449) to work on /home/airflow/.local/lib/python3.12/site-packages/airflow/example_dags/example_branch_python_dop_operator_3.py
[2025-05-19T15:51:32.199+0000] {processor.py:914} INFO - Processing file /home/airflow/.local/lib/python3.12/site-packages/airflow/example_dags/example_branch_python_dop_operator_3.py for tasks to queue
[2025-05-19T15:51:32.200+0000] {logging_mixin.py:190} INFO - [2025-05-19T15:51:32.200+0000] {dagbag.py:588} INFO - Filling up the DagBag from /home/airflow/.local/lib/python3.12/site-packages/airflow/example_dags/example_branch_python_dop_operator_3.py
[2025-05-19T15:51:32.206+0000] {processor.py:925} INFO - DAG(s) 'example_branch_dop_operator_v3' retrieved from /home/airflow/.local/lib/python3.12/site-packages/airflow/example_dags/example_branch_python_dop_operator_3.py
[2025-05-19T15:51:32.217+0000] {logging_mixin.py:190} INFO - [2025-05-19T15:51:32.217+0000] {dag.py:3239} INFO - Sync 1 DAGs
[2025-05-19T15:51:32.230+0000] {logging_mixin.py:190} INFO - [2025-05-19T15:51:32.229+0000] {dag.py:4180} INFO - Setting next_dagrun for example_branch_dop_operator_v3 to 2025-05-19 15:50:00+00:00, run_after=2025-05-19 15:51:00+00:00
[2025-05-19T15:51:32.241+0000] {processor.py:208} INFO - Processing /home/airflow/.local/lib/python3.12/site-packages/airflow/example_dags/example_branch_python_dop_operator_3.py took 0.046 seconds
[2025-05-19T15:52:02.917+0000] {processor.py:186} INFO - Started process (PID=506) to work on /home/airflow/.local/lib/python3.12/site-packages/airflow/example_dags/example_branch_python_dop_operator_3.py
[2025-05-19T15:52:02.917+0000] {processor.py:914} INFO - Processing file /home/airflow/.local/lib/python3.12/site-packages/airflow/example_dags/example_branch_python_dop_operator_3.py for tasks to queue
[2025-05-19T15:52:02.919+0000] {logging_mixin.py:190} INFO - [2025-05-19T15:52:02.918+0000] {dagbag.py:588} INFO - Filling up the DagBag from /home/airflow/.local/lib/python3.12/site-packages/airflow/example_dags/example_branch_python_dop_operator_3.py
[2025-05-19T15:52:02.926+0000] {processor.py:925} INFO - DAG(s) 'example_branch_dop_operator_v3' retrieved from /home/airflow/.local/lib/python3.12/site-packages/airflow/example_dags/example_branch_python_dop_operator_3.py
[2025-05-19T15:52:02.940+0000] {logging_mixin.py:190} INFO - [2025-05-19T15:52:02.940+0000] {dag.py:3239} INFO - Sync 1 DAGs
[2025-05-19T15:52:02.958+0000] {logging_mixin.py:190} INFO - [2025-05-19T15:52:02.958+0000] {dag.py:4180} INFO - Setting next_dagrun for example_branch_dop_operator_v3 to 2025-05-19 15:51:00+00:00, run_after=2025-05-19 15:52:00+00:00
[2025-05-19T15:52:02.970+0000] {processor.py:208} INFO - Processing /home/airflow/.local/lib/python3.12/site-packages/airflow/example_dags/example_branch_python_dop_operator_3.py took 0.059 seconds
[2025-05-19T15:52:33.939+0000] {processor.py:186} INFO - Started process (PID=563) to work on /home/airflow/.local/lib/python3.12/site-packages/airflow/example_dags/example_branch_python_dop_operator_3.py
[2025-05-19T15:52:33.943+0000] {processor.py:914} INFO - Processing file /home/airflow/.local/lib/python3.12/site-packages/airflow/example_dags/example_branch_python_dop_operator_3.py for tasks to queue
[2025-05-19T15:52:33.945+0000] {logging_mixin.py:190} INFO - [2025-05-19T15:52:33.945+0000] {dagbag.py:588} INFO - Filling up the DagBag from /home/airflow/.local/lib/python3.12/site-packages/airflow/example_dags/example_branch_python_dop_operator_3.py
[2025-05-19T15:52:33.953+0000] {processor.py:925} INFO - DAG(s) 'example_branch_dop_operator_v3' retrieved from /home/airflow/.local/lib/python3.12/site-packages/airflow/example_dags/example_branch_python_dop_operator_3.py
[2025-05-19T15:52:33.964+0000] {logging_mixin.py:190} INFO - [2025-05-19T15:52:33.964+0000] {dag.py:3239} INFO - Sync 1 DAGs
[2025-05-19T15:52:33.977+0000] {logging_mixin.py:190} INFO - [2025-05-19T15:52:33.977+0000] {dag.py:4180} INFO - Setting next_dagrun for example_branch_dop_operator_v3 to 2025-05-19 15:51:00+00:00, run_after=2025-05-19 15:52:00+00:00
[2025-05-19T15:52:33.987+0000] {processor.py:208} INFO - Processing /home/airflow/.local/lib/python3.12/site-packages/airflow/example_dags/example_branch_python_dop_operator_3.py took 0.054 seconds
[2025-05-19T15:53:04.112+0000] {processor.py:186} INFO - Started process (PID=619) to work on /home/airflow/.local/lib/python3.12/site-packages/airflow/example_dags/example_branch_python_dop_operator_3.py
[2025-05-19T15:53:04.112+0000] {processor.py:914} INFO - Processing file /home/airflow/.local/lib/python3.12/site-packages/airflow/example_dags/example_branch_python_dop_operator_3.py for tasks to queue
[2025-05-19T15:53:04.114+0000] {logging_mixin.py:190} INFO - [2025-05-19T15:53:04.114+0000] {dagbag.py:588} INFO - Filling up the DagBag from /home/airflow/.local/lib/python3.12/site-packages/airflow/example_dags/example_branch_python_dop_operator_3.py
[2025-05-19T15:53:04.120+0000] {processor.py:925} INFO - DAG(s) 'example_branch_dop_operator_v3' retrieved from /home/airflow/.local/lib/python3.12/site-packages/airflow/example_dags/example_branch_python_dop_operator_3.py
[2025-05-19T15:53:04.133+0000] {logging_mixin.py:190} INFO - [2025-05-19T15:53:04.133+0000] {dag.py:3239} INFO - Sync 1 DAGs
[2025-05-19T15:53:04.146+0000] {logging_mixin.py:190} INFO - [2025-05-19T15:53:04.146+0000] {dag.py:4180} INFO - Setting next_dagrun for example_branch_dop_operator_v3 to 2025-05-19 15:52:00+00:00, run_after=2025-05-19 15:53:00+00:00
[2025-05-19T15:53:04.156+0000] {processor.py:208} INFO - Processing /home/airflow/.local/lib/python3.12/site-packages/airflow/example_dags/example_branch_python_dop_operator_3.py took 0.049 seconds
[2025-05-19T15:53:34.247+0000] {processor.py:186} INFO - Started process (PID=676) to work on /home/airflow/.local/lib/python3.12/site-packages/airflow/example_dags/example_branch_python_dop_operator_3.py
[2025-05-19T15:53:34.251+0000] {processor.py:914} INFO - Processing file /home/airflow/.local/lib/python3.12/site-packages/airflow/example_dags/example_branch_python_dop_operator_3.py for tasks to queue
[2025-05-19T15:53:34.252+0000] {logging_mixin.py:190} INFO - [2025-05-19T15:53:34.252+0000] {dagbag.py:588} INFO - Filling up the DagBag from /home/airflow/.local/lib/python3.12/site-packages/airflow/example_dags/example_branch_python_dop_operator_3.py
[2025-05-19T15:53:34.258+0000] {processor.py:925} INFO - DAG(s) 'example_branch_dop_operator_v3' retrieved from /home/airflow/.local/lib/python3.12/site-packages/airflow/example_dags/example_branch_python_dop_operator_3.py
[2025-05-19T15:53:34.270+0000] {logging_mixin.py:190} INFO - [2025-05-19T15:53:34.270+0000] {dag.py:3239} INFO - Sync 1 DAGs
[2025-05-19T15:53:34.282+0000] {logging_mixin.py:190} INFO - [2025-05-19T15:53:34.282+0000] {dag.py:4180} INFO - Setting next_dagrun for example_branch_dop_operator_v3 to 2025-05-19 15:52:00+00:00, run_after=2025-05-19 15:53:00+00:00
[2025-05-19T15:53:34.290+0000] {processor.py:208} INFO - Processing /home/airflow/.local/lib/python3.12/site-packages/airflow/example_dags/example_branch_python_dop_operator_3.py took 0.046 seconds
[2025-05-19T15:54:04.371+0000] {processor.py:186} INFO - Started process (PID=733) to work on /home/airflow/.local/lib/python3.12/site-packages/airflow/example_dags/example_branch_python_dop_operator_3.py
[2025-05-19T15:54:04.372+0000] {processor.py:914} INFO - Processing file /home/airflow/.local/lib/python3.12/site-packages/airflow/example_dags/example_branch_python_dop_operator_3.py for tasks to queue
[2025-05-19T15:54:04.374+0000] {logging_mixin.py:190} INFO - [2025-05-19T15:54:04.373+0000] {dagbag.py:588} INFO - Filling up the DagBag from /home/airflow/.local/lib/python3.12/site-packages/airflow/example_dags/example_branch_python_dop_operator_3.py
[2025-05-19T15:54:04.392+0000] {processor.py:925} INFO - DAG(s) 'example_branch_dop_operator_v3' retrieved from /home/airflow/.local/lib/python3.12/site-packages/airflow/example_dags/example_branch_python_dop_operator_3.py
[2025-05-19T15:54:04.446+0000] {logging_mixin.py:190} INFO - [2025-05-19T15:54:04.446+0000] {dag.py:3239} INFO - Sync 1 DAGs
[2025-05-19T15:54:04.467+0000] {logging_mixin.py:190} INFO - [2025-05-19T15:54:04.467+0000] {dag.py:4180} INFO - Setting next_dagrun for example_branch_dop_operator_v3 to 2025-05-19 15:53:00+00:00, run_after=2025-05-19 15:54:00+00:00
[2025-05-19T15:54:04.482+0000] {processor.py:208} INFO - Processing /home/airflow/.local/lib/python3.12/site-packages/airflow/example_dags/example_branch_python_dop_operator_3.py took 0.114 seconds
[2025-05-19T15:54:34.648+0000] {processor.py:186} INFO - Started process (PID=790) to work on /home/airflow/.local/lib/python3.12/site-packages/airflow/example_dags/example_branch_python_dop_operator_3.py
[2025-05-19T15:54:34.650+0000] {processor.py:914} INFO - Processing file /home/airflow/.local/lib/python3.12/site-packages/airflow/example_dags/example_branch_python_dop_operator_3.py for tasks to queue
[2025-05-19T15:54:34.651+0000] {logging_mixin.py:190} INFO - [2025-05-19T15:54:34.651+0000] {dagbag.py:588} INFO - Filling up the DagBag from /home/airflow/.local/lib/python3.12/site-packages/airflow/example_dags/example_branch_python_dop_operator_3.py
[2025-05-19T15:54:34.660+0000] {processor.py:925} INFO - DAG(s) 'example_branch_dop_operator_v3' retrieved from /home/airflow/.local/lib/python3.12/site-packages/airflow/example_dags/example_branch_python_dop_operator_3.py
[2025-05-19T15:54:34.674+0000] {logging_mixin.py:190} INFO - [2025-05-19T15:54:34.674+0000] {dag.py:3239} INFO - Sync 1 DAGs
[2025-05-19T15:54:34.690+0000] {logging_mixin.py:190} INFO - [2025-05-19T15:54:34.690+0000] {dag.py:4180} INFO - Setting next_dagrun for example_branch_dop_operator_v3 to 2025-05-19 15:53:00+00:00, run_after=2025-05-19 15:54:00+00:00
[2025-05-19T15:54:34.706+0000] {processor.py:208} INFO - Processing /home/airflow/.local/lib/python3.12/site-packages/airflow/example_dags/example_branch_python_dop_operator_3.py took 0.062 seconds
[2025-05-19T15:55:05.027+0000] {processor.py:186} INFO - Started process (PID=847) to work on /home/airflow/.local/lib/python3.12/site-packages/airflow/example_dags/example_branch_python_dop_operator_3.py
[2025-05-19T15:55:05.027+0000] {processor.py:914} INFO - Processing file /home/airflow/.local/lib/python3.12/site-packages/airflow/example_dags/example_branch_python_dop_operator_3.py for tasks to queue
[2025-05-19T15:55:05.029+0000] {logging_mixin.py:190} INFO - [2025-05-19T15:55:05.029+0000] {dagbag.py:588} INFO - Filling up the DagBag from /home/airflow/.local/lib/python3.12/site-packages/airflow/example_dags/example_branch_python_dop_operator_3.py
[2025-05-19T15:55:05.035+0000] {processor.py:925} INFO - DAG(s) 'example_branch_dop_operator_v3' retrieved from /home/airflow/.local/lib/python3.12/site-packages/airflow/example_dags/example_branch_python_dop_operator_3.py
[2025-05-19T15:55:05.045+0000] {logging_mixin.py:190} INFO - [2025-05-19T15:55:05.045+0000] {dag.py:3239} INFO - Sync 1 DAGs
[2025-05-19T15:55:05.062+0000] {logging_mixin.py:190} INFO - [2025-05-19T15:55:05.061+0000] {dag.py:4180} INFO - Setting next_dagrun for example_branch_dop_operator_v3 to 2025-05-19 15:54:00+00:00, run_after=2025-05-19 15:55:00+00:00
[2025-05-19T15:55:05.071+0000] {processor.py:208} INFO - Processing /home/airflow/.local/lib/python3.12/site-packages/airflow/example_dags/example_branch_python_dop_operator_3.py took 0.048 seconds
[2025-05-19T15:55:36.064+0000] {processor.py:186} INFO - Started process (PID=904) to work on /home/airflow/.local/lib/python3.12/site-packages/airflow/example_dags/example_branch_python_dop_operator_3.py
[2025-05-19T15:55:36.065+0000] {processor.py:914} INFO - Processing file /home/airflow/.local/lib/python3.12/site-packages/airflow/example_dags/example_branch_python_dop_operator_3.py for tasks to queue
[2025-05-19T15:55:36.066+0000] {logging_mixin.py:190} INFO - [2025-05-19T15:55:36.066+0000] {dagbag.py:588} INFO - Filling up the DagBag from /home/airflow/.local/lib/python3.12/site-packages/airflow/example_dags/example_branch_python_dop_operator_3.py
[2025-05-19T15:55:36.072+0000] {processor.py:925} INFO - DAG(s) 'example_branch_dop_operator_v3' retrieved from /home/airflow/.local/lib/python3.12/site-packages/airflow/example_dags/example_branch_python_dop_operator_3.py
[2025-05-19T15:55:36.083+0000] {logging_mixin.py:190} INFO - [2025-05-19T15:55:36.083+0000] {dag.py:3239} INFO - Sync 1 DAGs
[2025-05-19T15:55:36.095+0000] {logging_mixin.py:190} INFO - [2025-05-19T15:55:36.095+0000] {dag.py:4180} INFO - Setting next_dagrun for example_branch_dop_operator_v3 to 2025-05-19 15:54:00+00:00, run_after=2025-05-19 15:55:00+00:00
[2025-05-19T15:55:36.106+0000] {processor.py:208} INFO - Processing /home/airflow/.local/lib/python3.12/site-packages/airflow/example_dags/example_branch_python_dop_operator_3.py took 0.045 seconds
[2025-05-19T15:56:06.942+0000] {processor.py:186} INFO - Started process (PID=961) to work on /home/airflow/.local/lib/python3.12/site-packages/airflow/example_dags/example_branch_python_dop_operator_3.py
[2025-05-19T15:56:06.944+0000] {processor.py:914} INFO - Processing file /home/airflow/.local/lib/python3.12/site-packages/airflow/example_dags/example_branch_python_dop_operator_3.py for tasks to queue
[2025-05-19T15:56:06.945+0000] {logging_mixin.py:190} INFO - [2025-05-19T15:56:06.945+0000] {dagbag.py:588} INFO - Filling up the DagBag from /home/airflow/.local/lib/python3.12/site-packages/airflow/example_dags/example_branch_python_dop_operator_3.py
[2025-05-19T15:56:06.951+0000] {processor.py:925} INFO - DAG(s) 'example_branch_dop_operator_v3' retrieved from /home/airflow/.local/lib/python3.12/site-packages/airflow/example_dags/example_branch_python_dop_operator_3.py
[2025-05-19T15:56:06.962+0000] {logging_mixin.py:190} INFO - [2025-05-19T15:56:06.962+0000] {dag.py:3239} INFO - Sync 1 DAGs
[2025-05-19T15:56:06.975+0000] {logging_mixin.py:190} INFO - [2025-05-19T15:56:06.975+0000] {dag.py:4180} INFO - Setting next_dagrun for example_branch_dop_operator_v3 to 2025-05-19 15:55:00+00:00, run_after=2025-05-19 15:56:00+00:00
[2025-05-19T15:56:06.989+0000] {processor.py:208} INFO - Processing /home/airflow/.local/lib/python3.12/site-packages/airflow/example_dags/example_branch_python_dop_operator_3.py took 0.050 seconds
[2025-05-19T15:56:38.011+0000] {processor.py:186} INFO - Started process (PID=1018) to work on /home/airflow/.local/lib/python3.12/site-packages/airflow/example_dags/example_branch_python_dop_operator_3.py
[2025-05-19T15:56:38.012+0000] {processor.py:914} INFO - Processing file /home/airflow/.local/lib/python3.12/site-packages/airflow/example_dags/example_branch_python_dop_operator_3.py for tasks to queue
[2025-05-19T15:56:38.014+0000] {logging_mixin.py:190} INFO - [2025-05-19T15:56:38.013+0000] {dagbag.py:588} INFO - Filling up the DagBag from /home/airflow/.local/lib/python3.12/site-packages/airflow/example_dags/example_branch_python_dop_operator_3.py
[2025-05-19T15:56:38.019+0000] {processor.py:925} INFO - DAG(s) 'example_branch_dop_operator_v3' retrieved from /home/airflow/.local/lib/python3.12/site-packages/airflow/example_dags/example_branch_python_dop_operator_3.py
[2025-05-19T15:56:38.031+0000] {logging_mixin.py:190} INFO - [2025-05-19T15:56:38.031+0000] {dag.py:3239} INFO - Sync 1 DAGs
[2025-05-19T15:56:38.046+0000] {logging_mixin.py:190} INFO - [2025-05-19T15:56:38.046+0000] {dag.py:4180} INFO - Setting next_dagrun for example_branch_dop_operator_v3 to 2025-05-19 15:55:00+00:00, run_after=2025-05-19 15:56:00+00:00
[2025-05-19T15:56:38.061+0000] {processor.py:208} INFO - Processing /home/airflow/.local/lib/python3.12/site-packages/airflow/example_dags/example_branch_python_dop_operator_3.py took 0.053 seconds
[2025-05-19T15:57:08.926+0000] {processor.py:186} INFO - Started process (PID=1075) to work on /home/airflow/.local/lib/python3.12/site-packages/airflow/example_dags/example_branch_python_dop_operator_3.py
[2025-05-19T15:57:08.926+0000] {processor.py:914} INFO - Processing file /home/airflow/.local/lib/python3.12/site-packages/airflow/example_dags/example_branch_python_dop_operator_3.py for tasks to queue
[2025-05-19T15:57:08.928+0000] {logging_mixin.py:190} INFO - [2025-05-19T15:57:08.928+0000] {dagbag.py:588} INFO - Filling up the DagBag from /home/airflow/.local/lib/python3.12/site-packages/airflow/example_dags/example_branch_python_dop_operator_3.py
[2025-05-19T15:57:08.933+0000] {processor.py:925} INFO - DAG(s) 'example_branch_dop_operator_v3' retrieved from /home/airflow/.local/lib/python3.12/site-packages/airflow/example_dags/example_branch_python_dop_operator_3.py
[2025-05-19T15:57:08.945+0000] {logging_mixin.py:190} INFO - [2025-05-19T15:57:08.945+0000] {dag.py:3239} INFO - Sync 1 DAGs
[2025-05-19T15:57:08.960+0000] {logging_mixin.py:190} INFO - [2025-05-19T15:57:08.960+0000] {dag.py:4180} INFO - Setting next_dagrun for example_branch_dop_operator_v3 to 2025-05-19 15:56:00+00:00, run_after=2025-05-19 15:57:00+00:00
[2025-05-19T15:57:08.978+0000] {processor.py:208} INFO - Processing /home/airflow/.local/lib/python3.12/site-packages/airflow/example_dags/example_branch_python_dop_operator_3.py took 0.055 seconds
[2025-05-19T15:57:39.870+0000] {processor.py:186} INFO - Started process (PID=1132) to work on /home/airflow/.local/lib/python3.12/site-packages/airflow/example_dags/example_branch_python_dop_operator_3.py
[2025-05-19T15:57:39.873+0000] {processor.py:914} INFO - Processing file /home/airflow/.local/lib/python3.12/site-packages/airflow/example_dags/example_branch_python_dop_operator_3.py for tasks to queue
[2025-05-19T15:57:39.874+0000] {logging_mixin.py:190} INFO - [2025-05-19T15:57:39.874+0000] {dagbag.py:588} INFO - Filling up the DagBag from /home/airflow/.local/lib/python3.12/site-packages/airflow/example_dags/example_branch_python_dop_operator_3.py
[2025-05-19T15:57:39.880+0000] {processor.py:925} INFO - DAG(s) 'example_branch_dop_operator_v3' retrieved from /home/airflow/.local/lib/python3.12/site-packages/airflow/example_dags/example_branch_python_dop_operator_3.py
[2025-05-19T15:57:39.891+0000] {logging_mixin.py:190} INFO - [2025-05-19T15:57:39.891+0000] {dag.py:3239} INFO - Sync 1 DAGs
[2025-05-19T15:57:39.904+0000] {logging_mixin.py:190} INFO - [2025-05-19T15:57:39.904+0000] {dag.py:4180} INFO - Setting next_dagrun for example_branch_dop_operator_v3 to 2025-05-19 15:56:00+00:00, run_after=2025-05-19 15:57:00+00:00
[2025-05-19T15:57:39.917+0000] {processor.py:208} INFO - Processing /home/airflow/.local/lib/python3.12/site-packages/airflow/example_dags/example_branch_python_dop_operator_3.py took 0.050 seconds
[2025-05-19T15:58:10.774+0000] {processor.py:186} INFO - Started process (PID=1189) to work on /home/airflow/.local/lib/python3.12/site-packages/airflow/example_dags/example_branch_python_dop_operator_3.py
[2025-05-19T15:58:10.775+0000] {processor.py:914} INFO - Processing file /home/airflow/.local/lib/python3.12/site-packages/airflow/example_dags/example_branch_python_dop_operator_3.py for tasks to queue
[2025-05-19T15:58:10.776+0000] {logging_mixin.py:190} INFO - [2025-05-19T15:58:10.776+0000] {dagbag.py:588} INFO - Filling up the DagBag from /home/airflow/.local/lib/python3.12/site-packages/airflow/example_dags/example_branch_python_dop_operator_3.py
[2025-05-19T15:58:10.782+0000] {processor.py:925} INFO - DAG(s) 'example_branch_dop_operator_v3' retrieved from /home/airflow/.local/lib/python3.12/site-packages/airflow/example_dags/example_branch_python_dop_operator_3.py
[2025-05-19T15:58:10.793+0000] {logging_mixin.py:190} INFO - [2025-05-19T15:58:10.793+0000] {dag.py:3239} INFO - Sync 1 DAGs
[2025-05-19T15:58:10.805+0000] {logging_mixin.py:190} INFO - [2025-05-19T15:58:10.805+0000] {dag.py:4180} INFO - Setting next_dagrun for example_branch_dop_operator_v3 to 2025-05-19 15:57:00+00:00, run_after=2025-05-19 15:58:00+00:00
[2025-05-19T15:58:10.815+0000] {processor.py:208} INFO - Processing /home/airflow/.local/lib/python3.12/site-packages/airflow/example_dags/example_branch_python_dop_operator_3.py took 0.044 seconds
[2025-05-19T15:58:41.633+0000] {processor.py:186} INFO - Started process (PID=1246) to work on /home/airflow/.local/lib/python3.12/site-packages/airflow/example_dags/example_branch_python_dop_operator_3.py
[2025-05-19T15:58:41.633+0000] {processor.py:914} INFO - Processing file /home/airflow/.local/lib/python3.12/site-packages/airflow/example_dags/example_branch_python_dop_operator_3.py for tasks to queue
[2025-05-19T15:58:41.634+0000] {logging_mixin.py:190} INFO - [2025-05-19T15:58:41.634+0000] {dagbag.py:588} INFO - Filling up the DagBag from /home/airflow/.local/lib/python3.12/site-packages/airflow/example_dags/example_branch_python_dop_operator_3.py
[2025-05-19T15:58:41.640+0000] {processor.py:925} INFO - DAG(s) 'example_branch_dop_operator_v3' retrieved from /home/airflow/.local/lib/python3.12/site-packages/airflow/example_dags/example_branch_python_dop_operator_3.py
[2025-05-19T15:58:41.650+0000] {logging_mixin.py:190} INFO - [2025-05-19T15:58:41.650+0000] {dag.py:3239} INFO - Sync 1 DAGs
[2025-05-19T15:58:41.662+0000] {logging_mixin.py:190} INFO - [2025-05-19T15:58:41.662+0000] {dag.py:4180} INFO - Setting next_dagrun for example_branch_dop_operator_v3 to 2025-05-19 15:57:00+00:00, run_after=2025-05-19 15:58:00+00:00
[2025-05-19T15:58:41.671+0000] {processor.py:208} INFO - Processing /home/airflow/.local/lib/python3.12/site-packages/airflow/example_dags/example_branch_python_dop_operator_3.py took 0.040 seconds
[2025-05-19T15:59:12.458+0000] {processor.py:186} INFO - Started process (PID=1303) to work on /home/airflow/.local/lib/python3.12/site-packages/airflow/example_dags/example_branch_python_dop_operator_3.py
[2025-05-19T15:59:12.459+0000] {processor.py:914} INFO - Processing file /home/airflow/.local/lib/python3.12/site-packages/airflow/example_dags/example_branch_python_dop_operator_3.py for tasks to queue
[2025-05-19T15:59:12.460+0000] {logging_mixin.py:190} INFO - [2025-05-19T15:59:12.459+0000] {dagbag.py:588} INFO - Filling up the DagBag from /home/airflow/.local/lib/python3.12/site-packages/airflow/example_dags/example_branch_python_dop_operator_3.py
[2025-05-19T15:59:12.465+0000] {processor.py:925} INFO - DAG(s) 'example_branch_dop_operator_v3' retrieved from /home/airflow/.local/lib/python3.12/site-packages/airflow/example_dags/example_branch_python_dop_operator_3.py
[2025-05-19T15:59:12.475+0000] {logging_mixin.py:190} INFO - [2025-05-19T15:59:12.475+0000] {dag.py:3239} INFO - Sync 1 DAGs
[2025-05-19T15:59:12.486+0000] {logging_mixin.py:190} INFO - [2025-05-19T15:59:12.486+0000] {dag.py:4180} INFO - Setting next_dagrun for example_branch_dop_operator_v3 to 2025-05-19 15:58:00+00:00, run_after=2025-05-19 15:59:00+00:00
[2025-05-19T15:59:12.496+0000] {processor.py:208} INFO - Processing /home/airflow/.local/lib/python3.12/site-packages/airflow/example_dags/example_branch_python_dop_operator_3.py took 0.041 seconds
[2025-05-19T15:59:43.567+0000] {processor.py:186} INFO - Started process (PID=1360) to work on /home/airflow/.local/lib/python3.12/site-packages/airflow/example_dags/example_branch_python_dop_operator_3.py
[2025-05-19T15:59:43.570+0000] {processor.py:914} INFO - Processing file /home/airflow/.local/lib/python3.12/site-packages/airflow/example_dags/example_branch_python_dop_operator_3.py for tasks to queue
[2025-05-19T15:59:43.571+0000] {logging_mixin.py:190} INFO - [2025-05-19T15:59:43.571+0000] {dagbag.py:588} INFO - Filling up the DagBag from /home/airflow/.local/lib/python3.12/site-packages/airflow/example_dags/example_branch_python_dop_operator_3.py
[2025-05-19T15:59:43.577+0000] {processor.py:925} INFO - DAG(s) 'example_branch_dop_operator_v3' retrieved from /home/airflow/.local/lib/python3.12/site-packages/airflow/example_dags/example_branch_python_dop_operator_3.py
[2025-05-19T15:59:43.588+0000] {logging_mixin.py:190} INFO - [2025-05-19T15:59:43.587+0000] {dag.py:3239} INFO - Sync 1 DAGs
[2025-05-19T15:59:43.599+0000] {logging_mixin.py:190} INFO - [2025-05-19T15:59:43.599+0000] {dag.py:4180} INFO - Setting next_dagrun for example_branch_dop_operator_v3 to 2025-05-19 15:58:00+00:00, run_after=2025-05-19 15:59:00+00:00
[2025-05-19T15:59:43.608+0000] {processor.py:208} INFO - Processing /home/airflow/.local/lib/python3.12/site-packages/airflow/example_dags/example_branch_python_dop_operator_3.py took 0.044 seconds
[2025-05-19T16:00:14.531+0000] {processor.py:186} INFO - Started process (PID=1417) to work on /home/airflow/.local/lib/python3.12/site-packages/airflow/example_dags/example_branch_python_dop_operator_3.py
[2025-05-19T16:00:14.532+0000] {processor.py:914} INFO - Processing file /home/airflow/.local/lib/python3.12/site-packages/airflow/example_dags/example_branch_python_dop_operator_3.py for tasks to queue
[2025-05-19T16:00:14.533+0000] {logging_mixin.py:190} INFO - [2025-05-19T16:00:14.533+0000] {dagbag.py:588} INFO - Filling up the DagBag from /home/airflow/.local/lib/python3.12/site-packages/airflow/example_dags/example_branch_python_dop_operator_3.py
[2025-05-19T16:00:14.538+0000] {processor.py:925} INFO - DAG(s) 'example_branch_dop_operator_v3' retrieved from /home/airflow/.local/lib/python3.12/site-packages/airflow/example_dags/example_branch_python_dop_operator_3.py
[2025-05-19T16:00:14.548+0000] {logging_mixin.py:190} INFO - [2025-05-19T16:00:14.548+0000] {dag.py:3239} INFO - Sync 1 DAGs
[2025-05-19T16:00:14.559+0000] {logging_mixin.py:190} INFO - [2025-05-19T16:00:14.559+0000] {dag.py:4180} INFO - Setting next_dagrun for example_branch_dop_operator_v3 to 2025-05-19 15:59:00+00:00, run_after=2025-05-19 16:00:00+00:00
[2025-05-19T16:00:14.568+0000] {processor.py:208} INFO - Processing /home/airflow/.local/lib/python3.12/site-packages/airflow/example_dags/example_branch_python_dop_operator_3.py took 0.040 seconds
[2025-05-19T16:00:45.572+0000] {processor.py:186} INFO - Started process (PID=1474) to work on /home/airflow/.local/lib/python3.12/site-packages/airflow/example_dags/example_branch_python_dop_operator_3.py
[2025-05-19T16:00:45.573+0000] {processor.py:914} INFO - Processing file /home/airflow/.local/lib/python3.12/site-packages/airflow/example_dags/example_branch_python_dop_operator_3.py for tasks to queue
[2025-05-19T16:00:45.574+0000] {logging_mixin.py:190} INFO - [2025-05-19T16:00:45.574+0000] {dagbag.py:588} INFO - Filling up the DagBag from /home/airflow/.local/lib/python3.12/site-packages/airflow/example_dags/example_branch_python_dop_operator_3.py
[2025-05-19T16:00:45.580+0000] {processor.py:925} INFO - DAG(s) 'example_branch_dop_operator_v3' retrieved from /home/airflow/.local/lib/python3.12/site-packages/airflow/example_dags/example_branch_python_dop_operator_3.py
[2025-05-19T16:00:45.595+0000] {logging_mixin.py:190} INFO - [2025-05-19T16:00:45.594+0000] {dag.py:3239} INFO - Sync 1 DAGs
[2025-05-19T16:00:45.607+0000] {logging_mixin.py:190} INFO - [2025-05-19T16:00:45.607+0000] {dag.py:4180} INFO - Setting next_dagrun for example_branch_dop_operator_v3 to 2025-05-19 15:59:00+00:00, run_after=2025-05-19 16:00:00+00:00
[2025-05-19T16:00:45.616+0000] {processor.py:208} INFO - Processing /home/airflow/.local/lib/python3.12/site-packages/airflow/example_dags/example_branch_python_dop_operator_3.py took 0.047 seconds
[2025-05-19T16:01:15.661+0000] {processor.py:186} INFO - Started process (PID=1531) to work on /home/airflow/.local/lib/python3.12/site-packages/airflow/example_dags/example_branch_python_dop_operator_3.py
[2025-05-19T16:01:15.663+0000] {processor.py:914} INFO - Processing file /home/airflow/.local/lib/python3.12/site-packages/airflow/example_dags/example_branch_python_dop_operator_3.py for tasks to queue
[2025-05-19T16:01:15.664+0000] {logging_mixin.py:190} INFO - [2025-05-19T16:01:15.664+0000] {dagbag.py:588} INFO - Filling up the DagBag from /home/airflow/.local/lib/python3.12/site-packages/airflow/example_dags/example_branch_python_dop_operator_3.py
[2025-05-19T16:01:15.670+0000] {processor.py:925} INFO - DAG(s) 'example_branch_dop_operator_v3' retrieved from /home/airflow/.local/lib/python3.12/site-packages/airflow/example_dags/example_branch_python_dop_operator_3.py
[2025-05-19T16:01:15.680+0000] {logging_mixin.py:190} INFO - [2025-05-19T16:01:15.680+0000] {dag.py:3239} INFO - Sync 1 DAGs
[2025-05-19T16:01:15.694+0000] {logging_mixin.py:190} INFO - [2025-05-19T16:01:15.694+0000] {dag.py:4180} INFO - Setting next_dagrun for example_branch_dop_operator_v3 to 2025-05-19 16:00:00+00:00, run_after=2025-05-19 16:01:00+00:00
[2025-05-19T16:01:15.704+0000] {processor.py:208} INFO - Processing /home/airflow/.local/lib/python3.12/site-packages/airflow/example_dags/example_branch_python_dop_operator_3.py took 0.047 seconds
[2025-05-19T16:01:46.556+0000] {processor.py:186} INFO - Started process (PID=1588) to work on /home/airflow/.local/lib/python3.12/site-packages/airflow/example_dags/example_branch_python_dop_operator_3.py
[2025-05-19T16:01:46.557+0000] {processor.py:914} INFO - Processing file /home/airflow/.local/lib/python3.12/site-packages/airflow/example_dags/example_branch_python_dop_operator_3.py for tasks to queue
[2025-05-19T16:01:46.558+0000] {logging_mixin.py:190} INFO - [2025-05-19T16:01:46.558+0000] {dagbag.py:588} INFO - Filling up the DagBag from /home/airflow/.local/lib/python3.12/site-packages/airflow/example_dags/example_branch_python_dop_operator_3.py
[2025-05-19T16:01:46.563+0000] {processor.py:925} INFO - DAG(s) 'example_branch_dop_operator_v3' retrieved from /home/airflow/.local/lib/python3.12/site-packages/airflow/example_dags/example_branch_python_dop_operator_3.py
[2025-05-19T16:01:46.573+0000] {logging_mixin.py:190} INFO - [2025-05-19T16:01:46.573+0000] {dag.py:3239} INFO - Sync 1 DAGs
[2025-05-19T16:01:46.585+0000] {logging_mixin.py:190} INFO - [2025-05-19T16:01:46.585+0000] {dag.py:4180} INFO - Setting next_dagrun for example_branch_dop_operator_v3 to 2025-05-19 16:00:00+00:00, run_after=2025-05-19 16:01:00+00:00
[2025-05-19T16:01:46.594+0000] {processor.py:208} INFO - Processing /home/airflow/.local/lib/python3.12/site-packages/airflow/example_dags/example_branch_python_dop_operator_3.py took 0.040 seconds
[2025-05-19T16:02:17.273+0000] {processor.py:186} INFO - Started process (PID=1645) to work on /home/airflow/.local/lib/python3.12/site-packages/airflow/example_dags/example_branch_python_dop_operator_3.py
[2025-05-19T16:02:17.277+0000] {processor.py:914} INFO - Processing file /home/airflow/.local/lib/python3.12/site-packages/airflow/example_dags/example_branch_python_dop_operator_3.py for tasks to queue
[2025-05-19T16:02:17.279+0000] {logging_mixin.py:190} INFO - [2025-05-19T16:02:17.279+0000] {dagbag.py:588} INFO - Filling up the DagBag from /home/airflow/.local/lib/python3.12/site-packages/airflow/example_dags/example_branch_python_dop_operator_3.py
[2025-05-19T16:02:17.285+0000] {processor.py:925} INFO - DAG(s) 'example_branch_dop_operator_v3' retrieved from /home/airflow/.local/lib/python3.12/site-packages/airflow/example_dags/example_branch_python_dop_operator_3.py
[2025-05-19T16:02:17.297+0000] {logging_mixin.py:190} INFO - [2025-05-19T16:02:17.296+0000] {dag.py:3239} INFO - Sync 1 DAGs
[2025-05-19T16:02:17.311+0000] {logging_mixin.py:190} INFO - [2025-05-19T16:02:17.311+0000] {dag.py:4180} INFO - Setting next_dagrun for example_branch_dop_operator_v3 to 2025-05-19 16:01:00+00:00, run_after=2025-05-19 16:02:00+00:00
[2025-05-19T16:02:17.324+0000] {processor.py:208} INFO - Processing /home/airflow/.local/lib/python3.12/site-packages/airflow/example_dags/example_branch_python_dop_operator_3.py took 0.054 seconds
[2025-05-19T16:02:48.167+0000] {processor.py:186} INFO - Started process (PID=1702) to work on /home/airflow/.local/lib/python3.12/site-packages/airflow/example_dags/example_branch_python_dop_operator_3.py
[2025-05-19T16:02:48.168+0000] {processor.py:914} INFO - Processing file /home/airflow/.local/lib/python3.12/site-packages/airflow/example_dags/example_branch_python_dop_operator_3.py for tasks to queue
[2025-05-19T16:02:48.169+0000] {logging_mixin.py:190} INFO - [2025-05-19T16:02:48.169+0000] {dagbag.py:588} INFO - Filling up the DagBag from /home/airflow/.local/lib/python3.12/site-packages/airflow/example_dags/example_branch_python_dop_operator_3.py
[2025-05-19T16:02:48.175+0000] {processor.py:925} INFO - DAG(s) 'example_branch_dop_operator_v3' retrieved from /home/airflow/.local/lib/python3.12/site-packages/airflow/example_dags/example_branch_python_dop_operator_3.py
[2025-05-19T16:02:48.191+0000] {logging_mixin.py:190} INFO - [2025-05-19T16:02:48.191+0000] {dag.py:3239} INFO - Sync 1 DAGs
[2025-05-19T16:02:48.204+0000] {logging_mixin.py:190} INFO - [2025-05-19T16:02:48.204+0000] {dag.py:4180} INFO - Setting next_dagrun for example_branch_dop_operator_v3 to 2025-05-19 16:01:00+00:00, run_after=2025-05-19 16:02:00+00:00
[2025-05-19T16:02:48.213+0000] {processor.py:208} INFO - Processing /home/airflow/.local/lib/python3.12/site-packages/airflow/example_dags/example_branch_python_dop_operator_3.py took 0.049 seconds
[2025-05-19T16:03:19.242+0000] {processor.py:186} INFO - Started process (PID=1759) to work on /home/airflow/.local/lib/python3.12/site-packages/airflow/example_dags/example_branch_python_dop_operator_3.py
[2025-05-19T16:03:19.243+0000] {processor.py:914} INFO - Processing file /home/airflow/.local/lib/python3.12/site-packages/airflow/example_dags/example_branch_python_dop_operator_3.py for tasks to queue
[2025-05-19T16:03:19.244+0000] {logging_mixin.py:190} INFO - [2025-05-19T16:03:19.244+0000] {dagbag.py:588} INFO - Filling up the DagBag from /home/airflow/.local/lib/python3.12/site-packages/airflow/example_dags/example_branch_python_dop_operator_3.py
[2025-05-19T16:03:19.249+0000] {processor.py:925} INFO - DAG(s) 'example_branch_dop_operator_v3' retrieved from /home/airflow/.local/lib/python3.12/site-packages/airflow/example_dags/example_branch_python_dop_operator_3.py
[2025-05-19T16:03:19.259+0000] {logging_mixin.py:190} INFO - [2025-05-19T16:03:19.259+0000] {dag.py:3239} INFO - Sync 1 DAGs
[2025-05-19T16:03:19.270+0000] {logging_mixin.py:190} INFO - [2025-05-19T16:03:19.270+0000] {dag.py:4180} INFO - Setting next_dagrun for example_branch_dop_operator_v3 to 2025-05-19 16:02:00+00:00, run_after=2025-05-19 16:03:00+00:00
[2025-05-19T16:03:19.279+0000] {processor.py:208} INFO - Processing /home/airflow/.local/lib/python3.12/site-packages/airflow/example_dags/example_branch_python_dop_operator_3.py took 0.040 seconds
[2025-05-19T16:03:50.079+0000] {processor.py:186} INFO - Started process (PID=1816) to work on /home/airflow/.local/lib/python3.12/site-packages/airflow/example_dags/example_branch_python_dop_operator_3.py
[2025-05-19T16:03:50.080+0000] {processor.py:914} INFO - Processing file /home/airflow/.local/lib/python3.12/site-packages/airflow/example_dags/example_branch_python_dop_operator_3.py for tasks to queue
[2025-05-19T16:03:50.082+0000] {logging_mixin.py:190} INFO - [2025-05-19T16:03:50.082+0000] {dagbag.py:588} INFO - Filling up the DagBag from /home/airflow/.local/lib/python3.12/site-packages/airflow/example_dags/example_branch_python_dop_operator_3.py
[2025-05-19T16:03:50.091+0000] {processor.py:925} INFO - DAG(s) 'example_branch_dop_operator_v3' retrieved from /home/airflow/.local/lib/python3.12/site-packages/airflow/example_dags/example_branch_python_dop_operator_3.py
[2025-05-19T16:03:50.101+0000] {logging_mixin.py:190} INFO - [2025-05-19T16:03:50.101+0000] {dag.py:3239} INFO - Sync 1 DAGs
[2025-05-19T16:03:50.113+0000] {logging_mixin.py:190} INFO - [2025-05-19T16:03:50.113+0000] {dag.py:4180} INFO - Setting next_dagrun for example_branch_dop_operator_v3 to 2025-05-19 16:02:00+00:00, run_after=2025-05-19 16:03:00+00:00
[2025-05-19T16:03:50.122+0000] {processor.py:208} INFO - Processing /home/airflow/.local/lib/python3.12/site-packages/airflow/example_dags/example_branch_python_dop_operator_3.py took 0.045 seconds
[2025-05-19T16:04:20.955+0000] {processor.py:186} INFO - Started process (PID=1873) to work on /home/airflow/.local/lib/python3.12/site-packages/airflow/example_dags/example_branch_python_dop_operator_3.py
[2025-05-19T16:04:20.957+0000] {processor.py:914} INFO - Processing file /home/airflow/.local/lib/python3.12/site-packages/airflow/example_dags/example_branch_python_dop_operator_3.py for tasks to queue
[2025-05-19T16:04:20.959+0000] {logging_mixin.py:190} INFO - [2025-05-19T16:04:20.959+0000] {dagbag.py:588} INFO - Filling up the DagBag from /home/airflow/.local/lib/python3.12/site-packages/airflow/example_dags/example_branch_python_dop_operator_3.py
[2025-05-19T16:04:20.965+0000] {processor.py:925} INFO - DAG(s) 'example_branch_dop_operator_v3' retrieved from /home/airflow/.local/lib/python3.12/site-packages/airflow/example_dags/example_branch_python_dop_operator_3.py
[2025-05-19T16:04:20.975+0000] {logging_mixin.py:190} INFO - [2025-05-19T16:04:20.975+0000] {dag.py:3239} INFO - Sync 1 DAGs
[2025-05-19T16:04:20.987+0000] {logging_mixin.py:190} INFO - [2025-05-19T16:04:20.987+0000] {dag.py:4180} INFO - Setting next_dagrun for example_branch_dop_operator_v3 to 2025-05-19 16:03:00+00:00, run_after=2025-05-19 16:04:00+00:00
[2025-05-19T16:04:20.996+0000] {processor.py:208} INFO - Processing /home/airflow/.local/lib/python3.12/site-packages/airflow/example_dags/example_branch_python_dop_operator_3.py took 0.045 seconds
[2025-05-19T16:04:51.587+0000] {processor.py:186} INFO - Started process (PID=1930) to work on /home/airflow/.local/lib/python3.12/site-packages/airflow/example_dags/example_branch_python_dop_operator_3.py
[2025-05-19T16:04:51.590+0000] {processor.py:914} INFO - Processing file /home/airflow/.local/lib/python3.12/site-packages/airflow/example_dags/example_branch_python_dop_operator_3.py for tasks to queue
[2025-05-19T16:04:51.591+0000] {logging_mixin.py:190} INFO - [2025-05-19T16:04:51.591+0000] {dagbag.py:588} INFO - Filling up the DagBag from /home/airflow/.local/lib/python3.12/site-packages/airflow/example_dags/example_branch_python_dop_operator_3.py
[2025-05-19T16:04:51.599+0000] {processor.py:925} INFO - DAG(s) 'example_branch_dop_operator_v3' retrieved from /home/airflow/.local/lib/python3.12/site-packages/airflow/example_dags/example_branch_python_dop_operator_3.py
[2025-05-19T16:04:51.615+0000] {logging_mixin.py:190} INFO - [2025-05-19T16:04:51.614+0000] {dag.py:3239} INFO - Sync 1 DAGs
[2025-05-19T16:04:51.626+0000] {logging_mixin.py:190} INFO - [2025-05-19T16:04:51.626+0000] {dag.py:4180} INFO - Setting next_dagrun for example_branch_dop_operator_v3 to 2025-05-19 16:03:00+00:00, run_after=2025-05-19 16:04:00+00:00
[2025-05-19T16:04:51.635+0000] {processor.py:208} INFO - Processing /home/airflow/.local/lib/python3.12/site-packages/airflow/example_dags/example_branch_python_dop_operator_3.py took 0.052 seconds
