[2025-05-19T15:47:58.920+0000] {processor.py:186} INFO - Started process (PID=68) to work on /home/airflow/.local/lib/python3.12/site-packages/airflow/example_dags/example_branch_operator_decorator.py
[2025-05-19T15:47:58.921+0000] {processor.py:914} INFO - Processing file /home/airflow/.local/lib/python3.12/site-packages/airflow/example_dags/example_branch_operator_decorator.py for tasks to queue
[2025-05-19T15:47:58.923+0000] {logging_mixin.py:190} INFO - [2025-05-19T15:47:58.923+0000] {dagbag.py:588} INFO - Filling up the DagBag from /home/airflow/.local/lib/python3.12/site-packages/airflow/example_dags/example_branch_operator_decorator.py
[2025-05-19T15:47:58.939+0000] {processor.py:925} INFO - DAG(s) 'example_branch_python_operator_decorator' retrieved from /home/airflow/.local/lib/python3.12/site-packages/airflow/example_dags/example_branch_operator_decorator.py
[2025-05-19T15:47:59.001+0000] {logging_mixin.py:190} INFO - [2025-05-19T15:47:59.001+0000] {override.py:1912} INFO - Created Permission View: can delete on DAG:example_branch_python_operator_decorator
[2025-05-19T15:47:59.005+0000] {logging_mixin.py:190} INFO - [2025-05-19T15:47:59.005+0000] {override.py:1912} INFO - Created Permission View: can read on DAG:example_branch_python_operator_decorator
[2025-05-19T15:47:59.009+0000] {logging_mixin.py:190} INFO - [2025-05-19T15:47:59.008+0000] {override.py:1912} INFO - Created Permission View: can edit on DAG:example_branch_python_operator_decorator
[2025-05-19T15:47:59.012+0000] {logging_mixin.py:190} INFO - [2025-05-19T15:47:59.011+0000] {override.py:1912} INFO - Created Permission View: menu access on DAG Run:example_branch_python_operator_decorator
[2025-05-19T15:47:59.014+0000] {logging_mixin.py:190} INFO - [2025-05-19T15:47:59.014+0000] {override.py:1912} INFO - Created Permission View: can create on DAG Run:example_branch_python_operator_decorator
[2025-05-19T15:47:59.017+0000] {logging_mixin.py:190} INFO - [2025-05-19T15:47:59.017+0000] {override.py:1912} INFO - Created Permission View: can delete on DAG Run:example_branch_python_operator_decorator
[2025-05-19T15:47:59.020+0000] {logging_mixin.py:190} INFO - [2025-05-19T15:47:59.020+0000] {override.py:1912} INFO - Created Permission View: can read on DAG Run:example_branch_python_operator_decorator
[2025-05-19T15:47:59.020+0000] {logging_mixin.py:190} INFO - [2025-05-19T15:47:59.020+0000] {dag.py:3239} INFO - Sync 1 DAGs
[2025-05-19T15:47:59.026+0000] {logging_mixin.py:190} INFO - [2025-05-19T15:47:59.026+0000] {dag.py:3262} INFO - Creating ORM DAG for example_branch_python_operator_decorator
[2025-05-19T15:47:59.031+0000] {logging_mixin.py:190} INFO - [2025-05-19T15:47:59.031+0000] {dag.py:4180} INFO - Setting next_dagrun for example_branch_python_operator_decorator to 2025-05-18 00:00:00+00:00, run_after=2025-05-19 00:00:00+00:00
[2025-05-19T15:47:59.039+0000] {processor.py:208} INFO - Processing /home/airflow/.local/lib/python3.12/site-packages/airflow/example_dags/example_branch_operator_decorator.py took 0.123 seconds
[2025-05-19T15:48:29.832+0000] {processor.py:186} INFO - Started process (PID=125) to work on /home/airflow/.local/lib/python3.12/site-packages/airflow/example_dags/example_branch_operator_decorator.py
[2025-05-19T15:48:29.832+0000] {processor.py:914} INFO - Processing file /home/airflow/.local/lib/python3.12/site-packages/airflow/example_dags/example_branch_operator_decorator.py for tasks to queue
[2025-05-19T15:48:29.833+0000] {logging_mixin.py:190} INFO - [2025-05-19T15:48:29.833+0000] {dagbag.py:588} INFO - Filling up the DagBag from /home/airflow/.local/lib/python3.12/site-packages/airflow/example_dags/example_branch_operator_decorator.py
[2025-05-19T15:48:29.844+0000] {processor.py:925} INFO - DAG(s) 'example_branch_python_operator_decorator' retrieved from /home/airflow/.local/lib/python3.12/site-packages/airflow/example_dags/example_branch_operator_decorator.py
[2025-05-19T15:48:29.861+0000] {logging_mixin.py:190} INFO - [2025-05-19T15:48:29.861+0000] {dag.py:3239} INFO - Sync 1 DAGs
[2025-05-19T15:48:29.874+0000] {logging_mixin.py:190} INFO - [2025-05-19T15:48:29.874+0000] {dag.py:4180} INFO - Setting next_dagrun for example_branch_python_operator_decorator to 2025-05-18 00:00:00+00:00, run_after=2025-05-19 00:00:00+00:00
[2025-05-19T15:48:29.884+0000] {processor.py:208} INFO - Processing /home/airflow/.local/lib/python3.12/site-packages/airflow/example_dags/example_branch_operator_decorator.py took 0.055 seconds
[2025-05-19T15:49:00.578+0000] {processor.py:186} INFO - Started process (PID=182) to work on /home/airflow/.local/lib/python3.12/site-packages/airflow/example_dags/example_branch_operator_decorator.py
[2025-05-19T15:49:00.578+0000] {processor.py:914} INFO - Processing file /home/airflow/.local/lib/python3.12/site-packages/airflow/example_dags/example_branch_operator_decorator.py for tasks to queue
[2025-05-19T15:49:00.579+0000] {logging_mixin.py:190} INFO - [2025-05-19T15:49:00.579+0000] {dagbag.py:588} INFO - Filling up the DagBag from /home/airflow/.local/lib/python3.12/site-packages/airflow/example_dags/example_branch_operator_decorator.py
[2025-05-19T15:49:00.589+0000] {processor.py:925} INFO - DAG(s) 'example_branch_python_operator_decorator' retrieved from /home/airflow/.local/lib/python3.12/site-packages/airflow/example_dags/example_branch_operator_decorator.py
[2025-05-19T15:49:00.603+0000] {logging_mixin.py:190} INFO - [2025-05-19T15:49:00.603+0000] {dag.py:3239} INFO - Sync 1 DAGs
[2025-05-19T15:49:00.615+0000] {logging_mixin.py:190} INFO - [2025-05-19T15:49:00.615+0000] {dag.py:4180} INFO - Setting next_dagrun for example_branch_python_operator_decorator to 2025-05-18 00:00:00+00:00, run_after=2025-05-19 00:00:00+00:00
[2025-05-19T15:49:00.625+0000] {processor.py:208} INFO - Processing /home/airflow/.local/lib/python3.12/site-packages/airflow/example_dags/example_branch_operator_decorator.py took 0.050 seconds
[2025-05-19T15:49:31.346+0000] {processor.py:186} INFO - Started process (PID=239) to work on /home/airflow/.local/lib/python3.12/site-packages/airflow/example_dags/example_branch_operator_decorator.py
[2025-05-19T15:49:31.346+0000] {processor.py:914} INFO - Processing file /home/airflow/.local/lib/python3.12/site-packages/airflow/example_dags/example_branch_operator_decorator.py for tasks to queue
[2025-05-19T15:49:31.348+0000] {logging_mixin.py:190} INFO - [2025-05-19T15:49:31.347+0000] {dagbag.py:588} INFO - Filling up the DagBag from /home/airflow/.local/lib/python3.12/site-packages/airflow/example_dags/example_branch_operator_decorator.py
[2025-05-19T15:49:31.357+0000] {processor.py:925} INFO - DAG(s) 'example_branch_python_operator_decorator' retrieved from /home/airflow/.local/lib/python3.12/site-packages/airflow/example_dags/example_branch_operator_decorator.py
[2025-05-19T15:49:31.370+0000] {logging_mixin.py:190} INFO - [2025-05-19T15:49:31.370+0000] {dag.py:3239} INFO - Sync 1 DAGs
[2025-05-19T15:49:31.383+0000] {logging_mixin.py:190} INFO - [2025-05-19T15:49:31.383+0000] {dag.py:4180} INFO - Setting next_dagrun for example_branch_python_operator_decorator to 2025-05-18 00:00:00+00:00, run_after=2025-05-19 00:00:00+00:00
[2025-05-19T15:49:31.391+0000] {processor.py:208} INFO - Processing /home/airflow/.local/lib/python3.12/site-packages/airflow/example_dags/example_branch_operator_decorator.py took 0.049 seconds
[2025-05-19T15:50:02.234+0000] {processor.py:186} INFO - Started process (PID=296) to work on /home/airflow/.local/lib/python3.12/site-packages/airflow/example_dags/example_branch_operator_decorator.py
[2025-05-19T15:50:02.235+0000] {processor.py:914} INFO - Processing file /home/airflow/.local/lib/python3.12/site-packages/airflow/example_dags/example_branch_operator_decorator.py for tasks to queue
[2025-05-19T15:50:02.236+0000] {logging_mixin.py:190} INFO - [2025-05-19T15:50:02.236+0000] {dagbag.py:588} INFO - Filling up the DagBag from /home/airflow/.local/lib/python3.12/site-packages/airflow/example_dags/example_branch_operator_decorator.py
[2025-05-19T15:50:02.245+0000] {processor.py:925} INFO - DAG(s) 'example_branch_python_operator_decorator' retrieved from /home/airflow/.local/lib/python3.12/site-packages/airflow/example_dags/example_branch_operator_decorator.py
[2025-05-19T15:50:02.259+0000] {logging_mixin.py:190} INFO - [2025-05-19T15:50:02.259+0000] {dag.py:3239} INFO - Sync 1 DAGs
[2025-05-19T15:50:02.271+0000] {logging_mixin.py:190} INFO - [2025-05-19T15:50:02.270+0000] {dag.py:4180} INFO - Setting next_dagrun for example_branch_python_operator_decorator to 2025-05-18 00:00:00+00:00, run_after=2025-05-19 00:00:00+00:00
[2025-05-19T15:50:02.281+0000] {processor.py:208} INFO - Processing /home/airflow/.local/lib/python3.12/site-packages/airflow/example_dags/example_branch_operator_decorator.py took 0.050 seconds
[2025-05-19T15:50:32.939+0000] {processor.py:186} INFO - Started process (PID=353) to work on /home/airflow/.local/lib/python3.12/site-packages/airflow/example_dags/example_branch_operator_decorator.py
[2025-05-19T15:50:32.939+0000] {processor.py:914} INFO - Processing file /home/airflow/.local/lib/python3.12/site-packages/airflow/example_dags/example_branch_operator_decorator.py for tasks to queue
[2025-05-19T15:50:32.940+0000] {logging_mixin.py:190} INFO - [2025-05-19T15:50:32.940+0000] {dagbag.py:588} INFO - Filling up the DagBag from /home/airflow/.local/lib/python3.12/site-packages/airflow/example_dags/example_branch_operator_decorator.py
[2025-05-19T15:50:32.950+0000] {processor.py:925} INFO - DAG(s) 'example_branch_python_operator_decorator' retrieved from /home/airflow/.local/lib/python3.12/site-packages/airflow/example_dags/example_branch_operator_decorator.py
[2025-05-19T15:50:32.963+0000] {logging_mixin.py:190} INFO - [2025-05-19T15:50:32.962+0000] {dag.py:3239} INFO - Sync 1 DAGs
[2025-05-19T15:50:32.974+0000] {logging_mixin.py:190} INFO - [2025-05-19T15:50:32.974+0000] {dag.py:4180} INFO - Setting next_dagrun for example_branch_python_operator_decorator to 2025-05-18 00:00:00+00:00, run_after=2025-05-19 00:00:00+00:00
[2025-05-19T15:50:32.985+0000] {processor.py:208} INFO - Processing /home/airflow/.local/lib/python3.12/site-packages/airflow/example_dags/example_branch_operator_decorator.py took 0.049 seconds
[2025-05-19T15:51:03.565+0000] {processor.py:186} INFO - Started process (PID=410) to work on /home/airflow/.local/lib/python3.12/site-packages/airflow/example_dags/example_branch_operator_decorator.py
[2025-05-19T15:51:03.566+0000] {processor.py:914} INFO - Processing file /home/airflow/.local/lib/python3.12/site-packages/airflow/example_dags/example_branch_operator_decorator.py for tasks to queue
[2025-05-19T15:51:03.567+0000] {logging_mixin.py:190} INFO - [2025-05-19T15:51:03.567+0000] {dagbag.py:588} INFO - Filling up the DagBag from /home/airflow/.local/lib/python3.12/site-packages/airflow/example_dags/example_branch_operator_decorator.py
[2025-05-19T15:51:03.577+0000] {processor.py:925} INFO - DAG(s) 'example_branch_python_operator_decorator' retrieved from /home/airflow/.local/lib/python3.12/site-packages/airflow/example_dags/example_branch_operator_decorator.py
[2025-05-19T15:51:03.591+0000] {logging_mixin.py:190} INFO - [2025-05-19T15:51:03.591+0000] {dag.py:3239} INFO - Sync 1 DAGs
[2025-05-19T15:51:03.602+0000] {logging_mixin.py:190} INFO - [2025-05-19T15:51:03.602+0000] {dag.py:4180} INFO - Setting next_dagrun for example_branch_python_operator_decorator to 2025-05-18 00:00:00+00:00, run_after=2025-05-19 00:00:00+00:00
[2025-05-19T15:51:03.610+0000] {processor.py:208} INFO - Processing /home/airflow/.local/lib/python3.12/site-packages/airflow/example_dags/example_branch_operator_decorator.py took 0.048 seconds
[2025-05-19T15:51:34.229+0000] {processor.py:186} INFO - Started process (PID=467) to work on /home/airflow/.local/lib/python3.12/site-packages/airflow/example_dags/example_branch_operator_decorator.py
[2025-05-19T15:51:34.229+0000] {processor.py:914} INFO - Processing file /home/airflow/.local/lib/python3.12/site-packages/airflow/example_dags/example_branch_operator_decorator.py for tasks to queue
[2025-05-19T15:51:34.231+0000] {logging_mixin.py:190} INFO - [2025-05-19T15:51:34.231+0000] {dagbag.py:588} INFO - Filling up the DagBag from /home/airflow/.local/lib/python3.12/site-packages/airflow/example_dags/example_branch_operator_decorator.py
[2025-05-19T15:51:34.243+0000] {processor.py:925} INFO - DAG(s) 'example_branch_python_operator_decorator' retrieved from /home/airflow/.local/lib/python3.12/site-packages/airflow/example_dags/example_branch_operator_decorator.py
[2025-05-19T15:51:34.257+0000] {logging_mixin.py:190} INFO - [2025-05-19T15:51:34.257+0000] {dag.py:3239} INFO - Sync 1 DAGs
[2025-05-19T15:51:34.268+0000] {logging_mixin.py:190} INFO - [2025-05-19T15:51:34.268+0000] {dag.py:4180} INFO - Setting next_dagrun for example_branch_python_operator_decorator to 2025-05-18 00:00:00+00:00, run_after=2025-05-19 00:00:00+00:00
[2025-05-19T15:51:34.277+0000] {processor.py:208} INFO - Processing /home/airflow/.local/lib/python3.12/site-packages/airflow/example_dags/example_branch_operator_decorator.py took 0.052 seconds
[2025-05-19T15:52:04.927+0000] {processor.py:186} INFO - Started process (PID=524) to work on /home/airflow/.local/lib/python3.12/site-packages/airflow/example_dags/example_branch_operator_decorator.py
[2025-05-19T15:52:04.928+0000] {processor.py:914} INFO - Processing file /home/airflow/.local/lib/python3.12/site-packages/airflow/example_dags/example_branch_operator_decorator.py for tasks to queue
[2025-05-19T15:52:04.929+0000] {logging_mixin.py:190} INFO - [2025-05-19T15:52:04.929+0000] {dagbag.py:588} INFO - Filling up the DagBag from /home/airflow/.local/lib/python3.12/site-packages/airflow/example_dags/example_branch_operator_decorator.py
[2025-05-19T15:52:04.939+0000] {processor.py:925} INFO - DAG(s) 'example_branch_python_operator_decorator' retrieved from /home/airflow/.local/lib/python3.12/site-packages/airflow/example_dags/example_branch_operator_decorator.py
[2025-05-19T15:52:04.953+0000] {logging_mixin.py:190} INFO - [2025-05-19T15:52:04.953+0000] {dag.py:3239} INFO - Sync 1 DAGs
[2025-05-19T15:52:04.964+0000] {logging_mixin.py:190} INFO - [2025-05-19T15:52:04.964+0000] {dag.py:4180} INFO - Setting next_dagrun for example_branch_python_operator_decorator to 2025-05-18 00:00:00+00:00, run_after=2025-05-19 00:00:00+00:00
[2025-05-19T15:52:04.975+0000] {processor.py:208} INFO - Processing /home/airflow/.local/lib/python3.12/site-packages/airflow/example_dags/example_branch_operator_decorator.py took 0.051 seconds
[2025-05-19T15:52:34.999+0000] {processor.py:186} INFO - Started process (PID=580) to work on /home/airflow/.local/lib/python3.12/site-packages/airflow/example_dags/example_branch_operator_decorator.py
[2025-05-19T15:52:34.999+0000] {processor.py:914} INFO - Processing file /home/airflow/.local/lib/python3.12/site-packages/airflow/example_dags/example_branch_operator_decorator.py for tasks to queue
[2025-05-19T15:52:35.001+0000] {logging_mixin.py:190} INFO - [2025-05-19T15:52:35.000+0000] {dagbag.py:588} INFO - Filling up the DagBag from /home/airflow/.local/lib/python3.12/site-packages/airflow/example_dags/example_branch_operator_decorator.py
[2025-05-19T15:52:35.011+0000] {processor.py:925} INFO - DAG(s) 'example_branch_python_operator_decorator' retrieved from /home/airflow/.local/lib/python3.12/site-packages/airflow/example_dags/example_branch_operator_decorator.py
[2025-05-19T15:52:35.024+0000] {logging_mixin.py:190} INFO - [2025-05-19T15:52:35.024+0000] {dag.py:3239} INFO - Sync 1 DAGs
[2025-05-19T15:52:35.035+0000] {logging_mixin.py:190} INFO - [2025-05-19T15:52:35.035+0000] {dag.py:4180} INFO - Setting next_dagrun for example_branch_python_operator_decorator to 2025-05-18 00:00:00+00:00, run_after=2025-05-19 00:00:00+00:00
[2025-05-19T15:52:35.043+0000] {processor.py:208} INFO - Processing /home/airflow/.local/lib/python3.12/site-packages/airflow/example_dags/example_branch_operator_decorator.py took 0.047 seconds
[2025-05-19T15:53:05.474+0000] {processor.py:186} INFO - Started process (PID=637) to work on /home/airflow/.local/lib/python3.12/site-packages/airflow/example_dags/example_branch_operator_decorator.py
[2025-05-19T15:53:05.476+0000] {processor.py:914} INFO - Processing file /home/airflow/.local/lib/python3.12/site-packages/airflow/example_dags/example_branch_operator_decorator.py for tasks to queue
[2025-05-19T15:53:05.477+0000] {logging_mixin.py:190} INFO - [2025-05-19T15:53:05.477+0000] {dagbag.py:588} INFO - Filling up the DagBag from /home/airflow/.local/lib/python3.12/site-packages/airflow/example_dags/example_branch_operator_decorator.py
[2025-05-19T15:53:05.487+0000] {processor.py:925} INFO - DAG(s) 'example_branch_python_operator_decorator' retrieved from /home/airflow/.local/lib/python3.12/site-packages/airflow/example_dags/example_branch_operator_decorator.py
[2025-05-19T15:53:05.502+0000] {logging_mixin.py:190} INFO - [2025-05-19T15:53:05.502+0000] {dag.py:3239} INFO - Sync 1 DAGs
[2025-05-19T15:53:05.514+0000] {logging_mixin.py:190} INFO - [2025-05-19T15:53:05.514+0000] {dag.py:4180} INFO - Setting next_dagrun for example_branch_python_operator_decorator to 2025-05-18 00:00:00+00:00, run_after=2025-05-19 00:00:00+00:00
[2025-05-19T15:53:05.523+0000] {processor.py:208} INFO - Processing /home/airflow/.local/lib/python3.12/site-packages/airflow/example_dags/example_branch_operator_decorator.py took 0.052 seconds
[2025-05-19T15:53:36.287+0000] {processor.py:186} INFO - Started process (PID=694) to work on /home/airflow/.local/lib/python3.12/site-packages/airflow/example_dags/example_branch_operator_decorator.py
[2025-05-19T15:53:36.288+0000] {processor.py:914} INFO - Processing file /home/airflow/.local/lib/python3.12/site-packages/airflow/example_dags/example_branch_operator_decorator.py for tasks to queue
[2025-05-19T15:53:36.290+0000] {logging_mixin.py:190} INFO - [2025-05-19T15:53:36.289+0000] {dagbag.py:588} INFO - Filling up the DagBag from /home/airflow/.local/lib/python3.12/site-packages/airflow/example_dags/example_branch_operator_decorator.py
[2025-05-19T15:53:36.300+0000] {processor.py:925} INFO - DAG(s) 'example_branch_python_operator_decorator' retrieved from /home/airflow/.local/lib/python3.12/site-packages/airflow/example_dags/example_branch_operator_decorator.py
[2025-05-19T15:53:36.313+0000] {logging_mixin.py:190} INFO - [2025-05-19T15:53:36.313+0000] {dag.py:3239} INFO - Sync 1 DAGs
[2025-05-19T15:53:36.324+0000] {logging_mixin.py:190} INFO - [2025-05-19T15:53:36.324+0000] {dag.py:4180} INFO - Setting next_dagrun for example_branch_python_operator_decorator to 2025-05-18 00:00:00+00:00, run_after=2025-05-19 00:00:00+00:00
[2025-05-19T15:53:36.332+0000] {processor.py:208} INFO - Processing /home/airflow/.local/lib/python3.12/site-packages/airflow/example_dags/example_branch_operator_decorator.py took 0.048 seconds
[2025-05-19T15:54:07.563+0000] {processor.py:186} INFO - Started process (PID=751) to work on /home/airflow/.local/lib/python3.12/site-packages/airflow/example_dags/example_branch_operator_decorator.py
[2025-05-19T15:54:07.563+0000] {processor.py:914} INFO - Processing file /home/airflow/.local/lib/python3.12/site-packages/airflow/example_dags/example_branch_operator_decorator.py for tasks to queue
[2025-05-19T15:54:07.564+0000] {logging_mixin.py:190} INFO - [2025-05-19T15:54:07.564+0000] {dagbag.py:588} INFO - Filling up the DagBag from /home/airflow/.local/lib/python3.12/site-packages/airflow/example_dags/example_branch_operator_decorator.py
[2025-05-19T15:54:07.577+0000] {processor.py:925} INFO - DAG(s) 'example_branch_python_operator_decorator' retrieved from /home/airflow/.local/lib/python3.12/site-packages/airflow/example_dags/example_branch_operator_decorator.py
[2025-05-19T15:54:07.593+0000] {logging_mixin.py:190} INFO - [2025-05-19T15:54:07.593+0000] {dag.py:3239} INFO - Sync 1 DAGs
[2025-05-19T15:54:07.604+0000] {logging_mixin.py:190} INFO - [2025-05-19T15:54:07.604+0000] {dag.py:4180} INFO - Setting next_dagrun for example_branch_python_operator_decorator to 2025-05-18 00:00:00+00:00, run_after=2025-05-19 00:00:00+00:00
[2025-05-19T15:54:07.614+0000] {processor.py:208} INFO - Processing /home/airflow/.local/lib/python3.12/site-packages/airflow/example_dags/example_branch_operator_decorator.py took 0.055 seconds
[2025-05-19T15:54:38.845+0000] {processor.py:186} INFO - Started process (PID=808) to work on /home/airflow/.local/lib/python3.12/site-packages/airflow/example_dags/example_branch_operator_decorator.py
[2025-05-19T15:54:38.846+0000] {processor.py:914} INFO - Processing file /home/airflow/.local/lib/python3.12/site-packages/airflow/example_dags/example_branch_operator_decorator.py for tasks to queue
[2025-05-19T15:54:38.849+0000] {logging_mixin.py:190} INFO - [2025-05-19T15:54:38.848+0000] {dagbag.py:588} INFO - Filling up the DagBag from /home/airflow/.local/lib/python3.12/site-packages/airflow/example_dags/example_branch_operator_decorator.py
[2025-05-19T15:54:38.861+0000] {processor.py:925} INFO - DAG(s) 'example_branch_python_operator_decorator' retrieved from /home/airflow/.local/lib/python3.12/site-packages/airflow/example_dags/example_branch_operator_decorator.py
[2025-05-19T15:54:38.876+0000] {logging_mixin.py:190} INFO - [2025-05-19T15:54:38.876+0000] {dag.py:3239} INFO - Sync 1 DAGs
[2025-05-19T15:54:38.888+0000] {logging_mixin.py:190} INFO - [2025-05-19T15:54:38.888+0000] {dag.py:4180} INFO - Setting next_dagrun for example_branch_python_operator_decorator to 2025-05-18 00:00:00+00:00, run_after=2025-05-19 00:00:00+00:00
[2025-05-19T15:54:38.897+0000] {processor.py:208} INFO - Processing /home/airflow/.local/lib/python3.12/site-packages/airflow/example_dags/example_branch_operator_decorator.py took 0.056 seconds
[2025-05-19T15:55:10.187+0000] {processor.py:186} INFO - Started process (PID=865) to work on /home/airflow/.local/lib/python3.12/site-packages/airflow/example_dags/example_branch_operator_decorator.py
[2025-05-19T15:55:10.188+0000] {processor.py:914} INFO - Processing file /home/airflow/.local/lib/python3.12/site-packages/airflow/example_dags/example_branch_operator_decorator.py for tasks to queue
[2025-05-19T15:55:10.189+0000] {logging_mixin.py:190} INFO - [2025-05-19T15:55:10.189+0000] {dagbag.py:588} INFO - Filling up the DagBag from /home/airflow/.local/lib/python3.12/site-packages/airflow/example_dags/example_branch_operator_decorator.py
[2025-05-19T15:55:10.199+0000] {processor.py:925} INFO - DAG(s) 'example_branch_python_operator_decorator' retrieved from /home/airflow/.local/lib/python3.12/site-packages/airflow/example_dags/example_branch_operator_decorator.py
[2025-05-19T15:55:10.215+0000] {logging_mixin.py:190} INFO - [2025-05-19T15:55:10.215+0000] {dag.py:3239} INFO - Sync 1 DAGs
[2025-05-19T15:55:10.225+0000] {logging_mixin.py:190} INFO - [2025-05-19T15:55:10.225+0000] {dag.py:4180} INFO - Setting next_dagrun for example_branch_python_operator_decorator to 2025-05-18 00:00:00+00:00, run_after=2025-05-19 00:00:00+00:00
[2025-05-19T15:55:10.236+0000] {processor.py:208} INFO - Processing /home/airflow/.local/lib/python3.12/site-packages/airflow/example_dags/example_branch_operator_decorator.py took 0.052 seconds
[2025-05-19T15:55:41.102+0000] {processor.py:186} INFO - Started process (PID=923) to work on /home/airflow/.local/lib/python3.12/site-packages/airflow/example_dags/example_branch_operator_decorator.py
[2025-05-19T15:55:41.103+0000] {processor.py:914} INFO - Processing file /home/airflow/.local/lib/python3.12/site-packages/airflow/example_dags/example_branch_operator_decorator.py for tasks to queue
[2025-05-19T15:55:41.104+0000] {logging_mixin.py:190} INFO - [2025-05-19T15:55:41.104+0000] {dagbag.py:588} INFO - Filling up the DagBag from /home/airflow/.local/lib/python3.12/site-packages/airflow/example_dags/example_branch_operator_decorator.py
[2025-05-19T15:55:41.115+0000] {processor.py:925} INFO - DAG(s) 'example_branch_python_operator_decorator' retrieved from /home/airflow/.local/lib/python3.12/site-packages/airflow/example_dags/example_branch_operator_decorator.py
[2025-05-19T15:55:41.129+0000] {logging_mixin.py:190} INFO - [2025-05-19T15:55:41.129+0000] {dag.py:3239} INFO - Sync 1 DAGs
[2025-05-19T15:55:41.140+0000] {logging_mixin.py:190} INFO - [2025-05-19T15:55:41.140+0000] {dag.py:4180} INFO - Setting next_dagrun for example_branch_python_operator_decorator to 2025-05-18 00:00:00+00:00, run_after=2025-05-19 00:00:00+00:00
[2025-05-19T15:55:41.150+0000] {processor.py:208} INFO - Processing /home/airflow/.local/lib/python3.12/site-packages/airflow/example_dags/example_branch_operator_decorator.py took 0.051 seconds
[2025-05-19T15:56:12.217+0000] {processor.py:186} INFO - Started process (PID=980) to work on /home/airflow/.local/lib/python3.12/site-packages/airflow/example_dags/example_branch_operator_decorator.py
[2025-05-19T15:56:12.217+0000] {processor.py:914} INFO - Processing file /home/airflow/.local/lib/python3.12/site-packages/airflow/example_dags/example_branch_operator_decorator.py for tasks to queue
[2025-05-19T15:56:12.219+0000] {logging_mixin.py:190} INFO - [2025-05-19T15:56:12.219+0000] {dagbag.py:588} INFO - Filling up the DagBag from /home/airflow/.local/lib/python3.12/site-packages/airflow/example_dags/example_branch_operator_decorator.py
[2025-05-19T15:56:12.230+0000] {processor.py:925} INFO - DAG(s) 'example_branch_python_operator_decorator' retrieved from /home/airflow/.local/lib/python3.12/site-packages/airflow/example_dags/example_branch_operator_decorator.py
[2025-05-19T15:56:12.246+0000] {logging_mixin.py:190} INFO - [2025-05-19T15:56:12.246+0000] {dag.py:3239} INFO - Sync 1 DAGs
[2025-05-19T15:56:12.258+0000] {logging_mixin.py:190} INFO - [2025-05-19T15:56:12.258+0000] {dag.py:4180} INFO - Setting next_dagrun for example_branch_python_operator_decorator to 2025-05-18 00:00:00+00:00, run_after=2025-05-19 00:00:00+00:00
[2025-05-19T15:56:12.266+0000] {processor.py:208} INFO - Processing /home/airflow/.local/lib/python3.12/site-packages/airflow/example_dags/example_branch_operator_decorator.py took 0.052 seconds
[2025-05-19T15:56:43.368+0000] {processor.py:186} INFO - Started process (PID=1037) to work on /home/airflow/.local/lib/python3.12/site-packages/airflow/example_dags/example_branch_operator_decorator.py
[2025-05-19T15:56:43.369+0000] {processor.py:914} INFO - Processing file /home/airflow/.local/lib/python3.12/site-packages/airflow/example_dags/example_branch_operator_decorator.py for tasks to queue
[2025-05-19T15:56:43.370+0000] {logging_mixin.py:190} INFO - [2025-05-19T15:56:43.370+0000] {dagbag.py:588} INFO - Filling up the DagBag from /home/airflow/.local/lib/python3.12/site-packages/airflow/example_dags/example_branch_operator_decorator.py
[2025-05-19T15:56:43.380+0000] {processor.py:925} INFO - DAG(s) 'example_branch_python_operator_decorator' retrieved from /home/airflow/.local/lib/python3.12/site-packages/airflow/example_dags/example_branch_operator_decorator.py
[2025-05-19T15:56:43.396+0000] {logging_mixin.py:190} INFO - [2025-05-19T15:56:43.395+0000] {dag.py:3239} INFO - Sync 1 DAGs
[2025-05-19T15:56:43.410+0000] {logging_mixin.py:190} INFO - [2025-05-19T15:56:43.410+0000] {dag.py:4180} INFO - Setting next_dagrun for example_branch_python_operator_decorator to 2025-05-18 00:00:00+00:00, run_after=2025-05-19 00:00:00+00:00
[2025-05-19T15:56:43.422+0000] {processor.py:208} INFO - Processing /home/airflow/.local/lib/python3.12/site-packages/airflow/example_dags/example_branch_operator_decorator.py took 0.057 seconds
[2025-05-19T15:57:14.112+0000] {processor.py:186} INFO - Started process (PID=1094) to work on /home/airflow/.local/lib/python3.12/site-packages/airflow/example_dags/example_branch_operator_decorator.py
[2025-05-19T15:57:14.113+0000] {processor.py:914} INFO - Processing file /home/airflow/.local/lib/python3.12/site-packages/airflow/example_dags/example_branch_operator_decorator.py for tasks to queue
[2025-05-19T15:57:14.115+0000] {logging_mixin.py:190} INFO - [2025-05-19T15:57:14.114+0000] {dagbag.py:588} INFO - Filling up the DagBag from /home/airflow/.local/lib/python3.12/site-packages/airflow/example_dags/example_branch_operator_decorator.py
[2025-05-19T15:57:14.124+0000] {processor.py:925} INFO - DAG(s) 'example_branch_python_operator_decorator' retrieved from /home/airflow/.local/lib/python3.12/site-packages/airflow/example_dags/example_branch_operator_decorator.py
[2025-05-19T15:57:14.138+0000] {logging_mixin.py:190} INFO - [2025-05-19T15:57:14.138+0000] {dag.py:3239} INFO - Sync 1 DAGs
[2025-05-19T15:57:14.148+0000] {logging_mixin.py:190} INFO - [2025-05-19T15:57:14.148+0000] {dag.py:4180} INFO - Setting next_dagrun for example_branch_python_operator_decorator to 2025-05-18 00:00:00+00:00, run_after=2025-05-19 00:00:00+00:00
[2025-05-19T15:57:14.156+0000] {processor.py:208} INFO - Processing /home/airflow/.local/lib/python3.12/site-packages/airflow/example_dags/example_branch_operator_decorator.py took 0.047 seconds
[2025-05-19T15:57:45.050+0000] {processor.py:186} INFO - Started process (PID=1151) to work on /home/airflow/.local/lib/python3.12/site-packages/airflow/example_dags/example_branch_operator_decorator.py
[2025-05-19T15:57:45.051+0000] {processor.py:914} INFO - Processing file /home/airflow/.local/lib/python3.12/site-packages/airflow/example_dags/example_branch_operator_decorator.py for tasks to queue
[2025-05-19T15:57:45.052+0000] {logging_mixin.py:190} INFO - [2025-05-19T15:57:45.052+0000] {dagbag.py:588} INFO - Filling up the DagBag from /home/airflow/.local/lib/python3.12/site-packages/airflow/example_dags/example_branch_operator_decorator.py
[2025-05-19T15:57:45.062+0000] {processor.py:925} INFO - DAG(s) 'example_branch_python_operator_decorator' retrieved from /home/airflow/.local/lib/python3.12/site-packages/airflow/example_dags/example_branch_operator_decorator.py
[2025-05-19T15:57:45.077+0000] {logging_mixin.py:190} INFO - [2025-05-19T15:57:45.077+0000] {dag.py:3239} INFO - Sync 1 DAGs
[2025-05-19T15:57:45.089+0000] {logging_mixin.py:190} INFO - [2025-05-19T15:57:45.089+0000] {dag.py:4180} INFO - Setting next_dagrun for example_branch_python_operator_decorator to 2025-05-18 00:00:00+00:00, run_after=2025-05-19 00:00:00+00:00
[2025-05-19T15:57:45.099+0000] {processor.py:208} INFO - Processing /home/airflow/.local/lib/python3.12/site-packages/airflow/example_dags/example_branch_operator_decorator.py took 0.052 seconds
[2025-05-19T15:58:15.999+0000] {processor.py:186} INFO - Started process (PID=1208) to work on /home/airflow/.local/lib/python3.12/site-packages/airflow/example_dags/example_branch_operator_decorator.py
[2025-05-19T15:58:15.999+0000] {processor.py:914} INFO - Processing file /home/airflow/.local/lib/python3.12/site-packages/airflow/example_dags/example_branch_operator_decorator.py for tasks to queue
[2025-05-19T15:58:16.000+0000] {logging_mixin.py:190} INFO - [2025-05-19T15:58:16.000+0000] {dagbag.py:588} INFO - Filling up the DagBag from /home/airflow/.local/lib/python3.12/site-packages/airflow/example_dags/example_branch_operator_decorator.py
[2025-05-19T15:58:16.010+0000] {processor.py:925} INFO - DAG(s) 'example_branch_python_operator_decorator' retrieved from /home/airflow/.local/lib/python3.12/site-packages/airflow/example_dags/example_branch_operator_decorator.py
[2025-05-19T15:58:16.024+0000] {logging_mixin.py:190} INFO - [2025-05-19T15:58:16.024+0000] {dag.py:3239} INFO - Sync 1 DAGs
[2025-05-19T15:58:16.035+0000] {logging_mixin.py:190} INFO - [2025-05-19T15:58:16.035+0000] {dag.py:4180} INFO - Setting next_dagrun for example_branch_python_operator_decorator to 2025-05-18 00:00:00+00:00, run_after=2025-05-19 00:00:00+00:00
[2025-05-19T15:58:16.043+0000] {processor.py:208} INFO - Processing /home/airflow/.local/lib/python3.12/site-packages/airflow/example_dags/example_branch_operator_decorator.py took 0.048 seconds
[2025-05-19T15:58:46.802+0000] {processor.py:186} INFO - Started process (PID=1265) to work on /home/airflow/.local/lib/python3.12/site-packages/airflow/example_dags/example_branch_operator_decorator.py
[2025-05-19T15:58:46.803+0000] {processor.py:914} INFO - Processing file /home/airflow/.local/lib/python3.12/site-packages/airflow/example_dags/example_branch_operator_decorator.py for tasks to queue
[2025-05-19T15:58:46.805+0000] {logging_mixin.py:190} INFO - [2025-05-19T15:58:46.805+0000] {dagbag.py:588} INFO - Filling up the DagBag from /home/airflow/.local/lib/python3.12/site-packages/airflow/example_dags/example_branch_operator_decorator.py
[2025-05-19T15:58:46.816+0000] {processor.py:925} INFO - DAG(s) 'example_branch_python_operator_decorator' retrieved from /home/airflow/.local/lib/python3.12/site-packages/airflow/example_dags/example_branch_operator_decorator.py
[2025-05-19T15:58:46.829+0000] {logging_mixin.py:190} INFO - [2025-05-19T15:58:46.829+0000] {dag.py:3239} INFO - Sync 1 DAGs
[2025-05-19T15:58:46.841+0000] {logging_mixin.py:190} INFO - [2025-05-19T15:58:46.841+0000] {dag.py:4180} INFO - Setting next_dagrun for example_branch_python_operator_decorator to 2025-05-18 00:00:00+00:00, run_after=2025-05-19 00:00:00+00:00
[2025-05-19T15:58:46.850+0000] {processor.py:208} INFO - Processing /home/airflow/.local/lib/python3.12/site-packages/airflow/example_dags/example_branch_operator_decorator.py took 0.054 seconds
[2025-05-19T15:59:17.835+0000] {processor.py:186} INFO - Started process (PID=1322) to work on /home/airflow/.local/lib/python3.12/site-packages/airflow/example_dags/example_branch_operator_decorator.py
[2025-05-19T15:59:17.837+0000] {processor.py:914} INFO - Processing file /home/airflow/.local/lib/python3.12/site-packages/airflow/example_dags/example_branch_operator_decorator.py for tasks to queue
[2025-05-19T15:59:17.838+0000] {logging_mixin.py:190} INFO - [2025-05-19T15:59:17.838+0000] {dagbag.py:588} INFO - Filling up the DagBag from /home/airflow/.local/lib/python3.12/site-packages/airflow/example_dags/example_branch_operator_decorator.py
[2025-05-19T15:59:17.849+0000] {processor.py:925} INFO - DAG(s) 'example_branch_python_operator_decorator' retrieved from /home/airflow/.local/lib/python3.12/site-packages/airflow/example_dags/example_branch_operator_decorator.py
[2025-05-19T15:59:17.864+0000] {logging_mixin.py:190} INFO - [2025-05-19T15:59:17.864+0000] {dag.py:3239} INFO - Sync 1 DAGs
[2025-05-19T15:59:17.877+0000] {logging_mixin.py:190} INFO - [2025-05-19T15:59:17.877+0000] {dag.py:4180} INFO - Setting next_dagrun for example_branch_python_operator_decorator to 2025-05-18 00:00:00+00:00, run_after=2025-05-19 00:00:00+00:00
[2025-05-19T15:59:17.886+0000] {processor.py:208} INFO - Processing /home/airflow/.local/lib/python3.12/site-packages/airflow/example_dags/example_branch_operator_decorator.py took 0.054 seconds
[2025-05-19T15:59:48.841+0000] {processor.py:186} INFO - Started process (PID=1379) to work on /home/airflow/.local/lib/python3.12/site-packages/airflow/example_dags/example_branch_operator_decorator.py
[2025-05-19T15:59:48.844+0000] {processor.py:914} INFO - Processing file /home/airflow/.local/lib/python3.12/site-packages/airflow/example_dags/example_branch_operator_decorator.py for tasks to queue
[2025-05-19T15:59:48.845+0000] {logging_mixin.py:190} INFO - [2025-05-19T15:59:48.845+0000] {dagbag.py:588} INFO - Filling up the DagBag from /home/airflow/.local/lib/python3.12/site-packages/airflow/example_dags/example_branch_operator_decorator.py
[2025-05-19T15:59:48.855+0000] {processor.py:925} INFO - DAG(s) 'example_branch_python_operator_decorator' retrieved from /home/airflow/.local/lib/python3.12/site-packages/airflow/example_dags/example_branch_operator_decorator.py
[2025-05-19T15:59:48.871+0000] {logging_mixin.py:190} INFO - [2025-05-19T15:59:48.869+0000] {dag.py:3239} INFO - Sync 1 DAGs
[2025-05-19T15:59:48.884+0000] {logging_mixin.py:190} INFO - [2025-05-19T15:59:48.884+0000] {dag.py:4180} INFO - Setting next_dagrun for example_branch_python_operator_decorator to 2025-05-18 00:00:00+00:00, run_after=2025-05-19 00:00:00+00:00
[2025-05-19T15:59:48.894+0000] {processor.py:208} INFO - Processing /home/airflow/.local/lib/python3.12/site-packages/airflow/example_dags/example_branch_operator_decorator.py took 0.057 seconds
[2025-05-19T16:00:19.868+0000] {processor.py:186} INFO - Started process (PID=1436) to work on /home/airflow/.local/lib/python3.12/site-packages/airflow/example_dags/example_branch_operator_decorator.py
[2025-05-19T16:00:19.869+0000] {processor.py:914} INFO - Processing file /home/airflow/.local/lib/python3.12/site-packages/airflow/example_dags/example_branch_operator_decorator.py for tasks to queue
[2025-05-19T16:00:19.873+0000] {logging_mixin.py:190} INFO - [2025-05-19T16:00:19.873+0000] {dagbag.py:588} INFO - Filling up the DagBag from /home/airflow/.local/lib/python3.12/site-packages/airflow/example_dags/example_branch_operator_decorator.py
[2025-05-19T16:00:19.884+0000] {processor.py:925} INFO - DAG(s) 'example_branch_python_operator_decorator' retrieved from /home/airflow/.local/lib/python3.12/site-packages/airflow/example_dags/example_branch_operator_decorator.py
[2025-05-19T16:00:19.899+0000] {logging_mixin.py:190} INFO - [2025-05-19T16:00:19.899+0000] {dag.py:3239} INFO - Sync 1 DAGs
[2025-05-19T16:00:19.912+0000] {logging_mixin.py:190} INFO - [2025-05-19T16:00:19.911+0000] {dag.py:4180} INFO - Setting next_dagrun for example_branch_python_operator_decorator to 2025-05-18 00:00:00+00:00, run_after=2025-05-19 00:00:00+00:00
[2025-05-19T16:00:19.922+0000] {processor.py:208} INFO - Processing /home/airflow/.local/lib/python3.12/site-packages/airflow/example_dags/example_branch_operator_decorator.py took 0.056 seconds
[2025-05-19T16:00:50.932+0000] {processor.py:186} INFO - Started process (PID=1493) to work on /home/airflow/.local/lib/python3.12/site-packages/airflow/example_dags/example_branch_operator_decorator.py
[2025-05-19T16:00:50.933+0000] {processor.py:914} INFO - Processing file /home/airflow/.local/lib/python3.12/site-packages/airflow/example_dags/example_branch_operator_decorator.py for tasks to queue
[2025-05-19T16:00:50.935+0000] {logging_mixin.py:190} INFO - [2025-05-19T16:00:50.935+0000] {dagbag.py:588} INFO - Filling up the DagBag from /home/airflow/.local/lib/python3.12/site-packages/airflow/example_dags/example_branch_operator_decorator.py
[2025-05-19T16:00:50.945+0000] {processor.py:925} INFO - DAG(s) 'example_branch_python_operator_decorator' retrieved from /home/airflow/.local/lib/python3.12/site-packages/airflow/example_dags/example_branch_operator_decorator.py
[2025-05-19T16:00:50.962+0000] {logging_mixin.py:190} INFO - [2025-05-19T16:00:50.962+0000] {dag.py:3239} INFO - Sync 1 DAGs
[2025-05-19T16:00:50.974+0000] {logging_mixin.py:190} INFO - [2025-05-19T16:00:50.974+0000] {dag.py:4180} INFO - Setting next_dagrun for example_branch_python_operator_decorator to 2025-05-18 00:00:00+00:00, run_after=2025-05-19 00:00:00+00:00
[2025-05-19T16:00:50.984+0000] {processor.py:208} INFO - Processing /home/airflow/.local/lib/python3.12/site-packages/airflow/example_dags/example_branch_operator_decorator.py took 0.055 seconds
[2025-05-19T16:01:21.858+0000] {processor.py:186} INFO - Started process (PID=1550) to work on /home/airflow/.local/lib/python3.12/site-packages/airflow/example_dags/example_branch_operator_decorator.py
[2025-05-19T16:01:21.859+0000] {processor.py:914} INFO - Processing file /home/airflow/.local/lib/python3.12/site-packages/airflow/example_dags/example_branch_operator_decorator.py for tasks to queue
[2025-05-19T16:01:21.861+0000] {logging_mixin.py:190} INFO - [2025-05-19T16:01:21.860+0000] {dagbag.py:588} INFO - Filling up the DagBag from /home/airflow/.local/lib/python3.12/site-packages/airflow/example_dags/example_branch_operator_decorator.py
[2025-05-19T16:01:21.871+0000] {processor.py:925} INFO - DAG(s) 'example_branch_python_operator_decorator' retrieved from /home/airflow/.local/lib/python3.12/site-packages/airflow/example_dags/example_branch_operator_decorator.py
[2025-05-19T16:01:21.884+0000] {logging_mixin.py:190} INFO - [2025-05-19T16:01:21.884+0000] {dag.py:3239} INFO - Sync 1 DAGs
[2025-05-19T16:01:21.896+0000] {logging_mixin.py:190} INFO - [2025-05-19T16:01:21.896+0000] {dag.py:4180} INFO - Setting next_dagrun for example_branch_python_operator_decorator to 2025-05-18 00:00:00+00:00, run_after=2025-05-19 00:00:00+00:00
[2025-05-19T16:01:21.907+0000] {processor.py:208} INFO - Processing /home/airflow/.local/lib/python3.12/site-packages/airflow/example_dags/example_branch_operator_decorator.py took 0.053 seconds
[2025-05-19T16:01:52.779+0000] {processor.py:186} INFO - Started process (PID=1607) to work on /home/airflow/.local/lib/python3.12/site-packages/airflow/example_dags/example_branch_operator_decorator.py
[2025-05-19T16:01:52.783+0000] {processor.py:914} INFO - Processing file /home/airflow/.local/lib/python3.12/site-packages/airflow/example_dags/example_branch_operator_decorator.py for tasks to queue
[2025-05-19T16:01:52.785+0000] {logging_mixin.py:190} INFO - [2025-05-19T16:01:52.785+0000] {dagbag.py:588} INFO - Filling up the DagBag from /home/airflow/.local/lib/python3.12/site-packages/airflow/example_dags/example_branch_operator_decorator.py
[2025-05-19T16:01:52.794+0000] {processor.py:925} INFO - DAG(s) 'example_branch_python_operator_decorator' retrieved from /home/airflow/.local/lib/python3.12/site-packages/airflow/example_dags/example_branch_operator_decorator.py
[2025-05-19T16:01:52.808+0000] {logging_mixin.py:190} INFO - [2025-05-19T16:01:52.808+0000] {dag.py:3239} INFO - Sync 1 DAGs
[2025-05-19T16:01:52.823+0000] {logging_mixin.py:190} INFO - [2025-05-19T16:01:52.823+0000] {dag.py:4180} INFO - Setting next_dagrun for example_branch_python_operator_decorator to 2025-05-18 00:00:00+00:00, run_after=2025-05-19 00:00:00+00:00
[2025-05-19T16:01:52.833+0000] {processor.py:208} INFO - Processing /home/airflow/.local/lib/python3.12/site-packages/airflow/example_dags/example_branch_operator_decorator.py took 0.058 seconds
[2025-05-19T16:02:23.502+0000] {processor.py:186} INFO - Started process (PID=1664) to work on /home/airflow/.local/lib/python3.12/site-packages/airflow/example_dags/example_branch_operator_decorator.py
[2025-05-19T16:02:23.504+0000] {processor.py:914} INFO - Processing file /home/airflow/.local/lib/python3.12/site-packages/airflow/example_dags/example_branch_operator_decorator.py for tasks to queue
[2025-05-19T16:02:23.505+0000] {logging_mixin.py:190} INFO - [2025-05-19T16:02:23.505+0000] {dagbag.py:588} INFO - Filling up the DagBag from /home/airflow/.local/lib/python3.12/site-packages/airflow/example_dags/example_branch_operator_decorator.py
[2025-05-19T16:02:23.515+0000] {processor.py:925} INFO - DAG(s) 'example_branch_python_operator_decorator' retrieved from /home/airflow/.local/lib/python3.12/site-packages/airflow/example_dags/example_branch_operator_decorator.py
[2025-05-19T16:02:23.530+0000] {logging_mixin.py:190} INFO - [2025-05-19T16:02:23.530+0000] {dag.py:3239} INFO - Sync 1 DAGs
[2025-05-19T16:02:23.543+0000] {logging_mixin.py:190} INFO - [2025-05-19T16:02:23.543+0000] {dag.py:4180} INFO - Setting next_dagrun for example_branch_python_operator_decorator to 2025-05-18 00:00:00+00:00, run_after=2025-05-19 00:00:00+00:00
[2025-05-19T16:02:23.552+0000] {processor.py:208} INFO - Processing /home/airflow/.local/lib/python3.12/site-packages/airflow/example_dags/example_branch_operator_decorator.py took 0.053 seconds
[2025-05-19T16:02:54.498+0000] {processor.py:186} INFO - Started process (PID=1721) to work on /home/airflow/.local/lib/python3.12/site-packages/airflow/example_dags/example_branch_operator_decorator.py
[2025-05-19T16:02:54.499+0000] {processor.py:914} INFO - Processing file /home/airflow/.local/lib/python3.12/site-packages/airflow/example_dags/example_branch_operator_decorator.py for tasks to queue
[2025-05-19T16:02:54.500+0000] {logging_mixin.py:190} INFO - [2025-05-19T16:02:54.500+0000] {dagbag.py:588} INFO - Filling up the DagBag from /home/airflow/.local/lib/python3.12/site-packages/airflow/example_dags/example_branch_operator_decorator.py
[2025-05-19T16:02:54.511+0000] {processor.py:925} INFO - DAG(s) 'example_branch_python_operator_decorator' retrieved from /home/airflow/.local/lib/python3.12/site-packages/airflow/example_dags/example_branch_operator_decorator.py
[2025-05-19T16:02:54.529+0000] {logging_mixin.py:190} INFO - [2025-05-19T16:02:54.529+0000] {dag.py:3239} INFO - Sync 1 DAGs
[2025-05-19T16:02:54.541+0000] {logging_mixin.py:190} INFO - [2025-05-19T16:02:54.541+0000] {dag.py:4180} INFO - Setting next_dagrun for example_branch_python_operator_decorator to 2025-05-18 00:00:00+00:00, run_after=2025-05-19 00:00:00+00:00
[2025-05-19T16:02:54.550+0000] {processor.py:208} INFO - Processing /home/airflow/.local/lib/python3.12/site-packages/airflow/example_dags/example_branch_operator_decorator.py took 0.055 seconds
[2025-05-19T16:03:25.514+0000] {processor.py:186} INFO - Started process (PID=1778) to work on /home/airflow/.local/lib/python3.12/site-packages/airflow/example_dags/example_branch_operator_decorator.py
[2025-05-19T16:03:25.517+0000] {processor.py:914} INFO - Processing file /home/airflow/.local/lib/python3.12/site-packages/airflow/example_dags/example_branch_operator_decorator.py for tasks to queue
[2025-05-19T16:03:25.518+0000] {logging_mixin.py:190} INFO - [2025-05-19T16:03:25.518+0000] {dagbag.py:588} INFO - Filling up the DagBag from /home/airflow/.local/lib/python3.12/site-packages/airflow/example_dags/example_branch_operator_decorator.py
[2025-05-19T16:03:25.528+0000] {processor.py:925} INFO - DAG(s) 'example_branch_python_operator_decorator' retrieved from /home/airflow/.local/lib/python3.12/site-packages/airflow/example_dags/example_branch_operator_decorator.py
[2025-05-19T16:03:25.542+0000] {logging_mixin.py:190} INFO - [2025-05-19T16:03:25.542+0000] {dag.py:3239} INFO - Sync 1 DAGs
[2025-05-19T16:03:25.553+0000] {logging_mixin.py:190} INFO - [2025-05-19T16:03:25.553+0000] {dag.py:4180} INFO - Setting next_dagrun for example_branch_python_operator_decorator to 2025-05-18 00:00:00+00:00, run_after=2025-05-19 00:00:00+00:00
[2025-05-19T16:03:25.561+0000] {processor.py:208} INFO - Processing /home/airflow/.local/lib/python3.12/site-packages/airflow/example_dags/example_branch_operator_decorator.py took 0.050 seconds
[2025-05-19T16:03:56.458+0000] {processor.py:186} INFO - Started process (PID=1835) to work on /home/airflow/.local/lib/python3.12/site-packages/airflow/example_dags/example_branch_operator_decorator.py
[2025-05-19T16:03:56.459+0000] {processor.py:914} INFO - Processing file /home/airflow/.local/lib/python3.12/site-packages/airflow/example_dags/example_branch_operator_decorator.py for tasks to queue
[2025-05-19T16:03:56.461+0000] {logging_mixin.py:190} INFO - [2025-05-19T16:03:56.461+0000] {dagbag.py:588} INFO - Filling up the DagBag from /home/airflow/.local/lib/python3.12/site-packages/airflow/example_dags/example_branch_operator_decorator.py
[2025-05-19T16:03:56.472+0000] {processor.py:925} INFO - DAG(s) 'example_branch_python_operator_decorator' retrieved from /home/airflow/.local/lib/python3.12/site-packages/airflow/example_dags/example_branch_operator_decorator.py
[2025-05-19T16:03:56.489+0000] {logging_mixin.py:190} INFO - [2025-05-19T16:03:56.489+0000] {dag.py:3239} INFO - Sync 1 DAGs
[2025-05-19T16:03:56.501+0000] {logging_mixin.py:190} INFO - [2025-05-19T16:03:56.501+0000] {dag.py:4180} INFO - Setting next_dagrun for example_branch_python_operator_decorator to 2025-05-18 00:00:00+00:00, run_after=2025-05-19 00:00:00+00:00
[2025-05-19T16:03:56.510+0000] {processor.py:208} INFO - Processing /home/airflow/.local/lib/python3.12/site-packages/airflow/example_dags/example_branch_operator_decorator.py took 0.057 seconds
[2025-05-19T16:04:27.126+0000] {processor.py:186} INFO - Started process (PID=1892) to work on /home/airflow/.local/lib/python3.12/site-packages/airflow/example_dags/example_branch_operator_decorator.py
[2025-05-19T16:04:27.127+0000] {processor.py:914} INFO - Processing file /home/airflow/.local/lib/python3.12/site-packages/airflow/example_dags/example_branch_operator_decorator.py for tasks to queue
[2025-05-19T16:04:27.128+0000] {logging_mixin.py:190} INFO - [2025-05-19T16:04:27.128+0000] {dagbag.py:588} INFO - Filling up the DagBag from /home/airflow/.local/lib/python3.12/site-packages/airflow/example_dags/example_branch_operator_decorator.py
[2025-05-19T16:04:27.138+0000] {processor.py:925} INFO - DAG(s) 'example_branch_python_operator_decorator' retrieved from /home/airflow/.local/lib/python3.12/site-packages/airflow/example_dags/example_branch_operator_decorator.py
[2025-05-19T16:04:27.155+0000] {logging_mixin.py:190} INFO - [2025-05-19T16:04:27.155+0000] {dag.py:3239} INFO - Sync 1 DAGs
[2025-05-19T16:04:27.167+0000] {logging_mixin.py:190} INFO - [2025-05-19T16:04:27.167+0000] {dag.py:4180} INFO - Setting next_dagrun for example_branch_python_operator_decorator to 2025-05-18 00:00:00+00:00, run_after=2025-05-19 00:00:00+00:00
[2025-05-19T16:04:27.176+0000] {processor.py:208} INFO - Processing /home/airflow/.local/lib/python3.12/site-packages/airflow/example_dags/example_branch_operator_decorator.py took 0.053 seconds
[2025-05-19T16:04:57.938+0000] {processor.py:186} INFO - Started process (PID=1949) to work on /home/airflow/.local/lib/python3.12/site-packages/airflow/example_dags/example_branch_operator_decorator.py
[2025-05-19T16:04:57.941+0000] {processor.py:914} INFO - Processing file /home/airflow/.local/lib/python3.12/site-packages/airflow/example_dags/example_branch_operator_decorator.py for tasks to queue
[2025-05-19T16:04:57.943+0000] {logging_mixin.py:190} INFO - [2025-05-19T16:04:57.942+0000] {dagbag.py:588} INFO - Filling up the DagBag from /home/airflow/.local/lib/python3.12/site-packages/airflow/example_dags/example_branch_operator_decorator.py
[2025-05-19T16:04:57.956+0000] {processor.py:925} INFO - DAG(s) 'example_branch_python_operator_decorator' retrieved from /home/airflow/.local/lib/python3.12/site-packages/airflow/example_dags/example_branch_operator_decorator.py
[2025-05-19T16:04:57.972+0000] {logging_mixin.py:190} INFO - [2025-05-19T16:04:57.972+0000] {dag.py:3239} INFO - Sync 1 DAGs
[2025-05-19T16:04:57.987+0000] {logging_mixin.py:190} INFO - [2025-05-19T16:04:57.987+0000] {dag.py:4180} INFO - Setting next_dagrun for example_branch_python_operator_decorator to 2025-05-18 00:00:00+00:00, run_after=2025-05-19 00:00:00+00:00
[2025-05-19T16:04:58.004+0000] {processor.py:208} INFO - Processing /home/airflow/.local/lib/python3.12/site-packages/airflow/example_dags/example_branch_operator_decorator.py took 0.071 seconds
