[2025-05-19T15:47:55.721+0000] {processor.py:186} INFO - Started process (PID=41) to work on /home/airflow/.local/lib/python3.12/site-packages/airflow/example_dags/example_skip_dag.py
[2025-05-19T15:47:55.724+0000] {processor.py:914} INFO - Processing file /home/airflow/.local/lib/python3.12/site-packages/airflow/example_dags/example_skip_dag.py for tasks to queue
[2025-05-19T15:47:55.729+0000] {logging_mixin.py:190} INFO - [2025-05-19T15:47:55.729+0000] {dagbag.py:588} INFO - Filling up the DagBag from /home/airflow/.local/lib/python3.12/site-packages/airflow/example_dags/example_skip_dag.py
[2025-05-19T15:47:55.740+0000] {processor.py:925} INFO - DAG(s) 'example_skip_dag' retrieved from /home/airflow/.local/lib/python3.12/site-packages/airflow/example_dags/example_skip_dag.py
[2025-05-19T15:47:55.830+0000] {logging_mixin.py:190} INFO - [2025-05-19T15:47:55.830+0000] {override.py:1912} INFO - Created Permission View: can delete on DAG:example_skip_dag
[2025-05-19T15:47:55.836+0000] {logging_mixin.py:190} INFO - [2025-05-19T15:47:55.835+0000] {override.py:1912} INFO - Created Permission View: can read on DAG:example_skip_dag
[2025-05-19T15:47:55.840+0000] {logging_mixin.py:190} INFO - [2025-05-19T15:47:55.839+0000] {override.py:1912} INFO - Created Permission View: can edit on DAG:example_skip_dag
[2025-05-19T15:47:55.843+0000] {logging_mixin.py:190} INFO - [2025-05-19T15:47:55.843+0000] {override.py:1912} INFO - Created Permission View: menu access on DAG Run:example_skip_dag
[2025-05-19T15:47:55.847+0000] {logging_mixin.py:190} INFO - [2025-05-19T15:47:55.847+0000] {override.py:1912} INFO - Created Permission View: can create on DAG Run:example_skip_dag
[2025-05-19T15:47:55.851+0000] {logging_mixin.py:190} INFO - [2025-05-19T15:47:55.850+0000] {override.py:1912} INFO - Created Permission View: can delete on DAG Run:example_skip_dag
[2025-05-19T15:47:55.854+0000] {logging_mixin.py:190} INFO - [2025-05-19T15:47:55.854+0000] {override.py:1912} INFO - Created Permission View: can read on DAG Run:example_skip_dag
[2025-05-19T15:47:55.854+0000] {logging_mixin.py:190} INFO - [2025-05-19T15:47:55.854+0000] {dag.py:3239} INFO - Sync 1 DAGs
[2025-05-19T15:47:55.864+0000] {logging_mixin.py:190} INFO - [2025-05-19T15:47:55.864+0000] {dag.py:3262} INFO - Creating ORM DAG for example_skip_dag
[2025-05-19T15:47:55.870+0000] {logging_mixin.py:190} INFO - [2025-05-19T15:47:55.870+0000] {dag.py:4180} INFO - Setting next_dagrun for example_skip_dag to 2025-05-18 00:00:00+00:00, run_after=2025-05-19 00:00:00+00:00
[2025-05-19T15:47:55.883+0000] {processor.py:208} INFO - Processing /home/airflow/.local/lib/python3.12/site-packages/airflow/example_dags/example_skip_dag.py took 0.172 seconds
[2025-05-19T15:48:26.306+0000] {processor.py:186} INFO - Started process (PID=98) to work on /home/airflow/.local/lib/python3.12/site-packages/airflow/example_dags/example_skip_dag.py
[2025-05-19T15:48:26.307+0000] {processor.py:914} INFO - Processing file /home/airflow/.local/lib/python3.12/site-packages/airflow/example_dags/example_skip_dag.py for tasks to queue
[2025-05-19T15:48:26.308+0000] {logging_mixin.py:190} INFO - [2025-05-19T15:48:26.308+0000] {dagbag.py:588} INFO - Filling up the DagBag from /home/airflow/.local/lib/python3.12/site-packages/airflow/example_dags/example_skip_dag.py
[2025-05-19T15:48:26.312+0000] {processor.py:925} INFO - DAG(s) 'example_skip_dag' retrieved from /home/airflow/.local/lib/python3.12/site-packages/airflow/example_dags/example_skip_dag.py
[2025-05-19T15:48:26.323+0000] {logging_mixin.py:190} INFO - [2025-05-19T15:48:26.323+0000] {dag.py:3239} INFO - Sync 1 DAGs
[2025-05-19T15:48:26.333+0000] {logging_mixin.py:190} INFO - [2025-05-19T15:48:26.333+0000] {dag.py:4180} INFO - Setting next_dagrun for example_skip_dag to 2025-05-18 00:00:00+00:00, run_after=2025-05-19 00:00:00+00:00
[2025-05-19T15:48:26.344+0000] {processor.py:208} INFO - Processing /home/airflow/.local/lib/python3.12/site-packages/airflow/example_dags/example_skip_dag.py took 0.043 seconds
[2025-05-19T15:48:57.240+0000] {processor.py:186} INFO - Started process (PID=155) to work on /home/airflow/.local/lib/python3.12/site-packages/airflow/example_dags/example_skip_dag.py
[2025-05-19T15:48:57.242+0000] {processor.py:914} INFO - Processing file /home/airflow/.local/lib/python3.12/site-packages/airflow/example_dags/example_skip_dag.py for tasks to queue
[2025-05-19T15:48:57.243+0000] {logging_mixin.py:190} INFO - [2025-05-19T15:48:57.243+0000] {dagbag.py:588} INFO - Filling up the DagBag from /home/airflow/.local/lib/python3.12/site-packages/airflow/example_dags/example_skip_dag.py
[2025-05-19T15:48:57.248+0000] {processor.py:925} INFO - DAG(s) 'example_skip_dag' retrieved from /home/airflow/.local/lib/python3.12/site-packages/airflow/example_dags/example_skip_dag.py
[2025-05-19T15:48:57.261+0000] {logging_mixin.py:190} INFO - [2025-05-19T15:48:57.261+0000] {dag.py:3239} INFO - Sync 1 DAGs
[2025-05-19T15:48:57.273+0000] {logging_mixin.py:190} INFO - [2025-05-19T15:48:57.273+0000] {dag.py:4180} INFO - Setting next_dagrun for example_skip_dag to 2025-05-18 00:00:00+00:00, run_after=2025-05-19 00:00:00+00:00
[2025-05-19T15:48:57.282+0000] {processor.py:208} INFO - Processing /home/airflow/.local/lib/python3.12/site-packages/airflow/example_dags/example_skip_dag.py took 0.045 seconds
[2025-05-19T15:49:28.031+0000] {processor.py:186} INFO - Started process (PID=212) to work on /home/airflow/.local/lib/python3.12/site-packages/airflow/example_dags/example_skip_dag.py
[2025-05-19T15:49:28.034+0000] {processor.py:914} INFO - Processing file /home/airflow/.local/lib/python3.12/site-packages/airflow/example_dags/example_skip_dag.py for tasks to queue
[2025-05-19T15:49:28.035+0000] {logging_mixin.py:190} INFO - [2025-05-19T15:49:28.035+0000] {dagbag.py:588} INFO - Filling up the DagBag from /home/airflow/.local/lib/python3.12/site-packages/airflow/example_dags/example_skip_dag.py
[2025-05-19T15:49:28.040+0000] {processor.py:925} INFO - DAG(s) 'example_skip_dag' retrieved from /home/airflow/.local/lib/python3.12/site-packages/airflow/example_dags/example_skip_dag.py
[2025-05-19T15:49:28.050+0000] {logging_mixin.py:190} INFO - [2025-05-19T15:49:28.050+0000] {dag.py:3239} INFO - Sync 1 DAGs
[2025-05-19T15:49:28.061+0000] {logging_mixin.py:190} INFO - [2025-05-19T15:49:28.061+0000] {dag.py:4180} INFO - Setting next_dagrun for example_skip_dag to 2025-05-18 00:00:00+00:00, run_after=2025-05-19 00:00:00+00:00
[2025-05-19T15:49:28.071+0000] {processor.py:208} INFO - Processing /home/airflow/.local/lib/python3.12/site-packages/airflow/example_dags/example_skip_dag.py took 0.043 seconds
[2025-05-19T15:49:58.864+0000] {processor.py:186} INFO - Started process (PID=269) to work on /home/airflow/.local/lib/python3.12/site-packages/airflow/example_dags/example_skip_dag.py
[2025-05-19T15:49:58.868+0000] {processor.py:914} INFO - Processing file /home/airflow/.local/lib/python3.12/site-packages/airflow/example_dags/example_skip_dag.py for tasks to queue
[2025-05-19T15:49:58.869+0000] {logging_mixin.py:190} INFO - [2025-05-19T15:49:58.869+0000] {dagbag.py:588} INFO - Filling up the DagBag from /home/airflow/.local/lib/python3.12/site-packages/airflow/example_dags/example_skip_dag.py
[2025-05-19T15:49:58.874+0000] {processor.py:925} INFO - DAG(s) 'example_skip_dag' retrieved from /home/airflow/.local/lib/python3.12/site-packages/airflow/example_dags/example_skip_dag.py
[2025-05-19T15:49:58.886+0000] {logging_mixin.py:190} INFO - [2025-05-19T15:49:58.885+0000] {dag.py:3239} INFO - Sync 1 DAGs
[2025-05-19T15:49:58.898+0000] {logging_mixin.py:190} INFO - [2025-05-19T15:49:58.898+0000] {dag.py:4180} INFO - Setting next_dagrun for example_skip_dag to 2025-05-18 00:00:00+00:00, run_after=2025-05-19 00:00:00+00:00
[2025-05-19T15:49:58.907+0000] {processor.py:208} INFO - Processing /home/airflow/.local/lib/python3.12/site-packages/airflow/example_dags/example_skip_dag.py took 0.046 seconds
[2025-05-19T15:50:29.674+0000] {processor.py:186} INFO - Started process (PID=326) to work on /home/airflow/.local/lib/python3.12/site-packages/airflow/example_dags/example_skip_dag.py
[2025-05-19T15:50:29.675+0000] {processor.py:914} INFO - Processing file /home/airflow/.local/lib/python3.12/site-packages/airflow/example_dags/example_skip_dag.py for tasks to queue
[2025-05-19T15:50:29.676+0000] {logging_mixin.py:190} INFO - [2025-05-19T15:50:29.676+0000] {dagbag.py:588} INFO - Filling up the DagBag from /home/airflow/.local/lib/python3.12/site-packages/airflow/example_dags/example_skip_dag.py
[2025-05-19T15:50:29.681+0000] {processor.py:925} INFO - DAG(s) 'example_skip_dag' retrieved from /home/airflow/.local/lib/python3.12/site-packages/airflow/example_dags/example_skip_dag.py
[2025-05-19T15:50:29.691+0000] {logging_mixin.py:190} INFO - [2025-05-19T15:50:29.691+0000] {dag.py:3239} INFO - Sync 1 DAGs
[2025-05-19T15:50:29.703+0000] {logging_mixin.py:190} INFO - [2025-05-19T15:50:29.703+0000] {dag.py:4180} INFO - Setting next_dagrun for example_skip_dag to 2025-05-18 00:00:00+00:00, run_after=2025-05-19 00:00:00+00:00
[2025-05-19T15:50:29.711+0000] {processor.py:208} INFO - Processing /home/airflow/.local/lib/python3.12/site-packages/airflow/example_dags/example_skip_dag.py took 0.041 seconds
[2025-05-19T15:51:00.316+0000] {processor.py:186} INFO - Started process (PID=383) to work on /home/airflow/.local/lib/python3.12/site-packages/airflow/example_dags/example_skip_dag.py
[2025-05-19T15:51:00.317+0000] {processor.py:914} INFO - Processing file /home/airflow/.local/lib/python3.12/site-packages/airflow/example_dags/example_skip_dag.py for tasks to queue
[2025-05-19T15:51:00.318+0000] {logging_mixin.py:190} INFO - [2025-05-19T15:51:00.318+0000] {dagbag.py:588} INFO - Filling up the DagBag from /home/airflow/.local/lib/python3.12/site-packages/airflow/example_dags/example_skip_dag.py
[2025-05-19T15:51:00.323+0000] {processor.py:925} INFO - DAG(s) 'example_skip_dag' retrieved from /home/airflow/.local/lib/python3.12/site-packages/airflow/example_dags/example_skip_dag.py
[2025-05-19T15:51:00.334+0000] {logging_mixin.py:190} INFO - [2025-05-19T15:51:00.334+0000] {dag.py:3239} INFO - Sync 1 DAGs
[2025-05-19T15:51:00.346+0000] {logging_mixin.py:190} INFO - [2025-05-19T15:51:00.346+0000] {dag.py:4180} INFO - Setting next_dagrun for example_skip_dag to 2025-05-18 00:00:00+00:00, run_after=2025-05-19 00:00:00+00:00
[2025-05-19T15:51:00.355+0000] {processor.py:208} INFO - Processing /home/airflow/.local/lib/python3.12/site-packages/airflow/example_dags/example_skip_dag.py took 0.042 seconds
[2025-05-19T15:51:30.826+0000] {processor.py:186} INFO - Started process (PID=440) to work on /home/airflow/.local/lib/python3.12/site-packages/airflow/example_dags/example_skip_dag.py
[2025-05-19T15:51:30.830+0000] {processor.py:914} INFO - Processing file /home/airflow/.local/lib/python3.12/site-packages/airflow/example_dags/example_skip_dag.py for tasks to queue
[2025-05-19T15:51:30.833+0000] {logging_mixin.py:190} INFO - [2025-05-19T15:51:30.832+0000] {dagbag.py:588} INFO - Filling up the DagBag from /home/airflow/.local/lib/python3.12/site-packages/airflow/example_dags/example_skip_dag.py
[2025-05-19T15:51:30.841+0000] {processor.py:925} INFO - DAG(s) 'example_skip_dag' retrieved from /home/airflow/.local/lib/python3.12/site-packages/airflow/example_dags/example_skip_dag.py
[2025-05-19T15:51:30.851+0000] {logging_mixin.py:190} INFO - [2025-05-19T15:51:30.851+0000] {dag.py:3239} INFO - Sync 1 DAGs
[2025-05-19T15:51:30.863+0000] {logging_mixin.py:190} INFO - [2025-05-19T15:51:30.863+0000] {dag.py:4180} INFO - Setting next_dagrun for example_skip_dag to 2025-05-18 00:00:00+00:00, run_after=2025-05-19 00:00:00+00:00
[2025-05-19T15:51:30.872+0000] {processor.py:208} INFO - Processing /home/airflow/.local/lib/python3.12/site-packages/airflow/example_dags/example_skip_dag.py took 0.049 seconds
[2025-05-19T15:52:01.524+0000] {processor.py:186} INFO - Started process (PID=497) to work on /home/airflow/.local/lib/python3.12/site-packages/airflow/example_dags/example_skip_dag.py
[2025-05-19T15:52:01.525+0000] {processor.py:914} INFO - Processing file /home/airflow/.local/lib/python3.12/site-packages/airflow/example_dags/example_skip_dag.py for tasks to queue
[2025-05-19T15:52:01.526+0000] {logging_mixin.py:190} INFO - [2025-05-19T15:52:01.526+0000] {dagbag.py:588} INFO - Filling up the DagBag from /home/airflow/.local/lib/python3.12/site-packages/airflow/example_dags/example_skip_dag.py
[2025-05-19T15:52:01.534+0000] {processor.py:925} INFO - DAG(s) 'example_skip_dag' retrieved from /home/airflow/.local/lib/python3.12/site-packages/airflow/example_dags/example_skip_dag.py
[2025-05-19T15:52:01.549+0000] {logging_mixin.py:190} INFO - [2025-05-19T15:52:01.549+0000] {dag.py:3239} INFO - Sync 1 DAGs
[2025-05-19T15:52:01.561+0000] {logging_mixin.py:190} INFO - [2025-05-19T15:52:01.561+0000] {dag.py:4180} INFO - Setting next_dagrun for example_skip_dag to 2025-05-18 00:00:00+00:00, run_after=2025-05-19 00:00:00+00:00
[2025-05-19T15:52:01.572+0000] {processor.py:208} INFO - Processing /home/airflow/.local/lib/python3.12/site-packages/airflow/example_dags/example_skip_dag.py took 0.052 seconds
[2025-05-19T15:52:31.648+0000] {processor.py:186} INFO - Started process (PID=554) to work on /home/airflow/.local/lib/python3.12/site-packages/airflow/example_dags/example_skip_dag.py
[2025-05-19T15:52:31.648+0000] {processor.py:914} INFO - Processing file /home/airflow/.local/lib/python3.12/site-packages/airflow/example_dags/example_skip_dag.py for tasks to queue
[2025-05-19T15:52:31.649+0000] {logging_mixin.py:190} INFO - [2025-05-19T15:52:31.649+0000] {dagbag.py:588} INFO - Filling up the DagBag from /home/airflow/.local/lib/python3.12/site-packages/airflow/example_dags/example_skip_dag.py
[2025-05-19T15:52:31.653+0000] {processor.py:925} INFO - DAG(s) 'example_skip_dag' retrieved from /home/airflow/.local/lib/python3.12/site-packages/airflow/example_dags/example_skip_dag.py
[2025-05-19T15:52:31.664+0000] {logging_mixin.py:190} INFO - [2025-05-19T15:52:31.664+0000] {dag.py:3239} INFO - Sync 1 DAGs
[2025-05-19T15:52:31.676+0000] {logging_mixin.py:190} INFO - [2025-05-19T15:52:31.675+0000] {dag.py:4180} INFO - Setting next_dagrun for example_skip_dag to 2025-05-18 00:00:00+00:00, run_after=2025-05-19 00:00:00+00:00
[2025-05-19T15:52:31.684+0000] {processor.py:208} INFO - Processing /home/airflow/.local/lib/python3.12/site-packages/airflow/example_dags/example_skip_dag.py took 0.039 seconds
[2025-05-19T15:53:02.802+0000] {processor.py:186} INFO - Started process (PID=611) to work on /home/airflow/.local/lib/python3.12/site-packages/airflow/example_dags/example_skip_dag.py
[2025-05-19T15:53:02.803+0000] {processor.py:914} INFO - Processing file /home/airflow/.local/lib/python3.12/site-packages/airflow/example_dags/example_skip_dag.py for tasks to queue
[2025-05-19T15:53:02.804+0000] {logging_mixin.py:190} INFO - [2025-05-19T15:53:02.804+0000] {dagbag.py:588} INFO - Filling up the DagBag from /home/airflow/.local/lib/python3.12/site-packages/airflow/example_dags/example_skip_dag.py
[2025-05-19T15:53:02.809+0000] {processor.py:925} INFO - DAG(s) 'example_skip_dag' retrieved from /home/airflow/.local/lib/python3.12/site-packages/airflow/example_dags/example_skip_dag.py
[2025-05-19T15:53:02.829+0000] {logging_mixin.py:190} INFO - [2025-05-19T15:53:02.828+0000] {dag.py:3239} INFO - Sync 1 DAGs
[2025-05-19T15:53:02.848+0000] {logging_mixin.py:190} INFO - [2025-05-19T15:53:02.848+0000] {dag.py:4180} INFO - Setting next_dagrun for example_skip_dag to 2025-05-18 00:00:00+00:00, run_after=2025-05-19 00:00:00+00:00
[2025-05-19T15:53:02.863+0000] {processor.py:208} INFO - Processing /home/airflow/.local/lib/python3.12/site-packages/airflow/example_dags/example_skip_dag.py took 0.065 seconds
[2025-05-19T15:53:33.009+0000] {processor.py:186} INFO - Started process (PID=668) to work on /home/airflow/.local/lib/python3.12/site-packages/airflow/example_dags/example_skip_dag.py
[2025-05-19T15:53:33.010+0000] {processor.py:914} INFO - Processing file /home/airflow/.local/lib/python3.12/site-packages/airflow/example_dags/example_skip_dag.py for tasks to queue
[2025-05-19T15:53:33.012+0000] {logging_mixin.py:190} INFO - [2025-05-19T15:53:33.012+0000] {dagbag.py:588} INFO - Filling up the DagBag from /home/airflow/.local/lib/python3.12/site-packages/airflow/example_dags/example_skip_dag.py
[2025-05-19T15:53:33.017+0000] {processor.py:925} INFO - DAG(s) 'example_skip_dag' retrieved from /home/airflow/.local/lib/python3.12/site-packages/airflow/example_dags/example_skip_dag.py
[2025-05-19T15:53:33.031+0000] {logging_mixin.py:190} INFO - [2025-05-19T15:53:33.031+0000] {dag.py:3239} INFO - Sync 1 DAGs
[2025-05-19T15:53:33.043+0000] {logging_mixin.py:190} INFO - [2025-05-19T15:53:33.043+0000] {dag.py:4180} INFO - Setting next_dagrun for example_skip_dag to 2025-05-18 00:00:00+00:00, run_after=2025-05-19 00:00:00+00:00
[2025-05-19T15:53:33.052+0000] {processor.py:208} INFO - Processing /home/airflow/.local/lib/python3.12/site-packages/airflow/example_dags/example_skip_dag.py took 0.047 seconds
[2025-05-19T15:54:03.980+0000] {processor.py:186} INFO - Started process (PID=725) to work on /home/airflow/.local/lib/python3.12/site-packages/airflow/example_dags/example_skip_dag.py
[2025-05-19T15:54:03.980+0000] {processor.py:914} INFO - Processing file /home/airflow/.local/lib/python3.12/site-packages/airflow/example_dags/example_skip_dag.py for tasks to queue
[2025-05-19T15:54:03.983+0000] {logging_mixin.py:190} INFO - [2025-05-19T15:54:03.983+0000] {dagbag.py:588} INFO - Filling up the DagBag from /home/airflow/.local/lib/python3.12/site-packages/airflow/example_dags/example_skip_dag.py
[2025-05-19T15:54:03.988+0000] {processor.py:925} INFO - DAG(s) 'example_skip_dag' retrieved from /home/airflow/.local/lib/python3.12/site-packages/airflow/example_dags/example_skip_dag.py
[2025-05-19T15:54:04.021+0000] {logging_mixin.py:190} INFO - [2025-05-19T15:54:04.020+0000] {dag.py:3239} INFO - Sync 1 DAGs
[2025-05-19T15:54:04.038+0000] {logging_mixin.py:190} INFO - [2025-05-19T15:54:04.037+0000] {dag.py:4180} INFO - Setting next_dagrun for example_skip_dag to 2025-05-18 00:00:00+00:00, run_after=2025-05-19 00:00:00+00:00
[2025-05-19T15:54:04.051+0000] {processor.py:208} INFO - Processing /home/airflow/.local/lib/python3.12/site-packages/airflow/example_dags/example_skip_dag.py took 0.074 seconds
[2025-05-19T15:54:34.218+0000] {processor.py:186} INFO - Started process (PID=782) to work on /home/airflow/.local/lib/python3.12/site-packages/airflow/example_dags/example_skip_dag.py
[2025-05-19T15:54:34.219+0000] {processor.py:914} INFO - Processing file /home/airflow/.local/lib/python3.12/site-packages/airflow/example_dags/example_skip_dag.py for tasks to queue
[2025-05-19T15:54:34.221+0000] {logging_mixin.py:190} INFO - [2025-05-19T15:54:34.221+0000] {dagbag.py:588} INFO - Filling up the DagBag from /home/airflow/.local/lib/python3.12/site-packages/airflow/example_dags/example_skip_dag.py
[2025-05-19T15:54:34.225+0000] {processor.py:925} INFO - DAG(s) 'example_skip_dag' retrieved from /home/airflow/.local/lib/python3.12/site-packages/airflow/example_dags/example_skip_dag.py
[2025-05-19T15:54:34.238+0000] {logging_mixin.py:190} INFO - [2025-05-19T15:54:34.238+0000] {dag.py:3239} INFO - Sync 1 DAGs
[2025-05-19T15:54:34.251+0000] {logging_mixin.py:190} INFO - [2025-05-19T15:54:34.251+0000] {dag.py:4180} INFO - Setting next_dagrun for example_skip_dag to 2025-05-18 00:00:00+00:00, run_after=2025-05-19 00:00:00+00:00
[2025-05-19T15:54:34.262+0000] {processor.py:208} INFO - Processing /home/airflow/.local/lib/python3.12/site-packages/airflow/example_dags/example_skip_dag.py took 0.047 seconds
[2025-05-19T15:55:04.740+0000] {processor.py:186} INFO - Started process (PID=839) to work on /home/airflow/.local/lib/python3.12/site-packages/airflow/example_dags/example_skip_dag.py
[2025-05-19T15:55:04.741+0000] {processor.py:914} INFO - Processing file /home/airflow/.local/lib/python3.12/site-packages/airflow/example_dags/example_skip_dag.py for tasks to queue
[2025-05-19T15:55:04.742+0000] {logging_mixin.py:190} INFO - [2025-05-19T15:55:04.742+0000] {dagbag.py:588} INFO - Filling up the DagBag from /home/airflow/.local/lib/python3.12/site-packages/airflow/example_dags/example_skip_dag.py
[2025-05-19T15:55:04.748+0000] {processor.py:925} INFO - DAG(s) 'example_skip_dag' retrieved from /home/airflow/.local/lib/python3.12/site-packages/airflow/example_dags/example_skip_dag.py
[2025-05-19T15:55:04.762+0000] {logging_mixin.py:190} INFO - [2025-05-19T15:55:04.762+0000] {dag.py:3239} INFO - Sync 1 DAGs
[2025-05-19T15:55:04.778+0000] {logging_mixin.py:190} INFO - [2025-05-19T15:55:04.778+0000] {dag.py:4180} INFO - Setting next_dagrun for example_skip_dag to 2025-05-18 00:00:00+00:00, run_after=2025-05-19 00:00:00+00:00
[2025-05-19T15:55:04.788+0000] {processor.py:208} INFO - Processing /home/airflow/.local/lib/python3.12/site-packages/airflow/example_dags/example_skip_dag.py took 0.051 seconds
[2025-05-19T15:55:35.701+0000] {processor.py:186} INFO - Started process (PID=896) to work on /home/airflow/.local/lib/python3.12/site-packages/airflow/example_dags/example_skip_dag.py
[2025-05-19T15:55:35.701+0000] {processor.py:914} INFO - Processing file /home/airflow/.local/lib/python3.12/site-packages/airflow/example_dags/example_skip_dag.py for tasks to queue
[2025-05-19T15:55:35.703+0000] {logging_mixin.py:190} INFO - [2025-05-19T15:55:35.703+0000] {dagbag.py:588} INFO - Filling up the DagBag from /home/airflow/.local/lib/python3.12/site-packages/airflow/example_dags/example_skip_dag.py
[2025-05-19T15:55:35.707+0000] {processor.py:925} INFO - DAG(s) 'example_skip_dag' retrieved from /home/airflow/.local/lib/python3.12/site-packages/airflow/example_dags/example_skip_dag.py
[2025-05-19T15:55:35.723+0000] {logging_mixin.py:190} INFO - [2025-05-19T15:55:35.723+0000] {dag.py:3239} INFO - Sync 1 DAGs
[2025-05-19T15:55:35.735+0000] {logging_mixin.py:190} INFO - [2025-05-19T15:55:35.735+0000] {dag.py:4180} INFO - Setting next_dagrun for example_skip_dag to 2025-05-18 00:00:00+00:00, run_after=2025-05-19 00:00:00+00:00
[2025-05-19T15:55:35.752+0000] {processor.py:208} INFO - Processing /home/airflow/.local/lib/python3.12/site-packages/airflow/example_dags/example_skip_dag.py took 0.055 seconds
[2025-05-19T15:56:06.684+0000] {processor.py:186} INFO - Started process (PID=953) to work on /home/airflow/.local/lib/python3.12/site-packages/airflow/example_dags/example_skip_dag.py
[2025-05-19T15:56:06.686+0000] {processor.py:914} INFO - Processing file /home/airflow/.local/lib/python3.12/site-packages/airflow/example_dags/example_skip_dag.py for tasks to queue
[2025-05-19T15:56:06.689+0000] {logging_mixin.py:190} INFO - [2025-05-19T15:56:06.688+0000] {dagbag.py:588} INFO - Filling up the DagBag from /home/airflow/.local/lib/python3.12/site-packages/airflow/example_dags/example_skip_dag.py
[2025-05-19T15:56:06.694+0000] {processor.py:925} INFO - DAG(s) 'example_skip_dag' retrieved from /home/airflow/.local/lib/python3.12/site-packages/airflow/example_dags/example_skip_dag.py
[2025-05-19T15:56:06.710+0000] {logging_mixin.py:190} INFO - [2025-05-19T15:56:06.710+0000] {dag.py:3239} INFO - Sync 1 DAGs
[2025-05-19T15:56:06.724+0000] {logging_mixin.py:190} INFO - [2025-05-19T15:56:06.723+0000] {dag.py:4180} INFO - Setting next_dagrun for example_skip_dag to 2025-05-18 00:00:00+00:00, run_after=2025-05-19 00:00:00+00:00
[2025-05-19T15:56:06.733+0000] {processor.py:208} INFO - Processing /home/airflow/.local/lib/python3.12/site-packages/airflow/example_dags/example_skip_dag.py took 0.052 seconds
[2025-05-19T15:56:37.759+0000] {processor.py:186} INFO - Started process (PID=1010) to work on /home/airflow/.local/lib/python3.12/site-packages/airflow/example_dags/example_skip_dag.py
[2025-05-19T15:56:37.760+0000] {processor.py:914} INFO - Processing file /home/airflow/.local/lib/python3.12/site-packages/airflow/example_dags/example_skip_dag.py for tasks to queue
[2025-05-19T15:56:37.762+0000] {logging_mixin.py:190} INFO - [2025-05-19T15:56:37.762+0000] {dagbag.py:588} INFO - Filling up the DagBag from /home/airflow/.local/lib/python3.12/site-packages/airflow/example_dags/example_skip_dag.py
[2025-05-19T15:56:37.766+0000] {processor.py:925} INFO - DAG(s) 'example_skip_dag' retrieved from /home/airflow/.local/lib/python3.12/site-packages/airflow/example_dags/example_skip_dag.py
[2025-05-19T15:56:37.778+0000] {logging_mixin.py:190} INFO - [2025-05-19T15:56:37.778+0000] {dag.py:3239} INFO - Sync 1 DAGs
[2025-05-19T15:56:37.789+0000] {logging_mixin.py:190} INFO - [2025-05-19T15:56:37.789+0000] {dag.py:4180} INFO - Setting next_dagrun for example_skip_dag to 2025-05-18 00:00:00+00:00, run_after=2025-05-19 00:00:00+00:00
[2025-05-19T15:56:37.800+0000] {processor.py:208} INFO - Processing /home/airflow/.local/lib/python3.12/site-packages/airflow/example_dags/example_skip_dag.py took 0.044 seconds
[2025-05-19T15:57:08.674+0000] {processor.py:186} INFO - Started process (PID=1067) to work on /home/airflow/.local/lib/python3.12/site-packages/airflow/example_dags/example_skip_dag.py
[2025-05-19T15:57:08.674+0000] {processor.py:914} INFO - Processing file /home/airflow/.local/lib/python3.12/site-packages/airflow/example_dags/example_skip_dag.py for tasks to queue
[2025-05-19T15:57:08.676+0000] {logging_mixin.py:190} INFO - [2025-05-19T15:57:08.676+0000] {dagbag.py:588} INFO - Filling up the DagBag from /home/airflow/.local/lib/python3.12/site-packages/airflow/example_dags/example_skip_dag.py
[2025-05-19T15:57:08.680+0000] {processor.py:925} INFO - DAG(s) 'example_skip_dag' retrieved from /home/airflow/.local/lib/python3.12/site-packages/airflow/example_dags/example_skip_dag.py
[2025-05-19T15:57:08.693+0000] {logging_mixin.py:190} INFO - [2025-05-19T15:57:08.693+0000] {dag.py:3239} INFO - Sync 1 DAGs
[2025-05-19T15:57:08.705+0000] {logging_mixin.py:190} INFO - [2025-05-19T15:57:08.705+0000] {dag.py:4180} INFO - Setting next_dagrun for example_skip_dag to 2025-05-18 00:00:00+00:00, run_after=2025-05-19 00:00:00+00:00
[2025-05-19T15:57:08.714+0000] {processor.py:208} INFO - Processing /home/airflow/.local/lib/python3.12/site-packages/airflow/example_dags/example_skip_dag.py took 0.043 seconds
[2025-05-19T15:57:39.616+0000] {processor.py:186} INFO - Started process (PID=1124) to work on /home/airflow/.local/lib/python3.12/site-packages/airflow/example_dags/example_skip_dag.py
[2025-05-19T15:57:39.617+0000] {processor.py:914} INFO - Processing file /home/airflow/.local/lib/python3.12/site-packages/airflow/example_dags/example_skip_dag.py for tasks to queue
[2025-05-19T15:57:39.618+0000] {logging_mixin.py:190} INFO - [2025-05-19T15:57:39.618+0000] {dagbag.py:588} INFO - Filling up the DagBag from /home/airflow/.local/lib/python3.12/site-packages/airflow/example_dags/example_skip_dag.py
[2025-05-19T15:57:39.623+0000] {processor.py:925} INFO - DAG(s) 'example_skip_dag' retrieved from /home/airflow/.local/lib/python3.12/site-packages/airflow/example_dags/example_skip_dag.py
[2025-05-19T15:57:39.635+0000] {logging_mixin.py:190} INFO - [2025-05-19T15:57:39.635+0000] {dag.py:3239} INFO - Sync 1 DAGs
[2025-05-19T15:57:39.647+0000] {logging_mixin.py:190} INFO - [2025-05-19T15:57:39.647+0000] {dag.py:4180} INFO - Setting next_dagrun for example_skip_dag to 2025-05-18 00:00:00+00:00, run_after=2025-05-19 00:00:00+00:00
[2025-05-19T15:57:39.660+0000] {processor.py:208} INFO - Processing /home/airflow/.local/lib/python3.12/site-packages/airflow/example_dags/example_skip_dag.py took 0.048 seconds
[2025-05-19T15:58:10.534+0000] {processor.py:186} INFO - Started process (PID=1181) to work on /home/airflow/.local/lib/python3.12/site-packages/airflow/example_dags/example_skip_dag.py
[2025-05-19T15:58:10.538+0000] {processor.py:914} INFO - Processing file /home/airflow/.local/lib/python3.12/site-packages/airflow/example_dags/example_skip_dag.py for tasks to queue
[2025-05-19T15:58:10.539+0000] {logging_mixin.py:190} INFO - [2025-05-19T15:58:10.539+0000] {dagbag.py:588} INFO - Filling up the DagBag from /home/airflow/.local/lib/python3.12/site-packages/airflow/example_dags/example_skip_dag.py
[2025-05-19T15:58:10.544+0000] {processor.py:925} INFO - DAG(s) 'example_skip_dag' retrieved from /home/airflow/.local/lib/python3.12/site-packages/airflow/example_dags/example_skip_dag.py
[2025-05-19T15:58:10.554+0000] {logging_mixin.py:190} INFO - [2025-05-19T15:58:10.554+0000] {dag.py:3239} INFO - Sync 1 DAGs
[2025-05-19T15:58:10.567+0000] {logging_mixin.py:190} INFO - [2025-05-19T15:58:10.567+0000] {dag.py:4180} INFO - Setting next_dagrun for example_skip_dag to 2025-05-18 00:00:00+00:00, run_after=2025-05-19 00:00:00+00:00
[2025-05-19T15:58:10.576+0000] {processor.py:208} INFO - Processing /home/airflow/.local/lib/python3.12/site-packages/airflow/example_dags/example_skip_dag.py took 0.045 seconds
[2025-05-19T15:58:41.415+0000] {processor.py:186} INFO - Started process (PID=1238) to work on /home/airflow/.local/lib/python3.12/site-packages/airflow/example_dags/example_skip_dag.py
[2025-05-19T15:58:41.416+0000] {processor.py:914} INFO - Processing file /home/airflow/.local/lib/python3.12/site-packages/airflow/example_dags/example_skip_dag.py for tasks to queue
[2025-05-19T15:58:41.417+0000] {logging_mixin.py:190} INFO - [2025-05-19T15:58:41.417+0000] {dagbag.py:588} INFO - Filling up the DagBag from /home/airflow/.local/lib/python3.12/site-packages/airflow/example_dags/example_skip_dag.py
[2025-05-19T15:58:41.423+0000] {processor.py:925} INFO - DAG(s) 'example_skip_dag' retrieved from /home/airflow/.local/lib/python3.12/site-packages/airflow/example_dags/example_skip_dag.py
[2025-05-19T15:58:41.434+0000] {logging_mixin.py:190} INFO - [2025-05-19T15:58:41.434+0000] {dag.py:3239} INFO - Sync 1 DAGs
[2025-05-19T15:58:41.445+0000] {logging_mixin.py:190} INFO - [2025-05-19T15:58:41.445+0000] {dag.py:4180} INFO - Setting next_dagrun for example_skip_dag to 2025-05-18 00:00:00+00:00, run_after=2025-05-19 00:00:00+00:00
[2025-05-19T15:58:41.453+0000] {processor.py:208} INFO - Processing /home/airflow/.local/lib/python3.12/site-packages/airflow/example_dags/example_skip_dag.py took 0.042 seconds
[2025-05-19T15:59:12.232+0000] {processor.py:186} INFO - Started process (PID=1295) to work on /home/airflow/.local/lib/python3.12/site-packages/airflow/example_dags/example_skip_dag.py
[2025-05-19T15:59:12.234+0000] {processor.py:914} INFO - Processing file /home/airflow/.local/lib/python3.12/site-packages/airflow/example_dags/example_skip_dag.py for tasks to queue
[2025-05-19T15:59:12.235+0000] {logging_mixin.py:190} INFO - [2025-05-19T15:59:12.235+0000] {dagbag.py:588} INFO - Filling up the DagBag from /home/airflow/.local/lib/python3.12/site-packages/airflow/example_dags/example_skip_dag.py
[2025-05-19T15:59:12.240+0000] {processor.py:925} INFO - DAG(s) 'example_skip_dag' retrieved from /home/airflow/.local/lib/python3.12/site-packages/airflow/example_dags/example_skip_dag.py
[2025-05-19T15:59:12.252+0000] {logging_mixin.py:190} INFO - [2025-05-19T15:59:12.252+0000] {dag.py:3239} INFO - Sync 1 DAGs
[2025-05-19T15:59:12.264+0000] {logging_mixin.py:190} INFO - [2025-05-19T15:59:12.264+0000] {dag.py:4180} INFO - Setting next_dagrun for example_skip_dag to 2025-05-18 00:00:00+00:00, run_after=2025-05-19 00:00:00+00:00
[2025-05-19T15:59:12.273+0000] {processor.py:208} INFO - Processing /home/airflow/.local/lib/python3.12/site-packages/airflow/example_dags/example_skip_dag.py took 0.044 seconds
[2025-05-19T15:59:43.292+0000] {processor.py:186} INFO - Started process (PID=1352) to work on /home/airflow/.local/lib/python3.12/site-packages/airflow/example_dags/example_skip_dag.py
[2025-05-19T15:59:43.293+0000] {processor.py:914} INFO - Processing file /home/airflow/.local/lib/python3.12/site-packages/airflow/example_dags/example_skip_dag.py for tasks to queue
[2025-05-19T15:59:43.295+0000] {logging_mixin.py:190} INFO - [2025-05-19T15:59:43.295+0000] {dagbag.py:588} INFO - Filling up the DagBag from /home/airflow/.local/lib/python3.12/site-packages/airflow/example_dags/example_skip_dag.py
[2025-05-19T15:59:43.299+0000] {processor.py:925} INFO - DAG(s) 'example_skip_dag' retrieved from /home/airflow/.local/lib/python3.12/site-packages/airflow/example_dags/example_skip_dag.py
[2025-05-19T15:59:43.311+0000] {logging_mixin.py:190} INFO - [2025-05-19T15:59:43.311+0000] {dag.py:3239} INFO - Sync 1 DAGs
[2025-05-19T15:59:43.324+0000] {logging_mixin.py:190} INFO - [2025-05-19T15:59:43.324+0000] {dag.py:4180} INFO - Setting next_dagrun for example_skip_dag to 2025-05-18 00:00:00+00:00, run_after=2025-05-19 00:00:00+00:00
[2025-05-19T15:59:43.334+0000] {processor.py:208} INFO - Processing /home/airflow/.local/lib/python3.12/site-packages/airflow/example_dags/example_skip_dag.py took 0.046 seconds
[2025-05-19T16:00:14.297+0000] {processor.py:186} INFO - Started process (PID=1409) to work on /home/airflow/.local/lib/python3.12/site-packages/airflow/example_dags/example_skip_dag.py
[2025-05-19T16:00:14.300+0000] {processor.py:914} INFO - Processing file /home/airflow/.local/lib/python3.12/site-packages/airflow/example_dags/example_skip_dag.py for tasks to queue
[2025-05-19T16:00:14.301+0000] {logging_mixin.py:190} INFO - [2025-05-19T16:00:14.301+0000] {dagbag.py:588} INFO - Filling up the DagBag from /home/airflow/.local/lib/python3.12/site-packages/airflow/example_dags/example_skip_dag.py
[2025-05-19T16:00:14.306+0000] {processor.py:925} INFO - DAG(s) 'example_skip_dag' retrieved from /home/airflow/.local/lib/python3.12/site-packages/airflow/example_dags/example_skip_dag.py
[2025-05-19T16:00:14.317+0000] {logging_mixin.py:190} INFO - [2025-05-19T16:00:14.317+0000] {dag.py:3239} INFO - Sync 1 DAGs
[2025-05-19T16:00:14.329+0000] {logging_mixin.py:190} INFO - [2025-05-19T16:00:14.329+0000] {dag.py:4180} INFO - Setting next_dagrun for example_skip_dag to 2025-05-18 00:00:00+00:00, run_after=2025-05-19 00:00:00+00:00
[2025-05-19T16:00:14.339+0000] {processor.py:208} INFO - Processing /home/airflow/.local/lib/python3.12/site-packages/airflow/example_dags/example_skip_dag.py took 0.045 seconds
[2025-05-19T16:00:45.324+0000] {processor.py:186} INFO - Started process (PID=1466) to work on /home/airflow/.local/lib/python3.12/site-packages/airflow/example_dags/example_skip_dag.py
[2025-05-19T16:00:45.325+0000] {processor.py:914} INFO - Processing file /home/airflow/.local/lib/python3.12/site-packages/airflow/example_dags/example_skip_dag.py for tasks to queue
[2025-05-19T16:00:45.327+0000] {logging_mixin.py:190} INFO - [2025-05-19T16:00:45.327+0000] {dagbag.py:588} INFO - Filling up the DagBag from /home/airflow/.local/lib/python3.12/site-packages/airflow/example_dags/example_skip_dag.py
[2025-05-19T16:00:45.334+0000] {processor.py:925} INFO - DAG(s) 'example_skip_dag' retrieved from /home/airflow/.local/lib/python3.12/site-packages/airflow/example_dags/example_skip_dag.py
[2025-05-19T16:00:45.346+0000] {logging_mixin.py:190} INFO - [2025-05-19T16:00:45.346+0000] {dag.py:3239} INFO - Sync 1 DAGs
[2025-05-19T16:00:45.357+0000] {logging_mixin.py:190} INFO - [2025-05-19T16:00:45.357+0000] {dag.py:4180} INFO - Setting next_dagrun for example_skip_dag to 2025-05-18 00:00:00+00:00, run_after=2025-05-19 00:00:00+00:00
[2025-05-19T16:00:45.367+0000] {processor.py:208} INFO - Processing /home/airflow/.local/lib/python3.12/site-packages/airflow/example_dags/example_skip_dag.py took 0.046 seconds
[2025-05-19T16:01:15.420+0000] {processor.py:186} INFO - Started process (PID=1523) to work on /home/airflow/.local/lib/python3.12/site-packages/airflow/example_dags/example_skip_dag.py
[2025-05-19T16:01:15.423+0000] {processor.py:914} INFO - Processing file /home/airflow/.local/lib/python3.12/site-packages/airflow/example_dags/example_skip_dag.py for tasks to queue
[2025-05-19T16:01:15.424+0000] {logging_mixin.py:190} INFO - [2025-05-19T16:01:15.424+0000] {dagbag.py:588} INFO - Filling up the DagBag from /home/airflow/.local/lib/python3.12/site-packages/airflow/example_dags/example_skip_dag.py
[2025-05-19T16:01:15.430+0000] {processor.py:925} INFO - DAG(s) 'example_skip_dag' retrieved from /home/airflow/.local/lib/python3.12/site-packages/airflow/example_dags/example_skip_dag.py
[2025-05-19T16:01:15.441+0000] {logging_mixin.py:190} INFO - [2025-05-19T16:01:15.440+0000] {dag.py:3239} INFO - Sync 1 DAGs
[2025-05-19T16:01:15.451+0000] {logging_mixin.py:190} INFO - [2025-05-19T16:01:15.451+0000] {dag.py:4180} INFO - Setting next_dagrun for example_skip_dag to 2025-05-18 00:00:00+00:00, run_after=2025-05-19 00:00:00+00:00
[2025-05-19T16:01:15.460+0000] {processor.py:208} INFO - Processing /home/airflow/.local/lib/python3.12/site-packages/airflow/example_dags/example_skip_dag.py took 0.044 seconds
[2025-05-19T16:01:46.326+0000] {processor.py:186} INFO - Started process (PID=1580) to work on /home/airflow/.local/lib/python3.12/site-packages/airflow/example_dags/example_skip_dag.py
[2025-05-19T16:01:46.327+0000] {processor.py:914} INFO - Processing file /home/airflow/.local/lib/python3.12/site-packages/airflow/example_dags/example_skip_dag.py for tasks to queue
[2025-05-19T16:01:46.328+0000] {logging_mixin.py:190} INFO - [2025-05-19T16:01:46.328+0000] {dagbag.py:588} INFO - Filling up the DagBag from /home/airflow/.local/lib/python3.12/site-packages/airflow/example_dags/example_skip_dag.py
[2025-05-19T16:01:46.333+0000] {processor.py:925} INFO - DAG(s) 'example_skip_dag' retrieved from /home/airflow/.local/lib/python3.12/site-packages/airflow/example_dags/example_skip_dag.py
[2025-05-19T16:01:46.344+0000] {logging_mixin.py:190} INFO - [2025-05-19T16:01:46.344+0000] {dag.py:3239} INFO - Sync 1 DAGs
[2025-05-19T16:01:46.357+0000] {logging_mixin.py:190} INFO - [2025-05-19T16:01:46.357+0000] {dag.py:4180} INFO - Setting next_dagrun for example_skip_dag to 2025-05-18 00:00:00+00:00, run_after=2025-05-19 00:00:00+00:00
[2025-05-19T16:01:46.365+0000] {processor.py:208} INFO - Processing /home/airflow/.local/lib/python3.12/site-packages/airflow/example_dags/example_skip_dag.py took 0.043 seconds
[2025-05-19T16:02:17.030+0000] {processor.py:186} INFO - Started process (PID=1637) to work on /home/airflow/.local/lib/python3.12/site-packages/airflow/example_dags/example_skip_dag.py
[2025-05-19T16:02:17.032+0000] {processor.py:914} INFO - Processing file /home/airflow/.local/lib/python3.12/site-packages/airflow/example_dags/example_skip_dag.py for tasks to queue
[2025-05-19T16:02:17.034+0000] {logging_mixin.py:190} INFO - [2025-05-19T16:02:17.033+0000] {dagbag.py:588} INFO - Filling up the DagBag from /home/airflow/.local/lib/python3.12/site-packages/airflow/example_dags/example_skip_dag.py
[2025-05-19T16:02:17.039+0000] {processor.py:925} INFO - DAG(s) 'example_skip_dag' retrieved from /home/airflow/.local/lib/python3.12/site-packages/airflow/example_dags/example_skip_dag.py
[2025-05-19T16:02:17.051+0000] {logging_mixin.py:190} INFO - [2025-05-19T16:02:17.051+0000] {dag.py:3239} INFO - Sync 1 DAGs
[2025-05-19T16:02:17.063+0000] {logging_mixin.py:190} INFO - [2025-05-19T16:02:17.063+0000] {dag.py:4180} INFO - Setting next_dagrun for example_skip_dag to 2025-05-18 00:00:00+00:00, run_after=2025-05-19 00:00:00+00:00
[2025-05-19T16:02:17.074+0000] {processor.py:208} INFO - Processing /home/airflow/.local/lib/python3.12/site-packages/airflow/example_dags/example_skip_dag.py took 0.048 seconds
[2025-05-19T16:02:47.928+0000] {processor.py:186} INFO - Started process (PID=1694) to work on /home/airflow/.local/lib/python3.12/site-packages/airflow/example_dags/example_skip_dag.py
[2025-05-19T16:02:47.930+0000] {processor.py:914} INFO - Processing file /home/airflow/.local/lib/python3.12/site-packages/airflow/example_dags/example_skip_dag.py for tasks to queue
[2025-05-19T16:02:47.932+0000] {logging_mixin.py:190} INFO - [2025-05-19T16:02:47.932+0000] {dagbag.py:588} INFO - Filling up the DagBag from /home/airflow/.local/lib/python3.12/site-packages/airflow/example_dags/example_skip_dag.py
[2025-05-19T16:02:47.937+0000] {processor.py:925} INFO - DAG(s) 'example_skip_dag' retrieved from /home/airflow/.local/lib/python3.12/site-packages/airflow/example_dags/example_skip_dag.py
[2025-05-19T16:02:47.951+0000] {logging_mixin.py:190} INFO - [2025-05-19T16:02:47.950+0000] {dag.py:3239} INFO - Sync 1 DAGs
[2025-05-19T16:02:47.964+0000] {logging_mixin.py:190} INFO - [2025-05-19T16:02:47.963+0000] {dag.py:4180} INFO - Setting next_dagrun for example_skip_dag to 2025-05-18 00:00:00+00:00, run_after=2025-05-19 00:00:00+00:00
[2025-05-19T16:02:47.972+0000] {processor.py:208} INFO - Processing /home/airflow/.local/lib/python3.12/site-packages/airflow/example_dags/example_skip_dag.py took 0.047 seconds
[2025-05-19T16:03:19.006+0000] {processor.py:186} INFO - Started process (PID=1751) to work on /home/airflow/.local/lib/python3.12/site-packages/airflow/example_dags/example_skip_dag.py
[2025-05-19T16:03:19.007+0000] {processor.py:914} INFO - Processing file /home/airflow/.local/lib/python3.12/site-packages/airflow/example_dags/example_skip_dag.py for tasks to queue
[2025-05-19T16:03:19.008+0000] {logging_mixin.py:190} INFO - [2025-05-19T16:03:19.008+0000] {dagbag.py:588} INFO - Filling up the DagBag from /home/airflow/.local/lib/python3.12/site-packages/airflow/example_dags/example_skip_dag.py
[2025-05-19T16:03:19.013+0000] {processor.py:925} INFO - DAG(s) 'example_skip_dag' retrieved from /home/airflow/.local/lib/python3.12/site-packages/airflow/example_dags/example_skip_dag.py
[2025-05-19T16:03:19.025+0000] {logging_mixin.py:190} INFO - [2025-05-19T16:03:19.024+0000] {dag.py:3239} INFO - Sync 1 DAGs
[2025-05-19T16:03:19.035+0000] {logging_mixin.py:190} INFO - [2025-05-19T16:03:19.035+0000] {dag.py:4180} INFO - Setting next_dagrun for example_skip_dag to 2025-05-18 00:00:00+00:00, run_after=2025-05-19 00:00:00+00:00
[2025-05-19T16:03:19.045+0000] {processor.py:208} INFO - Processing /home/airflow/.local/lib/python3.12/site-packages/airflow/example_dags/example_skip_dag.py took 0.042 seconds
[2025-05-19T16:03:49.825+0000] {processor.py:186} INFO - Started process (PID=1808) to work on /home/airflow/.local/lib/python3.12/site-packages/airflow/example_dags/example_skip_dag.py
[2025-05-19T16:03:49.825+0000] {processor.py:914} INFO - Processing file /home/airflow/.local/lib/python3.12/site-packages/airflow/example_dags/example_skip_dag.py for tasks to queue
[2025-05-19T16:03:49.827+0000] {logging_mixin.py:190} INFO - [2025-05-19T16:03:49.826+0000] {dagbag.py:588} INFO - Filling up the DagBag from /home/airflow/.local/lib/python3.12/site-packages/airflow/example_dags/example_skip_dag.py
[2025-05-19T16:03:49.831+0000] {processor.py:925} INFO - DAG(s) 'example_skip_dag' retrieved from /home/airflow/.local/lib/python3.12/site-packages/airflow/example_dags/example_skip_dag.py
[2025-05-19T16:03:49.846+0000] {logging_mixin.py:190} INFO - [2025-05-19T16:03:49.845+0000] {dag.py:3239} INFO - Sync 1 DAGs
[2025-05-19T16:03:49.858+0000] {logging_mixin.py:190} INFO - [2025-05-19T16:03:49.858+0000] {dag.py:4180} INFO - Setting next_dagrun for example_skip_dag to 2025-05-18 00:00:00+00:00, run_after=2025-05-19 00:00:00+00:00
[2025-05-19T16:03:49.868+0000] {processor.py:208} INFO - Processing /home/airflow/.local/lib/python3.12/site-packages/airflow/example_dags/example_skip_dag.py took 0.047 seconds
[2025-05-19T16:04:20.710+0000] {processor.py:186} INFO - Started process (PID=1865) to work on /home/airflow/.local/lib/python3.12/site-packages/airflow/example_dags/example_skip_dag.py
[2025-05-19T16:04:20.710+0000] {processor.py:914} INFO - Processing file /home/airflow/.local/lib/python3.12/site-packages/airflow/example_dags/example_skip_dag.py for tasks to queue
[2025-05-19T16:04:20.712+0000] {logging_mixin.py:190} INFO - [2025-05-19T16:04:20.711+0000] {dagbag.py:588} INFO - Filling up the DagBag from /home/airflow/.local/lib/python3.12/site-packages/airflow/example_dags/example_skip_dag.py
[2025-05-19T16:04:20.716+0000] {processor.py:925} INFO - DAG(s) 'example_skip_dag' retrieved from /home/airflow/.local/lib/python3.12/site-packages/airflow/example_dags/example_skip_dag.py
[2025-05-19T16:04:20.729+0000] {logging_mixin.py:190} INFO - [2025-05-19T16:04:20.729+0000] {dag.py:3239} INFO - Sync 1 DAGs
[2025-05-19T16:04:20.742+0000] {logging_mixin.py:190} INFO - [2025-05-19T16:04:20.742+0000] {dag.py:4180} INFO - Setting next_dagrun for example_skip_dag to 2025-05-18 00:00:00+00:00, run_after=2025-05-19 00:00:00+00:00
[2025-05-19T16:04:20.752+0000] {processor.py:208} INFO - Processing /home/airflow/.local/lib/python3.12/site-packages/airflow/example_dags/example_skip_dag.py took 0.047 seconds
[2025-05-19T16:04:51.357+0000] {processor.py:186} INFO - Started process (PID=1922) to work on /home/airflow/.local/lib/python3.12/site-packages/airflow/example_dags/example_skip_dag.py
[2025-05-19T16:04:51.357+0000] {processor.py:914} INFO - Processing file /home/airflow/.local/lib/python3.12/site-packages/airflow/example_dags/example_skip_dag.py for tasks to queue
[2025-05-19T16:04:51.359+0000] {logging_mixin.py:190} INFO - [2025-05-19T16:04:51.359+0000] {dagbag.py:588} INFO - Filling up the DagBag from /home/airflow/.local/lib/python3.12/site-packages/airflow/example_dags/example_skip_dag.py
[2025-05-19T16:04:51.364+0000] {processor.py:925} INFO - DAG(s) 'example_skip_dag' retrieved from /home/airflow/.local/lib/python3.12/site-packages/airflow/example_dags/example_skip_dag.py
[2025-05-19T16:04:51.376+0000] {logging_mixin.py:190} INFO - [2025-05-19T16:04:51.376+0000] {dag.py:3239} INFO - Sync 1 DAGs
[2025-05-19T16:04:51.388+0000] {logging_mixin.py:190} INFO - [2025-05-19T16:04:51.388+0000] {dag.py:4180} INFO - Setting next_dagrun for example_skip_dag to 2025-05-18 00:00:00+00:00, run_after=2025-05-19 00:00:00+00:00
[2025-05-19T16:04:51.397+0000] {processor.py:208} INFO - Processing /home/airflow/.local/lib/python3.12/site-packages/airflow/example_dags/example_skip_dag.py took 0.043 seconds
