[2025-05-19T15:47:55.527+0000] {processor.py:186} INFO - Started process (PID=39) to work on /home/airflow/.local/lib/python3.12/site-packages/airflow/example_dags/tutorial_dag.py
[2025-05-19T15:47:55.527+0000] {processor.py:914} INFO - Processing file /home/airflow/.local/lib/python3.12/site-packages/airflow/example_dags/tutorial_dag.py for tasks to queue
[2025-05-19T15:47:55.531+0000] {logging_mixin.py:190} INFO - [2025-05-19T15:47:55.531+0000] {dagbag.py:588} INFO - Filling up the DagBag from /home/airflow/.local/lib/python3.12/site-packages/airflow/example_dags/tutorial_dag.py
[2025-05-19T15:47:55.536+0000] {processor.py:925} INFO - DAG(s) 'tutorial_dag' retrieved from /home/airflow/.local/lib/python3.12/site-packages/airflow/example_dags/tutorial_dag.py
[2025-05-19T15:47:55.615+0000] {logging_mixin.py:190} INFO - [2025-05-19T15:47:55.614+0000] {override.py:1912} INFO - Created Permission View: can delete on DAG:tutorial_dag
[2025-05-19T15:47:55.623+0000] {logging_mixin.py:190} INFO - [2025-05-19T15:47:55.623+0000] {override.py:1912} INFO - Created Permission View: can read on DAG:tutorial_dag
[2025-05-19T15:47:55.629+0000] {logging_mixin.py:190} INFO - [2025-05-19T15:47:55.628+0000] {override.py:1912} INFO - Created Permission View: can edit on DAG:tutorial_dag
[2025-05-19T15:47:55.632+0000] {logging_mixin.py:190} INFO - [2025-05-19T15:47:55.632+0000] {override.py:1912} INFO - Created Permission View: menu access on DAG Run:tutorial_dag
[2025-05-19T15:47:55.639+0000] {logging_mixin.py:190} INFO - [2025-05-19T15:47:55.638+0000] {override.py:1912} INFO - Created Permission View: can create on DAG Run:tutorial_dag
[2025-05-19T15:47:55.642+0000] {logging_mixin.py:190} INFO - [2025-05-19T15:47:55.642+0000] {override.py:1912} INFO - Created Permission View: can delete on DAG Run:tutorial_dag
[2025-05-19T15:47:55.647+0000] {logging_mixin.py:190} INFO - [2025-05-19T15:47:55.646+0000] {override.py:1912} INFO - Created Permission View: can read on DAG Run:tutorial_dag
[2025-05-19T15:47:55.647+0000] {logging_mixin.py:190} INFO - [2025-05-19T15:47:55.647+0000] {dag.py:3239} INFO - Sync 1 DAGs
[2025-05-19T15:47:55.657+0000] {logging_mixin.py:190} INFO - [2025-05-19T15:47:55.657+0000] {dag.py:3262} INFO - Creating ORM DAG for tutorial_dag
[2025-05-19T15:47:55.660+0000] {logging_mixin.py:190} INFO - [2025-05-19T15:47:55.660+0000] {dag.py:4180} INFO - Setting next_dagrun for tutorial_dag to None, run_after=None
[2025-05-19T15:47:55.674+0000] {processor.py:208} INFO - Processing /home/airflow/.local/lib/python3.12/site-packages/airflow/example_dags/tutorial_dag.py took 0.151 seconds
[2025-05-19T15:48:26.260+0000] {processor.py:186} INFO - Started process (PID=96) to work on /home/airflow/.local/lib/python3.12/site-packages/airflow/example_dags/tutorial_dag.py
[2025-05-19T15:48:26.261+0000] {processor.py:914} INFO - Processing file /home/airflow/.local/lib/python3.12/site-packages/airflow/example_dags/tutorial_dag.py for tasks to queue
[2025-05-19T15:48:26.262+0000] {logging_mixin.py:190} INFO - [2025-05-19T15:48:26.262+0000] {dagbag.py:588} INFO - Filling up the DagBag from /home/airflow/.local/lib/python3.12/site-packages/airflow/example_dags/tutorial_dag.py
[2025-05-19T15:48:26.266+0000] {processor.py:925} INFO - DAG(s) 'tutorial_dag' retrieved from /home/airflow/.local/lib/python3.12/site-packages/airflow/example_dags/tutorial_dag.py
[2025-05-19T15:48:26.276+0000] {logging_mixin.py:190} INFO - [2025-05-19T15:48:26.275+0000] {dag.py:3239} INFO - Sync 1 DAGs
[2025-05-19T15:48:26.282+0000] {logging_mixin.py:190} INFO - [2025-05-19T15:48:26.282+0000] {dag.py:4180} INFO - Setting next_dagrun for tutorial_dag to None, run_after=None
[2025-05-19T15:48:26.290+0000] {processor.py:208} INFO - Processing /home/airflow/.local/lib/python3.12/site-packages/airflow/example_dags/tutorial_dag.py took 0.033 seconds
[2025-05-19T15:48:57.195+0000] {processor.py:186} INFO - Started process (PID=153) to work on /home/airflow/.local/lib/python3.12/site-packages/airflow/example_dags/tutorial_dag.py
[2025-05-19T15:48:57.195+0000] {processor.py:914} INFO - Processing file /home/airflow/.local/lib/python3.12/site-packages/airflow/example_dags/tutorial_dag.py for tasks to queue
[2025-05-19T15:48:57.197+0000] {logging_mixin.py:190} INFO - [2025-05-19T15:48:57.197+0000] {dagbag.py:588} INFO - Filling up the DagBag from /home/airflow/.local/lib/python3.12/site-packages/airflow/example_dags/tutorial_dag.py
[2025-05-19T15:48:57.201+0000] {processor.py:925} INFO - DAG(s) 'tutorial_dag' retrieved from /home/airflow/.local/lib/python3.12/site-packages/airflow/example_dags/tutorial_dag.py
[2025-05-19T15:48:57.211+0000] {logging_mixin.py:190} INFO - [2025-05-19T15:48:57.211+0000] {dag.py:3239} INFO - Sync 1 DAGs
[2025-05-19T15:48:57.218+0000] {logging_mixin.py:190} INFO - [2025-05-19T15:48:57.218+0000] {dag.py:4180} INFO - Setting next_dagrun for tutorial_dag to None, run_after=None
[2025-05-19T15:48:57.226+0000] {processor.py:208} INFO - Processing /home/airflow/.local/lib/python3.12/site-packages/airflow/example_dags/tutorial_dag.py took 0.035 seconds
[2025-05-19T15:49:27.984+0000] {processor.py:186} INFO - Started process (PID=210) to work on /home/airflow/.local/lib/python3.12/site-packages/airflow/example_dags/tutorial_dag.py
[2025-05-19T15:49:27.985+0000] {processor.py:914} INFO - Processing file /home/airflow/.local/lib/python3.12/site-packages/airflow/example_dags/tutorial_dag.py for tasks to queue
[2025-05-19T15:49:27.988+0000] {logging_mixin.py:190} INFO - [2025-05-19T15:49:27.988+0000] {dagbag.py:588} INFO - Filling up the DagBag from /home/airflow/.local/lib/python3.12/site-packages/airflow/example_dags/tutorial_dag.py
[2025-05-19T15:49:27.992+0000] {processor.py:925} INFO - DAG(s) 'tutorial_dag' retrieved from /home/airflow/.local/lib/python3.12/site-packages/airflow/example_dags/tutorial_dag.py
[2025-05-19T15:49:28.002+0000] {logging_mixin.py:190} INFO - [2025-05-19T15:49:28.002+0000] {dag.py:3239} INFO - Sync 1 DAGs
[2025-05-19T15:49:28.009+0000] {logging_mixin.py:190} INFO - [2025-05-19T15:49:28.009+0000] {dag.py:4180} INFO - Setting next_dagrun for tutorial_dag to None, run_after=None
[2025-05-19T15:49:28.017+0000] {processor.py:208} INFO - Processing /home/airflow/.local/lib/python3.12/site-packages/airflow/example_dags/tutorial_dag.py took 0.037 seconds
[2025-05-19T15:49:58.807+0000] {processor.py:186} INFO - Started process (PID=267) to work on /home/airflow/.local/lib/python3.12/site-packages/airflow/example_dags/tutorial_dag.py
[2025-05-19T15:49:58.810+0000] {processor.py:914} INFO - Processing file /home/airflow/.local/lib/python3.12/site-packages/airflow/example_dags/tutorial_dag.py for tasks to queue
[2025-05-19T15:49:58.811+0000] {logging_mixin.py:190} INFO - [2025-05-19T15:49:58.811+0000] {dagbag.py:588} INFO - Filling up the DagBag from /home/airflow/.local/lib/python3.12/site-packages/airflow/example_dags/tutorial_dag.py
[2025-05-19T15:49:58.819+0000] {processor.py:925} INFO - DAG(s) 'tutorial_dag' retrieved from /home/airflow/.local/lib/python3.12/site-packages/airflow/example_dags/tutorial_dag.py
[2025-05-19T15:49:58.829+0000] {logging_mixin.py:190} INFO - [2025-05-19T15:49:58.829+0000] {dag.py:3239} INFO - Sync 1 DAGs
[2025-05-19T15:49:58.837+0000] {logging_mixin.py:190} INFO - [2025-05-19T15:49:58.836+0000] {dag.py:4180} INFO - Setting next_dagrun for tutorial_dag to None, run_after=None
[2025-05-19T15:49:58.848+0000] {processor.py:208} INFO - Processing /home/airflow/.local/lib/python3.12/site-packages/airflow/example_dags/tutorial_dag.py took 0.046 seconds
[2025-05-19T15:50:29.627+0000] {processor.py:186} INFO - Started process (PID=324) to work on /home/airflow/.local/lib/python3.12/site-packages/airflow/example_dags/tutorial_dag.py
[2025-05-19T15:50:29.629+0000] {processor.py:914} INFO - Processing file /home/airflow/.local/lib/python3.12/site-packages/airflow/example_dags/tutorial_dag.py for tasks to queue
[2025-05-19T15:50:29.631+0000] {logging_mixin.py:190} INFO - [2025-05-19T15:50:29.630+0000] {dagbag.py:588} INFO - Filling up the DagBag from /home/airflow/.local/lib/python3.12/site-packages/airflow/example_dags/tutorial_dag.py
[2025-05-19T15:50:29.635+0000] {processor.py:925} INFO - DAG(s) 'tutorial_dag' retrieved from /home/airflow/.local/lib/python3.12/site-packages/airflow/example_dags/tutorial_dag.py
[2025-05-19T15:50:29.645+0000] {logging_mixin.py:190} INFO - [2025-05-19T15:50:29.645+0000] {dag.py:3239} INFO - Sync 1 DAGs
[2025-05-19T15:50:29.652+0000] {logging_mixin.py:190} INFO - [2025-05-19T15:50:29.652+0000] {dag.py:4180} INFO - Setting next_dagrun for tutorial_dag to None, run_after=None
[2025-05-19T15:50:29.660+0000] {processor.py:208} INFO - Processing /home/airflow/.local/lib/python3.12/site-packages/airflow/example_dags/tutorial_dag.py took 0.036 seconds
[2025-05-19T15:51:00.269+0000] {processor.py:186} INFO - Started process (PID=381) to work on /home/airflow/.local/lib/python3.12/site-packages/airflow/example_dags/tutorial_dag.py
[2025-05-19T15:51:00.270+0000] {processor.py:914} INFO - Processing file /home/airflow/.local/lib/python3.12/site-packages/airflow/example_dags/tutorial_dag.py for tasks to queue
[2025-05-19T15:51:00.271+0000] {logging_mixin.py:190} INFO - [2025-05-19T15:51:00.271+0000] {dagbag.py:588} INFO - Filling up the DagBag from /home/airflow/.local/lib/python3.12/site-packages/airflow/example_dags/tutorial_dag.py
[2025-05-19T15:51:00.276+0000] {processor.py:925} INFO - DAG(s) 'tutorial_dag' retrieved from /home/airflow/.local/lib/python3.12/site-packages/airflow/example_dags/tutorial_dag.py
[2025-05-19T15:51:00.286+0000] {logging_mixin.py:190} INFO - [2025-05-19T15:51:00.286+0000] {dag.py:3239} INFO - Sync 1 DAGs
[2025-05-19T15:51:00.293+0000] {logging_mixin.py:190} INFO - [2025-05-19T15:51:00.293+0000] {dag.py:4180} INFO - Setting next_dagrun for tutorial_dag to None, run_after=None
[2025-05-19T15:51:00.304+0000] {processor.py:208} INFO - Processing /home/airflow/.local/lib/python3.12/site-packages/airflow/example_dags/tutorial_dag.py took 0.037 seconds
[2025-05-19T15:51:30.772+0000] {processor.py:186} INFO - Started process (PID=438) to work on /home/airflow/.local/lib/python3.12/site-packages/airflow/example_dags/tutorial_dag.py
[2025-05-19T15:51:30.775+0000] {processor.py:914} INFO - Processing file /home/airflow/.local/lib/python3.12/site-packages/airflow/example_dags/tutorial_dag.py for tasks to queue
[2025-05-19T15:51:30.780+0000] {logging_mixin.py:190} INFO - [2025-05-19T15:51:30.780+0000] {dagbag.py:588} INFO - Filling up the DagBag from /home/airflow/.local/lib/python3.12/site-packages/airflow/example_dags/tutorial_dag.py
[2025-05-19T15:51:30.784+0000] {processor.py:925} INFO - DAG(s) 'tutorial_dag' retrieved from /home/airflow/.local/lib/python3.12/site-packages/airflow/example_dags/tutorial_dag.py
[2025-05-19T15:51:30.794+0000] {logging_mixin.py:190} INFO - [2025-05-19T15:51:30.794+0000] {dag.py:3239} INFO - Sync 1 DAGs
[2025-05-19T15:51:30.801+0000] {logging_mixin.py:190} INFO - [2025-05-19T15:51:30.801+0000] {dag.py:4180} INFO - Setting next_dagrun for tutorial_dag to None, run_after=None
[2025-05-19T15:51:30.812+0000] {processor.py:208} INFO - Processing /home/airflow/.local/lib/python3.12/site-packages/airflow/example_dags/tutorial_dag.py took 0.043 seconds
[2025-05-19T15:52:01.464+0000] {processor.py:186} INFO - Started process (PID=495) to work on /home/airflow/.local/lib/python3.12/site-packages/airflow/example_dags/tutorial_dag.py
[2025-05-19T15:52:01.467+0000] {processor.py:914} INFO - Processing file /home/airflow/.local/lib/python3.12/site-packages/airflow/example_dags/tutorial_dag.py for tasks to queue
[2025-05-19T15:52:01.470+0000] {logging_mixin.py:190} INFO - [2025-05-19T15:52:01.470+0000] {dagbag.py:588} INFO - Filling up the DagBag from /home/airflow/.local/lib/python3.12/site-packages/airflow/example_dags/tutorial_dag.py
[2025-05-19T15:52:01.475+0000] {processor.py:925} INFO - DAG(s) 'tutorial_dag' retrieved from /home/airflow/.local/lib/python3.12/site-packages/airflow/example_dags/tutorial_dag.py
[2025-05-19T15:52:01.491+0000] {logging_mixin.py:190} INFO - [2025-05-19T15:52:01.490+0000] {dag.py:3239} INFO - Sync 1 DAGs
[2025-05-19T15:52:01.499+0000] {logging_mixin.py:190} INFO - [2025-05-19T15:52:01.499+0000] {dag.py:4180} INFO - Setting next_dagrun for tutorial_dag to None, run_after=None
[2025-05-19T15:52:01.509+0000] {processor.py:208} INFO - Processing /home/airflow/.local/lib/python3.12/site-packages/airflow/example_dags/tutorial_dag.py took 0.048 seconds
[2025-05-19T15:52:31.545+0000] {processor.py:186} INFO - Started process (PID=552) to work on /home/airflow/.local/lib/python3.12/site-packages/airflow/example_dags/tutorial_dag.py
[2025-05-19T15:52:31.548+0000] {processor.py:914} INFO - Processing file /home/airflow/.local/lib/python3.12/site-packages/airflow/example_dags/tutorial_dag.py for tasks to queue
[2025-05-19T15:52:31.550+0000] {logging_mixin.py:190} INFO - [2025-05-19T15:52:31.549+0000] {dagbag.py:588} INFO - Filling up the DagBag from /home/airflow/.local/lib/python3.12/site-packages/airflow/example_dags/tutorial_dag.py
[2025-05-19T15:52:31.555+0000] {processor.py:925} INFO - DAG(s) 'tutorial_dag' retrieved from /home/airflow/.local/lib/python3.12/site-packages/airflow/example_dags/tutorial_dag.py
[2025-05-19T15:52:31.568+0000] {logging_mixin.py:190} INFO - [2025-05-19T15:52:31.568+0000] {dag.py:3239} INFO - Sync 1 DAGs
[2025-05-19T15:52:31.578+0000] {logging_mixin.py:190} INFO - [2025-05-19T15:52:31.578+0000] {dag.py:4180} INFO - Setting next_dagrun for tutorial_dag to None, run_after=None
[2025-05-19T15:52:31.588+0000] {processor.py:208} INFO - Processing /home/airflow/.local/lib/python3.12/site-packages/airflow/example_dags/tutorial_dag.py took 0.046 seconds
[2025-05-19T15:53:02.731+0000] {processor.py:186} INFO - Started process (PID=609) to work on /home/airflow/.local/lib/python3.12/site-packages/airflow/example_dags/tutorial_dag.py
[2025-05-19T15:53:02.732+0000] {processor.py:914} INFO - Processing file /home/airflow/.local/lib/python3.12/site-packages/airflow/example_dags/tutorial_dag.py for tasks to queue
[2025-05-19T15:53:02.734+0000] {logging_mixin.py:190} INFO - [2025-05-19T15:53:02.733+0000] {dagbag.py:588} INFO - Filling up the DagBag from /home/airflow/.local/lib/python3.12/site-packages/airflow/example_dags/tutorial_dag.py
[2025-05-19T15:53:02.739+0000] {processor.py:925} INFO - DAG(s) 'tutorial_dag' retrieved from /home/airflow/.local/lib/python3.12/site-packages/airflow/example_dags/tutorial_dag.py
[2025-05-19T15:53:02.754+0000] {logging_mixin.py:190} INFO - [2025-05-19T15:53:02.754+0000] {dag.py:3239} INFO - Sync 1 DAGs
[2025-05-19T15:53:02.767+0000] {logging_mixin.py:190} INFO - [2025-05-19T15:53:02.767+0000] {dag.py:4180} INFO - Setting next_dagrun for tutorial_dag to None, run_after=None
[2025-05-19T15:53:02.779+0000] {processor.py:208} INFO - Processing /home/airflow/.local/lib/python3.12/site-packages/airflow/example_dags/tutorial_dag.py took 0.050 seconds
[2025-05-19T15:53:32.964+0000] {processor.py:186} INFO - Started process (PID=666) to work on /home/airflow/.local/lib/python3.12/site-packages/airflow/example_dags/tutorial_dag.py
[2025-05-19T15:53:32.964+0000] {processor.py:914} INFO - Processing file /home/airflow/.local/lib/python3.12/site-packages/airflow/example_dags/tutorial_dag.py for tasks to queue
[2025-05-19T15:53:32.965+0000] {logging_mixin.py:190} INFO - [2025-05-19T15:53:32.965+0000] {dagbag.py:588} INFO - Filling up the DagBag from /home/airflow/.local/lib/python3.12/site-packages/airflow/example_dags/tutorial_dag.py
[2025-05-19T15:53:32.970+0000] {processor.py:925} INFO - DAG(s) 'tutorial_dag' retrieved from /home/airflow/.local/lib/python3.12/site-packages/airflow/example_dags/tutorial_dag.py
[2025-05-19T15:53:32.980+0000] {logging_mixin.py:190} INFO - [2025-05-19T15:53:32.980+0000] {dag.py:3239} INFO - Sync 1 DAGs
[2025-05-19T15:53:32.987+0000] {logging_mixin.py:190} INFO - [2025-05-19T15:53:32.987+0000] {dag.py:4180} INFO - Setting next_dagrun for tutorial_dag to None, run_after=None
[2025-05-19T15:53:32.996+0000] {processor.py:208} INFO - Processing /home/airflow/.local/lib/python3.12/site-packages/airflow/example_dags/tutorial_dag.py took 0.035 seconds
[2025-05-19T15:54:03.927+0000] {processor.py:186} INFO - Started process (PID=723) to work on /home/airflow/.local/lib/python3.12/site-packages/airflow/example_dags/tutorial_dag.py
[2025-05-19T15:54:03.928+0000] {processor.py:914} INFO - Processing file /home/airflow/.local/lib/python3.12/site-packages/airflow/example_dags/tutorial_dag.py for tasks to queue
[2025-05-19T15:54:03.929+0000] {logging_mixin.py:190} INFO - [2025-05-19T15:54:03.929+0000] {dagbag.py:588} INFO - Filling up the DagBag from /home/airflow/.local/lib/python3.12/site-packages/airflow/example_dags/tutorial_dag.py
[2025-05-19T15:54:03.934+0000] {processor.py:925} INFO - DAG(s) 'tutorial_dag' retrieved from /home/airflow/.local/lib/python3.12/site-packages/airflow/example_dags/tutorial_dag.py
[2025-05-19T15:54:03.945+0000] {logging_mixin.py:190} INFO - [2025-05-19T15:54:03.945+0000] {dag.py:3239} INFO - Sync 1 DAGs
[2025-05-19T15:54:03.953+0000] {logging_mixin.py:190} INFO - [2025-05-19T15:54:03.952+0000] {dag.py:4180} INFO - Setting next_dagrun for tutorial_dag to None, run_after=None
[2025-05-19T15:54:03.963+0000] {processor.py:208} INFO - Processing /home/airflow/.local/lib/python3.12/site-packages/airflow/example_dags/tutorial_dag.py took 0.041 seconds
[2025-05-19T15:54:34.159+0000] {processor.py:186} INFO - Started process (PID=780) to work on /home/airflow/.local/lib/python3.12/site-packages/airflow/example_dags/tutorial_dag.py
[2025-05-19T15:54:34.161+0000] {processor.py:914} INFO - Processing file /home/airflow/.local/lib/python3.12/site-packages/airflow/example_dags/tutorial_dag.py for tasks to queue
[2025-05-19T15:54:34.163+0000] {logging_mixin.py:190} INFO - [2025-05-19T15:54:34.162+0000] {dagbag.py:588} INFO - Filling up the DagBag from /home/airflow/.local/lib/python3.12/site-packages/airflow/example_dags/tutorial_dag.py
[2025-05-19T15:54:34.168+0000] {processor.py:925} INFO - DAG(s) 'tutorial_dag' retrieved from /home/airflow/.local/lib/python3.12/site-packages/airflow/example_dags/tutorial_dag.py
[2025-05-19T15:54:34.183+0000] {logging_mixin.py:190} INFO - [2025-05-19T15:54:34.183+0000] {dag.py:3239} INFO - Sync 1 DAGs
[2025-05-19T15:54:34.193+0000] {logging_mixin.py:190} INFO - [2025-05-19T15:54:34.193+0000] {dag.py:4180} INFO - Setting next_dagrun for tutorial_dag to None, run_after=None
[2025-05-19T15:54:34.204+0000] {processor.py:208} INFO - Processing /home/airflow/.local/lib/python3.12/site-packages/airflow/example_dags/tutorial_dag.py took 0.048 seconds
[2025-05-19T15:55:04.637+0000] {processor.py:186} INFO - Started process (PID=837) to work on /home/airflow/.local/lib/python3.12/site-packages/airflow/example_dags/tutorial_dag.py
[2025-05-19T15:55:04.639+0000] {processor.py:914} INFO - Processing file /home/airflow/.local/lib/python3.12/site-packages/airflow/example_dags/tutorial_dag.py for tasks to queue
[2025-05-19T15:55:04.641+0000] {logging_mixin.py:190} INFO - [2025-05-19T15:55:04.640+0000] {dagbag.py:588} INFO - Filling up the DagBag from /home/airflow/.local/lib/python3.12/site-packages/airflow/example_dags/tutorial_dag.py
[2025-05-19T15:55:04.645+0000] {processor.py:925} INFO - DAG(s) 'tutorial_dag' retrieved from /home/airflow/.local/lib/python3.12/site-packages/airflow/example_dags/tutorial_dag.py
[2025-05-19T15:55:04.659+0000] {logging_mixin.py:190} INFO - [2025-05-19T15:55:04.659+0000] {dag.py:3239} INFO - Sync 1 DAGs
[2025-05-19T15:55:04.667+0000] {logging_mixin.py:190} INFO - [2025-05-19T15:55:04.667+0000] {dag.py:4180} INFO - Setting next_dagrun for tutorial_dag to None, run_after=None
[2025-05-19T15:55:04.680+0000] {processor.py:208} INFO - Processing /home/airflow/.local/lib/python3.12/site-packages/airflow/example_dags/tutorial_dag.py took 0.046 seconds
[2025-05-19T15:55:35.653+0000] {processor.py:186} INFO - Started process (PID=894) to work on /home/airflow/.local/lib/python3.12/site-packages/airflow/example_dags/tutorial_dag.py
[2025-05-19T15:55:35.654+0000] {processor.py:914} INFO - Processing file /home/airflow/.local/lib/python3.12/site-packages/airflow/example_dags/tutorial_dag.py for tasks to queue
[2025-05-19T15:55:35.655+0000] {logging_mixin.py:190} INFO - [2025-05-19T15:55:35.654+0000] {dagbag.py:588} INFO - Filling up the DagBag from /home/airflow/.local/lib/python3.12/site-packages/airflow/example_dags/tutorial_dag.py
[2025-05-19T15:55:35.659+0000] {processor.py:925} INFO - DAG(s) 'tutorial_dag' retrieved from /home/airflow/.local/lib/python3.12/site-packages/airflow/example_dags/tutorial_dag.py
[2025-05-19T15:55:35.670+0000] {logging_mixin.py:190} INFO - [2025-05-19T15:55:35.670+0000] {dag.py:3239} INFO - Sync 1 DAGs
[2025-05-19T15:55:35.677+0000] {logging_mixin.py:190} INFO - [2025-05-19T15:55:35.677+0000] {dag.py:4180} INFO - Setting next_dagrun for tutorial_dag to None, run_after=None
[2025-05-19T15:55:35.686+0000] {processor.py:208} INFO - Processing /home/airflow/.local/lib/python3.12/site-packages/airflow/example_dags/tutorial_dag.py took 0.036 seconds
[2025-05-19T15:56:06.629+0000] {processor.py:186} INFO - Started process (PID=951) to work on /home/airflow/.local/lib/python3.12/site-packages/airflow/example_dags/tutorial_dag.py
[2025-05-19T15:56:06.631+0000] {processor.py:914} INFO - Processing file /home/airflow/.local/lib/python3.12/site-packages/airflow/example_dags/tutorial_dag.py for tasks to queue
[2025-05-19T15:56:06.633+0000] {logging_mixin.py:190} INFO - [2025-05-19T15:56:06.633+0000] {dagbag.py:588} INFO - Filling up the DagBag from /home/airflow/.local/lib/python3.12/site-packages/airflow/example_dags/tutorial_dag.py
[2025-05-19T15:56:06.642+0000] {processor.py:925} INFO - DAG(s) 'tutorial_dag' retrieved from /home/airflow/.local/lib/python3.12/site-packages/airflow/example_dags/tutorial_dag.py
[2025-05-19T15:56:06.653+0000] {logging_mixin.py:190} INFO - [2025-05-19T15:56:06.653+0000] {dag.py:3239} INFO - Sync 1 DAGs
[2025-05-19T15:56:06.660+0000] {logging_mixin.py:190} INFO - [2025-05-19T15:56:06.660+0000] {dag.py:4180} INFO - Setting next_dagrun for tutorial_dag to None, run_after=None
[2025-05-19T15:56:06.670+0000] {processor.py:208} INFO - Processing /home/airflow/.local/lib/python3.12/site-packages/airflow/example_dags/tutorial_dag.py took 0.044 seconds
[2025-05-19T15:56:37.704+0000] {processor.py:186} INFO - Started process (PID=1008) to work on /home/airflow/.local/lib/python3.12/site-packages/airflow/example_dags/tutorial_dag.py
[2025-05-19T15:56:37.704+0000] {processor.py:914} INFO - Processing file /home/airflow/.local/lib/python3.12/site-packages/airflow/example_dags/tutorial_dag.py for tasks to queue
[2025-05-19T15:56:37.706+0000] {logging_mixin.py:190} INFO - [2025-05-19T15:56:37.705+0000] {dagbag.py:588} INFO - Filling up the DagBag from /home/airflow/.local/lib/python3.12/site-packages/airflow/example_dags/tutorial_dag.py
[2025-05-19T15:56:37.710+0000] {processor.py:925} INFO - DAG(s) 'tutorial_dag' retrieved from /home/airflow/.local/lib/python3.12/site-packages/airflow/example_dags/tutorial_dag.py
[2025-05-19T15:56:37.723+0000] {logging_mixin.py:190} INFO - [2025-05-19T15:56:37.723+0000] {dag.py:3239} INFO - Sync 1 DAGs
[2025-05-19T15:56:37.732+0000] {logging_mixin.py:190} INFO - [2025-05-19T15:56:37.732+0000] {dag.py:4180} INFO - Setting next_dagrun for tutorial_dag to None, run_after=None
[2025-05-19T15:56:37.742+0000] {processor.py:208} INFO - Processing /home/airflow/.local/lib/python3.12/site-packages/airflow/example_dags/tutorial_dag.py took 0.041 seconds
[2025-05-19T15:57:08.620+0000] {processor.py:186} INFO - Started process (PID=1065) to work on /home/airflow/.local/lib/python3.12/site-packages/airflow/example_dags/tutorial_dag.py
[2025-05-19T15:57:08.621+0000] {processor.py:914} INFO - Processing file /home/airflow/.local/lib/python3.12/site-packages/airflow/example_dags/tutorial_dag.py for tasks to queue
[2025-05-19T15:57:08.622+0000] {logging_mixin.py:190} INFO - [2025-05-19T15:57:08.622+0000] {dagbag.py:588} INFO - Filling up the DagBag from /home/airflow/.local/lib/python3.12/site-packages/airflow/example_dags/tutorial_dag.py
[2025-05-19T15:57:08.629+0000] {processor.py:925} INFO - DAG(s) 'tutorial_dag' retrieved from /home/airflow/.local/lib/python3.12/site-packages/airflow/example_dags/tutorial_dag.py
[2025-05-19T15:57:08.642+0000] {logging_mixin.py:190} INFO - [2025-05-19T15:57:08.642+0000] {dag.py:3239} INFO - Sync 1 DAGs
[2025-05-19T15:57:08.649+0000] {logging_mixin.py:190} INFO - [2025-05-19T15:57:08.649+0000] {dag.py:4180} INFO - Setting next_dagrun for tutorial_dag to None, run_after=None
[2025-05-19T15:57:08.659+0000] {processor.py:208} INFO - Processing /home/airflow/.local/lib/python3.12/site-packages/airflow/example_dags/tutorial_dag.py took 0.042 seconds
[2025-05-19T15:57:39.565+0000] {processor.py:186} INFO - Started process (PID=1122) to work on /home/airflow/.local/lib/python3.12/site-packages/airflow/example_dags/tutorial_dag.py
[2025-05-19T15:57:39.567+0000] {processor.py:914} INFO - Processing file /home/airflow/.local/lib/python3.12/site-packages/airflow/example_dags/tutorial_dag.py for tasks to queue
[2025-05-19T15:57:39.568+0000] {logging_mixin.py:190} INFO - [2025-05-19T15:57:39.568+0000] {dagbag.py:588} INFO - Filling up the DagBag from /home/airflow/.local/lib/python3.12/site-packages/airflow/example_dags/tutorial_dag.py
[2025-05-19T15:57:39.573+0000] {processor.py:925} INFO - DAG(s) 'tutorial_dag' retrieved from /home/airflow/.local/lib/python3.12/site-packages/airflow/example_dags/tutorial_dag.py
[2025-05-19T15:57:39.583+0000] {logging_mixin.py:190} INFO - [2025-05-19T15:57:39.583+0000] {dag.py:3239} INFO - Sync 1 DAGs
[2025-05-19T15:57:39.590+0000] {logging_mixin.py:190} INFO - [2025-05-19T15:57:39.590+0000] {dag.py:4180} INFO - Setting next_dagrun for tutorial_dag to None, run_after=None
[2025-05-19T15:57:39.601+0000] {processor.py:208} INFO - Processing /home/airflow/.local/lib/python3.12/site-packages/airflow/example_dags/tutorial_dag.py took 0.039 seconds
[2025-05-19T15:58:10.484+0000] {processor.py:186} INFO - Started process (PID=1179) to work on /home/airflow/.local/lib/python3.12/site-packages/airflow/example_dags/tutorial_dag.py
[2025-05-19T15:58:10.485+0000] {processor.py:914} INFO - Processing file /home/airflow/.local/lib/python3.12/site-packages/airflow/example_dags/tutorial_dag.py for tasks to queue
[2025-05-19T15:58:10.487+0000] {logging_mixin.py:190} INFO - [2025-05-19T15:58:10.486+0000] {dagbag.py:588} INFO - Filling up the DagBag from /home/airflow/.local/lib/python3.12/site-packages/airflow/example_dags/tutorial_dag.py
[2025-05-19T15:58:10.491+0000] {processor.py:925} INFO - DAG(s) 'tutorial_dag' retrieved from /home/airflow/.local/lib/python3.12/site-packages/airflow/example_dags/tutorial_dag.py
[2025-05-19T15:58:10.503+0000] {logging_mixin.py:190} INFO - [2025-05-19T15:58:10.503+0000] {dag.py:3239} INFO - Sync 1 DAGs
[2025-05-19T15:58:10.509+0000] {logging_mixin.py:190} INFO - [2025-05-19T15:58:10.509+0000] {dag.py:4180} INFO - Setting next_dagrun for tutorial_dag to None, run_after=None
[2025-05-19T15:58:10.518+0000] {processor.py:208} INFO - Processing /home/airflow/.local/lib/python3.12/site-packages/airflow/example_dags/tutorial_dag.py took 0.038 seconds
[2025-05-19T15:58:41.366+0000] {processor.py:186} INFO - Started process (PID=1236) to work on /home/airflow/.local/lib/python3.12/site-packages/airflow/example_dags/tutorial_dag.py
[2025-05-19T15:58:41.367+0000] {processor.py:914} INFO - Processing file /home/airflow/.local/lib/python3.12/site-packages/airflow/example_dags/tutorial_dag.py for tasks to queue
[2025-05-19T15:58:41.369+0000] {logging_mixin.py:190} INFO - [2025-05-19T15:58:41.369+0000] {dagbag.py:588} INFO - Filling up the DagBag from /home/airflow/.local/lib/python3.12/site-packages/airflow/example_dags/tutorial_dag.py
[2025-05-19T15:58:41.373+0000] {processor.py:925} INFO - DAG(s) 'tutorial_dag' retrieved from /home/airflow/.local/lib/python3.12/site-packages/airflow/example_dags/tutorial_dag.py
[2025-05-19T15:58:41.384+0000] {logging_mixin.py:190} INFO - [2025-05-19T15:58:41.384+0000] {dag.py:3239} INFO - Sync 1 DAGs
[2025-05-19T15:58:41.391+0000] {logging_mixin.py:190} INFO - [2025-05-19T15:58:41.391+0000] {dag.py:4180} INFO - Setting next_dagrun for tutorial_dag to None, run_after=None
[2025-05-19T15:58:41.400+0000] {processor.py:208} INFO - Processing /home/airflow/.local/lib/python3.12/site-packages/airflow/example_dags/tutorial_dag.py took 0.038 seconds
[2025-05-19T15:59:12.181+0000] {processor.py:186} INFO - Started process (PID=1293) to work on /home/airflow/.local/lib/python3.12/site-packages/airflow/example_dags/tutorial_dag.py
[2025-05-19T15:59:12.183+0000] {processor.py:914} INFO - Processing file /home/airflow/.local/lib/python3.12/site-packages/airflow/example_dags/tutorial_dag.py for tasks to queue
[2025-05-19T15:59:12.185+0000] {logging_mixin.py:190} INFO - [2025-05-19T15:59:12.184+0000] {dagbag.py:588} INFO - Filling up the DagBag from /home/airflow/.local/lib/python3.12/site-packages/airflow/example_dags/tutorial_dag.py
[2025-05-19T15:59:12.189+0000] {processor.py:925} INFO - DAG(s) 'tutorial_dag' retrieved from /home/airflow/.local/lib/python3.12/site-packages/airflow/example_dags/tutorial_dag.py
[2025-05-19T15:59:12.199+0000] {logging_mixin.py:190} INFO - [2025-05-19T15:59:12.199+0000] {dag.py:3239} INFO - Sync 1 DAGs
[2025-05-19T15:59:12.207+0000] {logging_mixin.py:190} INFO - [2025-05-19T15:59:12.207+0000] {dag.py:4180} INFO - Setting next_dagrun for tutorial_dag to None, run_after=None
[2025-05-19T15:59:12.219+0000] {processor.py:208} INFO - Processing /home/airflow/.local/lib/python3.12/site-packages/airflow/example_dags/tutorial_dag.py took 0.042 seconds
[2025-05-19T15:59:43.221+0000] {processor.py:186} INFO - Started process (PID=1350) to work on /home/airflow/.local/lib/python3.12/site-packages/airflow/example_dags/tutorial_dag.py
[2025-05-19T15:59:43.222+0000] {processor.py:914} INFO - Processing file /home/airflow/.local/lib/python3.12/site-packages/airflow/example_dags/tutorial_dag.py for tasks to queue
[2025-05-19T15:59:43.226+0000] {logging_mixin.py:190} INFO - [2025-05-19T15:59:43.225+0000] {dagbag.py:588} INFO - Filling up the DagBag from /home/airflow/.local/lib/python3.12/site-packages/airflow/example_dags/tutorial_dag.py
[2025-05-19T15:59:43.239+0000] {processor.py:925} INFO - DAG(s) 'tutorial_dag' retrieved from /home/airflow/.local/lib/python3.12/site-packages/airflow/example_dags/tutorial_dag.py
[2025-05-19T15:59:43.253+0000] {logging_mixin.py:190} INFO - [2025-05-19T15:59:43.253+0000] {dag.py:3239} INFO - Sync 1 DAGs
[2025-05-19T15:59:43.262+0000] {logging_mixin.py:190} INFO - [2025-05-19T15:59:43.262+0000] {dag.py:4180} INFO - Setting next_dagrun for tutorial_dag to None, run_after=None
[2025-05-19T15:59:43.274+0000] {processor.py:208} INFO - Processing /home/airflow/.local/lib/python3.12/site-packages/airflow/example_dags/tutorial_dag.py took 0.058 seconds
[2025-05-19T16:00:14.245+0000] {processor.py:186} INFO - Started process (PID=1407) to work on /home/airflow/.local/lib/python3.12/site-packages/airflow/example_dags/tutorial_dag.py
[2025-05-19T16:00:14.246+0000] {processor.py:914} INFO - Processing file /home/airflow/.local/lib/python3.12/site-packages/airflow/example_dags/tutorial_dag.py for tasks to queue
[2025-05-19T16:00:14.247+0000] {logging_mixin.py:190} INFO - [2025-05-19T16:00:14.246+0000] {dagbag.py:588} INFO - Filling up the DagBag from /home/airflow/.local/lib/python3.12/site-packages/airflow/example_dags/tutorial_dag.py
[2025-05-19T16:00:14.250+0000] {processor.py:925} INFO - DAG(s) 'tutorial_dag' retrieved from /home/airflow/.local/lib/python3.12/site-packages/airflow/example_dags/tutorial_dag.py
[2025-05-19T16:00:14.260+0000] {logging_mixin.py:190} INFO - [2025-05-19T16:00:14.260+0000] {dag.py:3239} INFO - Sync 1 DAGs
[2025-05-19T16:00:14.268+0000] {logging_mixin.py:190} INFO - [2025-05-19T16:00:14.268+0000] {dag.py:4180} INFO - Setting next_dagrun for tutorial_dag to None, run_after=None
[2025-05-19T16:00:14.278+0000] {processor.py:208} INFO - Processing /home/airflow/.local/lib/python3.12/site-packages/airflow/example_dags/tutorial_dag.py took 0.036 seconds
[2025-05-19T16:00:45.268+0000] {processor.py:186} INFO - Started process (PID=1464) to work on /home/airflow/.local/lib/python3.12/site-packages/airflow/example_dags/tutorial_dag.py
[2025-05-19T16:00:45.268+0000] {processor.py:914} INFO - Processing file /home/airflow/.local/lib/python3.12/site-packages/airflow/example_dags/tutorial_dag.py for tasks to queue
[2025-05-19T16:00:45.272+0000] {logging_mixin.py:190} INFO - [2025-05-19T16:00:45.272+0000] {dagbag.py:588} INFO - Filling up the DagBag from /home/airflow/.local/lib/python3.12/site-packages/airflow/example_dags/tutorial_dag.py
[2025-05-19T16:00:45.276+0000] {processor.py:925} INFO - DAG(s) 'tutorial_dag' retrieved from /home/airflow/.local/lib/python3.12/site-packages/airflow/example_dags/tutorial_dag.py
[2025-05-19T16:00:45.288+0000] {logging_mixin.py:190} INFO - [2025-05-19T16:00:45.287+0000] {dag.py:3239} INFO - Sync 1 DAGs
[2025-05-19T16:00:45.295+0000] {logging_mixin.py:190} INFO - [2025-05-19T16:00:45.295+0000] {dag.py:4180} INFO - Setting next_dagrun for tutorial_dag to None, run_after=None
[2025-05-19T16:00:45.305+0000] {processor.py:208} INFO - Processing /home/airflow/.local/lib/python3.12/site-packages/airflow/example_dags/tutorial_dag.py took 0.040 seconds
[2025-05-19T16:01:15.374+0000] {processor.py:186} INFO - Started process (PID=1521) to work on /home/airflow/.local/lib/python3.12/site-packages/airflow/example_dags/tutorial_dag.py
[2025-05-19T16:01:15.374+0000] {processor.py:914} INFO - Processing file /home/airflow/.local/lib/python3.12/site-packages/airflow/example_dags/tutorial_dag.py for tasks to queue
[2025-05-19T16:01:15.376+0000] {logging_mixin.py:190} INFO - [2025-05-19T16:01:15.376+0000] {dagbag.py:588} INFO - Filling up the DagBag from /home/airflow/.local/lib/python3.12/site-packages/airflow/example_dags/tutorial_dag.py
[2025-05-19T16:01:15.380+0000] {processor.py:925} INFO - DAG(s) 'tutorial_dag' retrieved from /home/airflow/.local/lib/python3.12/site-packages/airflow/example_dags/tutorial_dag.py
[2025-05-19T16:01:15.390+0000] {logging_mixin.py:190} INFO - [2025-05-19T16:01:15.390+0000] {dag.py:3239} INFO - Sync 1 DAGs
[2025-05-19T16:01:15.397+0000] {logging_mixin.py:190} INFO - [2025-05-19T16:01:15.397+0000] {dag.py:4180} INFO - Setting next_dagrun for tutorial_dag to None, run_after=None
[2025-05-19T16:01:15.405+0000] {processor.py:208} INFO - Processing /home/airflow/.local/lib/python3.12/site-packages/airflow/example_dags/tutorial_dag.py took 0.034 seconds
[2025-05-19T16:01:46.272+0000] {processor.py:186} INFO - Started process (PID=1578) to work on /home/airflow/.local/lib/python3.12/site-packages/airflow/example_dags/tutorial_dag.py
[2025-05-19T16:01:46.275+0000] {processor.py:914} INFO - Processing file /home/airflow/.local/lib/python3.12/site-packages/airflow/example_dags/tutorial_dag.py for tasks to queue
[2025-05-19T16:01:46.276+0000] {logging_mixin.py:190} INFO - [2025-05-19T16:01:46.276+0000] {dagbag.py:588} INFO - Filling up the DagBag from /home/airflow/.local/lib/python3.12/site-packages/airflow/example_dags/tutorial_dag.py
[2025-05-19T16:01:46.282+0000] {processor.py:925} INFO - DAG(s) 'tutorial_dag' retrieved from /home/airflow/.local/lib/python3.12/site-packages/airflow/example_dags/tutorial_dag.py
[2025-05-19T16:01:46.293+0000] {logging_mixin.py:190} INFO - [2025-05-19T16:01:46.293+0000] {dag.py:3239} INFO - Sync 1 DAGs
[2025-05-19T16:01:46.301+0000] {logging_mixin.py:190} INFO - [2025-05-19T16:01:46.301+0000] {dag.py:4180} INFO - Setting next_dagrun for tutorial_dag to None, run_after=None
[2025-05-19T16:01:46.311+0000] {processor.py:208} INFO - Processing /home/airflow/.local/lib/python3.12/site-packages/airflow/example_dags/tutorial_dag.py took 0.043 seconds
[2025-05-19T16:02:16.973+0000] {processor.py:186} INFO - Started process (PID=1635) to work on /home/airflow/.local/lib/python3.12/site-packages/airflow/example_dags/tutorial_dag.py
[2025-05-19T16:02:16.974+0000] {processor.py:914} INFO - Processing file /home/airflow/.local/lib/python3.12/site-packages/airflow/example_dags/tutorial_dag.py for tasks to queue
[2025-05-19T16:02:16.975+0000] {logging_mixin.py:190} INFO - [2025-05-19T16:02:16.975+0000] {dagbag.py:588} INFO - Filling up the DagBag from /home/airflow/.local/lib/python3.12/site-packages/airflow/example_dags/tutorial_dag.py
[2025-05-19T16:02:16.980+0000] {processor.py:925} INFO - DAG(s) 'tutorial_dag' retrieved from /home/airflow/.local/lib/python3.12/site-packages/airflow/example_dags/tutorial_dag.py
[2025-05-19T16:02:16.991+0000] {logging_mixin.py:190} INFO - [2025-05-19T16:02:16.991+0000] {dag.py:3239} INFO - Sync 1 DAGs
[2025-05-19T16:02:16.999+0000] {logging_mixin.py:190} INFO - [2025-05-19T16:02:16.999+0000] {dag.py:4180} INFO - Setting next_dagrun for tutorial_dag to None, run_after=None
[2025-05-19T16:02:17.009+0000] {processor.py:208} INFO - Processing /home/airflow/.local/lib/python3.12/site-packages/airflow/example_dags/tutorial_dag.py took 0.039 seconds
[2025-05-19T16:02:47.875+0000] {processor.py:186} INFO - Started process (PID=1692) to work on /home/airflow/.local/lib/python3.12/site-packages/airflow/example_dags/tutorial_dag.py
[2025-05-19T16:02:47.876+0000] {processor.py:914} INFO - Processing file /home/airflow/.local/lib/python3.12/site-packages/airflow/example_dags/tutorial_dag.py for tasks to queue
[2025-05-19T16:02:47.878+0000] {logging_mixin.py:190} INFO - [2025-05-19T16:02:47.878+0000] {dagbag.py:588} INFO - Filling up the DagBag from /home/airflow/.local/lib/python3.12/site-packages/airflow/example_dags/tutorial_dag.py
[2025-05-19T16:02:47.883+0000] {processor.py:925} INFO - DAG(s) 'tutorial_dag' retrieved from /home/airflow/.local/lib/python3.12/site-packages/airflow/example_dags/tutorial_dag.py
[2025-05-19T16:02:47.896+0000] {logging_mixin.py:190} INFO - [2025-05-19T16:02:47.896+0000] {dag.py:3239} INFO - Sync 1 DAGs
[2025-05-19T16:02:47.903+0000] {logging_mixin.py:190} INFO - [2025-05-19T16:02:47.903+0000] {dag.py:4180} INFO - Setting next_dagrun for tutorial_dag to None, run_after=None
[2025-05-19T16:02:47.914+0000] {processor.py:208} INFO - Processing /home/airflow/.local/lib/python3.12/site-packages/airflow/example_dags/tutorial_dag.py took 0.042 seconds
[2025-05-19T16:03:18.953+0000] {processor.py:186} INFO - Started process (PID=1749) to work on /home/airflow/.local/lib/python3.12/site-packages/airflow/example_dags/tutorial_dag.py
[2025-05-19T16:03:18.954+0000] {processor.py:914} INFO - Processing file /home/airflow/.local/lib/python3.12/site-packages/airflow/example_dags/tutorial_dag.py for tasks to queue
[2025-05-19T16:03:18.955+0000] {logging_mixin.py:190} INFO - [2025-05-19T16:03:18.955+0000] {dagbag.py:588} INFO - Filling up the DagBag from /home/airflow/.local/lib/python3.12/site-packages/airflow/example_dags/tutorial_dag.py
[2025-05-19T16:03:18.959+0000] {processor.py:925} INFO - DAG(s) 'tutorial_dag' retrieved from /home/airflow/.local/lib/python3.12/site-packages/airflow/example_dags/tutorial_dag.py
[2025-05-19T16:03:18.972+0000] {logging_mixin.py:190} INFO - [2025-05-19T16:03:18.972+0000] {dag.py:3239} INFO - Sync 1 DAGs
[2025-05-19T16:03:18.980+0000] {logging_mixin.py:190} INFO - [2025-05-19T16:03:18.980+0000] {dag.py:4180} INFO - Setting next_dagrun for tutorial_dag to None, run_after=None
[2025-05-19T16:03:18.990+0000] {processor.py:208} INFO - Processing /home/airflow/.local/lib/python3.12/site-packages/airflow/example_dags/tutorial_dag.py took 0.040 seconds
[2025-05-19T16:03:49.760+0000] {processor.py:186} INFO - Started process (PID=1806) to work on /home/airflow/.local/lib/python3.12/site-packages/airflow/example_dags/tutorial_dag.py
[2025-05-19T16:03:49.761+0000] {processor.py:914} INFO - Processing file /home/airflow/.local/lib/python3.12/site-packages/airflow/example_dags/tutorial_dag.py for tasks to queue
[2025-05-19T16:03:49.763+0000] {logging_mixin.py:190} INFO - [2025-05-19T16:03:49.763+0000] {dagbag.py:588} INFO - Filling up the DagBag from /home/airflow/.local/lib/python3.12/site-packages/airflow/example_dags/tutorial_dag.py
[2025-05-19T16:03:49.778+0000] {processor.py:925} INFO - DAG(s) 'tutorial_dag' retrieved from /home/airflow/.local/lib/python3.12/site-packages/airflow/example_dags/tutorial_dag.py
[2025-05-19T16:03:49.790+0000] {logging_mixin.py:190} INFO - [2025-05-19T16:03:49.790+0000] {dag.py:3239} INFO - Sync 1 DAGs
[2025-05-19T16:03:49.798+0000] {logging_mixin.py:190} INFO - [2025-05-19T16:03:49.798+0000] {dag.py:4180} INFO - Setting next_dagrun for tutorial_dag to None, run_after=None
[2025-05-19T16:03:49.809+0000] {processor.py:208} INFO - Processing /home/airflow/.local/lib/python3.12/site-packages/airflow/example_dags/tutorial_dag.py took 0.052 seconds
[2025-05-19T16:04:20.657+0000] {processor.py:186} INFO - Started process (PID=1863) to work on /home/airflow/.local/lib/python3.12/site-packages/airflow/example_dags/tutorial_dag.py
[2025-05-19T16:04:20.658+0000] {processor.py:914} INFO - Processing file /home/airflow/.local/lib/python3.12/site-packages/airflow/example_dags/tutorial_dag.py for tasks to queue
[2025-05-19T16:04:20.659+0000] {logging_mixin.py:190} INFO - [2025-05-19T16:04:20.659+0000] {dagbag.py:588} INFO - Filling up the DagBag from /home/airflow/.local/lib/python3.12/site-packages/airflow/example_dags/tutorial_dag.py
[2025-05-19T16:04:20.664+0000] {processor.py:925} INFO - DAG(s) 'tutorial_dag' retrieved from /home/airflow/.local/lib/python3.12/site-packages/airflow/example_dags/tutorial_dag.py
[2025-05-19T16:04:20.675+0000] {logging_mixin.py:190} INFO - [2025-05-19T16:04:20.675+0000] {dag.py:3239} INFO - Sync 1 DAGs
[2025-05-19T16:04:20.684+0000] {logging_mixin.py:190} INFO - [2025-05-19T16:04:20.684+0000] {dag.py:4180} INFO - Setting next_dagrun for tutorial_dag to None, run_after=None
[2025-05-19T16:04:20.694+0000] {processor.py:208} INFO - Processing /home/airflow/.local/lib/python3.12/site-packages/airflow/example_dags/tutorial_dag.py took 0.040 seconds
[2025-05-19T16:04:51.306+0000] {processor.py:186} INFO - Started process (PID=1920) to work on /home/airflow/.local/lib/python3.12/site-packages/airflow/example_dags/tutorial_dag.py
[2025-05-19T16:04:51.307+0000] {processor.py:914} INFO - Processing file /home/airflow/.local/lib/python3.12/site-packages/airflow/example_dags/tutorial_dag.py for tasks to queue
[2025-05-19T16:04:51.308+0000] {logging_mixin.py:190} INFO - [2025-05-19T16:04:51.308+0000] {dagbag.py:588} INFO - Filling up the DagBag from /home/airflow/.local/lib/python3.12/site-packages/airflow/example_dags/tutorial_dag.py
[2025-05-19T16:04:51.312+0000] {processor.py:925} INFO - DAG(s) 'tutorial_dag' retrieved from /home/airflow/.local/lib/python3.12/site-packages/airflow/example_dags/tutorial_dag.py
[2025-05-19T16:04:51.324+0000] {logging_mixin.py:190} INFO - [2025-05-19T16:04:51.323+0000] {dag.py:3239} INFO - Sync 1 DAGs
[2025-05-19T16:04:51.331+0000] {logging_mixin.py:190} INFO - [2025-05-19T16:04:51.331+0000] {dag.py:4180} INFO - Setting next_dagrun for tutorial_dag to None, run_after=None
[2025-05-19T16:04:51.340+0000] {processor.py:208} INFO - Processing /home/airflow/.local/lib/python3.12/site-packages/airflow/example_dags/tutorial_dag.py took 0.037 seconds
