[2025-05-19T15:47:58.186+0000] {processor.py:186} INFO - Started process (PID=60) to work on /home/airflow/.local/lib/python3.12/site-packages/airflow/example_dags/tutorial.py
[2025-05-19T15:47:58.187+0000] {processor.py:914} INFO - Processing file /home/airflow/.local/lib/python3.12/site-packages/airflow/example_dags/tutorial.py for tasks to queue
[2025-05-19T15:47:58.188+0000] {logging_mixin.py:190} INFO - [2025-05-19T15:47:58.188+0000] {dagbag.py:588} INFO - Filling up the DagBag from /home/airflow/.local/lib/python3.12/site-packages/airflow/example_dags/tutorial.py
[2025-05-19T15:47:58.193+0000] {processor.py:925} INFO - DAG(s) 'tutorial' retrieved from /home/airflow/.local/lib/python3.12/site-packages/airflow/example_dags/tutorial.py
[2025-05-19T15:47:58.258+0000] {logging_mixin.py:190} INFO - [2025-05-19T15:47:58.257+0000] {override.py:1912} INFO - Created Permission View: can delete on DAG:tutorial
[2025-05-19T15:47:58.263+0000] {logging_mixin.py:190} INFO - [2025-05-19T15:47:58.263+0000] {override.py:1912} INFO - Created Permission View: can read on DAG:tutorial
[2025-05-19T15:47:58.266+0000] {logging_mixin.py:190} INFO - [2025-05-19T15:47:58.265+0000] {override.py:1912} INFO - Created Permission View: can edit on DAG:tutorial
[2025-05-19T15:47:58.269+0000] {logging_mixin.py:190} INFO - [2025-05-19T15:47:58.268+0000] {override.py:1912} INFO - Created Permission View: menu access on DAG Run:tutorial
[2025-05-19T15:47:58.271+0000] {logging_mixin.py:190} INFO - [2025-05-19T15:47:58.271+0000] {override.py:1912} INFO - Created Permission View: can create on DAG Run:tutorial
[2025-05-19T15:47:58.274+0000] {logging_mixin.py:190} INFO - [2025-05-19T15:47:58.274+0000] {override.py:1912} INFO - Created Permission View: can delete on DAG Run:tutorial
[2025-05-19T15:47:58.277+0000] {logging_mixin.py:190} INFO - [2025-05-19T15:47:58.277+0000] {override.py:1912} INFO - Created Permission View: can read on DAG Run:tutorial
[2025-05-19T15:47:58.278+0000] {logging_mixin.py:190} INFO - [2025-05-19T15:47:58.277+0000] {dag.py:3239} INFO - Sync 1 DAGs
[2025-05-19T15:47:58.283+0000] {logging_mixin.py:190} INFO - [2025-05-19T15:47:58.283+0000] {dag.py:3262} INFO - Creating ORM DAG for tutorial
[2025-05-19T15:47:58.288+0000] {logging_mixin.py:190} INFO - [2025-05-19T15:47:58.288+0000] {dag.py:4180} INFO - Setting next_dagrun for tutorial to 2025-05-18 00:00:00+00:00, run_after=2025-05-19 00:00:00+00:00
[2025-05-19T15:47:58.296+0000] {processor.py:208} INFO - Processing /home/airflow/.local/lib/python3.12/site-packages/airflow/example_dags/tutorial.py took 0.113 seconds
[2025-05-19T15:48:28.449+0000] {processor.py:186} INFO - Started process (PID=117) to work on /home/airflow/.local/lib/python3.12/site-packages/airflow/example_dags/tutorial.py
[2025-05-19T15:48:28.449+0000] {processor.py:914} INFO - Processing file /home/airflow/.local/lib/python3.12/site-packages/airflow/example_dags/tutorial.py for tasks to queue
[2025-05-19T15:48:28.451+0000] {logging_mixin.py:190} INFO - [2025-05-19T15:48:28.450+0000] {dagbag.py:588} INFO - Filling up the DagBag from /home/airflow/.local/lib/python3.12/site-packages/airflow/example_dags/tutorial.py
[2025-05-19T15:48:28.455+0000] {processor.py:925} INFO - DAG(s) 'tutorial' retrieved from /home/airflow/.local/lib/python3.12/site-packages/airflow/example_dags/tutorial.py
[2025-05-19T15:48:28.465+0000] {logging_mixin.py:190} INFO - [2025-05-19T15:48:28.465+0000] {dag.py:3239} INFO - Sync 1 DAGs
[2025-05-19T15:48:28.475+0000] {logging_mixin.py:190} INFO - [2025-05-19T15:48:28.475+0000] {dag.py:4180} INFO - Setting next_dagrun for tutorial to 2025-05-18 00:00:00+00:00, run_after=2025-05-19 00:00:00+00:00
[2025-05-19T15:48:28.484+0000] {processor.py:208} INFO - Processing /home/airflow/.local/lib/python3.12/site-packages/airflow/example_dags/tutorial.py took 0.038 seconds
[2025-05-19T15:48:59.316+0000] {processor.py:186} INFO - Started process (PID=174) to work on /home/airflow/.local/lib/python3.12/site-packages/airflow/example_dags/tutorial.py
[2025-05-19T15:48:59.317+0000] {processor.py:914} INFO - Processing file /home/airflow/.local/lib/python3.12/site-packages/airflow/example_dags/tutorial.py for tasks to queue
[2025-05-19T15:48:59.318+0000] {logging_mixin.py:190} INFO - [2025-05-19T15:48:59.318+0000] {dagbag.py:588} INFO - Filling up the DagBag from /home/airflow/.local/lib/python3.12/site-packages/airflow/example_dags/tutorial.py
[2025-05-19T15:48:59.323+0000] {processor.py:925} INFO - DAG(s) 'tutorial' retrieved from /home/airflow/.local/lib/python3.12/site-packages/airflow/example_dags/tutorial.py
[2025-05-19T15:48:59.337+0000] {logging_mixin.py:190} INFO - [2025-05-19T15:48:59.337+0000] {dag.py:3239} INFO - Sync 1 DAGs
[2025-05-19T15:48:59.349+0000] {logging_mixin.py:190} INFO - [2025-05-19T15:48:59.348+0000] {dag.py:4180} INFO - Setting next_dagrun for tutorial to 2025-05-18 00:00:00+00:00, run_after=2025-05-19 00:00:00+00:00
[2025-05-19T15:48:59.358+0000] {processor.py:208} INFO - Processing /home/airflow/.local/lib/python3.12/site-packages/airflow/example_dags/tutorial.py took 0.045 seconds
[2025-05-19T15:49:30.063+0000] {processor.py:186} INFO - Started process (PID=231) to work on /home/airflow/.local/lib/python3.12/site-packages/airflow/example_dags/tutorial.py
[2025-05-19T15:49:30.064+0000] {processor.py:914} INFO - Processing file /home/airflow/.local/lib/python3.12/site-packages/airflow/example_dags/tutorial.py for tasks to queue
[2025-05-19T15:49:30.065+0000] {logging_mixin.py:190} INFO - [2025-05-19T15:49:30.065+0000] {dagbag.py:588} INFO - Filling up the DagBag from /home/airflow/.local/lib/python3.12/site-packages/airflow/example_dags/tutorial.py
[2025-05-19T15:49:30.071+0000] {processor.py:925} INFO - DAG(s) 'tutorial' retrieved from /home/airflow/.local/lib/python3.12/site-packages/airflow/example_dags/tutorial.py
[2025-05-19T15:49:30.082+0000] {logging_mixin.py:190} INFO - [2025-05-19T15:49:30.082+0000] {dag.py:3239} INFO - Sync 1 DAGs
[2025-05-19T15:49:30.092+0000] {logging_mixin.py:190} INFO - [2025-05-19T15:49:30.092+0000] {dag.py:4180} INFO - Setting next_dagrun for tutorial to 2025-05-18 00:00:00+00:00, run_after=2025-05-19 00:00:00+00:00
[2025-05-19T15:49:30.100+0000] {processor.py:208} INFO - Processing /home/airflow/.local/lib/python3.12/site-packages/airflow/example_dags/tutorial.py took 0.039 seconds
[2025-05-19T15:50:00.972+0000] {processor.py:186} INFO - Started process (PID=288) to work on /home/airflow/.local/lib/python3.12/site-packages/airflow/example_dags/tutorial.py
[2025-05-19T15:50:00.973+0000] {processor.py:914} INFO - Processing file /home/airflow/.local/lib/python3.12/site-packages/airflow/example_dags/tutorial.py for tasks to queue
[2025-05-19T15:50:00.974+0000] {logging_mixin.py:190} INFO - [2025-05-19T15:50:00.974+0000] {dagbag.py:588} INFO - Filling up the DagBag from /home/airflow/.local/lib/python3.12/site-packages/airflow/example_dags/tutorial.py
[2025-05-19T15:50:00.979+0000] {processor.py:925} INFO - DAG(s) 'tutorial' retrieved from /home/airflow/.local/lib/python3.12/site-packages/airflow/example_dags/tutorial.py
[2025-05-19T15:50:00.989+0000] {logging_mixin.py:190} INFO - [2025-05-19T15:50:00.989+0000] {dag.py:3239} INFO - Sync 1 DAGs
[2025-05-19T15:50:01.000+0000] {logging_mixin.py:190} INFO - [2025-05-19T15:50:01.000+0000] {dag.py:4180} INFO - Setting next_dagrun for tutorial to 2025-05-18 00:00:00+00:00, run_after=2025-05-19 00:00:00+00:00
[2025-05-19T15:50:01.009+0000] {processor.py:208} INFO - Processing /home/airflow/.local/lib/python3.12/site-packages/airflow/example_dags/tutorial.py took 0.040 seconds
[2025-05-19T15:50:31.648+0000] {processor.py:186} INFO - Started process (PID=345) to work on /home/airflow/.local/lib/python3.12/site-packages/airflow/example_dags/tutorial.py
[2025-05-19T15:50:31.651+0000] {processor.py:914} INFO - Processing file /home/airflow/.local/lib/python3.12/site-packages/airflow/example_dags/tutorial.py for tasks to queue
[2025-05-19T15:50:31.652+0000] {logging_mixin.py:190} INFO - [2025-05-19T15:50:31.652+0000] {dagbag.py:588} INFO - Filling up the DagBag from /home/airflow/.local/lib/python3.12/site-packages/airflow/example_dags/tutorial.py
[2025-05-19T15:50:31.656+0000] {processor.py:925} INFO - DAG(s) 'tutorial' retrieved from /home/airflow/.local/lib/python3.12/site-packages/airflow/example_dags/tutorial.py
[2025-05-19T15:50:31.666+0000] {logging_mixin.py:190} INFO - [2025-05-19T15:50:31.666+0000] {dag.py:3239} INFO - Sync 1 DAGs
[2025-05-19T15:50:31.678+0000] {logging_mixin.py:190} INFO - [2025-05-19T15:50:31.678+0000] {dag.py:4180} INFO - Setting next_dagrun for tutorial to 2025-05-18 00:00:00+00:00, run_after=2025-05-19 00:00:00+00:00
[2025-05-19T15:50:31.687+0000] {processor.py:208} INFO - Processing /home/airflow/.local/lib/python3.12/site-packages/airflow/example_dags/tutorial.py took 0.042 seconds
[2025-05-19T15:51:02.306+0000] {processor.py:186} INFO - Started process (PID=402) to work on /home/airflow/.local/lib/python3.12/site-packages/airflow/example_dags/tutorial.py
[2025-05-19T15:51:02.307+0000] {processor.py:914} INFO - Processing file /home/airflow/.local/lib/python3.12/site-packages/airflow/example_dags/tutorial.py for tasks to queue
[2025-05-19T15:51:02.308+0000] {logging_mixin.py:190} INFO - [2025-05-19T15:51:02.308+0000] {dagbag.py:588} INFO - Filling up the DagBag from /home/airflow/.local/lib/python3.12/site-packages/airflow/example_dags/tutorial.py
[2025-05-19T15:51:02.313+0000] {processor.py:925} INFO - DAG(s) 'tutorial' retrieved from /home/airflow/.local/lib/python3.12/site-packages/airflow/example_dags/tutorial.py
[2025-05-19T15:51:02.323+0000] {logging_mixin.py:190} INFO - [2025-05-19T15:51:02.323+0000] {dag.py:3239} INFO - Sync 1 DAGs
[2025-05-19T15:51:02.336+0000] {logging_mixin.py:190} INFO - [2025-05-19T15:51:02.336+0000] {dag.py:4180} INFO - Setting next_dagrun for tutorial to 2025-05-18 00:00:00+00:00, run_after=2025-05-19 00:00:00+00:00
[2025-05-19T15:51:02.345+0000] {processor.py:208} INFO - Processing /home/airflow/.local/lib/python3.12/site-packages/airflow/example_dags/tutorial.py took 0.042 seconds
[2025-05-19T15:51:32.862+0000] {processor.py:186} INFO - Started process (PID=459) to work on /home/airflow/.local/lib/python3.12/site-packages/airflow/example_dags/tutorial.py
[2025-05-19T15:51:32.862+0000] {processor.py:914} INFO - Processing file /home/airflow/.local/lib/python3.12/site-packages/airflow/example_dags/tutorial.py for tasks to queue
[2025-05-19T15:51:32.863+0000] {logging_mixin.py:190} INFO - [2025-05-19T15:51:32.863+0000] {dagbag.py:588} INFO - Filling up the DagBag from /home/airflow/.local/lib/python3.12/site-packages/airflow/example_dags/tutorial.py
[2025-05-19T15:51:32.868+0000] {processor.py:925} INFO - DAG(s) 'tutorial' retrieved from /home/airflow/.local/lib/python3.12/site-packages/airflow/example_dags/tutorial.py
[2025-05-19T15:51:32.878+0000] {logging_mixin.py:190} INFO - [2025-05-19T15:51:32.878+0000] {dag.py:3239} INFO - Sync 1 DAGs
[2025-05-19T15:51:32.889+0000] {logging_mixin.py:190} INFO - [2025-05-19T15:51:32.889+0000] {dag.py:4180} INFO - Setting next_dagrun for tutorial to 2025-05-18 00:00:00+00:00, run_after=2025-05-19 00:00:00+00:00
[2025-05-19T15:51:32.897+0000] {processor.py:208} INFO - Processing /home/airflow/.local/lib/python3.12/site-packages/airflow/example_dags/tutorial.py took 0.039 seconds
[2025-05-19T15:52:03.653+0000] {processor.py:186} INFO - Started process (PID=516) to work on /home/airflow/.local/lib/python3.12/site-packages/airflow/example_dags/tutorial.py
[2025-05-19T15:52:03.654+0000] {processor.py:914} INFO - Processing file /home/airflow/.local/lib/python3.12/site-packages/airflow/example_dags/tutorial.py for tasks to queue
[2025-05-19T15:52:03.655+0000] {logging_mixin.py:190} INFO - [2025-05-19T15:52:03.655+0000] {dagbag.py:588} INFO - Filling up the DagBag from /home/airflow/.local/lib/python3.12/site-packages/airflow/example_dags/tutorial.py
[2025-05-19T15:52:03.660+0000] {processor.py:925} INFO - DAG(s) 'tutorial' retrieved from /home/airflow/.local/lib/python3.12/site-packages/airflow/example_dags/tutorial.py
[2025-05-19T15:52:03.674+0000] {logging_mixin.py:190} INFO - [2025-05-19T15:52:03.674+0000] {dag.py:3239} INFO - Sync 1 DAGs
[2025-05-19T15:52:03.685+0000] {logging_mixin.py:190} INFO - [2025-05-19T15:52:03.685+0000] {dag.py:4180} INFO - Setting next_dagrun for tutorial to 2025-05-18 00:00:00+00:00, run_after=2025-05-19 00:00:00+00:00
[2025-05-19T15:52:03.695+0000] {processor.py:208} INFO - Processing /home/airflow/.local/lib/python3.12/site-packages/airflow/example_dags/tutorial.py took 0.046 seconds
[2025-05-19T15:52:34.689+0000] {processor.py:186} INFO - Started process (PID=573) to work on /home/airflow/.local/lib/python3.12/site-packages/airflow/example_dags/tutorial.py
[2025-05-19T15:52:34.690+0000] {processor.py:914} INFO - Processing file /home/airflow/.local/lib/python3.12/site-packages/airflow/example_dags/tutorial.py for tasks to queue
[2025-05-19T15:52:34.709+0000] {logging_mixin.py:190} INFO - [2025-05-19T15:52:34.708+0000] {dagbag.py:588} INFO - Filling up the DagBag from /home/airflow/.local/lib/python3.12/site-packages/airflow/example_dags/tutorial.py
[2025-05-19T15:52:34.724+0000] {processor.py:925} INFO - DAG(s) 'tutorial' retrieved from /home/airflow/.local/lib/python3.12/site-packages/airflow/example_dags/tutorial.py
[2025-05-19T15:52:34.739+0000] {logging_mixin.py:190} INFO - [2025-05-19T15:52:34.739+0000] {dag.py:3239} INFO - Sync 1 DAGs
[2025-05-19T15:52:34.753+0000] {logging_mixin.py:190} INFO - [2025-05-19T15:52:34.752+0000] {dag.py:4180} INFO - Setting next_dagrun for tutorial to 2025-05-18 00:00:00+00:00, run_after=2025-05-19 00:00:00+00:00
[2025-05-19T15:52:34.763+0000] {processor.py:208} INFO - Processing /home/airflow/.local/lib/python3.12/site-packages/airflow/example_dags/tutorial.py took 0.078 seconds
[2025-05-19T15:53:04.961+0000] {processor.py:186} INFO - Started process (PID=629) to work on /home/airflow/.local/lib/python3.12/site-packages/airflow/example_dags/tutorial.py
[2025-05-19T15:53:04.961+0000] {processor.py:914} INFO - Processing file /home/airflow/.local/lib/python3.12/site-packages/airflow/example_dags/tutorial.py for tasks to queue
[2025-05-19T15:53:04.963+0000] {logging_mixin.py:190} INFO - [2025-05-19T15:53:04.963+0000] {dagbag.py:588} INFO - Filling up the DagBag from /home/airflow/.local/lib/python3.12/site-packages/airflow/example_dags/tutorial.py
[2025-05-19T15:53:04.968+0000] {processor.py:925} INFO - DAG(s) 'tutorial' retrieved from /home/airflow/.local/lib/python3.12/site-packages/airflow/example_dags/tutorial.py
[2025-05-19T15:53:04.979+0000] {logging_mixin.py:190} INFO - [2025-05-19T15:53:04.979+0000] {dag.py:3239} INFO - Sync 1 DAGs
[2025-05-19T15:53:04.994+0000] {logging_mixin.py:190} INFO - [2025-05-19T15:53:04.994+0000] {dag.py:4180} INFO - Setting next_dagrun for tutorial to 2025-05-18 00:00:00+00:00, run_after=2025-05-19 00:00:00+00:00
[2025-05-19T15:53:05.004+0000] {processor.py:208} INFO - Processing /home/airflow/.local/lib/python3.12/site-packages/airflow/example_dags/tutorial.py took 0.047 seconds
[2025-05-19T15:53:35.943+0000] {processor.py:186} INFO - Started process (PID=687) to work on /home/airflow/.local/lib/python3.12/site-packages/airflow/example_dags/tutorial.py
[2025-05-19T15:53:35.943+0000] {processor.py:914} INFO - Processing file /home/airflow/.local/lib/python3.12/site-packages/airflow/example_dags/tutorial.py for tasks to queue
[2025-05-19T15:53:35.944+0000] {logging_mixin.py:190} INFO - [2025-05-19T15:53:35.944+0000] {dagbag.py:588} INFO - Filling up the DagBag from /home/airflow/.local/lib/python3.12/site-packages/airflow/example_dags/tutorial.py
[2025-05-19T15:53:35.949+0000] {processor.py:925} INFO - DAG(s) 'tutorial' retrieved from /home/airflow/.local/lib/python3.12/site-packages/airflow/example_dags/tutorial.py
[2025-05-19T15:53:35.960+0000] {logging_mixin.py:190} INFO - [2025-05-19T15:53:35.960+0000] {dag.py:3239} INFO - Sync 1 DAGs
[2025-05-19T15:53:35.971+0000] {logging_mixin.py:190} INFO - [2025-05-19T15:53:35.971+0000] {dag.py:4180} INFO - Setting next_dagrun for tutorial to 2025-05-18 00:00:00+00:00, run_after=2025-05-19 00:00:00+00:00
[2025-05-19T15:53:35.980+0000] {processor.py:208} INFO - Processing /home/airflow/.local/lib/python3.12/site-packages/airflow/example_dags/tutorial.py took 0.040 seconds
[2025-05-19T15:54:07.241+0000] {processor.py:186} INFO - Started process (PID=744) to work on /home/airflow/.local/lib/python3.12/site-packages/airflow/example_dags/tutorial.py
[2025-05-19T15:54:07.241+0000] {processor.py:914} INFO - Processing file /home/airflow/.local/lib/python3.12/site-packages/airflow/example_dags/tutorial.py for tasks to queue
[2025-05-19T15:54:07.243+0000] {logging_mixin.py:190} INFO - [2025-05-19T15:54:07.243+0000] {dagbag.py:588} INFO - Filling up the DagBag from /home/airflow/.local/lib/python3.12/site-packages/airflow/example_dags/tutorial.py
[2025-05-19T15:54:07.248+0000] {processor.py:925} INFO - DAG(s) 'tutorial' retrieved from /home/airflow/.local/lib/python3.12/site-packages/airflow/example_dags/tutorial.py
[2025-05-19T15:54:07.258+0000] {logging_mixin.py:190} INFO - [2025-05-19T15:54:07.258+0000] {dag.py:3239} INFO - Sync 1 DAGs
[2025-05-19T15:54:07.268+0000] {logging_mixin.py:190} INFO - [2025-05-19T15:54:07.268+0000] {dag.py:4180} INFO - Setting next_dagrun for tutorial to 2025-05-18 00:00:00+00:00, run_after=2025-05-19 00:00:00+00:00
[2025-05-19T15:54:07.277+0000] {processor.py:208} INFO - Processing /home/airflow/.local/lib/python3.12/site-packages/airflow/example_dags/tutorial.py took 0.039 seconds
[2025-05-19T15:54:38.448+0000] {processor.py:186} INFO - Started process (PID=801) to work on /home/airflow/.local/lib/python3.12/site-packages/airflow/example_dags/tutorial.py
[2025-05-19T15:54:38.449+0000] {processor.py:914} INFO - Processing file /home/airflow/.local/lib/python3.12/site-packages/airflow/example_dags/tutorial.py for tasks to queue
[2025-05-19T15:54:38.451+0000] {logging_mixin.py:190} INFO - [2025-05-19T15:54:38.451+0000] {dagbag.py:588} INFO - Filling up the DagBag from /home/airflow/.local/lib/python3.12/site-packages/airflow/example_dags/tutorial.py
[2025-05-19T15:54:38.456+0000] {processor.py:925} INFO - DAG(s) 'tutorial' retrieved from /home/airflow/.local/lib/python3.12/site-packages/airflow/example_dags/tutorial.py
[2025-05-19T15:54:38.467+0000] {logging_mixin.py:190} INFO - [2025-05-19T15:54:38.467+0000] {dag.py:3239} INFO - Sync 1 DAGs
[2025-05-19T15:54:38.479+0000] {logging_mixin.py:190} INFO - [2025-05-19T15:54:38.479+0000] {dag.py:4180} INFO - Setting next_dagrun for tutorial to 2025-05-18 00:00:00+00:00, run_after=2025-05-19 00:00:00+00:00
[2025-05-19T15:54:38.490+0000] {processor.py:208} INFO - Processing /home/airflow/.local/lib/python3.12/site-packages/airflow/example_dags/tutorial.py took 0.045 seconds
[2025-05-19T15:55:09.847+0000] {processor.py:186} INFO - Started process (PID=858) to work on /home/airflow/.local/lib/python3.12/site-packages/airflow/example_dags/tutorial.py
[2025-05-19T15:55:09.847+0000] {processor.py:914} INFO - Processing file /home/airflow/.local/lib/python3.12/site-packages/airflow/example_dags/tutorial.py for tasks to queue
[2025-05-19T15:55:09.848+0000] {logging_mixin.py:190} INFO - [2025-05-19T15:55:09.848+0000] {dagbag.py:588} INFO - Filling up the DagBag from /home/airflow/.local/lib/python3.12/site-packages/airflow/example_dags/tutorial.py
[2025-05-19T15:55:09.853+0000] {processor.py:925} INFO - DAG(s) 'tutorial' retrieved from /home/airflow/.local/lib/python3.12/site-packages/airflow/example_dags/tutorial.py
[2025-05-19T15:55:09.863+0000] {logging_mixin.py:190} INFO - [2025-05-19T15:55:09.863+0000] {dag.py:3239} INFO - Sync 1 DAGs
[2025-05-19T15:55:09.874+0000] {logging_mixin.py:190} INFO - [2025-05-19T15:55:09.874+0000] {dag.py:4180} INFO - Setting next_dagrun for tutorial to 2025-05-18 00:00:00+00:00, run_after=2025-05-19 00:00:00+00:00
[2025-05-19T15:55:09.884+0000] {processor.py:208} INFO - Processing /home/airflow/.local/lib/python3.12/site-packages/airflow/example_dags/tutorial.py took 0.040 seconds
[2025-05-19T15:55:40.745+0000] {processor.py:186} INFO - Started process (PID=915) to work on /home/airflow/.local/lib/python3.12/site-packages/airflow/example_dags/tutorial.py
[2025-05-19T15:55:40.746+0000] {processor.py:914} INFO - Processing file /home/airflow/.local/lib/python3.12/site-packages/airflow/example_dags/tutorial.py for tasks to queue
[2025-05-19T15:55:40.748+0000] {logging_mixin.py:190} INFO - [2025-05-19T15:55:40.748+0000] {dagbag.py:588} INFO - Filling up the DagBag from /home/airflow/.local/lib/python3.12/site-packages/airflow/example_dags/tutorial.py
[2025-05-19T15:55:40.753+0000] {processor.py:925} INFO - DAG(s) 'tutorial' retrieved from /home/airflow/.local/lib/python3.12/site-packages/airflow/example_dags/tutorial.py
[2025-05-19T15:55:40.764+0000] {logging_mixin.py:190} INFO - [2025-05-19T15:55:40.763+0000] {dag.py:3239} INFO - Sync 1 DAGs
[2025-05-19T15:55:40.775+0000] {logging_mixin.py:190} INFO - [2025-05-19T15:55:40.775+0000] {dag.py:4180} INFO - Setting next_dagrun for tutorial to 2025-05-18 00:00:00+00:00, run_after=2025-05-19 00:00:00+00:00
[2025-05-19T15:55:40.783+0000] {processor.py:208} INFO - Processing /home/airflow/.local/lib/python3.12/site-packages/airflow/example_dags/tutorial.py took 0.041 seconds
[2025-05-19T15:56:11.845+0000] {processor.py:186} INFO - Started process (PID=972) to work on /home/airflow/.local/lib/python3.12/site-packages/airflow/example_dags/tutorial.py
[2025-05-19T15:56:11.846+0000] {processor.py:914} INFO - Processing file /home/airflow/.local/lib/python3.12/site-packages/airflow/example_dags/tutorial.py for tasks to queue
[2025-05-19T15:56:11.847+0000] {logging_mixin.py:190} INFO - [2025-05-19T15:56:11.847+0000] {dagbag.py:588} INFO - Filling up the DagBag from /home/airflow/.local/lib/python3.12/site-packages/airflow/example_dags/tutorial.py
[2025-05-19T15:56:11.852+0000] {processor.py:925} INFO - DAG(s) 'tutorial' retrieved from /home/airflow/.local/lib/python3.12/site-packages/airflow/example_dags/tutorial.py
[2025-05-19T15:56:11.862+0000] {logging_mixin.py:190} INFO - [2025-05-19T15:56:11.862+0000] {dag.py:3239} INFO - Sync 1 DAGs
[2025-05-19T15:56:11.874+0000] {logging_mixin.py:190} INFO - [2025-05-19T15:56:11.874+0000] {dag.py:4180} INFO - Setting next_dagrun for tutorial to 2025-05-18 00:00:00+00:00, run_after=2025-05-19 00:00:00+00:00
[2025-05-19T15:56:11.883+0000] {processor.py:208} INFO - Processing /home/airflow/.local/lib/python3.12/site-packages/airflow/example_dags/tutorial.py took 0.041 seconds
[2025-05-19T15:56:42.732+0000] {processor.py:186} INFO - Started process (PID=1029) to work on /home/airflow/.local/lib/python3.12/site-packages/airflow/example_dags/tutorial.py
[2025-05-19T15:56:42.733+0000] {processor.py:914} INFO - Processing file /home/airflow/.local/lib/python3.12/site-packages/airflow/example_dags/tutorial.py for tasks to queue
[2025-05-19T15:56:42.734+0000] {logging_mixin.py:190} INFO - [2025-05-19T15:56:42.734+0000] {dagbag.py:588} INFO - Filling up the DagBag from /home/airflow/.local/lib/python3.12/site-packages/airflow/example_dags/tutorial.py
[2025-05-19T15:56:42.738+0000] {processor.py:925} INFO - DAG(s) 'tutorial' retrieved from /home/airflow/.local/lib/python3.12/site-packages/airflow/example_dags/tutorial.py
[2025-05-19T15:56:42.748+0000] {logging_mixin.py:190} INFO - [2025-05-19T15:56:42.748+0000] {dag.py:3239} INFO - Sync 1 DAGs
[2025-05-19T15:56:42.759+0000] {logging_mixin.py:190} INFO - [2025-05-19T15:56:42.759+0000] {dag.py:4180} INFO - Setting next_dagrun for tutorial to 2025-05-18 00:00:00+00:00, run_after=2025-05-19 00:00:00+00:00
[2025-05-19T15:56:42.767+0000] {processor.py:208} INFO - Processing /home/airflow/.local/lib/python3.12/site-packages/airflow/example_dags/tutorial.py took 0.038 seconds
[2025-05-19T15:57:13.741+0000] {processor.py:186} INFO - Started process (PID=1086) to work on /home/airflow/.local/lib/python3.12/site-packages/airflow/example_dags/tutorial.py
[2025-05-19T15:57:13.741+0000] {processor.py:914} INFO - Processing file /home/airflow/.local/lib/python3.12/site-packages/airflow/example_dags/tutorial.py for tasks to queue
[2025-05-19T15:57:13.743+0000] {logging_mixin.py:190} INFO - [2025-05-19T15:57:13.743+0000] {dagbag.py:588} INFO - Filling up the DagBag from /home/airflow/.local/lib/python3.12/site-packages/airflow/example_dags/tutorial.py
[2025-05-19T15:57:13.747+0000] {processor.py:925} INFO - DAG(s) 'tutorial' retrieved from /home/airflow/.local/lib/python3.12/site-packages/airflow/example_dags/tutorial.py
[2025-05-19T15:57:13.757+0000] {logging_mixin.py:190} INFO - [2025-05-19T15:57:13.757+0000] {dag.py:3239} INFO - Sync 1 DAGs
[2025-05-19T15:57:13.768+0000] {logging_mixin.py:190} INFO - [2025-05-19T15:57:13.768+0000] {dag.py:4180} INFO - Setting next_dagrun for tutorial to 2025-05-18 00:00:00+00:00, run_after=2025-05-19 00:00:00+00:00
[2025-05-19T15:57:13.777+0000] {processor.py:208} INFO - Processing /home/airflow/.local/lib/python3.12/site-packages/airflow/example_dags/tutorial.py took 0.039 seconds
[2025-05-19T15:57:44.672+0000] {processor.py:186} INFO - Started process (PID=1143) to work on /home/airflow/.local/lib/python3.12/site-packages/airflow/example_dags/tutorial.py
[2025-05-19T15:57:44.672+0000] {processor.py:914} INFO - Processing file /home/airflow/.local/lib/python3.12/site-packages/airflow/example_dags/tutorial.py for tasks to queue
[2025-05-19T15:57:44.674+0000] {logging_mixin.py:190} INFO - [2025-05-19T15:57:44.673+0000] {dagbag.py:588} INFO - Filling up the DagBag from /home/airflow/.local/lib/python3.12/site-packages/airflow/example_dags/tutorial.py
[2025-05-19T15:57:44.678+0000] {processor.py:925} INFO - DAG(s) 'tutorial' retrieved from /home/airflow/.local/lib/python3.12/site-packages/airflow/example_dags/tutorial.py
[2025-05-19T15:57:44.689+0000] {logging_mixin.py:190} INFO - [2025-05-19T15:57:44.689+0000] {dag.py:3239} INFO - Sync 1 DAGs
[2025-05-19T15:57:44.700+0000] {logging_mixin.py:190} INFO - [2025-05-19T15:57:44.700+0000] {dag.py:4180} INFO - Setting next_dagrun for tutorial to 2025-05-18 00:00:00+00:00, run_after=2025-05-19 00:00:00+00:00
[2025-05-19T15:57:44.709+0000] {processor.py:208} INFO - Processing /home/airflow/.local/lib/python3.12/site-packages/airflow/example_dags/tutorial.py took 0.040 seconds
[2025-05-19T15:58:15.625+0000] {processor.py:186} INFO - Started process (PID=1200) to work on /home/airflow/.local/lib/python3.12/site-packages/airflow/example_dags/tutorial.py
[2025-05-19T15:58:15.625+0000] {processor.py:914} INFO - Processing file /home/airflow/.local/lib/python3.12/site-packages/airflow/example_dags/tutorial.py for tasks to queue
[2025-05-19T15:58:15.626+0000] {logging_mixin.py:190} INFO - [2025-05-19T15:58:15.626+0000] {dagbag.py:588} INFO - Filling up the DagBag from /home/airflow/.local/lib/python3.12/site-packages/airflow/example_dags/tutorial.py
[2025-05-19T15:58:15.631+0000] {processor.py:925} INFO - DAG(s) 'tutorial' retrieved from /home/airflow/.local/lib/python3.12/site-packages/airflow/example_dags/tutorial.py
[2025-05-19T15:58:15.641+0000] {logging_mixin.py:190} INFO - [2025-05-19T15:58:15.641+0000] {dag.py:3239} INFO - Sync 1 DAGs
[2025-05-19T15:58:15.652+0000] {logging_mixin.py:190} INFO - [2025-05-19T15:58:15.652+0000] {dag.py:4180} INFO - Setting next_dagrun for tutorial to 2025-05-18 00:00:00+00:00, run_after=2025-05-19 00:00:00+00:00
[2025-05-19T15:58:15.664+0000] {processor.py:208} INFO - Processing /home/airflow/.local/lib/python3.12/site-packages/airflow/example_dags/tutorial.py took 0.042 seconds
[2025-05-19T15:58:46.295+0000] {processor.py:186} INFO - Started process (PID=1256) to work on /home/airflow/.local/lib/python3.12/site-packages/airflow/example_dags/tutorial.py
[2025-05-19T15:58:46.296+0000] {processor.py:914} INFO - Processing file /home/airflow/.local/lib/python3.12/site-packages/airflow/example_dags/tutorial.py for tasks to queue
[2025-05-19T15:58:46.298+0000] {logging_mixin.py:190} INFO - [2025-05-19T15:58:46.298+0000] {dagbag.py:588} INFO - Filling up the DagBag from /home/airflow/.local/lib/python3.12/site-packages/airflow/example_dags/tutorial.py
[2025-05-19T15:58:46.303+0000] {processor.py:925} INFO - DAG(s) 'tutorial' retrieved from /home/airflow/.local/lib/python3.12/site-packages/airflow/example_dags/tutorial.py
[2025-05-19T15:58:46.315+0000] {logging_mixin.py:190} INFO - [2025-05-19T15:58:46.315+0000] {dag.py:3239} INFO - Sync 1 DAGs
[2025-05-19T15:58:46.326+0000] {logging_mixin.py:190} INFO - [2025-05-19T15:58:46.326+0000] {dag.py:4180} INFO - Setting next_dagrun for tutorial to 2025-05-18 00:00:00+00:00, run_after=2025-05-19 00:00:00+00:00
[2025-05-19T15:58:46.337+0000] {processor.py:208} INFO - Processing /home/airflow/.local/lib/python3.12/site-packages/airflow/example_dags/tutorial.py took 0.046 seconds
[2025-05-19T15:59:17.303+0000] {processor.py:186} INFO - Started process (PID=1313) to work on /home/airflow/.local/lib/python3.12/site-packages/airflow/example_dags/tutorial.py
[2025-05-19T15:59:17.305+0000] {processor.py:914} INFO - Processing file /home/airflow/.local/lib/python3.12/site-packages/airflow/example_dags/tutorial.py for tasks to queue
[2025-05-19T15:59:17.306+0000] {logging_mixin.py:190} INFO - [2025-05-19T15:59:17.306+0000] {dagbag.py:588} INFO - Filling up the DagBag from /home/airflow/.local/lib/python3.12/site-packages/airflow/example_dags/tutorial.py
[2025-05-19T15:59:17.312+0000] {processor.py:925} INFO - DAG(s) 'tutorial' retrieved from /home/airflow/.local/lib/python3.12/site-packages/airflow/example_dags/tutorial.py
[2025-05-19T15:59:17.324+0000] {logging_mixin.py:190} INFO - [2025-05-19T15:59:17.324+0000] {dag.py:3239} INFO - Sync 1 DAGs
[2025-05-19T15:59:17.336+0000] {logging_mixin.py:190} INFO - [2025-05-19T15:59:17.336+0000] {dag.py:4180} INFO - Setting next_dagrun for tutorial to 2025-05-18 00:00:00+00:00, run_after=2025-05-19 00:00:00+00:00
[2025-05-19T15:59:17.348+0000] {processor.py:208} INFO - Processing /home/airflow/.local/lib/python3.12/site-packages/airflow/example_dags/tutorial.py took 0.049 seconds
[2025-05-19T15:59:48.300+0000] {processor.py:186} INFO - Started process (PID=1370) to work on /home/airflow/.local/lib/python3.12/site-packages/airflow/example_dags/tutorial.py
[2025-05-19T15:59:48.301+0000] {processor.py:914} INFO - Processing file /home/airflow/.local/lib/python3.12/site-packages/airflow/example_dags/tutorial.py for tasks to queue
[2025-05-19T15:59:48.302+0000] {logging_mixin.py:190} INFO - [2025-05-19T15:59:48.302+0000] {dagbag.py:588} INFO - Filling up the DagBag from /home/airflow/.local/lib/python3.12/site-packages/airflow/example_dags/tutorial.py
[2025-05-19T15:59:48.307+0000] {processor.py:925} INFO - DAG(s) 'tutorial' retrieved from /home/airflow/.local/lib/python3.12/site-packages/airflow/example_dags/tutorial.py
[2025-05-19T15:59:48.317+0000] {logging_mixin.py:190} INFO - [2025-05-19T15:59:48.317+0000] {dag.py:3239} INFO - Sync 1 DAGs
[2025-05-19T15:59:48.330+0000] {logging_mixin.py:190} INFO - [2025-05-19T15:59:48.330+0000] {dag.py:4180} INFO - Setting next_dagrun for tutorial to 2025-05-18 00:00:00+00:00, run_after=2025-05-19 00:00:00+00:00
[2025-05-19T15:59:48.340+0000] {processor.py:208} INFO - Processing /home/airflow/.local/lib/python3.12/site-packages/airflow/example_dags/tutorial.py took 0.042 seconds
[2025-05-19T16:00:19.216+0000] {processor.py:186} INFO - Started process (PID=1427) to work on /home/airflow/.local/lib/python3.12/site-packages/airflow/example_dags/tutorial.py
[2025-05-19T16:00:19.217+0000] {processor.py:914} INFO - Processing file /home/airflow/.local/lib/python3.12/site-packages/airflow/example_dags/tutorial.py for tasks to queue
[2025-05-19T16:00:19.220+0000] {logging_mixin.py:190} INFO - [2025-05-19T16:00:19.220+0000] {dagbag.py:588} INFO - Filling up the DagBag from /home/airflow/.local/lib/python3.12/site-packages/airflow/example_dags/tutorial.py
[2025-05-19T16:00:19.229+0000] {processor.py:925} INFO - DAG(s) 'tutorial' retrieved from /home/airflow/.local/lib/python3.12/site-packages/airflow/example_dags/tutorial.py
[2025-05-19T16:00:19.247+0000] {logging_mixin.py:190} INFO - [2025-05-19T16:00:19.247+0000] {dag.py:3239} INFO - Sync 1 DAGs
[2025-05-19T16:00:19.272+0000] {logging_mixin.py:190} INFO - [2025-05-19T16:00:19.272+0000] {dag.py:4180} INFO - Setting next_dagrun for tutorial to 2025-05-18 00:00:00+00:00, run_after=2025-05-19 00:00:00+00:00
[2025-05-19T16:00:19.286+0000] {processor.py:208} INFO - Processing /home/airflow/.local/lib/python3.12/site-packages/airflow/example_dags/tutorial.py took 0.078 seconds
[2025-05-19T16:00:50.350+0000] {processor.py:186} INFO - Started process (PID=1484) to work on /home/airflow/.local/lib/python3.12/site-packages/airflow/example_dags/tutorial.py
[2025-05-19T16:00:50.352+0000] {processor.py:914} INFO - Processing file /home/airflow/.local/lib/python3.12/site-packages/airflow/example_dags/tutorial.py for tasks to queue
[2025-05-19T16:00:50.354+0000] {logging_mixin.py:190} INFO - [2025-05-19T16:00:50.354+0000] {dagbag.py:588} INFO - Filling up the DagBag from /home/airflow/.local/lib/python3.12/site-packages/airflow/example_dags/tutorial.py
[2025-05-19T16:00:50.358+0000] {processor.py:925} INFO - DAG(s) 'tutorial' retrieved from /home/airflow/.local/lib/python3.12/site-packages/airflow/example_dags/tutorial.py
[2025-05-19T16:00:50.369+0000] {logging_mixin.py:190} INFO - [2025-05-19T16:00:50.369+0000] {dag.py:3239} INFO - Sync 1 DAGs
[2025-05-19T16:00:50.380+0000] {logging_mixin.py:190} INFO - [2025-05-19T16:00:50.379+0000] {dag.py:4180} INFO - Setting next_dagrun for tutorial to 2025-05-18 00:00:00+00:00, run_after=2025-05-19 00:00:00+00:00
[2025-05-19T16:00:50.388+0000] {processor.py:208} INFO - Processing /home/airflow/.local/lib/python3.12/site-packages/airflow/example_dags/tutorial.py took 0.043 seconds
[2025-05-19T16:01:21.314+0000] {processor.py:186} INFO - Started process (PID=1541) to work on /home/airflow/.local/lib/python3.12/site-packages/airflow/example_dags/tutorial.py
[2025-05-19T16:01:21.314+0000] {processor.py:914} INFO - Processing file /home/airflow/.local/lib/python3.12/site-packages/airflow/example_dags/tutorial.py for tasks to queue
[2025-05-19T16:01:21.316+0000] {logging_mixin.py:190} INFO - [2025-05-19T16:01:21.315+0000] {dagbag.py:588} INFO - Filling up the DagBag from /home/airflow/.local/lib/python3.12/site-packages/airflow/example_dags/tutorial.py
[2025-05-19T16:01:21.320+0000] {processor.py:925} INFO - DAG(s) 'tutorial' retrieved from /home/airflow/.local/lib/python3.12/site-packages/airflow/example_dags/tutorial.py
[2025-05-19T16:01:21.330+0000] {logging_mixin.py:190} INFO - [2025-05-19T16:01:21.330+0000] {dag.py:3239} INFO - Sync 1 DAGs
[2025-05-19T16:01:21.343+0000] {logging_mixin.py:190} INFO - [2025-05-19T16:01:21.343+0000] {dag.py:4180} INFO - Setting next_dagrun for tutorial to 2025-05-18 00:00:00+00:00, run_after=2025-05-19 00:00:00+00:00
[2025-05-19T16:01:21.353+0000] {processor.py:208} INFO - Processing /home/airflow/.local/lib/python3.12/site-packages/airflow/example_dags/tutorial.py took 0.043 seconds
[2025-05-19T16:01:52.208+0000] {processor.py:186} INFO - Started process (PID=1598) to work on /home/airflow/.local/lib/python3.12/site-packages/airflow/example_dags/tutorial.py
[2025-05-19T16:01:52.208+0000] {processor.py:914} INFO - Processing file /home/airflow/.local/lib/python3.12/site-packages/airflow/example_dags/tutorial.py for tasks to queue
[2025-05-19T16:01:52.209+0000] {logging_mixin.py:190} INFO - [2025-05-19T16:01:52.209+0000] {dagbag.py:588} INFO - Filling up the DagBag from /home/airflow/.local/lib/python3.12/site-packages/airflow/example_dags/tutorial.py
[2025-05-19T16:01:52.214+0000] {processor.py:925} INFO - DAG(s) 'tutorial' retrieved from /home/airflow/.local/lib/python3.12/site-packages/airflow/example_dags/tutorial.py
[2025-05-19T16:01:52.225+0000] {logging_mixin.py:190} INFO - [2025-05-19T16:01:52.225+0000] {dag.py:3239} INFO - Sync 1 DAGs
[2025-05-19T16:01:52.236+0000] {logging_mixin.py:190} INFO - [2025-05-19T16:01:52.236+0000] {dag.py:4180} INFO - Setting next_dagrun for tutorial to 2025-05-18 00:00:00+00:00, run_after=2025-05-19 00:00:00+00:00
[2025-05-19T16:01:52.246+0000] {processor.py:208} INFO - Processing /home/airflow/.local/lib/python3.12/site-packages/airflow/example_dags/tutorial.py took 0.041 seconds
[2025-05-19T16:02:22.942+0000] {processor.py:186} INFO - Started process (PID=1655) to work on /home/airflow/.local/lib/python3.12/site-packages/airflow/example_dags/tutorial.py
[2025-05-19T16:02:22.943+0000] {processor.py:914} INFO - Processing file /home/airflow/.local/lib/python3.12/site-packages/airflow/example_dags/tutorial.py for tasks to queue
[2025-05-19T16:02:22.944+0000] {logging_mixin.py:190} INFO - [2025-05-19T16:02:22.944+0000] {dagbag.py:588} INFO - Filling up the DagBag from /home/airflow/.local/lib/python3.12/site-packages/airflow/example_dags/tutorial.py
[2025-05-19T16:02:22.949+0000] {processor.py:925} INFO - DAG(s) 'tutorial' retrieved from /home/airflow/.local/lib/python3.12/site-packages/airflow/example_dags/tutorial.py
[2025-05-19T16:02:22.960+0000] {logging_mixin.py:190} INFO - [2025-05-19T16:02:22.960+0000] {dag.py:3239} INFO - Sync 1 DAGs
[2025-05-19T16:02:22.973+0000] {logging_mixin.py:190} INFO - [2025-05-19T16:02:22.973+0000] {dag.py:4180} INFO - Setting next_dagrun for tutorial to 2025-05-18 00:00:00+00:00, run_after=2025-05-19 00:00:00+00:00
[2025-05-19T16:02:22.983+0000] {processor.py:208} INFO - Processing /home/airflow/.local/lib/python3.12/site-packages/airflow/example_dags/tutorial.py took 0.044 seconds
[2025-05-19T16:02:53.959+0000] {processor.py:186} INFO - Started process (PID=1712) to work on /home/airflow/.local/lib/python3.12/site-packages/airflow/example_dags/tutorial.py
[2025-05-19T16:02:53.961+0000] {processor.py:914} INFO - Processing file /home/airflow/.local/lib/python3.12/site-packages/airflow/example_dags/tutorial.py for tasks to queue
[2025-05-19T16:02:53.962+0000] {logging_mixin.py:190} INFO - [2025-05-19T16:02:53.962+0000] {dagbag.py:588} INFO - Filling up the DagBag from /home/airflow/.local/lib/python3.12/site-packages/airflow/example_dags/tutorial.py
[2025-05-19T16:02:53.967+0000] {processor.py:925} INFO - DAG(s) 'tutorial' retrieved from /home/airflow/.local/lib/python3.12/site-packages/airflow/example_dags/tutorial.py
[2025-05-19T16:02:53.978+0000] {logging_mixin.py:190} INFO - [2025-05-19T16:02:53.977+0000] {dag.py:3239} INFO - Sync 1 DAGs
[2025-05-19T16:02:53.991+0000] {logging_mixin.py:190} INFO - [2025-05-19T16:02:53.991+0000] {dag.py:4180} INFO - Setting next_dagrun for tutorial to 2025-05-18 00:00:00+00:00, run_after=2025-05-19 00:00:00+00:00
[2025-05-19T16:02:53.999+0000] {processor.py:208} INFO - Processing /home/airflow/.local/lib/python3.12/site-packages/airflow/example_dags/tutorial.py took 0.043 seconds
[2025-05-19T16:03:24.937+0000] {processor.py:186} INFO - Started process (PID=1769) to work on /home/airflow/.local/lib/python3.12/site-packages/airflow/example_dags/tutorial.py
[2025-05-19T16:03:24.938+0000] {processor.py:914} INFO - Processing file /home/airflow/.local/lib/python3.12/site-packages/airflow/example_dags/tutorial.py for tasks to queue
[2025-05-19T16:03:24.939+0000] {logging_mixin.py:190} INFO - [2025-05-19T16:03:24.939+0000] {dagbag.py:588} INFO - Filling up the DagBag from /home/airflow/.local/lib/python3.12/site-packages/airflow/example_dags/tutorial.py
[2025-05-19T16:03:24.944+0000] {processor.py:925} INFO - DAG(s) 'tutorial' retrieved from /home/airflow/.local/lib/python3.12/site-packages/airflow/example_dags/tutorial.py
[2025-05-19T16:03:24.955+0000] {logging_mixin.py:190} INFO - [2025-05-19T16:03:24.955+0000] {dag.py:3239} INFO - Sync 1 DAGs
[2025-05-19T16:03:24.967+0000] {logging_mixin.py:190} INFO - [2025-05-19T16:03:24.967+0000] {dag.py:4180} INFO - Setting next_dagrun for tutorial to 2025-05-18 00:00:00+00:00, run_after=2025-05-19 00:00:00+00:00
[2025-05-19T16:03:24.978+0000] {processor.py:208} INFO - Processing /home/airflow/.local/lib/python3.12/site-packages/airflow/example_dags/tutorial.py took 0.044 seconds
[2025-05-19T16:03:55.878+0000] {processor.py:186} INFO - Started process (PID=1826) to work on /home/airflow/.local/lib/python3.12/site-packages/airflow/example_dags/tutorial.py
[2025-05-19T16:03:55.880+0000] {processor.py:914} INFO - Processing file /home/airflow/.local/lib/python3.12/site-packages/airflow/example_dags/tutorial.py for tasks to queue
[2025-05-19T16:03:55.881+0000] {logging_mixin.py:190} INFO - [2025-05-19T16:03:55.881+0000] {dagbag.py:588} INFO - Filling up the DagBag from /home/airflow/.local/lib/python3.12/site-packages/airflow/example_dags/tutorial.py
[2025-05-19T16:03:55.888+0000] {processor.py:925} INFO - DAG(s) 'tutorial' retrieved from /home/airflow/.local/lib/python3.12/site-packages/airflow/example_dags/tutorial.py
[2025-05-19T16:03:55.901+0000] {logging_mixin.py:190} INFO - [2025-05-19T16:03:55.901+0000] {dag.py:3239} INFO - Sync 1 DAGs
[2025-05-19T16:03:55.913+0000] {logging_mixin.py:190} INFO - [2025-05-19T16:03:55.913+0000] {dag.py:4180} INFO - Setting next_dagrun for tutorial to 2025-05-18 00:00:00+00:00, run_after=2025-05-19 00:00:00+00:00
[2025-05-19T16:03:55.923+0000] {processor.py:208} INFO - Processing /home/airflow/.local/lib/python3.12/site-packages/airflow/example_dags/tutorial.py took 0.048 seconds
[2025-05-19T16:04:26.575+0000] {processor.py:186} INFO - Started process (PID=1883) to work on /home/airflow/.local/lib/python3.12/site-packages/airflow/example_dags/tutorial.py
[2025-05-19T16:04:26.579+0000] {processor.py:914} INFO - Processing file /home/airflow/.local/lib/python3.12/site-packages/airflow/example_dags/tutorial.py for tasks to queue
[2025-05-19T16:04:26.580+0000] {logging_mixin.py:190} INFO - [2025-05-19T16:04:26.580+0000] {dagbag.py:588} INFO - Filling up the DagBag from /home/airflow/.local/lib/python3.12/site-packages/airflow/example_dags/tutorial.py
[2025-05-19T16:04:26.585+0000] {processor.py:925} INFO - DAG(s) 'tutorial' retrieved from /home/airflow/.local/lib/python3.12/site-packages/airflow/example_dags/tutorial.py
[2025-05-19T16:04:26.597+0000] {logging_mixin.py:190} INFO - [2025-05-19T16:04:26.597+0000] {dag.py:3239} INFO - Sync 1 DAGs
[2025-05-19T16:04:26.609+0000] {logging_mixin.py:190} INFO - [2025-05-19T16:04:26.609+0000] {dag.py:4180} INFO - Setting next_dagrun for tutorial to 2025-05-18 00:00:00+00:00, run_after=2025-05-19 00:00:00+00:00
[2025-05-19T16:04:26.618+0000] {processor.py:208} INFO - Processing /home/airflow/.local/lib/python3.12/site-packages/airflow/example_dags/tutorial.py took 0.046 seconds
[2025-05-19T16:04:57.223+0000] {processor.py:186} INFO - Started process (PID=1940) to work on /home/airflow/.local/lib/python3.12/site-packages/airflow/example_dags/tutorial.py
[2025-05-19T16:04:57.223+0000] {processor.py:914} INFO - Processing file /home/airflow/.local/lib/python3.12/site-packages/airflow/example_dags/tutorial.py for tasks to queue
[2025-05-19T16:04:57.225+0000] {logging_mixin.py:190} INFO - [2025-05-19T16:04:57.225+0000] {dagbag.py:588} INFO - Filling up the DagBag from /home/airflow/.local/lib/python3.12/site-packages/airflow/example_dags/tutorial.py
[2025-05-19T16:04:57.229+0000] {processor.py:925} INFO - DAG(s) 'tutorial' retrieved from /home/airflow/.local/lib/python3.12/site-packages/airflow/example_dags/tutorial.py
[2025-05-19T16:04:57.240+0000] {logging_mixin.py:190} INFO - [2025-05-19T16:04:57.240+0000] {dag.py:3239} INFO - Sync 1 DAGs
[2025-05-19T16:04:57.254+0000] {logging_mixin.py:190} INFO - [2025-05-19T16:04:57.253+0000] {dag.py:4180} INFO - Setting next_dagrun for tutorial to 2025-05-18 00:00:00+00:00, run_after=2025-05-19 00:00:00+00:00
[2025-05-19T16:04:57.262+0000] {processor.py:208} INFO - Processing /home/airflow/.local/lib/python3.12/site-packages/airflow/example_dags/tutorial.py took 0.043 seconds
